[COMMENT]
RecordTime=2024/11/7 ¤U¤È 04:18:09
InputDevice=1
InputObject=0
ColumnName=Index,Time,Intensity,TC,Pump,Gas1~4,Pressure,MTC1~5,Power1~5,O2
PumpDownTime=0
[STEP 1]
ACTION=Idle
TEMP=0
TIME=3
GN2=0
PN2=0
AO2=0
BO2=0
NA=0
Pump=0
[STEP 2]
ACTION=Idle
TEMP=0
TIME=3
GN2=40
PN2=0
AO2=0
BO2=0
NA=0
Pump=0
[STEP 3]
ACTION=Idle
TEMP=0
TIME=3
GN2=0
PN2=0
AO2=0
BO2=0
NA=0
Pump=0
[STEP 4]
ACTION=Idle
TEMP=0
TIME=3
GN2=0
PN2=0
AO2=3
BO2=0
NA=0
Pump=0
[STEP 5]
ACTION=Ramp up
TEMP=100
TIME=40
GN2=0
PN2=0
AO2=3
BO2=0
NA=0
Pump=0
[STEP 6]
ACTION=Hold
TEMP=100
TIME=60
GN2=0
PN2=0
AO2=3
BO2=0
NA=0
Pump=0
[STEP 7]
ACTION=Ramp up
TEMP=150
TIME=30
GN2=0
PN2=0
AO2=3
BO2=0
NA=0
Pump=0
[STEP 8]
ACTION=Hold
TEMP=150
TIME=240
GN2=0
PN2=0
AO2=3
BO2=0
NA=0
Pump=0
[STEP 9]
ACTION=Idle
TEMP=0
TIME=10
GN2=1
PN2=0
AO2=0
BO2=0
NA=0
Pump=0
[STEP 10]
ACTION=Idle
TEMP=0
TIME=120
GN2=90
PN2=0
AO2=0
BO2=0
NA=0
Pump=0
[STEP 11]
ACTION=Idle
TEMP=0
TIME=10
GN2=5
PN2=0
AO2=0
BO2=0
NA=0
Pump=0
[STEP 12]
ACTION=Stop
TEMP=0
TIME=0
GN2=0
PN2=0
AO2=0
BO2=0
NA=0
Pump=0
[STEP 13]
ACTION=Stop
TEMP=0
TIME=0
GN2=0
PN2=0
AO2=0
BO2=0
NA=0
Pump=0
[STEP 14]
ACTION=Stop
TEMP=0
TIME=0
GN2=0
PN2=0
AO2=0
BO2=0
NA=0
Pump=0
[STEP 15]
ACTION=Stop
TEMP=0
TIME=0
GN2=0
PN2=0
AO2=0
BO2=0
NA=0
Pump=0
[STEP 16]
ACTION=Stop
TEMP=0
TIME=0
GN2=0
PN2=0
AO2=0
BO2=0
NA=0
Pump=0
[STEP 17]
ACTION=Stop
TEMP=0
TIME=0
GN2=0
PN2=0
AO2=0
BO2=0
NA=0
Pump=0
[STEP 18]
ACTION=Stop
TEMP=0
TIME=0
GN2=0
PN2=0
AO2=0
BO2=0
NA=0
Pump=0
[STEP 19]
ACTION=Stop
TEMP=0
TIME=0
GN2=0
PN2=0
AO2=0
BO2=0
NA=0
Pump=0
[STEP 20]
ACTION=Stop
TEMP=0
TIME=0
GN2=0
PN2=0
AO2=0
BO2=0
NA=0
Pump=0
[STEP 21]
ACTION=Stop
TEMP=0
TIME=0
GN2=0
PN2=0
AO2=0
BO2=0
NA=0
Pump=0
[STEP 22]
ACTION=Stop
TEMP=0
TIME=0
GN2=0
PN2=0
AO2=0
BO2=0
NA=0
Pump=0
[STEP 23]
ACTION=Stop
TEMP=0
TIME=0
GN2=0
PN2=0
AO2=0
BO2=0
NA=0
Pump=0
[STEP 24]
ACTION=Stop
TEMP=0
TIME=0
GN2=0
PN2=0
AO2=0
BO2=0
NA=0
Pump=0
[STEP 25]
ACTION=Stop
TEMP=0
TIME=0
GN2=0
PN2=0
AO2=0
BO2=0
NA=0
Pump=0
[STEP 26]
ACTION=Stop
TEMP=0
TIME=0
GN2=0
PN2=0
AO2=0
BO2=0
NA=0
Pump=0
[STEP 27]
ACTION=Stop
TEMP=0
TIME=0
GN2=0
PN2=0
AO2=0
BO2=0
NA=0
Pump=0
[STEP 28]
ACTION=Stop
TEMP=0
TIME=0
GN2=0
PN2=0
AO2=0
BO2=0
NA=0
Pump=0
[STEP 29]
ACTION=Stop
TEMP=0
TIME=0
GN2=0
PN2=0
AO2=0
BO2=0
NA=0
Pump=0
[STEP 30]
ACTION=Stop
TEMP=0
TIME=0
GN2=0
PN2=0
AO2=0
BO2=0
NA=0
Pump=0
[STEP 31]
ACTION=Stop
TEMP=0
TIME=0
GN2=0
PN2=0
AO2=0
BO2=0
NA=0
Pump=0
[STEP 32]
ACTION=Stop
TEMP=0
TIME=0
GN2=0
PN2=0
AO2=0
BO2=0
NA=0
Pump=0
[STEP 33]
ACTION=Stop
TEMP=0
TIME=0
GN2=0
PN2=0
AO2=0
BO2=0
NA=0
Pump=0
[STEP 34]
ACTION=Stop
TEMP=0
TIME=0
GN2=0
PN2=0
AO2=0
BO2=0
NA=0
Pump=0
[STEP 35]
ACTION=Stop
TEMP=0
TIME=0
GN2=0
PN2=0
AO2=0
BO2=0
NA=0
Pump=0
[STEP 36]
ACTION=Stop
TEMP=0
TIME=0
GN2=0
PN2=0
AO2=0
BO2=0
NA=0
Pump=0
[STEP 37]
ACTION=Stop
TEMP=0
TIME=0
GN2=0
PN2=0
AO2=0
BO2=0
NA=0
Pump=0
[STEP 38]
ACTION=Stop
TEMP=0
TIME=0
GN2=0
PN2=0
AO2=0
BO2=0
NA=0
Pump=0
[STEP 39]
ACTION=Stop
TEMP=0
TIME=0
GN2=0
PN2=0
AO2=0
BO2=0
NA=0
Pump=0
[STEP 40]
ACTION=Stop
TEMP=0
TIME=0
GN2=0
PN2=0
AO2=0
BO2=0
NA=0
Pump=0
[STEP 41]
ACTION=Stop
TEMP=0
TIME=0
GN2=0
PN2=0
AO2=0
BO2=0
NA=0
Pump=0
[STEP 42]
ACTION=Stop
TEMP=0
TIME=0
GN2=0
PN2=0
AO2=0
BO2=0
NA=0
Pump=0
[STEP 43]
ACTION=Stop
TEMP=0
TIME=0
GN2=0
PN2=0
AO2=0
BO2=0
NA=0
Pump=0
[STEP 44]
ACTION=Stop
TEMP=0
TIME=0
GN2=0
PN2=0
AO2=0
BO2=0
NA=0
Pump=0
[STEP 45]
ACTION=Stop
TEMP=0
TIME=0
GN2=0
PN2=0
AO2=0
BO2=0
NA=0
Pump=0
[STEP 46]
ACTION=Stop
TEMP=0
TIME=0
GN2=0
PN2=0
AO2=0
BO2=0
NA=0
Pump=0
[STEP 47]
ACTION=Stop
TEMP=0
TIME=0
GN2=0
PN2=0
AO2=0
BO2=0
NA=0
Pump=0
[STEP 48]
ACTION=Stop
TEMP=0
TIME=0
GN2=0
PN2=0
AO2=0
BO2=0
NA=0
Pump=0
[STEP 49]
ACTION=Stop
TEMP=0
TIME=0
GN2=0
PN2=0
AO2=0
BO2=0
NA=0
Pump=0
[STEP 50]
ACTION=Stop
TEMP=0
TIME=0
GN2=0
PN2=0
AO2=0
BO2=0
NA=0
Pump=0
[COFFICIENT]
IntensityWeightD1=0
IntensityWeightD2=0
IntensityWeightD3=0
IntensityWeightD4=0.2
IntensityWeightD5=0
IntensityWeightS1=0
IntensityWeightS2=0
IntensityWeightS3=0
IntensityWeightS4=0
IntensityWeightS5=0
[CONTROL_LOOP]
Proportional=0.04
Proportional2=0.04
Integrnal=0.001
Integral2=0.00065
Derivational=0
Factor1=0
Factor2=0
InputDevice=1
Overshoot=200
[PROCESS_RECORD]
No=Time,Intensity,TC1,NA,Gas1,Gas2,Gas3,Gas4,Gas5,Pressure,Gas6,TC2,TC3,TC4,TC5,TC6,Power1,Power2,Power3,Power4,Power5,O2-Gauge,TC7,O2,MTC8,MTC9,MTC10,MTC11,MTC12,MTC13,MTC14,MTC15,MTC16,MTC17,MTC18,MTC19,MTC20,MTC21,MTC22,MTC23
0=7473,0,41,0,0,0,0,0,0,763.828,0,41.9,40.9,41.4,42.2,0.1,0,0,0,0,0,0,6.2,0,0,0,0,0,0,0,0,0,0,0,0,0,0,0,0,0,0,0,0,0,0,0,0,0,0,0,0,0
1=8474,0,41.2,0,0,0,0,0,0,763.828,0,42.1,41.1,41.6,42.3,0.1,0,0,0,0,0,0,6.2,0,0,0,0,0,0,0,0,0,0,0,0,0,0,0,0,0,0,0,0,0,0,0,0,0,0,0,0,0
2=11886,0,41.6,0,29.526,0,0,0,0,763.828,0,42.5,41.5,41.9,42.7,0.1,0,0,0,0,0,0,14.6,0,0,0,0,0,0,0,0,0,0,0,0,0,0,0,0,0,0,0,0,0,0,0,0,0,0,0,0,0
3=12895,0,41.7,0,39.971,0,0,0,0,763.828,0,42.6,41.6,42.1,42.9,0.1,0,0,0,0,0,0,15.8,0,0,0,0,0,0,0,0,0,0,0,0,0,0,0,0,0,0,0,0,0,0,0,0,0,0,0,0,0
4=15202,0,42,0,35.975,0,0,0,0,763.828,0,42.9,41.8,42.4,43.1,0.1,0,0,0,0,0,0,10.4,0,0,0,0,0,0,0,0,0,0,0,0,0,0,0,0,0,0,0,0,0,0,0,0,0,0,0,0,0
5=16186,0,42.1,0,0,0,0,0,0,763.828,0,43,42,42.5,43.2,0.1,0,0,0,0,0,0,7.4,0,0,0,0,0,0,0,0,0,0,0,0,0,0,0,0,0,0,0,0,0,0,0,0,0,0,0,0,0
6=19856,0,42.5,0,0,0,0,0,0,763.828,0,43.4,42.4,43.1,43.6,0.1,0,0,0,0,0,0,6.1,0,0,0,0,0,0,0,0,0,0,0,0,0,0,0,0,0,0,0,0,0,0,0,0,0,0,0,0,0
7=20881,0,42.6,0,0,0,0,0,0,763.828,0,43.5,42.5,43.2,43.6,0.1,0,0,0,0,0,0,6.1,0,0,0,0,0,0,0,0,0,0,0,0,0,0,0,0,0,0,0,0,0,0,0,0,0,0,0,0,0
8=20881,0,42.6,0,0,0,0,0,0,763.828,0,43.5,42.5,43.2,43.6,0.1,0,0,0,0,0,0,6.1,0,0,0,0,0,0,0,0,0,0,0,0,0,0,0,0,0,0,0,0,0,0,0,0,0,0,0,0,0
9=23262,0,42.9,0,0,0,0,0,0,763.828,0,43.7,42.8,43.5,43.7,0.1,0,0,0,0,0,0,6.1,0,0,0,0,0,0,0,0,0,0,0,0,0,0,0,0,0,0,0,0,0,0,0,0,0,0,0,0,0
10=23262,0,42.9,0,0,0,0,0,0,763.828,0,43.7,42.8,43.5,43.7,0.1,0,0,0,0,0,0,6.1,0,0,0,0,0,0,0,0,0,0,0,0,0,0,0,0,0,0,0,0,0,0,0,0,0,0,0,0,0
11=23666,0,42.9,0,0,0,0,0,0,763.828,0,43.8,42.8,43.5,43.7,0.1,0,0,0,0,0,0,6.2,0,0,0,0,0,0,0,0,0,0,0,0,0,0,0,0,0,0,0,0,0,0,0,0,0,0,0,0,0
12=23666,0,42.9,0,0,0,0,0,0,763.828,0,43.8,42.8,43.5,43.7,0.1,0,0,0,0,0,0,6.2,0,0,0,0,0,0,0,0,0,0,0,0,0,0,0,0,0,0,0,0,0,0,0,0,0,0,0,0,0
13=24067,0,43,0,0,0,0,0,0,763.828,0,43.8,42.8,43.6,43.7,0.1,0,0,0,0,0,0,6.1,0,0,0,0,0,0,0,0,0,0,0,0,0,0,0,0,0,0,0,0,0,0,0,0,0,0,0,0,0
14=24067,0,43,0,0,0,0,0,0,763.828,0,43.8,42.8,43.6,43.7,0.1,0,0,0,0,0,0,6.1,0,0,0,0,0,0,0,0,0,0,0,0,0,0,0,0,0,0,0,0,0,0,0,0,0,0,0,0,0
15=24483,0,43,0,0,0,0,0,0,763.828,0,43.9,42.9,43.6,43.8,0.1,0,0,0,0,0,0,6.1,0,0,0,0,0,0,0,0,0,0,0,0,0,0,0,0,0,0,0,0,0,0,0,0,0,0,0,0,0
16=24483,0,43,0,0,0,0,0,0,763.828,0,43.9,42.9,43.6,43.8,0.1,0,0,0,0,0,0,6.1,0,0,0,0,0,0,0,0,0,0,0,0,0,0,0,0,0,0,0,0,0,0,0,0,0,0,0,0,0
17=24886,0,43.1,0,0,0,0,0,0,763.828,0,43.9,42.9,43.7,43.8,0.1,0,0,0,0,0,0,6.2,0,0,0,0,0,0,0,0,0,0,0,0,0,0,0,0,0,0,0,0,0,0,0,0,0,0,0,0,0
18=24886,0,43.1,0,0,0,0,0,0,763.828,0,43.9,42.9,43.7,43.8,0.1,0,0,0,0,0,0,6.2,0,0,0,0,0,0,0,0,0,0,0,0,0,0,0,0,0,0,0,0,0,0,0,0,0,0,0,0,0
19=25299,0,43.1,0,0,0,0,0,0,763.828,0,43.9,43,43.7,43.8,0.1,0,0,0,0,0,0,6.1,0,0,0,0,0,0,0,0,0,0,0,0,0,0,0,0,0,0,0,0,0,0,0,0,0,0,0,0,0
20=25299,0,43.1,0,0,0,0,0,0,763.828,0,43.9,43,43.7,43.8,0.1,0,0,0,0,0,0,6.1,0,0,0,0,0,0,0,0,0,0,0,0,0,0,0,0,0,0,0,0,0,0,0,0,0,0,0,0,0
21=25694,0,43.1,0,0,0,0,0,0,763.828,0,44,43,43.7,43.8,0.1,0,0,0,0,0,0,6.2,0,0,0,0,0,0,0,0,0,0,0,0,0,0,0,0,0,0,0,0,0,0,0,0,0,0,0,0,0
22=25694,0,43.1,0,0,0,0,0,0,763.828,0,44,43,43.7,43.8,0.1,0,0,0,0,0,0,6.2,0,0,0,0,0,0,0,0,0,0,0,0,0,0,0,0,0,0,0,0,0,0,0,0,0,0,0,0,0
23=26101,0,43.2,0,0,0,0,0,0,763.828,0,44,43.1,43.8,43.8,0.1,0,0,0,0,0,0,6.1,0,0,0,0,0,0,0,0,0,0,0,0,0,0,0,0,0,0,0,0,0,0,0,0,0,0,0,0,0
24=26101,0,43.2,0,0,0,0,0,0,763.828,0,44,43.1,43.8,43.8,0.1,0,0,0,0,0,0,6.1,0,0,0,0,0,0,0,0,0,0,0,0,0,0,0,0,0,0,0,0,0,0,0,0,0,0,0,0,0
25=26531,0,43.2,0,0,0,0,0,0,763.828,0,44.1,43.1,43.8,43.8,0.1,0,0,0,0,0,0,6.1,0,0,0,0,0,0,0,0,0,0,0,0,0,0,0,0,0,0,0,0,0,0,0,0,0,0,0,0,0
26=26531,0,43.2,0,0,0,0,0,0,763.828,0,44.1,43.1,43.8,43.8,0.1,0,0,0,0,0,0,6.1,0,0,0,0,0,0,0,0,0,0,0,0,0,0,0,0,0,0,0,0,0,0,0,0,0,0,0,0,0
27=26919,0,43.3,0,0,0,0,0,0,763.828,0,44.1,43.1,43.9,43.8,0.1,0,0,0,0,0,0,6.1,0,0,0,0,0,0,0,0,0,0,0,0,0,0,0,0,0,0,0,0,0,0,0,0,0,0,0,0,0
28=26919,0,43.3,0,0,0,0,0,0,763.828,0,44.1,43.1,43.9,43.8,0.1,0,0,0,0,0,0,6.1,0,0,0,0,0,0,0,0,0,0,0,0,0,0,0,0,0,0,0,0,0,0,0,0,0,0,0,0,0
29=27331,0,43.3,0,0,0,0,0,0,763.828,0,44.1,43.2,43.9,43.9,0.1,0,0,0,0,0,0,6.1,0,0,0,0,0,0,0,0,0,0,0,0,0,0,0,0,0,0,0,0,0,0,0,0,0,0,0,0,0
30=27331,0,43.3,0,0,0,0,0,0,763.828,0,44.1,43.2,43.9,43.9,0.1,0,0,0,0,0,0,6.1,0,0,0,0,0,0,0,0,0,0,0,0,0,0,0,0,0,0,0,0,0,0,0,0,0,0,0,0,0
31=27727,0,43.3,0,0,0,0,0,0,763.828,0,44.2,43.2,43.9,43.9,0.1,0,0,0,0,0,0,6.1,0,0,0,0,0,0,0,0,0,0,0,0,0,0,0,0,0,0,0,0,0,0,0,0,0,0,0,0,0
32=27727,0,43.3,0,0,0,0,0,0,763.828,0,44.2,43.2,43.9,43.9,0.1,0,0,0,0,0,0,6.1,0,0,0,0,0,0,0,0,0,0,0,0,0,0,0,0,0,0,0,0,0,0,0,0,0,0,0,0,0
33=28133,0,43.4,0,0,0,0,0,0,763.828,0,44.2,43.2,44,43.9,0.1,0,0,0,0,0,0,6.1,0,0,0,0,0,0,0,0,0,0,0,0,0,0,0,0,0,0,0,0,0,0,0,0,0,0,0,0,0
34=28133,0,43.4,0,0,0,0,0,0,763.828,0,44.2,43.2,44,43.9,0.1,0,0,0,0,0,0,6.1,0,0,0,0,0,0,0,0,0,0,0,0,0,0,0,0,0,0,0,0,0,0,0,0,0,0,0,0,0
35=28536,0,43.4,0,0,0,0,0,0,763.828,0,44.3,43.3,44,43.9,0.1,0,0,0,0,0,0,6.1,0,0,0,0,0,0,0,0,0,0,0,0,0,0,0,0,0,0,0,0,0,0,0,0,0,0,0,0,0
36=28536,0,43.4,0,0,0,0,0,0,763.828,0,44.3,43.3,44,43.9,0.1,0,0,0,0,0,0,6.1,0,0,0,0,0,0,0,0,0,0,0,0,0,0,0,0,0,0,0,0,0,0,0,0,0,0,0,0,0
37=28949,0,43.5,0,0,0,0,0,0,763.828,0,44.3,43.3,44.1,43.9,0.1,0,0,0,0,0,0,6.1,0,0,0,0,0,0,0,0,0,0,0,0,0,0,0,0,0,0,0,0,0,0,0,0,0,0,0,0,0
38=28949,0,43.5,0,0,0,0,0,0,763.828,0,44.3,43.3,44.1,43.9,0.1,0,0,0,0,0,0,6.1,0,0,0,0,0,0,0,0,0,0,0,0,0,0,0,0,0,0,0,0,0,0,0,0,0,0,0,0,0
39=29353,0,43.5,0,0,0,0,0,0,763.828,0,44.3,43.4,44.1,44,0.1,0,0,0,0,0,0,6.1,0,0,0,0,0,0,0,0,0,0,0,0,0,0,0,0,0,0,0,0,0,0,0,0,0,0,0,0,0
40=29353,0,43.5,0,0,0,0,0,0,763.828,0,44.3,43.4,44.1,44,0.1,0,0,0,0,0,0,6.1,0,0,0,0,0,0,0,0,0,0,0,0,0,0,0,0,0,0,0,0,0,0,0,0,0,0,0,0,0
41=29765,0,43.5,0,0,0,0,0,0,763.828,0,44.4,43.4,44.1,44,0.1,0,0,0,0,0,0,6.1,0,0,0,0,0,0,0,0,0,0,0,0,0,0,0,0,0,0,0,0,0,0,0,0,0,0,0,0,0
42=29765,0,43.5,0,0,0,0,0,0,763.828,0,44.4,43.4,44.1,44,0.1,0,0,0,0,0,0,6.1,0,0,0,0,0,0,0,0,0,0,0,0,0,0,0,0,0,0,0,0,0,0,0,0,0,0,0,0,0
43=30168,0,43.6,0,0,0,0,0,0,763.828,0,44.4,43.4,44.2,44,0.1,0,0,0,0,0,0,6.1,0,0,0,0,0,0,0,0,0,0,0,0,0,0,0,0,0,0,0,0,0,0,0,0,0,0,0,0,0
44=30168,0,43.6,0,0,0,0,0,0,763.828,0,44.4,43.4,44.2,44,0.1,0,0,0,0,0,0,6.1,0,0,0,0,0,0,0,0,0,0,0,0,0,0,0,0,0,0,0,0,0,0,0,0,0,0,0,0,0
45=30570,0,43.6,0,0,0,0,0,0,763.828,0,44.5,43.5,44.2,44,0.1,0,0,0,0,0,0,6.1,0,0,0,0,0,0,0,0,0,0,0,0,0,0,0,0,0,0,0,0,0,0,0,0,0,0,0,0,0
46=30570,0,43.6,0,0,0,0,0,0,763.828,0,44.5,43.5,44.2,44,0.1,0,0,0,0,0,0,6.1,0,0,0,0,0,0,0,0,0,0,0,0,0,0,0,0,0,0,0,0,0,0,0,0,0,0,0,0,0
47=30986,0,43.7,0,0,0,0,0,0,763.828,0,44.5,43.5,44.3,44.1,0.1,0,0,0,0,0,0,6.1,0,0,0,0,0,0,0,0,0,0,0,0,0,0,0,0,0,0,0,0,0,0,0,0,0,0,0,0,0
48=30986,0,43.7,0,0,0,0,0,0,763.828,0,44.5,43.5,44.3,44.1,0.1,0,0,0,0,0,0,6.1,0,0,0,0,0,0,0,0,0,0,0,0,0,0,0,0,0,0,0,0,0,0,0,0,0,0,0,0,0
49=31390,0,43.7,0,0,0,0,0,0,763.828,0,44.5,43.6,44.3,44.1,0.1,0,0,0,0,0,0,6.1,0,0,0,0,0,0,0,0,0,0,0,0,0,0,0,0,0,0,0,0,0,0,0,0,0,0,0,0,0
50=31390,0,43.7,0,0,0,0,0,0,763.828,0,44.5,43.6,44.3,44.1,0.1,0,0,0,0,0,0,6.1,0,0,0,0,0,0,0,0,0,0,0,0,0,0,0,0,0,0,0,0,0,0,0,0,0,0,0,0,0
51=31787,0,43.7,0,0,0,0,0,0,763.828,0,44.6,43.6,44.3,44.1,0.1,0,0,0,0,0,0,6.1,0,0,0,0,0,0,0,0,0,0,0,0,0,0,0,0,0,0,0,0,0,0,0,0,0,0,0,0,0
52=31787,0,43.7,0,0,0,0,0,0,763.828,0,44.6,43.6,44.3,44.1,0.1,0,0,0,0,0,0,6.1,0,0,0,0,0,0,0,0,0,0,0,0,0,0,0,0,0,0,0,0,0,0,0,0,0,0,0,0,0
53=32203,0,43.8,0,0,0,0,0,0,763.828,0,44.6,43.6,44.4,44.1,0.1,0,0,0,0,0,0,6.1,0,0,0,0,0,0,0,0,0,0,0,0,0,0,0,0,0,0,0,0,0,0,0,0,0,0,0,0,0
54=32203,0,43.8,0,0,0,0,0,0,763.828,0,44.6,43.6,44.4,44.1,0.1,0,0,0,0,0,0,6.1,0,0,0,0,0,0,0,0,0,0,0,0,0,0,0,0,0,0,0,0,0,0,0,0,0,0,0,0,0
55=32605,0,43.8,0,0,0,0,0,0,763.828,0,44.7,43.7,44.4,44.2,0.1,0,0,0,0,0,0,6.1,0,0,0,0,0,0,0,0,0,0,0,0,0,0,0,0,0,0,0,0,0,0,0,0,0,0,0,0,0
56=32605,0,43.8,0,0,0,0,0,0,763.828,0,44.7,43.7,44.4,44.2,0.1,0,0,0,0,0,0,6.1,0,0,0,0,0,0,0,0,0,0,0,0,0,0,0,0,0,0,0,0,0,0,0,0,0,0,0,0,0
57=33019,0,43.9,0,0,0,0,0,0,763.828,0,44.7,43.7,44.4,44.2,0.1,0,0,0,0,0,0,6.1,0,0,0,0,0,0,0,0,0,0,0,0,0,0,0,0,0,0,0,0,0,0,0,0,0,0,0,0,0
58=33019,0,43.9,0,0,0,0,0,0,763.828,0,44.7,43.7,44.4,44.2,0.1,0,0,0,0,0,0,6.1,0,0,0,0,0,0,0,0,0,0,0,0,0,0,0,0,0,0,0,0,0,0,0,0,0,0,0,0,0
59=33426,0,43.9,0,0,0,0,0,0,763.828,0,44.8,43.8,44.5,44.3,0.1,0,0,0,0,0,0,6.2,0,0,0,0,0,0,0,0,0,0,0,0,0,0,0,0,0,0,0,0,0,0,0,0,0,0,0,0,0
60=33426,0,43.9,0,0,0,0,0,0,763.828,0,44.8,43.8,44.5,44.3,0.1,0,0,0,0,0,0,6.2,0,0,0,0,0,0,0,0,0,0,0,0,0,0,0,0,0,0,0,0,0,0,0,0,0,0,0,0,0
61=33831,0.04,43.9,0,0,0,0,0,0,763.828,0,44.8,43.8,44.5,44.3,0.1,0.04,0,0.07,0,0,0,6.1,0,0,0,0,0,0,0,0,0,0,0,0,0,0,0,0,0,0,0,0,0,0,0,0,0,0,0,0,0
62=33831,0.04,43.9,0,0,0,0,0,0,763.828,0,44.8,43.8,44.5,44.3,0.1,0.04,0,0.07,0,0,0,6.1,0,0,0,0,0,0,0,0,0,0,0,0,0,0,0,0,0,0,0,0,0,0,0,0,0,0,0,0,0
63=34223,0.2,44,0,0,0,0,0,0,763.828,0,44.8,43.8,44.6,44.3,0.1,0.2,0.08,0.23,0.11,0,0,6.1,0,0,0,0,0,0,0,0,0,0,0,0,0,0,0,0,0,0,0,0,0,0,0,0,0,0,0,0,0
64=34223,0.2,44,0,0,0,0,0,0,763.828,0,44.8,43.8,44.6,44.3,0.1,0.2,0.08,0.23,0.11,0,0,6.1,0,0,0,0,0,0,0,0,0,0,0,0,0,0,0,0,0,0,0,0,0,0,0,0,0,0,0,0,0
65=34643,0.38,44,0,0,0,0,0,0,763.828,0,44.9,43.9,44.6,44.4,0.1,0.38,0.25,0.41,0.28,0.01,0,6.1,0,0,0,0,0,0,0,0,0,0,0,0,0,0,0,0,0,0,0,0,0,0,0,0,0,0,0,0,0
66=34643,0.38,44,0,0,0,0,0,0,763.828,0,44.9,43.9,44.6,44.4,0.1,0.38,0.25,0.41,0.28,0.01,0,6.1,0,0,0,0,0,0,0,0,0,0,0,0,0,0,0,0,0,0,0,0,0,0,0,0,0,0,0,0,0
67=35039,0.64,44.1,0,0,0,0,0,0,763.828,0,44.9,43.9,44.6,44.4,0.1,0.64,0.51,0.68,0.54,0.14,0,6.1,0,0,0,0,0,0,0,0,0,0,0,0,0,0,0,0,0,0,0,0,0,0,0,0,0,0,0,0,0
68=35039,0.64,44.1,0,0,0,0,0,0,763.828,0,44.9,43.9,44.6,44.4,0.1,0.64,0.51,0.68,0.54,0.14,0,6.1,0,0,0,0,0,0,0,0,0,0,0,0,0,0,0,0,0,0,0,0,0,0,0,0,0,0,0,0,0
69=35455,0.83,44.1,0,0,0,0,0,0,763.828,0,45,44,44.7,44.5,0.1,0.83,0.69,0.87,0.73,0.24,0,6.2,0,0,0,0,0,0,0,0,0,0,0,0,0,0,0,0,0,0,0,0,0,0,0,0,0,0,0,0,0
70=35455,0.83,44.1,0,0,0,0,0,0,763.828,0,45,44,44.7,44.5,0.1,0.83,0.69,0.87,0.73,0.24,0,6.2,0,0,0,0,0,0,0,0,0,0,0,0,0,0,0,0,0,0,0,0,0,0,0,0,0,0,0,0,0
71=35856,1.03,44.2,0,0,0,0,0,0,763.828,0,45,44,44.7,44.5,0.1,1.03,0.88,1.07,0.93,0.35,0,6.2,0,0,0,0,0,0,0,0,0,0,0,0,0,0,0,0,0,0,0,0,0,0,0,0,0,0,0,0,0
72=35856,1.03,44.2,0,0,0,0,0,0,763.828,0,45,44,44.7,44.5,0.1,1.03,0.88,1.07,0.93,0.35,0,6.2,0,0,0,0,0,0,0,0,0,0,0,0,0,0,0,0,0,0,0,0,0,0,0,0,0,0,0,0,0
73=36269,1.23,44.2,0,0,0,0,0,0,763.828,0,45.1,44.1,44.8,44.5,0.1,1.23,1.08,1.28,1.13,0.45,0,6.1,0,0,0,0,0,0,0,0,0,0,0,0,0,0,0,0,0,0,0,0,0,0,0,0,0,0,0,0,0
74=36269,1.23,44.2,0,0,0,0,0,0,763.828,0,45.1,44.1,44.8,44.5,0.1,1.23,1.08,1.28,1.13,0.45,0,6.1,0,0,0,0,0,0,0,0,0,0,0,0,0,0,0,0,0,0,0,0,0,0,0,0,0,0,0,0,0
75=36673,1.44,44.2,0,0,0,0,0,0,763.828,0,45.1,44.1,44.8,44.6,0.1,1.44,1.28,1.49,1.34,0.57,0,6.1,0,0,0,0,0,0,0,0,0,0,0,0,0,0,0,0,0,0,0,0,0,0,0,0,0,0,0,0,0
76=36673,1.44,44.2,0,0,0,0,0,0,763.828,0,45.1,44.1,44.8,44.6,0.1,1.44,1.28,1.49,1.34,0.57,0,6.1,0,0,0,0,0,0,0,0,0,0,0,0,0,0,0,0,0,0,0,0,0,0,0,0,0,0,0,0,0
77=37073,1.65,44.3,0,0,0,0,0,0,763.828,0,45.1,44.1,44.8,44.6,0.1,1.65,1.49,1.71,1.55,0.68,0,6.1,0,0,0,0,0,0,0,0,0,0,0,0,0,0,0,0,0,0,0,0,0,0,0,0,0,0,0,0,0
78=37073,1.65,44.3,0,0,0,0,0,0,763.828,0,45.1,44.1,44.8,44.6,0.1,1.65,1.49,1.71,1.55,0.68,0,6.1,0,0,0,0,0,0,0,0,0,0,0,0,0,0,0,0,0,0,0,0,0,0,0,0,0,0,0,0,0
79=37475,1.87,44.3,0,0,0,0,0,0,763.828,0,45.2,44.2,44.9,44.7,0.1,1.87,1.71,1.94,1.78,0.79,0,6.1,0,0,0,0,0,0,0,0,0,0,0,0,0,0,0,0,0,0,0,0,0,0,0,0,0,0,0,0,0
80=37475,1.87,44.3,0,0,0,0,0,0,763.828,0,45.2,44.2,44.9,44.7,0.1,1.87,1.71,1.94,1.78,0.79,0,6.1,0,0,0,0,0,0,0,0,0,0,0,0,0,0,0,0,0,0,0,0,0,0,0,0,0,0,0,0,0
81=37897,2.1,44.4,0,0,0,0,0,0,763.828,0,45.2,44.2,44.9,44.7,0.1,2.1,1.94,2.17,2.01,0.91,0,6.1,0,0,0,0,0,0,0,0,0,0,0,0,0,0,0,0,0,0,0,0,0,0,0,0,0,0,0,0,0
82=37897,2.1,44.4,0,0,0,0,0,0,763.828,0,45.2,44.2,44.9,44.7,0.1,2.1,1.94,2.17,2.01,0.91,0,6.1,0,0,0,0,0,0,0,0,0,0,0,0,0,0,0,0,0,0,0,0,0,0,0,0,0,0,0,0,0
83=38293,2.22,44.4,0,0,0,0,0,0,763.828,0,45.2,44.2,44.9,44.8,0.1,2.22,2.05,2.29,2.12,0.96,0,6.1,0,0,0,0,0,0,0,0,0,0,0,0,0,0,0,0,0,0,0,0,0,0,0,0,0,0,0,0,0
84=38293,2.22,44.4,0,0,0,0,0,0,763.828,0,45.2,44.2,44.9,44.8,0.1,2.22,2.05,2.29,2.12,0.96,0,6.1,0,0,0,0,0,0,0,0,0,0,0,0,0,0,0,0,0,0,0,0,0,0,0,0,0,0,0,0,0
85=38703,2.45,44.4,0,0,0,0,0,0,763.828,0,45.3,44.3,45,45,0.1,2.45,2.28,2.52,2.35,1.03,0,6.1,0,0,0,0,0,0,0,0,0,0,0,0,0,0,0,0,0,0,0,0,0,0,0,0,0,0,0,0,0
86=38703,2.45,44.4,0,0,0,0,0,0,763.828,0,45.3,44.3,45,45,0.1,2.45,2.28,2.52,2.35,1.03,0,6.1,0,0,0,0,0,0,0,0,0,0,0,0,0,0,0,0,0,0,0,0,0,0,0,0,0,0,0,0,0
87=39106,2.68,44.5,0,0,0,0,0,0,763.828,0,45.4,44.4,45,45.4,0.1,2.68,2.51,2.75,2.58,1.06,0,6.1,0,0,0,0,0,0,0,0,0,0,0,0,0,0,0,0,0,0,0,0,0,0,0,0,0,0,0,0,0
88=39106,2.68,44.5,0,0,0,0,0,0,763.828,0,45.4,44.4,45,45.4,0.1,2.68,2.51,2.75,2.58,1.06,0,6.1,0,0,0,0,0,0,0,0,0,0,0,0,0,0,0,0,0,0,0,0,0,0,0,0,0,0,0,0,0
89=39505,2.89,44.6,0,0,0,0,0,0,763.828,0,45.4,44.5,45.1,46.1,0.1,2.89,2.73,2.96,2.8,1.02,0,6.1,0,0,0,0,0,0,0,0,0,0,0,0,0,0,0,0,0,0,0,0,0,0,0,0,0,0,0,0,0
90=39505,2.89,44.6,0,0,0,0,0,0,763.828,0,45.4,44.5,45.1,46.1,0.1,2.89,2.73,2.96,2.8,1.02,0,6.1,0,0,0,0,0,0,0,0,0,0,0,0,0,0,0,0,0,0,0,0,0,0,0,0,0,0,0,0,0
91=39922,3.08,44.8,0,0,0,0,0,0,763.828,0,45.6,44.7,45.3,47.3,0.1,3.08,2.94,3.14,3,0.9,0,6.1,0,0,0,0,0,0,0,0,0,0,0,0,0,0,0,0,0,0,0,0,0,0,0,0,0,0,0,0,0
92=39922,3.08,44.8,0,0,0,0,0,0,763.828,0,45.6,44.7,45.3,47.3,0.1,3.08,2.94,3.14,3,0.9,0,6.1,0,0,0,0,0,0,0,0,0,0,0,0,0,0,0,0,0,0,0,0,0,0,0,0,0,0,0,0,0
93=40320,3.24,45,0,0,0,0,0,0,763.828,0,45.8,44.9,45.5,48.9,0.1,3.24,3.12,3.29,3.16,0.7,0,6.1,0,0,0,0,0,0,0,0,0,0,0,0,0,0,0,0,0,0,0,0,0,0,0,0,0,0,0,0,0
94=40320,3.24,45,0,0,0,0,0,0,763.828,0,45.8,44.9,45.5,48.9,0.1,3.24,3.12,3.29,3.16,0.7,0,6.1,0,0,0,0,0,0,0,0,0,0,0,0,0,0,0,0,0,0,0,0,0,0,0,0,0,0,0,0,0
95=40729,3.36,45.4,0,0,0,0,0,0,763.828,0,46,45.3,45.8,51,0.1,3.36,3.26,3.39,3.28,0.41,0,6.2,0,0,0,0,0,0,0,0,0,0,0,0,0,0,0,0,0,0,0,0,0,0,0,0,0,0,0,0,0
96=40729,3.36,45.4,0,0,0,0,0,0,763.828,0,46,45.3,45.8,51,0.1,3.36,3.26,3.39,3.28,0.41,0,6.2,0,0,0,0,0,0,0,0,0,0,0,0,0,0,0,0,0,0,0,0,0,0,0,0,0,0,0,0,0
97=41143,3.43,45.9,0,0,0,0,0,0,763.828,0,46.4,45.9,46.3,53.8,0.1,3.43,3.36,3.44,3.35,0.03,0,6.2,0,0,0,0,0,0,0,0,0,0,0,0,0,0,0,0,0,0,0,0,0,0,0,0,0,0,0,0,0
98=41143,3.43,45.9,0,0,0,0,0,0,763.828,0,46.4,45.9,46.3,53.8,0.1,3.43,3.36,3.44,3.35,0.03,0,6.2,0,0,0,0,0,0,0,0,0,0,0,0,0,0,0,0,0,0,0,0,0,0,0,0,0,0,0,0,0
99=41547,3.43,46.5,0,0,0,0,0,0,763.828,0,47,46.6,47,57.1,0.1,3.43,3.39,3.43,3.36,0,0,6.2,0,0,0,0,0,0,0,0,0,0,0,0,0,0,0,0,0,0,0,0,0,0,0,0,0,0,0,0,0
100=41547,3.43,46.5,0,0,0,0,0,0,763.828,0,47,46.6,47,57.1,0.1,3.43,3.39,3.43,3.36,0,0,6.2,0,0,0,0,0,0,0,0,0,0,0,0,0,0,0,0,0,0,0,0,0,0,0,0,0,0,0,0,0
101=41946,3.37,47.4,0,0,0,0,0,0,763.828,0,47.7,47.5,47.8,60.9,0.1,3.37,3.37,3.34,3.3,0,0,6.2,0,0,0,0,0,0,0,0,0,0,0,0,0,0,0,0,0,0,0,0,0,0,0,0,0,0,0,0,0
102=41946,3.37,47.4,0,0,0,0,0,0,763.828,0,47.7,47.5,47.8,60.9,0.1,3.37,3.37,3.34,3.3,0,0,6.2,0,0,0,0,0,0,0,0,0,0,0,0,0,0,0,0,0,0,0,0,0,0,0,0,0,0,0,0,0
103=42363,3.24,48.5,0,0,0,0,0,0,763.828,0,48.7,48.7,48.9,65.1,0.1,3.24,3.28,3.19,3.17,0,0,6.5,0,0,0,0,0,0,0,0,0,0,0,0,0,0,0,0,0,0,0,0,0,0,0,0,0,0,0,0,0
104=42363,3.24,48.5,0,0,0,0,0,0,763.828,0,48.7,48.7,48.9,65.1,0.1,3.24,3.28,3.19,3.17,0,0,6.5,0,0,0,0,0,0,0,0,0,0,0,0,0,0,0,0,0,0,0,0,0,0,0,0,0,0,0,0,0
105=42763,3.06,49.8,0,0,0,0,0,0,763.828,0,49.9,50.1,50.2,69.5,0.1,3.06,3.11,2.98,2.98,0,0,6.8,0,0,0,0,0,0,0,0,0,0,0,0,0,0,0,0,0,0,0,0,0,0,0,0,0,0,0,0,0
106=42763,3.06,49.8,0,0,0,0,0,0,763.828,0,49.9,50.1,50.2,69.5,0.1,3.06,3.11,2.98,2.98,0,0,6.8,0,0,0,0,0,0,0,0,0,0,0,0,0,0,0,0,0,0,0,0,0,0,0,0,0,0,0,0,0
107=43171,2.81,51.3,0,0,0,0,0,0,763.828,0,51.3,51.7,51.7,74.2,0.1,2.81,2.89,2.72,2.74,0,0,7,0,0,0,0,0,0,0,0,0,0,0,0,0,0,0,0,0,0,0,0,0,0,0,0,0,0,0,0,0
108=43171,2.81,51.3,0,0,0,0,0,0,763.828,0,51.3,51.7,51.7,74.2,0.1,2.81,2.89,2.72,2.74,0,0,7,0,0,0,0,0,0,0,0,0,0,0,0,0,0,0,0,0,0,0,0,0,0,0,0,0,0,0,0,0
109=43567,2.5,53.2,0,0,0,0,0,0,763.828,0,53,53.6,53.6,78.9,0.1,2.5,2.58,2.38,2.42,0,0,7,0,0,0,0,0,0,0,0,0,0,0,0,0,0,0,0,0,0,0,0,0,0,0,0,0,0,0,0,0
110=43567,2.5,53.2,0,0,0,0,0,0,763.828,0,53,53.6,53.6,78.9,0.1,2.5,2.58,2.38,2.42,0,0,7,0,0,0,0,0,0,0,0,0,0,0,0,0,0,0,0,0,0,0,0,0,0,0,0,0,0,0,0,0
111=43984,2.02,56,0,0,0,0,0,0,763.828,0,55.6,56.5,56.3,84.8,0.1,2.02,2.11,1.89,1.94,0,0,7.1,0,0,0,0,0,0,0,0,0,0,0,0,0,0,0,0,0,0,0,0,0,0,0,0,0,0,0,0,0
112=43984,2.02,56,0,0,0,0,0,0,763.828,0,55.6,56.5,56.3,84.8,0.1,2.02,2.11,1.89,1.94,0,0,7.1,0,0,0,0,0,0,0,0,0,0,0,0,0,0,0,0,0,0,0,0,0,0,0,0,0,0,0,0,0
113=44383,1.63,58.2,0,0,0,0,0,0,763.828,0,57.8,58.8,58.5,88.7,0.1,1.63,1.71,1.49,1.55,0,0,7.1,0,0,0,0,0,0,0,0,0,0,0,0,0,0,0,0,0,0,0,0,0,0,0,0,0,0,0,0,0
114=44383,1.63,58.2,0,0,0,0,0,0,763.828,0,57.8,58.8,58.5,88.7,0.1,1.63,1.71,1.49,1.55,0,0,7.1,0,0,0,0,0,0,0,0,0,0,0,0,0,0,0,0,0,0,0,0,0,0,0,0,0,0,0,0,0
115=44800,1.21,60.7,0,0,0,0,0,0,763.828,0,60.3,61.3,61,92.5,0.1,1.21,1.27,1.07,1.13,0,0,7.1,0,0,0,0,0,0,0,0,0,0,0,0,0,0,0,0,0,0,0,0,0,0,0,0,0,0,0,0,0
116=44800,1.21,60.7,0,0,0,0,0,0,763.828,0,60.3,61.3,61,92.5,0.1,1.21,1.27,1.07,1.13,0,0,7.1,0,0,0,0,0,0,0,0,0,0,0,0,0,0,0,0,0,0,0,0,0,0,0,0,0,0,0,0,0
117=45194,0.78,63.3,0,0,0,0,0,0,763.828,0,62.9,63.9,63.6,95.7,0.1,0.78,0.82,0.64,0.71,0,0,7.1,0,0,0,0,0,0,0,0,0,0,0,0,0,0,0,0,0,0,0,0,0,0,0,0,0,0,0,0,0
118=45194,0.78,63.3,0,0,0,0,0,0,763.828,0,62.9,63.9,63.6,95.7,0.1,0.78,0.82,0.64,0.71,0,0,7.1,0,0,0,0,0,0,0,0,0,0,0,0,0,0,0,0,0,0,0,0,0,0,0,0,0,0,0,0,0
119=45613,0.31,66.3,0,0,0,0,0,0,763.828,0,65.8,66.9,66.5,98.7,0.1,0.31,0.31,0.17,0.25,0,0,7.1,0,0,0,0,0,0,0,0,0,0,0,0,0,0,0,0,0,0,0,0,0,0,0,0,0,0,0,0,0
120=45613,0.31,66.3,0,0,0,0,0,0,763.828,0,65.8,66.9,66.5,98.7,0.1,0.31,0.31,0.17,0.25,0,0,7.1,0,0,0,0,0,0,0,0,0,0,0,0,0,0,0,0,0,0,0,0,0,0,0,0,0,0,0,0,0
121=46014,0,69.1,0,0,0,0,0,0,763.828,0,68.7,69.7,69.2,101,0.1,0,0,0,0,0,0,7.1,0,0,0,0,0,0,0,0,0,0,0,0,0,0,0,0,0,0,0,0,0,0,0,0,0,0,0,0,0
122=46014,0,69.1,0,0,0,0,0,0,763.828,0,68.7,69.7,69.2,101,0.1,0,0,0,0,0,0,7.1,0,0,0,0,0,0,0,0,0,0,0,0,0,0,0,0,0,0,0,0,0,0,0,0,0,0,0,0,0
123=46461,0,72,0,0,0,0,0,0,763.828,0,71.6,72.6,72.1,102.9,0.1,0,0,0,0,0,0,7.2,0,0,0,0,0,0,0,0,0,0,0,0,0,0,0,0,0,0,0,0,0,0,0,0,0,0,0,0,0
124=46461,0,72,0,0,0,0,0,0,763.828,0,71.6,72.6,72.1,102.9,0.1,0,0,0,0,0,0,7.2,0,0,0,0,0,0,0,0,0,0,0,0,0,0,0,0,0,0,0,0,0,0,0,0,0,0,0,0,0
125=46843,0,73.9,0,0,0,0,0,0,763.828,0,73.6,74.4,73.9,104,0.1,0,0,0,0,0,0,7.2,0,0,0,0,0,0,0,0,0,0,0,0,0,0,0,0,0,0,0,0,0,0,0,0,0,0,0,0,0
126=46843,0,73.9,0,0,0,0,0,0,763.828,0,73.6,74.4,73.9,104,0.1,0,0,0,0,0,0,7.2,0,0,0,0,0,0,0,0,0,0,0,0,0,0,0,0,0,0,0,0,0,0,0,0,0,0,0,0,0
127=47243,0,77.6,0,0,0,0,0,0,763.828,0,77.4,78.1,77.5,105.8,0.1,0,0,0,0,0,0,7.2,0,0,0,0,0,0,0,0,0,0,0,0,0,0,0,0,0,0,0,0,0,0,0,0,0,0,0,0,0
128=47243,0,77.6,0,0,0,0,0,0,763.828,0,77.4,78.1,77.5,105.8,0.1,0,0,0,0,0,0,7.2,0,0,0,0,0,0,0,0,0,0,0,0,0,0,0,0,0,0,0,0,0,0,0,0,0,0,0,0,0
129=47648,0,80.5,0,0,0,0,0,0,763.828,0,80.3,80.9,80.3,106.9,0.1,0,0,0,0,0,0,7.2,0,0,0,0,0,0,0,0,0,0,0,0,0,0,0,0,0,0,0,0,0,0,0,0,0,0,0,0,0
130=47648,0,80.5,0,0,0,0,0,0,763.828,0,80.3,80.9,80.3,106.9,0.1,0,0,0,0,0,0,7.2,0,0,0,0,0,0,0,0,0,0,0,0,0,0,0,0,0,0,0,0,0,0,0,0,0,0,0,0,0
131=48064,0,83.3,0,0,0,0,0,0,763.828,0,83.3,83.7,83,107.8,0.1,0,0,0,0,0,0,7.2,0,0,0,0,0,0,0,0,0,0,0,0,0,0,0,0,0,0,0,0,0,0,0,0,0,0,0,0,0
132=48064,0,83.3,0,0,0,0,0,0,763.828,0,83.3,83.7,83,107.8,0.1,0,0,0,0,0,0,7.2,0,0,0,0,0,0,0,0,0,0,0,0,0,0,0,0,0,0,0,0,0,0,0,0,0,0,0,0,0
133=48466,0,86,0,0,0,0,0,0,763.828,0,86,86.3,85.5,108.5,0.1,0,0,0,0,0,0,7.2,0,0,0,0,0,0,0,0,0,0,0,0,0,0,0,0,0,0,0,0,0,0,0,0,0,0,0,0,0
134=48466,0,86,0,0,0,0,0,0,763.828,0,86,86.3,85.5,108.5,0.1,0,0,0,0,0,0,7.2,0,0,0,0,0,0,0,0,0,0,0,0,0,0,0,0,0,0,0,0,0,0,0,0,0,0,0,0,0
135=48912,0,88.7,0,0,0,0,0,0,763.828,0,88.8,89,88.1,109.1,0.1,0,0,0,0,0,0,7.1,0,0,0,0,0,0,0,0,0,0,0,0,0,0,0,0,0,0,0,0,0,0,0,0,0,0,0,0,0
136=48912,0,88.7,0,0,0,0,0,0,763.828,0,88.8,89,88.1,109.1,0.1,0,0,0,0,0,0,7.1,0,0,0,0,0,0,0,0,0,0,0,0,0,0,0,0,0,0,0,0,0,0,0,0,0,0,0,0,0
137=49292,0,91.2,0,0,0,0,0,0,763.828,0,91.3,91.4,90.5,109.6,0.1,0,0,0,0,0,0,7.2,0,0,0,0,0,0,0,0,0,0,0,0,0,0,0,0,0,0,0,0,0,0,0,0,0,0,0,0,0
138=49292,0,91.2,0,0,0,0,0,0,763.828,0,91.3,91.4,90.5,109.6,0.1,0,0,0,0,0,0,7.2,0,0,0,0,0,0,0,0,0,0,0,0,0,0,0,0,0,0,0,0,0,0,0,0,0,0,0,0,0
139=49709,0,93.6,0,0,0,0,0,0,763.828,0,93.8,93.8,92.8,110.1,0.1,0,0,0,0,0,0,7.1,0,0,0,0,0,0,0,0,0,0,0,0,0,0,0,0,0,0,0,0,0,0,0,0,0,0,0,0,0
140=49709,0,93.6,0,0,0,0,0,0,763.828,0,93.8,93.8,92.8,110.1,0.1,0,0,0,0,0,0,7.1,0,0,0,0,0,0,0,0,0,0,0,0,0,0,0,0,0,0,0,0,0,0,0,0,0,0,0,0,0
141=50119,0,94.8,0,0,0,0,0,0,763.828,0,94.9,94.9,93.9,110.3,0.1,0,0,0,0,0,0,7.1,0,0,0,0,0,0,0,0,0,0,0,0,0,0,0,0,0,0,0,0,0,0,0,0,0,0,0,0,0
142=50119,0,94.8,0,0,0,0,0,0,763.828,0,94.9,94.9,93.9,110.3,0.1,0,0,0,0,0,0,7.1,0,0,0,0,0,0,0,0,0,0,0,0,0,0,0,0,0,0,0,0,0,0,0,0,0,0,0,0,0
143=50529,0,97.1,0,0,0,0,0,0,763.828,0,97.3,97.2,96.1,110.6,0.1,0,0,0,0,0,0,7.1,0,0,0,0,0,0,0,0,0,0,0,0,0,0,0,0,0,0,0,0,0,0,0,0,0,0,0,0,0
144=50529,0,97.1,0,0,0,0,0,0,763.828,0,97.3,97.2,96.1,110.6,0.1,0,0,0,0,0,0,7.1,0,0,0,0,0,0,0,0,0,0,0,0,0,0,0,0,0,0,0,0,0,0,0,0,0,0,0,0,0
145=50937,0,100.3,0,0,0,0,0,0,763.828,0,100.5,100.3,99.1,110.9,0.1,0,0,0,0,0,0,7.1,0,0,0,0,0,0,0,0,0,0,0,0,0,0,0,0,0,0,0,0,0,0,0,0,0,0,0,0,0
146=50937,0,100.3,0,0,0,0,0,0,763.828,0,100.5,100.3,99.1,110.9,0.1,0,0,0,0,0,0,7.1,0,0,0,0,0,0,0,0,0,0,0,0,0,0,0,0,0,0,0,0,0,0,0,0,0,0,0,0,0
147=51333,0,101.3,0,0,0,0,0,0,763.828,0,101.5,101.3,100,111.2,0.1,0,0,0,0,0,0,7,0,0,0,0,0,0,0,0,0,0,0,0,0,0,0,0,0,0,0,0,0,0,0,0,0,0,0,0,0
148=51333,0,101.3,0,0,0,0,0,0,763.828,0,101.5,101.3,100,111.2,0.1,0,0,0,0,0,0,7,0,0,0,0,0,0,0,0,0,0,0,0,0,0,0,0,0,0,0,0,0,0,0,0,0,0,0,0,0
149=51747,0,103.2,0,0,0,0,0,0,763.828,0,103.4,103.2,101.8,111.4,0.1,0,0,0,0,0,0,6.6,0,0,0,0,0,0,0,0,0,0,0,0,0,0,0,0,0,0,0,0,0,0,0,0,0,0,0,0,0
150=51747,0,103.2,0,0,0,0,0,0,763.828,0,103.4,103.2,101.8,111.4,0.1,0,0,0,0,0,0,6.6,0,0,0,0,0,0,0,0,0,0,0,0,0,0,0,0,0,0,0,0,0,0,0,0,0,0,0,0,0
151=52151,0,105,0,0,0,0,0,0,763.828,0,105.3,105,103.5,111.6,0.1,0,0,0,0,0,0,6.4,0,0,0,0,0,0,0,0,0,0,0,0,0,0,0,0,0,0,0,0,0,0,0,0,0,0,0,0,0
152=52151,0,105,0,0,0,0,0,0,763.828,0,105.3,105,103.5,111.6,0.1,0,0,0,0,0,0,6.4,0,0,0,0,0,0,0,0,0,0,0,0,0,0,0,0,0,0,0,0,0,0,0,0,0,0,0,0,0
153=52552,0,106.7,0,0,0,0,0,0,763.828,0,106.9,106.6,105,111.7,0.1,0,0,0,0,0,0,6.3,0,0,0,0,0,0,0,0,0,0,0,0,0,0,0,0,0,0,0,0,0,0,0,0,0,0,0,0,0
154=52552,0,106.7,0,0,0,0,0,0,763.828,0,106.9,106.6,105,111.7,0.1,0,0,0,0,0,0,6.3,0,0,0,0,0,0,0,0,0,0,0,0,0,0,0,0,0,0,0,0,0,0,0,0,0,0,0,0,0
155=52969,0,108.3,0,0,0,0,0,0,763.828,0,108.5,108.2,106.5,111.9,0.1,0,0,0,0,0,0,6.2,0,0,0,0,0,0,0,0,0,0,0,0,0,0,0,0,0,0,0,0,0,0,0,0,0,0,0,0,0
156=52969,0,108.3,0,0,0,0,0,0,763.828,0,108.5,108.2,106.5,111.9,0.1,0,0,0,0,0,0,6.2,0,0,0,0,0,0,0,0,0,0,0,0,0,0,0,0,0,0,0,0,0,0,0,0,0,0,0,0,0
157=53370,0,109.7,0,0,0,0,0,0,763.828,0,109.9,109.6,107.9,112,0.1,0,0,0,0,0,0,6.2,0,0,0,0,0,0,0,0,0,0,0,0,0,0,0,0,0,0,0,0,0,0,0,0,0,0,0,0,0
158=53370,0,109.7,0,0,0,0,0,0,763.828,0,109.9,109.6,107.9,112,0.1,0,0,0,0,0,0,6.2,0,0,0,0,0,0,0,0,0,0,0,0,0,0,0,0,0,0,0,0,0,0,0,0,0,0,0,0,0
159=53770,0,111.1,0,0,0,0,0,0,763.828,0,111.3,111,109.2,112.1,0.1,0,0,0,0,0,0,6.2,0,0,0,0,0,0,0,0,0,0,0,0,0,0,0,0,0,0,0,0,0,0,0,0,0,0,0,0,0
160=53770,0,111.1,0,0,0,0,0,0,763.828,0,111.3,111,109.2,112.1,0.1,0,0,0,0,0,0,6.2,0,0,0,0,0,0,0,0,0,0,0,0,0,0,0,0,0,0,0,0,0,0,0,0,0,0,0,0,0
161=54179,0,112.4,0,0,0,0,0,0,763.828,0,112.5,112.3,110.3,112.2,0.1,0,0,0,0,0,0,6.2,0,0,0,0,0,0,0,0,0,0,0,0,0,0,0,0,0,0,0,0,0,0,0,0,0,0,0,0,0
162=54179,0,112.4,0,0,0,0,0,0,763.828,0,112.5,112.3,110.3,112.2,0.1,0,0,0,0,0,0,6.2,0,0,0,0,0,0,0,0,0,0,0,0,0,0,0,0,0,0,0,0,0,0,0,0,0,0,0,0,0
163=54596,0,113.6,0,0,0,0,0,0,763.828,0,113.8,113.5,111.5,112.2,0.1,0,0,0,0,0,0,6.1,0,0,0,0,0,0,0,0,0,0,0,0,0,0,0,0,0,0,0,0,0,0,0,0,0,0,0,0,0
164=54596,0,113.6,0,0,0,0,0,0,763.828,0,113.8,113.5,111.5,112.2,0.1,0,0,0,0,0,0,6.1,0,0,0,0,0,0,0,0,0,0,0,0,0,0,0,0,0,0,0,0,0,0,0,0,0,0,0,0,0
165=55002,0,114.7,0,0,0,0,0,0,763.828,0,114.8,114.6,112.5,112.3,0.1,0,0,0,0,0,0,6.1,0,0,0,0,0,0,0,0,0,0,0,0,0,0,0,0,0,0,0,0,0,0,0,0,0,0,0,0,0
166=55002,0,114.7,0,0,0,0,0,0,763.828,0,114.8,114.6,112.5,112.3,0.1,0,0,0,0,0,0,6.1,0,0,0,0,0,0,0,0,0,0,0,0,0,0,0,0,0,0,0,0,0,0,0,0,0,0,0,0,0
167=55400,0,116.2,0,0,0,0,0,0,763.828,0,116.3,116.1,113.9,112.3,0.1,0,0,0,0,0,0,6.1,0,0,0,0,0,0,0,0,0,0,0,0,0,0,0,0,0,0,0,0,0,0,0,0,0,0,0,0,0
168=55400,0,116.2,0,0,0,0,0,0,763.828,0,116.3,116.1,113.9,112.3,0.1,0,0,0,0,0,0,6.1,0,0,0,0,0,0,0,0,0,0,0,0,0,0,0,0,0,0,0,0,0,0,0,0,0,0,0,0,0
169=55816,0,117.1,0,0,0,0,0,0,763.828,0,117.2,117.1,114.8,112.4,0.1,0,0,0,0,0,0,6.1,0,0,0,0,0,0,0,0,0,0,0,0,0,0,0,0,0,0,0,0,0,0,0,0,0,0,0,0,0
170=55816,0,117.1,0,0,0,0,0,0,763.828,0,117.2,117.1,114.8,112.4,0.1,0,0,0,0,0,0,6.1,0,0,0,0,0,0,0,0,0,0,0,0,0,0,0,0,0,0,0,0,0,0,0,0,0,0,0,0,0
171=56207,0,117.6,0,0,0,0,0,0,763.828,0,117.7,117.5,115.2,112.4,0.1,0,0,0,0,0,0,6.1,0,0,0,0,0,0,0,0,0,0,0,0,0,0,0,0,0,0,0,0,0,0,0,0,0,0,0,0,0
172=56207,0,117.6,0,0,0,0,0,0,763.828,0,117.7,117.5,115.2,112.4,0.1,0,0,0,0,0,0,6.1,0,0,0,0,0,0,0,0,0,0,0,0,0,0,0,0,0,0,0,0,0,0,0,0,0,0,0,0,0
173=56617,0,118.6,0,0,0,0,0,0,763.828,0,118.7,118.5,116.1,112.4,0.1,0,0,0,0,0,0,6.1,0,0,0,0,0,0,0,0,0,0,0,0,0,0,0,0,0,0,0,0,0,0,0,0,0,0,0,0,0
174=56617,0,118.6,0,0,0,0,0,0,763.828,0,118.7,118.5,116.1,112.4,0.1,0,0,0,0,0,0,6.1,0,0,0,0,0,0,0,0,0,0,0,0,0,0,0,0,0,0,0,0,0,0,0,0,0,0,0,0,0
175=57033,0,119.3,0,0,0,0,0,0,763.828,0,119.4,119.3,116.8,112.4,0.1,0,0,0,0,0,0,6.1,0,0,0,0,0,0,0,0,0,0,0,0,0,0,0,0,0,0,0,0,0,0,0,0,0,0,0,0,0
176=57033,0,119.3,0,0,0,0,0,0,763.828,0,119.4,119.3,116.8,112.4,0.1,0,0,0,0,0,0,6.1,0,0,0,0,0,0,0,0,0,0,0,0,0,0,0,0,0,0,0,0,0,0,0,0,0,0,0,0,0
177=57431,0,120,0,0,0,0,0,0,763.828,0,120.1,120,117.5,112.4,0.1,0,0,0,0,0,0,6.1,0,0,0,0,0,0,0,0,0,0,0,0,0,0,0,0,0,0,0,0,0,0,0,0,0,0,0,0,0
178=57431,0,120,0,0,0,0,0,0,763.828,0,120.1,120,117.5,112.4,0.1,0,0,0,0,0,0,6.1,0,0,0,0,0,0,0,0,0,0,0,0,0,0,0,0,0,0,0,0,0,0,0,0,0,0,0,0,0
179=57834,0,120.6,0,0,0,0,0,0,763.828,0,120.7,120.6,118.1,112.4,0.1,0,0,0,0,0,0,6.1,0,0,0,0,0,0,0,0,0,0,0,0,0,0,0,0,0,0,0,0,0,0,0,0,0,0,0,0,0
180=57834,0,120.6,0,0,0,0,0,0,763.828,0,120.7,120.6,118.1,112.4,0.1,0,0,0,0,0,0,6.1,0,0,0,0,0,0,0,0,0,0,0,0,0,0,0,0,0,0,0,0,0,0,0,0,0,0,0,0,0
181=58249,0,121.2,0,0,0,0,0,0,763.828,0,121.2,121.2,118.6,112.4,0.1,0,0,0,0,0,0,6.1,0,0,0,0,0,0,0,0,0,0,0,0,0,0,0,0,0,0,0,0,0,0,0,0,0,0,0,0,0
182=58249,0,121.2,0,0,0,0,0,0,763.828,0,121.2,121.2,118.6,112.4,0.1,0,0,0,0,0,0,6.1,0,0,0,0,0,0,0,0,0,0,0,0,0,0,0,0,0,0,0,0,0,0,0,0,0,0,0,0,0
183=58650,0,121.6,0,0,0,0,0,0,763.828,0,121.7,121.7,119.1,112.4,0.1,0,0,0,0,0,0,6.1,0,0,0,0,0,0,0,0,0,0,0,0,0,0,0,0,0,0,0,0,0,0,0,0,0,0,0,0,0
184=58650,0,121.6,0,0,0,0,0,0,763.828,0,121.7,121.7,119.1,112.4,0.1,0,0,0,0,0,0,6.1,0,0,0,0,0,0,0,0,0,0,0,0,0,0,0,0,0,0,0,0,0,0,0,0,0,0,0,0,0
185=59052,0,122.1,0,0,0,0,0,0,763.828,0,122.1,122.2,119.5,112.3,0.1,0,0,0,0,0,0,6.1,0,0,0,0,0,0,0,0,0,0,0,0,0,0,0,0,0,0,0,0,0,0,0,0,0,0,0,0,0
186=59052,0,122.1,0,0,0,0,0,0,763.828,0,122.1,122.2,119.5,112.3,0.1,0,0,0,0,0,0,6.1,0,0,0,0,0,0,0,0,0,0,0,0,0,0,0,0,0,0,0,0,0,0,0,0,0,0,0,0,0
187=59471,0,122.5,0,0,0,0,0,0,763.828,0,122.5,122.6,119.9,112.3,0.1,0,0,0,0,0,0,6.1,0,0,0,0,0,0,0,0,0,0,0,0,0,0,0,0,0,0,0,0,0,0,0,0,0,0,0,0,0
188=59471,0,122.5,0,0,0,0,0,0,763.828,0,122.5,122.6,119.9,112.3,0.1,0,0,0,0,0,0,6.1,0,0,0,0,0,0,0,0,0,0,0,0,0,0,0,0,0,0,0,0,0,0,0,0,0,0,0,0,0
189=59870,0,122.8,0,0,0,0,0,0,763.828,0,122.9,123,120.2,112.3,0.1,0,0,0,0,0,0,6.1,0,0,0,0,0,0,0,0,0,0,0,0,0,0,0,0,0,0,0,0,0,0,0,0,0,0,0,0,0
190=59870,0,122.8,0,0,0,0,0,0,763.828,0,122.9,123,120.2,112.3,0.1,0,0,0,0,0,0,6.1,0,0,0,0,0,0,0,0,0,0,0,0,0,0,0,0,0,0,0,0,0,0,0,0,0,0,0,0,0
191=60272,0,123.1,0,0,0,0,0,0,763.828,0,123.2,123.3,120.5,112.2,0.1,0,0,0,0,0,0,6.1,0,0,0,0,0,0,0,0,0,0,0,0,0,0,0,0,0,0,0,0,0,0,0,0,0,0,0,0,0
192=60272,0,123.1,0,0,0,0,0,0,763.828,0,123.2,123.3,120.5,112.2,0.1,0,0,0,0,0,0,6.1,0,0,0,0,0,0,0,0,0,0,0,0,0,0,0,0,0,0,0,0,0,0,0,0,0,0,0,0,0
193=60677,0,123.4,0,0,0,0,0,0,763.828,0,123.5,123.6,120.9,112.2,0.1,0,0,0,0,0,0,6.1,0,0,0,0,0,0,0,0,0,0,0,0,0,0,0,0,0,0,0,0,0,0,0,0,0,0,0,0,0
194=60677,0,123.4,0,0,0,0,0,0,763.828,0,123.5,123.6,120.9,112.2,0.1,0,0,0,0,0,0,6.1,0,0,0,0,0,0,0,0,0,0,0,0,0,0,0,0,0,0,0,0,0,0,0,0,0,0,0,0,0
195=61086,0,123.6,0,0,0,0,0,0,763.828,0,123.7,123.9,121.1,112.1,0.1,0,0,0,0,0,0,6.1,0,0,0,0,0,0,0,0,0,0,0,0,0,0,0,0,0,0,0,0,0,0,0,0,0,0,0,0,0
196=61086,0,123.6,0,0,0,0,0,0,763.828,0,123.7,123.9,121.1,112.1,0.1,0,0,0,0,0,0,6.1,0,0,0,0,0,0,0,0,0,0,0,0,0,0,0,0,0,0,0,0,0,0,0,0,0,0,0,0,0
197=61488,0,123.8,0,0,0,0,0,0,763.828,0,124,124.1,121.3,112.1,0.1,0,0,0,0,0,0,6.1,0,0,0,0,0,0,0,0,0,0,0,0,0,0,0,0,0,0,0,0,0,0,0,0,0,0,0,0,0
198=61488,0,123.8,0,0,0,0,0,0,763.828,0,124,124.1,121.3,112.1,0.1,0,0,0,0,0,0,6.1,0,0,0,0,0,0,0,0,0,0,0,0,0,0,0,0,0,0,0,0,0,0,0,0,0,0,0,0,0
199=61910,0,124,0,0,0,0,0,0,763.828,0,124.2,124.4,121.5,112,0.1,0,0,0,0,0,0,6.1,0,0,0,0,0,0,0,0,0,0,0,0,0,0,0,0,0,0,0,0,0,0,0,0,0,0,0,0,0
200=61910,0,124,0,0,0,0,0,0,763.828,0,124.2,124.4,121.5,112,0.1,0,0,0,0,0,0,6.1,0,0,0,0,0,0,0,0,0,0,0,0,0,0,0,0,0,0,0,0,0,0,0,0,0,0,0,0,0
201=62306,0,124.1,0,0,0,0,0,0,763.828,0,124.2,124.5,121.6,112,0.1,0,0,0,0,0,0,6.1,0,0,0,0,0,0,0,0,0,0,0,0,0,0,0,0,0,0,0,0,0,0,0,0,0,0,0,0,0
202=62306,0,124.1,0,0,0,0,0,0,763.828,0,124.2,124.5,121.6,112,0.1,0,0,0,0,0,0,6.1,0,0,0,0,0,0,0,0,0,0,0,0,0,0,0,0,0,0,0,0,0,0,0,0,0,0,0,0,0
203=62709,0,124.3,0,0,0,0,0,0,763.828,0,124.4,124.7,121.8,111.9,0.1,0,0,0,0,0,0,6.1,0,0,0,0,0,0,0,0,0,0,0,0,0,0,0,0,0,0,0,0,0,0,0,0,0,0,0,0,0
204=62709,0,124.3,0,0,0,0,0,0,763.828,0,124.4,124.7,121.8,111.9,0.1,0,0,0,0,0,0,6.1,0,0,0,0,0,0,0,0,0,0,0,0,0,0,0,0,0,0,0,0,0,0,0,0,0,0,0,0,0
205=64032,0,124.5,0,0,0,0,0,0,763.828,0,124.7,125,122.1,111.8,0.1,0,0,0,0,0,0,6.1,0,0,0,0,0,0,0,0,0,0,0,0,0,0,0,0,0,0,0,0,0,0,0,0,0,0,0,0,0
206=64032,0,124.5,0,0,0,0,0,0,763.828,0,124.7,125,122.1,111.8,0.1,0,0,0,0,0,0,6.1,0,0,0,0,0,0,0,0,0,0,0,0,0,0,0,0,0,0,0,0,0,0,0,0,0,0,0,0,0
207=64460,0,124.5,0,0,0,0,0,0,763.828,0,124.8,125.1,122.2,111.7,0.1,0,0,0,0,0,0,6.1,0,0,0,0,0,0,0,0,0,0,0,0,0,0,0,0,0,0,0,0,0,0,0,0,0,0,0,0,0
208=64460,0,124.5,0,0,0,0,0,0,763.828,0,124.8,125.1,122.2,111.7,0.1,0,0,0,0,0,0,6.1,0,0,0,0,0,0,0,0,0,0,0,0,0,0,0,0,0,0,0,0,0,0,0,0,0,0,0,0,0
209=64792,0,124.5,0,0,0,0,0,0,763.828,0,124.8,125.1,122.3,111.6,0.1,0,0,0,0,0,0,6.1,0,0,0,0,0,0,0,0,0,0,0,0,0,0,0,0,0,0,0,0,0,0,0,0,0,0,0,0,0
210=64792,0,124.5,0,0,0,0,0,0,763.828,0,124.8,125.1,122.3,111.6,0.1,0,0,0,0,0,0,6.1,0,0,0,0,0,0,0,0,0,0,0,0,0,0,0,0,0,0,0,0,0,0,0,0,0,0,0,0,0
211=65111,0,124.5,0,0,0,0,0,0,763.828,0,124.8,125.2,122.3,111.5,0.1,0,0,0,0,0,0,6.1,0,0,0,0,0,0,0,0,0,0,0,0,0,0,0,0,0,0,0,0,0,0,0,0,0,0,0,0,0
212=65111,0,124.5,0,0,0,0,0,0,763.828,0,124.8,125.2,122.3,111.5,0.1,0,0,0,0,0,0,6.1,0,0,0,0,0,0,0,0,0,0,0,0,0,0,0,0,0,0,0,0,0,0,0,0,0,0,0,0,0
213=65466,0,124.5,0,0,0,0,0,0,763.828,0,124.8,125.2,122.3,111.5,0.1,0,0,0,0,0,0,6.1,0,0,0,0,0,0,0,0,0,0,0,0,0,0,0,0,0,0,0,0,0,0,0,0,0,0,0,0,0
214=65466,0,124.5,0,0,0,0,0,0,763.828,0,124.8,125.2,122.3,111.5,0.1,0,0,0,0,0,0,6.1,0,0,0,0,0,0,0,0,0,0,0,0,0,0,0,0,0,0,0,0,0,0,0,0,0,0,0,0,0
215=65800,0,124.5,0,0,0,0,0,0,763.828,0,124.9,125.2,122.3,111.5,0.1,0,0,0,0,0,0,6.1,0,0,0,0,0,0,0,0,0,0,0,0,0,0,0,0,0,0,0,0,0,0,0,0,0,0,0,0,0
216=65800,0,124.5,0,0,0,0,0,0,763.828,0,124.9,125.2,122.3,111.5,0.1,0,0,0,0,0,0,6.1,0,0,0,0,0,0,0,0,0,0,0,0,0,0,0,0,0,0,0,0,0,0,0,0,0,0,0,0,0
217=66127,0,124.5,0,0,0,0,0,0,763.828,0,124.8,125.2,122.4,111.4,0.1,0,0,0,0,0,0,6.1,0,0,0,0,0,0,0,0,0,0,0,0,0,0,0,0,0,0,0,0,0,0,0,0,0,0,0,0,0
218=66127,0,124.5,0,0,0,0,0,0,763.828,0,124.8,125.2,122.4,111.4,0.1,0,0,0,0,0,0,6.1,0,0,0,0,0,0,0,0,0,0,0,0,0,0,0,0,0,0,0,0,0,0,0,0,0,0,0,0,0
219=66473,0,124.4,0,0,0,0,0,0,763.828,0,124.8,125.2,122.4,111.3,0.1,0,0,0,0,0,0,6.1,0,0,0,0,0,0,0,0,0,0,0,0,0,0,0,0,0,0,0,0,0,0,0,0,0,0,0,0,0
220=66473,0,124.4,0,0,0,0,0,0,763.828,0,124.8,125.2,122.4,111.3,0.1,0,0,0,0,0,0,6.1,0,0,0,0,0,0,0,0,0,0,0,0,0,0,0,0,0,0,0,0,0,0,0,0,0,0,0,0,0
221=66878,0,124.3,0,0,0,0,0,0,763.828,0,124.8,125.2,122.3,111.2,0.1,0,0,0,0,0,0,6.1,0,0,0,0,0,0,0,0,0,0,0,0,0,0,0,0,0,0,0,0,0,0,0,0,0,0,0,0,0
222=66878,0,124.3,0,0,0,0,0,0,763.828,0,124.8,125.2,122.3,111.2,0.1,0,0,0,0,0,0,6.1,0,0,0,0,0,0,0,0,0,0,0,0,0,0,0,0,0,0,0,0,0,0,0,0,0,0,0,0,0
223=67191,0,124.3,0,0,0,0,0,0,763.828,0,124.8,125.2,122.3,111.2,0.1,0,0,0,0,0,0,6.1,0,0,0,0,0,0,0,0,0,0,0,0,0,0,0,0,0,0,0,0,0,0,0,0,0,0,0,0,0
224=67191,0,124.3,0,0,0,0,0,0,763.828,0,124.8,125.2,122.3,111.2,0.1,0,0,0,0,0,0,6.1,0,0,0,0,0,0,0,0,0,0,0,0,0,0,0,0,0,0,0,0,0,0,0,0,0,0,0,0,0
225=67527,0,124.3,0,0,0,0,0,0,763.828,0,124.8,125.2,122.3,111.1,0.1,0,0,0,0,0,0,6.1,0,0,0,0,0,0,0,0,0,0,0,0,0,0,0,0,0,0,0,0,0,0,0,0,0,0,0,0,0
226=67527,0,124.3,0,0,0,0,0,0,763.828,0,124.8,125.2,122.3,111.1,0.1,0,0,0,0,0,0,6.1,0,0,0,0,0,0,0,0,0,0,0,0,0,0,0,0,0,0,0,0,0,0,0,0,0,0,0,0,0
227=67879,0,124.2,0,0,0,0,0,0,763.828,0,124.7,125.1,122.3,111.1,0.1,0,0,0,0,0,0,6.1,0,0,0,0,0,0,0,0,0,0,0,0,0,0,0,0,0,0,0,0,0,0,0,0,0,0,0,0,0
228=67879,0,124.2,0,0,0,0,0,0,763.828,0,124.7,125.1,122.3,111.1,0.1,0,0,0,0,0,0,6.1,0,0,0,0,0,0,0,0,0,0,0,0,0,0,0,0,0,0,0,0,0,0,0,0,0,0,0,0,0
229=68208,0,124,0,0,0,0,0,0,763.828,0,124.6,125,122.2,110.9,0.1,0,0,0,0,0,0,6.1,0,0,0,0,0,0,0,0,0,0,0,0,0,0,0,0,0,0,0,0,0,0,0,0,0,0,0,0,0
230=68208,0,124,0,0,0,0,0,0,763.828,0,124.6,125,122.2,110.9,0.1,0,0,0,0,0,0,6.1,0,0,0,0,0,0,0,0,0,0,0,0,0,0,0,0,0,0,0,0,0,0,0,0,0,0,0,0,0
231=68564,0,123.9,0,0,0,0,0,0,763.828,0,124.5,125,122.2,110.9,0.1,0,0,0,0,0,0,6.1,0,0,0,0,0,0,0,0,0,0,0,0,0,0,0,0,0,0,0,0,0,0,0,0,0,0,0,0,0
232=68564,0,123.9,0,0,0,0,0,0,763.828,0,124.5,125,122.2,110.9,0.1,0,0,0,0,0,0,6.1,0,0,0,0,0,0,0,0,0,0,0,0,0,0,0,0,0,0,0,0,0,0,0,0,0,0,0,0,0
233=68963,0,123.8,0,0,0,0,0,0,763.828,0,124.5,124.9,122.1,110.8,0.1,0,0,0,0,0,0,6.1,0,0,0,0,0,0,0,0,0,0,0,0,0,0,0,0,0,0,0,0,0,0,0,0,0,0,0,0,0
234=68963,0,123.8,0,0,0,0,0,0,763.828,0,124.5,124.9,122.1,110.8,0.1,0,0,0,0,0,0,6.1,0,0,0,0,0,0,0,0,0,0,0,0,0,0,0,0,0,0,0,0,0,0,0,0,0,0,0,0,0
235=69279,0,123.8,0,0,0,0,0,0,763.828,0,124.5,124.9,122.1,110.8,0.1,0,0,0,0,0,0,6.1,0,0,0,0,0,0,0,0,0,0,0,0,0,0,0,0,0,0,0,0,0,0,0,0,0,0,0,0,0
236=69279,0,123.8,0,0,0,0,0,0,763.828,0,124.5,124.9,122.1,110.8,0.1,0,0,0,0,0,0,6.1,0,0,0,0,0,0,0,0,0,0,0,0,0,0,0,0,0,0,0,0,0,0,0,0,0,0,0,0,0
237=69613,0,123.6,0,0,0,0,0,0,763.828,0,124.3,124.8,122,110.7,0.1,0,0,0,0,0,0,6.2,0,0,0,0,0,0,0,0,0,0,0,0,0,0,0,0,0,0,0,0,0,0,0,0,0,0,0,0,0
238=69613,0,123.6,0,0,0,0,0,0,763.828,0,124.3,124.8,122,110.7,0.1,0,0,0,0,0,0,6.2,0,0,0,0,0,0,0,0,0,0,0,0,0,0,0,0,0,0,0,0,0,0,0,0,0,0,0,0,0
239=69961,0,123.6,0,0,0,0,0,0,763.828,0,124.3,124.8,122,110.6,0.1,0,0,0,0,0,0,6.2,0,0,0,0,0,0,0,0,0,0,0,0,0,0,0,0,0,0,0,0,0,0,0,0,0,0,0,0,0
240=69961,0,123.6,0,0,0,0,0,0,763.828,0,124.3,124.8,122,110.6,0.1,0,0,0,0,0,0,6.2,0,0,0,0,0,0,0,0,0,0,0,0,0,0,0,0,0,0,0,0,0,0,0,0,0,0,0,0,0
241=70277,0,123.5,0,0,0,0,0,0,763.828,0,124.2,124.7,121.9,110.5,0.1,0,0,0,0,0,0,6.2,0,0,0,0,0,0,0,0,0,0,0,0,0,0,0,0,0,0,0,0,0,0,0,0,0,0,0,0,0
242=70277,0,123.5,0,0,0,0,0,0,763.828,0,124.2,124.7,121.9,110.5,0.1,0,0,0,0,0,0,6.2,0,0,0,0,0,0,0,0,0,0,0,0,0,0,0,0,0,0,0,0,0,0,0,0,0,0,0,0,0
243=70630,0,123.3,0,0,0,0,0,0,763.828,0,124.1,124.6,121.8,110.4,0.1,0,0,0,0,0,0,6.2,0,0,0,0,0,0,0,0,0,0,0,0,0,0,0,0,0,0,0,0,0,0,0,0,0,0,0,0,0
244=70630,0,123.3,0,0,0,0,0,0,763.828,0,124.1,124.6,121.8,110.4,0.1,0,0,0,0,0,0,6.2,0,0,0,0,0,0,0,0,0,0,0,0,0,0,0,0,0,0,0,0,0,0,0,0,0,0,0,0,0
245=70964,0,123.2,0,0,0,0,0,0,763.828,0,124,124.5,121.7,110.4,0.1,0,0,0,0,0,0,6.1,0,0,0,0,0,0,0,0,0,0,0,0,0,0,0,0,0,0,0,0,0,0,0,0,0,0,0,0,0
246=70964,0,123.2,0,0,0,0,0,0,763.828,0,124,124.5,121.7,110.4,0.1,0,0,0,0,0,0,6.1,0,0,0,0,0,0,0,0,0,0,0,0,0,0,0,0,0,0,0,0,0,0,0,0,0,0,0,0,0
247=71364,0,123,0,0,0,0,0,0,763.828,0,123.9,124.3,121.6,110.2,0.1,0,0,0,0,0,0,6.1,0,0,0,0,0,0,0,0,0,0,0,0,0,0,0,0,0,0,0,0,0,0,0,0,0,0,0,0,0
248=71364,0,123,0,0,0,0,0,0,763.828,0,123.9,124.3,121.6,110.2,0.1,0,0,0,0,0,0,6.1,0,0,0,0,0,0,0,0,0,0,0,0,0,0,0,0,0,0,0,0,0,0,0,0,0,0,0,0,0
249=71683,0,123,0,0,0,0,0,0,763.828,0,123.9,124.3,121.6,110.2,0.1,0,0,0,0,0,0,6.1,0,0,0,0,0,0,0,0,0,0,0,0,0,0,0,0,0,0,0,0,0,0,0,0,0,0,0,0,0
250=71683,0,123,0,0,0,0,0,0,763.828,0,123.9,124.3,121.6,110.2,0.1,0,0,0,0,0,0,6.1,0,0,0,0,0,0,0,0,0,0,0,0,0,0,0,0,0,0,0,0,0,0,0,0,0,0,0,0,0
251=72012,0,122.9,0,0,0,0,0,0,763.828,0,123.8,124.2,121.5,110.2,0.1,0,0,0,0,0,0,6.1,0,0,0,0,0,0,0,0,0,0,0,0,0,0,0,0,0,0,0,0,0,0,0,0,0,0,0,0,0
252=72012,0,122.9,0,0,0,0,0,0,763.828,0,123.8,124.2,121.5,110.2,0.1,0,0,0,0,0,0,6.1,0,0,0,0,0,0,0,0,0,0,0,0,0,0,0,0,0,0,0,0,0,0,0,0,0,0,0,0,0
253=72365,0,122.7,0,0,0,0,0,0,763.828,0,123.7,124.1,121.4,110.1,0.1,0,0,0,0,0,0,6.1,0,0,0,0,0,0,0,0,0,0,0,0,0,0,0,0,0,0,0,0,0,0,0,0,0,0,0,0,0
254=72365,0,122.7,0,0,0,0,0,0,763.828,0,123.7,124.1,121.4,110.1,0.1,0,0,0,0,0,0,6.1,0,0,0,0,0,0,0,0,0,0,0,0,0,0,0,0,0,0,0,0,0,0,0,0,0,0,0,0,0
255=72701,0,122.5,0,0,0,0,0,0,763.828,0,123.4,123.9,121.3,109.9,0.1,0,0,0,0,0,0,6.1,0,0,0,0,0,0,0,0,0,0,0,0,0,0,0,0,0,0,0,0,0,0,0,0,0,0,0,0,0
256=72701,0,122.5,0,0,0,0,0,0,763.828,0,123.4,123.9,121.3,109.9,0.1,0,0,0,0,0,0,6.1,0,0,0,0,0,0,0,0,0,0,0,0,0,0,0,0,0,0,0,0,0,0,0,0,0,0,0,0,0
257=73046,0,122.3,0,0,0,0,0,0,763.828,0,123.3,123.8,121.2,109.8,0.1,0,0,0,0,0,0,6.1,0,0,0,0,0,0,0,0,0,0,0,0,0,0,0,0,0,0,0,0,0,0,0,0,0,0,0,0,0
258=73046,0,122.3,0,0,0,0,0,0,763.828,0,123.3,123.8,121.2,109.8,0.1,0,0,0,0,0,0,6.1,0,0,0,0,0,0,0,0,0,0,0,0,0,0,0,0,0,0,0,0,0,0,0,0,0,0,0,0,0
259=73452,0,122.2,0,0,0,0,0,0,763.828,0,123.2,123.6,121,109.8,0.1,0,0,0,0,0,0,6.1,0,0,0,0,0,0,0,0,0,0,0,0,0,0,0,0,0,0,0,0,0,0,0,0,0,0,0,0,0
260=73452,0,122.2,0,0,0,0,0,0,763.828,0,123.2,123.6,121,109.8,0.1,0,0,0,0,0,0,6.1,0,0,0,0,0,0,0,0,0,0,0,0,0,0,0,0,0,0,0,0,0,0,0,0,0,0,0,0,0
261=73756,0,122.2,0,0,0,0,0,0,763.828,0,123.2,123.6,121,109.8,0.1,0,0,0,0,0,0,6.1,0,0,0,0,0,0,0,0,0,0,0,0,0,0,0,0,0,0,0,0,0,0,0,0,0,0,0,0,0
262=73756,0,122.2,0,0,0,0,0,0,763.828,0,123.2,123.6,121,109.8,0.1,0,0,0,0,0,0,6.1,0,0,0,0,0,0,0,0,0,0,0,0,0,0,0,0,0,0,0,0,0,0,0,0,0,0,0,0,0
263=74099,0,122,0,0,0,0,0,0,763.828,0,123.1,123.5,120.9,109.7,0.1,0,0,0,0,0,0,6.1,0,0,0,0,0,0,0,0,0,0,0,0,0,0,0,0,0,0,0,0,0,0,0,0,0,0,0,0,0
264=74099,0,122,0,0,0,0,0,0,763.828,0,123.1,123.5,120.9,109.7,0.1,0,0,0,0,0,0,6.1,0,0,0,0,0,0,0,0,0,0,0,0,0,0,0,0,0,0,0,0,0,0,0,0,0,0,0,0,0
265=74449,0,121.9,0,0,0,0,0,0,763.828,0,123,123.4,120.8,109.6,0.1,0,0,0,0,0,0,6.1,0,0,0,0,0,0,0,0,0,0,0,0,0,0,0,0,0,0,0,0,0,0,0,0,0,0,0,0,0
266=74449,0,121.9,0,0,0,0,0,0,763.828,0,123,123.4,120.8,109.6,0.1,0,0,0,0,0,0,6.1,0,0,0,0,0,0,0,0,0,0,0,0,0,0,0,0,0,0,0,0,0,0,0,0,0,0,0,0,0
267=74764,0,121.7,0,0,0,0,0,0,763.828,0,122.9,123.3,120.7,109.5,0.1,0,0,0,0,0,0,6.1,0,0,0,0,0,0,0,0,0,0,0,0,0,0,0,0,0,0,0,0,0,0,0,0,0,0,0,0,0
268=74764,0,121.7,0,0,0,0,0,0,763.828,0,122.9,123.3,120.7,109.5,0.1,0,0,0,0,0,0,6.1,0,0,0,0,0,0,0,0,0,0,0,0,0,0,0,0,0,0,0,0,0,0,0,0,0,0,0,0,0
269=75116,0,121.4,0,0,0,0,0,0,763.828,0,122.6,123.1,120.5,109.4,0.1,0,0,0,0,0,0,6.1,0,0,0,0,0,0,0,0,0,0,0,0,0,0,0,0,0,0,0,0,0,0,0,0,0,0,0,0,0
270=75116,0,121.4,0,0,0,0,0,0,763.828,0,122.6,123.1,120.5,109.4,0.1,0,0,0,0,0,0,6.1,0,0,0,0,0,0,0,0,0,0,0,0,0,0,0,0,0,0,0,0,0,0,0,0,0,0,0,0,0
271=75449,0,121.4,0,0,0,0,0,0,763.828,0,122.6,123.1,120.5,109.4,0.1,0,0,0,0,0,0,6.1,0,0,0,0,0,0,0,0,0,0,0,0,0,0,0,0,0,0,0,0,0,0,0,0,0,0,0,0,0
272=75449,0,121.4,0,0,0,0,0,0,763.828,0,122.6,123.1,120.5,109.4,0.1,0,0,0,0,0,0,6.1,0,0,0,0,0,0,0,0,0,0,0,0,0,0,0,0,0,0,0,0,0,0,0,0,0,0,0,0,0
273=75835,0,121.3,0,0,0,0,0,0,763.828,0,122.5,122.9,120.4,109.3,0.1,0,0,0,0,0,0,6.1,0,0,0,0,0,0,0,0,0,0,0,0,0,0,0,0,0,0,0,0,0,0,0,0,0,0,0,0,0
274=75835,0,121.3,0,0,0,0,0,0,763.828,0,122.5,122.9,120.4,109.3,0.1,0,0,0,0,0,0,6.1,0,0,0,0,0,0,0,0,0,0,0,0,0,0,0,0,0,0,0,0,0,0,0,0,0,0,0,0,0
275=76184,0,121.1,0,0,0,0,0,0,763.828,0,122.4,122.8,120.3,109.2,0.1,0,0,0,0,0,0,6.1,0,0,0,0,0,0,0,0,0,0,0,0,0,0,0,0,0,0,0,0,0,0,0,0,0,0,0,0,0
276=76184,0,121.1,0,0,0,0,0,0,763.828,0,122.4,122.8,120.3,109.2,0.1,0,0,0,0,0,0,6.1,0,0,0,0,0,0,0,0,0,0,0,0,0,0,0,0,0,0,0,0,0,0,0,0,0,0,0,0,0
277=76531,0,121,0,0,0,0,0,0,763.828,0,122.2,122.7,120.2,109.1,0.1,0,0,0,0,0,0,6.1,0,0,0,0,0,0,0,0,0,0,0,0,0,0,0,0,0,0,0,0,0,0,0,0,0,0,0,0,0
278=76531,0,121,0,0,0,0,0,0,763.828,0,122.2,122.7,120.2,109.1,0.1,0,0,0,0,0,0,6.1,0,0,0,0,0,0,0,0,0,0,0,0,0,0,0,0,0,0,0,0,0,0,0,0,0,0,0,0,0
279=76851,0,120.7,0,0,0,0,0,0,763.828,0,122,122.5,120,109,0.1,0,0,0,0,0,0,6.1,0,0,0,0,0,0,0,0,0,0,0,0,0,0,0,0,0,0,0,0,0,0,0,0,0,0,0,0,0
280=76851,0,120.7,0,0,0,0,0,0,763.828,0,122,122.5,120,109,0.1,0,0,0,0,0,0,6.1,0,0,0,0,0,0,0,0,0,0,0,0,0,0,0,0,0,0,0,0,0,0,0,0,0,0,0,0,0
281=77185,0,120.6,0,0,0,0,0,0,763.828,0,121.9,122.3,119.9,108.9,0.1,0,0,0,0,0,0,6.1,0,0,0,0,0,0,0,0,0,0,0,0,0,0,0,0,0,0,0,0,0,0,0,0,0,0,0,0,0
282=77185,0,120.6,0,0,0,0,0,0,763.828,0,121.9,122.3,119.9,108.9,0.1,0,0,0,0,0,0,6.1,0,0,0,0,0,0,0,0,0,0,0,0,0,0,0,0,0,0,0,0,0,0,0,0,0,0,0,0,0
283=77517,0,120.6,0,0,0,0,0,0,763.828,0,121.9,122.3,119.9,108.9,0.1,0,0,0,0,0,0,6.1,0,0,0,0,0,0,0,0,0,0,0,0,0,0,0,0,0,0,0,0,0,0,0,0,0,0,0,0,0
284=77517,0,120.6,0,0,0,0,0,0,763.828,0,121.9,122.3,119.9,108.9,0.1,0,0,0,0,0,0,6.1,0,0,0,0,0,0,0,0,0,0,0,0,0,0,0,0,0,0,0,0,0,0,0,0,0,0,0,0,0
285=77918,0,120.4,0,0,0,0,0,0,763.828,0,121.7,122.1,119.7,108.8,0.1,0,0,0,0,0,0,6.1,0,0,0,0,0,0,0,0,0,0,0,0,0,0,0,0,0,0,0,0,0,0,0,0,0,0,0,0,0
286=77918,0,120.4,0,0,0,0,0,0,763.828,0,121.7,122.1,119.7,108.8,0.1,0,0,0,0,0,0,6.1,0,0,0,0,0,0,0,0,0,0,0,0,0,0,0,0,0,0,0,0,0,0,0,0,0,0,0,0,0
287=78253,0,120,0,0,0,0,0,0,763.828,0,121.4,121.8,119.5,108.7,0.1,0,0,0,0,0,0,6.2,0,0,0,0,0,0,0,0,0,0,0,0,0,0,0,0,0,0,0,0,0,0,0,0,0,0,0,0,0
288=78253,0,120,0,0,0,0,0,0,763.828,0,121.4,121.8,119.5,108.7,0.1,0,0,0,0,0,0,6.2,0,0,0,0,0,0,0,0,0,0,0,0,0,0,0,0,0,0,0,0,0,0,0,0,0,0,0,0,0
289=78602,0,119.9,0,0,0,0,0,0,763.828,0,121.3,121.7,119.3,108.5,0.1,0,0,0,0,0,0,6.1,0,0,0,0,0,0,0,0,0,0,0,0,0,0,0,0,0,0,0,0,0,0,0,0,0,0,0,0,0
290=78602,0,119.9,0,0,0,0,0,0,763.828,0,121.3,121.7,119.3,108.5,0.1,0,0,0,0,0,0,6.1,0,0,0,0,0,0,0,0,0,0,0,0,0,0,0,0,0,0,0,0,0,0,0,0,0,0,0,0,0
291=78920,0,119.9,0,0,0,0,0,0,763.828,0,121.3,121.7,119.3,108.5,0.1,0,0,0,0,0,0,6.1,0,0,0,0,0,0,0,0,0,0,0,0,0,0,0,0,0,0,0,0,0,0,0,0,0,0,0,0,0
292=78920,0,119.9,0,0,0,0,0,0,763.828,0,121.3,121.7,119.3,108.5,0.1,0,0,0,0,0,0,6.1,0,0,0,0,0,0,0,0,0,0,0,0,0,0,0,0,0,0,0,0,0,0,0,0,0,0,0,0,0
293=79253,0,119.7,0,0,0,0,0,0,763.828,0,121.1,121.5,119.2,108.4,0.1,0,0,0,0,0,0,6.1,0,0,0,0,0,0,0,0,0,0,0,0,0,0,0,0,0,0,0,0,0,0,0,0,0,0,0,0,0
294=79253,0,119.7,0,0,0,0,0,0,763.828,0,121.1,121.5,119.2,108.4,0.1,0,0,0,0,0,0,6.1,0,0,0,0,0,0,0,0,0,0,0,0,0,0,0,0,0,0,0,0,0,0,0,0,0,0,0,0,0
295=79587,0,119.4,0,0,0,0,0,0,763.828,0,120.9,121.3,119,108.3,0.1,0,0,0,0,0,0,6.1,0,0,0,0,0,0,0,0,0,0,0,0,0,0,0,0,0,0,0,0,0,0,0,0,0,0,0,0,0
296=79587,0,119.4,0,0,0,0,0,0,763.828,0,120.9,121.3,119,108.3,0.1,0,0,0,0,0,0,6.1,0,0,0,0,0,0,0,0,0,0,0,0,0,0,0,0,0,0,0,0,0,0,0,0,0,0,0,0,0
297=79918,0,119.4,0,0,0,0,0,0,763.828,0,120.9,121.3,119,108.3,0.1,0,0,0,0,0,0,6.1,0,0,0,0,0,0,0,0,0,0,0,0,0,0,0,0,0,0,0,0,0,0,0,0,0,0,0,0,0
298=79918,0,119.4,0,0,0,0,0,0,763.828,0,120.9,121.3,119,108.3,0.1,0,0,0,0,0,0,6.1,0,0,0,0,0,0,0,0,0,0,0,0,0,0,0,0,0,0,0,0,0,0,0,0,0,0,0,0,0
299=80334,0,119.3,0,0,0,0,0,0,763.828,0,120.8,121.2,118.9,108.2,0.1,0,0,0,0,0,0,6.1,0,0,0,0,0,0,0,0,0,0,0,0,0,0,0,0,0,0,0,0,0,0,0,0,0,0,0,0,0
300=80334,0,119.3,0,0,0,0,0,0,763.828,0,120.8,121.2,118.9,108.2,0.1,0,0,0,0,0,0,6.1,0,0,0,0,0,0,0,0,0,0,0,0,0,0,0,0,0,0,0,0,0,0,0,0,0,0,0,0,0
301=80672,0,119.1,0,0,0,0,0,0,763.828,0,120.6,121,118.7,108.1,0.1,0,0,0,0,0,0,6.1,0,0,0,0,0,0,0,0,0,0,0,0,0,0,0,0,0,0,0,0,0,0,0,0,0,0,0,0,0
302=80672,0,119.1,0,0,0,0,0,0,763.828,0,120.6,121,118.7,108.1,0.1,0,0,0,0,0,0,6.1,0,0,0,0,0,0,0,0,0,0,0,0,0,0,0,0,0,0,0,0,0,0,0,0,0,0,0,0,0
303=81004,0,118.9,0,0,0,0,0,0,763.828,0,120.5,120.9,118.6,108,0.1,0,0,0,0,0,0,6.1,0,0,0,0,0,0,0,0,0,0,0,0,0,0,0,0,0,0,0,0,0,0,0,0,0,0,0,0,0
304=81004,0,118.9,0,0,0,0,0,0,763.828,0,120.5,120.9,118.6,108,0.1,0,0,0,0,0,0,6.1,0,0,0,0,0,0,0,0,0,0,0,0,0,0,0,0,0,0,0,0,0,0,0,0,0,0,0,0,0
305=81329,0,118.7,0,0,0,0,0,0,763.828,0,120.3,120.7,118.4,107.9,0.1,0,0,0,0,0,0,6.1,0,0,0,0,0,0,0,0,0,0,0,0,0,0,0,0,0,0,0,0,0,0,0,0,0,0,0,0,0
306=81329,0,118.7,0,0,0,0,0,0,763.828,0,120.3,120.7,118.4,107.9,0.1,0,0,0,0,0,0,6.1,0,0,0,0,0,0,0,0,0,0,0,0,0,0,0,0,0,0,0,0,0,0,0,0,0,0,0,0,0
307=81670,0,118.7,0,0,0,0,0,0,763.828,0,120.3,120.7,118.4,107.9,0.1,0,0,0,0,0,0,6.1,0,0,0,0,0,0,0,0,0,0,0,0,0,0,0,0,0,0,0,0,0,0,0,0,0,0,0,0,0
308=81670,0,118.7,0,0,0,0,0,0,763.828,0,120.3,120.7,118.4,107.9,0.1,0,0,0,0,0,0,6.1,0,0,0,0,0,0,0,0,0,0,0,0,0,0,0,0,0,0,0,0,0,0,0,0,0,0,0,0,0
309=82005,0,118.5,0,0,0,0,0,0,763.828,0,120.1,120.4,118.2,107.7,0.1,0,0,0,0,0,0,6.2,0,0,0,0,0,0,0,0,0,0,0,0,0,0,0,0,0,0,0,0,0,0,0,0,0,0,0,0,0
310=82005,0,118.5,0,0,0,0,0,0,763.828,0,120.1,120.4,118.2,107.7,0.1,0,0,0,0,0,0,6.2,0,0,0,0,0,0,0,0,0,0,0,0,0,0,0,0,0,0,0,0,0,0,0,0,0,0,0,0,0
311=82408,0,118.2,0,0,0,0,0,0,763.828,0,119.9,120.2,118,107.6,0.1,0,0,0,0,0,0,6.2,0,0,0,0,0,0,0,0,0,0,0,0,0,0,0,0,0,0,0,0,0,0,0,0,0,0,0,0,0
312=82408,0,118.2,0,0,0,0,0,0,763.828,0,119.9,120.2,118,107.6,0.1,0,0,0,0,0,0,6.2,0,0,0,0,0,0,0,0,0,0,0,0,0,0,0,0,0,0,0,0,0,0,0,0,0,0,0,0,0
313=82753,0,118.1,0,0,0,0,0,0,763.828,0,119.8,120.1,117.9,107.5,0.1,0,0,0,0,0,0,6.2,0,0,0,0,0,0,0,0,0,0,0,0,0,0,0,0,0,0,0,0,0,0,0,0,0,0,0,0,0
314=82753,0,118.1,0,0,0,0,0,0,763.828,0,119.8,120.1,117.9,107.5,0.1,0,0,0,0,0,0,6.2,0,0,0,0,0,0,0,0,0,0,0,0,0,0,0,0,0,0,0,0,0,0,0,0,0,0,0,0,0
315=83077,0,118.1,0,0,0,0,0,0,763.828,0,119.8,120.1,117.9,107.5,0.1,0,0,0,0,0,0,6.2,0,0,0,0,0,0,0,0,0,0,0,0,0,0,0,0,0,0,0,0,0,0,0,0,0,0,0,0,0
316=83077,0,118.1,0,0,0,0,0,0,763.828,0,119.8,120.1,117.9,107.5,0.1,0,0,0,0,0,0,6.2,0,0,0,0,0,0,0,0,0,0,0,0,0,0,0,0,0,0,0,0,0,0,0,0,0,0,0,0,0
317=83406,0,117.9,0,0,0,0,0,0,763.828,0,119.6,119.9,117.7,107.4,0.1,0,0,0,0,0,0,6.1,0,0,0,0,0,0,0,0,0,0,0,0,0,0,0,0,0,0,0,0,0,0,0,0,0,0,0,0,0
318=83406,0,117.9,0,0,0,0,0,0,763.828,0,119.6,119.9,117.7,107.4,0.1,0,0,0,0,0,0,6.1,0,0,0,0,0,0,0,0,0,0,0,0,0,0,0,0,0,0,0,0,0,0,0,0,0,0,0,0,0
319=83739,0,117.7,0,0,0,0,0,0,763.828,0,119.4,119.7,117.6,107.3,0.1,0,0,0,0,0,0,6.1,0,0,0,0,0,0,0,0,0,0,0,0,0,0,0,0,0,0,0,0,0,0,0,0,0,0,0,0,0
320=83739,0,117.7,0,0,0,0,0,0,763.828,0,119.4,119.7,117.6,107.3,0.1,0,0,0,0,0,0,6.1,0,0,0,0,0,0,0,0,0,0,0,0,0,0,0,0,0,0,0,0,0,0,0,0,0,0,0,0,0
321=84089,0,117.6,0,0,0,0,0,0,763.828,0,119.3,119.6,117.5,107.2,0.1,0,0,0,0,0,0,6.1,0,0,0,0,0,0,0,0,0,0,0,0,0,0,0,0,0,0,0,0,0,0,0,0,0,0,0,0,0
322=84089,0,117.6,0,0,0,0,0,0,763.828,0,119.3,119.6,117.5,107.2,0.1,0,0,0,0,0,0,6.1,0,0,0,0,0,0,0,0,0,0,0,0,0,0,0,0,0,0,0,0,0,0,0,0,0,0,0,0,0
323=84398,0,117.4,0,0,0,0,0,0,763.828,0,119.1,119.4,117.3,107.1,0.1,0,0,0,0,0,0,6.1,0,0,0,0,0,0,0,0,0,0,0,0,0,0,0,0,0,0,0,0,0,0,0,0,0,0,0,0,0
324=84398,0,117.4,0,0,0,0,0,0,763.828,0,119.1,119.4,117.3,107.1,0.1,0,0,0,0,0,0,6.1,0,0,0,0,0,0,0,0,0,0,0,0,0,0,0,0,0,0,0,0,0,0,0,0,0,0,0,0,0
325=84788,0,117.4,0,0,0,0,0,0,763.828,0,119.1,119.4,117.3,107.1,0.1,0,0,0,0,0,0,6.1,0,0,0,0,0,0,0,0,0,0,0,0,0,0,0,0,0,0,0,0,0,0,0,0,0,0,0,0,0
326=84788,0,117.4,0,0,0,0,0,0,763.828,0,119.1,119.4,117.3,107.1,0.1,0,0,0,0,0,0,6.1,0,0,0,0,0,0,0,0,0,0,0,0,0,0,0,0,0,0,0,0,0,0,0,0,0,0,0,0,0
327=85144,0,117.1,0,0,0,0,0,0,763.828,0,118.9,119.2,117.1,107,0.1,0,0,0,0,0,0,6.1,0,0,0,0,0,0,0,0,0,0,0,0,0,0,0,0,0,0,0,0,0,0,0,0,0,0,0,0,0
328=85144,0,117.1,0,0,0,0,0,0,763.828,0,118.9,119.2,117.1,107,0.1,0,0,0,0,0,0,6.1,0,0,0,0,0,0,0,0,0,0,0,0,0,0,0,0,0,0,0,0,0,0,0,0,0,0,0,0,0
329=85474,0,116.9,0,0,0,0,0,0,763.828,0,118.7,119,116.9,106.8,0.1,0,0,0,0,0,0,6.1,0,0,0,0,0,0,0,0,0,0,0,0,0,0,0,0,0,0,0,0,0,0,0,0,0,0,0,0,0
330=85474,0,116.9,0,0,0,0,0,0,763.828,0,118.7,119,116.9,106.8,0.1,0,0,0,0,0,0,6.1,0,0,0,0,0,0,0,0,0,0,0,0,0,0,0,0,0,0,0,0,0,0,0,0,0,0,0,0,0
331=85803,0,116.7,0,0,0,0,0,0,763.828,0,118.6,118.8,116.8,106.7,0.1,0,0,0,0,0,0,6.1,0,0,0,0,0,0,0,0,0,0,0,0,0,0,0,0,0,0,0,0,0,0,0,0,0,0,0,0,0
332=85803,0,116.7,0,0,0,0,0,0,763.828,0,118.6,118.8,116.8,106.7,0.1,0,0,0,0,0,0,6.1,0,0,0,0,0,0,0,0,0,0,0,0,0,0,0,0,0,0,0,0,0,0,0,0,0,0,0,0,0
333=86141,0,116.5,0,0,0,0,0,0,763.828,0,118.4,118.6,116.6,106.6,0.1,0,0,0,0,0,0,6.1,0,0,0,0,0,0,0,0,0,0,0,0,0,0,0,0,0,0,0,0,0,0,0,0,0,0,0,0,0
334=86141,0,116.5,0,0,0,0,0,0,763.828,0,118.4,118.6,116.6,106.6,0.1,0,0,0,0,0,0,6.1,0,0,0,0,0,0,0,0,0,0,0,0,0,0,0,0,0,0,0,0,0,0,0,0,0,0,0,0,0
335=86464,0,116.5,0,0,0,0,0,0,763.828,0,118.4,118.6,116.6,106.6,0.1,0,0,0,0,0,0,6.1,0,0,0,0,0,0,0,0,0,0,0,0,0,0,0,0,0,0,0,0,0,0,0,0,0,0,0,0,0
336=86464,0,116.5,0,0,0,0,0,0,763.828,0,118.4,118.6,116.6,106.6,0.1,0,0,0,0,0,0,6.1,0,0,0,0,0,0,0,0,0,0,0,0,0,0,0,0,0,0,0,0,0,0,0,0,0,0,0,0,0
337=86874,0,116.4,0,0,0,0,0,0,763.828,0,118.3,118.5,116.5,106.5,0.1,0,0,0,0,0,0,6.1,0,0,0,0,0,0,0,0,0,0,0,0,0,0,0,0,0,0,0,0,0,0,0,0,0,0,0,0,0
338=86874,0,116.4,0,0,0,0,0,0,763.828,0,118.3,118.5,116.5,106.5,0.1,0,0,0,0,0,0,6.1,0,0,0,0,0,0,0,0,0,0,0,0,0,0,0,0,0,0,0,0,0,0,0,0,0,0,0,0,0
339=87209,0,116.2,0,0,0,0,0,0,763.828,0,118.1,118.3,116.4,106.4,0.1,0,0,0,0,0,0,6.1,0,0,0,0,0,0,0,0,0,0,0,0,0,0,0,0,0,0,0,0,0,0,0,0,0,0,0,0,0
340=87209,0,116.2,0,0,0,0,0,0,763.828,0,118.1,118.3,116.4,106.4,0.1,0,0,0,0,0,0,6.1,0,0,0,0,0,0,0,0,0,0,0,0,0,0,0,0,0,0,0,0,0,0,0,0,0,0,0,0,0
341=87542,0,116,0,0,0,0,0,0,763.828,0,117.9,118.1,116.2,106.3,0.1,0,0,0,0,0,0,6.1,0,0,0,0,0,0,0,0,0,0,0,0,0,0,0,0,0,0,0,0,0,0,0,0,0,0,0,0,0
342=87542,0,116,0,0,0,0,0,0,763.828,0,117.9,118.1,116.2,106.3,0.1,0,0,0,0,0,0,6.1,0,0,0,0,0,0,0,0,0,0,0,0,0,0,0,0,0,0,0,0,0,0,0,0,0,0,0,0,0
343=87883,0,115.9,0,0,0,0,0,0,763.828,0,117.8,118,116.1,106.2,0.1,0,0,0,0,0,0,6.1,0,0,0,0,0,0,0,0,0,0,0,0,0,0,0,0,0,0,0,0,0,0,0,0,0,0,0,0,0
344=87883,0,115.9,0,0,0,0,0,0,763.828,0,117.8,118,116.1,106.2,0.1,0,0,0,0,0,0,6.1,0,0,0,0,0,0,0,0,0,0,0,0,0,0,0,0,0,0,0,0,0,0,0,0,0,0,0,0,0
345=88198,0,115.9,0,0,0,0,0,0,763.828,0,117.8,118,116.1,106.2,0.1,0,0,0,0,0,0,6.1,0,0,0,0,0,0,0,0,0,0,0,0,0,0,0,0,0,0,0,0,0,0,0,0,0,0,0,0,0
346=88198,0,115.9,0,0,0,0,0,0,763.828,0,117.8,118,116.1,106.2,0.1,0,0,0,0,0,0,6.1,0,0,0,0,0,0,0,0,0,0,0,0,0,0,0,0,0,0,0,0,0,0,0,0,0,0,0,0,0
347=88542,0,115.7,0,0,0,0,0,0,763.828,0,117.6,117.8,115.9,106.1,0.1,0,0,0,0,0,0,6.2,0,0,0,0,0,0,0,0,0,0,0,0,0,0,0,0,0,0,0,0,0,0,0,0,0,0,0,0,0
348=88542,0,115.7,0,0,0,0,0,0,763.828,0,117.6,117.8,115.9,106.1,0.1,0,0,0,0,0,0,6.2,0,0,0,0,0,0,0,0,0,0,0,0,0,0,0,0,0,0,0,0,0,0,0,0,0,0,0,0,0
349=88879,0,115.5,0,0,0,0,0,0,763.828,0,117.5,117.7,115.8,106,0.1,0,0,0,0,0,0,6.2,0,0,0,0,0,0,0,0,0,0,0,0,0,0,0,0,0,0,0,0,0,0,0,0,0,0,0,0,0
350=88879,0,115.5,0,0,0,0,0,0,763.828,0,117.5,117.7,115.8,106,0.1,0,0,0,0,0,0,6.2,0,0,0,0,0,0,0,0,0,0,0,0,0,0,0,0,0,0,0,0,0,0,0,0,0,0,0,0,0
351=89276,0,115.4,0,0,0,0,0,0,763.828,0,117.4,117.5,115.7,105.9,0.1,0,0,0,0,0,0,6.2,0,0,0,0,0,0,0,0,0,0,0,0,0,0,0,0,0,0,0,0,0,0,0,0,0,0,0,0,0
352=89276,0,115.4,0,0,0,0,0,0,763.828,0,117.4,117.5,115.7,105.9,0.1,0,0,0,0,0,0,6.2,0,0,0,0,0,0,0,0,0,0,0,0,0,0,0,0,0,0,0,0,0,0,0,0,0,0,0,0,0
353=89590,0,115.2,0,0,0,0,0,0,763.828,0,117.2,117.4,115.5,105.8,0.1,0,0,0,0,0,0,6.2,0,0,0,0,0,0,0,0,0,0,0,0,0,0,0,0,0,0,0,0,0,0,0,0,0,0,0,0,0
354=89590,0,115.2,0,0,0,0,0,0,763.828,0,117.2,117.4,115.5,105.8,0.1,0,0,0,0,0,0,6.2,0,0,0,0,0,0,0,0,0,0,0,0,0,0,0,0,0,0,0,0,0,0,0,0,0,0,0,0,0
355=89926,0,115,0,0,0,0,0,0,763.828,0,117,117.2,115.4,105.7,0.1,0,0,0,0,0,0,6.2,0,0,0,0,0,0,0,0,0,0,0,0,0,0,0,0,0,0,0,0,0,0,0,0,0,0,0,0,0
356=89926,0,115,0,0,0,0,0,0,763.828,0,117,117.2,115.4,105.7,0.1,0,0,0,0,0,0,6.2,0,0,0,0,0,0,0,0,0,0,0,0,0,0,0,0,0,0,0,0,0,0,0,0,0,0,0,0,0
357=90277,0,114.9,0,0,0,0,0,0,763.828,0,116.9,117,115.2,105.6,0.1,0,0,0,0,0,0,6.4,0,0,0,0,0,0,0,0,0,0,0,0,0,0,0,0,0,0,0,0,0,0,0,0,0,0,0,0,0
358=90277,0,114.9,0,0,0,0,0,0,763.828,0,116.9,117,115.2,105.6,0.1,0,0,0,0,0,0,6.4,0,0,0,0,0,0,0,0,0,0,0,0,0,0,0,0,0,0,0,0,0,0,0,0,0,0,0,0,0
359=90601,0,114.7,0,0,0,0,0,0,763.828,0,116.7,116.9,115.1,105.5,0.1,0,0,0,0,0,0,6.3,0,0,0,0,0,0,0,0,0,0,0,0,0,0,0,0,0,0,0,0,0,0,0,0,0,0,0,0,0
360=90601,0,114.7,0,0,0,0,0,0,763.828,0,116.7,116.9,115.1,105.5,0.1,0,0,0,0,0,0,6.3,0,0,0,0,0,0,0,0,0,0,0,0,0,0,0,0,0,0,0,0,0,0,0,0,0,0,0,0,0
361=90928,0,114.7,0,0,0,0,0,0,763.828,0,116.7,116.9,115.1,105.5,0.1,0,0,0,0,0,0,6.3,0,0,0,0,0,0,0,0,0,0,0,0,0,0,0,0,0,0,0,0,0,0,0,0,0,0,0,0,0
362=90928,0,114.7,0,0,0,0,0,0,763.828,0,116.7,116.9,115.1,105.5,0.1,0,0,0,0,0,0,6.3,0,0,0,0,0,0,0,0,0,0,0,0,0,0,0,0,0,0,0,0,0,0,0,0,0,0,0,0,0
363=91325,0,114.6,0,0,0,0,0,0,763.828,0,116.6,116.7,114.9,105.4,0.1,0,0,0,0,0,0,6.2,0,0,0,0,0,0,0,0,0,0,0,0,0,0,0,0,0,0,0,0,0,0,0,0,0,0,0,0,0
364=91325,0,114.6,0,0,0,0,0,0,763.828,0,116.6,116.7,114.9,105.4,0.1,0,0,0,0,0,0,6.2,0,0,0,0,0,0,0,0,0,0,0,0,0,0,0,0,0,0,0,0,0,0,0,0,0,0,0,0,0
365=91662,0,114.4,0,0,0,0,0,0,763.828,0,116.5,116.6,114.8,105.3,0.1,0,0,0,0,0,0,6.2,0,0,0,0,0,0,0,0,0,0,0,0,0,0,0,0,0,0,0,0,0,0,0,0,0,0,0,0,0
366=91662,0,114.4,0,0,0,0,0,0,763.828,0,116.5,116.6,114.8,105.3,0.1,0,0,0,0,0,0,6.2,0,0,0,0,0,0,0,0,0,0,0,0,0,0,0,0,0,0,0,0,0,0,0,0,0,0,0,0,0
367=91998,0,114.2,0,0,0,0,0,0,763.828,0,116.3,116.4,114.6,105.2,0.1,0,0,0,0,0,0,6.2,0,0,0,0,0,0,0,0,0,0,0,0,0,0,0,0,0,0,0,0,0,0,0,0,0,0,0,0,0
368=91998,0,114.2,0,0,0,0,0,0,763.828,0,116.3,116.4,114.6,105.2,0.1,0,0,0,0,0,0,6.2,0,0,0,0,0,0,0,0,0,0,0,0,0,0,0,0,0,0,0,0,0,0,0,0,0,0,0,0,0
369=92361,0,114.1,0,0,0,0,0,0,763.828,0,116.1,116.2,114.5,105.1,0.1,0,0,0,0,0,0,6.2,0,0,0,0,0,0,0,0,0,0,0,0,0,0,0,0,0,0,0,0,0,0,0,0,0,0,0,0,0
370=92361,0,114.1,0,0,0,0,0,0,763.828,0,116.1,116.2,114.5,105.1,0.1,0,0,0,0,0,0,6.2,0,0,0,0,0,0,0,0,0,0,0,0,0,0,0,0,0,0,0,0,0,0,0,0,0,0,0,0,0
371=92682,0,113.9,0,0,0,0,0,0,763.828,0,116,116.1,114.3,105.1,0.1,0,0,0,0,0,0,6.2,0,0,0,0,0,0,0,0,0,0,0,0,0,0,0,0,0,0,0,0,0,0,0,0,0,0,0,0,0
372=92682,0,113.9,0,0,0,0,0,0,763.828,0,116,116.1,114.3,105.1,0.1,0,0,0,0,0,0,6.2,0,0,0,0,0,0,0,0,0,0,0,0,0,0,0,0,0,0,0,0,0,0,0,0,0,0,0,0,0
373=93003,0,113.9,0,0,0,0,0,0,763.828,0,116,116.1,114.3,105,0.1,0,0,0,0,0,0,6.2,0,0,0,0,0,0,0,0,0,0,0,0,0,0,0,0,0,0,0,0,0,0,0,0,0,0,0,0,0
374=93003,0,113.9,0,0,0,0,0,0,763.828,0,116,116.1,114.3,105,0.1,0,0,0,0,0,0,6.2,0,0,0,0,0,0,0,0,0,0,0,0,0,0,0,0,0,0,0,0,0,0,0,0,0,0,0,0,0
375=93410,0,113.7,0,0,0,0,0,0,763.828,0,115.8,115.9,114.2,104.9,0.1,0,0,0,0,0,0,6.2,0,0,0,0,0,0,0,0,0,0,0,0,0,0,0,0,0,0,0,0,0,0,0,0,0,0,0,0,0
376=93410,0,113.7,0,0,0,0,0,0,763.828,0,115.8,115.9,114.2,104.9,0.1,0,0,0,0,0,0,6.2,0,0,0,0,0,0,0,0,0,0,0,0,0,0,0,0,0,0,0,0,0,0,0,0,0,0,0,0,0
377=93762,0,113.5,0,0,0,0,0,0,763.828,0,115.6,115.7,114,104.8,0.1,0,0,0,0,0,0,6.2,0,0,0,0,0,0,0,0,0,0,0,0,0,0,0,0,0,0,0,0,0,0,0,0,0,0,0,0,0
378=93762,0,113.5,0,0,0,0,0,0,763.828,0,115.6,115.7,114,104.8,0.1,0,0,0,0,0,0,6.2,0,0,0,0,0,0,0,0,0,0,0,0,0,0,0,0,0,0,0,0,0,0,0,0,0,0,0,0,0
379=94077,0,113.4,0,0,0,0,0,0,763.828,0,115.5,115.6,113.9,104.7,0.1,0,0,0,0,0,0,6.2,0,0,0,0,0,0,0,0,0,0,0,0,0,0,0,0,0,0,0,0,0,0,0,0,0,0,0,0,0
380=94077,0,113.4,0,0,0,0,0,0,763.828,0,115.5,115.6,113.9,104.7,0.1,0,0,0,0,0,0,6.2,0,0,0,0,0,0,0,0,0,0,0,0,0,0,0,0,0,0,0,0,0,0,0,0,0,0,0,0,0
381=94412,0,113.2,0,0,0,0,0,0,763.828,0,115.4,115.4,113.8,104.6,0.1,0,0,0,0,0,0,6.2,0,0,0,0,0,0,0,0,0,0,0,0,0,0,0,0,0,0,0,0,0,0,0,0,0,0,0,0,0
382=94412,0,113.2,0,0,0,0,0,0,763.828,0,115.4,115.4,113.8,104.6,0.1,0,0,0,0,0,0,6.2,0,0,0,0,0,0,0,0,0,0,0,0,0,0,0,0,0,0,0,0,0,0,0,0,0,0,0,0,0
383=94752,0,113.2,0,0,0,0,0,0,763.828,0,115.4,115.4,113.8,104.6,0.1,0,0,0,0,0,0,6.2,0,0,0,0,0,0,0,0,0,0,0,0,0,0,0,0,0,0,0,0,0,0,0,0,0,0,0,0,0
384=94752,0,113.2,0,0,0,0,0,0,763.828,0,115.4,115.4,113.8,104.6,0.1,0,0,0,0,0,0,6.2,0,0,0,0,0,0,0,0,0,0,0,0,0,0,0,0,0,0,0,0,0,0,0,0,0,0,0,0,0
385=95110,0,113.1,0,0,0,0,0,0,763.828,0,115.2,115.3,113.6,104.5,0.1,0,0,0,0,0,0,6.2,0,0,0,0,0,0,0,0,0,0,0,0,0,0,0,0,0,0,0,0,0,0,0,0,0,0,0,0,0
386=95110,0,113.1,0,0,0,0,0,0,763.828,0,115.2,115.3,113.6,104.5,0.1,0,0,0,0,0,0,6.2,0,0,0,0,0,0,0,0,0,0,0,0,0,0,0,0,0,0,0,0,0,0,0,0,0,0,0,0,0
387=95439,0,113,0,0,0,0,0,0,763.828,0,115.1,115.1,113.5,104.4,0.1,0,0,0,0,0,0,6.2,0,0,0,0,0,0,0,0,0,0,0,0,0,0,0,0,0,0,0,0,0,0,0,0,0,0,0,0,0
388=95439,0,113,0,0,0,0,0,0,763.828,0,115.1,115.1,113.5,104.4,0.1,0,0,0,0,0,0,6.2,0,0,0,0,0,0,0,0,0,0,0,0,0,0,0,0,0,0,0,0,0,0,0,0,0,0,0,0,0
389=95861,0,112.9,0,0,0,0,0,0,763.828,0,115,115,113.4,104.3,0.1,0,0,0,0,0,0,6.1,0,0,0,0,0,0,0,0,0,0,0,0,0,0,0,0,0,0,0,0,0,0,0,0,0,0,0,0,0
390=95861,0,112.9,0,0,0,0,0,0,763.828,0,115,115,113.4,104.3,0.1,0,0,0,0,0,0,6.1,0,0,0,0,0,0,0,0,0,0,0,0,0,0,0,0,0,0,0,0,0,0,0,0,0,0,0,0,0
391=96181,0,112.7,0,0,0,0,0,0,763.828,0,114.8,114.9,113.3,104.2,0.1,0,0,0,0,0,0,6.1,0,0,0,0,0,0,0,0,0,0,0,0,0,0,0,0,0,0,0,0,0,0,0,0,0,0,0,0,0
392=96181,0,112.7,0,0,0,0,0,0,763.828,0,114.8,114.9,113.3,104.2,0.1,0,0,0,0,0,0,6.1,0,0,0,0,0,0,0,0,0,0,0,0,0,0,0,0,0,0,0,0,0,0,0,0,0,0,0,0,0
393=96531,0,112.5,0,0,0,0,0,0,763.828,0,114.7,114.7,113.1,104.1,0.1,0,0,0,0,0,0,6.1,0,0,0,0,0,0,0,0,0,0,0,0,0,0,0,0,0,0,0,0,0,0,0,0,0,0,0,0,0
394=96531,0,112.5,0,0,0,0,0,0,763.828,0,114.7,114.7,113.1,104.1,0.1,0,0,0,0,0,0,6.1,0,0,0,0,0,0,0,0,0,0,0,0,0,0,0,0,0,0,0,0,0,0,0,0,0,0,0,0,0
395=96844,0,112.4,0,0,0,0,0,0,763.828,0,114.6,114.6,113,104,0.1,0,0,0,0,0,0,6.1,0,0,0,0,0,0,0,0,0,0,0,0,0,0,0,0,0,0,0,0,0,0,0,0,0,0,0,0,0
396=96844,0,112.4,0,0,0,0,0,0,763.828,0,114.6,114.6,113,104,0.1,0,0,0,0,0,0,6.1,0,0,0,0,0,0,0,0,0,0,0,0,0,0,0,0,0,0,0,0,0,0,0,0,0,0,0,0,0
397=97187,0,112.4,0,0,0,0,0,0,763.828,0,114.6,114.6,113,104,0.1,0,0,0,0,0,0,6.1,0,0,0,0,0,0,0,0,0,0,0,0,0,0,0,0,0,0,0,0,0,0,0,0,0,0,0,0,0
398=97187,0,112.4,0,0,0,0,0,0,763.828,0,114.6,114.6,113,104,0.1,0,0,0,0,0,0,6.1,0,0,0,0,0,0,0,0,0,0,0,0,0,0,0,0,0,0,0,0,0,0,0,0,0,0,0,0,0
399=97524,0,112.2,0,0,0,0,0,0,763.828,0,114.4,114.4,112.8,103.9,0.1,0,0,0,0,0,0,6.1,0,0,0,0,0,0,0,0,0,0,0,0,0,0,0,0,0,0,0,0,0,0,0,0,0,0,0,0,0
400=97524,0,112.2,0,0,0,0,0,0,763.828,0,114.4,114.4,112.8,103.9,0.1,0,0,0,0,0,0,6.1,0,0,0,0,0,0,0,0,0,0,0,0,0,0,0,0,0,0,0,0,0,0,0,0,0,0,0,0,0
401=97931,0,112.1,0,0,0,0,0,0,763.828,0,114.3,114.3,112.7,103.8,0.1,0,0,0,0,0,0,6.1,0,0,0,0,0,0,0,0,0,0,0,0,0,0,0,0,0,0,0,0,0,0,0,0,0,0,0,0,0
402=97931,0,112.1,0,0,0,0,0,0,763.828,0,114.3,114.3,112.7,103.8,0.1,0,0,0,0,0,0,6.1,0,0,0,0,0,0,0,0,0,0,0,0,0,0,0,0,0,0,0,0,0,0,0,0,0,0,0,0,0
403=98256,0,112,0,0,0,0,0,0,763.828,0,114.1,114.1,112.6,103.7,0.1,0,0,0,0,0,0,6.1,0,0,0,0,0,0,0,0,0,0,0,0,0,0,0,0,0,0,0,0,0,0,0,0,0,0,0,0,0
404=98256,0,112,0,0,0,0,0,0,763.828,0,114.1,114.1,112.6,103.7,0.1,0,0,0,0,0,0,6.1,0,0,0,0,0,0,0,0,0,0,0,0,0,0,0,0,0,0,0,0,0,0,0,0,0,0,0,0,0
405=98583,0,111.8,0,0,0,0,0,0,763.828,0,114,113.9,112.4,103.6,0.1,0,0,0,0,0,0,6.1,0,0,0,0,0,0,0,0,0,0,0,0,0,0,0,0,0,0,0,0,0,0,0,0,0,0,0,0,0
406=98583,0,111.8,0,0,0,0,0,0,763.828,0,114,113.9,112.4,103.6,0.1,0,0,0,0,0,0,6.1,0,0,0,0,0,0,0,0,0,0,0,0,0,0,0,0,0,0,0,0,0,0,0,0,0,0,0,0,0
407=98918,0,111.7,0,0,0,0,0,0,763.828,0,113.9,113.8,112.3,103.5,0.1,0,0,0,0,0,0,6.1,0,0,0,0,0,0,0,0,0,0,0,0,0,0,0,0,0,0,0,0,0,0,0,0,0,0,0,0,0
408=98918,0,111.7,0,0,0,0,0,0,763.828,0,113.9,113.8,112.3,103.5,0.1,0,0,0,0,0,0,6.1,0,0,0,0,0,0,0,0,0,0,0,0,0,0,0,0,0,0,0,0,0,0,0,0,0,0,0,0,0
409=99250,0,111.5,0,0,0,0,0,0,763.828,0,113.7,113.6,112.2,103.4,0.1,0,0,0,0,0,0,6.1,0,0,0,0,0,0,0,0,0,0,0,0,0,0,0,0,0,0,0,0,0,0,0,0,0,0,0,0,0
410=99250,0,111.5,0,0,0,0,0,0,763.828,0,113.7,113.6,112.2,103.4,0.1,0,0,0,0,0,0,6.1,0,0,0,0,0,0,0,0,0,0,0,0,0,0,0,0,0,0,0,0,0,0,0,0,0,0,0,0,0
411=99586,0,111.5,0,0,0,0,0,0,763.828,0,113.7,113.6,112.2,103.4,0.1,0,0,0,0,0,0,6.1,0,0,0,0,0,0,0,0,0,0,0,0,0,0,0,0,0,0,0,0,0,0,0,0,0,0,0,0,0
412=99586,0,111.5,0,0,0,0,0,0,763.828,0,113.7,113.6,112.2,103.4,0.1,0,0,0,0,0,0,6.1,0,0,0,0,0,0,0,0,0,0,0,0,0,0,0,0,0,0,0,0,0,0,0,0,0,0,0,0,0
413=99917,0,111.4,0,0,0,0,0,0,763.828,0,113.6,113.5,112.1,103.3,0.1,0,0,0,0,0,0,6.1,0,0,0,0,0,0,0,0,0,0,0,0,0,0,0,0,0,0,0,0,0,0,0,0,0,0,0,0,0
414=99917,0,111.4,0,0,0,0,0,0,763.828,0,113.6,113.5,112.1,103.3,0.1,0,0,0,0,0,0,6.1,0,0,0,0,0,0,0,0,0,0,0,0,0,0,0,0,0,0,0,0,0,0,0,0,0,0,0,0,0
415=100317,0,111.2,0,0,0,0,0,0,763.828,0,113.4,113.3,111.9,103.2,0.1,0,0,0,0,0,0,6.1,0,0,0,0,0,0,0,0,0,0,0,0,0,0,0,0,0,0,0,0,0,0,0,0,0,0,0,0,0
416=100317,0,111.2,0,0,0,0,0,0,763.828,0,113.4,113.3,111.9,103.2,0.1,0,0,0,0,0,0,6.1,0,0,0,0,0,0,0,0,0,0,0,0,0,0,0,0,0,0,0,0,0,0,0,0,0,0,0,0,0
417=100651,0,111.1,0,0,0,0,0,0,763.828,0,113.3,113.2,111.8,103.1,0.1,0,0,0,0,0,0,6.1,0,0,0,0,0,0,0,0,0,0,0,0,0,0,0,0,0,0,0,0,0,0,0,0,0,0,0,0,0
418=100651,0,111.1,0,0,0,0,0,0,763.828,0,113.3,113.2,111.8,103.1,0.1,0,0,0,0,0,0,6.1,0,0,0,0,0,0,0,0,0,0,0,0,0,0,0,0,0,0,0,0,0,0,0,0,0,0,0,0,0
419=100987,0,110.9,0,0,0,0,0,0,763.828,0,113.1,113,111.6,103,0.1,0,0,0,0,0,0,6.1,0,0,0,0,0,0,0,0,0,0,0,0,0,0,0,0,0,0,0,0,0,0,0,0,0,0,0,0,0
420=100987,0,110.9,0,0,0,0,0,0,763.828,0,113.1,113,111.6,103,0.1,0,0,0,0,0,0,6.1,0,0,0,0,0,0,0,0,0,0,0,0,0,0,0,0,0,0,0,0,0,0,0,0,0,0,0,0,0
421=101308,0,110.9,0,0,0,0,0,0,763.828,0,113.1,113,111.6,103,0.1,0,0,0,0,0,0,6.1,0,0,0,0,0,0,0,0,0,0,0,0,0,0,0,0,0,0,0,0,0,0,0,0,0,0,0,0,0
422=101308,0,110.9,0,0,0,0,0,0,763.828,0,113.1,113,111.6,103,0.1,0,0,0,0,0,0,6.1,0,0,0,0,0,0,0,0,0,0,0,0,0,0,0,0,0,0,0,0,0,0,0,0,0,0,0,0,0
423=101638,0,110.8,0,0,0,0,0,0,763.828,0,113,112.9,111.5,102.9,0.1,0,0,0,0,0,0,6.1,0,0,0,0,0,0,0,0,0,0,0,0,0,0,0,0,0,0,0,0,0,0,0,0,0,0,0,0,0
424=101638,0,110.8,0,0,0,0,0,0,763.828,0,113,112.9,111.5,102.9,0.1,0,0,0,0,0,0,6.1,0,0,0,0,0,0,0,0,0,0,0,0,0,0,0,0,0,0,0,0,0,0,0,0,0,0,0,0,0
425=101983,0,110.7,0,0,0,0,0,0,763.828,0,112.9,112.8,111.4,102.7,0.1,0,0,0,0,0,0,6.1,0,0,0,0,0,0,0,0,0,0,0,0,0,0,0,0,0,0,0,0,0,0,0,0,0,0,0,0,0
426=101983,0,110.7,0,0,0,0,0,0,763.828,0,112.9,112.8,111.4,102.7,0.1,0,0,0,0,0,0,6.1,0,0,0,0,0,0,0,0,0,0,0,0,0,0,0,0,0,0,0,0,0,0,0,0,0,0,0,0,0
427=102401,0,110.5,0,0,0,0,0,0,763.828,0,112.7,112.5,111.2,102.7,0.1,0,0,0,0,0,0,6.1,0,0,0,0,0,0,0,0,0,0,0,0,0,0,0,0,0,0,0,0,0,0,0,0,0,0,0,0,0
428=102401,0,110.5,0,0,0,0,0,0,763.828,0,112.7,112.5,111.2,102.7,0.1,0,0,0,0,0,0,6.1,0,0,0,0,0,0,0,0,0,0,0,0,0,0,0,0,0,0,0,0,0,0,0,0,0,0,0,0,0
429=102719,0,110.5,0,0,0,0,0,0,763.828,0,112.7,112.5,111.2,102.7,0.1,0,0,0,0,0,0,6.1,0,0,0,0,0,0,0,0,0,0,0,0,0,0,0,0,0,0,0,0,0,0,0,0,0,0,0,0,0
430=102719,0,110.5,0,0,0,0,0,0,763.828,0,112.7,112.5,111.2,102.7,0.1,0,0,0,0,0,0,6.1,0,0,0,0,0,0,0,0,0,0,0,0,0,0,0,0,0,0,0,0,0,0,0,0,0,0,0,0,0
431=103066,0,110.3,0,0,0,0,0,0,763.828,0,112.5,112.3,111,102.6,0.1,0,0,0,0,0,0,6.1,0,0,0,0,0,0,0,0,0,0,0,0,0,0,0,0,0,0,0,0,0,0,0,0,0,0,0,0,0
432=103066,0,110.3,0,0,0,0,0,0,763.828,0,112.5,112.3,111,102.6,0.1,0,0,0,0,0,0,6.1,0,0,0,0,0,0,0,0,0,0,0,0,0,0,0,0,0,0,0,0,0,0,0,0,0,0,0,0,0
433=103403,0,110.3,0,0,0,0,0,0,763.828,0,112.5,112.3,111,102.5,0.1,0,0,0,0,0,0,6.1,0,0,0,0,0,0,0,0,0,0,0,0,0,0,0,0,0,0,0,0,0,0,0,0,0,0,0,0,0
434=103403,0,110.3,0,0,0,0,0,0,763.828,0,112.5,112.3,111,102.5,0.1,0,0,0,0,0,0,6.1,0,0,0,0,0,0,0,0,0,0,0,0,0,0,0,0,0,0,0,0,0,0,0,0,0,0,0,0,0
435=103700,0,110.1,0,0,0,0,0,0,763.828,0,112.3,112.2,110.8,102.4,0.1,0,0,0,0,0,0,6.1,0,0,0,0,0,0,0,0,0,0,0,0,0,0,0,0,0,0,0,0,0,0,0,0,0,0,0,0,0
436=103700,0,110.1,0,0,0,0,0,0,763.828,0,112.3,112.2,110.8,102.4,0.1,0,0,0,0,0,0,6.1,0,0,0,0,0,0,0,0,0,0,0,0,0,0,0,0,0,0,0,0,0,0,0,0,0,0,0,0,0
437=104052,0,110.1,0,0,0,0,0,0,763.828,0,112.3,112.2,110.8,102.3,0.1,0,0,0,0,0,0,6.1,0,0,0,0,0,0,0,0,0,0,0,0,0,0,0,0,0,0,0,0,0,0,0,0,0,0,0,0,0
438=104052,0,110.1,0,0,0,0,0,0,763.828,0,112.3,112.2,110.8,102.3,0.1,0,0,0,0,0,0,6.1,0,0,0,0,0,0,0,0,0,0,0,0,0,0,0,0,0,0,0,0,0,0,0,0,0,0,0,0,0
439=104384,0,110,0,0,0,0,0,0,763.828,0,112.1,112,110.7,102.3,0.1,0,0,0,0,0,0,6.1,0,0,0,0,0,0,0,0,0,0,0,0,0,0,0,0,0,0,0,0,0,0,0,0,0,0,0,0,0
440=104384,0,110,0,0,0,0,0,0,763.828,0,112.1,112,110.7,102.3,0.1,0,0,0,0,0,0,6.1,0,0,0,0,0,0,0,0,0,0,0,0,0,0,0,0,0,0,0,0,0,0,0,0,0,0,0,0,0
441=104787,0,109.9,0,0,0,0,0,0,763.828,0,112,111.9,110.6,102.2,0.1,0,0,0,0,0,0,6.1,0,0,0,0,0,0,0,0,0,0,0,0,0,0,0,0,0,0,0,0,0,0,0,0,0,0,0,0,0
442=104787,0,109.9,0,0,0,0,0,0,763.828,0,112,111.9,110.6,102.2,0.1,0,0,0,0,0,0,6.1,0,0,0,0,0,0,0,0,0,0,0,0,0,0,0,0,0,0,0,0,0,0,0,0,0,0,0,0,0
443=105107,0,109.7,0,0,0,0,0,0,763.828,0,111.9,111.7,110.4,102.1,0.1,0,0,0,0,0,0,6.1,0,0,0,0,0,0,0,0,0,0,0,0,0,0,0,0,0,0,0,0,0,0,0,0,0,0,0,0,0
444=105107,0,109.7,0,0,0,0,0,0,763.828,0,111.9,111.7,110.4,102.1,0.1,0,0,0,0,0,0,6.1,0,0,0,0,0,0,0,0,0,0,0,0,0,0,0,0,0,0,0,0,0,0,0,0,0,0,0,0,0
445=105454,0,109.6,0,0,0,0,0,0,763.828,0,111.8,111.6,110.3,102,0.1,0,0,0,0,0,0,6.1,0,0,0,0,0,0,0,0,0,0,0,0,0,0,0,0,0,0,0,0,0,0,0,0,0,0,0,0,0
446=105454,0,109.6,0,0,0,0,0,0,763.828,0,111.8,111.6,110.3,102,0.1,0,0,0,0,0,0,6.1,0,0,0,0,0,0,0,0,0,0,0,0,0,0,0,0,0,0,0,0,0,0,0,0,0,0,0,0,0
447=105778,0,109.5,0,0,0,0,0,0,763.828,0,111.7,111.5,110.2,101.9,0.1,0,0,0,0,0,0,6.1,0,0,0,0,0,0,0,0,0,0,0,0,0,0,0,0,0,0,0,0,0,0,0,0,0,0,0,0,0
448=105778,0,109.5,0,0,0,0,0,0,763.828,0,111.7,111.5,110.2,101.9,0.1,0,0,0,0,0,0,6.1,0,0,0,0,0,0,0,0,0,0,0,0,0,0,0,0,0,0,0,0,0,0,0,0,0,0,0,0,0
449=106119,0,109.3,0,0,0,0,0,0,763.828,0,111.5,111.3,110,101.8,0.1,0,0,0,0,0,0,6.1,0,0,0,0,0,0,0,0,0,0,0,0,0,0,0,0,0,0,0,0,0,0,0,0,0,0,0,0,0
450=106119,0,109.3,0,0,0,0,0,0,763.828,0,111.5,111.3,110,101.8,0.1,0,0,0,0,0,0,6.1,0,0,0,0,0,0,0,0,0,0,0,0,0,0,0,0,0,0,0,0,0,0,0,0,0,0,0,0,0
451=106443,0,109.3,0,0,0,0,0,0,763.828,0,111.5,111.3,110,101.8,0.1,0,0,0,0,0,0,6.1,0,0,0,0,0,0,0,0,0,0,0,0,0,0,0,0,0,0,0,0,0,0,0,0,0,0,0,0,0
452=106443,0,109.3,0,0,0,0,0,0,763.828,0,111.5,111.3,110,101.8,0.1,0,0,0,0,0,0,6.1,0,0,0,0,0,0,0,0,0,0,0,0,0,0,0,0,0,0,0,0,0,0,0,0,0,0,0,0,0
453=106843,0,109.2,0,0,0,0,0,0,763.828,0,111.4,111.2,109.9,101.7,0.1,0,0,0,0,0,0,6.1,0,0,0,0,0,0,0,0,0,0,0,0,0,0,0,0,0,0,0,0,0,0,0,0,0,0,0,0,0
454=106843,0,109.2,0,0,0,0,0,0,763.828,0,111.4,111.2,109.9,101.7,0.1,0,0,0,0,0,0,6.1,0,0,0,0,0,0,0,0,0,0,0,0,0,0,0,0,0,0,0,0,0,0,0,0,0,0,0,0,0
455=107190,0,109.1,0,0,0,0,0,0,763.828,0,111.3,111.1,109.8,101.5,0.1,0,0,0,0,0.01,0,6.1,0,0,0,0,0,0,0,0,0,0,0,0,0,0,0,0,0,0,0,0,0,0,0,0,0,0,0,0,0
456=107190,0,109.1,0,0,0,0,0,0,763.828,0,111.3,111.1,109.8,101.5,0.1,0,0,0,0,0.01,0,6.1,0,0,0,0,0,0,0,0,0,0,0,0,0,0,0,0,0,0,0,0,0,0,0,0,0,0,0,0,0
457=107522,0,109,0,0,0,0,0,0,763.828,0,111.2,111,109.7,101.5,0.1,0,0,0,0,0.01,0,6.1,0,0,0,0,0,0,0,0,0,0,0,0,0,0,0,0,0,0,0,0,0,0,0,0,0,0,0,0,0
458=107522,0,109,0,0,0,0,0,0,763.828,0,111.2,111,109.7,101.5,0.1,0,0,0,0,0.01,0,6.1,0,0,0,0,0,0,0,0,0,0,0,0,0,0,0,0,0,0,0,0,0,0,0,0,0,0,0,0,0
459=107862,0,108.9,0,0,0,0,0,0,763.828,0,111,110.8,109.6,101.4,0.1,0,0,0,0,0.01,0,6.1,0,0,0,0,0,0,0,0,0,0,0,0,0,0,0,0,0,0,0,0,0,0,0,0,0,0,0,0,0
460=107862,0,108.9,0,0,0,0,0,0,763.828,0,111,110.8,109.6,101.4,0.1,0,0,0,0,0.01,0,6.1,0,0,0,0,0,0,0,0,0,0,0,0,0,0,0,0,0,0,0,0,0,0,0,0,0,0,0,0,0
461=108186,0,108.8,0,0,0,0,0,0,763.828,0,110.9,110.7,109.5,101.3,0.1,0,0,0,0,0.02,0,6.1,0,0,0,0,0,0,0,0,0,0,0,0,0,0,0,0,0,0,0,0,0,0,0,0,0,0,0,0,0
462=108186,0,108.8,0,0,0,0,0,0,763.828,0,110.9,110.7,109.5,101.3,0.1,0,0,0,0,0.02,0,6.1,0,0,0,0,0,0,0,0,0,0,0,0,0,0,0,0,0,0,0,0,0,0,0,0,0,0,0,0,0
463=108523,0,108.8,0,0,0,0,0,0,763.828,0,110.9,110.7,109.5,101.3,0.1,0,0,0,0,0.02,0,6.1,0,0,0,0,0,0,0,0,0,0,0,0,0,0,0,0,0,0,0,0,0,0,0,0,0,0,0,0,0
464=108523,0,108.8,0,0,0,0,0,0,763.828,0,110.9,110.7,109.5,101.3,0.1,0,0,0,0,0.02,0,6.1,0,0,0,0,0,0,0,0,0,0,0,0,0,0,0,0,0,0,0,0,0,0,0,0,0,0,0,0,0
465=108848,0,108.6,0,0,0,0,0,0,763.828,0,110.8,110.5,109.3,101.2,0.1,0,0,0,0,0.02,0,6.1,0,0,0,0,0,0,0,0,0,0,0,0,0,0,0,0,0,0,0,0,0,0,0,0,0,0,0,0,0
466=108848,0,108.6,0,0,0,0,0,0,763.828,0,110.8,110.5,109.3,101.2,0.1,0,0,0,0,0.02,0,6.1,0,0,0,0,0,0,0,0,0,0,0,0,0,0,0,0,0,0,0,0,0,0,0,0,0,0,0,0,0
467=109239,0,108.5,0,0,0,0,0,0,763.828,0,110.6,110.4,109.2,101.1,0.1,0,0,0,0,0.02,0,6.1,0,0,0,0,0,0,0,0,0,0,0,0,0,0,0,0,0,0,0,0,0,0,0,0,0,0,0,0,0
468=109239,0,108.5,0,0,0,0,0,0,763.828,0,110.6,110.4,109.2,101.1,0.1,0,0,0,0,0.02,0,6.1,0,0,0,0,0,0,0,0,0,0,0,0,0,0,0,0,0,0,0,0,0,0,0,0,0,0,0,0,0
469=109582,0,108.4,0,0,0,0,0,0,763.828,0,110.5,110.3,109.1,101,0.1,0,0,0,0,0.03,0,6.1,0,0,0,0,0,0,0,0,0,0,0,0,0,0,0,0,0,0,0,0,0,0,0,0,0,0,0,0,0
470=109582,0,108.4,0,0,0,0,0,0,763.828,0,110.5,110.3,109.1,101,0.1,0,0,0,0,0.03,0,6.1,0,0,0,0,0,0,0,0,0,0,0,0,0,0,0,0,0,0,0,0,0,0,0,0,0,0,0,0,0
471=109928,0,108.2,0,0,0,0,0,0,763.828,0,110.4,110.1,108.9,100.9,0.1,0,0,0,0,0.04,0,6.1,0,0,0,0,0,0,0,0,0,0,0,0,0,0,0,0,0,0,0,0,0,0,0,0,0,0,0,0,0
472=109928,0,108.2,0,0,0,0,0,0,763.828,0,110.4,110.1,108.9,100.9,0.1,0,0,0,0,0.04,0,6.1,0,0,0,0,0,0,0,0,0,0,0,0,0,0,0,0,0,0,0,0,0,0,0,0,0,0,0,0,0
473=110256,0,108.1,0,0,0,0,0,0,763.828,0,110.3,110,108.8,100.9,0.1,0,0,0,0,0.04,0,6.1,0,0,0,0,0,0,0,0,0,0,0,0,0,0,0,0,0,0,0,0,0,0,0,0,0,0,0,0,0
474=110256,0,108.1,0,0,0,0,0,0,763.828,0,110.3,110,108.8,100.9,0.1,0,0,0,0,0.04,0,6.1,0,0,0,0,0,0,0,0,0,0,0,0,0,0,0,0,0,0,0,0,0,0,0,0,0,0,0,0,0
475=110590,0,108.1,0,0,0,0,0,0,763.828,0,110.3,110,108.8,100.8,0.1,0,0,0,0,0.04,0,6.1,0,0,0,0,0,0,0,0,0,0,0,0,0,0,0,0,0,0,0,0,0,0,0,0,0,0,0,0,0
476=110590,0,108.1,0,0,0,0,0,0,763.828,0,110.3,110,108.8,100.8,0.1,0,0,0,0,0.04,0,6.1,0,0,0,0,0,0,0,0,0,0,0,0,0,0,0,0,0,0,0,0,0,0,0,0,0,0,0,0,0
477=110949,0,108,0,0,0,0,0,0,763.828,0,110.2,109.9,108.7,100.8,0.1,0,0,0,0,0.05,0,6.1,0,0,0,0,0,0,0,0,0,0,0,0,0,0,0,0,0,0,0,0,0,0,0,0,0,0,0,0,0
478=110949,0,108,0,0,0,0,0,0,763.828,0,110.2,109.9,108.7,100.8,0.1,0,0,0,0,0.05,0,6.1,0,0,0,0,0,0,0,0,0,0,0,0,0,0,0,0,0,0,0,0,0,0,0,0,0,0,0,0,0
479=111349,0,107.9,0,0,0,0,0,0,763.828,0,110.1,109.8,108.6,100.7,0.1,0,0,0,0,0.05,0,6.1,0,0,0,0,0,0,0,0,0,0,0,0,0,0,0,0,0,0,0,0,0,0,0,0,0,0,0,0,0
480=111349,0,107.9,0,0,0,0,0,0,763.828,0,110.1,109.8,108.6,100.7,0.1,0,0,0,0,0.05,0,6.1,0,0,0,0,0,0,0,0,0,0,0,0,0,0,0,0,0,0,0,0,0,0,0,0,0,0,0,0,0
481=111728,0,107.7,0,0,0,0,0,0,763.828,0,109.9,109.6,108.4,100.5,0.1,0,0,0,0,0.07,0,6.1,0,0,0,0,0,0,0,0,0,0,0,0,0,0,0,0,0,0,0,0,0,0,0,0,0,0,0,0,0
482=111728,0,107.7,0,0,0,0,0,0,763.828,0,109.9,109.6,108.4,100.5,0.1,0,0,0,0,0.07,0,6.1,0,0,0,0,0,0,0,0,0,0,0,0,0,0,0,0,0,0,0,0,0,0,0,0,0,0,0,0,0
483=112087,0,107.6,0,0,0,0,0,0,763.828,0,109.7,109.5,108.3,100.4,0.1,0,0,0,0,0.07,0,6.1,0,0,0,0,0,0,0,0,0,0,0,0,0,0,0,0,0,0,0,0,0,0,0,0,0,0,0,0,0
484=112087,0,107.6,0,0,0,0,0,0,763.828,0,109.7,109.5,108.3,100.4,0.1,0,0,0,0,0.07,0,6.1,0,0,0,0,0,0,0,0,0,0,0,0,0,0,0,0,0,0,0,0,0,0,0,0,0,0,0,0,0
485=112384,0,107.6,0,0,0,0,0,0,763.828,0,109.7,109.5,108.3,100.4,0.1,0,0,0,0,0.07,0,6.1,0,0,0,0,0,0,0,0,0,0,0,0,0,0,0,0,0,0,0,0,0,0,0,0,0,0,0,0,0
486=112384,0,107.6,0,0,0,0,0,0,763.828,0,109.7,109.5,108.3,100.4,0.1,0,0,0,0,0.07,0,6.1,0,0,0,0,0,0,0,0,0,0,0,0,0,0,0,0,0,0,0,0,0,0,0,0,0,0,0,0,0
487=112728,0,107.5,0,0,0,0,0,0,763.828,0,109.6,109.3,108.2,100.3,0.1,0,0,0,0,0.08,0,6.1,0,0,0,0,0,0,0,0,0,0,0,0,0,0,0,0,0,0,0,0,0,0,0,0,0,0,0,0,0
488=112728,0,107.5,0,0,0,0,0,0,763.828,0,109.6,109.3,108.2,100.3,0.1,0,0,0,0,0.08,0,6.1,0,0,0,0,0,0,0,0,0,0,0,0,0,0,0,0,0,0,0,0,0,0,0,0,0,0,0,0,0
489=113072,0,107.4,0,0,0,0,0,0,763.828,0,109.5,109.2,108.1,100.2,0.1,0,0,0,0,0.09,0,6.1,0,0,0,0,0,0,0,0,0,0,0,0,0,0,0,0,0,0,0,0,0,0,0,0,0,0,0,0,0
490=113072,0,107.4,0,0,0,0,0,0,763.828,0,109.5,109.2,108.1,100.2,0.1,0,0,0,0,0.09,0,6.1,0,0,0,0,0,0,0,0,0,0,0,0,0,0,0,0,0,0,0,0,0,0,0,0,0,0,0,0,0
491=113384,0,107.4,0,0,0,0,0,0,763.828,0,109.5,109.2,108.1,100.2,0.1,0,0,0,0,0.09,0,6.1,0,0,0,0,0,0,0,0,0,0,0,0,0,0,0,0,0,0,0,0,0,0,0,0,0,0,0,0,0
492=113384,0,107.4,0,0,0,0,0,0,763.828,0,109.5,109.2,108.1,100.2,0.1,0,0,0,0,0.09,0,6.1,0,0,0,0,0,0,0,0,0,0,0,0,0,0,0,0,0,0,0,0,0,0,0,0,0,0,0,0,0
493=113858,0,107.3,0,0,0,0,0,0,763.828,0,109.4,109.1,108,100.1,0.1,0,0,0,0,0.1,0,6.1,0,0,0,0,0,0,0,0,0,0,0,0,0,0,0,0,0,0,0,0,0,0,0,0,0,0,0,0,0
494=113858,0,107.3,0,0,0,0,0,0,763.828,0,109.4,109.1,108,100.1,0.1,0,0,0,0,0.1,0,6.1,0,0,0,0,0,0,0,0,0,0,0,0,0,0,0,0,0,0,0,0,0,0,0,0,0,0,0,0,0
495=114218,0,107.1,0,0,0,0,0,0,763.828,0,109.2,108.9,107.8,100,0.1,0,0,0,0,0.11,0,6.1,0,0,0,0,0,0,0,0,0,0,0,0,0,0,0,0,0,0,0,0,0,0,0,0,0,0,0,0,0
496=114218,0,107.1,0,0,0,0,0,0,763.828,0,109.2,108.9,107.8,100,0.1,0,0,0,0,0.11,0,6.1,0,0,0,0,0,0,0,0,0,0,0,0,0,0,0,0,0,0,0,0,0,0,0,0,0,0,0,0,0
497=114530,0,107.1,0,0,0,0,0,0,763.828,0,109.1,108.8,107.7,100,0.1,0,0,0,0,0.12,0,6.1,0,0,0,0,0,0,0,0,0,0,0,0,0,0,0,0,0,0,0,0,0,0,0,0,0,0,0,0,0
498=114530,0,107.1,0,0,0,0,0,0,763.828,0,109.1,108.8,107.7,100,0.1,0,0,0,0,0.12,0,6.1,0,0,0,0,0,0,0,0,0,0,0,0,0,0,0,0,0,0,0,0,0,0,0,0,0,0,0,0,0
499=114908,0,106.9,0,0,0,0,0,0,763.828,0,109,108.7,107.6,99.9,0.1,0,0,0,0,0.13,0,6.1,0,0,0,0,0,0,0,0,0,0,0,0,0,0,0,0,0,0,0,0,0,0,0,0,0,0,0,0,0
500=114908,0,106.9,0,0,0,0,0,0,763.828,0,109,108.7,107.6,99.9,0.1,0,0,0,0,0.13,0,6.1,0,0,0,0,0,0,0,0,0,0,0,0,0,0,0,0,0,0,0,0,0,0,0,0,0,0,0,0,0
501=115236,0,106.8,0,0,0,0,0,0,763.828,0,108.9,108.6,107.5,99.8,0.1,0,0,0,0,0.14,0,6.1,0,0,0,0,0,0,0,0,0,0,0,0,0,0,0,0,0,0,0,0,0,0,0,0,0,0,0,0,0
502=115236,0,106.8,0,0,0,0,0,0,763.828,0,108.9,108.6,107.5,99.8,0.1,0,0,0,0,0.14,0,6.1,0,0,0,0,0,0,0,0,0,0,0,0,0,0,0,0,0,0,0,0,0,0,0,0,0,0,0,0,0
503=115564,0,106.8,0,0,0,0,0,0,763.828,0,108.9,108.6,107.5,99.8,0.1,0,0,0,0,0.14,0,6.1,0,0,0,0,0,0,0,0,0,0,0,0,0,0,0,0,0,0,0,0,0,0,0,0,0,0,0,0,0
504=115564,0,106.8,0,0,0,0,0,0,763.828,0,108.9,108.6,107.5,99.8,0.1,0,0,0,0,0.14,0,6.1,0,0,0,0,0,0,0,0,0,0,0,0,0,0,0,0,0,0,0,0,0,0,0,0,0,0,0,0,0
505=115955,0,106.7,0,0,0,0,0,0,763.828,0,108.8,108.5,107.4,99.7,0.1,0,0,0,0,0.15,0,6.1,0,0,0,0,0,0,0,0,0,0,0,0,0,0,0,0,0,0,0,0,0,0,0,0,0,0,0,0,0
506=115955,0,106.7,0,0,0,0,0,0,763.828,0,108.8,108.5,107.4,99.7,0.1,0,0,0,0,0.15,0,6.1,0,0,0,0,0,0,0,0,0,0,0,0,0,0,0,0,0,0,0,0,0,0,0,0,0,0,0,0,0
507=116330,0,106.5,0,0,0,0,0,0,763.828,0,108.6,108.2,107.2,99.5,0.1,0,0,0,0,0.17,0,6.1,0,0,0,0,0,0,0,0,0,0,0,0,0,0,0,0,0,0,0,0,0,0,0,0,0,0,0,0,0
508=116330,0,106.5,0,0,0,0,0,0,763.828,0,108.6,108.2,107.2,99.5,0.1,0,0,0,0,0.17,0,6.1,0,0,0,0,0,0,0,0,0,0,0,0,0,0,0,0,0,0,0,0,0,0,0,0,0,0,0,0,0
509=116639,0,106.5,0,0,0,0,0,0,763.828,0,108.6,108.2,107.2,99.5,0.1,0,0,0,0,0.17,0,6.1,0,0,0,0,0,0,0,0,0,0,0,0,0,0,0,0,0,0,0,0,0,0,0,0,0,0,0,0,0
510=116639,0,106.5,0,0,0,0,0,0,763.828,0,108.6,108.2,107.2,99.5,0.1,0,0,0,0,0.17,0,6.1,0,0,0,0,0,0,0,0,0,0,0,0,0,0,0,0,0,0,0,0,0,0,0,0,0,0,0,0,0
511=117077,0,106.4,0,0,0,0,0,0,763.828,0,108.5,108.2,107.1,99.4,0.1,0,0,0,0,0.19,0,6.1,0,0,0,0,0,0,0,0,0,0,0,0,0,0,0,0,0,0,0,0,0,0,0,0,0,0,0,0,0
512=117077,0,106.4,0,0,0,0,0,0,763.828,0,108.5,108.2,107.1,99.4,0.1,0,0,0,0,0.19,0,6.1,0,0,0,0,0,0,0,0,0,0,0,0,0,0,0,0,0,0,0,0,0,0,0,0,0,0,0,0,0
513=117368,0,106.4,0,0,0,0,0,0,763.828,0,108.5,108.2,107.1,99.4,0.1,0,0,0,0,0.19,0,6.1,0,0,0,0,0,0,0,0,0,0,0,0,0,0,0,0,0,0,0,0,0,0,0,0,0,0,0,0,0
514=117368,0,106.4,0,0,0,0,0,0,763.828,0,108.5,108.2,107.1,99.4,0.1,0,0,0,0,0.19,0,6.1,0,0,0,0,0,0,0,0,0,0,0,0,0,0,0,0,0,0,0,0,0,0,0,0,0,0,0,0,0
515=117642,0,106.4,0,0,0,0,0,0,763.828,0,108.5,108.2,107.1,99.4,0.1,0,0,0,0,0.19,0,6.1,0,0,0,0,0,0,0,0,0,0,0,0,0,0,0,0,0,0,0,0,0,0,0,0,0,0,0,0,0
516=117642,0,106.4,0,0,0,0,0,0,763.828,0,108.5,108.2,107.1,99.4,0.1,0,0,0,0,0.19,0,6.1,0,0,0,0,0,0,0,0,0,0,0,0,0,0,0,0,0,0,0,0,0,0,0,0,0,0,0,0,0
517=117927,0,106.4,0,0,0,0,0,0,763.828,0,108.5,108.2,107.1,99.4,0.1,0,0,0,0,0.19,0,6.1,0,0,0,0,0,0,0,0,0,0,0,0,0,0,0,0,0,0,0,0,0,0,0,0,0,0,0,0,0
518=117927,0,106.4,0,0,0,0,0,0,763.828,0,108.5,108.2,107.1,99.4,0.1,0,0,0,0,0.19,0,6.1,0,0,0,0,0,0,0,0,0,0,0,0,0,0,0,0,0,0,0,0,0,0,0,0,0,0,0,0,0
519=118282,0,106.4,0,0,0,0,0,0,763.828,0,108.5,108.2,107.1,99.4,0.1,0,0,0,0,0.19,0,6.1,0,0,0,0,0,0,0,0,0,0,0,0,0,0,0,0,0,0,0,0,0,0,0,0,0,0,0,0,0
520=118282,0,106.4,0,0,0,0,0,0,763.828,0,108.5,108.2,107.1,99.4,0.1,0,0,0,0,0.19,0,6.1,0,0,0,0,0,0,0,0,0,0,0,0,0,0,0,0,0,0,0,0,0,0,0,0,0,0,0,0,0
521=118638,0,106.4,0,0,0,0,0,0,763.828,0,108.5,108.2,107.1,99.4,0.1,0,0,0,0,0.19,0,6.1,0,0,0,0,0,0,0,0,0,0,0,0,0,0,0,0,0,0,0,0,0,0,0,0,0,0,0,0,0
522=118638,0,106.4,0,0,0,0,0,0,763.828,0,108.5,108.2,107.1,99.4,0.1,0,0,0,0,0.19,0,6.1,0,0,0,0,0,0,0,0,0,0,0,0,0,0,0,0,0,0,0,0,0,0,0,0,0,0,0,0,0
523=118973,0.64,105.9,0,0,0,0,0,0,763.828,0,107.9,107.6,106.5,99,0.1,0.64,0.63,0.64,0.65,0.57,0,6.1,0,0,0,0,0,0,0,0,0,0,0,0,0,0,0,0,0,0,0,0,0,0,0,0,0,0,0,0,0
524=118973,0.64,105.9,0,0,0,0,0,0,763.828,0,107.9,107.6,106.5,99,0.1,0.64,0.63,0.64,0.65,0.57,0,6.1,0,0,0,0,0,0,0,0,0,0,0,0,0,0,0,0,0,0,0,0,0,0,0,0,0,0,0,0,0
525=119318,0.85,105.8,0,0,0,0,0,0,763.828,0,107.8,107.5,106.4,98.9,0.1,0.85,0.83,0.84,0.85,0.67,0,6.1,0,0,0,0,0,0,0,0,0,0,0,0,0,0,0,0,0,0,0,0,0,0,0,0,0,0,0,0,0
526=119318,0.85,105.8,0,0,0,0,0,0,763.828,0,107.8,107.5,106.4,98.9,0.1,0.85,0.83,0.84,0.85,0.67,0,6.1,0,0,0,0,0,0,0,0,0,0,0,0,0,0,0,0,0,0,0,0,0,0,0,0,0,0,0,0,0
527=119644,0.85,105.8,0,0,0,0,0,0,763.828,0,107.8,107.5,106.4,98.9,0.1,0.85,0.83,0.84,0.85,0.67,0,6.1,0,0,0,0,0,0,0,0,0,0,0,0,0,0,0,0,0,0,0,0,0,0,0,0,0,0,0,0,0
528=119644,0.85,105.8,0,0,0,0,0,0,763.828,0,107.8,107.5,106.4,98.9,0.1,0.85,0.83,0.84,0.85,0.67,0,6.1,0,0,0,0,0,0,0,0,0,0,0,0,0,0,0,0,0,0,0,0,0,0,0,0,0,0,0,0,0
529=119980,1.03,105.7,0,0,0,0,0,0,763.828,0,107.7,107.3,106.3,98.8,0.1,1.03,1.01,1.02,1.04,0.79,0,6.1,0,0,0,0,0,0,0,0,0,0,0,0,0,0,0,0,0,0,0,0,0,0,0,0,0,0,0,0,0
530=119980,1.03,105.7,0,0,0,0,0,0,763.828,0,107.7,107.3,106.3,98.8,0.1,1.03,1.01,1.02,1.04,0.79,0,6.1,0,0,0,0,0,0,0,0,0,0,0,0,0,0,0,0,0,0,0,0,0,0,0,0,0,0,0,0,0
531=120461,1.15,105.6,0,0,0,0,0,0,763.828,0,107.6,107.2,106.2,98.7,0.1,1.15,1.12,1.13,1.16,0.88,0,6.1,0,0,0,0,0,0,0,0,0,0,0,0,0,0,0,0,0,0,0,0,0,0,0,0,0,0,0,0,0
532=120461,1.15,105.6,0,0,0,0,0,0,763.828,0,107.6,107.2,106.2,98.7,0.1,1.15,1.12,1.13,1.16,0.88,0,6.1,0,0,0,0,0,0,0,0,0,0,0,0,0,0,0,0,0,0,0,0,0,0,0,0,0,0,0,0,0
533=120789,1.32,105.5,0,0,0,0,0,0,763.828,0,107.5,107.1,106.1,98.6,0.1,1.32,1.28,1.29,1.33,1,0,6.1,0,0,0,0,0,0,0,0,0,0,0,0,0,0,0,0,0,0,0,0,0,0,0,0,0,0,0,0,0
534=120789,1.32,105.5,0,0,0,0,0,0,763.828,0,107.5,107.1,106.1,98.6,0.1,1.32,1.28,1.29,1.33,1,0,6.1,0,0,0,0,0,0,0,0,0,0,0,0,0,0,0,0,0,0,0,0,0,0,0,0,0,0,0,0,0
535=121117,1.49,105.4,0,0,0,0,0,0,763.828,0,107.3,107,106,98.6,0.1,1.49,1.43,1.46,1.5,1.12,0,6.1,0,0,0,0,0,0,0,0,0,0,0,0,0,0,0,0,0,0,0,0,0,0,0,0,0,0,0,0,0
536=121117,1.49,105.4,0,0,0,0,0,0,763.828,0,107.3,107,106,98.6,0.1,1.49,1.43,1.46,1.5,1.12,0,6.1,0,0,0,0,0,0,0,0,0,0,0,0,0,0,0,0,0,0,0,0,0,0,0,0,0,0,0,0,0
537=121445,1.64,105.3,0,0,0,0,0,0,763.828,0,107.2,106.9,105.9,98.5,0.1,1.64,1.56,1.59,1.64,1.21,0,6.1,0,0,0,0,0,0,0,0,0,0,0,0,0,0,0,0,0,0,0,0,0,0,0,0,0,0,0,0,0
538=121445,1.64,105.3,0,0,0,0,0,0,763.828,0,107.2,106.9,105.9,98.5,0.1,1.64,1.56,1.59,1.64,1.21,0,6.1,0,0,0,0,0,0,0,0,0,0,0,0,0,0,0,0,0,0,0,0,0,0,0,0,0,0,0,0,0
539=121789,1.64,105.3,0,0,0,0,0,0,763.828,0,107.2,106.9,105.9,98.5,0.1,1.64,1.56,1.59,1.64,1.21,0,6.1,0,0,0,0,0,0,0,0,0,0,0,0,0,0,0,0,0,0,0,0,0,0,0,0,0,0,0,0,0
540=121789,1.64,105.3,0,0,0,0,0,0,763.828,0,107.2,106.9,105.9,98.5,0.1,1.64,1.56,1.59,1.64,1.21,0,6.1,0,0,0,0,0,0,0,0,0,0,0,0,0,0,0,0,0,0,0,0,0,0,0,0,0,0,0,0,0
541=122101,1.82,105.2,0,0,0,0,0,0,763.828,0,107.1,106.8,105.8,98.6,0.1,1.82,1.73,1.76,1.82,1.31,0,6.1,0,0,0,0,0,0,0,0,0,0,0,0,0,0,0,0,0,0,0,0,0,0,0,0,0,0,0,0,0
542=122101,1.82,105.2,0,0,0,0,0,0,763.828,0,107.1,106.8,105.8,98.6,0.1,1.82,1.73,1.76,1.82,1.31,0,6.1,0,0,0,0,0,0,0,0,0,0,0,0,0,0,0,0,0,0,0,0,0,0,0,0,0,0,0,0,0
543=122454,1.98,105.1,0,0,0,0,0,0,763.828,0,107,106.7,105.7,98.7,0.1,1.98,1.89,1.92,1.99,1.38,0,6.1,0,0,0,0,0,0,0,0,0,0,0,0,0,0,0,0,0,0,0,0,0,0,0,0,0,0,0,0,0
544=122454,1.98,105.1,0,0,0,0,0,0,763.828,0,107,106.7,105.7,98.7,0.1,1.98,1.89,1.92,1.99,1.38,0,6.1,0,0,0,0,0,0,0,0,0,0,0,0,0,0,0,0,0,0,0,0,0,0,0,0,0,0,0,0,0
545=122867,2.14,105.1,0,0,0,0,0,0,763.828,0,107,106.6,105.6,99.1,0.1,2.14,2.04,2.07,2.14,1.4,0,6.1,0,0,0,0,0,0,0,0,0,0,0,0,0,0,0,0,0,0,0,0,0,0,0,0,0,0,0,0,0
546=122867,2.14,105.1,0,0,0,0,0,0,763.828,0,107,106.6,105.6,99.1,0.1,2.14,2.04,2.07,2.14,1.4,0,6.1,0,0,0,0,0,0,0,0,0,0,0,0,0,0,0,0,0,0,0,0,0,0,0,0,0,0,0,0,0
547=123243,2.29,105.1,0,0,0,0,0,0,763.828,0,107,106.6,105.6,99.9,0.1,2.29,2.19,2.2,2.28,1.35,0,6.2,0,0,0,0,0,0,0,0,0,0,0,0,0,0,0,0,0,0,0,0,0,0,0,0,0,0,0,0,0
548=123243,2.29,105.1,0,0,0,0,0,0,763.828,0,107,106.6,105.6,99.9,0.1,2.29,2.19,2.2,2.28,1.35,0,6.2,0,0,0,0,0,0,0,0,0,0,0,0,0,0,0,0,0,0,0,0,0,0,0,0,0,0,0,0,0
549=123585,2.37,105.2,0,0,0,0,0,0,763.828,0,107,106.7,105.7,100.7,0.1,2.37,2.27,2.27,2.36,1.27,0,6.2,0,0,0,0,0,0,0,0,0,0,0,0,0,0,0,0,0,0,0,0,0,0,0,0,0,0,0,0,0
550=123585,2.37,105.2,0,0,0,0,0,0,763.828,0,107,106.7,105.7,100.7,0.1,2.37,2.27,2.27,2.36,1.27,0,6.2,0,0,0,0,0,0,0,0,0,0,0,0,0,0,0,0,0,0,0,0,0,0,0,0,0,0,0,0,0
