[COMMENT]
RecordTime=2024/11/7 ¤U¤È 04:22:01
InputDevice=1
InputObject=0
ColumnName=Index,Time,Intensity,TC,Pump,Gas1~4,Pressure,MTC1~5,Power1~5,O2
PumpDownTime=0
[STEP 1]
ACTION=Idle
TEMP=0
TIME=3
GN2=0
PN2=0
AO2=0
BO2=0
NA=0
Pump=0
[STEP 2]
ACTION=Idle
TEMP=0
TIME=3
GN2=40
PN2=0
AO2=0
BO2=0
NA=0
Pump=0
[STEP 3]
ACTION=Idle
TEMP=0
TIME=3
GN2=0
PN2=0
AO2=0
BO2=0
NA=0
Pump=0
[STEP 4]
ACTION=Idle
TEMP=0
TIME=3
GN2=0
PN2=0
AO2=3
BO2=0
NA=0
Pump=0
[STEP 5]
ACTION=Ramp up
TEMP=100
TIME=40
GN2=0
PN2=0
AO2=3
BO2=0
NA=0
Pump=0
[STEP 6]
ACTION=Hold
TEMP=100
TIME=60
GN2=0
PN2=0
AO2=3
BO2=0
NA=0
Pump=0
[STEP 7]
ACTION=Ramp up
TEMP=150
TIME=30
GN2=0
PN2=0
AO2=3
BO2=0
NA=0
Pump=0
[STEP 8]
ACTION=Hold
TEMP=150
TIME=240
GN2=0
PN2=0
AO2=3
BO2=0
NA=0
Pump=0
[STEP 9]
ACTION=Idle
TEMP=0
TIME=10
GN2=1
PN2=0
AO2=0
BO2=0
NA=0
Pump=0
[STEP 10]
ACTION=Idle
TEMP=0
TIME=120
GN2=90
PN2=0
AO2=0
BO2=0
NA=0
Pump=0
[STEP 11]
ACTION=Idle
TEMP=0
TIME=10
GN2=5
PN2=0
AO2=0
BO2=0
NA=0
Pump=0
[STEP 12]
ACTION=Stop
TEMP=0
TIME=0
GN2=0
PN2=0
AO2=0
BO2=0
NA=0
Pump=0
[STEP 13]
ACTION=Stop
TEMP=0
TIME=0
GN2=0
PN2=0
AO2=0
BO2=0
NA=0
Pump=0
[STEP 14]
ACTION=Stop
TEMP=0
TIME=0
GN2=0
PN2=0
AO2=0
BO2=0
NA=0
Pump=0
[STEP 15]
ACTION=Stop
TEMP=0
TIME=0
GN2=0
PN2=0
AO2=0
BO2=0
NA=0
Pump=0
[STEP 16]
ACTION=Stop
TEMP=0
TIME=0
GN2=0
PN2=0
AO2=0
BO2=0
NA=0
Pump=0
[STEP 17]
ACTION=Stop
TEMP=0
TIME=0
GN2=0
PN2=0
AO2=0
BO2=0
NA=0
Pump=0
[STEP 18]
ACTION=Stop
TEMP=0
TIME=0
GN2=0
PN2=0
AO2=0
BO2=0
NA=0
Pump=0
[STEP 19]
ACTION=Stop
TEMP=0
TIME=0
GN2=0
PN2=0
AO2=0
BO2=0
NA=0
Pump=0
[STEP 20]
ACTION=Stop
TEMP=0
TIME=0
GN2=0
PN2=0
AO2=0
BO2=0
NA=0
Pump=0
[STEP 21]
ACTION=Stop
TEMP=0
TIME=0
GN2=0
PN2=0
AO2=0
BO2=0
NA=0
Pump=0
[STEP 22]
ACTION=Stop
TEMP=0
TIME=0
GN2=0
PN2=0
AO2=0
BO2=0
NA=0
Pump=0
[STEP 23]
ACTION=Stop
TEMP=0
TIME=0
GN2=0
PN2=0
AO2=0
BO2=0
NA=0
Pump=0
[STEP 24]
ACTION=Stop
TEMP=0
TIME=0
GN2=0
PN2=0
AO2=0
BO2=0
NA=0
Pump=0
[STEP 25]
ACTION=Stop
TEMP=0
TIME=0
GN2=0
PN2=0
AO2=0
BO2=0
NA=0
Pump=0
[STEP 26]
ACTION=Stop
TEMP=0
TIME=0
GN2=0
PN2=0
AO2=0
BO2=0
NA=0
Pump=0
[STEP 27]
ACTION=Stop
TEMP=0
TIME=0
GN2=0
PN2=0
AO2=0
BO2=0
NA=0
Pump=0
[STEP 28]
ACTION=Stop
TEMP=0
TIME=0
GN2=0
PN2=0
AO2=0
BO2=0
NA=0
Pump=0
[STEP 29]
ACTION=Stop
TEMP=0
TIME=0
GN2=0
PN2=0
AO2=0
BO2=0
NA=0
Pump=0
[STEP 30]
ACTION=Stop
TEMP=0
TIME=0
GN2=0
PN2=0
AO2=0
BO2=0
NA=0
Pump=0
[STEP 31]
ACTION=Stop
TEMP=0
TIME=0
GN2=0
PN2=0
AO2=0
BO2=0
NA=0
Pump=0
[STEP 32]
ACTION=Stop
TEMP=0
TIME=0
GN2=0
PN2=0
AO2=0
BO2=0
NA=0
Pump=0
[STEP 33]
ACTION=Stop
TEMP=0
TIME=0
GN2=0
PN2=0
AO2=0
BO2=0
NA=0
Pump=0
[STEP 34]
ACTION=Stop
TEMP=0
TIME=0
GN2=0
PN2=0
AO2=0
BO2=0
NA=0
Pump=0
[STEP 35]
ACTION=Stop
TEMP=0
TIME=0
GN2=0
PN2=0
AO2=0
BO2=0
NA=0
Pump=0
[STEP 36]
ACTION=Stop
TEMP=0
TIME=0
GN2=0
PN2=0
AO2=0
BO2=0
NA=0
Pump=0
[STEP 37]
ACTION=Stop
TEMP=0
TIME=0
GN2=0
PN2=0
AO2=0
BO2=0
NA=0
Pump=0
[STEP 38]
ACTION=Stop
TEMP=0
TIME=0
GN2=0
PN2=0
AO2=0
BO2=0
NA=0
Pump=0
[STEP 39]
ACTION=Stop
TEMP=0
TIME=0
GN2=0
PN2=0
AO2=0
BO2=0
NA=0
Pump=0
[STEP 40]
ACTION=Stop
TEMP=0
TIME=0
GN2=0
PN2=0
AO2=0
BO2=0
NA=0
Pump=0
[STEP 41]
ACTION=Stop
TEMP=0
TIME=0
GN2=0
PN2=0
AO2=0
BO2=0
NA=0
Pump=0
[STEP 42]
ACTION=Stop
TEMP=0
TIME=0
GN2=0
PN2=0
AO2=0
BO2=0
NA=0
Pump=0
[STEP 43]
ACTION=Stop
TEMP=0
TIME=0
GN2=0
PN2=0
AO2=0
BO2=0
NA=0
Pump=0
[STEP 44]
ACTION=Stop
TEMP=0
TIME=0
GN2=0
PN2=0
AO2=0
BO2=0
NA=0
Pump=0
[STEP 45]
ACTION=Stop
TEMP=0
TIME=0
GN2=0
PN2=0
AO2=0
BO2=0
NA=0
Pump=0
[STEP 46]
ACTION=Stop
TEMP=0
TIME=0
GN2=0
PN2=0
AO2=0
BO2=0
NA=0
Pump=0
[STEP 47]
ACTION=Stop
TEMP=0
TIME=0
GN2=0
PN2=0
AO2=0
BO2=0
NA=0
Pump=0
[STEP 48]
ACTION=Stop
TEMP=0
TIME=0
GN2=0
PN2=0
AO2=0
BO2=0
NA=0
Pump=0
[STEP 49]
ACTION=Stop
TEMP=0
TIME=0
GN2=0
PN2=0
AO2=0
BO2=0
NA=0
Pump=0
[STEP 50]
ACTION=Stop
TEMP=0
TIME=0
GN2=0
PN2=0
AO2=0
BO2=0
NA=0
Pump=0
[COFFICIENT]
IntensityWeightD1=0
IntensityWeightD2=0
IntensityWeightD3=0
IntensityWeightD4=0.2
IntensityWeightD5=0
IntensityWeightS1=0
IntensityWeightS2=0
IntensityWeightS3=0
IntensityWeightS4=0
IntensityWeightS5=0
[CONTROL_LOOP]
Proportional=0.04
Proportional2=0.04
Integrnal=0.001
Integral2=0.00065
Derivational=0
Factor1=0
Factor2=0
InputDevice=1
Overshoot=200
[PROCESS_RECORD]
No=Time,Intensity,TC1,NA,Gas1,Gas2,Gas3,Gas4,Gas5,Pressure,Gas6,TC2,TC3,TC4,TC5,TC6,Power1,Power2,Power3,Power4,Power5,O2-Gauge,TC7,O2,MTC8,MTC9,MTC10,MTC11,MTC12,MTC13,MTC14,MTC15,MTC16,MTC17,MTC18,MTC19,MTC20,MTC21,MTC22,MTC23
0=6150,0,87.2,0,0,0,0,0,0,763.828,0,86.9,83.4,87.2,79.9,0.1,0,0,0,0,0,0,6.1,0,0,0,0,0,0,0,0,0,0,0,0,0,0,0,0,0,0,0,0,0,0,0,0,0,0,0,0,0
1=7125,0,87.2,0,0,0,0,0,0,763.828,0,86.9,83.4,87.1,79.9,0.1,0,0,0,0,0,0,6.1,0,0,0,0,0,0,0,0,0,0,0,0,0,0,0,0,0,0,0,0,0,0,0,0,0,0,0,0,0
2=10870,0,87,0,25.55,0,0,0,0,763.828,0,86.7,83.5,87,80,0.1,0,0,0,0,0,0,14.5,0,0,0,0,0,0,0,0,0,0,0,0,0,0,0,0,0,0,0,0,0,0,0,0,0,0,0,0,0
3=11862,0,87,0,39.961,0,0,0,0,763.828,0,86.7,83.5,86.9,80,0.1,0,0,0,0,0,0,15,0,0,0,0,0,0,0,0,0,0,0,0,0,0,0,0,0,0,0,0,0,0,0,0,0,0,0,0,0
4=14167,0,86.8,0,39.961,0,0,0,0,763.828,0,86.6,83.5,86.7,80,0.1,0,0,0,0,0,0,11.2,0,0,0,0,0,0,0,0,0,0,0,0,0,0,0,0,0,0,0,0,0,0,0,0,0,0,0,0,0
5=15196,0,86.7,0,10.904,0,0,0,0,763.828,0,86.5,83.5,86.5,79.9,0.1,0,0,0,0,0,0,7.9,0,0,0,0,0,0,0,0,0,0,0,0,0,0,0,0,0,0,0,0,0,0,0,0,0,0,0,0,0
6=18842,0,86.5,0,0,0,0,0,0,763.828,0,86.2,83.5,86.1,79.8,0.1,0,0,0,0,0,0,6.9,0,0,0,0,0,0,0,0,0,0,0,0,0,0,0,0,0,0,0,0,0,0,0,0,0,0,0,0,0
7=19848,0,86.4,0,0,0,0,0,0,763.828,0,86.2,83.5,86,79.8,0.1,0,0,0,0,0,0,6.3,0,0,0,0,0,0,0,0,0,0,0,0,0,0,0,0,0,0,0,0,0,0,0,0,0,0,0,0,0
8=19848,0,86.4,0,0,0,0,0,0,763.828,0,86.2,83.5,86,79.8,0.1,0,0,0,0,0,0,6.3,0,0,0,0,0,0,0,0,0,0,0,0,0,0,0,0,0,0,0,0,0,0,0,0,0,0,0,0,0
9=22282,0,86.3,0,0,0,0,0,0,763.828,0,86,83.5,85.8,79.8,0.1,0,0,0,0,0,0,6.1,0,0,0,0,0,0,0,0,0,0,0,0,0,0,0,0,0,0,0,0,0,0,0,0,0,0,0,0,0
10=22282,0,86.3,0,0,0,0,0,0,763.828,0,86,83.5,85.8,79.8,0.1,0,0,0,0,0,0,6.1,0,0,0,0,0,0,0,0,0,0,0,0,0,0,0,0,0,0,0,0,0,0,0,0,0,0,0,0,0
11=22693,0,86.2,0,0,0,0,0,0,763.828,0,86,83.5,85.8,79.8,0.1,0,0,0,0,0,0,6.1,0,0,0,0,0,0,0,0,0,0,0,0,0,0,0,0,0,0,0,0,0,0,0,0,0,0,0,0,0
12=22693,0,86.2,0,0,0,0,0,0,763.828,0,86,83.5,85.8,79.8,0.1,0,0,0,0,0,0,6.1,0,0,0,0,0,0,0,0,0,0,0,0,0,0,0,0,0,0,0,0,0,0,0,0,0,0,0,0,0
13=23103,0,86.2,0,0,0,0,0,0,763.828,0,86,83.5,85.8,79.8,0.1,0,0,0,0,0,0,6.1,0,0,0,0,0,0,0,0,0,0,0,0,0,0,0,0,0,0,0,0,0,0,0,0,0,0,0,0,0
14=23103,0,86.2,0,0,0,0,0,0,763.828,0,86,83.5,85.8,79.8,0.1,0,0,0,0,0,0,6.1,0,0,0,0,0,0,0,0,0,0,0,0,0,0,0,0,0,0,0,0,0,0,0,0,0,0,0,0,0
15=23513,0,86.2,0,0,0,0,0,0,763.828,0,86,83.5,85.8,79.8,0.1,0,0,0,0,0,0,6.1,0,0,0,0,0,0,0,0,0,0,0,0,0,0,0,0,0,0,0,0,0,0,0,0,0,0,0,0,0
16=23513,0,86.2,0,0,0,0,0,0,763.828,0,86,83.5,85.8,79.8,0.1,0,0,0,0,0,0,6.1,0,0,0,0,0,0,0,0,0,0,0,0,0,0,0,0,0,0,0,0,0,0,0,0,0,0,0,0,0
17=23919,0,86.2,0,0,0,0,0,0,763.828,0,86,83.5,85.7,79.8,0.1,0,0,0,0,0,0,6.1,0,0,0,0,0,0,0,0,0,0,0,0,0,0,0,0,0,0,0,0,0,0,0,0,0,0,0,0,0
18=23919,0,86.2,0,0,0,0,0,0,763.828,0,86,83.5,85.7,79.8,0.1,0,0,0,0,0,0,6.1,0,0,0,0,0,0,0,0,0,0,0,0,0,0,0,0,0,0,0,0,0,0,0,0,0,0,0,0,0
19=24324,0,86.2,0,0,0,0,0,0,763.828,0,85.9,83.5,85.7,79.8,0.1,0,0,0,0,0,0,6.1,0,0,0,0,0,0,0,0,0,0,0,0,0,0,0,0,0,0,0,0,0,0,0,0,0,0,0,0,0
20=24324,0,86.2,0,0,0,0,0,0,763.828,0,85.9,83.5,85.7,79.8,0.1,0,0,0,0,0,0,6.1,0,0,0,0,0,0,0,0,0,0,0,0,0,0,0,0,0,0,0,0,0,0,0,0,0,0,0,0,0
21=24730,0,86.1,0,0,0,0,0,0,763.828,0,85.9,83.5,85.7,79.8,0.1,0,0,0,0,0,0,6.1,0,0,0,0,0,0,0,0,0,0,0,0,0,0,0,0,0,0,0,0,0,0,0,0,0,0,0,0,0
22=24730,0,86.1,0,0,0,0,0,0,763.828,0,85.9,83.5,85.7,79.8,0.1,0,0,0,0,0,0,6.1,0,0,0,0,0,0,0,0,0,0,0,0,0,0,0,0,0,0,0,0,0,0,0,0,0,0,0,0,0
23=25138,0,86.1,0,0,0,0,0,0,763.828,0,85.9,83.5,85.7,79.8,0.1,0,0,0,0,0,0,6.1,0,0,0,0,0,0,0,0,0,0,0,0,0,0,0,0,0,0,0,0,0,0,0,0,0,0,0,0,0
24=25138,0,86.1,0,0,0,0,0,0,763.828,0,85.9,83.5,85.7,79.8,0.1,0,0,0,0,0,0,6.1,0,0,0,0,0,0,0,0,0,0,0,0,0,0,0,0,0,0,0,0,0,0,0,0,0,0,0,0,0
25=25569,0,86.1,0,0,0,0,0,0,763.828,0,85.9,83.4,85.6,79.8,0.1,0,0,0,0,0,0,6.1,0,0,0,0,0,0,0,0,0,0,0,0,0,0,0,0,0,0,0,0,0,0,0,0,0,0,0,0,0
26=25569,0,86.1,0,0,0,0,0,0,763.828,0,85.9,83.4,85.6,79.8,0.1,0,0,0,0,0,0,6.1,0,0,0,0,0,0,0,0,0,0,0,0,0,0,0,0,0,0,0,0,0,0,0,0,0,0,0,0,0
27=25938,0,86.1,0,0,0,0,0,0,763.828,0,85.9,83.4,85.6,79.8,0.1,0,0,0,0,0,0,6.1,0,0,0,0,0,0,0,0,0,0,0,0,0,0,0,0,0,0,0,0,0,0,0,0,0,0,0,0,0
28=25938,0,86.1,0,0,0,0,0,0,763.828,0,85.9,83.4,85.6,79.8,0.1,0,0,0,0,0,0,6.1,0,0,0,0,0,0,0,0,0,0,0,0,0,0,0,0,0,0,0,0,0,0,0,0,0,0,0,0,0
29=26354,0,86.1,0,0,0,0,0,0,763.828,0,85.9,83.4,85.6,79.8,0.1,0,0,0,0,0,0,6.1,0,0,0,0,0,0,0,0,0,0,0,0,0,0,0,0,0,0,0,0,0,0,0,0,0,0,0,0,0
30=26354,0,86.1,0,0,0,0,0,0,763.828,0,85.9,83.4,85.6,79.8,0.1,0,0,0,0,0,0,6.1,0,0,0,0,0,0,0,0,0,0,0,0,0,0,0,0,0,0,0,0,0,0,0,0,0,0,0,0,0
31=26766,0,86.1,0,0,0,0,0,0,763.828,0,85.9,83.4,85.6,79.8,0.1,0,0,0,0,0,0,6.1,0,0,0,0,0,0,0,0,0,0,0,0,0,0,0,0,0,0,0,0,0,0,0,0,0,0,0,0,0
32=26766,0,86.1,0,0,0,0,0,0,763.828,0,85.9,83.4,85.6,79.8,0.1,0,0,0,0,0,0,6.1,0,0,0,0,0,0,0,0,0,0,0,0,0,0,0,0,0,0,0,0,0,0,0,0,0,0,0,0,0
33=27158,0,86,0,0,0,0,0,0,763.828,0,85.8,83.4,85.6,79.8,0.1,0,0,0,0,0,0,6.1,0,0,0,0,0,0,0,0,0,0,0,0,0,0,0,0,0,0,0,0,0,0,0,0,0,0,0,0,0
34=27158,0,86,0,0,0,0,0,0,763.828,0,85.8,83.4,85.6,79.8,0.1,0,0,0,0,0,0,6.1,0,0,0,0,0,0,0,0,0,0,0,0,0,0,0,0,0,0,0,0,0,0,0,0,0,0,0,0,0
35=27567,0,86,0,0,0,0,0,0,763.828,0,85.8,83.4,85.5,79.8,0.1,0,0,0,0,0,0,6.1,0,0,0,0,0,0,0,0,0,0,0,0,0,0,0,0,0,0,0,0,0,0,0,0,0,0,0,0,0
36=27567,0,86,0,0,0,0,0,0,763.828,0,85.8,83.4,85.5,79.8,0.1,0,0,0,0,0,0,6.1,0,0,0,0,0,0,0,0,0,0,0,0,0,0,0,0,0,0,0,0,0,0,0,0,0,0,0,0,0
37=27981,0,86,0,0,0,0,0,0,763.828,0,85.8,83.4,85.5,79.8,0.1,0,0,0,0,0,0,6.1,0,0,0,0,0,0,0,0,0,0,0,0,0,0,0,0,0,0,0,0,0,0,0,0,0,0,0,0,0
38=27981,0,86,0,0,0,0,0,0,763.828,0,85.8,83.4,85.5,79.8,0.1,0,0,0,0,0,0,6.1,0,0,0,0,0,0,0,0,0,0,0,0,0,0,0,0,0,0,0,0,0,0,0,0,0,0,0,0,0
39=28391,0,86,0,0,0,0,0,0,763.828,0,85.8,83.4,85.5,79.8,0.1,0,0,0,0,0,0,6.1,0,0,0,0,0,0,0,0,0,0,0,0,0,0,0,0,0,0,0,0,0,0,0,0,0,0,0,0,0
40=28391,0,86,0,0,0,0,0,0,763.828,0,85.8,83.4,85.5,79.8,0.1,0,0,0,0,0,0,6.1,0,0,0,0,0,0,0,0,0,0,0,0,0,0,0,0,0,0,0,0,0,0,0,0,0,0,0,0,0
41=28788,0,86,0,0,0,0,0,0,763.828,0,85.8,83.4,85.5,79.8,0.1,0,0,0,0,0,0,6.1,0,0,0,0,0,0,0,0,0,0,0,0,0,0,0,0,0,0,0,0,0,0,0,0,0,0,0,0,0
42=28788,0,86,0,0,0,0,0,0,763.828,0,85.8,83.4,85.5,79.8,0.1,0,0,0,0,0,0,6.1,0,0,0,0,0,0,0,0,0,0,0,0,0,0,0,0,0,0,0,0,0,0,0,0,0,0,0,0,0
43=29189,0,85.9,0,0,0,0,0,0,763.828,0,85.8,83.4,85.5,79.8,0.1,0,0,0,0,0,0,6.1,0,0,0,0,0,0,0,0,0,0,0,0,0,0,0,0,0,0,0,0,0,0,0,0,0,0,0,0,0
44=29189,0,85.9,0,0,0,0,0,0,763.828,0,85.8,83.4,85.5,79.8,0.1,0,0,0,0,0,0,6.1,0,0,0,0,0,0,0,0,0,0,0,0,0,0,0,0,0,0,0,0,0,0,0,0,0,0,0,0,0
45=29601,0,85.9,0,0,0,0,0,0,763.828,0,85.8,83.4,85.5,79.8,0.1,0,0,0,0,0,0,6.1,0,0,0,0,0,0,0,0,0,0,0,0,0,0,0,0,0,0,0,0,0,0,0,0,0,0,0,0,0
46=29601,0,85.9,0,0,0,0,0,0,763.828,0,85.8,83.4,85.5,79.8,0.1,0,0,0,0,0,0,6.1,0,0,0,0,0,0,0,0,0,0,0,0,0,0,0,0,0,0,0,0,0,0,0,0,0,0,0,0,0
47=30007,0,85.9,0,0,0,0,0,0,763.828,0,85.7,83.4,85.4,79.8,0.1,0,0,0,0,0,0,6.1,0,0,0,0,0,0,0,0,0,0,0,0,0,0,0,0,0,0,0,0,0,0,0,0,0,0,0,0,0
48=30007,0,85.9,0,0,0,0,0,0,763.828,0,85.7,83.4,85.4,79.8,0.1,0,0,0,0,0,0,6.1,0,0,0,0,0,0,0,0,0,0,0,0,0,0,0,0,0,0,0,0,0,0,0,0,0,0,0,0,0
49=30407,0,85.9,0,0,0,0,0,0,763.828,0,85.7,83.4,85.4,79.8,0.1,0,0,0,0,0,0,6.1,0,0,0,0,0,0,0,0,0,0,0,0,0,0,0,0,0,0,0,0,0,0,0,0,0,0,0,0,0
50=30407,0,85.9,0,0,0,0,0,0,763.828,0,85.7,83.4,85.4,79.8,0.1,0,0,0,0,0,0,6.1,0,0,0,0,0,0,0,0,0,0,0,0,0,0,0,0,0,0,0,0,0,0,0,0,0,0,0,0,0
51=30824,0,85.9,0,0,0,0,0,0,763.828,0,85.7,83.4,85.4,79.8,0.1,0,0,0,0,0,0,6.1,0,0,0,0,0,0,0,0,0,0,0,0,0,0,0,0,0,0,0,0,0,0,0,0,0,0,0,0,0
52=30824,0,85.9,0,0,0,0,0,0,763.828,0,85.7,83.4,85.4,79.8,0.1,0,0,0,0,0,0,6.1,0,0,0,0,0,0,0,0,0,0,0,0,0,0,0,0,0,0,0,0,0,0,0,0,0,0,0,0,0
53=31225,0,85.9,0,0,0,0,0,0,763.828,0,85.7,83.4,85.4,79.8,0.1,0,0,0,0,0,0,6.1,0,0,0,0,0,0,0,0,0,0,0,0,0,0,0,0,0,0,0,0,0,0,0,0,0,0,0,0,0
54=31225,0,85.9,0,0,0,0,0,0,763.828,0,85.7,83.4,85.4,79.8,0.1,0,0,0,0,0,0,6.1,0,0,0,0,0,0,0,0,0,0,0,0,0,0,0,0,0,0,0,0,0,0,0,0,0,0,0,0,0
55=31627,0,85.9,0,0,0,0,0,0,763.828,0,85.7,83.4,85.4,79.8,0.1,0,0,0,0,0,0,6.1,0,0,0,0,0,0,0,0,0,0,0,0,0,0,0,0,0,0,0,0,0,0,0,0,0,0,0,0,0
56=31627,0,85.9,0,0,0,0,0,0,763.828,0,85.7,83.4,85.4,79.8,0.1,0,0,0,0,0,0,6.1,0,0,0,0,0,0,0,0,0,0,0,0,0,0,0,0,0,0,0,0,0,0,0,0,0,0,0,0,0
57=32037,0,85.8,0,0,0,0,0,0,763.828,0,85.7,83.4,85.4,79.8,0.1,0,0,0,0,0,0,6.1,0,0,0,0,0,0,0,0,0,0,0,0,0,0,0,0,0,0,0,0,0,0,0,0,0,0,0,0,0
58=32037,0,85.8,0,0,0,0,0,0,763.828,0,85.7,83.4,85.4,79.8,0.1,0,0,0,0,0,0,6.1,0,0,0,0,0,0,0,0,0,0,0,0,0,0,0,0,0,0,0,0,0,0,0,0,0,0,0,0,0
59=32441,0,85.8,0,0,0,0,0,0,763.828,0,85.7,83.4,85.4,79.8,0.1,0,0,0,0,0,0,6.1,0,0,0,0,0,0,0,0,0,0,0,0,0,0,0,0,0,0,0,0,0,0,0,0,0,0,0,0,0
60=32441,0,85.8,0,0,0,0,0,0,763.828,0,85.7,83.4,85.4,79.8,0.1,0,0,0,0,0,0,6.1,0,0,0,0,0,0,0,0,0,0,0,0,0,0,0,0,0,0,0,0,0,0,0,0,0,0,0,0,0
61=32851,0,85.8,0,0,0,0,0,0,763.828,0,85.7,83.4,85.3,79.8,0.1,0,0,0,0,0,0,6.1,0,0,0,0,0,0,0,0,0,0,0,0,0,0,0,0,0,0,0,0,0,0,0,0,0,0,0,0,0
62=32851,0,85.8,0,0,0,0,0,0,763.828,0,85.7,83.4,85.3,79.8,0.1,0,0,0,0,0,0,6.1,0,0,0,0,0,0,0,0,0,0,0,0,0,0,0,0,0,0,0,0,0,0,0,0,0,0,0,0,0
63=33258,0,85.8,0,0,0,0,0,0,763.828,0,85.6,83.4,85.3,79.8,0.1,0,0,0,0,0,0,6.1,0,0,0,0,0,0,0,0,0,0,0,0,0,0,0,0,0,0,0,0,0,0,0,0,0,0,0,0,0
64=33258,0,85.8,0,0,0,0,0,0,763.828,0,85.6,83.4,85.3,79.8,0.1,0,0,0,0,0,0,6.1,0,0,0,0,0,0,0,0,0,0,0,0,0,0,0,0,0,0,0,0,0,0,0,0,0,0,0,0,0
65=33672,0,85.8,0,0,0,0,0,0,763.828,0,85.6,83.4,85.3,79.8,0.1,0,0,0,0,0,0,6.1,0,0,0,0,0,0,0,0,0,0,0,0,0,0,0,0,0,0,0,0,0,0,0,0,0,0,0,0,0
66=33672,0,85.8,0,0,0,0,0,0,763.828,0,85.6,83.4,85.3,79.8,0.1,0,0,0,0,0,0,6.1,0,0,0,0,0,0,0,0,0,0,0,0,0,0,0,0,0,0,0,0,0,0,0,0,0,0,0,0,0
67=34091,0,85.8,0,0,0,0,0,0,763.828,0,85.6,83.4,85.3,79.8,0.1,0,0,0,0,0,0,6.2,0,0,0,0,0,0,0,0,0,0,0,0,0,0,0,0,0,0,0,0,0,0,0,0,0,0,0,0,0
68=34091,0,85.8,0,0,0,0,0,0,763.828,0,85.6,83.4,85.3,79.8,0.1,0,0,0,0,0,0,6.2,0,0,0,0,0,0,0,0,0,0,0,0,0,0,0,0,0,0,0,0,0,0,0,0,0,0,0,0,0
69=34477,0,85.8,0,0,0,0,0,0,763.828,0,85.6,83.4,85.3,79.8,0.1,0,0,0,0,0,0,6.1,0,0,0,0,0,0,0,0,0,0,0,0,0,0,0,0,0,0,0,0,0,0,0,0,0,0,0,0,0
70=34477,0,85.8,0,0,0,0,0,0,763.828,0,85.6,83.4,85.3,79.8,0.1,0,0,0,0,0,0,6.1,0,0,0,0,0,0,0,0,0,0,0,0,0,0,0,0,0,0,0,0,0,0,0,0,0,0,0,0,0
71=34877,0,85.7,0,0,0,0,0,0,763.828,0,85.6,83.4,85.3,79.8,0.1,0,0,0,0,0,0,6.2,0,0,0,0,0,0,0,0,0,0,0,0,0,0,0,0,0,0,0,0,0,0,0,0,0,0,0,0,0
72=34877,0,85.7,0,0,0,0,0,0,763.828,0,85.6,83.4,85.3,79.8,0.1,0,0,0,0,0,0,6.2,0,0,0,0,0,0,0,0,0,0,0,0,0,0,0,0,0,0,0,0,0,0,0,0,0,0,0,0,0
73=35292,0,85.7,0,0,0,0,0,0,763.828,0,85.6,83.4,85.3,79.8,0.1,0,0,0,0,0,0,6.2,0,0,0,0,0,0,0,0,0,0,0,0,0,0,0,0,0,0,0,0,0,0,0,0,0,0,0,0,0
74=35292,0,85.7,0,0,0,0,0,0,763.828,0,85.6,83.4,85.3,79.8,0.1,0,0,0,0,0,0,6.2,0,0,0,0,0,0,0,0,0,0,0,0,0,0,0,0,0,0,0,0,0,0,0,0,0,0,0,0,0
75=35694,0,85.7,0,0,0,0,0,0,763.828,0,85.6,83.4,85.3,79.8,0.1,0,0,0,0,0,0,6.2,0,0,0,0,0,0,0,0,0,0,0,0,0,0,0,0,0,0,0,0,0,0,0,0,0,0,0,0,0
76=35694,0,85.7,0,0,0,0,0,0,763.828,0,85.6,83.4,85.3,79.8,0.1,0,0,0,0,0,0,6.2,0,0,0,0,0,0,0,0,0,0,0,0,0,0,0,0,0,0,0,0,0,0,0,0,0,0,0,0,0
77=36096,0,85.7,0,0,0,0,0,0,763.828,0,85.6,83.4,85.3,79.8,0.1,0,0,0,0,0,0,6.2,0,0,0,0,0,0,0,0,0,0,0,0,0,0,0,0,0,0,0,0,0,0,0,0,0,0,0,0,0
78=36096,0,85.7,0,0,0,0,0,0,763.828,0,85.6,83.4,85.3,79.8,0.1,0,0,0,0,0,0,6.2,0,0,0,0,0,0,0,0,0,0,0,0,0,0,0,0,0,0,0,0,0,0,0,0,0,0,0,0,0
79=36509,0,85.7,0,0,0,0,0,0,763.828,0,85.5,83.4,85.2,79.8,0.1,0,0,0,0,0,0,6.2,0,0,0,0,0,0,0,0,0,0,0,0,0,0,0,0,0,0,0,0,0,0,0,0,0,0,0,0,0
80=36509,0,85.7,0,0,0,0,0,0,763.828,0,85.5,83.4,85.2,79.8,0.1,0,0,0,0,0,0,6.2,0,0,0,0,0,0,0,0,0,0,0,0,0,0,0,0,0,0,0,0,0,0,0,0,0,0,0,0,0
81=36921,0,85.7,0,0,0,0,0,0,763.828,0,85.5,83.4,85.2,79.8,0.1,0,0,0,0,0,0,6.2,0,0,0,0,0,0,0,0,0,0,0,0,0,0,0,0,0,0,0,0,0,0,0,0,0,0,0,0,0
82=36921,0,85.7,0,0,0,0,0,0,763.828,0,85.5,83.4,85.2,79.8,0.1,0,0,0,0,0,0,6.2,0,0,0,0,0,0,0,0,0,0,0,0,0,0,0,0,0,0,0,0,0,0,0,0,0,0,0,0,0
83=37327,0,85.7,0,0,0,0,0,0,763.828,0,85.5,83.4,85.2,79.8,0.1,0,0,0,0,0,0,6.1,0,0,0,0,0,0,0,0,0,0,0,0,0,0,0,0,0,0,0,0,0,0,0,0,0,0,0,0,0
84=37327,0,85.7,0,0,0,0,0,0,763.828,0,85.5,83.4,85.2,79.8,0.1,0,0,0,0,0,0,6.1,0,0,0,0,0,0,0,0,0,0,0,0,0,0,0,0,0,0,0,0,0,0,0,0,0,0,0,0,0
85=37735,0,85.7,0,0,0,0,0,0,763.828,0,85.5,83.4,85.2,79.8,0.1,0,0,0,0,0,0,6.1,0,0,0,0,0,0,0,0,0,0,0,0,0,0,0,0,0,0,0,0,0,0,0,0,0,0,0,0,0
86=37735,0,85.7,0,0,0,0,0,0,763.828,0,85.5,83.4,85.2,79.8,0.1,0,0,0,0,0,0,6.1,0,0,0,0,0,0,0,0,0,0,0,0,0,0,0,0,0,0,0,0,0,0,0,0,0,0,0,0,0
87=38138,0,85.6,0,0,0,0,0,0,763.828,0,85.5,83.4,85.2,79.8,0.1,0,0,0,0,0,0,6.1,0,0,0,0,0,0,0,0,0,0,0,0,0,0,0,0,0,0,0,0,0,0,0,0,0,0,0,0,0
88=38138,0,85.6,0,0,0,0,0,0,763.828,0,85.5,83.4,85.2,79.8,0.1,0,0,0,0,0,0,6.1,0,0,0,0,0,0,0,0,0,0,0,0,0,0,0,0,0,0,0,0,0,0,0,0,0,0,0,0,0
89=38545,0,85.6,0,0,0,0,0,0,763.828,0,85.5,83.4,85.2,79.8,0.1,0,0,0,0,0,0,6.1,0,0,0,0,0,0,0,0,0,0,0,0,0,0,0,0,0,0,0,0,0,0,0,0,0,0,0,0,0
90=38545,0,85.6,0,0,0,0,0,0,763.828,0,85.5,83.4,85.2,79.8,0.1,0,0,0,0,0,0,6.1,0,0,0,0,0,0,0,0,0,0,0,0,0,0,0,0,0,0,0,0,0,0,0,0,0,0,0,0,0
91=38946,0,85.6,0,0,0,0,0,0,763.828,0,85.5,83.4,85.2,79.8,0.1,0,0,0,0,0,0,6.1,0,0,0,0,0,0,0,0,0,0,0,0,0,0,0,0,0,0,0,0,0,0,0,0,0,0,0,0,0
92=38946,0,85.6,0,0,0,0,0,0,763.828,0,85.5,83.4,85.2,79.8,0.1,0,0,0,0,0,0,6.1,0,0,0,0,0,0,0,0,0,0,0,0,0,0,0,0,0,0,0,0,0,0,0,0,0,0,0,0,0
93=39356,0,85.6,0,0,0,0,0,0,763.828,0,85.5,83.4,85.2,79.8,0.1,0,0,0,0,0,0,6.1,0,0,0,0,0,0,0,0,0,0,0,0,0,0,0,0,0,0,0,0,0,0,0,0,0,0,0,0,0
94=39356,0,85.6,0,0,0,0,0,0,763.828,0,85.5,83.4,85.2,79.8,0.1,0,0,0,0,0,0,6.1,0,0,0,0,0,0,0,0,0,0,0,0,0,0,0,0,0,0,0,0,0,0,0,0,0,0,0,0,0
95=39756,0,85.6,0,0,0,0,0,0,763.828,0,85.5,83.4,85.1,79.8,0.1,0,0,0,0,0,0,6.1,0,0,0,0,0,0,0,0,0,0,0,0,0,0,0,0,0,0,0,0,0,0,0,0,0,0,0,0,0
96=39756,0,85.6,0,0,0,0,0,0,763.828,0,85.5,83.4,85.1,79.8,0.1,0,0,0,0,0,0,6.1,0,0,0,0,0,0,0,0,0,0,0,0,0,0,0,0,0,0,0,0,0,0,0,0,0,0,0,0,0
97=40162,0,85.6,0,0,0,0,0,0,763.828,0,85.4,83.4,85.1,79.8,0.1,0,0,0,0,0,0,6.1,0,0,0,0,0,0,0,0,0,0,0,0,0,0,0,0,0,0,0,0,0,0,0,0,0,0,0,0,0
98=40162,0,85.6,0,0,0,0,0,0,763.828,0,85.4,83.4,85.1,79.8,0.1,0,0,0,0,0,0,6.1,0,0,0,0,0,0,0,0,0,0,0,0,0,0,0,0,0,0,0,0,0,0,0,0,0,0,0,0,0
99=40564,0,85.6,0,0,0,0,0,0,763.828,0,85.4,83.4,85.1,79.8,0.1,0,0,0,0,0,0,6.1,0,0,0,0,0,0,0,0,0,0,0,0,0,0,0,0,0,0,0,0,0,0,0,0,0,0,0,0,0
100=40564,0,85.6,0,0,0,0,0,0,763.828,0,85.4,83.4,85.1,79.8,0.1,0,0,0,0,0,0,6.1,0,0,0,0,0,0,0,0,0,0,0,0,0,0,0,0,0,0,0,0,0,0,0,0,0,0,0,0,0
101=40998,0,85.6,0,0,0,0,0,0,763.828,0,85.4,83.4,85.1,79.8,0.1,0,0,0,0,0,0,6.1,0,0,0,0,0,0,0,0,0,0,0,0,0,0,0,0,0,0,0,0,0,0,0,0,0,0,0,0,0
102=40998,0,85.6,0,0,0,0,0,0,763.828,0,85.4,83.4,85.1,79.8,0.1,0,0,0,0,0,0,6.1,0,0,0,0,0,0,0,0,0,0,0,0,0,0,0,0,0,0,0,0,0,0,0,0,0,0,0,0,0
103=41410,0,85.5,0,0,0,0,0,0,763.828,0,85.4,83.4,85.1,79.8,0.1,0,0,0,0,0,0,6.1,0,0,0,0,0,0,0,0,0,0,0,0,0,0,0,0,0,0,0,0,0,0,0,0,0,0,0,0,0
104=41410,0,85.5,0,0,0,0,0,0,763.828,0,85.4,83.4,85.1,79.8,0.1,0,0,0,0,0,0,6.1,0,0,0,0,0,0,0,0,0,0,0,0,0,0,0,0,0,0,0,0,0,0,0,0,0,0,0,0,0
105=41827,0,85.5,0,0,0,0,0,0,763.828,0,85.4,83.4,85.1,79.8,0.1,0,0,0,0,0,0,6.1,0,0,0,0,0,0,0,0,0,0,0,0,0,0,0,0,0,0,0,0,0,0,0,0,0,0,0,0,0
106=41827,0,85.5,0,0,0,0,0,0,763.828,0,85.4,83.4,85.1,79.8,0.1,0,0,0,0,0,0,6.1,0,0,0,0,0,0,0,0,0,0,0,0,0,0,0,0,0,0,0,0,0,0,0,0,0,0,0,0,0
107=42226,0,85.5,0,0,0,0,0,0,763.828,0,85.4,83.4,85.1,79.8,0.1,0,0,0,0,0,0,6.1,0,0,0,0,0,0,0,0,0,0,0,0,0,0,0,0,0,0,0,0,0,0,0,0,0,0,0,0,0
108=42226,0,85.5,0,0,0,0,0,0,763.828,0,85.4,83.4,85.1,79.8,0.1,0,0,0,0,0,0,6.1,0,0,0,0,0,0,0,0,0,0,0,0,0,0,0,0,0,0,0,0,0,0,0,0,0,0,0,0,0
109=42657,0,85.5,0,0,0,0,0,0,763.828,0,85.4,83.4,85.1,79.8,0.1,0,0,0,0,0,0,6.1,0,0,0,0,0,0,0,0,0,0,0,0,0,0,0,0,0,0,0,0,0,0,0,0,0,0,0,0,0
110=42657,0,85.5,0,0,0,0,0,0,763.828,0,85.4,83.4,85.1,79.8,0.1,0,0,0,0,0,0,6.1,0,0,0,0,0,0,0,0,0,0,0,0,0,0,0,0,0,0,0,0,0,0,0,0,0,0,0,0,0
111=43033,0,85.5,0,0,0,0,0,0,763.828,0,85.4,83.4,85.1,79.8,0.1,0,0,0,0,0,0,6.1,0,0,0,0,0,0,0,0,0,0,0,0,0,0,0,0,0,0,0,0,0,0,0,0,0,0,0,0,0
112=43033,0,85.5,0,0,0,0,0,0,763.828,0,85.4,83.4,85.1,79.8,0.1,0,0,0,0,0,0,6.1,0,0,0,0,0,0,0,0,0,0,0,0,0,0,0,0,0,0,0,0,0,0,0,0,0,0,0,0,0
113=43449,0,85.5,0,0,0,0,0,0,763.828,0,85.4,83.4,85,79.8,0.1,0,0,0,0,0,0,6.1,0,0,0,0,0,0,0,0,0,0,0,0,0,0,0,0,0,0,0,0,0,0,0,0,0,0,0,0,0
114=43449,0,85.5,0,0,0,0,0,0,763.828,0,85.4,83.4,85,79.8,0.1,0,0,0,0,0,0,6.1,0,0,0,0,0,0,0,0,0,0,0,0,0,0,0,0,0,0,0,0,0,0,0,0,0,0,0,0,0
115=43858,0,85.5,0,0,0,0,0,0,763.828,0,85.3,83.4,85,79.8,0.1,0,0,0,0,0,0,6.1,0,0,0,0,0,0,0,0,0,0,0,0,0,0,0,0,0,0,0,0,0,0,0,0,0,0,0,0,0
116=43858,0,85.5,0,0,0,0,0,0,763.828,0,85.3,83.4,85,79.8,0.1,0,0,0,0,0,0,6.1,0,0,0,0,0,0,0,0,0,0,0,0,0,0,0,0,0,0,0,0,0,0,0,0,0,0,0,0,0
117=44260,0,85.4,0,0,0,0,0,0,763.828,0,85.3,83.4,85,79.8,0.1,0,0,0,0,0,0,6.1,0,0,0,0,0,0,0,0,0,0,0,0,0,0,0,0,0,0,0,0,0,0,0,0,0,0,0,0,0
118=44260,0,85.4,0,0,0,0,0,0,763.828,0,85.3,83.4,85,79.8,0.1,0,0,0,0,0,0,6.1,0,0,0,0,0,0,0,0,0,0,0,0,0,0,0,0,0,0,0,0,0,0,0,0,0,0,0,0,0
119=44669,0,85.4,0,0,0,0,0,0,763.828,0,85.3,83.4,85,79.8,0.1,0,0,0,0,0,0,6.1,0,0,0,0,0,0,0,0,0,0,0,0,0,0,0,0,0,0,0,0,0,0,0,0,0,0,0,0,0
120=44669,0,85.4,0,0,0,0,0,0,763.828,0,85.3,83.4,85,79.8,0.1,0,0,0,0,0,0,6.1,0,0,0,0,0,0,0,0,0,0,0,0,0,0,0,0,0,0,0,0,0,0,0,0,0,0,0,0,0
121=45076,0,85.4,0,0,0,0,0,0,763.828,0,85.3,83.4,85,79.8,0.1,0,0,0,0,0,0,6.1,0,0,0,0,0,0,0,0,0,0,0,0,0,0,0,0,0,0,0,0,0,0,0,0,0,0,0,0,0
122=45076,0,85.4,0,0,0,0,0,0,763.828,0,85.3,83.4,85,79.8,0.1,0,0,0,0,0,0,6.1,0,0,0,0,0,0,0,0,0,0,0,0,0,0,0,0,0,0,0,0,0,0,0,0,0,0,0,0,0
123=45479,0,85.4,0,0,0,0,0,0,763.828,0,85.3,83.4,85,79.8,0.1,0,0,0,0,0,0,6.1,0,0,0,0,0,0,0,0,0,0,0,0,0,0,0,0,0,0,0,0,0,0,0,0,0,0,0,0,0
124=45479,0,85.4,0,0,0,0,0,0,763.828,0,85.3,83.4,85,79.8,0.1,0,0,0,0,0,0,6.1,0,0,0,0,0,0,0,0,0,0,0,0,0,0,0,0,0,0,0,0,0,0,0,0,0,0,0,0,0
125=45935,0,85.4,0,0,0,0,0,0,763.828,0,85.3,83.4,85,79.8,0.1,0,0,0,0,0,0,6.1,0,0,0,0,0,0,0,0,0,0,0,0,0,0,0,0,0,0,0,0,0,0,0,0,0,0,0,0,0
126=45935,0,85.4,0,0,0,0,0,0,763.828,0,85.3,83.4,85,79.8,0.1,0,0,0,0,0,0,6.1,0,0,0,0,0,0,0,0,0,0,0,0,0,0,0,0,0,0,0,0,0,0,0,0,0,0,0,0,0
127=46301,0,85.4,0,0,0,0,0,0,763.828,0,85.3,83.4,85,79.8,0.1,0,0,0,0,0,0,6.1,0,0,0,0,0,0,0,0,0,0,0,0,0,0,0,0,0,0,0,0,0,0,0,0,0,0,0,0,0
128=46301,0,85.4,0,0,0,0,0,0,763.828,0,85.3,83.4,85,79.8,0.1,0,0,0,0,0,0,6.1,0,0,0,0,0,0,0,0,0,0,0,0,0,0,0,0,0,0,0,0,0,0,0,0,0,0,0,0,0
129=46715,0,85.4,0,0,0,0,0,0,763.828,0,85.3,83.4,84.9,79.8,0.1,0,0,0,0,0,0,6.1,0,0,0,0,0,0,0,0,0,0,0,0,0,0,0,0,0,0,0,0,0,0,0,0,0,0,0,0,0
130=46715,0,85.4,0,0,0,0,0,0,763.828,0,85.3,83.4,84.9,79.8,0.1,0,0,0,0,0,0,6.1,0,0,0,0,0,0,0,0,0,0,0,0,0,0,0,0,0,0,0,0,0,0,0,0,0,0,0,0,0
131=47119,0,85.4,0,0,0,0,0,0,763.828,0,85.3,83.4,84.9,79.8,0.1,0,0,0,0,0,0,6.1,0,0,0,0,0,0,0,0,0,0,0,0,0,0,0,0,0,0,0,0,0,0,0,0,0,0,0,0,0
132=47119,0,85.4,0,0,0,0,0,0,763.828,0,85.3,83.4,84.9,79.8,0.1,0,0,0,0,0,0,6.1,0,0,0,0,0,0,0,0,0,0,0,0,0,0,0,0,0,0,0,0,0,0,0,0,0,0,0,0,0
133=47545,0,85.3,0,0,0,0,0,0,763.828,0,85.3,83.4,84.9,79.8,0.1,0,0,0,0,0.04,0,6.1,0,0,0,0,0,0,0,0,0,0,0,0,0,0,0,0,0,0,0,0,0,0,0,0,0,0,0,0,0
134=47545,0,85.3,0,0,0,0,0,0,763.828,0,85.3,83.4,84.9,79.8,0.1,0,0,0,0,0.04,0,6.1,0,0,0,0,0,0,0,0,0,0,0,0,0,0,0,0,0,0,0,0,0,0,0,0,0,0,0,0,0
135=47929,0,85.3,0,0,0,0,0,0,763.828,0,85.2,83.4,84.9,79.8,0.1,0,0,0,0,0.16,0,6.1,0,0,0,0,0,0,0,0,0,0,0,0,0,0,0,0,0,0,0,0,0,0,0,0,0,0,0,0,0
136=47929,0,85.3,0,0,0,0,0,0,763.828,0,85.2,83.4,84.9,79.8,0.1,0,0,0,0,0.16,0,6.1,0,0,0,0,0,0,0,0,0,0,0,0,0,0,0,0,0,0,0,0,0,0,0,0,0,0,0,0,0
137=48344,0,85.3,0,0,0,0,0,0,763.828,0,85.2,83.4,84.9,79.8,0.1,0,0,0.17,0,0.27,0,6.1,0,0,0,0,0,0,0,0,0,0,0,0,0,0,0,0,0,0,0,0,0,0,0,0,0,0,0,0,0
138=48344,0,85.3,0,0,0,0,0,0,763.828,0,85.2,83.4,84.9,79.8,0.1,0,0,0.17,0,0.27,0,6.1,0,0,0,0,0,0,0,0,0,0,0,0,0,0,0,0,0,0,0,0,0,0,0,0,0,0,0,0,0
139=48736,0.02,85.3,0,0,0,0,0,0,763.828,0,85.2,83.4,84.9,79.7,0.1,0.02,0.06,0.34,0.09,0.38,0,6.1,0,0,0,0,0,0,0,0,0,0,0,0,0,0,0,0,0,0,0,0,0,0,0,0,0,0,0,0,0
140=48736,0.02,85.3,0,0,0,0,0,0,763.828,0,85.2,83.4,84.9,79.7,0.1,0.02,0.06,0.34,0.09,0.38,0,6.1,0,0,0,0,0,0,0,0,0,0,0,0,0,0,0,0,0,0,0,0,0,0,0,0,0,0,0,0,0
141=49145,0.19,85.3,0,0,0,0,0,0,763.828,0,85.2,83.4,84.9,79.7,0.1,0.19,0.23,0.53,0.27,0.49,0,6.1,0,0,0,0,0,0,0,0,0,0,0,0,0,0,0,0,0,0,0,0,0,0,0,0,0,0,0,0,0
142=49145,0.19,85.3,0,0,0,0,0,0,763.828,0,85.2,83.4,84.9,79.7,0.1,0.19,0.23,0.53,0.27,0.49,0,6.1,0,0,0,0,0,0,0,0,0,0,0,0,0,0,0,0,0,0,0,0,0,0,0,0,0,0,0,0,0
143=49553,0.37,85.3,0,0,0,0,0,0,763.828,0,85.2,83.4,84.9,79.7,0.1,0.37,0.41,0.72,0.45,0.61,0,6.1,0,0,0,0,0,0,0,0,0,0,0,0,0,0,0,0,0,0,0,0,0,0,0,0,0,0,0,0,0
144=49553,0.37,85.3,0,0,0,0,0,0,763.828,0,85.2,83.4,84.9,79.7,0.1,0.37,0.41,0.72,0.45,0.61,0,6.1,0,0,0,0,0,0,0,0,0,0,0,0,0,0,0,0,0,0,0,0,0,0,0,0,0,0,0,0,0
145=49979,0.56,85.3,0,0,0,0,0,0,763.828,0,85.2,83.4,84.8,79.7,0.1,0.56,0.6,0.93,0.65,0.73,0,6.1,0,0,0,0,0,0,0,0,0,0,0,0,0,0,0,0,0,0,0,0,0,0,0,0,0,0,0,0,0
146=49979,0.56,85.3,0,0,0,0,0,0,763.828,0,85.2,83.4,84.8,79.7,0.1,0.56,0.6,0.93,0.65,0.73,0,6.1,0,0,0,0,0,0,0,0,0,0,0,0,0,0,0,0,0,0,0,0,0,0,0,0,0,0,0,0,0
147=50389,0.76,85.3,0,0,0,0,0,0,763.828,0,85.2,83.4,84.8,79.7,0.1,0.76,0.81,1.15,0.86,0.86,0,6.2,0,0,0,0,0,0,0,0,0,0,0,0,0,0,0,0,0,0,0,0,0,0,0,0,0,0,0,0,0
148=50389,0.76,85.3,0,0,0,0,0,0,763.828,0,85.2,83.4,84.8,79.7,0.1,0.76,0.81,1.15,0.86,0.86,0,6.2,0,0,0,0,0,0,0,0,0,0,0,0,0,0,0,0,0,0,0,0,0,0,0,0,0,0,0,0,0
149=50796,0.97,85.2,0,0,0,0,0,0,763.828,0,85.2,83.3,84.8,79.7,0.1,0.97,1.02,1.37,1.07,1,0,6.2,0,0,0,0,0,0,0,0,0,0,0,0,0,0,0,0,0,0,0,0,0,0,0,0,0,0,0,0,0
150=50796,0.97,85.2,0,0,0,0,0,0,763.828,0,85.2,83.3,84.8,79.7,0.1,0.97,1.02,1.37,1.07,1,0,6.2,0,0,0,0,0,0,0,0,0,0,0,0,0,0,0,0,0,0,0,0,0,0,0,0,0,0,0,0,0
151=51201,1.09,85.2,0,0,0,0,0,0,763.828,0,85.2,83.3,84.8,79.7,0.1,1.09,1.14,1.51,1.2,1.08,0,6.1,0,0,0,0,0,0,0,0,0,0,0,0,0,0,0,0,0,0,0,0,0,0,0,0,0,0,0,0,0
152=51201,1.09,85.2,0,0,0,0,0,0,763.828,0,85.2,83.3,84.8,79.7,0.1,1.09,1.14,1.51,1.2,1.08,0,6.1,0,0,0,0,0,0,0,0,0,0,0,0,0,0,0,0,0,0,0,0,0,0,0,0,0,0,0,0,0
153=51598,1.31,85.2,0,0,0,0,0,0,763.828,0,85.1,83.3,84.8,79.7,0.1,1.31,1.36,1.74,1.42,1.22,0,6.1,0,0,0,0,0,0,0,0,0,0,0,0,0,0,0,0,0,0,0,0,0,0,0,0,0,0,0,0,0
154=51598,1.31,85.2,0,0,0,0,0,0,763.828,0,85.1,83.3,84.8,79.7,0.1,1.31,1.36,1.74,1.42,1.22,0,6.1,0,0,0,0,0,0,0,0,0,0,0,0,0,0,0,0,0,0,0,0,0,0,0,0,0,0,0,0,0
155=52014,1.52,85.2,0,0,0,0,0,0,763.828,0,85.1,83.3,84.8,79.8,0.1,1.52,1.58,1.97,1.64,1.35,0,6.1,0,0,0,0,0,0,0,0,0,0,0,0,0,0,0,0,0,0,0,0,0,0,0,0,0,0,0,0,0
156=52014,1.52,85.2,0,0,0,0,0,0,763.828,0,85.1,83.3,84.8,79.8,0.1,1.52,1.58,1.97,1.64,1.35,0,6.1,0,0,0,0,0,0,0,0,0,0,0,0,0,0,0,0,0,0,0,0,0,0,0,0,0,0,0,0,0
157=52421,1.76,85.2,0,0,0,0,0,0,763.828,0,85.1,83.3,84.8,79.9,0.1,1.76,1.81,2.22,1.88,1.47,0,6.1,0,0,0,0,0,0,0,0,0,0,0,0,0,0,0,0,0,0,0,0,0,0,0,0,0,0,0,0,0
158=52421,1.76,85.2,0,0,0,0,0,0,763.828,0,85.1,83.3,84.8,79.9,0.1,1.76,1.81,2.22,1.88,1.47,0,6.1,0,0,0,0,0,0,0,0,0,0,0,0,0,0,0,0,0,0,0,0,0,0,0,0,0,0,0,0,0
159=52822,1.98,85.2,0,0,0,0,0,0,763.828,0,85.1,83.4,84.8,80.1,0.1,1.98,2.04,2.45,2.11,1.57,0,6.1,0,0,0,0,0,0,0,0,0,0,0,0,0,0,0,0,0,0,0,0,0,0,0,0,0,0,0,0,0
160=52822,1.98,85.2,0,0,0,0,0,0,763.828,0,85.1,83.4,84.8,80.1,0.1,1.98,2.04,2.45,2.11,1.57,0,6.1,0,0,0,0,0,0,0,0,0,0,0,0,0,0,0,0,0,0,0,0,0,0,0,0,0,0,0,0,0
161=53224,2.22,85.2,0,0,0,0,0,0,763.828,0,85.1,83.4,84.8,80.4,0.1,2.22,2.27,2.69,2.35,1.62,0,6.1,0,0,0,0,0,0,0,0,0,0,0,0,0,0,0,0,0,0,0,0,0,0,0,0,0,0,0,0,0
162=53224,2.22,85.2,0,0,0,0,0,0,763.828,0,85.1,83.4,84.8,80.4,0.1,2.22,2.27,2.69,2.35,1.62,0,6.1,0,0,0,0,0,0,0,0,0,0,0,0,0,0,0,0,0,0,0,0,0,0,0,0,0,0,0,0,0
163=53632,2.44,85.2,0,0,0,0,0,0,763.828,0,85.2,83.5,84.8,81.1,0.1,2.44,2.5,2.9,2.57,1.61,0,6.1,0,0,0,0,0,0,0,0,0,0,0,0,0,0,0,0,0,0,0,0,0,0,0,0,0,0,0,0,0
164=53632,2.44,85.2,0,0,0,0,0,0,763.828,0,85.2,83.5,84.8,81.1,0.1,2.44,2.5,2.9,2.57,1.61,0,6.1,0,0,0,0,0,0,0,0,0,0,0,0,0,0,0,0,0,0,0,0,0,0,0,0,0,0,0,0,0
165=54038,2.65,85.3,0,0,0,0,0,0,763.828,0,85.2,83.6,84.9,82.2,0.1,2.65,2.71,3.1,2.79,1.51,0,6.1,0,0,0,0,0,0,0,0,0,0,0,0,0,0,0,0,0,0,0,0,0,0,0,0,0,0,0,0,0
166=54038,2.65,85.3,0,0,0,0,0,0,763.828,0,85.2,83.6,84.9,82.2,0.1,2.65,2.71,3.1,2.79,1.51,0,6.1,0,0,0,0,0,0,0,0,0,0,0,0,0,0,0,0,0,0,0,0,0,0,0,0,0,0,0,0,0
167=54448,2.84,85.4,0,0,0,0,0,0,763.828,0,85.4,83.8,85.1,83.8,0.1,2.84,2.9,3.26,2.97,1.31,0,6.1,0,0,0,0,0,0,0,0,0,0,0,0,0,0,0,0,0,0,0,0,0,0,0,0,0,0,0,0,0
168=54448,2.84,85.4,0,0,0,0,0,0,763.828,0,85.4,83.8,85.1,83.8,0.1,2.84,2.9,3.26,2.97,1.31,0,6.1,0,0,0,0,0,0,0,0,0,0,0,0,0,0,0,0,0,0,0,0,0,0,0,0,0,0,0,0,0
169=54869,3.01,85.6,0,0,0,0,0,0,763.828,0,85.6,84.1,85.3,86,0.1,3.01,3.06,3.38,3.12,1.03,0,6.1,0,0,0,0,0,0,0,0,0,0,0,0,0,0,0,0,0,0,0,0,0,0,0,0,0,0,0,0,0
170=54869,3.01,85.6,0,0,0,0,0,0,763.828,0,85.6,84.1,85.3,86,0.1,3.01,3.06,3.38,3.12,1.03,0,6.1,0,0,0,0,0,0,0,0,0,0,0,0,0,0,0,0,0,0,0,0,0,0,0,0,0,0,0,0,0
171=55255,3.15,86,0,0,0,0,0,0,763.828,0,86,84.8,85.8,89.3,0.1,3.15,3.2,3.45,3.24,0.61,0,6.1,0,0,0,0,0,0,0,0,0,0,0,0,0,0,0,0,0,0,0,0,0,0,0,0,0,0,0,0,0
172=55255,3.15,86,0,0,0,0,0,0,763.828,0,86,84.8,85.8,89.3,0.1,3.15,3.2,3.45,3.24,0.61,0,6.1,0,0,0,0,0,0,0,0,0,0,0,0,0,0,0,0,0,0,0,0,0,0,0,0,0,0,0,0,0
173=55666,3.22,86.6,0,0,0,0,0,0,763.828,0,86.5,85.5,86.4,93.1,0.1,3.22,3.25,3.44,3.28,0.16,0,6.1,0,0,0,0,0,0,0,0,0,0,0,0,0,0,0,0,0,0,0,0,0,0,0,0,0,0,0,0,0
174=55666,3.22,86.6,0,0,0,0,0,0,763.828,0,86.5,85.5,86.4,93.1,0.1,3.22,3.25,3.44,3.28,0.16,0,6.1,0,0,0,0,0,0,0,0,0,0,0,0,0,0,0,0,0,0,0,0,0,0,0,0,0,0,0,0,0
175=56076,3.23,87.2,0,0,0,0,0,0,763.828,0,87.2,86.5,87.1,96.9,0.1,3.23,3.24,3.36,3.25,0,0,6.1,0,0,0,0,0,0,0,0,0,0,0,0,0,0,0,0,0,0,0,0,0,0,0,0,0,0,0,0,0
176=56076,3.23,87.2,0,0,0,0,0,0,763.828,0,87.2,86.5,87.1,96.9,0.1,3.23,3.24,3.36,3.25,0,0,6.1,0,0,0,0,0,0,0,0,0,0,0,0,0,0,0,0,0,0,0,0,0,0,0,0,0,0,0,0,0
177=56471,3.19,88.1,0,0,0,0,0,0,763.828,0,88.1,87.6,88.1,101.1,0.1,3.19,3.16,3.23,3.17,0,0,6.1,0,0,0,0,0,0,0,0,0,0,0,0,0,0,0,0,0,0,0,0,0,0,0,0,0,0,0,0,0
178=56471,3.19,88.1,0,0,0,0,0,0,763.828,0,88.1,87.6,88.1,101.1,0.1,3.19,3.16,3.23,3.17,0,0,6.1,0,0,0,0,0,0,0,0,0,0,0,0,0,0,0,0,0,0,0,0,0,0,0,0,0,0,0,0,0
179=56878,3.08,89.1,0,0,0,0,0,0,763.828,0,89.3,89,89.3,105.5,0.1,3.08,3.02,3.03,3.02,0,0,6.1,0,0,0,0,0,0,0,0,0,0,0,0,0,0,0,0,0,0,0,0,0,0,0,0,0,0,0,0,0
180=56878,3.08,89.1,0,0,0,0,0,0,763.828,0,89.3,89,89.3,105.5,0.1,3.08,3.02,3.03,3.02,0,0,6.1,0,0,0,0,0,0,0,0,0,0,0,0,0,0,0,0,0,0,0,0,0,0,0,0,0,0,0,0,0
181=57285,2.13,90.4,0,0,0,0,0,0,763.828,0,90.7,90.7,90.7,109.8,0.1,2.13,2.01,1.97,2.01,0,0,6.1,0,0,0,0,0,0,0,0,0,0,0,0,0,0,0,0,0,0,0,0,0,0,0,0,0,0,0,0,0
182=57285,2.13,90.4,0,0,0,0,0,0,763.828,0,90.7,90.7,90.7,109.8,0.1,2.13,2.01,1.97,2.01,0,0,6.1,0,0,0,0,0,0,0,0,0,0,0,0,0,0,0,0,0,0,0,0,0,0,0,0,0,0,0,0,0
183=57704,1.47,92,0,0,0,0,0,0,763.828,0,92.3,92.6,92.4,114.4,0.1,1.47,1.27,1.21,1.28,0,0,6.1,0,0,0,0,0,0,0,0,0,0,0,0,0,0,0,0,0,0,0,0,0,0,0,0,0,0,0,0,0
184=57704,1.47,92,0,0,0,0,0,0,763.828,0,92.3,92.6,92.4,114.4,0.1,1.47,1.27,1.21,1.28,0,0,6.1,0,0,0,0,0,0,0,0,0,0,0,0,0,0,0,0,0,0,0,0,0,0,0,0,0,0,0,0,0
185=58119,0.93,93.7,0,0,0,0,0,0,763.828,0,94.2,94.6,94.3,118.3,0.1,0.93,0.66,0.58,0.69,0,0,6.1,0,0,0,0,0,0,0,0,0,0,0,0,0,0,0,0,0,0,0,0,0,0,0,0,0,0,0,0,0
186=58119,0.93,93.7,0,0,0,0,0,0,763.828,0,94.2,94.6,94.3,118.3,0.1,0.93,0.66,0.58,0.69,0,0,6.1,0,0,0,0,0,0,0,0,0,0,0,0,0,0,0,0,0,0,0,0,0,0,0,0,0,0,0,0,0
187=58524,0.41,95.6,0,0,0,0,0,0,763.828,0,96.3,96.9,96.3,121.8,0.1,0.41,0.07,0,0.13,0,0,6.1,0,0,0,0,0,0,0,0,0,0,0,0,0,0,0,0,0,0,0,0,0,0,0,0,0,0,0,0,0
188=58524,0.41,95.6,0,0,0,0,0,0,763.828,0,96.3,96.9,96.3,121.8,0.1,0.41,0.07,0,0.13,0,0,6.1,0,0,0,0,0,0,0,0,0,0,0,0,0,0,0,0,0,0,0,0,0,0,0,0,0,0,0,0,0
189=58936,0,97.5,0,0,0,0,0,0,763.828,0,98.5,99.2,98.5,124.5,0.1,0,0,0,0,0,0,6.1,0,0,0,0,0,0,0,0,0,0,0,0,0,0,0,0,0,0,0,0,0,0,0,0,0,0,0,0,0
190=58936,0,97.5,0,0,0,0,0,0,763.828,0,98.5,99.2,98.5,124.5,0.1,0,0,0,0,0,0,6.1,0,0,0,0,0,0,0,0,0,0,0,0,0,0,0,0,0,0,0,0,0,0,0,0,0,0,0,0,0
191=59336,0,99.6,0,0,0,0,0,0,763.828,0,100.7,101.4,100.6,126.7,0.1,0,0,0,0,0,0,6.1,0,0,0,0,0,0,0,0,0,0,0,0,0,0,0,0,0,0,0,0,0,0,0,0,0,0,0,0,0
192=59336,0,99.6,0,0,0,0,0,0,763.828,0,100.7,101.4,100.6,126.7,0.1,0,0,0,0,0,0,6.1,0,0,0,0,0,0,0,0,0,0,0,0,0,0,0,0,0,0,0,0,0,0,0,0,0,0,0,0,0
193=59739,0,100.7,0,0,0,0,0,0,763.828,0,102,102.7,101.8,127.8,0.1,0,0,0,0,0,0,6.1,0,0,0,0,0,0,0,0,0,0,0,0,0,0,0,0,0,0,0,0,0,0,0,0,0,0,0,0,0
194=59739,0,100.7,0,0,0,0,0,0,763.828,0,102,102.7,101.8,127.8,0.1,0,0,0,0,0,0,6.1,0,0,0,0,0,0,0,0,0,0,0,0,0,0,0,0,0,0,0,0,0,0,0,0,0,0,0,0,0
195=60144,0,103.4,0,0,0,0,0,0,763.828,0,105,105.8,104.7,129.7,0.1,0,0,0,0,0,0,6.2,0,0,0,0,0,0,0,0,0,0,0,0,0,0,0,0,0,0,0,0,0,0,0,0,0,0,0,0,0
196=60144,0,103.4,0,0,0,0,0,0,763.828,0,105,105.8,104.7,129.7,0.1,0,0,0,0,0,0,6.2,0,0,0,0,0,0,0,0,0,0,0,0,0,0,0,0,0,0,0,0,0,0,0,0,0,0,0,0,0
197=60560,0,105.6,0,0,0,0,0,0,763.828,0,107.5,108.2,107,131,0.1,0,0,0,0,0,0,6.2,0,0,0,0,0,0,0,0,0,0,0,0,0,0,0,0,0,0,0,0,0,0,0,0,0,0,0,0,0
198=60560,0,105.6,0,0,0,0,0,0,763.828,0,107.5,108.2,107,131,0.1,0,0,0,0,0,0,6.2,0,0,0,0,0,0,0,0,0,0,0,0,0,0,0,0,0,0,0,0,0,0,0,0,0,0,0,0,0
199=60956,0,108,0,0,0,0,0,0,763.828,0,110.1,110.7,109.4,132,0.1,0,0,0,0,0,0,6.2,0,0,0,0,0,0,0,0,0,0,0,0,0,0,0,0,0,0,0,0,0,0,0,0,0,0,0,0,0
200=60956,0,108,0,0,0,0,0,0,763.828,0,110.1,110.7,109.4,132,0.1,0,0,0,0,0,0,6.2,0,0,0,0,0,0,0,0,0,0,0,0,0,0,0,0,0,0,0,0,0,0,0,0,0,0,0,0,0
201=61369,0,110.3,0,0,0,0,0,0,763.828,0,112.6,113.1,111.7,132.8,0.1,0,0,0,0,0,0,6.1,0,0,0,0,0,0,0,0,0,0,0,0,0,0,0,0,0,0,0,0,0,0,0,0,0,0,0,0,0
202=61369,0,110.3,0,0,0,0,0,0,763.828,0,112.6,113.1,111.7,132.8,0.1,0,0,0,0,0,0,6.1,0,0,0,0,0,0,0,0,0,0,0,0,0,0,0,0,0,0,0,0,0,0,0,0,0,0,0,0,0
203=61779,0,112.4,0,0,0,0,0,0,763.828,0,114.9,115.4,113.9,133.4,0.1,0,0,0,0,0,0,6.1,0,0,0,0,0,0,0,0,0,0,0,0,0,0,0,0,0,0,0,0,0,0,0,0,0,0,0,0,0
