[COMMENT]
RecordTime=2024/11/7 ¤U¤È 03:05:27
InputDevice=1
InputObject=0
ColumnName=Index,Time,Intensity,TC,Pump,Gas1~4,Pressure,MTC1~5,Power1~5,O2
PumpDownTime=0
[STEP 1]
ACTION=Idle
TEMP=0
TIME=3
GN2=0
PN2=0
AO2=0
BO2=0
NA=0
Pump=0
[STEP 2]
ACTION=Idle
TEMP=0
TIME=3
GN2=40
PN2=0
AO2=0
BO2=0
NA=0
Pump=0
[STEP 3]
ACTION=Idle
TEMP=0
TIME=3
GN2=0
PN2=0
AO2=0
BO2=0
NA=0
Pump=0
[STEP 4]
ACTION=Idle
TEMP=0
TIME=3
GN2=0
PN2=0
AO2=3
BO2=0
NA=0
Pump=0
[STEP 5]
ACTION=Ramp up
TEMP=100
TIME=40
GN2=0
PN2=0
AO2=3
BO2=0
NA=0
Pump=0
[STEP 6]
ACTION=Hold
TEMP=100
TIME=30
GN2=0
PN2=0
AO2=3
BO2=0
NA=0
Pump=0
[STEP 7]
ACTION=Ramp up
TEMP=400
TIME=30
GN2=0
PN2=0
AO2=3
BO2=0
NA=0
Pump=0
[STEP 8]
ACTION=Hold
TEMP=400
TIME=240
GN2=0
PN2=0
AO2=3
BO2=0
NA=0
Pump=0
[STEP 9]
ACTION=Idle
TEMP=0
TIME=10
GN2=1
PN2=0
AO2=0
BO2=0
NA=0
Pump=0
[STEP 10]
ACTION=Idle
TEMP=0
TIME=120
GN2=90
PN2=0
AO2=0
BO2=0
NA=0
Pump=0
[STEP 11]
ACTION=Idle
TEMP=0
TIME=10
GN2=5
PN2=0
AO2=0
BO2=0
NA=0
Pump=0
[STEP 12]
ACTION=Stop
TEMP=0
TIME=0
GN2=0
PN2=0
AO2=0
BO2=0
NA=0
Pump=0
[STEP 13]
ACTION=Stop
TEMP=0
TIME=0
GN2=0
PN2=0
AO2=0
BO2=0
NA=0
Pump=0
[STEP 14]
ACTION=Stop
TEMP=0
TIME=0
GN2=0
PN2=0
AO2=0
BO2=0
NA=0
Pump=0
[STEP 15]
ACTION=Stop
TEMP=0
TIME=0
GN2=0
PN2=0
AO2=0
BO2=0
NA=0
Pump=0
[STEP 16]
ACTION=Stop
TEMP=0
TIME=0
GN2=0
PN2=0
AO2=0
BO2=0
NA=0
Pump=0
[STEP 17]
ACTION=Stop
TEMP=0
TIME=0
GN2=0
PN2=0
AO2=0
BO2=0
NA=0
Pump=0
[STEP 18]
ACTION=Stop
TEMP=0
TIME=0
GN2=0
PN2=0
AO2=0
BO2=0
NA=0
Pump=0
[STEP 19]
ACTION=Stop
TEMP=0
TIME=0
GN2=0
PN2=0
AO2=0
BO2=0
NA=0
Pump=0
[STEP 20]
ACTION=Stop
TEMP=0
TIME=0
GN2=0
PN2=0
AO2=0
BO2=0
NA=0
Pump=0
[STEP 21]
ACTION=Stop
TEMP=0
TIME=0
GN2=0
PN2=0
AO2=0
BO2=0
NA=0
Pump=0
[STEP 22]
ACTION=Stop
TEMP=0
TIME=0
GN2=0
PN2=0
AO2=0
BO2=0
NA=0
Pump=0
[STEP 23]
ACTION=Stop
TEMP=0
TIME=0
GN2=0
PN2=0
AO2=0
BO2=0
NA=0
Pump=0
[STEP 24]
ACTION=Stop
TEMP=0
TIME=0
GN2=0
PN2=0
AO2=0
BO2=0
NA=0
Pump=0
[STEP 25]
ACTION=Stop
TEMP=0
TIME=0
GN2=0
PN2=0
AO2=0
BO2=0
NA=0
Pump=0
[STEP 26]
ACTION=Stop
TEMP=0
TIME=0
GN2=0
PN2=0
AO2=0
BO2=0
NA=0
Pump=0
[STEP 27]
ACTION=Stop
TEMP=0
TIME=0
GN2=0
PN2=0
AO2=0
BO2=0
NA=0
Pump=0
[STEP 28]
ACTION=Stop
TEMP=0
TIME=0
GN2=0
PN2=0
AO2=0
BO2=0
NA=0
Pump=0
[STEP 29]
ACTION=Stop
TEMP=0
TIME=0
GN2=0
PN2=0
AO2=0
BO2=0
NA=0
Pump=0
[STEP 30]
ACTION=Stop
TEMP=0
TIME=0
GN2=0
PN2=0
AO2=0
BO2=0
NA=0
Pump=0
[STEP 31]
ACTION=Stop
TEMP=0
TIME=0
GN2=0
PN2=0
AO2=0
BO2=0
NA=0
Pump=0
[STEP 32]
ACTION=Stop
TEMP=0
TIME=0
GN2=0
PN2=0
AO2=0
BO2=0
NA=0
Pump=0
[STEP 33]
ACTION=Stop
TEMP=0
TIME=0
GN2=0
PN2=0
AO2=0
BO2=0
NA=0
Pump=0
[STEP 34]
ACTION=Stop
TEMP=0
TIME=0
GN2=0
PN2=0
AO2=0
BO2=0
NA=0
Pump=0
[STEP 35]
ACTION=Stop
TEMP=0
TIME=0
GN2=0
PN2=0
AO2=0
BO2=0
NA=0
Pump=0
[STEP 36]
ACTION=Stop
TEMP=0
TIME=0
GN2=0
PN2=0
AO2=0
BO2=0
NA=0
Pump=0
[STEP 37]
ACTION=Stop
TEMP=0
TIME=0
GN2=0
PN2=0
AO2=0
BO2=0
NA=0
Pump=0
[STEP 38]
ACTION=Stop
TEMP=0
TIME=0
GN2=0
PN2=0
AO2=0
BO2=0
NA=0
Pump=0
[STEP 39]
ACTION=Stop
TEMP=0
TIME=0
GN2=0
PN2=0
AO2=0
BO2=0
NA=0
Pump=0
[STEP 40]
ACTION=Stop
TEMP=0
TIME=0
GN2=0
PN2=0
AO2=0
BO2=0
NA=0
Pump=0
[STEP 41]
ACTION=Stop
TEMP=0
TIME=0
GN2=0
PN2=0
AO2=0
BO2=0
NA=0
Pump=0
[STEP 42]
ACTION=Stop
TEMP=0
TIME=0
GN2=0
PN2=0
AO2=0
BO2=0
NA=0
Pump=0
[STEP 43]
ACTION=Stop
TEMP=0
TIME=0
GN2=0
PN2=0
AO2=0
BO2=0
NA=0
Pump=0
[STEP 44]
ACTION=Stop
TEMP=0
TIME=0
GN2=0
PN2=0
AO2=0
BO2=0
NA=0
Pump=0
[STEP 45]
ACTION=Stop
TEMP=0
TIME=0
GN2=0
PN2=0
AO2=0
BO2=0
NA=0
Pump=0
[STEP 46]
ACTION=Stop
TEMP=0
TIME=0
GN2=0
PN2=0
AO2=0
BO2=0
NA=0
Pump=0
[STEP 47]
ACTION=Stop
TEMP=0
TIME=0
GN2=0
PN2=0
AO2=0
BO2=0
NA=0
Pump=0
[STEP 48]
ACTION=Stop
TEMP=0
TIME=0
GN2=0
PN2=0
AO2=0
BO2=0
NA=0
Pump=0
[STEP 49]
ACTION=Stop
TEMP=0
TIME=0
GN2=0
PN2=0
AO2=0
BO2=0
NA=0
Pump=0
[STEP 50]
ACTION=Stop
TEMP=0
TIME=0
GN2=0
PN2=0
AO2=0
BO2=0
NA=0
Pump=0
[COFFICIENT]
IntensityWeightD1=0
IntensityWeightD2=0
IntensityWeightD3=0
IntensityWeightD4=0.2
IntensityWeightD5=0
IntensityWeightS1=0
IntensityWeightS2=0
IntensityWeightS3=0
IntensityWeightS4=0
IntensityWeightS5=0
[CONTROL_LOOP]
Proportional=0.04
Proportional2=0.04
Integrnal=0.001
Integral2=0.00065
Derivational=0
Factor1=0
Factor2=0
InputDevice=1
Overshoot=200
[PROCESS_RECORD]
No=Time,Intensity,TC1,NA,Gas1,Gas2,Gas3,Gas4,Gas5,Pressure,Gas6,TC2,TC3,TC4,TC5,TC6,Power1,Power2,Power3,Power4,Power5,O2-Gauge,TC7,O2,MTC8,MTC9,MTC10,MTC11,MTC12,MTC13,MTC14,MTC15,MTC16,MTC17,MTC18,MTC19,MTC20,MTC21,MTC22,MTC23
0=6094,0,120.9,0,0,0,0,0,0,763.828,0,122.4,121.2,121,112.1,0.1,0,0,0,0,0,0,6.1,0,0,0,0,0,0,0,0,0,0,0,0,0,0,0,0,0,0,0,0,0,0,0,0,0,0,0,0,0
1=7103,0,120.6,0,0,0,0,0,0,763.828,0,122.1,120.9,120.7,111.9,0.1,0,0,0,0,0,0,6.1,0,0,0,0,0,0,0,0,0,0,0,0,0,0,0,0,0,0,0,0,0,0,0,0,0,0,0,0,0
2=10500,0,119.8,0,40.068,0,0,0,0,763.828,0,121.2,120,119.8,111,0.1,0,0,0,0,0,0,16.8,0,0,0,0,0,0,0,0,0,0,0,0,0,0,0,0,0,0,0,0,0,0,0,0,0,0,0,0,0
3=11485,0,119.5,0,40.068,0,0,0,0,763.828,0,120.9,119.7,119.4,110.6,0.1,0,0,0,0,0,0,17.7,0,0,0,0,0,0,0,0,0,0,0,0,0,0,0,0,0,0,0,0,0,0,0,0,0,0,0,0,0
4=13799,0,118.9,0,21.221,0,0,0,0,763.828,0,120.3,119,118.6,109.8,0.1,0,0,0,0,0,0,15.8,0,0,0,0,0,0,0,0,0,0,0,0,0,0,0,0,0,0,0,0,0,0,0,0,0,0,0,0,0
5=14802,0,118.6,0,21.221,0,0,0,0,763.828,0,119.9,118.7,118.2,109.5,0.1,0,0,0,0,0,0,13.7,0,0,0,0,0,0,0,0,0,0,0,0,0,0,0,0,0,0,0,0,0,0,0,0,0,0,0,0,0
6=18435,0,117.6,0,0,0,0,0,0,763.828,0,118.8,117.6,116.8,108.5,0.1,0,0,0,0,0,0,11.3,0,0,0,0,0,0,0,0,0,0,0,0,0,0,0,0,0,0,0,0,0,0,0,0,0,0,0,0,0
7=19423,0,117.4,0,0,0,0,0,0,763.828,0,118.6,117.4,116.5,108.2,0.1,0,0,0,0,0,0,10.5,0,0,0,0,0,0,0,0,0,0,0,0,0,0,0,0,0,0,0,0,0,0,0,0,0,0,0,0,0
8=19423,0,117.4,0,0,0,0,0,0,763.828,0,118.6,117.4,116.5,108.2,0.1,0,0,0,0,0,0,10.5,0,0,0,0,0,0,0,0,0,0,0,0,0,0,0,0,0,0,0,0,0,0,0,0,0,0,0,0,0
9=21979,0,116.7,0,0,0,0,0,0,763.828,0,117.9,116.7,115.7,107.7,0.1,0,0,0,0,0,0,9.3,0,0,0,0,0,0,0,0,0,0,0,0,0,0,0,0,0,0,0,0,0,0,0,0,0,0,0,0,0
10=21979,0,116.7,0,0,0,0,0,0,763.828,0,117.9,116.7,115.7,107.7,0.1,0,0,0,0,0,0,9.3,0,0,0,0,0,0,0,0,0,0,0,0,0,0,0,0,0,0,0,0,0,0,0,0,0,0,0,0,0
11=22258,0,116.6,0,0,0,0,0,0,763.828,0,117.8,116.6,115.6,107.6,0.1,0,0,0,0,0,0,9.3,0,0,0,0,0,0,0,0,0,0,0,0,0,0,0,0,0,0,0,0,0,0,0,0,0,0,0,0,0
12=22258,0,116.6,0,0,0,0,0,0,763.828,0,117.8,116.6,115.6,107.6,0.1,0,0,0,0,0,0,9.3,0,0,0,0,0,0,0,0,0,0,0,0,0,0,0,0,0,0,0,0,0,0,0,0,0,0,0,0,0
13=22657,0,116.5,0,0,0,0,0,0,763.828,0,117.7,116.5,115.5,107.6,0.1,0,0,0,0,0,0,9.2,0,0,0,0,0,0,0,0,0,0,0,0,0,0,0,0,0,0,0,0,0,0,0,0,0,0,0,0,0
14=22657,0,116.5,0,0,0,0,0,0,763.828,0,117.7,116.5,115.5,107.6,0.1,0,0,0,0,0,0,9.2,0,0,0,0,0,0,0,0,0,0,0,0,0,0,0,0,0,0,0,0,0,0,0,0,0,0,0,0,0
15=23075,0,116.4,0,0,0,0,0,0,763.828,0,117.6,116.4,115.4,107.5,0.1,0,0,0,0,0,0,8.9,0,0,0,0,0,0,0,0,0,0,0,0,0,0,0,0,0,0,0,0,0,0,0,0,0,0,0,0,0
16=23075,0,116.4,0,0,0,0,0,0,763.828,0,117.6,116.4,115.4,107.5,0.1,0,0,0,0,0,0,8.9,0,0,0,0,0,0,0,0,0,0,0,0,0,0,0,0,0,0,0,0,0,0,0,0,0,0,0,0,0
17=23473,0,116.3,0,0,0,0,0,0,763.828,0,117.5,116.3,115.3,107.4,0.1,0,0,0,0,0,0,8.6,0,0,0,0,0,0,0,0,0,0,0,0,0,0,0,0,0,0,0,0,0,0,0,0,0,0,0,0,0
18=23473,0,116.3,0,0,0,0,0,0,763.828,0,117.5,116.3,115.3,107.4,0.1,0,0,0,0,0,0,8.6,0,0,0,0,0,0,0,0,0,0,0,0,0,0,0,0,0,0,0,0,0,0,0,0,0,0,0,0,0
19=23876,0,116.2,0,0,0,0,0,0,763.828,0,117.4,116.2,115.2,107.4,0.1,0,0,0,0,0,0,8.4,0,0,0,0,0,0,0,0,0,0,0,0,0,0,0,0,0,0,0,0,0,0,0,0,0,0,0,0,0
20=23876,0,116.2,0,0,0,0,0,0,763.828,0,117.4,116.2,115.2,107.4,0.1,0,0,0,0,0,0,8.4,0,0,0,0,0,0,0,0,0,0,0,0,0,0,0,0,0,0,0,0,0,0,0,0,0,0,0,0,0
21=24292,0,116.2,0,0,0,0,0,0,763.828,0,117.3,116.1,115.1,107.3,0.1,0,0,0,0,0,0,8.3,0,0,0,0,0,0,0,0,0,0,0,0,0,0,0,0,0,0,0,0,0,0,0,0,0,0,0,0,0
22=24292,0,116.2,0,0,0,0,0,0,763.828,0,117.3,116.1,115.1,107.3,0.1,0,0,0,0,0,0,8.3,0,0,0,0,0,0,0,0,0,0,0,0,0,0,0,0,0,0,0,0,0,0,0,0,0,0,0,0,0
23=24693,0,116.1,0,0,0,0,0,0,763.828,0,117.2,116,115,107.2,0.1,0,0,0,0,0,0,8.2,0,0,0,0,0,0,0,0,0,0,0,0,0,0,0,0,0,0,0,0,0,0,0,0,0,0,0,0,0
24=24693,0,116.1,0,0,0,0,0,0,763.828,0,117.2,116,115,107.2,0.1,0,0,0,0,0,0,8.2,0,0,0,0,0,0,0,0,0,0,0,0,0,0,0,0,0,0,0,0,0,0,0,0,0,0,0,0,0
25=25095,0,116,0,0,0,0,0,0,763.828,0,117.1,115.9,114.9,107.1,0.1,0,0,0,0,0,0,8.2,0,0,0,0,0,0,0,0,0,0,0,0,0,0,0,0,0,0,0,0,0,0,0,0,0,0,0,0,0
26=25095,0,116,0,0,0,0,0,0,763.828,0,117.1,115.9,114.9,107.1,0.1,0,0,0,0,0,0,8.2,0,0,0,0,0,0,0,0,0,0,0,0,0,0,0,0,0,0,0,0,0,0,0,0,0,0,0,0,0
27=25525,0,115.9,0,0,0,0,0,0,763.828,0,117,115.8,114.7,107.1,0.1,0,0,0,0,0,0,8.2,0,0,0,0,0,0,0,0,0,0,0,0,0,0,0,0,0,0,0,0,0,0,0,0,0,0,0,0,0
28=25525,0,115.9,0,0,0,0,0,0,763.828,0,117,115.8,114.7,107.1,0.1,0,0,0,0,0,0,8.2,0,0,0,0,0,0,0,0,0,0,0,0,0,0,0,0,0,0,0,0,0,0,0,0,0,0,0,0,0
29=25908,0,115.8,0,0,0,0,0,0,763.828,0,116.9,115.7,114.7,107,0.1,0,0,0,0,0,0,8.2,0,0,0,0,0,0,0,0,0,0,0,0,0,0,0,0,0,0,0,0,0,0,0,0,0,0,0,0,0
30=25908,0,115.8,0,0,0,0,0,0,763.828,0,116.9,115.7,114.7,107,0.1,0,0,0,0,0,0,8.2,0,0,0,0,0,0,0,0,0,0,0,0,0,0,0,0,0,0,0,0,0,0,0,0,0,0,0,0,0
31=26313,0,115.7,0,0,0,0,0,0,763.828,0,116.8,115.6,114.6,106.9,0.1,0,0,0,0,0,0,8.2,0,0,0,0,0,0,0,0,0,0,0,0,0,0,0,0,0,0,0,0,0,0,0,0,0,0,0,0,0
32=26313,0,115.7,0,0,0,0,0,0,763.828,0,116.8,115.6,114.6,106.9,0.1,0,0,0,0,0,0,8.2,0,0,0,0,0,0,0,0,0,0,0,0,0,0,0,0,0,0,0,0,0,0,0,0,0,0,0,0,0
33=26729,0,115.6,0,0,0,0,0,0,763.828,0,116.7,115.5,114.5,106.9,0.1,0,0,0,0,0,0,7.9,0,0,0,0,0,0,0,0,0,0,0,0,0,0,0,0,0,0,0,0,0,0,0,0,0,0,0,0,0
34=26729,0,115.6,0,0,0,0,0,0,763.828,0,116.7,115.5,114.5,106.9,0.1,0,0,0,0,0,0,7.9,0,0,0,0,0,0,0,0,0,0,0,0,0,0,0,0,0,0,0,0,0,0,0,0,0,0,0,0,0
35=27127,0,115.6,0,0,0,0,0,0,763.828,0,116.6,115.4,114.4,106.8,0.1,0,0,0,0,0,0,7.6,0,0,0,0,0,0,0,0,0,0,0,0,0,0,0,0,0,0,0,0,0,0,0,0,0,0,0,0,0
36=27127,0,115.6,0,0,0,0,0,0,763.828,0,116.6,115.4,114.4,106.8,0.1,0,0,0,0,0,0,7.6,0,0,0,0,0,0,0,0,0,0,0,0,0,0,0,0,0,0,0,0,0,0,0,0,0,0,0,0,0
37=27530,0,115.5,0,0,0,0,0,0,763.828,0,116.5,115.3,114.3,106.7,0.1,0,0,0,0,0,0,7.4,0,0,0,0,0,0,0,0,0,0,0,0,0,0,0,0,0,0,0,0,0,0,0,0,0,0,0,0,0
38=27530,0,115.5,0,0,0,0,0,0,763.828,0,116.5,115.3,114.3,106.7,0.1,0,0,0,0,0,0,7.4,0,0,0,0,0,0,0,0,0,0,0,0,0,0,0,0,0,0,0,0,0,0,0,0,0,0,0,0,0
39=27943,0,115.4,0,0,0,0,0,0,763.828,0,116.5,115.2,114.2,106.7,0.1,0,0,0,0,0,0,7.3,0,0,0,0,0,0,0,0,0,0,0,0,0,0,0,0,0,0,0,0,0,0,0,0,0,0,0,0,0
40=27943,0,115.4,0,0,0,0,0,0,763.828,0,116.5,115.2,114.2,106.7,0.1,0,0,0,0,0,0,7.3,0,0,0,0,0,0,0,0,0,0,0,0,0,0,0,0,0,0,0,0,0,0,0,0,0,0,0,0,0
41=28345,0,115.3,0,0,0,0,0,0,763.828,0,116.4,115.1,114.1,106.6,0.1,0,0,0,0,0,0,7.3,0,0,0,0,0,0,0,0,0,0,0,0,0,0,0,0,0,0,0,0,0,0,0,0,0,0,0,0,0
42=28345,0,115.3,0,0,0,0,0,0,763.828,0,116.4,115.1,114.1,106.6,0.1,0,0,0,0,0,0,7.3,0,0,0,0,0,0,0,0,0,0,0,0,0,0,0,0,0,0,0,0,0,0,0,0,0,0,0,0,0
43=28759,0,115.2,0,0,0,0,0,0,763.828,0,116.3,115,114,106.5,0.1,0,0,0,0,0,0,7.2,0,0,0,0,0,0,0,0,0,0,0,0,0,0,0,0,0,0,0,0,0,0,0,0,0,0,0,0,0
44=28759,0,115.2,0,0,0,0,0,0,763.828,0,116.3,115,114,106.5,0.1,0,0,0,0,0,0,7.2,0,0,0,0,0,0,0,0,0,0,0,0,0,0,0,0,0,0,0,0,0,0,0,0,0,0,0,0,0
45=29165,0,115.1,0,0,0,0,0,0,763.828,0,116.2,114.9,113.9,106.5,0.1,0,0,0,0,0,0,7.2,0,0,0,0,0,0,0,0,0,0,0,0,0,0,0,0,0,0,0,0,0,0,0,0,0,0,0,0,0
46=29165,0,115.1,0,0,0,0,0,0,763.828,0,116.2,114.9,113.9,106.5,0.1,0,0,0,0,0,0,7.2,0,0,0,0,0,0,0,0,0,0,0,0,0,0,0,0,0,0,0,0,0,0,0,0,0,0,0,0,0
47=29611,0,115,0,0,0,0,0,0,763.828,0,116.1,114.8,113.8,106.4,0.1,0,0,0,0,0,0,7.2,0,0,0,0,0,0,0,0,0,0,0,0,0,0,0,0,0,0,0,0,0,0,0,0,0,0,0,0,0
48=29611,0,115,0,0,0,0,0,0,763.828,0,116.1,114.8,113.8,106.4,0.1,0,0,0,0,0,0,7.2,0,0,0,0,0,0,0,0,0,0,0,0,0,0,0,0,0,0,0,0,0,0,0,0,0,0,0,0,0
49=29985,0,115,0,0,0,0,0,0,763.828,0,116,114.8,113.7,106.3,0.1,0,0,0,0,0,0,7.2,0,0,0,0,0,0,0,0,0,0,0,0,0,0,0,0,0,0,0,0,0,0,0,0,0,0,0,0,0
50=29985,0,115,0,0,0,0,0,0,763.828,0,116,114.8,113.7,106.3,0.1,0,0,0,0,0,0,7.2,0,0,0,0,0,0,0,0,0,0,0,0,0,0,0,0,0,0,0,0,0,0,0,0,0,0,0,0,0
51=30394,0,114.9,0,0,0,0,0,0,763.828,0,115.9,114.7,113.6,106.3,0.1,0,0,0,0,0,0,7.2,0,0,0,0,0,0,0,0,0,0,0,0,0,0,0,0,0,0,0,0,0,0,0,0,0,0,0,0,0
52=30394,0,114.9,0,0,0,0,0,0,763.828,0,115.9,114.7,113.6,106.3,0.1,0,0,0,0,0,0,7.2,0,0,0,0,0,0,0,0,0,0,0,0,0,0,0,0,0,0,0,0,0,0,0,0,0,0,0,0,0
53=30797,0,114.8,0,0,0,0,0,0,763.828,0,115.8,114.6,113.6,106.2,0.1,0,0,0,0,0,0,7.2,0,0,0,0,0,0,0,0,0,0,0,0,0,0,0,0,0,0,0,0,0,0,0,0,0,0,0,0,0
54=30797,0,114.8,0,0,0,0,0,0,763.828,0,115.8,114.6,113.6,106.2,0.1,0,0,0,0,0,0,7.2,0,0,0,0,0,0,0,0,0,0,0,0,0,0,0,0,0,0,0,0,0,0,0,0,0,0,0,0,0
55=31215,0,114.7,0,0,0,0,0,0,763.828,0,115.8,114.5,113.5,106.1,0.1,0,0,0,0,0,0,7.2,0,0,0,0,0,0,0,0,0,0,0,0,0,0,0,0,0,0,0,0,0,0,0,0,0,0,0,0,0
56=31215,0,114.7,0,0,0,0,0,0,763.828,0,115.8,114.5,113.5,106.1,0.1,0,0,0,0,0,0,7.2,0,0,0,0,0,0,0,0,0,0,0,0,0,0,0,0,0,0,0,0,0,0,0,0,0,0,0,0,0
57=31616,0,114.6,0,0,0,0,0,0,763.828,0,115.7,114.4,113.4,106.1,0.1,0,0,0,0,0,0,7.2,0,0,0,0,0,0,0,0,0,0,0,0,0,0,0,0,0,0,0,0,0,0,0,0,0,0,0,0,0
58=31616,0,114.6,0,0,0,0,0,0,763.828,0,115.7,114.4,113.4,106.1,0.1,0,0,0,0,0,0,7.2,0,0,0,0,0,0,0,0,0,0,0,0,0,0,0,0,0,0,0,0,0,0,0,0,0,0,0,0,0
59=32014,0,114.6,0,0,0,0,0,0,763.828,0,115.6,114.3,113.3,106,0.1,0,0,0,0,0,0,7.2,0,0,0,0,0,0,0,0,0,0,0,0,0,0,0,0,0,0,0,0,0,0,0,0,0,0,0,0,0
60=32014,0,114.6,0,0,0,0,0,0,763.828,0,115.6,114.3,113.3,106,0.1,0,0,0,0,0,0,7.2,0,0,0,0,0,0,0,0,0,0,0,0,0,0,0,0,0,0,0,0,0,0,0,0,0,0,0,0,0
61=32433,0,114.5,0,0,0,0,0,0,763.828,0,115.5,114.2,113.2,105.9,0.1,0,0,0,0,0,0,6.8,0,0,0,0,0,0,0,0,0,0,0,0,0,0,0,0,0,0,0,0,0,0,0,0,0,0,0,0,0
62=32433,0,114.5,0,0,0,0,0,0,763.828,0,115.5,114.2,113.2,105.9,0.1,0,0,0,0,0,0,6.8,0,0,0,0,0,0,0,0,0,0,0,0,0,0,0,0,0,0,0,0,0,0,0,0,0,0,0,0,0
63=32836,0,114.4,0,0,0,0,0,0,763.828,0,115.4,114.1,113.1,105.8,0.1,0,0,0,0,0,0,6.5,0,0,0,0,0,0,0,0,0,0,0,0,0,0,0,0,0,0,0,0,0,0,0,0,0,0,0,0,0
64=32836,0,114.4,0,0,0,0,0,0,763.828,0,115.4,114.1,113.1,105.8,0.1,0,0,0,0,0,0,6.5,0,0,0,0,0,0,0,0,0,0,0,0,0,0,0,0,0,0,0,0,0,0,0,0,0,0,0,0,0
65=33236,0,114.3,0,0,0,0,0,0,763.828,0,115.3,114,113,105.8,0.1,0,0,0,0,0,0,6.4,0,0,0,0,0,0,0,0,0,0,0,0,0,0,0,0,0,0,0,0,0,0,0,0,0,0,0,0,0
66=33236,0,114.3,0,0,0,0,0,0,763.828,0,115.3,114,113,105.8,0.1,0,0,0,0,0,0,6.4,0,0,0,0,0,0,0,0,0,0,0,0,0,0,0,0,0,0,0,0,0,0,0,0,0,0,0,0,0
67=33665,0,114.2,0,0,0,0,0,0,763.828,0,115.2,114,113,105.7,0.1,0,0,0,0,0,0,6.3,0,0,0,0,0,0,0,0,0,0,0,0,0,0,0,0,0,0,0,0,0,0,0,0,0,0,0,0,0
68=33665,0,114.2,0,0,0,0,0,0,763.828,0,115.2,114,113,105.7,0.1,0,0,0,0,0,0,6.3,0,0,0,0,0,0,0,0,0,0,0,0,0,0,0,0,0,0,0,0,0,0,0,0,0,0,0,0,0
69=34053,0,114.2,0,0,0,0,0,0,763.828,0,115.2,113.9,112.9,105.7,0.1,0,0,0,0,0,0,6.3,0,0,0,0,0,0,0,0,0,0,0,0,0,0,0,0,0,0,0,0,0,0,0,0,0,0,0,0,0
70=34053,0,114.2,0,0,0,0,0,0,763.828,0,115.2,113.9,112.9,105.7,0.1,0,0,0,0,0,0,6.3,0,0,0,0,0,0,0,0,0,0,0,0,0,0,0,0,0,0,0,0,0,0,0,0,0,0,0,0,0
71=34460,0,114.1,0,0,0,0,0,0,763.828,0,115.1,113.8,112.8,105.6,0.1,0,0,0,0,0,0,6.2,0,0,0,0,0,0,0,0,0,0,0,0,0,0,0,0,0,0,0,0,0,0,0,0,0,0,0,0,0
72=34460,0,114.1,0,0,0,0,0,0,763.828,0,115.1,113.8,112.8,105.6,0.1,0,0,0,0,0,0,6.2,0,0,0,0,0,0,0,0,0,0,0,0,0,0,0,0,0,0,0,0,0,0,0,0,0,0,0,0,0
73=34869,0,114,0,0,0,0,0,0,763.828,0,115,113.7,112.8,105.5,0.1,0,0,0,0,0,0,6.2,0,0,0,0,0,0,0,0,0,0,0,0,0,0,0,0,0,0,0,0,0,0,0,0,0,0,0,0,0
74=34869,0,114,0,0,0,0,0,0,763.828,0,115,113.7,112.8,105.5,0.1,0,0,0,0,0,0,6.2,0,0,0,0,0,0,0,0,0,0,0,0,0,0,0,0,0,0,0,0,0,0,0,0,0,0,0,0,0
75=35277,0,113.9,0,0,0,0,0,0,763.828,0,114.9,113.7,112.7,105.5,0.1,0,0,0,0,0,0,6.2,0,0,0,0,0,0,0,0,0,0,0,0,0,0,0,0,0,0,0,0,0,0,0,0,0,0,0,0,0
76=35277,0,113.9,0,0,0,0,0,0,763.828,0,114.9,113.7,112.7,105.5,0.1,0,0,0,0,0,0,6.2,0,0,0,0,0,0,0,0,0,0,0,0,0,0,0,0,0,0,0,0,0,0,0,0,0,0,0,0,0
77=35673,0,113.9,0,0,0,0,0,0,763.828,0,114.8,113.6,112.6,105.4,0.1,0,0,0,0,0,0,6.2,0,0,0,0,0,0,0,0,0,0,0,0,0,0,0,0,0,0,0,0,0,0,0,0,0,0,0,0,0
78=35673,0,113.9,0,0,0,0,0,0,763.828,0,114.8,113.6,112.6,105.4,0.1,0,0,0,0,0,0,6.2,0,0,0,0,0,0,0,0,0,0,0,0,0,0,0,0,0,0,0,0,0,0,0,0,0,0,0,0,0
79=36084,0,113.8,0,0,0,0,0,0,763.828,0,114.8,113.5,112.5,105.3,0.1,0,0,0,0,0,0,6.2,0,0,0,0,0,0,0,0,0,0,0,0,0,0,0,0,0,0,0,0,0,0,0,0,0,0,0,0,0
80=36084,0,113.8,0,0,0,0,0,0,763.828,0,114.8,113.5,112.5,105.3,0.1,0,0,0,0,0,0,6.2,0,0,0,0,0,0,0,0,0,0,0,0,0,0,0,0,0,0,0,0,0,0,0,0,0,0,0,0,0
81=36483,0,113.7,0,0,0,0,0,0,763.828,0,114.7,113.4,112.4,105.3,0.1,0,0,0,0,0,0,6.2,0,0,0,0,0,0,0,0,0,0,0,0,0,0,0,0,0,0,0,0,0,0,0,0,0,0,0,0,0
82=36483,0,113.7,0,0,0,0,0,0,763.828,0,114.7,113.4,112.4,105.3,0.1,0,0,0,0,0,0,6.2,0,0,0,0,0,0,0,0,0,0,0,0,0,0,0,0,0,0,0,0,0,0,0,0,0,0,0,0,0
83=36904,0,113.6,0,0,0,0,0,0,763.828,0,114.6,113.3,112.4,105.2,0.1,0,0,0,0,0,0,6.1,0,0,0,0,0,0,0,0,0,0,0,0,0,0,0,0,0,0,0,0,0,0,0,0,0,0,0,0,0
84=36904,0,113.6,0,0,0,0,0,0,763.828,0,114.6,113.3,112.4,105.2,0.1,0,0,0,0,0,0,6.1,0,0,0,0,0,0,0,0,0,0,0,0,0,0,0,0,0,0,0,0,0,0,0,0,0,0,0,0,0
85=37301,0,113.5,0,0,0,0,0,0,763.828,0,114.5,113.2,112.3,105.1,0.1,0,0,0,0,0,0,6.1,0,0,0,0,0,0,0,0,0,0,0,0,0,0,0,0,0,0,0,0,0,0,0,0,0,0,0,0,0
86=37301,0,113.5,0,0,0,0,0,0,763.828,0,114.5,113.2,112.3,105.1,0.1,0,0,0,0,0,0,6.1,0,0,0,0,0,0,0,0,0,0,0,0,0,0,0,0,0,0,0,0,0,0,0,0,0,0,0,0,0
87=37704,0,113.5,0,0,0,0,0,0,763.828,0,114.4,113.2,112.2,105.1,0.1,0,0,0,0,0,0,6.1,0,0,0,0,0,0,0,0,0,0,0,0,0,0,0,0,0,0,0,0,0,0,0,0,0,0,0,0,0
88=37704,0,113.5,0,0,0,0,0,0,763.828,0,114.4,113.2,112.2,105.1,0.1,0,0,0,0,0,0,6.1,0,0,0,0,0,0,0,0,0,0,0,0,0,0,0,0,0,0,0,0,0,0,0,0,0,0,0,0,0
89=38108,0,113.4,0,0,0,0,0,0,763.828,0,114.3,113.1,112.1,105,0.1,0,0,0,0,0,0,6.1,0,0,0,0,0,0,0,0,0,0,0,0,0,0,0,0,0,0,0,0,0,0,0,0,0,0,0,0,0
90=38108,0,113.4,0,0,0,0,0,0,763.828,0,114.3,113.1,112.1,105,0.1,0,0,0,0,0,0,6.1,0,0,0,0,0,0,0,0,0,0,0,0,0,0,0,0,0,0,0,0,0,0,0,0,0,0,0,0,0
91=38528,0,113.3,0,0,0,0,0,0,763.828,0,114.2,112.9,112,104.9,0.1,0,0,0,0,0,0,6.1,0,0,0,0,0,0,0,0,0,0,0,0,0,0,0,0,0,0,0,0,0,0,0,0,0,0,0,0,0
92=38528,0,113.3,0,0,0,0,0,0,763.828,0,114.2,112.9,112,104.9,0.1,0,0,0,0,0,0,6.1,0,0,0,0,0,0,0,0,0,0,0,0,0,0,0,0,0,0,0,0,0,0,0,0,0,0,0,0,0
93=38923,0,113.2,0,0,0,0,0,0,763.828,0,114.1,112.9,111.9,104.8,0.1,0,0,0,0,0,0,6.1,0,0,0,0,0,0,0,0,0,0,0,0,0,0,0,0,0,0,0,0,0,0,0,0,0,0,0,0,0
94=38923,0,113.2,0,0,0,0,0,0,763.828,0,114.1,112.9,111.9,104.8,0.1,0,0,0,0,0,0,6.1,0,0,0,0,0,0,0,0,0,0,0,0,0,0,0,0,0,0,0,0,0,0,0,0,0,0,0,0,0
95=39354,0,113.1,0,0,0,0,0,0,763.828,0,114.1,112.8,111.9,104.7,0.1,0,0,0,0,0,0,6.2,0,0,0,0,0,0,0,0,0,0,0,0,0,0,0,0,0,0,0,0,0,0,0,0,0,0,0,0,0
96=39354,0,113.1,0,0,0,0,0,0,763.828,0,114.1,112.8,111.9,104.7,0.1,0,0,0,0,0,0,6.2,0,0,0,0,0,0,0,0,0,0,0,0,0,0,0,0,0,0,0,0,0,0,0,0,0,0,0,0,0
97=39739,0,113.1,0,0,0,0,0,0,763.828,0,114,112.7,111.8,104.7,0.1,0,0,0,0,0,0,6.2,0,0,0,0,0,0,0,0,0,0,0,0,0,0,0,0,0,0,0,0,0,0,0,0,0,0,0,0,0
98=39739,0,113.1,0,0,0,0,0,0,763.828,0,114,112.7,111.8,104.7,0.1,0,0,0,0,0,0,6.2,0,0,0,0,0,0,0,0,0,0,0,0,0,0,0,0,0,0,0,0,0,0,0,0,0,0,0,0,0
99=40150,0,113,0,0,0,0,0,0,763.828,0,113.9,112.7,111.8,104.6,0.1,0,0,0,0,0,0,6.2,0,0,0,0,0,0,0,0,0,0,0,0,0,0,0,0,0,0,0,0,0,0,0,0,0,0,0,0,0
100=40150,0,113,0,0,0,0,0,0,763.828,0,113.9,112.7,111.8,104.6,0.1,0,0,0,0,0,0,6.2,0,0,0,0,0,0,0,0,0,0,0,0,0,0,0,0,0,0,0,0,0,0,0,0,0,0,0,0,0
101=40554,0,112.9,0,0,0,0,0,0,763.828,0,113.8,112.6,111.7,104.6,0.1,0,0,0,0,0,0,6.2,0,0,0,0,0,0,0,0,0,0,0,0,0,0,0,0,0,0,0,0,0,0,0,0,0,0,0,0,0
102=40554,0,112.9,0,0,0,0,0,0,763.828,0,113.8,112.6,111.7,104.6,0.1,0,0,0,0,0,0,6.2,0,0,0,0,0,0,0,0,0,0,0,0,0,0,0,0,0,0,0,0,0,0,0,0,0,0,0,0,0
103=40953,0,112.9,0,0,0,0,0,0,763.828,0,113.8,112.5,111.6,104.5,0.1,0,0,0,0,0,0,6.2,0,0,0,0,0,0,0,0,0,0,0,0,0,0,0,0,0,0,0,0,0,0,0,0,0,0,0,0,0
104=40953,0,112.9,0,0,0,0,0,0,763.828,0,113.8,112.5,111.6,104.5,0.1,0,0,0,0,0,0,6.2,0,0,0,0,0,0,0,0,0,0,0,0,0,0,0,0,0,0,0,0,0,0,0,0,0,0,0,0,0
105=41369,0,112.8,0,0,0,0,0,0,763.828,0,113.7,112.4,111.5,104.4,0.1,0,0,0,0,0,0,6.2,0,0,0,0,0,0,0,0,0,0,0,0,0,0,0,0,0,0,0,0,0,0,0,0,0,0,0,0,0
106=41369,0,112.8,0,0,0,0,0,0,763.828,0,113.7,112.4,111.5,104.4,0.1,0,0,0,0,0,0,6.2,0,0,0,0,0,0,0,0,0,0,0,0,0,0,0,0,0,0,0,0,0,0,0,0,0,0,0,0,0
107=41774,0,112.7,0,0,0,0,0,0,763.828,0,113.6,112.3,111.5,104.4,0.1,0,0,0,0,0,0,6.2,0,0,0,0,0,0,0,0,0,0,0,0,0,0,0,0,0,0,0,0,0,0,0,0,0,0,0,0,0
108=41774,0,112.7,0,0,0,0,0,0,763.828,0,113.6,112.3,111.5,104.4,0.1,0,0,0,0,0,0,6.2,0,0,0,0,0,0,0,0,0,0,0,0,0,0,0,0,0,0,0,0,0,0,0,0,0,0,0,0,0
109=42184,0,112.6,0,0,0,0,0,0,763.828,0,113.5,112.2,111.4,104.3,0.1,0,0,0,0,0,0,6.2,0,0,0,0,0,0,0,0,0,0,0,0,0,0,0,0,0,0,0,0,0,0,0,0,0,0,0,0,0
110=42184,0,112.6,0,0,0,0,0,0,763.828,0,113.5,112.2,111.4,104.3,0.1,0,0,0,0,0,0,6.2,0,0,0,0,0,0,0,0,0,0,0,0,0,0,0,0,0,0,0,0,0,0,0,0,0,0,0,0,0
111=42585,0,112.6,0,0,0,0,0,0,763.828,0,113.4,112.2,111.3,104.2,0.1,0,0,0,0,0,0,6.2,0,0,0,0,0,0,0,0,0,0,0,0,0,0,0,0,0,0,0,0,0,0,0,0,0,0,0,0,0
112=42585,0,112.6,0,0,0,0,0,0,763.828,0,113.4,112.2,111.3,104.2,0.1,0,0,0,0,0,0,6.2,0,0,0,0,0,0,0,0,0,0,0,0,0,0,0,0,0,0,0,0,0,0,0,0,0,0,0,0,0
113=42986,0,112.5,0,0,0,0,0,0,763.828,0,113.4,112.1,111.2,104.2,0.1,0,0,0,0,0,0,6.2,0,0,0,0,0,0,0,0,0,0,0,0,0,0,0,0,0,0,0,0,0,0,0,0,0,0,0,0,0
114=42986,0,112.5,0,0,0,0,0,0,763.828,0,113.4,112.1,111.2,104.2,0.1,0,0,0,0,0,0,6.2,0,0,0,0,0,0,0,0,0,0,0,0,0,0,0,0,0,0,0,0,0,0,0,0,0,0,0,0,0
115=43392,0,112.4,0,0,0,0,0,0,763.828,0,113.3,112,111.2,104.1,0.1,0,0,0,0,0,0,6.2,0,0,0,0,0,0,0,0,0,0,0,0,0,0,0,0,0,0,0,0,0,0,0,0,0,0,0,0,0
116=43392,0,112.4,0,0,0,0,0,0,763.828,0,113.3,112,111.2,104.1,0.1,0,0,0,0,0,0,6.2,0,0,0,0,0,0,0,0,0,0,0,0,0,0,0,0,0,0,0,0,0,0,0,0,0,0,0,0,0
117=43801,0,112.3,0,0,0,0,0,0,763.828,0,113.2,111.9,111.1,104,0.1,0,0,0,0,0,0,6.2,0,0,0,0,0,0,0,0,0,0,0,0,0,0,0,0,0,0,0,0,0,0,0,0,0,0,0,0,0
118=43801,0,112.3,0,0,0,0,0,0,763.828,0,113.2,111.9,111.1,104,0.1,0,0,0,0,0,0,6.2,0,0,0,0,0,0,0,0,0,0,0,0,0,0,0,0,0,0,0,0,0,0,0,0,0,0,0,0,0
119=44204,0,112.3,0,0,0,0,0,0,763.828,0,113.1,111.8,111,104,0.1,0,0,0,0,0,0,6.2,0,0,0,0,0,0,0,0,0,0,0,0,0,0,0,0,0,0,0,0,0,0,0,0,0,0,0,0,0
120=44204,0,112.3,0,0,0,0,0,0,763.828,0,113.1,111.8,111,104,0.1,0,0,0,0,0,0,6.2,0,0,0,0,0,0,0,0,0,0,0,0,0,0,0,0,0,0,0,0,0,0,0,0,0,0,0,0,0
121=44609,0,112.2,0,0,0,0,0,0,763.828,0,113.1,111.8,111,103.9,0.1,0,0,0,0,0,0,6.2,0,0,0,0,0,0,0,0,0,0,0,0,0,0,0,0,0,0,0,0,0,0,0,0,0,0,0,0,0
122=44609,0,112.2,0,0,0,0,0,0,763.828,0,113.1,111.8,111,103.9,0.1,0,0,0,0,0,0,6.2,0,0,0,0,0,0,0,0,0,0,0,0,0,0,0,0,0,0,0,0,0,0,0,0,0,0,0,0,0
123=45022,0,112.1,0,0,0,0,0,0,763.828,0,113,111.7,110.9,103.8,0.1,0,0,0,0,0,0,6.2,0,0,0,0,0,0,0,0,0,0,0,0,0,0,0,0,0,0,0,0,0,0,0,0,0,0,0,0,0
124=45022,0,112.1,0,0,0,0,0,0,763.828,0,113,111.7,110.9,103.8,0.1,0,0,0,0,0,0,6.2,0,0,0,0,0,0,0,0,0,0,0,0,0,0,0,0,0,0,0,0,0,0,0,0,0,0,0,0,0
125=45428,0,112,0,0,0,0,0,0,763.828,0,112.9,111.6,110.8,103.8,0.1,0,0,0,0,0,0,6.2,0,0,0,0,0,0,0,0,0,0,0,0,0,0,0,0,0,0,0,0,0,0,0,0,0,0,0,0,0
126=45428,0,112,0,0,0,0,0,0,763.828,0,112.9,111.6,110.8,103.8,0.1,0,0,0,0,0,0,6.2,0,0,0,0,0,0,0,0,0,0,0,0,0,0,0,0,0,0,0,0,0,0,0,0,0,0,0,0,0
127=45828,0,112,0,0,0,0,0,0,763.828,0,112.8,111.5,110.7,103.7,0.1,0,0,0,0,0,0,6.2,0,0,0,0,0,0,0,0,0,0,0,0,0,0,0,0,0,0,0,0,0,0,0,0,0,0,0,0,0
128=45828,0,112,0,0,0,0,0,0,763.828,0,112.8,111.5,110.7,103.7,0.1,0,0,0,0,0,0,6.2,0,0,0,0,0,0,0,0,0,0,0,0,0,0,0,0,0,0,0,0,0,0,0,0,0,0,0,0,0
129=46241,0,111.9,0,0,0,0,0,0,763.828,0,112.7,111.4,110.7,103.6,0.1,0,0,0,0,0,0,6.2,0,0,0,0,0,0,0,0,0,0,0,0,0,0,0,0,0,0,0,0,0,0,0,0,0,0,0,0,0
130=46241,0,111.9,0,0,0,0,0,0,763.828,0,112.7,111.4,110.7,103.6,0.1,0,0,0,0,0,0,6.2,0,0,0,0,0,0,0,0,0,0,0,0,0,0,0,0,0,0,0,0,0,0,0,0,0,0,0,0,0
131=46641,0,111.8,0,0,0,0,0,0,763.828,0,112.7,111.4,110.6,103.6,0.1,0,0,0,0,0,0,6.2,0,0,0,0,0,0,0,0,0,0,0,0,0,0,0,0,0,0,0,0,0,0,0,0,0,0,0,0,0
132=46641,0,111.8,0,0,0,0,0,0,763.828,0,112.7,111.4,110.6,103.6,0.1,0,0,0,0,0,0,6.2,0,0,0,0,0,0,0,0,0,0,0,0,0,0,0,0,0,0,0,0,0,0,0,0,0,0,0,0,0
133=47076,0,111.7,0,0,0,0,0,0,763.828,0,112.6,111.3,110.5,103.5,0.1,0,0,0,0,0,0,6.2,0,0,0,0,0,0,0,0,0,0,0,0,0,0,0,0,0,0,0,0,0,0,0,0,0,0,0,0,0
134=47076,0,111.7,0,0,0,0,0,0,763.828,0,112.6,111.3,110.5,103.5,0.1,0,0,0,0,0,0,6.2,0,0,0,0,0,0,0,0,0,0,0,0,0,0,0,0,0,0,0,0,0,0,0,0,0,0,0,0,0
135=47457,0,111.7,0,0,0,0,0,0,763.828,0,112.5,111.2,110.4,103.4,0.1,0,0,0,0,0,0,6.2,0,0,0,0,0,0,0,0,0,0,0,0,0,0,0,0,0,0,0,0,0,0,0,0,0,0,0,0,0
136=47457,0,111.7,0,0,0,0,0,0,763.828,0,112.5,111.2,110.4,103.4,0.1,0,0,0,0,0,0,6.2,0,0,0,0,0,0,0,0,0,0,0,0,0,0,0,0,0,0,0,0,0,0,0,0,0,0,0,0,0
137=47861,0,111.6,0,0,0,0,0,0,763.828,0,112.4,111.1,110.4,103.4,0.1,0,0,0,0,0,0,6.2,0,0,0,0,0,0,0,0,0,0,0,0,0,0,0,0,0,0,0,0,0,0,0,0,0,0,0,0,0
138=47861,0,111.6,0,0,0,0,0,0,763.828,0,112.4,111.1,110.4,103.4,0.1,0,0,0,0,0,0,6.2,0,0,0,0,0,0,0,0,0,0,0,0,0,0,0,0,0,0,0,0,0,0,0,0,0,0,0,0,0
139=48275,0,111.5,0,0,0,0,0,0,763.828,0,112.3,111,110.3,103.3,0.1,0,0,0,0,0,0,6.2,0,0,0,0,0,0,0,0,0,0,0,0,0,0,0,0,0,0,0,0,0,0,0,0,0,0,0,0,0
140=48275,0,111.5,0,0,0,0,0,0,763.828,0,112.3,111,110.3,103.3,0.1,0,0,0,0,0,0,6.2,0,0,0,0,0,0,0,0,0,0,0,0,0,0,0,0,0,0,0,0,0,0,0,0,0,0,0,0,0
141=48678,0,111.4,0,0,0,0,0,0,763.828,0,112.3,111,110.2,103.2,0.1,0,0,0,0,0,0,6.2,0,0,0,0,0,0,0,0,0,0,0,0,0,0,0,0,0,0,0,0,0,0,0,0,0,0,0,0,0
142=48678,0,111.4,0,0,0,0,0,0,763.828,0,112.3,111,110.2,103.2,0.1,0,0,0,0,0,0,6.2,0,0,0,0,0,0,0,0,0,0,0,0,0,0,0,0,0,0,0,0,0,0,0,0,0,0,0,0,0
143=49088,0,111.4,0,0,0,0,0,0,763.828,0,112.2,110.9,110.1,103.2,0.1,0,0,0,0,0,0,6.2,0,0,0,0,0,0,0,0,0,0,0,0,0,0,0,0,0,0,0,0,0,0,0,0,0,0,0,0,0
144=49088,0,111.4,0,0,0,0,0,0,763.828,0,112.2,110.9,110.1,103.2,0.1,0,0,0,0,0,0,6.2,0,0,0,0,0,0,0,0,0,0,0,0,0,0,0,0,0,0,0,0,0,0,0,0,0,0,0,0,0
145=49496,0,111.3,0,0,0,0,0,0,763.828,0,112.1,110.8,110.1,103.1,0.1,0,0,0,0,0,0,6.2,0,0,0,0,0,0,0,0,0,0,0,0,0,0,0,0,0,0,0,0,0,0,0,0,0,0,0,0,0
146=49496,0,111.3,0,0,0,0,0,0,763.828,0,112.1,110.8,110.1,103.1,0.1,0,0,0,0,0,0,6.2,0,0,0,0,0,0,0,0,0,0,0,0,0,0,0,0,0,0,0,0,0,0,0,0,0,0,0,0,0
147=49891,0,111.2,0,0,0,0,0,0,763.828,0,112,110.7,110,103,0.1,0,0,0,0,0,0,6.2,0,0,0,0,0,0,0,0,0,0,0,0,0,0,0,0,0,0,0,0,0,0,0,0,0,0,0,0,0
148=49891,0,111.2,0,0,0,0,0,0,763.828,0,112,110.7,110,103,0.1,0,0,0,0,0,0,6.2,0,0,0,0,0,0,0,0,0,0,0,0,0,0,0,0,0,0,0,0,0,0,0,0,0,0,0,0,0
149=50295,0,111.1,0,0,0,0,0,0,763.828,0,111.9,110.6,109.9,103,0.1,0,0,0,0,0,0,6.2,0,0,0,0,0,0,0,0,0,0,0,0,0,0,0,0,0,0,0,0,0,0,0,0,0,0,0,0,0
150=50295,0,111.1,0,0,0,0,0,0,763.828,0,111.9,110.6,109.9,103,0.1,0,0,0,0,0,0,6.2,0,0,0,0,0,0,0,0,0,0,0,0,0,0,0,0,0,0,0,0,0,0,0,0,0,0,0,0,0
151=50732,0,111.1,0,0,0,0,0,0,763.828,0,111.9,110.6,109.9,102.9,0.1,0,0,0,0,0,0,6.2,0,0,0,0,0,0,0,0,0,0,0,0,0,0,0,0,0,0,0,0,0,0,0,0,0,0,0,0,0
152=50732,0,111.1,0,0,0,0,0,0,763.828,0,111.9,110.6,109.9,102.9,0.1,0,0,0,0,0,0,6.2,0,0,0,0,0,0,0,0,0,0,0,0,0,0,0,0,0,0,0,0,0,0,0,0,0,0,0,0,0
153=51109,0,111,0,0,0,0,0,0,763.828,0,111.8,110.5,109.8,102.8,0.1,0,0,0,0,0,0,6.2,0,0,0,0,0,0,0,0,0,0,0,0,0,0,0,0,0,0,0,0,0,0,0,0,0,0,0,0,0
154=51109,0,111,0,0,0,0,0,0,763.828,0,111.8,110.5,109.8,102.8,0.1,0,0,0,0,0,0,6.2,0,0,0,0,0,0,0,0,0,0,0,0,0,0,0,0,0,0,0,0,0,0,0,0,0,0,0,0,0
155=51524,0,110.9,0,0,0,0,0,0,763.828,0,111.7,110.4,109.7,102.8,0.1,0,0,0,0,0,0,6.2,0,0,0,0,0,0,0,0,0,0,0,0,0,0,0,0,0,0,0,0,0,0,0,0,0,0,0,0,0
156=51524,0,110.9,0,0,0,0,0,0,763.828,0,111.7,110.4,109.7,102.8,0.1,0,0,0,0,0,0,6.2,0,0,0,0,0,0,0,0,0,0,0,0,0,0,0,0,0,0,0,0,0,0,0,0,0,0,0,0,0
157=51931,0,110.9,0,0,0,0,0,0,763.828,0,111.6,110.4,109.6,102.7,0.1,0,0,0,0,0,0,6.2,0,0,0,0,0,0,0,0,0,0,0,0,0,0,0,0,0,0,0,0,0,0,0,0,0,0,0,0,0
158=51931,0,110.9,0,0,0,0,0,0,763.828,0,111.6,110.4,109.6,102.7,0.1,0,0,0,0,0,0,6.2,0,0,0,0,0,0,0,0,0,0,0,0,0,0,0,0,0,0,0,0,0,0,0,0,0,0,0,0,0
159=52330,0,110.8,0,0,0,0,0,0,763.828,0,111.6,110.3,109.6,102.7,0.1,0,0,0,0,0,0,6.2,0,0,0,0,0,0,0,0,0,0,0,0,0,0,0,0,0,0,0,0,0,0,0,0,0,0,0,0,0
160=52330,0,110.8,0,0,0,0,0,0,763.828,0,111.6,110.3,109.6,102.7,0.1,0,0,0,0,0,0,6.2,0,0,0,0,0,0,0,0,0,0,0,0,0,0,0,0,0,0,0,0,0,0,0,0,0,0,0,0,0
161=52747,0,110.7,0,0,0,0,0,0,763.828,0,111.5,110.2,109.5,102.6,0.1,0,0,0,0,0,0,6.2,0,0,0,0,0,0,0,0,0,0,0,0,0,0,0,0,0,0,0,0,0,0,0,0,0,0,0,0,0
162=52747,0,110.7,0,0,0,0,0,0,763.828,0,111.5,110.2,109.5,102.6,0.1,0,0,0,0,0,0,6.2,0,0,0,0,0,0,0,0,0,0,0,0,0,0,0,0,0,0,0,0,0,0,0,0,0,0,0,0,0
163=53147,0,110.7,0,0,0,0,0,0,763.828,0,111.5,110.2,109.5,102.6,0.1,0,0,0,0,0,0,6.2,0,0,0,0,0,0,0,0,0,0,0,0,0,0,0,0,0,0,0,0,0,0,0,0,0,0,0,0,0
164=53147,0,110.7,0,0,0,0,0,0,763.828,0,111.5,110.2,109.5,102.6,0.1,0,0,0,0,0,0,6.2,0,0,0,0,0,0,0,0,0,0,0,0,0,0,0,0,0,0,0,0,0,0,0,0,0,0,0,0,0
165=53560,0,110.6,0,0,0,0,0,0,763.828,0,111.4,110.1,109.4,102.5,0.1,0,0,0,0,0,0,6.2,0,0,0,0,0,0,0,0,0,0,0,0,0,0,0,0,0,0,0,0,0,0,0,0,0,0,0,0,0
166=53560,0,110.6,0,0,0,0,0,0,763.828,0,111.4,110.1,109.4,102.5,0.1,0,0,0,0,0,0,6.2,0,0,0,0,0,0,0,0,0,0,0,0,0,0,0,0,0,0,0,0,0,0,0,0,0,0,0,0,0
167=53959,0,110.5,0,0,0,0,0,0,763.828,0,111.3,110,109.3,102.4,0.1,0,0,0,0,0,0,6.2,0,0,0,0,0,0,0,0,0,0,0,0,0,0,0,0,0,0,0,0,0,0,0,0,0,0,0,0,0
168=53959,0,110.5,0,0,0,0,0,0,763.828,0,111.3,110,109.3,102.4,0.1,0,0,0,0,0,0,6.2,0,0,0,0,0,0,0,0,0,0,0,0,0,0,0,0,0,0,0,0,0,0,0,0,0,0,0,0,0
169=54365,0,110.5,0,0,0,0,0,0,763.828,0,111.2,109.9,109.3,102.4,0.1,0,0,0,0,0,0,6.2,0,0,0,0,0,0,0,0,0,0,0,0,0,0,0,0,0,0,0,0,0,0,0,0,0,0,0,0,0
170=54365,0,110.5,0,0,0,0,0,0,763.828,0,111.2,109.9,109.3,102.4,0.1,0,0,0,0,0,0,6.2,0,0,0,0,0,0,0,0,0,0,0,0,0,0,0,0,0,0,0,0,0,0,0,0,0,0,0,0,0
171=54775,0,110.4,0,0,0,0,0,0,763.828,0,111.2,109.9,109.2,102.3,0.1,0,0,0,0,0,0,6.2,0,0,0,0,0,0,0,0,0,0,0,0,0,0,0,0,0,0,0,0,0,0,0,0,0,0,0,0,0
172=54775,0,110.4,0,0,0,0,0,0,763.828,0,111.2,109.9,109.2,102.3,0.1,0,0,0,0,0,0,6.2,0,0,0,0,0,0,0,0,0,0,0,0,0,0,0,0,0,0,0,0,0,0,0,0,0,0,0,0,0
173=55182,0,110.3,0,0,0,0,0,0,763.828,0,111.1,109.8,109.1,102.3,0.1,0,0,0,0,0,0,6.2,0,0,0,0,0,0,0,0,0,0,0,0,0,0,0,0,0,0,0,0,0,0,0,0,0,0,0,0,0
174=55182,0,110.3,0,0,0,0,0,0,763.828,0,111.1,109.8,109.1,102.3,0.1,0,0,0,0,0,0,6.2,0,0,0,0,0,0,0,0,0,0,0,0,0,0,0,0,0,0,0,0,0,0,0,0,0,0,0,0,0
175=55600,0,110.3,0,0,0,0,0,0,763.828,0,111,109.7,109.1,102.2,0.1,0,0,0,0,0,0,6.2,0,0,0,0,0,0,0,0,0,0,0,0,0,0,0,0,0,0,0,0,0,0,0,0,0,0,0,0,0
176=55600,0,110.3,0,0,0,0,0,0,763.828,0,111,109.7,109.1,102.2,0.1,0,0,0,0,0,0,6.2,0,0,0,0,0,0,0,0,0,0,0,0,0,0,0,0,0,0,0,0,0,0,0,0,0,0,0,0,0
177=55993,0,110.2,0,0,0,0,0,0,763.828,0,110.9,109.6,109,102.1,0.1,0,0,0,0,0,0,6.2,0,0,0,0,0,0,0,0,0,0,0,0,0,0,0,0,0,0,0,0,0,0,0,0,0,0,0,0,0
178=55993,0,110.2,0,0,0,0,0,0,763.828,0,110.9,109.6,109,102.1,0.1,0,0,0,0,0,0,6.2,0,0,0,0,0,0,0,0,0,0,0,0,0,0,0,0,0,0,0,0,0,0,0,0,0,0,0,0,0
179=56397,0,110.1,0,0,0,0,0,0,763.828,0,110.9,109.6,108.9,102,0.1,0,0,0,0,0.09,0,6.2,0,0,0,0,0,0,0,0,0,0,0,0,0,0,0,0,0,0,0,0,0,0,0,0,0,0,0,0,0
180=56397,0,110.1,0,0,0,0,0,0,763.828,0,110.9,109.6,108.9,102,0.1,0,0,0,0,0.09,0,6.2,0,0,0,0,0,0,0,0,0,0,0,0,0,0,0,0,0,0,0,0,0,0,0,0,0,0,0,0,0
181=56810,0,110,0,0,0,0,0,0,763.828,0,110.8,109.5,108.8,102,0.1,0,0,0,0,0.2,0,6.2,0,0,0,0,0,0,0,0,0,0,0,0,0,0,0,0,0,0,0,0,0,0,0,0,0,0,0,0,0
182=56810,0,110,0,0,0,0,0,0,763.828,0,110.8,109.5,108.8,102,0.1,0,0,0,0,0.2,0,6.2,0,0,0,0,0,0,0,0,0,0,0,0,0,0,0,0,0,0,0,0,0,0,0,0,0,0,0,0,0
183=57203,0,110,0,0,0,0,0,0,763.828,0,110.7,109.4,108.8,101.9,0.1,0,0,0,0,0,0,6.2,0,0,0,0,0,0,0,0,0,0,0,0,0,0,0,0,0,0,0,0,0,0,0,0,0,0,0,0,0
184=57203,0,110,0,0,0,0,0,0,763.828,0,110.7,109.4,108.8,101.9,0.1,0,0,0,0,0,0,6.2,0,0,0,0,0,0,0,0,0,0,0,0,0,0,0,0,0,0,0,0,0,0,0,0,0,0,0,0,0
185=57617,0,109.9,0,0,0,0,0,0,763.828,0,110.6,109.3,108.7,101.9,0.1,0,0,0,0,0,0,6.2,0,0,0,0,0,0,0,0,0,0,0,0,0,0,0,0,0,0,0,0,0,0,0,0,0,0,0,0,0
186=57617,0,109.9,0,0,0,0,0,0,763.828,0,110.6,109.3,108.7,101.9,0.1,0,0,0,0,0,0,6.2,0,0,0,0,0,0,0,0,0,0,0,0,0,0,0,0,0,0,0,0,0,0,0,0,0,0,0,0,0
187=58032,0,109.8,0,0,0,0,0,0,763.828,0,110.6,109.3,108.6,101.8,0.1,0,0,0,0,0,0,6.2,0,0,0,0,0,0,0,0,0,0,0,0,0,0,0,0,0,0,0,0,0,0,0,0,0,0,0,0,0
188=58032,0,109.8,0,0,0,0,0,0,763.828,0,110.6,109.3,108.6,101.8,0.1,0,0,0,0,0,0,6.2,0,0,0,0,0,0,0,0,0,0,0,0,0,0,0,0,0,0,0,0,0,0,0,0,0,0,0,0,0
189=58447,0,109.8,0,0,0,0,0,0,763.828,0,110.5,109.2,108.6,101.7,0.1,0,0,0,0,0,0,6.2,0,0,0,0,0,0,0,0,0,0,0,0,0,0,0,0,0,0,0,0,0,0,0,0,0,0,0,0,0
190=58447,0,109.8,0,0,0,0,0,0,763.828,0,110.5,109.2,108.6,101.7,0.1,0,0,0,0,0,0,6.2,0,0,0,0,0,0,0,0,0,0,0,0,0,0,0,0,0,0,0,0,0,0,0,0,0,0,0,0,0
191=58847,0,109.7,0,0,0,0,0,0,763.828,0,110.4,109.1,108.5,101.7,0.1,0,0,0,0,0,0,6.2,0,0,0,0,0,0,0,0,0,0,0,0,0,0,0,0,0,0,0,0,0,0,0,0,0,0,0,0,0
192=58847,0,109.7,0,0,0,0,0,0,763.828,0,110.4,109.1,108.5,101.7,0.1,0,0,0,0,0,0,6.2,0,0,0,0,0,0,0,0,0,0,0,0,0,0,0,0,0,0,0,0,0,0,0,0,0,0,0,0,0
193=59263,0,109.6,0,0,0,0,0,0,763.828,0,110.4,109,108.5,101.6,0.1,0,0,0,0,0,0,6.2,0,0,0,0,0,0,0,0,0,0,0,0,0,0,0,0,0,0,0,0,0,0,0,0,0,0,0,0,0
194=59263,0,109.6,0,0,0,0,0,0,763.828,0,110.4,109,108.5,101.6,0.1,0,0,0,0,0,0,6.2,0,0,0,0,0,0,0,0,0,0,0,0,0,0,0,0,0,0,0,0,0,0,0,0,0,0,0,0,0
195=59665,0,109.6,0,0,0,0,0,0,763.828,0,110.3,109,108.4,101.6,0.1,0,0,0,0,0,0,6.2,0,0,0,0,0,0,0,0,0,0,0,0,0,0,0,0,0,0,0,0,0,0,0,0,0,0,0,0,0
196=59665,0,109.6,0,0,0,0,0,0,763.828,0,110.3,109,108.4,101.6,0.1,0,0,0,0,0,0,6.2,0,0,0,0,0,0,0,0,0,0,0,0,0,0,0,0,0,0,0,0,0,0,0,0,0,0,0,0,0
197=60063,0,109.5,0,0,0,0,0,0,763.828,0,110.2,108.9,108.3,101.5,0.1,0,0,0,0,0,0,6.1,0,0,0,0,0,0,0,0,0,0,0,0,0,0,0,0,0,0,0,0,0,0,0,0,0,0,0,0,0
198=60063,0,109.5,0,0,0,0,0,0,763.828,0,110.2,108.9,108.3,101.5,0.1,0,0,0,0,0,0,6.1,0,0,0,0,0,0,0,0,0,0,0,0,0,0,0,0,0,0,0,0,0,0,0,0,0,0,0,0,0
199=60469,0,109.4,0,0,0,0,0,0,763.828,0,110.1,108.8,108.3,101.4,0.1,0,0,0,0,0,0,6.1,0,0,0,0,0,0,0,0,0,0,0,0,0,0,0,0,0,0,0,0,0,0,0,0,0,0,0,0,0
200=60469,0,109.4,0,0,0,0,0,0,763.828,0,110.1,108.8,108.3,101.4,0.1,0,0,0,0,0,0,6.1,0,0,0,0,0,0,0,0,0,0,0,0,0,0,0,0,0,0,0,0,0,0,0,0,0,0,0,0,0
201=60880,0,109.4,0,0,0,0,0,0,763.828,0,110.1,108.8,108.2,101.4,0.1,0,0,0,0,0,0,6.1,0,0,0,0,0,0,0,0,0,0,0,0,0,0,0,0,0,0,0,0,0,0,0,0,0,0,0,0,0
202=60880,0,109.4,0,0,0,0,0,0,763.828,0,110.1,108.8,108.2,101.4,0.1,0,0,0,0,0,0,6.1,0,0,0,0,0,0,0,0,0,0,0,0,0,0,0,0,0,0,0,0,0,0,0,0,0,0,0,0,0
203=61283,0,109.3,0,0,0,0,0,0,763.828,0,110,108.7,108.1,101.3,0.1,0,0,0,0,0,0,6.1,0,0,0,0,0,0,0,0,0,0,0,0,0,0,0,0,0,0,0,0,0,0,0,0,0,0,0,0,0
204=61283,0,109.3,0,0,0,0,0,0,763.828,0,110,108.7,108.1,101.3,0.1,0,0,0,0,0,0,6.1,0,0,0,0,0,0,0,0,0,0,0,0,0,0,0,0,0,0,0,0,0,0,0,0,0,0,0,0,0
205=62660,0,109.1,0,0,0,0,0,0,763.828,0,109.8,108.5,107.9,101.1,0.1,0,0,0,0,0,0,6.2,0,0,0,0,0,0,0,0,0,0,0,0,0,0,0,0,0,0,0,0,0,0,0,0,0,0,0,0,0
206=62660,0,109.1,0,0,0,0,0,0,763.828,0,109.8,108.5,107.9,101.1,0.1,0,0,0,0,0,0,6.2,0,0,0,0,0,0,0,0,0,0,0,0,0,0,0,0,0,0,0,0,0,0,0,0,0,0,0,0,0
207=63014,0,109,0,0,0,0,0,0,763.828,0,109.7,108.4,107.9,101.1,0.1,0,0,0,0,0,0,6.2,0,0,0,0,0,0,0,0,0,0,0,0,0,0,0,0,0,0,0,0,0,0,0,0,0,0,0,0,0
208=63014,0,109,0,0,0,0,0,0,763.828,0,109.7,108.4,107.9,101.1,0.1,0,0,0,0,0,0,6.2,0,0,0,0,0,0,0,0,0,0,0,0,0,0,0,0,0,0,0,0,0,0,0,0,0,0,0,0,0
209=63343,0,109,0,0,0,0,0,0,763.828,0,109.7,108.3,107.8,101,0.1,0,0,0,0,0,0,6.2,0,0,0,0,0,0,0,0,0,0,0,0,0,0,0,0,0,0,0,0,0,0,0,0,0,0,0,0,0
210=63343,0,109,0,0,0,0,0,0,763.828,0,109.7,108.3,107.8,101,0.1,0,0,0,0,0,0,6.2,0,0,0,0,0,0,0,0,0,0,0,0,0,0,0,0,0,0,0,0,0,0,0,0,0,0,0,0,0
211=63671,0,109,0,0,0,0,0,0,763.828,0,109.7,108.3,107.8,101,0.1,0,0,0,0,0,0,6.2,0,0,0,0,0,0,0,0,0,0,0,0,0,0,0,0,0,0,0,0,0,0,0,0,0,0,0,0,0
212=63671,0,109,0,0,0,0,0,0,763.828,0,109.7,108.3,107.8,101,0.1,0,0,0,0,0,0,6.2,0,0,0,0,0,0,0,0,0,0,0,0,0,0,0,0,0,0,0,0,0,0,0,0,0,0,0,0,0
213=64059,0,108.9,0,0,0,0,0,0,763.828,0,109.6,108.3,107.8,101,0.1,0,0,0,0,0,0,6.2,0,0,0,0,0,0,0,0,0,0,0,0,0,0,0,0,0,0,0,0,0,0,0,0,0,0,0,0,0
214=64059,0,108.9,0,0,0,0,0,0,763.828,0,109.6,108.3,107.8,101,0.1,0,0,0,0,0,0,6.2,0,0,0,0,0,0,0,0,0,0,0,0,0,0,0,0,0,0,0,0,0,0,0,0,0,0,0,0,0
215=64392,0,108.9,0,0,0,0,0,0,763.828,0,109.5,108.2,107.7,100.9,0.1,0,0,0,0,0,0,6.2,0,0,0,0,0,0,0,0,0,0,0,0,0,0,0,0,0,0,0,0,0,0,0,0,0,0,0,0,0
216=64392,0,108.9,0,0,0,0,0,0,763.828,0,109.5,108.2,107.7,100.9,0.1,0,0,0,0,0,0,6.2,0,0,0,0,0,0,0,0,0,0,0,0,0,0,0,0,0,0,0,0,0,0,0,0,0,0,0,0,0
217=64723,0,108.8,0,0,0,0,0,0,763.828,0,109.5,108.2,107.6,100.9,0.1,0,0,0,0,0,0,6.2,0,0,0,0,0,0,0,0,0,0,0,0,0,0,0,0,0,0,0,0,0,0,0,0,0,0,0,0,0
218=64723,0,108.8,0,0,0,0,0,0,763.828,0,109.5,108.2,107.6,100.9,0.1,0,0,0,0,0,0,6.2,0,0,0,0,0,0,0,0,0,0,0,0,0,0,0,0,0,0,0,0,0,0,0,0,0,0,0,0,0
219=65110,0,108.7,0,0,0,0,0,0,763.828,0,109.4,108.1,107.6,100.8,0.1,0,0,0,0,0,0,6.1,0,0,0,0,0,0,0,0,0,0,0,0,0,0,0,0,0,0,0,0,0,0,0,0,0,0,0,0,0
220=65110,0,108.7,0,0,0,0,0,0,763.828,0,109.4,108.1,107.6,100.8,0.1,0,0,0,0,0,0,6.1,0,0,0,0,0,0,0,0,0,0,0,0,0,0,0,0,0,0,0,0,0,0,0,0,0,0,0,0,0
221=65457,0,108.7,0,0,0,0,0,0,763.828,0,109.3,108,107.5,100.7,0.1,0,0,0,0,0,0,6.1,0,0,0,0,0,0,0,0,0,0,0,0,0,0,0,0,0,0,0,0,0,0,0,0,0,0,0,0,0
222=65457,0,108.7,0,0,0,0,0,0,763.828,0,109.3,108,107.5,100.7,0.1,0,0,0,0,0,0,6.1,0,0,0,0,0,0,0,0,0,0,0,0,0,0,0,0,0,0,0,0,0,0,0,0,0,0,0,0,0
223=65795,0,108.6,0,0,0,0,0,0,763.828,0,109.2,107.9,107.4,100.7,0.1,0,0,0,0,0,0,6.1,0,0,0,0,0,0,0,0,0,0,0,0,0,0,0,0,0,0,0,0,0,0,0,0,0,0,0,0,0
224=65795,0,108.6,0,0,0,0,0,0,763.828,0,109.2,107.9,107.4,100.7,0.1,0,0,0,0,0,0,6.1,0,0,0,0,0,0,0,0,0,0,0,0,0,0,0,0,0,0,0,0,0,0,0,0,0,0,0,0,0
225=66122,0,108.5,0,0,0,0,0,0,763.828,0,109.2,107.9,107.4,100.6,0.1,0,0,0,0,0,0,6.1,0,0,0,0,0,0,0,0,0,0,0,0,0,0,0,0,0,0,0,0,0,0,0,0,0,0,0,0,0
226=66122,0,108.5,0,0,0,0,0,0,763.828,0,109.2,107.9,107.4,100.6,0.1,0,0,0,0,0,0,6.1,0,0,0,0,0,0,0,0,0,0,0,0,0,0,0,0,0,0,0,0,0,0,0,0,0,0,0,0,0
227=66477,0,108.5,0,0,0,0,0,0,763.828,0,109.1,107.8,107.3,100.6,0.1,0,0,0,0,0,0,6.1,0,0,0,0,0,0,0,0,0,0,0,0,0,0,0,0,0,0,0,0,0,0,0,0,0,0,0,0,0
228=66477,0,108.5,0,0,0,0,0,0,763.828,0,109.1,107.8,107.3,100.6,0.1,0,0,0,0,0,0,6.1,0,0,0,0,0,0,0,0,0,0,0,0,0,0,0,0,0,0,0,0,0,0,0,0,0,0,0,0,0
229=66809,0,108.5,0,0,0,0,0,0,763.828,0,109.1,107.8,107.3,100.6,0.1,0,0,0,0,0,0,6.1,0,0,0,0,0,0,0,0,0,0,0,0,0,0,0,0,0,0,0,0,0,0,0,0,0,0,0,0,0
230=66809,0,108.5,0,0,0,0,0,0,763.828,0,109.1,107.8,107.3,100.6,0.1,0,0,0,0,0,0,6.1,0,0,0,0,0,0,0,0,0,0,0,0,0,0,0,0,0,0,0,0,0,0,0,0,0,0,0,0,0
231=67125,0,108.4,0,0,0,0,0,0,763.828,0,109,107.7,107.2,100.5,0.1,0,0,0,0,0,0,6.1,0,0,0,0,0,0,0,0,0,0,0,0,0,0,0,0,0,0,0,0,0,0,0,0,0,0,0,0,0
232=67125,0,108.4,0,0,0,0,0,0,763.828,0,109,107.7,107.2,100.5,0.1,0,0,0,0,0,0,6.1,0,0,0,0,0,0,0,0,0,0,0,0,0,0,0,0,0,0,0,0,0,0,0,0,0,0,0,0,0
233=67461,0,108.4,0,0,0,0,0,0,763.828,0,109,107.7,107.2,100.5,0.1,0,0,0,0,0,0,6.1,0,0,0,0,0,0,0,0,0,0,0,0,0,0,0,0,0,0,0,0,0,0,0,0,0,0,0,0,0
234=67461,0,108.4,0,0,0,0,0,0,763.828,0,109,107.7,107.2,100.5,0.1,0,0,0,0,0,0,6.1,0,0,0,0,0,0,0,0,0,0,0,0,0,0,0,0,0,0,0,0,0,0,0,0,0,0,0,0,0
235=67823,0,108.3,0,0,0,0,0,0,763.828,0,108.9,107.6,107.1,100.4,0.1,0,0,0,0,0,0,6.2,0,0,0,0,0,0,0,0,0,0,0,0,0,0,0,0,0,0,0,0,0,0,0,0,0,0,0,0,0
236=67823,0,108.3,0,0,0,0,0,0,763.828,0,108.9,107.6,107.1,100.4,0.1,0,0,0,0,0,0,6.2,0,0,0,0,0,0,0,0,0,0,0,0,0,0,0,0,0,0,0,0,0,0,0,0,0,0,0,0,0
237=68141,0,108.3,0,0,0,0,0,0,763.828,0,108.9,107.6,107.1,100.4,0.1,0,0,0,0,0,0,6.2,0,0,0,0,0,0,0,0,0,0,0,0,0,0,0,0,0,0,0,0,0,0,0,0,0,0,0,0,0
238=68141,0,108.3,0,0,0,0,0,0,763.828,0,108.9,107.6,107.1,100.4,0.1,0,0,0,0,0,0,6.2,0,0,0,0,0,0,0,0,0,0,0,0,0,0,0,0,0,0,0,0,0,0,0,0,0,0,0,0,0
239=68541,0,108.2,0,0,0,0,0,0,763.828,0,108.8,107.5,107,100.3,0.1,0,0,0,0,0.01,0,6.1,0,0,0,0,0,0,0,0,0,0,0,0,0,0,0,0,0,0,0,0,0,0,0,0,0,0,0,0,0
240=68541,0,108.2,0,0,0,0,0,0,763.828,0,108.8,107.5,107,100.3,0.1,0,0,0,0,0.01,0,6.1,0,0,0,0,0,0,0,0,0,0,0,0,0,0,0,0,0,0,0,0,0,0,0,0,0,0,0,0,0
241=68874,0,108.2,0,0,0,0,0,0,763.828,0,108.8,107.5,107,100.3,0.1,0,0,0,0,0.01,0,6.1,0,0,0,0,0,0,0,0,0,0,0,0,0,0,0,0,0,0,0,0,0,0,0,0,0,0,0,0,0
242=68874,0,108.2,0,0,0,0,0,0,763.828,0,108.8,107.5,107,100.3,0.1,0,0,0,0,0.01,0,6.1,0,0,0,0,0,0,0,0,0,0,0,0,0,0,0,0,0,0,0,0,0,0,0,0,0,0,0,0,0
243=69204,0,108.1,0,0,0,0,0,0,763.828,0,108.7,107.4,107,100.2,0.1,0,0,0,0,0.01,0,6.2,0,0,0,0,0,0,0,0,0,0,0,0,0,0,0,0,0,0,0,0,0,0,0,0,0,0,0,0,0
244=69204,0,108.1,0,0,0,0,0,0,763.828,0,108.7,107.4,107,100.2,0.1,0,0,0,0,0.01,0,6.2,0,0,0,0,0,0,0,0,0,0,0,0,0,0,0,0,0,0,0,0,0,0,0,0,0,0,0,0,0
245=69599,0,108,0,0,0,0,0,0,763.828,0,108.7,107.3,106.9,100.2,0.1,0,0,0,0,0.02,0,6.2,0,0,0,0,0,0,0,0,0,0,0,0,0,0,0,0,0,0,0,0,0,0,0,0,0,0,0,0,0
246=69599,0,108,0,0,0,0,0,0,763.828,0,108.7,107.3,106.9,100.2,0.1,0,0,0,0,0.02,0,6.2,0,0,0,0,0,0,0,0,0,0,0,0,0,0,0,0,0,0,0,0,0,0,0,0,0,0,0,0,0
247=69943,0,108,0,0,0,0,0,0,763.828,0,108.6,107.3,106.8,100.1,0.1,0,0,0,0,0.02,0,6.1,0,0,0,0,0,0,0,0,0,0,0,0,0,0,0,0,0,0,0,0,0,0,0,0,0,0,0,0,0
248=69943,0,108,0,0,0,0,0,0,763.828,0,108.6,107.3,106.8,100.1,0.1,0,0,0,0,0.02,0,6.1,0,0,0,0,0,0,0,0,0,0,0,0,0,0,0,0,0,0,0,0,0,0,0,0,0,0,0,0,0
249=70279,0,107.9,0,0,0,0,0,0,763.828,0,108.5,107.2,106.7,100,0.1,0,0,0,0,0.03,0,6.1,0,0,0,0,0,0,0,0,0,0,0,0,0,0,0,0,0,0,0,0,0,0,0,0,0,0,0,0,0
250=70279,0,107.9,0,0,0,0,0,0,763.828,0,108.5,107.2,106.7,100,0.1,0,0,0,0,0.03,0,6.1,0,0,0,0,0,0,0,0,0,0,0,0,0,0,0,0,0,0,0,0,0,0,0,0,0,0,0,0,0
251=70611,0,107.9,0,0,0,0,0,0,763.828,0,108.5,107.2,106.7,100,0.1,0,0,0,0,0.03,0,6.1,0,0,0,0,0,0,0,0,0,0,0,0,0,0,0,0,0,0,0,0,0,0,0,0,0,0,0,0,0
252=70611,0,107.9,0,0,0,0,0,0,763.828,0,108.5,107.2,106.7,100,0.1,0,0,0,0,0.03,0,6.1,0,0,0,0,0,0,0,0,0,0,0,0,0,0,0,0,0,0,0,0,0,0,0,0,0,0,0,0,0
253=70943,0,107.9,0,0,0,0,0,0,763.828,0,108.5,107.1,106.7,100,0.1,0,0,0,0,0.04,0,6.1,0,0,0,0,0,0,0,0,0,0,0,0,0,0,0,0,0,0,0,0,0,0,0,0,0,0,0,0,0
254=70943,0,107.9,0,0,0,0,0,0,763.828,0,108.5,107.1,106.7,100,0.1,0,0,0,0,0.04,0,6.1,0,0,0,0,0,0,0,0,0,0,0,0,0,0,0,0,0,0,0,0,0,0,0,0,0,0,0,0,0
255=71295,0,107.8,0,0,0,0,0,0,763.828,0,108.4,107.1,106.6,99.9,0.1,0,0,0,0,0.04,0,6.1,0,0,0,0,0,0,0,0,0,0,0,0,0,0,0,0,0,0,0,0,0,0,0,0,0,0,0,0,0
256=71295,0,107.8,0,0,0,0,0,0,763.828,0,108.4,107.1,106.6,99.9,0.1,0,0,0,0,0.04,0,6.1,0,0,0,0,0,0,0,0,0,0,0,0,0,0,0,0,0,0,0,0,0,0,0,0,0,0,0,0,0
257=71607,0,107.7,0,0,0,0,0,0,763.828,0,108.3,107,106.6,99.9,0.1,0,0,0,0,0.05,0,6.1,0,0,0,0,0,0,0,0,0,0,0,0,0,0,0,0,0,0,0,0,0,0,0,0,0,0,0,0,0
258=71607,0,107.7,0,0,0,0,0,0,763.828,0,108.3,107,106.6,99.9,0.1,0,0,0,0,0.05,0,6.1,0,0,0,0,0,0,0,0,0,0,0,0,0,0,0,0,0,0,0,0,0,0,0,0,0,0,0,0,0
259=71947,0,107.6,0,0,0,0,0,0,763.828,0,108.3,106.9,106.5,99.8,0.1,0,0,0,0,0.06,0,6.1,0,0,0,0,0,0,0,0,0,0,0,0,0,0,0,0,0,0,0,0,0,0,0,0,0,0,0,0,0
260=71947,0,107.6,0,0,0,0,0,0,763.828,0,108.3,106.9,106.5,99.8,0.1,0,0,0,0,0.06,0,6.1,0,0,0,0,0,0,0,0,0,0,0,0,0,0,0,0,0,0,0,0,0,0,0,0,0,0,0,0,0
261=72295,0,107.6,0,0,0,0,0,0,763.828,0,108.3,106.9,106.5,99.8,0.1,0,0,0,0,0.06,0,6.1,0,0,0,0,0,0,0,0,0,0,0,0,0,0,0,0,0,0,0,0,0,0,0,0,0,0,0,0,0
262=72295,0,107.6,0,0,0,0,0,0,763.828,0,108.3,106.9,106.5,99.8,0.1,0,0,0,0,0.06,0,6.1,0,0,0,0,0,0,0,0,0,0,0,0,0,0,0,0,0,0,0,0,0,0,0,0,0,0,0,0,0
263=72627,0,107.5,0,0,0,0,0,0,763.828,0,108.1,106.8,106.4,99.7,0.1,0,0,0,0,0.07,0,6.1,0,0,0,0,0,0,0,0,0,0,0,0,0,0,0,0,0,0,0,0,0,0,0,0,0,0,0,0,0
264=72627,0,107.5,0,0,0,0,0,0,763.828,0,108.1,106.8,106.4,99.7,0.1,0,0,0,0,0.07,0,6.1,0,0,0,0,0,0,0,0,0,0,0,0,0,0,0,0,0,0,0,0,0,0,0,0,0,0,0,0,0
265=73031,0,107.5,0,0,0,0,0,0,763.828,0,108.1,106.7,106.3,99.7,0.1,0,0,0,0,0.07,0,6.1,0,0,0,0,0,0,0,0,0,0,0,0,0,0,0,0,0,0,0,0,0,0,0,0,0,0,0,0,0
266=73031,0,107.5,0,0,0,0,0,0,763.828,0,108.1,106.7,106.3,99.7,0.1,0,0,0,0,0.07,0,6.1,0,0,0,0,0,0,0,0,0,0,0,0,0,0,0,0,0,0,0,0,0,0,0,0,0,0,0,0,0
267=73362,0,107.5,0,0,0,0,0,0,763.828,0,108.1,106.7,106.3,99.7,0.1,0,0,0,0,0.08,0,6.1,0,0,0,0,0,0,0,0,0,0,0,0,0,0,0,0,0,0,0,0,0,0,0,0,0,0,0,0,0
268=73362,0,107.5,0,0,0,0,0,0,763.828,0,108.1,106.7,106.3,99.7,0.1,0,0,0,0,0.08,0,6.1,0,0,0,0,0,0,0,0,0,0,0,0,0,0,0,0,0,0,0,0,0,0,0,0,0,0,0,0,0
269=73696,0,107.4,0,0,0,0,0,0,763.828,0,108,106.7,106.3,99.6,0.1,0,0,0,0,0.09,0,6.1,0,0,0,0,0,0,0,0,0,0,0,0,0,0,0,0,0,0,0,0,0,0,0,0,0,0,0,0,0
270=73696,0,107.4,0,0,0,0,0,0,763.828,0,108,106.7,106.3,99.6,0.1,0,0,0,0,0.09,0,6.1,0,0,0,0,0,0,0,0,0,0,0,0,0,0,0,0,0,0,0,0,0,0,0,0,0,0,0,0,0
271=74100,0,107.3,0,0,0,0,0,0,763.828,0,107.9,106.6,106.2,99.5,0.1,0,0,0,0,0.1,0,6.1,0,0,0,0,0,0,0,0,0,0,0,0,0,0,0,0,0,0,0,0,0,0,0,0,0,0,0,0,0
272=74100,0,107.3,0,0,0,0,0,0,763.828,0,107.9,106.6,106.2,99.5,0.1,0,0,0,0,0.1,0,6.1,0,0,0,0,0,0,0,0,0,0,0,0,0,0,0,0,0,0,0,0,0,0,0,0,0,0,0,0,0
273=74431,0,107.3,0,0,0,0,0,0,763.828,0,107.9,106.5,106.1,99.5,0.1,0,0,0,0,0.11,0,6.1,0,0,0,0,0,0,0,0,0,0,0,0,0,0,0,0,0,0,0,0,0,0,0,0,0,0,0,0,0
274=74431,0,107.3,0,0,0,0,0,0,763.828,0,107.9,106.5,106.1,99.5,0.1,0,0,0,0,0.11,0,6.1,0,0,0,0,0,0,0,0,0,0,0,0,0,0,0,0,0,0,0,0,0,0,0,0,0,0,0,0,0
275=74750,0,107.2,0,0,0,0,0,0,763.828,0,107.8,106.5,106.1,99.4,0.1,0,0,0,0,0.11,0,6.1,0,0,0,0,0,0,0,0,0,0,0,0,0,0,0,0,0,0,0,0,0,0,0,0,0,0,0,0,0
276=74750,0,107.2,0,0,0,0,0,0,763.828,0,107.8,106.5,106.1,99.4,0.1,0,0,0,0,0.11,0,6.1,0,0,0,0,0,0,0,0,0,0,0,0,0,0,0,0,0,0,0,0,0,0,0,0,0,0,0,0,0
277=75101,0,107.2,0,0,0,0,0,0,763.828,0,107.8,106.4,106,99.4,0.1,0,0,0,0,0.12,0,6.1,0,0,0,0,0,0,0,0,0,0,0,0,0,0,0,0,0,0,0,0,0,0,0,0,0,0,0,0,0
278=75101,0,107.2,0,0,0,0,0,0,763.828,0,107.8,106.4,106,99.4,0.1,0,0,0,0,0.12,0,6.1,0,0,0,0,0,0,0,0,0,0,0,0,0,0,0,0,0,0,0,0,0,0,0,0,0,0,0,0,0
279=75432,0,107.2,0,0,0,0,0,0,763.828,0,107.8,106.4,106,99.4,0.1,0,0,0,0,0.12,0,6.1,0,0,0,0,0,0,0,0,0,0,0,0,0,0,0,0,0,0,0,0,0,0,0,0,0,0,0,0,0
280=75432,0,107.2,0,0,0,0,0,0,763.828,0,107.8,106.4,106,99.4,0.1,0,0,0,0,0.12,0,6.1,0,0,0,0,0,0,0,0,0,0,0,0,0,0,0,0,0,0,0,0,0,0,0,0,0,0,0,0,0
281=75763,0,107.1,0,0,0,0,0,0,763.828,0,107.7,106.3,106,99.3,0.1,0,0,0,0,0.13,0,6.1,0,0,0,0,0,0,0,0,0,0,0,0,0,0,0,0,0,0,0,0,0,0,0,0,0,0,0,0,0
282=75763,0,107.1,0,0,0,0,0,0,763.828,0,107.7,106.3,106,99.3,0.1,0,0,0,0,0.13,0,6.1,0,0,0,0,0,0,0,0,0,0,0,0,0,0,0,0,0,0,0,0,0,0,0,0,0,0,0,0,0
283=76113,0,107.1,0,0,0,0,0,0,763.828,0,107.6,106.3,105.9,99.3,0.1,0,0,0,0,0.14,0,6.1,0,0,0,0,0,0,0,0,0,0,0,0,0,0,0,0,0,0,0,0,0,0,0,0,0,0,0,0,0
284=76113,0,107.1,0,0,0,0,0,0,763.828,0,107.6,106.3,105.9,99.3,0.1,0,0,0,0,0.14,0,6.1,0,0,0,0,0,0,0,0,0,0,0,0,0,0,0,0,0,0,0,0,0,0,0,0,0,0,0,0,0
285=76441,0,107,0,0,0,0,0,0,763.828,0,107.6,106.2,105.8,99.2,0.1,0,0,0,0,0.15,0,6.1,0,0,0,0,0,0,0,0,0,0,0,0,0,0,0,0,0,0,0,0,0,0,0,0,0,0,0,0,0
286=76441,0,107,0,0,0,0,0,0,763.828,0,107.6,106.2,105.8,99.2,0.1,0,0,0,0,0.15,0,6.1,0,0,0,0,0,0,0,0,0,0,0,0,0,0,0,0,0,0,0,0,0,0,0,0,0,0,0,0,0
287=76793,0,106.9,0,0,0,0,0,0,763.828,0,107.5,106.2,105.8,99.1,0.1,0,0,0,0,0.16,0,6.1,0,0,0,0,0,0,0,0,0,0,0,0,0,0,0,0,0,0,0,0,0,0,0,0,0,0,0,0,0
288=76793,0,106.9,0,0,0,0,0,0,763.828,0,107.5,106.2,105.8,99.1,0.1,0,0,0,0,0.16,0,6.1,0,0,0,0,0,0,0,0,0,0,0,0,0,0,0,0,0,0,0,0,0,0,0,0,0,0,0,0,0
289=77135,0,106.9,0,0,0,0,0,0,763.828,0,107.5,106.1,105.7,99.1,0.1,0,0,0,0,0.17,0,6.1,0,0,0,0,0,0,0,0,0,0,0,0,0,0,0,0,0,0,0,0,0,0,0,0,0,0,0,0,0
290=77135,0,106.9,0,0,0,0,0,0,763.828,0,107.5,106.1,105.7,99.1,0.1,0,0,0,0,0.17,0,6.1,0,0,0,0,0,0,0,0,0,0,0,0,0,0,0,0,0,0,0,0,0,0,0,0,0,0,0,0,0
291=77540,0,106.9,0,0,0,0,0,0,763.828,0,107.5,106.1,105.7,99.1,0.1,0,0,0,0,0.17,0,6.1,0,0,0,0,0,0,0,0,0,0,0,0,0,0,0,0,0,0,0,0,0,0,0,0,0,0,0,0,0
292=77540,0,106.9,0,0,0,0,0,0,763.828,0,107.5,106.1,105.7,99.1,0.1,0,0,0,0,0.17,0,6.1,0,0,0,0,0,0,0,0,0,0,0,0,0,0,0,0,0,0,0,0,0,0,0,0,0,0,0,0,0
293=77865,0,106.8,0,0,0,0,0,0,763.828,0,107.4,106,105.7,99,0.1,0,0,0,0,0.18,0,6.1,0,0,0,0,0,0,0,0,0,0,0,0,0,0,0,0,0,0,0,0,0,0,0,0,0,0,0,0,0
294=77865,0,106.8,0,0,0,0,0,0,763.828,0,107.4,106,105.7,99,0.1,0,0,0,0,0.18,0,6.1,0,0,0,0,0,0,0,0,0,0,0,0,0,0,0,0,0,0,0,0,0,0,0,0,0,0,0,0,0
295=78203,0,106.8,0,0,0,0,0,0,763.828,0,107.3,106,105.6,99,0.1,0,0,0,0,0.19,0,6.2,0,0,0,0,0,0,0,0,0,0,0,0,0,0,0,0,0,0,0,0,0,0,0,0,0,0,0,0,0
296=78203,0,106.8,0,0,0,0,0,0,763.828,0,107.3,106,105.6,99,0.1,0,0,0,0,0.19,0,6.2,0,0,0,0,0,0,0,0,0,0,0,0,0,0,0,0,0,0,0,0,0,0,0,0,0,0,0,0,0
297=78602,0,106.7,0,0,0,0,0,0,763.828,0,107.3,105.9,105.5,98.9,0.1,0,0,0,0,0.2,0,6.2,0,0,0,0,0,0,0,0,0,0,0,0,0,0,0,0,0,0,0,0,0,0,0,0,0,0,0,0,0
298=78602,0,106.7,0,0,0,0,0,0,763.828,0,107.3,105.9,105.5,98.9,0.1,0,0,0,0,0.2,0,6.2,0,0,0,0,0,0,0,0,0,0,0,0,0,0,0,0,0,0,0,0,0,0,0,0,0,0,0,0,0
299=78934,0,106.6,0,0,0,0,0,0,763.828,0,107.2,105.8,105.5,98.9,0.1,0,0,0,0,0.22,0,6.2,0,0,0,0,0,0,0,0,0,0,0,0,0,0,0,0,0,0,0,0,0,0,0,0,0,0,0,0,0
300=78934,0,106.6,0,0,0,0,0,0,763.828,0,107.2,105.8,105.5,98.9,0.1,0,0,0,0,0.22,0,6.2,0,0,0,0,0,0,0,0,0,0,0,0,0,0,0,0,0,0,0,0,0,0,0,0,0,0,0,0,0
301=79253,0,106.6,0,0,0,0,0,0,763.828,0,107.1,105.8,105.4,98.9,0.1,0,0,0,0,0.22,0,6.2,0,0,0,0,0,0,0,0,0,0,0,0,0,0,0,0,0,0,0,0,0,0,0,0,0,0,0,0,0
302=79253,0,106.6,0,0,0,0,0,0,763.828,0,107.1,105.8,105.4,98.9,0.1,0,0,0,0,0.22,0,6.2,0,0,0,0,0,0,0,0,0,0,0,0,0,0,0,0,0,0,0,0,0,0,0,0,0,0,0,0,0
303=79583,0,106.6,0,0,0,0,0,0,763.828,0,107.1,105.8,105.4,98.8,0.1,0,0,0,0,0.23,0,6.2,0,0,0,0,0,0,0,0,0,0,0,0,0,0,0,0,0,0,0,0,0,0,0,0,0,0,0,0,0
304=79583,0,106.6,0,0,0,0,0,0,763.828,0,107.1,105.8,105.4,98.8,0.1,0,0,0,0,0.23,0,6.2,0,0,0,0,0,0,0,0,0,0,0,0,0,0,0,0,0,0,0,0,0,0,0,0,0,0,0,0,0
305=79923,0,106.5,0,0,0,0,0,0,763.828,0,107.1,105.7,105.4,98.8,0.1,0,0,0,0,0.24,0,6.2,0,0,0,0,0,0,0,0,0,0,0,0,0,0,0,0,0,0,0,0,0,0,0,0,0,0,0,0,0
306=79923,0,106.5,0,0,0,0,0,0,763.828,0,107.1,105.7,105.4,98.8,0.1,0,0,0,0,0.24,0,6.2,0,0,0,0,0,0,0,0,0,0,0,0,0,0,0,0,0,0,0,0,0,0,0,0,0,0,0,0,0
307=80249,0,106.5,0,0,0,0,0,0,763.828,0,107,105.7,105.3,98.7,0.1,0,0,0,0,0.25,0,6.2,0,0,0,0,0,0,0,0,0,0,0,0,0,0,0,0,0,0,0,0,0,0,0,0,0,0,0,0,0
308=80249,0,106.5,0,0,0,0,0,0,763.828,0,107,105.7,105.3,98.7,0.1,0,0,0,0,0.25,0,6.2,0,0,0,0,0,0,0,0,0,0,0,0,0,0,0,0,0,0,0,0,0,0,0,0,0,0,0,0,0
309=80585,0,106.4,0,0,0,0,0,0,763.828,0,107,105.6,105.3,98.7,0.1,0,0,0,0,0.26,0,6.1,0,0,0,0,0,0,0,0,0,0,0,0,0,0,0,0,0,0,0,0,0,0,0,0,0,0,0,0,0
310=80585,0,106.4,0,0,0,0,0,0,763.828,0,107,105.6,105.3,98.7,0.1,0,0,0,0,0.26,0,6.1,0,0,0,0,0,0,0,0,0,0,0,0,0,0,0,0,0,0,0,0,0,0,0,0,0,0,0,0,0
311=80934,0,106.4,0,0,0,0,0,0,763.828,0,106.9,105.6,105.2,98.6,0.1,0,0,0,0,0.27,0,6.1,0,0,0,0,0,0,0,0,0,0,0,0,0,0,0,0,0,0,0,0,0,0,0,0,0,0,0,0,0
312=80934,0,106.4,0,0,0,0,0,0,763.828,0,106.9,105.6,105.2,98.6,0.1,0,0,0,0,0.27,0,6.1,0,0,0,0,0,0,0,0,0,0,0,0,0,0,0,0,0,0,0,0,0,0,0,0,0,0,0,0,0
313=81254,0,106.3,0,0,0,0,0,0,763.828,0,106.8,105.5,105.1,98.5,0.1,0,0,0,0,0.29,0,6.1,0,0,0,0,0,0,0,0,0,0,0,0,0,0,0,0,0,0,0,0,0,0,0,0,0,0,0,0,0
314=81254,0,106.3,0,0,0,0,0,0,763.828,0,106.8,105.5,105.1,98.5,0.1,0,0,0,0,0.29,0,6.1,0,0,0,0,0,0,0,0,0,0,0,0,0,0,0,0,0,0,0,0,0,0,0,0,0,0,0,0,0
315=81600,0,106.3,0,0,0,0,0,0,763.828,0,106.8,105.5,105.1,98.5,0.1,0,0,0,0,0.29,0,6.1,0,0,0,0,0,0,0,0,0,0,0,0,0,0,0,0,0,0,0,0,0,0,0,0,0,0,0,0,0
316=81600,0,106.3,0,0,0,0,0,0,763.828,0,106.8,105.5,105.1,98.5,0.1,0,0,0,0,0.29,0,6.1,0,0,0,0,0,0,0,0,0,0,0,0,0,0,0,0,0,0,0,0,0,0,0,0,0,0,0,0,0
317=82000,0,106.2,0,0,0,0,0,0,763.828,0,106.7,105.4,105,98.5,0.1,0,0,0,0,0.31,0,6.2,0,0,0,0,0,0,0,0,0,0,0,0,0,0,0,0,0,0,0,0,0,0,0,0,0,0,0,0,0
318=82000,0,106.2,0,0,0,0,0,0,763.828,0,106.7,105.4,105,98.5,0.1,0,0,0,0,0.31,0,6.2,0,0,0,0,0,0,0,0,0,0,0,0,0,0,0,0,0,0,0,0,0,0,0,0,0,0,0,0,0
319=82315,0,106.2,0,0,0,0,0,0,763.828,0,106.7,105.4,105,98.5,0.1,0,0,0,0,0.31,0,6.2,0,0,0,0,0,0,0,0,0,0,0,0,0,0,0,0,0,0,0,0,0,0,0,0,0,0,0,0,0
320=82315,0,106.2,0,0,0,0,0,0,763.828,0,106.7,105.4,105,98.5,0.1,0,0,0,0,0.31,0,6.2,0,0,0,0,0,0,0,0,0,0,0,0,0,0,0,0,0,0,0,0,0,0,0,0,0,0,0,0,0
321=82668,0,106.1,0,0,0,0,0,0,763.828,0,106.7,105.3,105,98.4,0.1,0,0,0,0,0.32,0,6.2,0,0,0,0,0,0,0,0,0,0,0,0,0,0,0,0,0,0,0,0,0,0,0,0,0,0,0,0,0
322=82668,0,106.1,0,0,0,0,0,0,763.828,0,106.7,105.3,105,98.4,0.1,0,0,0,0,0.32,0,6.2,0,0,0,0,0,0,0,0,0,0,0,0,0,0,0,0,0,0,0,0,0,0,0,0,0,0,0,0,0
323=83052,0,106.1,0,0,0,0,0,0,763.828,0,106.6,105.3,105,98.4,0.1,0,0,0,0,0.33,0,6.2,0,0,0,0,0,0,0,0,0,0,0,0,0,0,0,0,0,0,0,0,0,0,0,0,0,0,0,0,0
324=83052,0,106.1,0,0,0,0,0,0,763.828,0,106.6,105.3,105,98.4,0.1,0,0,0,0,0.33,0,6.2,0,0,0,0,0,0,0,0,0,0,0,0,0,0,0,0,0,0,0,0,0,0,0,0,0,0,0,0,0
325=83393,0,106,0,0,0,0,0,0,763.828,0,106.5,105.2,104.9,98.3,0.1,0,0,0,0,0.36,0,6.2,0,0,0,0,0,0,0,0,0,0,0,0,0,0,0,0,0,0,0,0,0,0,0,0,0,0,0,0,0
326=83393,0,106,0,0,0,0,0,0,763.828,0,106.5,105.2,104.9,98.3,0.1,0,0,0,0,0.36,0,6.2,0,0,0,0,0,0,0,0,0,0,0,0,0,0,0,0,0,0,0,0,0,0,0,0,0,0,0,0,0
327=83723,0,106,0,0,0,0,0,0,763.828,0,106.5,105.2,104.9,98.3,0.1,0,0,0,0,0.36,0,6.2,0,0,0,0,0,0,0,0,0,0,0,0,0,0,0,0,0,0,0,0,0,0,0,0,0,0,0,0,0
328=83723,0,106,0,0,0,0,0,0,763.828,0,106.5,105.2,104.9,98.3,0.1,0,0,0,0,0.36,0,6.2,0,0,0,0,0,0,0,0,0,0,0,0,0,0,0,0,0,0,0,0,0,0,0,0,0,0,0,0,0
329=84056,0,105.9,0,0,0,0,0,0,763.828,0,106.5,105.1,104.8,98.2,0.1,0,0,0,0,0.37,0,6.2,0,0,0,0,0,0,0,0,0,0,0,0,0,0,0,0,0,0,0,0,0,0,0,0,0,0,0,0,0
330=84056,0,105.9,0,0,0,0,0,0,763.828,0,106.5,105.1,104.8,98.2,0.1,0,0,0,0,0.37,0,6.2,0,0,0,0,0,0,0,0,0,0,0,0,0,0,0,0,0,0,0,0,0,0,0,0,0,0,0,0,0
331=84387,0,105.9,0,0,0,0,0,0,763.828,0,106.4,105,104.7,98.2,0.1,0,0,0,0,0.38,0,6.1,0,0,0,0,0,0,0,0,0,0,0,0,0,0,0,0,0,0,0,0,0,0,0,0,0,0,0,0,0
332=84387,0,105.9,0,0,0,0,0,0,763.828,0,106.4,105,104.7,98.2,0.1,0,0,0,0,0.38,0,6.1,0,0,0,0,0,0,0,0,0,0,0,0,0,0,0,0,0,0,0,0,0,0,0,0,0,0,0,0,0
333=84724,0,105.8,0,0,0,0,0,0,763.828,0,106.4,105,104.7,98.1,0.1,0,0,0,0,0.4,0,6.1,0,0,0,0,0,0,0,0,0,0,0,0,0,0,0,0,0,0,0,0,0,0,0,0,0,0,0,0,0
334=84724,0,105.8,0,0,0,0,0,0,763.828,0,106.4,105,104.7,98.1,0.1,0,0,0,0,0.4,0,6.1,0,0,0,0,0,0,0,0,0,0,0,0,0,0,0,0,0,0,0,0,0,0,0,0,0,0,0,0,0
335=85053,0,105.8,0,0,0,0,0,0,763.828,0,106.4,105,104.7,98.1,0.1,0,0,0,0,0.4,0,6.1,0,0,0,0,0,0,0,0,0,0,0,0,0,0,0,0,0,0,0,0,0,0,0,0,0,0,0,0,0
336=85053,0,105.8,0,0,0,0,0,0,763.828,0,106.4,105,104.7,98.1,0.1,0,0,0,0,0.4,0,6.1,0,0,0,0,0,0,0,0,0,0,0,0,0,0,0,0,0,0,0,0,0,0,0,0,0,0,0,0,0
337=85370,0,105.7,0,0,0,0,0,0,763.828,0,106.3,104.9,104.6,98.1,0.1,0,0,0,0,0.41,0,6.2,0,0,0,0,0,0,0,0,0,0,0,0,0,0,0,0,0,0,0,0,0,0,0,0,0,0,0,0,0
338=85370,0,105.7,0,0,0,0,0,0,763.828,0,106.3,104.9,104.6,98.1,0.1,0,0,0,0,0.41,0,6.2,0,0,0,0,0,0,0,0,0,0,0,0,0,0,0,0,0,0,0,0,0,0,0,0,0,0,0,0,0
339=85719,0,105.7,0,0,0,0,0,0,763.828,0,106.2,104.8,104.6,98,0.1,0,0,0,0,0.43,0,6.2,0,0,0,0,0,0,0,0,0,0,0,0,0,0,0,0,0,0,0,0,0,0,0,0,0,0,0,0,0
340=85719,0,105.7,0,0,0,0,0,0,763.828,0,106.2,104.8,104.6,98,0.1,0,0,0,0,0.43,0,6.2,0,0,0,0,0,0,0,0,0,0,0,0,0,0,0,0,0,0,0,0,0,0,0,0,0,0,0,0,0
341=86052,0,105.6,0,0,0,0,0,0,763.828,0,106.2,104.8,104.5,98,0.1,0,0,0,0,0.44,0,6.1,0,0,0,0,0,0,0,0,0,0,0,0,0,0,0,0,0,0,0,0,0,0,0,0,0,0,0,0,0
342=86052,0,105.6,0,0,0,0,0,0,763.828,0,106.2,104.8,104.5,98,0.1,0,0,0,0,0.44,0,6.1,0,0,0,0,0,0,0,0,0,0,0,0,0,0,0,0,0,0,0,0,0,0,0,0,0,0,0,0,0
343=86440,0,105.6,0,0,0,0,0,0,763.828,0,106.1,104.7,104.4,97.9,0.1,0,0,0,0,0.46,0,6.1,0,0,0,0,0,0,0,0,0,0,0,0,0,0,0,0,0,0,0,0,0,0,0,0,0,0,0,0,0
344=86440,0,105.6,0,0,0,0,0,0,763.828,0,106.1,104.7,104.4,97.9,0.1,0,0,0,0,0.46,0,6.1,0,0,0,0,0,0,0,0,0,0,0,0,0,0,0,0,0,0,0,0,0,0,0,0,0,0,0,0,0
345=86775,0,105.5,0,0,0,0,0,0,763.828,0,106,104.7,104.4,97.9,0.1,0,0,0,0,0.46,0,6.1,0,0,0,0,0,0,0,0,0,0,0,0,0,0,0,0,0,0,0,0,0,0,0,0,0,0,0,0,0
346=86775,0,105.5,0,0,0,0,0,0,763.828,0,106,104.7,104.4,97.9,0.1,0,0,0,0,0.46,0,6.1,0,0,0,0,0,0,0,0,0,0,0,0,0,0,0,0,0,0,0,0,0,0,0,0,0,0,0,0,0
347=87107,0,105.5,0,0,0,0,0,0,763.828,0,106,104.7,104.4,97.9,0.1,0,0,0,0,0.48,0,6.2,0,0,0,0,0,0,0,0,0,0,0,0,0,0,0,0,0,0,0,0,0,0,0,0,0,0,0,0,0
348=87107,0,105.5,0,0,0,0,0,0,763.828,0,106,104.7,104.4,97.9,0.1,0,0,0,0,0.48,0,6.2,0,0,0,0,0,0,0,0,0,0,0,0,0,0,0,0,0,0,0,0,0,0,0,0,0,0,0,0,0
349=87504,1.44,105.4,0,0,0,0,0,0,763.828,0,106,104.6,104.3,97.8,0.1,1.44,1.41,1.5,1.9,2.14,0,6.2,0,0,0,0,0,0,0,0,0,0,0,0,0,0,0,0,0,0,0,0,0,0,0,0,0,0,0,0,0
350=87504,1.44,105.4,0,0,0,0,0,0,763.828,0,106,104.6,104.3,97.8,0.1,1.44,1.41,1.5,1.9,2.14,0,6.2,0,0,0,0,0,0,0,0,0,0,0,0,0,0,0,0,0,0,0,0,0,0,0,0,0,0,0,0,0
351=87838,2.92,105.4,0,0,0,0,0,0,763.828,0,105.9,104.5,104.3,97.8,0.1,2.92,2.89,2.98,3.75,2.78,0,6.1,0,0,0,0,0,0,0,0,0,0,0,0,0,0,0,0,0,0,0,0,0,0,0,0,0,0,0,0,0
352=87838,2.92,105.4,0,0,0,0,0,0,763.828,0,105.9,104.5,104.3,97.8,0.1,2.92,2.89,2.98,3.75,2.78,0,6.1,0,0,0,0,0,0,0,0,0,0,0,0,0,0,0,0,0,0,0,0,0,0,0,0,0,0,0,0,0
353=88160,4.84,105.3,0,0,0,0,0,0,763.828,0,105.9,104.5,104.2,97.8,0.1,4.84,4.81,4.9,5,3.36,0,6.1,0,0,0,0,0,0,0,0,0,0,0,0,0,0,0,0,0,0,0,0,0,0,0,0,0,0,0,0,0
354=88160,4.84,105.3,0,0,0,0,0,0,763.828,0,105.9,104.5,104.2,97.8,0.1,4.84,4.81,4.9,5,3.36,0,6.1,0,0,0,0,0,0,0,0,0,0,0,0,0,0,0,0,0,0,0,0,0,0,0,0,0,0,0,0,0
355=88506,4.84,105.3,0,0,0,0,0,0,763.828,0,105.9,104.5,104.2,97.8,0.1,4.84,4.81,4.9,5,3.36,0,6.1,0,0,0,0,0,0,0,0,0,0,0,0,0,0,0,0,0,0,0,0,0,0,0,0,0,0,0,0,0
356=88506,4.84,105.3,0,0,0,0,0,0,763.828,0,105.9,104.5,104.2,97.8,0.1,4.84,4.81,4.9,5,3.36,0,6.1,0,0,0,0,0,0,0,0,0,0,0,0,0,0,0,0,0,0,0,0,0,0,0,0,0,0,0,0,0
357=88842,5,105.6,0,0,0,0,0,0,763.828,0,106,104.8,104.6,98.4,0.1,5,5,5,5,3.59,0,6.1,0,0,0,0,0,0,0,0,0,0,0,0,0,0,0,0,0,0,0,0,0,0,0,0,0,0,0,0,0
358=88842,5,105.6,0,0,0,0,0,0,763.828,0,106,104.8,104.6,98.4,0.1,5,5,5,5,3.59,0,6.1,0,0,0,0,0,0,0,0,0,0,0,0,0,0,0,0,0,0,0,0,0,0,0,0,0,0,0,0,0
359=89173,5,105.6,0,0,0,0,0,0,763.828,0,106,104.8,104.6,99.9,0.1,5,5,5,5,3.48,0,6.1,0,0,0,0,0,0,0,0,0,0,0,0,0,0,0,0,0,0,0,0,0,0,0,0,0,0,0,0,0
360=89173,5,105.6,0,0,0,0,0,0,763.828,0,106,104.8,104.6,99.9,0.1,5,5,5,5,3.48,0,6.1,0,0,0,0,0,0,0,0,0,0,0,0,0,0,0,0,0,0,0,0,0,0,0,0,0,0,0,0,0
