[COMMENT]
RecordTime=2024/11/7 ¤U¤È 03:07:41
InputDevice=1
InputObject=0
ColumnName=Index,Time,Intensity,TC,Pump,Gas1~4,Pressure,MTC1~5,Power1~5,O2
PumpDownTime=0
[STEP 1]
ACTION=Idle
TEMP=0
TIME=3
GN2=0
PN2=0
AO2=0
BO2=0
NA=0
Pump=0
[STEP 2]
ACTION=Idle
TEMP=0
TIME=3
GN2=40
PN2=0
AO2=0
BO2=0
NA=0
Pump=0
[STEP 3]
ACTION=Idle
TEMP=0
TIME=3
GN2=0
PN2=0
AO2=0
BO2=0
NA=0
Pump=0
[STEP 4]
ACTION=Idle
TEMP=0
TIME=3
GN2=0
PN2=0
AO2=3
BO2=0
NA=0
Pump=0
[STEP 5]
ACTION=Ramp up
TEMP=100
TIME=40
GN2=0
PN2=0
AO2=3
BO2=0
NA=0
Pump=0
[STEP 6]
ACTION=Hold
TEMP=100
TIME=30
GN2=0
PN2=0
AO2=3
BO2=0
NA=0
Pump=0
[STEP 7]
ACTION=Ramp up
TEMP=150
TIME=30
GN2=0
PN2=0
AO2=3
BO2=0
NA=0
Pump=0
[STEP 8]
ACTION=Hold
TEMP=150
TIME=240
GN2=0
PN2=0
AO2=3
BO2=0
NA=0
Pump=0
[STEP 9]
ACTION=Idle
TEMP=0
TIME=10
GN2=1
PN2=0
AO2=0
BO2=0
NA=0
Pump=0
[STEP 10]
ACTION=Idle
TEMP=0
TIME=120
GN2=90
PN2=0
AO2=0
BO2=0
NA=0
Pump=0
[STEP 11]
ACTION=Idle
TEMP=0
TIME=10
GN2=5
PN2=0
AO2=0
BO2=0
NA=0
Pump=0
[STEP 12]
ACTION=Stop
TEMP=0
TIME=0
GN2=0
PN2=0
AO2=0
BO2=0
NA=0
Pump=0
[STEP 13]
ACTION=Stop
TEMP=0
TIME=0
GN2=0
PN2=0
AO2=0
BO2=0
NA=0
Pump=0
[STEP 14]
ACTION=Stop
TEMP=0
TIME=0
GN2=0
PN2=0
AO2=0
BO2=0
NA=0
Pump=0
[STEP 15]
ACTION=Stop
TEMP=0
TIME=0
GN2=0
PN2=0
AO2=0
BO2=0
NA=0
Pump=0
[STEP 16]
ACTION=Stop
TEMP=0
TIME=0
GN2=0
PN2=0
AO2=0
BO2=0
NA=0
Pump=0
[STEP 17]
ACTION=Stop
TEMP=0
TIME=0
GN2=0
PN2=0
AO2=0
BO2=0
NA=0
Pump=0
[STEP 18]
ACTION=Stop
TEMP=0
TIME=0
GN2=0
PN2=0
AO2=0
BO2=0
NA=0
Pump=0
[STEP 19]
ACTION=Stop
TEMP=0
TIME=0
GN2=0
PN2=0
AO2=0
BO2=0
NA=0
Pump=0
[STEP 20]
ACTION=Stop
TEMP=0
TIME=0
GN2=0
PN2=0
AO2=0
BO2=0
NA=0
Pump=0
[STEP 21]
ACTION=Stop
TEMP=0
TIME=0
GN2=0
PN2=0
AO2=0
BO2=0
NA=0
Pump=0
[STEP 22]
ACTION=Stop
TEMP=0
TIME=0
GN2=0
PN2=0
AO2=0
BO2=0
NA=0
Pump=0
[STEP 23]
ACTION=Stop
TEMP=0
TIME=0
GN2=0
PN2=0
AO2=0
BO2=0
NA=0
Pump=0
[STEP 24]
ACTION=Stop
TEMP=0
TIME=0
GN2=0
PN2=0
AO2=0
BO2=0
NA=0
Pump=0
[STEP 25]
ACTION=Stop
TEMP=0
TIME=0
GN2=0
PN2=0
AO2=0
BO2=0
NA=0
Pump=0
[STEP 26]
ACTION=Stop
TEMP=0
TIME=0
GN2=0
PN2=0
AO2=0
BO2=0
NA=0
Pump=0
[STEP 27]
ACTION=Stop
TEMP=0
TIME=0
GN2=0
PN2=0
AO2=0
BO2=0
NA=0
Pump=0
[STEP 28]
ACTION=Stop
TEMP=0
TIME=0
GN2=0
PN2=0
AO2=0
BO2=0
NA=0
Pump=0
[STEP 29]
ACTION=Stop
TEMP=0
TIME=0
GN2=0
PN2=0
AO2=0
BO2=0
NA=0
Pump=0
[STEP 30]
ACTION=Stop
TEMP=0
TIME=0
GN2=0
PN2=0
AO2=0
BO2=0
NA=0
Pump=0
[STEP 31]
ACTION=Stop
TEMP=0
TIME=0
GN2=0
PN2=0
AO2=0
BO2=0
NA=0
Pump=0
[STEP 32]
ACTION=Stop
TEMP=0
TIME=0
GN2=0
PN2=0
AO2=0
BO2=0
NA=0
Pump=0
[STEP 33]
ACTION=Stop
TEMP=0
TIME=0
GN2=0
PN2=0
AO2=0
BO2=0
NA=0
Pump=0
[STEP 34]
ACTION=Stop
TEMP=0
TIME=0
GN2=0
PN2=0
AO2=0
BO2=0
NA=0
Pump=0
[STEP 35]
ACTION=Stop
TEMP=0
TIME=0
GN2=0
PN2=0
AO2=0
BO2=0
NA=0
Pump=0
[STEP 36]
ACTION=Stop
TEMP=0
TIME=0
GN2=0
PN2=0
AO2=0
BO2=0
NA=0
Pump=0
[STEP 37]
ACTION=Stop
TEMP=0
TIME=0
GN2=0
PN2=0
AO2=0
BO2=0
NA=0
Pump=0
[STEP 38]
ACTION=Stop
TEMP=0
TIME=0
GN2=0
PN2=0
AO2=0
BO2=0
NA=0
Pump=0
[STEP 39]
ACTION=Stop
TEMP=0
TIME=0
GN2=0
PN2=0
AO2=0
BO2=0
NA=0
Pump=0
[STEP 40]
ACTION=Stop
TEMP=0
TIME=0
GN2=0
PN2=0
AO2=0
BO2=0
NA=0
Pump=0
[STEP 41]
ACTION=Stop
TEMP=0
TIME=0
GN2=0
PN2=0
AO2=0
BO2=0
NA=0
Pump=0
[STEP 42]
ACTION=Stop
TEMP=0
TIME=0
GN2=0
PN2=0
AO2=0
BO2=0
NA=0
Pump=0
[STEP 43]
ACTION=Stop
TEMP=0
TIME=0
GN2=0
PN2=0
AO2=0
BO2=0
NA=0
Pump=0
[STEP 44]
ACTION=Stop
TEMP=0
TIME=0
GN2=0
PN2=0
AO2=0
BO2=0
NA=0
Pump=0
[STEP 45]
ACTION=Stop
TEMP=0
TIME=0
GN2=0
PN2=0
AO2=0
BO2=0
NA=0
Pump=0
[STEP 46]
ACTION=Stop
TEMP=0
TIME=0
GN2=0
PN2=0
AO2=0
BO2=0
NA=0
Pump=0
[STEP 47]
ACTION=Stop
TEMP=0
TIME=0
GN2=0
PN2=0
AO2=0
BO2=0
NA=0
Pump=0
[STEP 48]
ACTION=Stop
TEMP=0
TIME=0
GN2=0
PN2=0
AO2=0
BO2=0
NA=0
Pump=0
[STEP 49]
ACTION=Stop
TEMP=0
TIME=0
GN2=0
PN2=0
AO2=0
BO2=0
NA=0
Pump=0
[STEP 50]
ACTION=Stop
TEMP=0
TIME=0
GN2=0
PN2=0
AO2=0
BO2=0
NA=0
Pump=0
[COFFICIENT]
IntensityWeightD1=0
IntensityWeightD2=0
IntensityWeightD3=0
IntensityWeightD4=0.2
IntensityWeightD5=0
IntensityWeightS1=0
IntensityWeightS2=0
IntensityWeightS3=0
IntensityWeightS4=0
IntensityWeightS5=0
[CONTROL_LOOP]
Proportional=0.04
Proportional2=0.04
Integrnal=0.001
Integral2=0.00065
Derivational=0
Factor1=0
Factor2=0
InputDevice=1
Overshoot=200
[PROCESS_RECORD]
No=Time,Intensity,TC1,NA,Gas1,Gas2,Gas3,Gas4,Gas5,Pressure,Gas6,TC2,TC3,TC4,TC5,TC6,Power1,Power2,Power3,Power4,Power5,O2-Gauge,TC7,O2,MTC8,MTC9,MTC10,MTC11,MTC12,MTC13,MTC14,MTC15,MTC16,MTC17,MTC18,MTC19,MTC20,MTC21,MTC22,MTC23
0=6239,0,161.1,0,0,0,0,0,0,763.828,0,163.5,161.7,162.1,148.5,0.1,0,0,0,0,0,0,6.1,0,0,0,0,0,0,0,0,0,0,0,0,0,0,0,0,0,0,0,0,0,0,0,0,0,0,0,0,0
1=7236,0,160.4,0,0,0,0,0,0,763.828,0,162.9,161.1,161.4,148,0.1,0,0,0,0,0,0,6.1,0,0,0,0,0,0,0,0,0,0,0,0,0,0,0,0,0,0,0,0,0,0,0,0,0,0,0,0,0
2=10970,0,158.4,0,33.141,0,0,0,0,763.828,0,160.8,159,159.4,146,0.1,0,0,0,0,0,0,17.4,0,0,0,0,0,0,0,0,0,0,0,0,0,0,0,0,0,0,0,0,0,0,0,0,0,0,0,0,0
3=11970,0,157.9,0,39.99,0,0,0,0,763.828,0,160.3,158.5,158.8,145.5,0.1,0,0,0,0,0,0,17.8,0,0,0,0,0,0,0,0,0,0,0,0,0,0,0,0,0,0,0,0,0,0,0,0,0,0,0,0,0
4=14220,0,156.5,0,39.951,0,0,0,0,763.828,0,159,157.2,157.1,144.1,0.1,0,0,0,0,0,0,15.5,0,0,0,0,0,0,0,0,0,0,0,0,0,0,0,0,0,0,0,0,0,0,0,0,0,0,0,0,0
5=15222,0,155.9,0,0.547,0,0,0,0,763.828,0,158.3,156.6,156.4,143.5,0.1,0,0,0,0,0,0,13.6,0,0,0,0,0,0,0,0,0,0,0,0,0,0,0,0,0,0,0,0,0,0,0,0,0,0,0,0,0
6=17971,0,154.4,0,0,0,0,0,0,763.828,0,156.7,155.1,154.5,142.1,0.1,0,0,0,0,0,0,12.2,0,0,0,0,0,0,0,0,0,0,0,0,0,0,0,0,0,0,0,0,0,0,0,0,0,0,0,0,0
7=18954,0,153.9,0,0,0,0,0,0,763.828,0,156.1,154.5,153.8,141.5,0.1,0,0,0,0,0,0,11.3,0,0,0,0,0,0,0,0,0,0,0,0,0,0,0,0,0,0,0,0,0,0,0,0,0,0,0,0,0
8=18954,0,153.9,0,0,0,0,0,0,763.828,0,156.1,154.5,153.8,141.5,0.1,0,0,0,0,0,0,11.3,0,0,0,0,0,0,0,0,0,0,0,0,0,0,0,0,0,0,0,0,0,0,0,0,0,0,0,0,0
9=21494,0,152.8,0,0,0,0,0,0,763.828,0,154.9,153.4,152.5,140.4,0.1,0,0,0,0,0,0,9.4,0,0,0,0,0,0,0,0,0,0,0,0,0,0,0,0,0,0,0,0,0,0,0,0,0,0,0,0,0
10=21494,0,152.8,0,0,0,0,0,0,763.828,0,154.9,153.4,152.5,140.4,0.1,0,0,0,0,0,0,9.4,0,0,0,0,0,0,0,0,0,0,0,0,0,0,0,0,0,0,0,0,0,0,0,0,0,0,0,0,0
11=21796,0,152.4,0,0,0,0,0,0,763.828,0,154.6,153,152.1,140.3,0.1,0,0,0,0,0,0,9.3,0,0,0,0,0,0,0,0,0,0,0,0,0,0,0,0,0,0,0,0,0,0,0,0,0,0,0,0,0
12=21796,0,152.4,0,0,0,0,0,0,763.828,0,154.6,153,152.1,140.3,0.1,0,0,0,0,0,0,9.3,0,0,0,0,0,0,0,0,0,0,0,0,0,0,0,0,0,0,0,0,0,0,0,0,0,0,0,0,0
13=22199,0,152.2,0,0,0,0,0,0,763.828,0,154.4,152.8,151.9,140.2,0.1,0,0,0,0,0,0,9.3,0,0,0,0,0,0,0,0,0,0,0,0,0,0,0,0,0,0,0,0,0,0,0,0,0,0,0,0,0
14=22199,0,152.2,0,0,0,0,0,0,763.828,0,154.4,152.8,151.9,140.2,0.1,0,0,0,0,0,0,9.3,0,0,0,0,0,0,0,0,0,0,0,0,0,0,0,0,0,0,0,0,0,0,0,0,0,0,0,0,0
15=22606,0,152,0,0,0,0,0,0,763.828,0,154.2,152.6,151.6,140,0.1,0,0,0,0,0,0,9.2,0,0,0,0,0,0,0,0,0,0,0,0,0,0,0,0,0,0,0,0,0,0,0,0,0,0,0,0,0
16=22606,0,152,0,0,0,0,0,0,763.828,0,154.2,152.6,151.6,140,0.1,0,0,0,0,0,0,9.2,0,0,0,0,0,0,0,0,0,0,0,0,0,0,0,0,0,0,0,0,0,0,0,0,0,0,0,0,0
17=23010,0,151.8,0,0,0,0,0,0,763.828,0,154,152.4,151.4,139.9,0.1,0,0,0,0,0,0,9.2,0,0,0,0,0,0,0,0,0,0,0,0,0,0,0,0,0,0,0,0,0,0,0,0,0,0,0,0,0
18=23010,0,151.8,0,0,0,0,0,0,763.828,0,154,152.4,151.4,139.9,0.1,0,0,0,0,0,0,9.2,0,0,0,0,0,0,0,0,0,0,0,0,0,0,0,0,0,0,0,0,0,0,0,0,0,0,0,0,0
19=23409,0,151.7,0,0,0,0,0,0,763.828,0,153.8,152.2,151.2,139.7,0.1,0,0,0,0,0,0,8.8,0,0,0,0,0,0,0,0,0,0,0,0,0,0,0,0,0,0,0,0,0,0,0,0,0,0,0,0,0
20=23409,0,151.7,0,0,0,0,0,0,763.828,0,153.8,152.2,151.2,139.7,0.1,0,0,0,0,0,0,8.8,0,0,0,0,0,0,0,0,0,0,0,0,0,0,0,0,0,0,0,0,0,0,0,0,0,0,0,0,0
21=23825,0,151.5,0,0,0,0,0,0,763.828,0,153.6,152,151,139.6,0.1,0,0,0,0,0,0,8.5,0,0,0,0,0,0,0,0,0,0,0,0,0,0,0,0,0,0,0,0,0,0,0,0,0,0,0,0,0
22=23825,0,151.5,0,0,0,0,0,0,763.828,0,153.6,152,151,139.6,0.1,0,0,0,0,0,0,8.5,0,0,0,0,0,0,0,0,0,0,0,0,0,0,0,0,0,0,0,0,0,0,0,0,0,0,0,0,0
23=24227,0,151.3,0,0,0,0,0,0,763.828,0,153.4,151.8,150.8,139.4,0.1,0,0,0,0,0,0,8.4,0,0,0,0,0,0,0,0,0,0,0,0,0,0,0,0,0,0,0,0,0,0,0,0,0,0,0,0,0
24=24227,0,151.3,0,0,0,0,0,0,763.828,0,153.4,151.8,150.8,139.4,0.1,0,0,0,0,0,0,8.4,0,0,0,0,0,0,0,0,0,0,0,0,0,0,0,0,0,0,0,0,0,0,0,0,0,0,0,0,0
25=24635,0,151.1,0,0,0,0,0,0,763.828,0,153.2,151.6,150.6,139.3,0.1,0,0,0,0,0,0,8.3,0,0,0,0,0,0,0,0,0,0,0,0,0,0,0,0,0,0,0,0,0,0,0,0,0,0,0,0,0
26=24635,0,151.1,0,0,0,0,0,0,763.828,0,153.2,151.6,150.6,139.3,0.1,0,0,0,0,0,0,8.3,0,0,0,0,0,0,0,0,0,0,0,0,0,0,0,0,0,0,0,0,0,0,0,0,0,0,0,0,0
27=25042,0,150.9,0,0,0,0,0,0,763.828,0,153,151.4,150.4,139.1,0.1,0,0,0,0,0,0,8.2,0,0,0,0,0,0,0,0,0,0,0,0,0,0,0,0,0,0,0,0,0,0,0,0,0,0,0,0,0
28=25042,0,150.9,0,0,0,0,0,0,763.828,0,153,151.4,150.4,139.1,0.1,0,0,0,0,0,0,8.2,0,0,0,0,0,0,0,0,0,0,0,0,0,0,0,0,0,0,0,0,0,0,0,0,0,0,0,0,0
29=25445,0,150.8,0,0,0,0,0,0,763.828,0,152.9,151.3,150.3,139.1,0.1,0,0,0,0,0,0,8.2,0,0,0,0,0,0,0,0,0,0,0,0,0,0,0,0,0,0,0,0,0,0,0,0,0,0,0,0,0
30=25445,0,150.8,0,0,0,0,0,0,763.828,0,152.9,151.3,150.3,139.1,0.1,0,0,0,0,0,0,8.2,0,0,0,0,0,0,0,0,0,0,0,0,0,0,0,0,0,0,0,0,0,0,0,0,0,0,0,0,0
31=25850,0,150.6,0,0,0,0,0,0,763.828,0,152.6,151.1,150,138.9,0.1,0,0,0,0,0,0,8.2,0,0,0,0,0,0,0,0,0,0,0,0,0,0,0,0,0,0,0,0,0,0,0,0,0,0,0,0,0
32=25850,0,150.6,0,0,0,0,0,0,763.828,0,152.6,151.1,150,138.9,0.1,0,0,0,0,0,0,8.2,0,0,0,0,0,0,0,0,0,0,0,0,0,0,0,0,0,0,0,0,0,0,0,0,0,0,0,0,0
33=26251,0,150.4,0,0,0,0,0,0,763.828,0,152.4,150.9,149.8,138.7,0.1,0,0,0,0,0,0,8,0,0,0,0,0,0,0,0,0,0,0,0,0,0,0,0,0,0,0,0,0,0,0,0,0,0,0,0,0
34=26251,0,150.4,0,0,0,0,0,0,763.828,0,152.4,150.9,149.8,138.7,0.1,0,0,0,0,0,0,8,0,0,0,0,0,0,0,0,0,0,0,0,0,0,0,0,0,0,0,0,0,0,0,0,0,0,0,0,0
35=26664,0,150.2,0,0,0,0,0,0,763.828,0,152.3,150.7,149.6,138.5,0.1,0,0,0,0,0,0,7.6,0,0,0,0,0,0,0,0,0,0,0,0,0,0,0,0,0,0,0,0,0,0,0,0,0,0,0,0,0
36=26664,0,150.2,0,0,0,0,0,0,763.828,0,152.3,150.7,149.6,138.5,0.1,0,0,0,0,0,0,7.6,0,0,0,0,0,0,0,0,0,0,0,0,0,0,0,0,0,0,0,0,0,0,0,0,0,0,0,0,0
37=27070,0,150,0,0,0,0,0,0,763.828,0,152.1,150.5,149.4,138.4,0.1,0,0,0,0,0,0,7.4,0,0,0,0,0,0,0,0,0,0,0,0,0,0,0,0,0,0,0,0,0,0,0,0,0,0,0,0,0
38=27070,0,150,0,0,0,0,0,0,763.828,0,152.1,150.5,149.4,138.4,0.1,0,0,0,0,0,0,7.4,0,0,0,0,0,0,0,0,0,0,0,0,0,0,0,0,0,0,0,0,0,0,0,0,0,0,0,0,0
39=27473,0,149.9,0,0,0,0,0,0,763.828,0,151.9,150.3,149.2,138.2,0.1,0,0,0,0,0,0,7.3,0,0,0,0,0,0,0,0,0,0,0,0,0,0,0,0,0,0,0,0,0,0,0,0,0,0,0,0,0
40=27473,0,149.9,0,0,0,0,0,0,763.828,0,151.9,150.3,149.2,138.2,0.1,0,0,0,0,0,0,7.3,0,0,0,0,0,0,0,0,0,0,0,0,0,0,0,0,0,0,0,0,0,0,0,0,0,0,0,0,0
41=27900,0,149.7,0,0,0,0,0,0,763.828,0,151.7,150.1,149.1,138.1,0.1,0,0,0,0,0,0,7.2,0,0,0,0,0,0,0,0,0,0,0,0,0,0,0,0,0,0,0,0,0,0,0,0,0,0,0,0,0
42=27900,0,149.7,0,0,0,0,0,0,763.828,0,151.7,150.1,149.1,138.1,0.1,0,0,0,0,0,0,7.2,0,0,0,0,0,0,0,0,0,0,0,0,0,0,0,0,0,0,0,0,0,0,0,0,0,0,0,0,0
43=28303,0,149.5,0,0,0,0,0,0,763.828,0,151.5,149.9,148.9,137.9,0.1,0,0,0,0,0,0,7.2,0,0,0,0,0,0,0,0,0,0,0,0,0,0,0,0,0,0,0,0,0,0,0,0,0,0,0,0,0
44=28303,0,149.5,0,0,0,0,0,0,763.828,0,151.5,149.9,148.9,137.9,0.1,0,0,0,0,0,0,7.2,0,0,0,0,0,0,0,0,0,0,0,0,0,0,0,0,0,0,0,0,0,0,0,0,0,0,0,0,0
45=28711,0,149.3,0,0,0,0,0,0,763.828,0,151.3,149.8,148.7,137.8,0.1,0,0,0,0,0,0,7.2,0,0,0,0,0,0,0,0,0,0,0,0,0,0,0,0,0,0,0,0,0,0,0,0,0,0,0,0,0
46=28711,0,149.3,0,0,0,0,0,0,763.828,0,151.3,149.8,148.7,137.8,0.1,0,0,0,0,0,0,7.2,0,0,0,0,0,0,0,0,0,0,0,0,0,0,0,0,0,0,0,0,0,0,0,0,0,0,0,0,0
47=29120,0,149.2,0,0,0,0,0,0,763.828,0,151.2,149.6,148.5,137.6,0.1,0,0,0,0,0,0,7.2,0,0,0,0,0,0,0,0,0,0,0,0,0,0,0,0,0,0,0,0,0,0,0,0,0,0,0,0,0
48=29120,0,149.2,0,0,0,0,0,0,763.828,0,151.2,149.6,148.5,137.6,0.1,0,0,0,0,0,0,7.2,0,0,0,0,0,0,0,0,0,0,0,0,0,0,0,0,0,0,0,0,0,0,0,0,0,0,0,0,0
49=29516,0,149,0,0,0,0,0,0,763.828,0,151,149.4,148.3,137.5,0.1,0,0,0,0,0,0,7.2,0,0,0,0,0,0,0,0,0,0,0,0,0,0,0,0,0,0,0,0,0,0,0,0,0,0,0,0,0
50=29516,0,149,0,0,0,0,0,0,763.828,0,151,149.4,148.3,137.5,0.1,0,0,0,0,0,0,7.2,0,0,0,0,0,0,0,0,0,0,0,0,0,0,0,0,0,0,0,0,0,0,0,0,0,0,0,0,0
51=29933,0,148.8,0,0,0,0,0,0,763.828,0,150.8,149.2,148.1,137.3,0.1,0,0,0,0,0,0,7.2,0,0,0,0,0,0,0,0,0,0,0,0,0,0,0,0,0,0,0,0,0,0,0,0,0,0,0,0,0
52=29933,0,148.8,0,0,0,0,0,0,763.828,0,150.8,149.2,148.1,137.3,0.1,0,0,0,0,0,0,7.2,0,0,0,0,0,0,0,0,0,0,0,0,0,0,0,0,0,0,0,0,0,0,0,0,0,0,0,0,0
53=30334,0,148.6,0,0,0,0,0,0,763.828,0,150.6,149.1,148,137.2,0.1,0,0,0,0,0,0,7.2,0,0,0,0,0,0,0,0,0,0,0,0,0,0,0,0,0,0,0,0,0,0,0,0,0,0,0,0,0
54=30334,0,148.6,0,0,0,0,0,0,763.828,0,150.6,149.1,148,137.2,0.1,0,0,0,0,0,0,7.2,0,0,0,0,0,0,0,0,0,0,0,0,0,0,0,0,0,0,0,0,0,0,0,0,0,0,0,0,0
55=30736,0,148.6,0,0,0,0,0,0,763.828,0,150.6,149,147.9,137.1,0.1,0,0,0,0,0,0,7.1,0,0,0,0,0,0,0,0,0,0,0,0,0,0,0,0,0,0,0,0,0,0,0,0,0,0,0,0,0
56=30736,0,148.6,0,0,0,0,0,0,763.828,0,150.6,149,147.9,137.1,0.1,0,0,0,0,0,0,7.1,0,0,0,0,0,0,0,0,0,0,0,0,0,0,0,0,0,0,0,0,0,0,0,0,0,0,0,0,0
57=31153,0,148.4,0,0,0,0,0,0,763.828,0,150.4,148.8,147.7,137,0.1,0,0,0,0,0,0,7.1,0,0,0,0,0,0,0,0,0,0,0,0,0,0,0,0,0,0,0,0,0,0,0,0,0,0,0,0,0
58=31153,0,148.4,0,0,0,0,0,0,763.828,0,150.4,148.8,147.7,137,0.1,0,0,0,0,0,0,7.1,0,0,0,0,0,0,0,0,0,0,0,0,0,0,0,0,0,0,0,0,0,0,0,0,0,0,0,0,0
59=31556,0,148.2,0,0,0,0,0,0,763.828,0,150.2,148.6,147.5,136.8,0.1,0,0,0,0,0,0,7.2,0,0,0,0,0,0,0,0,0,0,0,0,0,0,0,0,0,0,0,0,0,0,0,0,0,0,0,0,0
60=31556,0,148.2,0,0,0,0,0,0,763.828,0,150.2,148.6,147.5,136.8,0.1,0,0,0,0,0,0,7.2,0,0,0,0,0,0,0,0,0,0,0,0,0,0,0,0,0,0,0,0,0,0,0,0,0,0,0,0,0
61=31964,0,148.1,0,0,0,0,0,0,763.828,0,150,148.4,147.4,136.7,0.1,0,0,0,0,0,0,7.2,0,0,0,0,0,0,0,0,0,0,0,0,0,0,0,0,0,0,0,0,0,0,0,0,0,0,0,0,0
62=31964,0,148.1,0,0,0,0,0,0,763.828,0,150,148.4,147.4,136.7,0.1,0,0,0,0,0,0,7.2,0,0,0,0,0,0,0,0,0,0,0,0,0,0,0,0,0,0,0,0,0,0,0,0,0,0,0,0,0
63=32371,0,147.9,0,0,0,0,0,0,763.828,0,149.9,148.3,147.2,136.5,0.1,0,0,0,0,0,0,6.9,0,0,0,0,0,0,0,0,0,0,0,0,0,0,0,0,0,0,0,0,0,0,0,0,0,0,0,0,0
64=32371,0,147.9,0,0,0,0,0,0,763.828,0,149.9,148.3,147.2,136.5,0.1,0,0,0,0,0,0,6.9,0,0,0,0,0,0,0,0,0,0,0,0,0,0,0,0,0,0,0,0,0,0,0,0,0,0,0,0,0
65=32780,0,147.6,0,0,0,0,0,0,763.828,0,149.6,148,146.9,136.4,0.1,0,0,0,0,0,0,6.6,0,0,0,0,0,0,0,0,0,0,0,0,0,0,0,0,0,0,0,0,0,0,0,0,0,0,0,0,0
66=32780,0,147.6,0,0,0,0,0,0,763.828,0,149.6,148,146.9,136.4,0.1,0,0,0,0,0,0,6.6,0,0,0,0,0,0,0,0,0,0,0,0,0,0,0,0,0,0,0,0,0,0,0,0,0,0,0,0,0
67=33174,0,147.5,0,0,0,0,0,0,763.828,0,149.4,147.8,146.8,136.1,0.1,0,0,0,0,0,0,6.3,0,0,0,0,0,0,0,0,0,0,0,0,0,0,0,0,0,0,0,0,0,0,0,0,0,0,0,0,0
68=33174,0,147.5,0,0,0,0,0,0,763.828,0,149.4,147.8,146.8,136.1,0.1,0,0,0,0,0,0,6.3,0,0,0,0,0,0,0,0,0,0,0,0,0,0,0,0,0,0,0,0,0,0,0,0,0,0,0,0,0
69=33582,0,147.3,0,0,0,0,0,0,763.828,0,149.3,147.7,146.6,136,0.1,0,0,0,0,0,0,6.2,0,0,0,0,0,0,0,0,0,0,0,0,0,0,0,0,0,0,0,0,0,0,0,0,0,0,0,0,0
70=33582,0,147.3,0,0,0,0,0,0,763.828,0,149.3,147.7,146.6,136,0.1,0,0,0,0,0,0,6.2,0,0,0,0,0,0,0,0,0,0,0,0,0,0,0,0,0,0,0,0,0,0,0,0,0,0,0,0,0
71=33986,0,147.2,0,0,0,0,0,0,763.828,0,149.2,147.6,146.5,135.9,0.1,0,0,0,0,0,0,6.2,0,0,0,0,0,0,0,0,0,0,0,0,0,0,0,0,0,0,0,0,0,0,0,0,0,0,0,0,0
72=33986,0,147.2,0,0,0,0,0,0,763.828,0,149.2,147.6,146.5,135.9,0.1,0,0,0,0,0,0,6.2,0,0,0,0,0,0,0,0,0,0,0,0,0,0,0,0,0,0,0,0,0,0,0,0,0,0,0,0,0
73=34400,0,147,0,0,0,0,0,0,763.828,0,149,147.4,146.4,135.8,0.1,0,0,0,0,0,0,6.2,0,0,0,0,0,0,0,0,0,0,0,0,0,0,0,0,0,0,0,0,0,0,0,0,0,0,0,0,0
74=34400,0,147,0,0,0,0,0,0,763.828,0,149,147.4,146.4,135.8,0.1,0,0,0,0,0,0,6.2,0,0,0,0,0,0,0,0,0,0,0,0,0,0,0,0,0,0,0,0,0,0,0,0,0,0,0,0,0
75=34803,0,146.9,0,0,0,0,0,0,763.828,0,148.8,147.2,146.2,135.6,0.1,0,0,0,0,0,0,6.1,0,0,0,0,0,0,0,0,0,0,0,0,0,0,0,0,0,0,0,0,0,0,0,0,0,0,0,0,0
76=34803,0,146.9,0,0,0,0,0,0,763.828,0,148.8,147.2,146.2,135.6,0.1,0,0,0,0,0,0,6.1,0,0,0,0,0,0,0,0,0,0,0,0,0,0,0,0,0,0,0,0,0,0,0,0,0,0,0,0,0
77=35206,0,146.7,0,0,0,0,0,0,763.828,0,148.7,147.1,146,135.5,0.1,0,0,0,0,0,0,6.1,0,0,0,0,0,0,0,0,0,0,0,0,0,0,0,0,0,0,0,0,0,0,0,0,0,0,0,0,0
78=35206,0,146.7,0,0,0,0,0,0,763.828,0,148.7,147.1,146,135.5,0.1,0,0,0,0,0,0,6.1,0,0,0,0,0,0,0,0,0,0,0,0,0,0,0,0,0,0,0,0,0,0,0,0,0,0,0,0,0
79=35611,0,146.6,0,0,0,0,0,0,763.828,0,148.5,146.9,145.9,135.3,0.1,0,0,0,0,0,0,6.1,0,0,0,0,0,0,0,0,0,0,0,0,0,0,0,0,0,0,0,0,0,0,0,0,0,0,0,0,0
80=35611,0,146.6,0,0,0,0,0,0,763.828,0,148.5,146.9,145.9,135.3,0.1,0,0,0,0,0,0,6.1,0,0,0,0,0,0,0,0,0,0,0,0,0,0,0,0,0,0,0,0,0,0,0,0,0,0,0,0,0
81=36027,0,146.4,0,0,0,0,0,0,763.828,0,148.3,146.7,145.7,135.2,0.1,0,0,0,0,0,0,6.1,0,0,0,0,0,0,0,0,0,0,0,0,0,0,0,0,0,0,0,0,0,0,0,0,0,0,0,0,0
82=36027,0,146.4,0,0,0,0,0,0,763.828,0,148.3,146.7,145.7,135.2,0.1,0,0,0,0,0,0,6.1,0,0,0,0,0,0,0,0,0,0,0,0,0,0,0,0,0,0,0,0,0,0,0,0,0,0,0,0,0
83=36429,0,146.2,0,0,0,0,0,0,763.828,0,148.2,146.6,145.6,135.1,0.1,0,0,0,0,0,0,6.1,0,0,0,0,0,0,0,0,0,0,0,0,0,0,0,0,0,0,0,0,0,0,0,0,0,0,0,0,0
84=36429,0,146.2,0,0,0,0,0,0,763.828,0,148.2,146.6,145.6,135.1,0.1,0,0,0,0,0,0,6.1,0,0,0,0,0,0,0,0,0,0,0,0,0,0,0,0,0,0,0,0,0,0,0,0,0,0,0,0,0
85=36840,0,146.1,0,0,0,0,0,0,763.828,0,148,146.4,145.4,134.9,0.1,0,0,0,0,0,0,6.1,0,0,0,0,0,0,0,0,0,0,0,0,0,0,0,0,0,0,0,0,0,0,0,0,0,0,0,0,0
86=36840,0,146.1,0,0,0,0,0,0,763.828,0,148,146.4,145.4,134.9,0.1,0,0,0,0,0,0,6.1,0,0,0,0,0,0,0,0,0,0,0,0,0,0,0,0,0,0,0,0,0,0,0,0,0,0,0,0,0
87=37245,0,145.9,0,0,0,0,0,0,763.828,0,147.8,146.2,145.2,134.8,0.1,0,0,0,0,0,0,6.1,0,0,0,0,0,0,0,0,0,0,0,0,0,0,0,0,0,0,0,0,0,0,0,0,0,0,0,0,0
88=37245,0,145.9,0,0,0,0,0,0,763.828,0,147.8,146.2,145.2,134.8,0.1,0,0,0,0,0,0,6.1,0,0,0,0,0,0,0,0,0,0,0,0,0,0,0,0,0,0,0,0,0,0,0,0,0,0,0,0,0
89=37693,0,145.8,0,0,0,0,0,0,763.828,0,147.7,146.1,145.1,134.7,0.1,0,0,0,0,0,0,6.1,0,0,0,0,0,0,0,0,0,0,0,0,0,0,0,0,0,0,0,0,0,0,0,0,0,0,0,0,0
90=37693,0,145.8,0,0,0,0,0,0,763.828,0,147.7,146.1,145.1,134.7,0.1,0,0,0,0,0,0,6.1,0,0,0,0,0,0,0,0,0,0,0,0,0,0,0,0,0,0,0,0,0,0,0,0,0,0,0,0,0
91=38061,0,145.6,0,0,0,0,0,0,763.828,0,147.5,145.9,144.9,134.5,0.1,0,0,0,0,0,0,6.1,0,0,0,0,0,0,0,0,0,0,0,0,0,0,0,0,0,0,0,0,0,0,0,0,0,0,0,0,0
92=38061,0,145.6,0,0,0,0,0,0,763.828,0,147.5,145.9,144.9,134.5,0.1,0,0,0,0,0,0,6.1,0,0,0,0,0,0,0,0,0,0,0,0,0,0,0,0,0,0,0,0,0,0,0,0,0,0,0,0,0
93=38478,0,145.4,0,0,0,0,0,0,763.828,0,147.3,145.7,144.7,134.3,0.1,0,0,0,0,0,0,6.1,0,0,0,0,0,0,0,0,0,0,0,0,0,0,0,0,0,0,0,0,0,0,0,0,0,0,0,0,0
94=38478,0,145.4,0,0,0,0,0,0,763.828,0,147.3,145.7,144.7,134.3,0.1,0,0,0,0,0,0,6.1,0,0,0,0,0,0,0,0,0,0,0,0,0,0,0,0,0,0,0,0,0,0,0,0,0,0,0,0,0
95=38892,0,145.2,0,0,0,0,0,0,763.828,0,147.1,145.5,144.6,134.2,0.1,0,0,0,0,0,0,6.1,0,0,0,0,0,0,0,0,0,0,0,0,0,0,0,0,0,0,0,0,0,0,0,0,0,0,0,0,0
96=38892,0,145.2,0,0,0,0,0,0,763.828,0,147.1,145.5,144.6,134.2,0.1,0,0,0,0,0,0,6.1,0,0,0,0,0,0,0,0,0,0,0,0,0,0,0,0,0,0,0,0,0,0,0,0,0,0,0,0,0
97=39305,0,145.1,0,0,0,0,0,0,763.828,0,147,145.4,144.4,134.1,0.1,0,0,0,0,0,0,6.1,0,0,0,0,0,0,0,0,0,0,0,0,0,0,0,0,0,0,0,0,0,0,0,0,0,0,0,0,0
98=39305,0,145.1,0,0,0,0,0,0,763.828,0,147,145.4,144.4,134.1,0.1,0,0,0,0,0,0,6.1,0,0,0,0,0,0,0,0,0,0,0,0,0,0,0,0,0,0,0,0,0,0,0,0,0,0,0,0,0
99=39703,0,145,0,0,0,0,0,0,763.828,0,146.9,145.3,144.3,134,0.1,0,0,0,0,0,0,6.1,0,0,0,0,0,0,0,0,0,0,0,0,0,0,0,0,0,0,0,0,0,0,0,0,0,0,0,0,0
100=39703,0,145,0,0,0,0,0,0,763.828,0,146.9,145.3,144.3,134,0.1,0,0,0,0,0,0,6.1,0,0,0,0,0,0,0,0,0,0,0,0,0,0,0,0,0,0,0,0,0,0,0,0,0,0,0,0,0
101=40137,0,144.8,0,0,0,0,0,0,763.828,0,146.7,145.1,144.1,133.8,0.1,0,0,0,0,0,0,6.1,0,0,0,0,0,0,0,0,0,0,0,0,0,0,0,0,0,0,0,0,0,0,0,0,0,0,0,0,0
102=40137,0,144.8,0,0,0,0,0,0,763.828,0,146.7,145.1,144.1,133.8,0.1,0,0,0,0,0,0,6.1,0,0,0,0,0,0,0,0,0,0,0,0,0,0,0,0,0,0,0,0,0,0,0,0,0,0,0,0,0
103=40521,0,144.6,0,0,0,0,0,0,763.828,0,146.5,144.9,144,133.7,0.1,0,0,0,0,0,0,6.1,0,0,0,0,0,0,0,0,0,0,0,0,0,0,0,0,0,0,0,0,0,0,0,0,0,0,0,0,0
104=40521,0,144.6,0,0,0,0,0,0,763.828,0,146.5,144.9,144,133.7,0.1,0,0,0,0,0,0,6.1,0,0,0,0,0,0,0,0,0,0,0,0,0,0,0,0,0,0,0,0,0,0,0,0,0,0,0,0,0
105=40924,0,144.5,0,0,0,0,0,0,763.828,0,146.3,144.7,143.8,133.5,0.1,0,0,0,0,0,0,6.1,0,0,0,0,0,0,0,0,0,0,0,0,0,0,0,0,0,0,0,0,0,0,0,0,0,0,0,0,0
106=40924,0,144.5,0,0,0,0,0,0,763.828,0,146.3,144.7,143.8,133.5,0.1,0,0,0,0,0,0,6.1,0,0,0,0,0,0,0,0,0,0,0,0,0,0,0,0,0,0,0,0,0,0,0,0,0,0,0,0,0
107=41337,0,144.3,0,0,0,0,0,0,763.828,0,146.2,144.6,143.6,133.4,0.1,0,0,0,0,0,0,6.1,0,0,0,0,0,0,0,0,0,0,0,0,0,0,0,0,0,0,0,0,0,0,0,0,0,0,0,0,0
108=41337,0,144.3,0,0,0,0,0,0,763.828,0,146.2,144.6,143.6,133.4,0.1,0,0,0,0,0,0,6.1,0,0,0,0,0,0,0,0,0,0,0,0,0,0,0,0,0,0,0,0,0,0,0,0,0,0,0,0,0
109=41745,0,144.2,0,0,0,0,0,0,763.828,0,146,144.4,143.5,133.2,0.1,0,0,0,0,0,0,6.1,0,0,0,0,0,0,0,0,0,0,0,0,0,0,0,0,0,0,0,0,0,0,0,0,0,0,0,0,0
110=41745,0,144.2,0,0,0,0,0,0,763.828,0,146,144.4,143.5,133.2,0.1,0,0,0,0,0,0,6.1,0,0,0,0,0,0,0,0,0,0,0,0,0,0,0,0,0,0,0,0,0,0,0,0,0,0,0,0,0
111=42145,0,144,0,0,0,0,0,0,763.828,0,145.8,144.2,143.3,133.1,0.1,0,0,0,0,0,0,6.1,0,0,0,0,0,0,0,0,0,0,0,0,0,0,0,0,0,0,0,0,0,0,0,0,0,0,0,0,0
112=42145,0,144,0,0,0,0,0,0,763.828,0,145.8,144.2,143.3,133.1,0.1,0,0,0,0,0,0,6.1,0,0,0,0,0,0,0,0,0,0,0,0,0,0,0,0,0,0,0,0,0,0,0,0,0,0,0,0,0
113=42560,0,143.9,0,0,0,0,0,0,763.828,0,145.7,144.1,143.2,132.9,0.1,0,0,0,0,0,0,6.1,0,0,0,0,0,0,0,0,0,0,0,0,0,0,0,0,0,0,0,0,0,0,0,0,0,0,0,0,0
114=42560,0,143.9,0,0,0,0,0,0,763.828,0,145.7,144.1,143.2,132.9,0.1,0,0,0,0,0,0,6.1,0,0,0,0,0,0,0,0,0,0,0,0,0,0,0,0,0,0,0,0,0,0,0,0,0,0,0,0,0
115=42961,0,143.8,0,0,0,0,0,0,763.828,0,145.6,144,143.1,132.9,0.1,0,0,0,0,0,0,6.1,0,0,0,0,0,0,0,0,0,0,0,0,0,0,0,0,0,0,0,0,0,0,0,0,0,0,0,0,0
116=42961,0,143.8,0,0,0,0,0,0,763.828,0,145.6,144,143.1,132.9,0.1,0,0,0,0,0,0,6.1,0,0,0,0,0,0,0,0,0,0,0,0,0,0,0,0,0,0,0,0,0,0,0,0,0,0,0,0,0
117=43359,0,143.6,0,0,0,0,0,0,763.828,0,145.4,143.8,142.9,132.8,0.1,0,0,0,0,0,0,6.1,0,0,0,0,0,0,0,0,0,0,0,0,0,0,0,0,0,0,0,0,0,0,0,0,0,0,0,0,0
118=43359,0,143.6,0,0,0,0,0,0,763.828,0,145.4,143.8,142.9,132.8,0.1,0,0,0,0,0,0,6.1,0,0,0,0,0,0,0,0,0,0,0,0,0,0,0,0,0,0,0,0,0,0,0,0,0,0,0,0,0
119=43765,0,143.5,0,0,0,0,0,0,763.828,0,145.3,143.7,142.8,132.6,0.1,0,0,0,0,0,0,6.1,0,0,0,0,0,0,0,0,0,0,0,0,0,0,0,0,0,0,0,0,0,0,0,0,0,0,0,0,0
120=43765,0,143.5,0,0,0,0,0,0,763.828,0,145.3,143.7,142.8,132.6,0.1,0,0,0,0,0,0,6.1,0,0,0,0,0,0,0,0,0,0,0,0,0,0,0,0,0,0,0,0,0,0,0,0,0,0,0,0,0
121=44173,0,143.3,0,0,0,0,0,0,763.828,0,145.1,143.5,142.7,132.5,0.1,0,0,0,0,0,0,6.1,0,0,0,0,0,0,0,0,0,0,0,0,0,0,0,0,0,0,0,0,0,0,0,0,0,0,0,0,0
122=44173,0,143.3,0,0,0,0,0,0,763.828,0,145.1,143.5,142.7,132.5,0.1,0,0,0,0,0,0,6.1,0,0,0,0,0,0,0,0,0,0,0,0,0,0,0,0,0,0,0,0,0,0,0,0,0,0,0,0,0
123=44590,0,143.1,0,0,0,0,0,0,763.828,0,144.9,143.3,142.5,132.3,0.1,0,0,0,0,0,0,6.1,0,0,0,0,0,0,0,0,0,0,0,0,0,0,0,0,0,0,0,0,0,0,0,0,0,0,0,0,0
124=44590,0,143.1,0,0,0,0,0,0,763.828,0,144.9,143.3,142.5,132.3,0.1,0,0,0,0,0,0,6.1,0,0,0,0,0,0,0,0,0,0,0,0,0,0,0,0,0,0,0,0,0,0,0,0,0,0,0,0,0
125=44993,0,143.1,0,0,0,0,0,0,763.828,0,144.8,143.2,142.4,132.2,0.1,0,0,0,0,0,0,6.1,0,0,0,0,0,0,0,0,0,0,0,0,0,0,0,0,0,0,0,0,0,0,0,0,0,0,0,0,0
126=44993,0,143.1,0,0,0,0,0,0,763.828,0,144.8,143.2,142.4,132.2,0.1,0,0,0,0,0,0,6.1,0,0,0,0,0,0,0,0,0,0,0,0,0,0,0,0,0,0,0,0,0,0,0,0,0,0,0,0,0
127=45396,0,142.9,0,0,0,0,0,0,763.828,0,144.7,143.1,142.3,132.1,0.1,0,0,0,0,0,0,6.1,0,0,0,0,0,0,0,0,0,0,0,0,0,0,0,0,0,0,0,0,0,0,0,0,0,0,0,0,0
128=45396,0,142.9,0,0,0,0,0,0,763.828,0,144.7,143.1,142.3,132.1,0.1,0,0,0,0,0,0,6.1,0,0,0,0,0,0,0,0,0,0,0,0,0,0,0,0,0,0,0,0,0,0,0,0,0,0,0,0,0
129=45808,0,142.8,0,0,0,0,0,0,763.828,0,144.5,142.9,142.1,131.9,0.1,0,0,0,0,0,0,6.1,0,0,0,0,0,0,0,0,0,0,0,0,0,0,0,0,0,0,0,0,0,0,0,0,0,0,0,0,0
130=45808,0,142.8,0,0,0,0,0,0,763.828,0,144.5,142.9,142.1,131.9,0.1,0,0,0,0,0,0,6.1,0,0,0,0,0,0,0,0,0,0,0,0,0,0,0,0,0,0,0,0,0,0,0,0,0,0,0,0,0
131=46215,0,142.6,0,0,0,0,0,0,763.828,0,144.4,142.8,142,131.8,0.1,0,0,0,0,0,0,6.1,0,0,0,0,0,0,0,0,0,0,0,0,0,0,0,0,0,0,0,0,0,0,0,0,0,0,0,0,0
132=46215,0,142.6,0,0,0,0,0,0,763.828,0,144.4,142.8,142,131.8,0.1,0,0,0,0,0,0,6.1,0,0,0,0,0,0,0,0,0,0,0,0,0,0,0,0,0,0,0,0,0,0,0,0,0,0,0,0,0
133=46624,0,142.5,0,0,0,0,0,0,763.828,0,144.2,142.6,141.8,131.7,0.1,0,0,0,0,0,0,6.1,0,0,0,0,0,0,0,0,0,0,0,0,0,0,0,0,0,0,0,0,0,0,0,0,0,0,0,0,0
134=46624,0,142.5,0,0,0,0,0,0,763.828,0,144.2,142.6,141.8,131.7,0.1,0,0,0,0,0,0,6.1,0,0,0,0,0,0,0,0,0,0,0,0,0,0,0,0,0,0,0,0,0,0,0,0,0,0,0,0,0
135=47023,0,142.3,0,0,0,0,0,0,763.828,0,144.1,142.5,141.7,131.6,0.1,0,0,0,0,0,0,6.1,0,0,0,0,0,0,0,0,0,0,0,0,0,0,0,0,0,0,0,0,0,0,0,0,0,0,0,0,0
136=47023,0,142.3,0,0,0,0,0,0,763.828,0,144.1,142.5,141.7,131.6,0.1,0,0,0,0,0,0,6.1,0,0,0,0,0,0,0,0,0,0,0,0,0,0,0,0,0,0,0,0,0,0,0,0,0,0,0,0,0
137=47424,0,142.2,0,0,0,0,0,0,763.828,0,143.9,142.3,141.5,131.5,0.1,0,0,0,0,0,0,6.1,0,0,0,0,0,0,0,0,0,0,0,0,0,0,0,0,0,0,0,0,0,0,0,0,0,0,0,0,0
138=47424,0,142.2,0,0,0,0,0,0,763.828,0,143.9,142.3,141.5,131.5,0.1,0,0,0,0,0,0,6.1,0,0,0,0,0,0,0,0,0,0,0,0,0,0,0,0,0,0,0,0,0,0,0,0,0,0,0,0,0
139=47828,0,142.1,0,0,0,0,0,0,763.828,0,143.8,142.2,141.4,131.3,0.1,0,0,0,0,0,0,6.1,0,0,0,0,0,0,0,0,0,0,0,0,0,0,0,0,0,0,0,0,0,0,0,0,0,0,0,0,0
140=47828,0,142.1,0,0,0,0,0,0,763.828,0,143.8,142.2,141.4,131.3,0.1,0,0,0,0,0,0,6.1,0,0,0,0,0,0,0,0,0,0,0,0,0,0,0,0,0,0,0,0,0,0,0,0,0,0,0,0,0
141=48244,0,141.9,0,0,0,0,0,0,763.828,0,143.6,142,141.3,131.2,0.1,0,0,0,0,0,0,6.1,0,0,0,0,0,0,0,0,0,0,0,0,0,0,0,0,0,0,0,0,0,0,0,0,0,0,0,0,0
142=48244,0,141.9,0,0,0,0,0,0,763.828,0,143.6,142,141.3,131.2,0.1,0,0,0,0,0,0,6.1,0,0,0,0,0,0,0,0,0,0,0,0,0,0,0,0,0,0,0,0,0,0,0,0,0,0,0,0,0
143=48643,0,141.8,0,0,0,0,0,0,763.828,0,143.5,141.9,141.1,131.1,0.1,0,0,0,0,0,0,6.1,0,0,0,0,0,0,0,0,0,0,0,0,0,0,0,0,0,0,0,0,0,0,0,0,0,0,0,0,0
144=48643,0,141.8,0,0,0,0,0,0,763.828,0,143.5,141.9,141.1,131.1,0.1,0,0,0,0,0,0,6.1,0,0,0,0,0,0,0,0,0,0,0,0,0,0,0,0,0,0,0,0,0,0,0,0,0,0,0,0,0
145=49051,0,141.6,0,0,0,0,0,0,763.828,0,143.3,141.7,141,130.9,0.1,0,0,0,0,0,0,6.1,0,0,0,0,0,0,0,0,0,0,0,0,0,0,0,0,0,0,0,0,0,0,0,0,0,0,0,0,0
146=49051,0,141.6,0,0,0,0,0,0,763.828,0,143.3,141.7,141,130.9,0.1,0,0,0,0,0,0,6.1,0,0,0,0,0,0,0,0,0,0,0,0,0,0,0,0,0,0,0,0,0,0,0,0,0,0,0,0,0
147=49463,0,141.5,0,0,0,0,0,0,763.828,0,143.2,141.6,140.8,130.8,0.1,0,0,0,0,0,0,6.1,0,0,0,0,0,0,0,0,0,0,0,0,0,0,0,0,0,0,0,0,0,0,0,0,0,0,0,0,0
148=49463,0,141.5,0,0,0,0,0,0,763.828,0,143.2,141.6,140.8,130.8,0.1,0,0,0,0,0,0,6.1,0,0,0,0,0,0,0,0,0,0,0,0,0,0,0,0,0,0,0,0,0,0,0,0,0,0,0,0,0
149=49865,0,141.4,0,0,0,0,0,0,763.828,0,143,141.4,140.7,130.7,0.1,0,0,0,0,0,0,6.2,0,0,0,0,0,0,0,0,0,0,0,0,0,0,0,0,0,0,0,0,0,0,0,0,0,0,0,0,0
150=49865,0,141.4,0,0,0,0,0,0,763.828,0,143,141.4,140.7,130.7,0.1,0,0,0,0,0,0,6.2,0,0,0,0,0,0,0,0,0,0,0,0,0,0,0,0,0,0,0,0,0,0,0,0,0,0,0,0,0
151=50279,0,141.2,0,0,0,0,0,0,763.828,0,142.8,141.2,140.5,130.6,0.1,0,0,0,0,0,0,6.2,0,0,0,0,0,0,0,0,0,0,0,0,0,0,0,0,0,0,0,0,0,0,0,0,0,0,0,0,0
152=50279,0,141.2,0,0,0,0,0,0,763.828,0,142.8,141.2,140.5,130.6,0.1,0,0,0,0,0,0,6.2,0,0,0,0,0,0,0,0,0,0,0,0,0,0,0,0,0,0,0,0,0,0,0,0,0,0,0,0,0
153=50679,0,141,0,0,0,0,0,0,763.828,0,142.7,141.1,140.4,130.4,0.1,0,0,0,0,0,0,6.2,0,0,0,0,0,0,0,0,0,0,0,0,0,0,0,0,0,0,0,0,0,0,0,0,0,0,0,0,0
154=50679,0,141,0,0,0,0,0,0,763.828,0,142.7,141.1,140.4,130.4,0.1,0,0,0,0,0,0,6.2,0,0,0,0,0,0,0,0,0,0,0,0,0,0,0,0,0,0,0,0,0,0,0,0,0,0,0,0,0
155=51100,0,140.9,0,0,0,0,0,0,763.828,0,142.5,140.9,140.2,130.2,0.1,0,0,0,0,0,0,6.1,0,0,0,0,0,0,0,0,0,0,0,0,0,0,0,0,0,0,0,0,0,0,0,0,0,0,0,0,0
156=51100,0,140.9,0,0,0,0,0,0,763.828,0,142.5,140.9,140.2,130.2,0.1,0,0,0,0,0,0,6.1,0,0,0,0,0,0,0,0,0,0,0,0,0,0,0,0,0,0,0,0,0,0,0,0,0,0,0,0,0
157=51497,0,140.7,0,0,0,0,0,0,763.828,0,142.4,140.8,140.1,130.1,0.1,0,0,0,0,0,0,6.1,0,0,0,0,0,0,0,0,0,0,0,0,0,0,0,0,0,0,0,0,0,0,0,0,0,0,0,0,0
158=51497,0,140.7,0,0,0,0,0,0,763.828,0,142.4,140.8,140.1,130.1,0.1,0,0,0,0,0,0,6.1,0,0,0,0,0,0,0,0,0,0,0,0,0,0,0,0,0,0,0,0,0,0,0,0,0,0,0,0,0
159=51895,0,140.6,0,0,0,0,0,0,763.828,0,142.2,140.7,140,130,0.1,0,0,0,0,0,0,6.1,0,0,0,0,0,0,0,0,0,0,0,0,0,0,0,0,0,0,0,0,0,0,0,0,0,0,0,0,0
160=51895,0,140.6,0,0,0,0,0,0,763.828,0,142.2,140.7,140,130,0.1,0,0,0,0,0,0,6.1,0,0,0,0,0,0,0,0,0,0,0,0,0,0,0,0,0,0,0,0,0,0,0,0,0,0,0,0,0
161=52303,0,140.5,0,0,0,0,0,0,763.828,0,142.1,140.5,139.8,129.9,0.1,0,0,0,0,0,0,6.1,0,0,0,0,0,0,0,0,0,0,0,0,0,0,0,0,0,0,0,0,0,0,0,0,0,0,0,0,0
162=52303,0,140.5,0,0,0,0,0,0,763.828,0,142.1,140.5,139.8,129.9,0.1,0,0,0,0,0,0,6.1,0,0,0,0,0,0,0,0,0,0,0,0,0,0,0,0,0,0,0,0,0,0,0,0,0,0,0,0,0
163=52712,0,140.3,0,0,0,0,0,0,763.828,0,141.9,140.4,139.7,129.8,0.1,0,0,0,0,0,0,6.1,0,0,0,0,0,0,0,0,0,0,0,0,0,0,0,0,0,0,0,0,0,0,0,0,0,0,0,0,0
164=52712,0,140.3,0,0,0,0,0,0,763.828,0,141.9,140.4,139.7,129.8,0.1,0,0,0,0,0,0,6.1,0,0,0,0,0,0,0,0,0,0,0,0,0,0,0,0,0,0,0,0,0,0,0,0,0,0,0,0,0
165=53119,0,140.2,0,0,0,0,0,0,763.828,0,141.8,140.2,139.5,129.6,0.1,0,0,0,0,0,0,6.1,0,0,0,0,0,0,0,0,0,0,0,0,0,0,0,0,0,0,0,0,0,0,0,0,0,0,0,0,0
166=53119,0,140.2,0,0,0,0,0,0,763.828,0,141.8,140.2,139.5,129.6,0.1,0,0,0,0,0,0,6.1,0,0,0,0,0,0,0,0,0,0,0,0,0,0,0,0,0,0,0,0,0,0,0,0,0,0,0,0,0
167=53520,0,140.1,0,0,0,0,0,0,763.828,0,141.7,140.1,139.4,129.5,0.1,0,0,0,0,0,0,6.1,0,0,0,0,0,0,0,0,0,0,0,0,0,0,0,0,0,0,0,0,0,0,0,0,0,0,0,0,0
168=53520,0,140.1,0,0,0,0,0,0,763.828,0,141.7,140.1,139.4,129.5,0.1,0,0,0,0,0,0,6.1,0,0,0,0,0,0,0,0,0,0,0,0,0,0,0,0,0,0,0,0,0,0,0,0,0,0,0,0,0
169=53945,0,140,0,0,0,0,0,0,763.828,0,141.5,140,139.3,129.4,0.1,0,0,0,0,0,0,6.1,0,0,0,0,0,0,0,0,0,0,0,0,0,0,0,0,0,0,0,0,0,0,0,0,0,0,0,0,0
170=53945,0,140,0,0,0,0,0,0,763.828,0,141.5,140,139.3,129.4,0.1,0,0,0,0,0,0,6.1,0,0,0,0,0,0,0,0,0,0,0,0,0,0,0,0,0,0,0,0,0,0,0,0,0,0,0,0,0
171=54334,0,139.9,0,0,0,0,0,0,763.828,0,141.4,139.9,139.2,129.3,0.1,0,0,0,0,0,0,6.1,0,0,0,0,0,0,0,0,0,0,0,0,0,0,0,0,0,0,0,0,0,0,0,0,0,0,0,0,0
172=54334,0,139.9,0,0,0,0,0,0,763.828,0,141.4,139.9,139.2,129.3,0.1,0,0,0,0,0,0,6.1,0,0,0,0,0,0,0,0,0,0,0,0,0,0,0,0,0,0,0,0,0,0,0,0,0,0,0,0,0
173=54740,0,139.8,0,0,0,0,0,0,763.828,0,141.3,139.7,139.1,129.2,0.1,0,0,0,0,0,0,6.1,0,0,0,0,0,0,0,0,0,0,0,0,0,0,0,0,0,0,0,0,0,0,0,0,0,0,0,0,0
174=54740,0,139.8,0,0,0,0,0,0,763.828,0,141.3,139.7,139.1,129.2,0.1,0,0,0,0,0,0,6.1,0,0,0,0,0,0,0,0,0,0,0,0,0,0,0,0,0,0,0,0,0,0,0,0,0,0,0,0,0
175=55152,0,139.6,0,0,0,0,0,0,763.828,0,141.2,139.6,139,129.1,0.1,0,0,0,0,0,0,6.1,0,0,0,0,0,0,0,0,0,0,0,0,0,0,0,0,0,0,0,0,0,0,0,0,0,0,0,0,0
176=55152,0,139.6,0,0,0,0,0,0,763.828,0,141.2,139.6,139,129.1,0.1,0,0,0,0,0,0,6.1,0,0,0,0,0,0,0,0,0,0,0,0,0,0,0,0,0,0,0,0,0,0,0,0,0,0,0,0,0
177=55558,0,139.5,0,0,0,0,0,0,763.828,0,141,139.5,138.8,129,0.1,0,0,0,0,0,0,6.1,0,0,0,0,0,0,0,0,0,0,0,0,0,0,0,0,0,0,0,0,0,0,0,0,0,0,0,0,0
178=55558,0,139.5,0,0,0,0,0,0,763.828,0,141,139.5,138.8,129,0.1,0,0,0,0,0,0,6.1,0,0,0,0,0,0,0,0,0,0,0,0,0,0,0,0,0,0,0,0,0,0,0,0,0,0,0,0,0
179=55958,0,139.4,0,0,0,0,0,0,763.828,0,140.9,139.3,138.7,128.9,0.1,0,0,0,0,0,0,6.1,0,0,0,0,0,0,0,0,0,0,0,0,0,0,0,0,0,0,0,0,0,0,0,0,0,0,0,0,0
180=55958,0,139.4,0,0,0,0,0,0,763.828,0,140.9,139.3,138.7,128.9,0.1,0,0,0,0,0,0,6.1,0,0,0,0,0,0,0,0,0,0,0,0,0,0,0,0,0,0,0,0,0,0,0,0,0,0,0,0,0
181=56371,0,139.2,0,0,0,0,0,0,763.828,0,140.8,139.2,138.6,128.7,0.1,0,0,0,0,0,0,6.1,0,0,0,0,0,0,0,0,0,0,0,0,0,0,0,0,0,0,0,0,0,0,0,0,0,0,0,0,0
182=56371,0,139.2,0,0,0,0,0,0,763.828,0,140.8,139.2,138.6,128.7,0.1,0,0,0,0,0,0,6.1,0,0,0,0,0,0,0,0,0,0,0,0,0,0,0,0,0,0,0,0,0,0,0,0,0,0,0,0,0
183=56776,0,139.1,0,0,0,0,0,0,763.828,0,140.6,139.1,138.4,128.6,0.1,0,0,0,0,0,0,6.1,0,0,0,0,0,0,0,0,0,0,0,0,0,0,0,0,0,0,0,0,0,0,0,0,0,0,0,0,0
184=56776,0,139.1,0,0,0,0,0,0,763.828,0,140.6,139.1,138.4,128.6,0.1,0,0,0,0,0,0,6.1,0,0,0,0,0,0,0,0,0,0,0,0,0,0,0,0,0,0,0,0,0,0,0,0,0,0,0,0,0
185=57185,0,139,0,0,0,0,0,0,763.828,0,140.5,138.9,138.3,128.5,0.1,0,0,0,0,0,0,6.1,0,0,0,0,0,0,0,0,0,0,0,0,0,0,0,0,0,0,0,0,0,0,0,0,0,0,0,0,0
186=57185,0,139,0,0,0,0,0,0,763.828,0,140.5,138.9,138.3,128.5,0.1,0,0,0,0,0,0,6.1,0,0,0,0,0,0,0,0,0,0,0,0,0,0,0,0,0,0,0,0,0,0,0,0,0,0,0,0,0
187=57588,0,138.9,0,0,0,0,0,0,763.828,0,140.3,138.8,138.2,128.4,0.1,0,0,0,0,0,0,6.1,0,0,0,0,0,0,0,0,0,0,0,0,0,0,0,0,0,0,0,0,0,0,0,0,0,0,0,0,0
188=57588,0,138.9,0,0,0,0,0,0,763.828,0,140.3,138.8,138.2,128.4,0.1,0,0,0,0,0,0,6.1,0,0,0,0,0,0,0,0,0,0,0,0,0,0,0,0,0,0,0,0,0,0,0,0,0,0,0,0,0
189=57991,0,138.7,0,0,0,0,0,0,763.828,0,140.2,138.7,138,128.3,0.1,0,0,0,0,0,0,6.1,0,0,0,0,0,0,0,0,0,0,0,0,0,0,0,0,0,0,0,0,0,0,0,0,0,0,0,0,0
190=57991,0,138.7,0,0,0,0,0,0,763.828,0,140.2,138.7,138,128.3,0.1,0,0,0,0,0,0,6.1,0,0,0,0,0,0,0,0,0,0,0,0,0,0,0,0,0,0,0,0,0,0,0,0,0,0,0,0,0
191=58392,0,138.6,0,0,0,0,0,0,763.828,0,140.1,138.5,137.9,128.2,0.1,0,0,0,0,0,0,6.1,0,0,0,0,0,0,0,0,0,0,0,0,0,0,0,0,0,0,0,0,0,0,0,0,0,0,0,0,0
192=58392,0,138.6,0,0,0,0,0,0,763.828,0,140.1,138.5,137.9,128.2,0.1,0,0,0,0,0,0,6.1,0,0,0,0,0,0,0,0,0,0,0,0,0,0,0,0,0,0,0,0,0,0,0,0,0,0,0,0,0
193=58821,0,138.5,0,0,0,0,0,0,763.828,0,139.9,138.4,137.8,128,0.1,0,0,0,0,0,0,6.1,0,0,0,0,0,0,0,0,0,0,0,0,0,0,0,0,0,0,0,0,0,0,0,0,0,0,0,0,0
194=58821,0,138.5,0,0,0,0,0,0,763.828,0,139.9,138.4,137.8,128,0.1,0,0,0,0,0,0,6.1,0,0,0,0,0,0,0,0,0,0,0,0,0,0,0,0,0,0,0,0,0,0,0,0,0,0,0,0,0
195=59215,0,138.3,0,0,0,0,0,0,763.828,0,139.8,138.2,137.6,127.9,0.1,0,0,0,0,0,0,6.1,0,0,0,0,0,0,0,0,0,0,0,0,0,0,0,0,0,0,0,0,0,0,0,0,0,0,0,0,0
196=59215,0,138.3,0,0,0,0,0,0,763.828,0,139.8,138.2,137.6,127.9,0.1,0,0,0,0,0,0,6.1,0,0,0,0,0,0,0,0,0,0,0,0,0,0,0,0,0,0,0,0,0,0,0,0,0,0,0,0,0
197=59610,0,138.2,0,0,0,0,0,0,763.828,0,139.6,138.1,137.5,127.7,0.1,0,0,0,0,0,0,6.1,0,0,0,0,0,0,0,0,0,0,0,0,0,0,0,0,0,0,0,0,0,0,0,0,0,0,0,0,0
198=59610,0,138.2,0,0,0,0,0,0,763.828,0,139.6,138.1,137.5,127.7,0.1,0,0,0,0,0,0,6.1,0,0,0,0,0,0,0,0,0,0,0,0,0,0,0,0,0,0,0,0,0,0,0,0,0,0,0,0,0
199=60023,0,138,0,0,0,0,0,0,763.828,0,139.5,137.9,137.3,127.6,0.1,0,0,0,0,0,0,6.1,0,0,0,0,0,0,0,0,0,0,0,0,0,0,0,0,0,0,0,0,0,0,0,0,0,0,0,0,0
200=60023,0,138,0,0,0,0,0,0,763.828,0,139.5,137.9,137.3,127.6,0.1,0,0,0,0,0,0,6.1,0,0,0,0,0,0,0,0,0,0,0,0,0,0,0,0,0,0,0,0,0,0,0,0,0,0,0,0,0
201=60424,0,137.9,0,0,0,0,0,0,763.828,0,139.3,137.8,137.2,127.5,0.1,0,0,0,0,0,0,6.4,0,0,0,0,0,0,0,0,0,0,0,0,0,0,0,0,0,0,0,0,0,0,0,0,0,0,0,0,0
202=60424,0,137.9,0,0,0,0,0,0,763.828,0,139.3,137.8,137.2,127.5,0.1,0,0,0,0,0,0,6.4,0,0,0,0,0,0,0,0,0,0,0,0,0,0,0,0,0,0,0,0,0,0,0,0,0,0,0,0,0
203=60833,0,137.8,0,0,0,0,0,0,763.828,0,139.2,137.7,137.1,127.4,0.1,0,0,0,0,0,0,6.3,0,0,0,0,0,0,0,0,0,0,0,0,0,0,0,0,0,0,0,0,0,0,0,0,0,0,0,0,0
204=60833,0,137.8,0,0,0,0,0,0,763.828,0,139.2,137.7,137.1,127.4,0.1,0,0,0,0,0,0,6.3,0,0,0,0,0,0,0,0,0,0,0,0,0,0,0,0,0,0,0,0,0,0,0,0,0,0,0,0,0
205=62165,0,137.5,0,0,0,0,0,0,763.828,0,138.8,137.3,136.8,127.1,0.1,0,0,0,0,0,0,6.2,0,0,0,0,0,0,0,0,0,0,0,0,0,0,0,0,0,0,0,0,0,0,0,0,0,0,0,0,0
206=62165,0,137.5,0,0,0,0,0,0,763.828,0,138.8,137.3,136.8,127.1,0.1,0,0,0,0,0,0,6.2,0,0,0,0,0,0,0,0,0,0,0,0,0,0,0,0,0,0,0,0,0,0,0,0,0,0,0,0,0
207=62508,0,137.3,0,0,0,0,0,0,763.828,0,138.7,137.2,136.6,127,0.1,0,0,0,0,0,0,6.2,0,0,0,0,0,0,0,0,0,0,0,0,0,0,0,0,0,0,0,0,0,0,0,0,0,0,0,0,0
208=62508,0,137.3,0,0,0,0,0,0,763.828,0,138.7,137.2,136.6,127,0.1,0,0,0,0,0,0,6.2,0,0,0,0,0,0,0,0,0,0,0,0,0,0,0,0,0,0,0,0,0,0,0,0,0,0,0,0,0
209=62824,0,137.3,0,0,0,0,0,0,763.828,0,138.7,137.2,136.6,127,0.1,0,0,0,0,0,0,6.2,0,0,0,0,0,0,0,0,0,0,0,0,0,0,0,0,0,0,0,0,0,0,0,0,0,0,0,0,0
210=62824,0,137.3,0,0,0,0,0,0,763.828,0,138.7,137.2,136.6,127,0.1,0,0,0,0,0,0,6.2,0,0,0,0,0,0,0,0,0,0,0,0,0,0,0,0,0,0,0,0,0,0,0,0,0,0,0,0,0
211=63159,0,137.2,0,0,0,0,0,0,763.828,0,138.6,137,136.5,126.9,0.1,0,0,0,0,0,0,6.1,0,0,0,0,0,0,0,0,0,0,0,0,0,0,0,0,0,0,0,0,0,0,0,0,0,0,0,0,0
212=63159,0,137.2,0,0,0,0,0,0,763.828,0,138.6,137,136.5,126.9,0.1,0,0,0,0,0,0,6.1,0,0,0,0,0,0,0,0,0,0,0,0,0,0,0,0,0,0,0,0,0,0,0,0,0,0,0,0,0
213=63497,0,137.1,0,0,0,0,0,0,763.828,0,138.5,136.9,136.4,126.8,0.1,0,0,0,0,0,0,6.1,0,0,0,0,0,0,0,0,0,0,0,0,0,0,0,0,0,0,0,0,0,0,0,0,0,0,0,0,0
214=63497,0,137.1,0,0,0,0,0,0,763.828,0,138.5,136.9,136.4,126.8,0.1,0,0,0,0,0,0,6.1,0,0,0,0,0,0,0,0,0,0,0,0,0,0,0,0,0,0,0,0,0,0,0,0,0,0,0,0,0
215=63826,0,137,0,0,0,0,0,0,763.828,0,138.4,136.8,136.3,126.7,0.1,0,0,0,0,0,0,6.1,0,0,0,0,0,0,0,0,0,0,0,0,0,0,0,0,0,0,0,0,0,0,0,0,0,0,0,0,0
216=63826,0,137,0,0,0,0,0,0,763.828,0,138.4,136.8,136.3,126.7,0.1,0,0,0,0,0,0,6.1,0,0,0,0,0,0,0,0,0,0,0,0,0,0,0,0,0,0,0,0,0,0,0,0,0,0,0,0,0
217=64225,0,136.8,0,0,0,0,0,0,763.828,0,138.2,136.6,136.1,126.5,0.1,0,0,0,0,0,0,6.1,0,0,0,0,0,0,0,0,0,0,0,0,0,0,0,0,0,0,0,0,0,0,0,0,0,0,0,0,0
218=64225,0,136.8,0,0,0,0,0,0,763.828,0,138.2,136.6,136.1,126.5,0.1,0,0,0,0,0,0,6.1,0,0,0,0,0,0,0,0,0,0,0,0,0,0,0,0,0,0,0,0,0,0,0,0,0,0,0,0,0
219=64562,0,136.7,0,0,0,0,0,0,763.828,0,138.1,136.5,136,126.4,0.1,0,0,0,0,0,0,6.1,0,0,0,0,0,0,0,0,0,0,0,0,0,0,0,0,0,0,0,0,0,0,0,0,0,0,0,0,0
220=64562,0,136.7,0,0,0,0,0,0,763.828,0,138.1,136.5,136,126.4,0.1,0,0,0,0,0,0,6.1,0,0,0,0,0,0,0,0,0,0,0,0,0,0,0,0,0,0,0,0,0,0,0,0,0,0,0,0,0
221=64882,0,136.7,0,0,0,0,0,0,763.828,0,138.1,136.5,136,126.4,0.1,0,0,0,0,0,0,6.1,0,0,0,0,0,0,0,0,0,0,0,0,0,0,0,0,0,0,0,0,0,0,0,0,0,0,0,0,0
222=64882,0,136.7,0,0,0,0,0,0,763.828,0,138.1,136.5,136,126.4,0.1,0,0,0,0,0,0,6.1,0,0,0,0,0,0,0,0,0,0,0,0,0,0,0,0,0,0,0,0,0,0,0,0,0,0,0,0,0
223=65243,0,136.6,0,0,0,0,0,0,763.828,0,137.9,136.4,135.9,126.3,0.1,0,0,0,0,0,0,6.1,0,0,0,0,0,0,0,0,0,0,0,0,0,0,0,0,0,0,0,0,0,0,0,0,0,0,0,0,0
224=65243,0,136.6,0,0,0,0,0,0,763.828,0,137.9,136.4,135.9,126.3,0.1,0,0,0,0,0,0,6.1,0,0,0,0,0,0,0,0,0,0,0,0,0,0,0,0,0,0,0,0,0,0,0,0,0,0,0,0,0
225=65643,0,136.5,0,0,0,0,0,0,763.828,0,137.8,136.3,135.8,126.2,0.1,0,0,0,0,0,0,6.1,0,0,0,0,0,0,0,0,0,0,0,0,0,0,0,0,0,0,0,0,0,0,0,0,0,0,0,0,0
226=65643,0,136.5,0,0,0,0,0,0,763.828,0,137.8,136.3,135.8,126.2,0.1,0,0,0,0,0,0,6.1,0,0,0,0,0,0,0,0,0,0,0,0,0,0,0,0,0,0,0,0,0,0,0,0,0,0,0,0,0
227=65982,0,136.4,0,0,0,0,0,0,763.828,0,137.7,136.1,135.6,126.1,0.1,0,0,0,0,0,0,6.1,0,0,0,0,0,0,0,0,0,0,0,0,0,0,0,0,0,0,0,0,0,0,0,0,0,0,0,0,0
228=65982,0,136.4,0,0,0,0,0,0,763.828,0,137.7,136.1,135.6,126.1,0.1,0,0,0,0,0,0,6.1,0,0,0,0,0,0,0,0,0,0,0,0,0,0,0,0,0,0,0,0,0,0,0,0,0,0,0,0,0
229=66325,0,136.3,0,0,0,0,0,0,763.828,0,137.6,136,135.5,126,0.1,0,0,0,0,0,0,6.1,0,0,0,0,0,0,0,0,0,0,0,0,0,0,0,0,0,0,0,0,0,0,0,0,0,0,0,0,0
230=66325,0,136.3,0,0,0,0,0,0,763.828,0,137.6,136,135.5,126,0.1,0,0,0,0,0,0,6.1,0,0,0,0,0,0,0,0,0,0,0,0,0,0,0,0,0,0,0,0,0,0,0,0,0,0,0,0,0
231=66643,0,136.1,0,0,0,0,0,0,763.828,0,137.4,135.9,135.4,125.9,0.1,0,0,0,0,0,0,6.2,0,0,0,0,0,0,0,0,0,0,0,0,0,0,0,0,0,0,0,0,0,0,0,0,0,0,0,0,0
232=66643,0,136.1,0,0,0,0,0,0,763.828,0,137.4,135.9,135.4,125.9,0.1,0,0,0,0,0,0,6.2,0,0,0,0,0,0,0,0,0,0,0,0,0,0,0,0,0,0,0,0,0,0,0,0,0,0,0,0,0
233=66977,0,136,0,0,0,0,0,0,763.828,0,137.3,135.8,135.3,125.8,0.1,0,0,0,0,0,0,6.2,0,0,0,0,0,0,0,0,0,0,0,0,0,0,0,0,0,0,0,0,0,0,0,0,0,0,0,0,0
234=66977,0,136,0,0,0,0,0,0,763.828,0,137.3,135.8,135.3,125.8,0.1,0,0,0,0,0,0,6.2,0,0,0,0,0,0,0,0,0,0,0,0,0,0,0,0,0,0,0,0,0,0,0,0,0,0,0,0,0
235=67312,0,136,0,0,0,0,0,0,763.828,0,137.3,135.8,135.3,125.8,0.1,0,0,0,0,0,0,6.2,0,0,0,0,0,0,0,0,0,0,0,0,0,0,0,0,0,0,0,0,0,0,0,0,0,0,0,0,0
236=67312,0,136,0,0,0,0,0,0,763.828,0,137.3,135.8,135.3,125.8,0.1,0,0,0,0,0,0,6.2,0,0,0,0,0,0,0,0,0,0,0,0,0,0,0,0,0,0,0,0,0,0,0,0,0,0,0,0,0
237=67616,0,135.9,0,0,0,0,0,0,763.828,0,137.2,135.6,135.2,125.7,0.1,0,0,0,0,0,0,6.2,0,0,0,0,0,0,0,0,0,0,0,0,0,0,0,0,0,0,0,0,0,0,0,0,0,0,0,0,0
238=67616,0,135.9,0,0,0,0,0,0,763.828,0,137.2,135.6,135.2,125.7,0.1,0,0,0,0,0,0,6.2,0,0,0,0,0,0,0,0,0,0,0,0,0,0,0,0,0,0,0,0,0,0,0,0,0,0,0,0,0
239=67962,0,135.7,0,0,0,0,0,0,763.828,0,137,135.5,135,125.5,0.1,0,0,0,0,0,0,6.2,0,0,0,0,0,0,0,0,0,0,0,0,0,0,0,0,0,0,0,0,0,0,0,0,0,0,0,0,0
240=67962,0,135.7,0,0,0,0,0,0,763.828,0,137,135.5,135,125.5,0.1,0,0,0,0,0,0,6.2,0,0,0,0,0,0,0,0,0,0,0,0,0,0,0,0,0,0,0,0,0,0,0,0,0,0,0,0,0
241=68303,0,135.6,0,0,0,0,0,0,763.828,0,136.9,135.4,134.9,125.4,0.1,0,0,0,0,0,0,6.1,0,0,0,0,0,0,0,0,0,0,0,0,0,0,0,0,0,0,0,0,0,0,0,0,0,0,0,0,0
242=68303,0,135.6,0,0,0,0,0,0,763.828,0,136.9,135.4,134.9,125.4,0.1,0,0,0,0,0,0,6.1,0,0,0,0,0,0,0,0,0,0,0,0,0,0,0,0,0,0,0,0,0,0,0,0,0,0,0,0,0
243=68696,0,135.5,0,0,0,0,0,0,763.828,0,136.8,135.2,134.8,125.3,0.1,0,0,0,0,0,0,6.1,0,0,0,0,0,0,0,0,0,0,0,0,0,0,0,0,0,0,0,0,0,0,0,0,0,0,0,0,0
244=68696,0,135.5,0,0,0,0,0,0,763.828,0,136.8,135.2,134.8,125.3,0.1,0,0,0,0,0,0,6.1,0,0,0,0,0,0,0,0,0,0,0,0,0,0,0,0,0,0,0,0,0,0,0,0,0,0,0,0,0
245=69045,0,135.5,0,0,0,0,0,0,763.828,0,136.8,135.2,134.8,125.3,0.1,0,0,0,0,0,0,6.1,0,0,0,0,0,0,0,0,0,0,0,0,0,0,0,0,0,0,0,0,0,0,0,0,0,0,0,0,0
246=69045,0,135.5,0,0,0,0,0,0,763.828,0,136.8,135.2,134.8,125.3,0.1,0,0,0,0,0,0,6.1,0,0,0,0,0,0,0,0,0,0,0,0,0,0,0,0,0,0,0,0,0,0,0,0,0,0,0,0,0
247=69367,0,135.4,0,0,0,0,0,0,763.828,0,136.7,135.1,134.7,125.2,0.1,0,0,0,0,0,0,6.1,0,0,0,0,0,0,0,0,0,0,0,0,0,0,0,0,0,0,0,0,0,0,0,0,0,0,0,0,0
248=69367,0,135.4,0,0,0,0,0,0,763.828,0,136.7,135.1,134.7,125.2,0.1,0,0,0,0,0,0,6.1,0,0,0,0,0,0,0,0,0,0,0,0,0,0,0,0,0,0,0,0,0,0,0,0,0,0,0,0,0
249=69698,0,135.3,0,0,0,0,0,0,763.828,0,136.5,135,134.5,125.1,0.1,0,0,0,0,0,0,6.1,0,0,0,0,0,0,0,0,0,0,0,0,0,0,0,0,0,0,0,0,0,0,0,0,0,0,0,0,0
250=69698,0,135.3,0,0,0,0,0,0,763.828,0,136.5,135,134.5,125.1,0.1,0,0,0,0,0,0,6.1,0,0,0,0,0,0,0,0,0,0,0,0,0,0,0,0,0,0,0,0,0,0,0,0,0,0,0,0,0
251=70097,0,135.1,0,0,0,0,0,0,763.828,0,136.4,134.9,134.4,125,0.1,0,0,0,0,0,0,6.1,0,0,0,0,0,0,0,0,0,0,0,0,0,0,0,0,0,0,0,0,0,0,0,0,0,0,0,0,0
252=70097,0,135.1,0,0,0,0,0,0,763.828,0,136.4,134.9,134.4,125,0.1,0,0,0,0,0,0,6.1,0,0,0,0,0,0,0,0,0,0,0,0,0,0,0,0,0,0,0,0,0,0,0,0,0,0,0,0,0
253=70446,0,135,0,0,0,0,0,0,763.828,0,136.3,134.7,134.3,124.9,0.1,0,0,0,0,0,0,6.1,0,0,0,0,0,0,0,0,0,0,0,0,0,0,0,0,0,0,0,0,0,0,0,0,0,0,0,0,0
254=70446,0,135,0,0,0,0,0,0,763.828,0,136.3,134.7,134.3,124.9,0.1,0,0,0,0,0,0,6.1,0,0,0,0,0,0,0,0,0,0,0,0,0,0,0,0,0,0,0,0,0,0,0,0,0,0,0,0,0
255=70781,0,135,0,0,0,0,0,0,763.828,0,136.3,134.7,134.3,124.9,0.1,0,0,0,0,0,0,6.1,0,0,0,0,0,0,0,0,0,0,0,0,0,0,0,0,0,0,0,0,0,0,0,0,0,0,0,0,0
256=70781,0,135,0,0,0,0,0,0,763.828,0,136.3,134.7,134.3,124.9,0.1,0,0,0,0,0,0,6.1,0,0,0,0,0,0,0,0,0,0,0,0,0,0,0,0,0,0,0,0,0,0,0,0,0,0,0,0,0
257=71114,0,134.8,0,0,0,0,0,0,763.828,0,136,134.5,134.1,124.7,0.1,0,0,0,0,0,0,6.1,0,0,0,0,0,0,0,0,0,0,0,0,0,0,0,0,0,0,0,0,0,0,0,0,0,0,0,0,0
258=71114,0,134.8,0,0,0,0,0,0,763.828,0,136,134.5,134.1,124.7,0.1,0,0,0,0,0,0,6.1,0,0,0,0,0,0,0,0,0,0,0,0,0,0,0,0,0,0,0,0,0,0,0,0,0,0,0,0,0
259=71449,0,134.8,0,0,0,0,0,0,763.828,0,136,134.5,134.1,124.7,0.1,0,0,0,0,0,0,6.1,0,0,0,0,0,0,0,0,0,0,0,0,0,0,0,0,0,0,0,0,0,0,0,0,0,0,0,0,0
260=71449,0,134.8,0,0,0,0,0,0,763.828,0,136,134.5,134.1,124.7,0.1,0,0,0,0,0,0,6.1,0,0,0,0,0,0,0,0,0,0,0,0,0,0,0,0,0,0,0,0,0,0,0,0,0,0,0,0,0
261=71780,0,134.7,0,0,0,0,0,0,763.828,0,135.9,134.4,134,124.6,0.1,0,0,0,0,0,0,6.1,0,0,0,0,0,0,0,0,0,0,0,0,0,0,0,0,0,0,0,0,0,0,0,0,0,0,0,0,0
262=71780,0,134.7,0,0,0,0,0,0,763.828,0,135.9,134.4,134,124.6,0.1,0,0,0,0,0,0,6.1,0,0,0,0,0,0,0,0,0,0,0,0,0,0,0,0,0,0,0,0,0,0,0,0,0,0,0,0,0
263=72115,0,134.6,0,0,0,0,0,0,763.828,0,135.8,134.3,133.9,124.5,0.1,0,0,0,0,0,0,6.1,0,0,0,0,0,0,0,0,0,0,0,0,0,0,0,0,0,0,0,0,0,0,0,0,0,0,0,0,0
264=72115,0,134.6,0,0,0,0,0,0,763.828,0,135.8,134.3,133.9,124.5,0.1,0,0,0,0,0,0,6.1,0,0,0,0,0,0,0,0,0,0,0,0,0,0,0,0,0,0,0,0,0,0,0,0,0,0,0,0,0
265=72451,0,134.5,0,0,0,0,0,0,763.828,0,135.7,134.2,133.8,124.4,0.1,0,0,0,0,0,0,6.1,0,0,0,0,0,0,0,0,0,0,0,0,0,0,0,0,0,0,0,0,0,0,0,0,0,0,0,0,0
266=72451,0,134.5,0,0,0,0,0,0,763.828,0,135.7,134.2,133.8,124.4,0.1,0,0,0,0,0,0,6.1,0,0,0,0,0,0,0,0,0,0,0,0,0,0,0,0,0,0,0,0,0,0,0,0,0,0,0,0,0
267=72778,0,134.4,0,0,0,0,0,0,763.828,0,135.6,134.1,133.6,124.3,0.1,0,0,0,0,0,0,6.1,0,0,0,0,0,0,0,0,0,0,0,0,0,0,0,0,0,0,0,0,0,0,0,0,0,0,0,0,0
268=72778,0,134.4,0,0,0,0,0,0,763.828,0,135.6,134.1,133.6,124.3,0.1,0,0,0,0,0,0,6.1,0,0,0,0,0,0,0,0,0,0,0,0,0,0,0,0,0,0,0,0,0,0,0,0,0,0,0,0,0
269=73170,0,134.3,0,0,0,0,0,0,763.828,0,135.5,133.9,133.5,124.2,0.1,0,0,0,0,0,0,6.1,0,0,0,0,0,0,0,0,0,0,0,0,0,0,0,0,0,0,0,0,0,0,0,0,0,0,0,0,0
270=73170,0,134.3,0,0,0,0,0,0,763.828,0,135.5,133.9,133.5,124.2,0.1,0,0,0,0,0,0,6.1,0,0,0,0,0,0,0,0,0,0,0,0,0,0,0,0,0,0,0,0,0,0,0,0,0,0,0,0,0
271=73515,0,134.1,0,0,0,0,0,0,763.828,0,135.3,133.8,133.4,124.1,0.1,0,0,0,0,0,0,6.1,0,0,0,0,0,0,0,0,0,0,0,0,0,0,0,0,0,0,0,0,0,0,0,0,0,0,0,0,0
272=73515,0,134.1,0,0,0,0,0,0,763.828,0,135.3,133.8,133.4,124.1,0.1,0,0,0,0,0,0,6.1,0,0,0,0,0,0,0,0,0,0,0,0,0,0,0,0,0,0,0,0,0,0,0,0,0,0,0,0,0
273=73832,0,134.1,0,0,0,0,0,0,763.828,0,135.3,133.8,133.4,124.1,0.1,0,0,0,0,0,0,6.1,0,0,0,0,0,0,0,0,0,0,0,0,0,0,0,0,0,0,0,0,0,0,0,0,0,0,0,0,0
274=73832,0,134.1,0,0,0,0,0,0,763.828,0,135.3,133.8,133.4,124.1,0.1,0,0,0,0,0,0,6.1,0,0,0,0,0,0,0,0,0,0,0,0,0,0,0,0,0,0,0,0,0,0,0,0,0,0,0,0,0
275=74179,0,134,0,0,0,0,0,0,763.828,0,135.2,133.7,133.3,123.9,0.1,0,0,0,0,0,0,6.1,0,0,0,0,0,0,0,0,0,0,0,0,0,0,0,0,0,0,0,0,0,0,0,0,0,0,0,0,0
276=74179,0,134,0,0,0,0,0,0,763.828,0,135.2,133.7,133.3,123.9,0.1,0,0,0,0,0,0,6.1,0,0,0,0,0,0,0,0,0,0,0,0,0,0,0,0,0,0,0,0,0,0,0,0,0,0,0,0,0
277=74586,0,133.9,0,0,0,0,0,0,763.828,0,135.1,133.6,133.2,123.8,0.1,0,0,0,0,0,0,6.1,0,0,0,0,0,0,0,0,0,0,0,0,0,0,0,0,0,0,0,0,0,0,0,0,0,0,0,0,0
278=74586,0,133.9,0,0,0,0,0,0,763.828,0,135.1,133.6,133.2,123.8,0.1,0,0,0,0,0,0,6.1,0,0,0,0,0,0,0,0,0,0,0,0,0,0,0,0,0,0,0,0,0,0,0,0,0,0,0,0,0
279=74915,0,133.8,0,0,0,0,0,0,763.828,0,135,133.5,133,123.7,0.1,0,0,0,0,0,0,6.1,0,0,0,0,0,0,0,0,0,0,0,0,0,0,0,0,0,0,0,0,0,0,0,0,0,0,0,0,0
280=74915,0,133.8,0,0,0,0,0,0,763.828,0,135,133.5,133,123.7,0.1,0,0,0,0,0,0,6.1,0,0,0,0,0,0,0,0,0,0,0,0,0,0,0,0,0,0,0,0,0,0,0,0,0,0,0,0,0
281=75254,0,133.7,0,0,0,0,0,0,763.828,0,134.8,133.3,132.9,123.6,0.1,0,0,0,0,0,0,6.2,0,0,0,0,0,0,0,0,0,0,0,0,0,0,0,0,0,0,0,0,0,0,0,0,0,0,0,0,0
282=75254,0,133.7,0,0,0,0,0,0,763.828,0,134.8,133.3,132.9,123.6,0.1,0,0,0,0,0,0,6.2,0,0,0,0,0,0,0,0,0,0,0,0,0,0,0,0,0,0,0,0,0,0,0,0,0,0,0,0,0
283=75580,0,133.6,0,0,0,0,0,0,763.828,0,134.7,133.2,132.8,123.6,0.1,0,0,0,0,0,0,6.2,0,0,0,0,0,0,0,0,0,0,0,0,0,0,0,0,0,0,0,0,0,0,0,0,0,0,0,0,0
284=75580,0,133.6,0,0,0,0,0,0,763.828,0,134.7,133.2,132.8,123.6,0.1,0,0,0,0,0,0,6.2,0,0,0,0,0,0,0,0,0,0,0,0,0,0,0,0,0,0,0,0,0,0,0,0,0,0,0,0,0
285=75906,0,133.6,0,0,0,0,0,0,763.828,0,134.7,133.2,132.8,123.5,0.1,0,0,0,0,0,0,6.1,0,0,0,0,0,0,0,0,0,0,0,0,0,0,0,0,0,0,0,0,0,0,0,0,0,0,0,0,0
286=75906,0,133.6,0,0,0,0,0,0,763.828,0,134.7,133.2,132.8,123.5,0.1,0,0,0,0,0,0,6.1,0,0,0,0,0,0,0,0,0,0,0,0,0,0,0,0,0,0,0,0,0,0,0,0,0,0,0,0,0
287=76235,0,133.5,0,0,0,0,0,0,763.828,0,134.7,133.1,132.7,123.5,0.1,0,0,0,0,0,0,6.1,0,0,0,0,0,0,0,0,0,0,0,0,0,0,0,0,0,0,0,0,0,0,0,0,0,0,0,0,0
288=76235,0,133.5,0,0,0,0,0,0,763.828,0,134.7,133.1,132.7,123.5,0.1,0,0,0,0,0,0,6.1,0,0,0,0,0,0,0,0,0,0,0,0,0,0,0,0,0,0,0,0,0,0,0,0,0,0,0,0,0
289=76570,0,133.4,0,0,0,0,0,0,763.828,0,134.6,133,132.6,123.4,0.1,0,0,0,0,0,0,6.1,0,0,0,0,0,0,0,0,0,0,0,0,0,0,0,0,0,0,0,0,0,0,0,0,0,0,0,0,0
290=76570,0,133.4,0,0,0,0,0,0,763.828,0,134.6,133,132.6,123.4,0.1,0,0,0,0,0,0,6.1,0,0,0,0,0,0,0,0,0,0,0,0,0,0,0,0,0,0,0,0,0,0,0,0,0,0,0,0,0
291=76916,0,133.3,0,0,0,0,0,0,763.828,0,134.4,132.9,132.5,123.3,0.1,0,0,0,0,0,0,6.2,0,0,0,0,0,0,0,0,0,0,0,0,0,0,0,0,0,0,0,0,0,0,0,0,0,0,0,0,0
292=76916,0,133.3,0,0,0,0,0,0,763.828,0,134.4,132.9,132.5,123.3,0.1,0,0,0,0,0,0,6.2,0,0,0,0,0,0,0,0,0,0,0,0,0,0,0,0,0,0,0,0,0,0,0,0,0,0,0,0,0
293=77231,0,133.2,0,0,0,0,0,0,763.828,0,134.3,132.8,132.4,123.2,0.1,0,0,0,0,0,0,6.2,0,0,0,0,0,0,0,0,0,0,0,0,0,0,0,0,0,0,0,0,0,0,0,0,0,0,0,0,0
294=77231,0,133.2,0,0,0,0,0,0,763.828,0,134.3,132.8,132.4,123.2,0.1,0,0,0,0,0,0,6.2,0,0,0,0,0,0,0,0,0,0,0,0,0,0,0,0,0,0,0,0,0,0,0,0,0,0,0,0,0
295=77635,0,133.2,0,0,0,0,0,0,763.828,0,134.3,132.8,132.4,123.2,0.1,0,0,0,0,0,0,6.2,0,0,0,0,0,0,0,0,0,0,0,0,0,0,0,0,0,0,0,0,0,0,0,0,0,0,0,0,0
296=77635,0,133.2,0,0,0,0,0,0,763.828,0,134.3,132.8,132.4,123.2,0.1,0,0,0,0,0,0,6.2,0,0,0,0,0,0,0,0,0,0,0,0,0,0,0,0,0,0,0,0,0,0,0,0,0,0,0,0,0
297=77968,0,133,0,0,0,0,0,0,763.828,0,134.2,132.6,132.3,123,0.1,0,0,0,0,0,0,6.2,0,0,0,0,0,0,0,0,0,0,0,0,0,0,0,0,0,0,0,0,0,0,0,0,0,0,0,0,0
298=77968,0,133,0,0,0,0,0,0,763.828,0,134.2,132.6,132.3,123,0.1,0,0,0,0,0,0,6.2,0,0,0,0,0,0,0,0,0,0,0,0,0,0,0,0,0,0,0,0,0,0,0,0,0,0,0,0,0
299=78275,0,132.9,0,0,0,0,0,0,763.828,0,134,132.5,132.1,122.9,0.1,0,0,0,0,0,0,6.2,0,0,0,0,0,0,0,0,0,0,0,0,0,0,0,0,0,0,0,0,0,0,0,0,0,0,0,0,0
300=78275,0,132.9,0,0,0,0,0,0,763.828,0,134,132.5,132.1,122.9,0.1,0,0,0,0,0,0,6.2,0,0,0,0,0,0,0,0,0,0,0,0,0,0,0,0,0,0,0,0,0,0,0,0,0,0,0,0,0
301=78619,0,132.8,0,0,0,0,0,0,763.828,0,133.9,132.4,132,122.8,0.1,0,0,0,0,0,0,6.2,0,0,0,0,0,0,0,0,0,0,0,0,0,0,0,0,0,0,0,0,0,0,0,0,0,0,0,0,0
302=78619,0,132.8,0,0,0,0,0,0,763.828,0,133.9,132.4,132,122.8,0.1,0,0,0,0,0,0,6.2,0,0,0,0,0,0,0,0,0,0,0,0,0,0,0,0,0,0,0,0,0,0,0,0,0,0,0,0,0
303=79036,0,132.8,0,0,0,0,0,0,763.828,0,133.9,132.4,132,122.7,0.1,0,0,0,0,0,0,6.2,0,0,0,0,0,0,0,0,0,0,0,0,0,0,0,0,0,0,0,0,0,0,0,0,0,0,0,0,0
304=79036,0,132.8,0,0,0,0,0,0,763.828,0,133.9,132.4,132,122.7,0.1,0,0,0,0,0,0,6.2,0,0,0,0,0,0,0,0,0,0,0,0,0,0,0,0,0,0,0,0,0,0,0,0,0,0,0,0,0
305=79335,0,132.7,0,0,0,0,0,0,763.828,0,133.8,132.3,131.9,122.7,0.1,0,0,0,0,0,0,6.2,0,0,0,0,0,0,0,0,0,0,0,0,0,0,0,0,0,0,0,0,0,0,0,0,0,0,0,0,0
306=79335,0,132.7,0,0,0,0,0,0,763.828,0,133.8,132.3,131.9,122.7,0.1,0,0,0,0,0,0,6.2,0,0,0,0,0,0,0,0,0,0,0,0,0,0,0,0,0,0,0,0,0,0,0,0,0,0,0,0,0
307=79685,0,132.6,0,0,0,0,0,0,763.828,0,133.7,132.1,131.8,122.6,0.1,0,0,0,0,0,0,6.2,0,0,0,0,0,0,0,0,0,0,0,0,0,0,0,0,0,0,0,0,0,0,0,0,0,0,0,0,0
308=79685,0,132.6,0,0,0,0,0,0,763.828,0,133.7,132.1,131.8,122.6,0.1,0,0,0,0,0,0,6.2,0,0,0,0,0,0,0,0,0,0,0,0,0,0,0,0,0,0,0,0,0,0,0,0,0,0,0,0,0
309=80019,0,132.5,0,0,0,0,0,0,763.828,0,133.6,132,131.7,122.5,0.1,0,0,0,0,0,0,6.2,0,0,0,0,0,0,0,0,0,0,0,0,0,0,0,0,0,0,0,0,0,0,0,0,0,0,0,0,0
310=80019,0,132.5,0,0,0,0,0,0,763.828,0,133.6,132,131.7,122.5,0.1,0,0,0,0,0,0,6.2,0,0,0,0,0,0,0,0,0,0,0,0,0,0,0,0,0,0,0,0,0,0,0,0,0,0,0,0,0
311=80338,0,132.4,0,0,0,0,0,0,763.828,0,133.4,131.9,131.5,122.4,0.1,0,0,0,0,0,0,6.2,0,0,0,0,0,0,0,0,0,0,0,0,0,0,0,0,0,0,0,0,0,0,0,0,0,0,0,0,0
312=80338,0,132.4,0,0,0,0,0,0,763.828,0,133.4,131.9,131.5,122.4,0.1,0,0,0,0,0,0,6.2,0,0,0,0,0,0,0,0,0,0,0,0,0,0,0,0,0,0,0,0,0,0,0,0,0,0,0,0,0
313=80691,0,132.3,0,0,0,0,0,0,763.828,0,133.3,131.8,131.5,122.3,0.1,0,0,0,0,0,0,6.2,0,0,0,0,0,0,0,0,0,0,0,0,0,0,0,0,0,0,0,0,0,0,0,0,0,0,0,0,0
314=80691,0,132.3,0,0,0,0,0,0,763.828,0,133.3,131.8,131.5,122.3,0.1,0,0,0,0,0,0,6.2,0,0,0,0,0,0,0,0,0,0,0,0,0,0,0,0,0,0,0,0,0,0,0,0,0,0,0,0,0
315=81021,0,132.3,0,0,0,0,0,0,763.828,0,133.3,131.8,131.5,122.3,0.1,0,0,0,0,0,0,6.2,0,0,0,0,0,0,0,0,0,0,0,0,0,0,0,0,0,0,0,0,0,0,0,0,0,0,0,0,0
316=81021,0,132.3,0,0,0,0,0,0,763.828,0,133.3,131.8,131.5,122.3,0.1,0,0,0,0,0,0,6.2,0,0,0,0,0,0,0,0,0,0,0,0,0,0,0,0,0,0,0,0,0,0,0,0,0,0,0,0,0
317=81353,0,132.1,0,0,0,0,0,0,763.828,0,133.2,131.7,131.3,122.2,0.1,0,0,0,0,0,0,6.2,0,0,0,0,0,0,0,0,0,0,0,0,0,0,0,0,0,0,0,0,0,0,0,0,0,0,0,0,0
318=81353,0,132.1,0,0,0,0,0,0,763.828,0,133.2,131.7,131.3,122.2,0.1,0,0,0,0,0,0,6.2,0,0,0,0,0,0,0,0,0,0,0,0,0,0,0,0,0,0,0,0,0,0,0,0,0,0,0,0,0
319=81688,0,132,0,0,0,0,0,0,763.828,0,133.1,131.6,131.2,122.1,0.1,0,0,0,0,0,0,6.2,0,0,0,0,0,0,0,0,0,0,0,0,0,0,0,0,0,0,0,0,0,0,0,0,0,0,0,0,0
320=81688,0,132,0,0,0,0,0,0,763.828,0,133.1,131.6,131.2,122.1,0.1,0,0,0,0,0,0,6.2,0,0,0,0,0,0,0,0,0,0,0,0,0,0,0,0,0,0,0,0,0,0,0,0,0,0,0,0,0
321=82088,0,131.9,0,0,0,0,0,0,763.828,0,133,131.4,131.1,122,0.1,0,0,0,0,0,0,6.2,0,0,0,0,0,0,0,0,0,0,0,0,0,0,0,0,0,0,0,0,0,0,0,0,0,0,0,0,0
322=82088,0,131.9,0,0,0,0,0,0,763.828,0,133,131.4,131.1,122,0.1,0,0,0,0,0,0,6.2,0,0,0,0,0,0,0,0,0,0,0,0,0,0,0,0,0,0,0,0,0,0,0,0,0,0,0,0,0
323=82423,0,131.8,0,0,0,0,0,0,763.828,0,132.9,131.3,131,121.9,0.1,0,0,0,0,0,0,6.2,0,0,0,0,0,0,0,0,0,0,0,0,0,0,0,0,0,0,0,0,0,0,0,0,0,0,0,0,0
324=82423,0,131.8,0,0,0,0,0,0,763.828,0,132.9,131.3,131,121.9,0.1,0,0,0,0,0,0,6.2,0,0,0,0,0,0,0,0,0,0,0,0,0,0,0,0,0,0,0,0,0,0,0,0,0,0,0,0,0
325=82736,0,131.8,0,0,0,0,0,0,763.828,0,132.9,131.3,131,121.9,0.1,0,0,0,0,0,0,6.2,0,0,0,0,0,0,0,0,0,0,0,0,0,0,0,0,0,0,0,0,0,0,0,0,0,0,0,0,0
326=82736,0,131.8,0,0,0,0,0,0,763.828,0,132.9,131.3,131,121.9,0.1,0,0,0,0,0,0,6.2,0,0,0,0,0,0,0,0,0,0,0,0,0,0,0,0,0,0,0,0,0,0,0,0,0,0,0,0,0
327=83077,0,131.7,0,0,0,0,0,0,763.828,0,132.8,131.2,130.9,121.8,0.1,0,0,0,0,0,0,6.2,0,0,0,0,0,0,0,0,0,0,0,0,0,0,0,0,0,0,0,0,0,0,0,0,0,0,0,0,0
328=83077,0,131.7,0,0,0,0,0,0,763.828,0,132.8,131.2,130.9,121.8,0.1,0,0,0,0,0,0,6.2,0,0,0,0,0,0,0,0,0,0,0,0,0,0,0,0,0,0,0,0,0,0,0,0,0,0,0,0,0
329=83489,0,131.7,0,0,0,0,0,0,763.828,0,132.7,131.2,130.8,121.8,0.1,0,0,0,0,0,0,6.2,0,0,0,0,0,0,0,0,0,0,0,0,0,0,0,0,0,0,0,0,0,0,0,0,0,0,0,0,0
330=83489,0,131.7,0,0,0,0,0,0,763.828,0,132.7,131.2,130.8,121.8,0.1,0,0,0,0,0,0,6.2,0,0,0,0,0,0,0,0,0,0,0,0,0,0,0,0,0,0,0,0,0,0,0,0,0,0,0,0,0
331=83806,0,131.6,0,0,0,0,0,0,763.828,0,132.6,131,130.7,121.7,0.1,0,0,0,0,0,0,6.2,0,0,0,0,0,0,0,0,0,0,0,0,0,0,0,0,0,0,0,0,0,0,0,0,0,0,0,0,0
332=83806,0,131.6,0,0,0,0,0,0,763.828,0,132.6,131,130.7,121.7,0.1,0,0,0,0,0,0,6.2,0,0,0,0,0,0,0,0,0,0,0,0,0,0,0,0,0,0,0,0,0,0,0,0,0,0,0,0,0
333=84156,0,131.4,0,0,0,0,0,0,763.828,0,132.5,130.9,130.6,121.6,0.1,0,0,0,0,0,0,6.2,0,0,0,0,0,0,0,0,0,0,0,0,0,0,0,0,0,0,0,0,0,0,0,0,0,0,0,0,0
334=84156,0,131.4,0,0,0,0,0,0,763.828,0,132.5,130.9,130.6,121.6,0.1,0,0,0,0,0,0,6.2,0,0,0,0,0,0,0,0,0,0,0,0,0,0,0,0,0,0,0,0,0,0,0,0,0,0,0,0,0
335=84477,0,131.3,0,0,0,0,0,0,763.828,0,132.4,130.8,130.5,121.5,0.1,0,0,0,0,0,0,6.2,0,0,0,0,0,0,0,0,0,0,0,0,0,0,0,0,0,0,0,0,0,0,0,0,0,0,0,0,0
336=84477,0,131.3,0,0,0,0,0,0,763.828,0,132.4,130.8,130.5,121.5,0.1,0,0,0,0,0,0,6.2,0,0,0,0,0,0,0,0,0,0,0,0,0,0,0,0,0,0,0,0,0,0,0,0,0,0,0,0,0
337=84806,0,131.3,0,0,0,0,0,0,763.828,0,132.4,130.8,130.5,121.4,0.1,0,0,0,0,0,0,6.2,0,0,0,0,0,0,0,0,0,0,0,0,0,0,0,0,0,0,0,0,0,0,0,0,0,0,0,0,0
338=84806,0,131.3,0,0,0,0,0,0,763.828,0,132.4,130.8,130.5,121.4,0.1,0,0,0,0,0,0,6.2,0,0,0,0,0,0,0,0,0,0,0,0,0,0,0,0,0,0,0,0,0,0,0,0,0,0,0,0,0
339=85148,0,131.2,0,0,0,0,0,0,763.828,0,132.2,130.7,130.4,121.4,0.1,0,0,0,0,0,0,6.2,0,0,0,0,0,0,0,0,0,0,0,0,0,0,0,0,0,0,0,0,0,0,0,0,0,0,0,0,0
340=85148,0,131.2,0,0,0,0,0,0,763.828,0,132.2,130.7,130.4,121.4,0.1,0,0,0,0,0,0,6.2,0,0,0,0,0,0,0,0,0,0,0,0,0,0,0,0,0,0,0,0,0,0,0,0,0,0,0,0,0
341=85490,0,131.1,0,0,0,0,0,0,763.828,0,132.1,130.6,130.3,121.3,0.1,0,0,0,0,0,0,6.1,0,0,0,0,0,0,0,0,0,0,0,0,0,0,0,0,0,0,0,0,0,0,0,0,0,0,0,0,0
342=85490,0,131.1,0,0,0,0,0,0,763.828,0,132.1,130.6,130.3,121.3,0.1,0,0,0,0,0,0,6.1,0,0,0,0,0,0,0,0,0,0,0,0,0,0,0,0,0,0,0,0,0,0,0,0,0,0,0,0,0
343=85808,0,131,0,0,0,0,0,0,763.828,0,132,130.5,130.2,121.2,0.1,0,0,0,0,0,0,6.2,0,0,0,0,0,0,0,0,0,0,0,0,0,0,0,0,0,0,0,0,0,0,0,0,0,0,0,0,0
344=85808,0,131,0,0,0,0,0,0,763.828,0,132,130.5,130.2,121.2,0.1,0,0,0,0,0,0,6.2,0,0,0,0,0,0,0,0,0,0,0,0,0,0,0,0,0,0,0,0,0,0,0,0,0,0,0,0,0
345=86140,0,131,0,0,0,0,0,0,763.828,0,132,130.5,130.2,121.2,0.1,0,0,0,0,0,0,6.2,0,0,0,0,0,0,0,0,0,0,0,0,0,0,0,0,0,0,0,0,0,0,0,0,0,0,0,0,0
346=86140,0,131,0,0,0,0,0,0,763.828,0,132,130.5,130.2,121.2,0.1,0,0,0,0,0,0,6.2,0,0,0,0,0,0,0,0,0,0,0,0,0,0,0,0,0,0,0,0,0,0,0,0,0,0,0,0,0
347=86541,0,130.9,0,0,0,0,0,0,763.828,0,131.9,130.4,130.1,121.1,0.1,0,0,0,0,0,0,6.2,0,0,0,0,0,0,0,0,0,0,0,0,0,0,0,0,0,0,0,0,0,0,0,0,0,0,0,0,0
348=86541,0,130.9,0,0,0,0,0,0,763.828,0,131.9,130.4,130.1,121.1,0.1,0,0,0,0,0,0,6.2,0,0,0,0,0,0,0,0,0,0,0,0,0,0,0,0,0,0,0,0,0,0,0,0,0,0,0,0,0
349=86856,0,130.8,0,0,0,0,0,0,763.828,0,131.8,130.2,130,121,0.1,0,0,0,0,0,0,6.2,0,0,0,0,0,0,0,0,0,0,0,0,0,0,0,0,0,0,0,0,0,0,0,0,0,0,0,0,0
350=86856,0,130.8,0,0,0,0,0,0,763.828,0,131.8,130.2,130,121,0.1,0,0,0,0,0,0,6.2,0,0,0,0,0,0,0,0,0,0,0,0,0,0,0,0,0,0,0,0,0,0,0,0,0,0,0,0,0
351=87191,0,130.7,0,0,0,0,0,0,763.828,0,131.7,130.1,129.9,120.9,0.1,0,0,0,0,0,0,6.1,0,0,0,0,0,0,0,0,0,0,0,0,0,0,0,0,0,0,0,0,0,0,0,0,0,0,0,0,0
352=87191,0,130.7,0,0,0,0,0,0,763.828,0,131.7,130.1,129.9,120.9,0.1,0,0,0,0,0,0,6.1,0,0,0,0,0,0,0,0,0,0,0,0,0,0,0,0,0,0,0,0,0,0,0,0,0,0,0,0,0
353=87532,0,130.6,0,0,0,0,0,0,763.828,0,131.6,130,129.8,120.8,0.1,0,0,0,0,0,0,6.2,0,0,0,0,0,0,0,0,0,0,0,0,0,0,0,0,0,0,0,0,0,0,0,0,0,0,0,0,0
354=87532,0,130.6,0,0,0,0,0,0,763.828,0,131.6,130,129.8,120.8,0.1,0,0,0,0,0,0,6.2,0,0,0,0,0,0,0,0,0,0,0,0,0,0,0,0,0,0,0,0,0,0,0,0,0,0,0,0,0
355=87925,0,130.5,0,0,0,0,0,0,763.828,0,131.4,129.9,129.6,120.7,0.1,0,0,0,0,0,0,6.2,0,0,0,0,0,0,0,0,0,0,0,0,0,0,0,0,0,0,0,0,0,0,0,0,0,0,0,0,0
356=87925,0,130.5,0,0,0,0,0,0,763.828,0,131.4,129.9,129.6,120.7,0.1,0,0,0,0,0,0,6.2,0,0,0,0,0,0,0,0,0,0,0,0,0,0,0,0,0,0,0,0,0,0,0,0,0,0,0,0,0
357=88275,0,130.4,0,0,0,0,0,0,763.828,0,131.3,129.8,129.5,120.6,0.1,0,0,0,0,0,0,6.2,0,0,0,0,0,0,0,0,0,0,0,0,0,0,0,0,0,0,0,0,0,0,0,0,0,0,0,0,0
358=88275,0,130.4,0,0,0,0,0,0,763.828,0,131.3,129.8,129.5,120.6,0.1,0,0,0,0,0,0,6.2,0,0,0,0,0,0,0,0,0,0,0,0,0,0,0,0,0,0,0,0,0,0,0,0,0,0,0,0,0
359=88599,0,130.4,0,0,0,0,0,0,763.828,0,131.3,129.8,129.5,120.6,0.1,0,0,0,0,0,0,6.2,0,0,0,0,0,0,0,0,0,0,0,0,0,0,0,0,0,0,0,0,0,0,0,0,0,0,0,0,0
360=88599,0,130.4,0,0,0,0,0,0,763.828,0,131.3,129.8,129.5,120.6,0.1,0,0,0,0,0,0,6.2,0,0,0,0,0,0,0,0,0,0,0,0,0,0,0,0,0,0,0,0,0,0,0,0,0,0,0,0,0
361=88918,0,130.3,0,0,0,0,0,0,763.828,0,131.2,129.7,129.5,120.5,0.1,0,0,0,0,0,0,6.2,0,0,0,0,0,0,0,0,0,0,0,0,0,0,0,0,0,0,0,0,0,0,0,0,0,0,0,0,0
362=88918,0,130.3,0,0,0,0,0,0,763.828,0,131.2,129.7,129.5,120.5,0.1,0,0,0,0,0,0,6.2,0,0,0,0,0,0,0,0,0,0,0,0,0,0,0,0,0,0,0,0,0,0,0,0,0,0,0,0,0
363=89258,0,130.2,0,0,0,0,0,0,763.828,0,131.1,129.6,129.3,120.4,0.1,0,0,0,0,0,0,6.2,0,0,0,0,0,0,0,0,0,0,0,0,0,0,0,0,0,0,0,0,0,0,0,0,0,0,0,0,0
364=89258,0,130.2,0,0,0,0,0,0,763.828,0,131.1,129.6,129.3,120.4,0.1,0,0,0,0,0,0,6.2,0,0,0,0,0,0,0,0,0,0,0,0,0,0,0,0,0,0,0,0,0,0,0,0,0,0,0,0,0
365=89610,0,130.1,0,0,0,0,0,0,763.828,0,131,129.5,129.2,120.3,0.1,0,0,0,0,0,0,6.2,0,0,0,0,0,0,0,0,0,0,0,0,0,0,0,0,0,0,0,0,0,0,0,0,0,0,0,0,0
366=89610,0,130.1,0,0,0,0,0,0,763.828,0,131,129.5,129.2,120.3,0.1,0,0,0,0,0,0,6.2,0,0,0,0,0,0,0,0,0,0,0,0,0,0,0,0,0,0,0,0,0,0,0,0,0,0,0,0,0
367=89908,0,130.1,0,0,0,0,0,0,763.828,0,131,129.5,129.2,120.3,0.1,0,0,0,0,0,0,6.2,0,0,0,0,0,0,0,0,0,0,0,0,0,0,0,0,0,0,0,0,0,0,0,0,0,0,0,0,0
368=89908,0,130.1,0,0,0,0,0,0,763.828,0,131,129.5,129.2,120.3,0.1,0,0,0,0,0,0,6.2,0,0,0,0,0,0,0,0,0,0,0,0,0,0,0,0,0,0,0,0,0,0,0,0,0,0,0,0,0
369=90243,0,130,0,0,0,0,0,0,763.828,0,130.9,129.4,129.1,120.2,0.1,0,0,0,0,0,0,6.2,0,0,0,0,0,0,0,0,0,0,0,0,0,0,0,0,0,0,0,0,0,0,0,0,0,0,0,0,0
370=90243,0,130,0,0,0,0,0,0,763.828,0,130.9,129.4,129.1,120.2,0.1,0,0,0,0,0,0,6.2,0,0,0,0,0,0,0,0,0,0,0,0,0,0,0,0,0,0,0,0,0,0,0,0,0,0,0,0,0
371=90609,0,129.9,0,0,0,0,0,0,763.828,0,130.8,129.3,129,120.1,0.1,0,0,0,0,0,0,6.2,0,0,0,0,0,0,0,0,0,0,0,0,0,0,0,0,0,0,0,0,0,0,0,0,0,0,0,0,0
372=90609,0,129.9,0,0,0,0,0,0,763.828,0,130.8,129.3,129,120.1,0.1,0,0,0,0,0,0,6.2,0,0,0,0,0,0,0,0,0,0,0,0,0,0,0,0,0,0,0,0,0,0,0,0,0,0,0,0,0
373=90994,0,129.8,0,0,0,0,0,0,763.828,0,130.7,129.2,128.9,120.1,0.1,0,0,0,0,0,0,6.2,0,0,0,0,0,0,0,0,0,0,0,0,0,0,0,0,0,0,0,0,0,0,0,0,0,0,0,0,0
374=90994,0,129.8,0,0,0,0,0,0,763.828,0,130.7,129.2,128.9,120.1,0.1,0,0,0,0,0,0,6.2,0,0,0,0,0,0,0,0,0,0,0,0,0,0,0,0,0,0,0,0,0,0,0,0,0,0,0,0,0
375=91344,0,129.6,0,0,0,0,0,0,763.828,0,130.5,129,128.8,119.9,0.1,0,0,0,0,0,0,6.2,0,0,0,0,0,0,0,0,0,0,0,0,0,0,0,0,0,0,0,0,0,0,0,0,0,0,0,0,0
376=91344,0,129.6,0,0,0,0,0,0,763.828,0,130.5,129,128.8,119.9,0.1,0,0,0,0,0,0,6.2,0,0,0,0,0,0,0,0,0,0,0,0,0,0,0,0,0,0,0,0,0,0,0,0,0,0,0,0,0
377=91677,0,129.6,0,0,0,0,0,0,763.828,0,130.5,129,128.8,119.9,0.1,0,0,0,0,0,0,6.2,0,0,0,0,0,0,0,0,0,0,0,0,0,0,0,0,0,0,0,0,0,0,0,0,0,0,0,0,0
378=91677,0,129.6,0,0,0,0,0,0,763.828,0,130.5,129,128.8,119.9,0.1,0,0,0,0,0,0,6.2,0,0,0,0,0,0,0,0,0,0,0,0,0,0,0,0,0,0,0,0,0,0,0,0,0,0,0,0,0
379=91677,0,129.6,0,0,0,0,0,0,763.828,0,130.5,129,128.8,119.9,0.1,0,0,0,0,0,0,6.2,0,0,0,0,0,0,0,0,0,0,0,0,0,0,0,0,0,0,0,0,0,0,0,0,0,0,0,0,0
380=93551,0,129.1,0,0,0,0,0,0,763.828,0,130,128.4,128.2,119.4,0.1,0,0,0,0,0,0,6.2,0,0,0,0,0,0,0,0,0,0,0,0,0,0,0,0,0,0,0,0,0,0,0,0,0,0,0,0,0
381=93551,0,129.1,0,0,0,0,0,0,763.828,0,130,128.4,128.2,119.4,0.1,0,0,0,0,0,0,6.2,0,0,0,0,0,0,0,0,0,0,0,0,0,0,0,0,0,0,0,0,0,0,0,0,0,0,0,0,0
382=93844,0,129,0,0,0,0,0,0,763.828,0,129.9,128.3,128.1,119.4,0.1,0,0,0,0,0,0,6.2,0,0,0,0,0,0,0,0,0,0,0,0,0,0,0,0,0,0,0,0,0,0,0,0,0,0,0,0,0
383=93844,0,129,0,0,0,0,0,0,763.828,0,129.9,128.3,128.1,119.4,0.1,0,0,0,0,0,0,6.2,0,0,0,0,0,0,0,0,0,0,0,0,0,0,0,0,0,0,0,0,0,0,0,0,0,0,0,0,0
384=94249,0,128.9,0,0,0,0,0,0,763.828,0,129.8,128.2,128,119.3,0.1,0,0,0,0,0,0,6.2,0,0,0,0,0,0,0,0,0,0,0,0,0,0,0,0,0,0,0,0,0,0,0,0,0,0,0,0,0
385=94249,0,128.9,0,0,0,0,0,0,763.828,0,129.8,128.2,128,119.3,0.1,0,0,0,0,0,0,6.2,0,0,0,0,0,0,0,0,0,0,0,0,0,0,0,0,0,0,0,0,0,0,0,0,0,0,0,0,0
386=94667,0,128.8,0,0,0,0,0,0,763.828,0,129.7,128.1,127.9,119.2,0.1,0,0,0,0,0,0,6.2,0,0,0,0,0,0,0,0,0,0,0,0,0,0,0,0,0,0,0,0,0,0,0,0,0,0,0,0,0
387=94667,0,128.8,0,0,0,0,0,0,763.828,0,129.7,128.1,127.9,119.2,0.1,0,0,0,0,0,0,6.2,0,0,0,0,0,0,0,0,0,0,0,0,0,0,0,0,0,0,0,0,0,0,0,0,0,0,0,0,0
388=95074,0,128.7,0,0,0,0,0,0,763.828,0,129.6,128,127.8,119.1,0.1,0,0,0,0,0,0,6.2,0,0,0,0,0,0,0,0,0,0,0,0,0,0,0,0,0,0,0,0,0,0,0,0,0,0,0,0,0
389=95074,0,128.7,0,0,0,0,0,0,763.828,0,129.6,128,127.8,119.1,0.1,0,0,0,0,0,0,6.2,0,0,0,0,0,0,0,0,0,0,0,0,0,0,0,0,0,0,0,0,0,0,0,0,0,0,0,0,0
390=95480,0,128.6,0,0,0,0,0,0,763.828,0,129.5,127.9,127.7,119,0.1,0,0,0,0,0,0,6.2,0,0,0,0,0,0,0,0,0,0,0,0,0,0,0,0,0,0,0,0,0,0,0,0,0,0,0,0,0
391=95480,0,128.6,0,0,0,0,0,0,763.828,0,129.5,127.9,127.7,119,0.1,0,0,0,0,0,0,6.2,0,0,0,0,0,0,0,0,0,0,0,0,0,0,0,0,0,0,0,0,0,0,0,0,0,0,0,0,0
392=95884,0,128.5,0,0,0,0,0,0,763.828,0,129.4,127.8,127.6,118.9,0.1,0,0,0,0,0,0,6.2,0,0,0,0,0,0,0,0,0,0,0,0,0,0,0,0,0,0,0,0,0,0,0,0,0,0,0,0,0
393=95884,0,128.5,0,0,0,0,0,0,763.828,0,129.4,127.8,127.6,118.9,0.1,0,0,0,0,0,0,6.2,0,0,0,0,0,0,0,0,0,0,0,0,0,0,0,0,0,0,0,0,0,0,0,0,0,0,0,0,0
394=96334,0,128.4,0,0,0,0,0,0,763.828,0,129.3,127.7,127.5,118.9,0.1,0,0,0,0,0,0,6.2,0,0,0,0,0,0,0,0,0,0,0,0,0,0,0,0,0,0,0,0,0,0,0,0,0,0,0,0,0
395=96334,0,128.4,0,0,0,0,0,0,763.828,0,129.3,127.7,127.5,118.9,0.1,0,0,0,0,0,0,6.2,0,0,0,0,0,0,0,0,0,0,0,0,0,0,0,0,0,0,0,0,0,0,0,0,0,0,0,0,0
396=96715,0,128.3,0,0,0,0,0,0,763.828,0,129.1,127.6,127.4,118.8,0.1,0,0,0,0,0.04,0,6.2,0,0,0,0,0,0,0,0,0,0,0,0,0,0,0,0,0,0,0,0,0,0,0,0,0,0,0,0,0
397=96715,0,128.3,0,0,0,0,0,0,763.828,0,129.1,127.6,127.4,118.8,0.1,0,0,0,0,0.04,0,6.2,0,0,0,0,0,0,0,0,0,0,0,0,0,0,0,0,0,0,0,0,0,0,0,0,0,0,0,0,0
398=97116,0,128.2,0,0,0,0,0,0,763.828,0,129,127.5,127.3,118.7,0.1,0,0,0,0,0.11,0,6.2,0,0,0,0,0,0,0,0,0,0,0,0,0,0,0,0,0,0,0,0,0,0,0,0,0,0,0,0,0
399=97116,0,128.2,0,0,0,0,0,0,763.828,0,129,127.5,127.3,118.7,0.1,0,0,0,0,0.11,0,6.2,0,0,0,0,0,0,0,0,0,0,0,0,0,0,0,0,0,0,0,0,0,0,0,0,0,0,0,0,0
400=97527,0,128.1,0,0,0,0,0,0,763.828,0,128.9,127.4,127.2,118.6,0.1,0,0,0,0,0.19,0,6.2,0,0,0,0,0,0,0,0,0,0,0,0,0,0,0,0,0,0,0,0,0,0,0,0,0,0,0,0,0
401=97527,0,128.1,0,0,0,0,0,0,763.828,0,128.9,127.4,127.2,118.6,0.1,0,0,0,0,0.19,0,6.2,0,0,0,0,0,0,0,0,0,0,0,0,0,0,0,0,0,0,0,0,0,0,0,0,0,0,0,0,0
402=97926,0,128,0,0,0,0,0,0,763.828,0,128.8,127.3,127.1,118.5,0.1,0,0,0,0,0.27,0,6.2,0,0,0,0,0,0,0,0,0,0,0,0,0,0,0,0,0,0,0,0,0,0,0,0,0,0,0,0,0
403=97926,0,128,0,0,0,0,0,0,763.828,0,128.8,127.3,127.1,118.5,0.1,0,0,0,0,0.27,0,6.2,0,0,0,0,0,0,0,0,0,0,0,0,0,0,0,0,0,0,0,0,0,0,0,0,0,0,0,0,0
404=98333,0,127.9,0,0,0,0,0,0,763.828,0,128.7,127.2,127,118.4,0.1,0,0,0,0,0.35,0,6.2,0,0,0,0,0,0,0,0,0,0,0,0,0,0,0,0,0,0,0,0,0,0,0,0,0,0,0,0,0
405=98333,0,127.9,0,0,0,0,0,0,763.828,0,128.7,127.2,127,118.4,0.1,0,0,0,0,0.35,0,6.2,0,0,0,0,0,0,0,0,0,0,0,0,0,0,0,0,0,0,0,0,0,0,0,0,0,0,0,0,0
406=98736,0,127.8,0,0,0,0,0,0,763.828,0,128.6,127,126.9,118.3,0.1,0,0,0,0,0.43,0,6.2,0,0,0,0,0,0,0,0,0,0,0,0,0,0,0,0,0,0,0,0,0,0,0,0,0,0,0,0,0
407=98736,0,127.8,0,0,0,0,0,0,763.828,0,128.6,127,126.9,118.3,0.1,0,0,0,0,0.43,0,6.2,0,0,0,0,0,0,0,0,0,0,0,0,0,0,0,0,0,0,0,0,0,0,0,0,0,0,0,0,0
408=99162,0,127.7,0,0,0,0,0,0,763.828,0,128.5,126.9,126.8,118.2,0.1,0,0,0,0,0.54,0,6.2,0,0,0,0,0,0,0,0,0,0,0,0,0,0,0,0,0,0,0,0,0,0,0,0,0,0,0,0,0
409=99162,0,127.7,0,0,0,0,0,0,763.828,0,128.5,126.9,126.8,118.2,0.1,0,0,0,0,0.54,0,6.2,0,0,0,0,0,0,0,0,0,0,0,0,0,0,0,0,0,0,0,0,0,0,0,0,0,0,0,0,0
410=99552,0,127.6,0,0,0,0,0,0,763.828,0,128.5,126.9,126.7,118.2,0.1,0,0,0,0,0.58,0,6.2,0,0,0,0,0,0,0,0,0,0,0,0,0,0,0,0,0,0,0,0,0,0,0,0,0,0,0,0,0
411=99552,0,127.6,0,0,0,0,0,0,763.828,0,128.5,126.9,126.7,118.2,0.1,0,0,0,0,0.58,0,6.2,0,0,0,0,0,0,0,0,0,0,0,0,0,0,0,0,0,0,0,0,0,0,0,0,0,0,0,0,0
412=99959,0,127.5,0,0,0,0,0,0,763.828,0,128.4,126.8,126.6,118.1,0.1,0,0,0,0,0.67,0,6.2,0,0,0,0,0,0,0,0,0,0,0,0,0,0,0,0,0,0,0,0,0,0,0,0,0,0,0,0,0
413=99959,0,127.5,0,0,0,0,0,0,763.828,0,128.4,126.8,126.6,118.1,0.1,0,0,0,0,0.67,0,6.2,0,0,0,0,0,0,0,0,0,0,0,0,0,0,0,0,0,0,0,0,0,0,0,0,0,0,0,0,0
414=100368,0,127.4,0,0,0,0,0,0,763.828,0,128.3,126.7,126.5,118,0.1,0,0,0,0,0.78,0,6.2,0,0,0,0,0,0,0,0,0,0,0,0,0,0,0,0,0,0,0,0,0,0,0,0,0,0,0,0,0
415=100368,0,127.4,0,0,0,0,0,0,763.828,0,128.3,126.7,126.5,118,0.1,0,0,0,0,0.78,0,6.2,0,0,0,0,0,0,0,0,0,0,0,0,0,0,0,0,0,0,0,0,0,0,0,0,0,0,0,0,0
416=100776,0,127.3,0,0,0,0,0,0,763.828,0,128.2,126.6,126.4,117.9,0.1,0,0,0.1,0.12,0.88,0,6.2,0,0,0,0,0,0,0,0,0,0,0,0,0,0,0,0,0,0,0,0,0,0,0,0,0,0,0,0,0
417=100776,0,127.3,0,0,0,0,0,0,763.828,0,128.2,126.6,126.4,117.9,0.1,0,0,0.1,0.12,0.88,0,6.2,0,0,0,0,0,0,0,0,0,0,0,0,0,0,0,0,0,0,0,0,0,0,0,0,0,0,0,0,0
418=101185,0.09,127.3,0,0,0,0,0,0,763.828,0,128.1,126.5,126.3,117.9,0.1,0.09,0,0.23,0.25,0.98,0,6.2,0,0,0,0,0,0,0,0,0,0,0,0,0,0,0,0,0,0,0,0,0,0,0,0,0,0,0,0,0
419=101185,0.09,127.3,0,0,0,0,0,0,763.828,0,128.1,126.5,126.3,117.9,0.1,0.09,0,0.23,0.25,0.98,0,6.2,0,0,0,0,0,0,0,0,0,0,0,0,0,0,0,0,0,0,0,0,0,0,0,0,0,0,0,0,0
420=101587,0.22,127.2,0,0,0,0,0,0,763.828,0,128,126.4,126.2,117.8,0.1,0.22,0.11,0.37,0.39,1.09,0,6.2,0,0,0,0,0,0,0,0,0,0,0,0,0,0,0,0,0,0,0,0,0,0,0,0,0,0,0,0,0
421=101587,0.22,127.2,0,0,0,0,0,0,763.828,0,128,126.4,126.2,117.8,0.1,0.22,0.11,0.37,0.39,1.09,0,6.2,0,0,0,0,0,0,0,0,0,0,0,0,0,0,0,0,0,0,0,0,0,0,0,0,0,0,0,0,0
422=101994,0.42,127,0,0,0,0,0,0,763.828,0,127.8,126.2,126.1,117.7,0.1,0.42,0.31,0.59,0.61,1.26,0,6.2,0,0,0,0,0,0,0,0,0,0,0,0,0,0,0,0,0,0,0,0,0,0,0,0,0,0,0,0,0
423=101994,0.42,127,0,0,0,0,0,0,763.828,0,127.8,126.2,126.1,117.7,0.1,0.42,0.31,0.59,0.61,1.26,0,6.2,0,0,0,0,0,0,0,0,0,0,0,0,0,0,0,0,0,0,0,0,0,0,0,0,0,0,0,0,0
424=102397,0.56,126.9,0,0,0,0,0,0,763.828,0,127.7,126.1,126,117.7,0.1,0.56,0.44,0.74,0.76,1.37,0,6.2,0,0,0,0,0,0,0,0,0,0,0,0,0,0,0,0,0,0,0,0,0,0,0,0,0,0,0,0,0
425=102397,0.56,126.9,0,0,0,0,0,0,763.828,0,127.7,126.1,126,117.7,0.1,0.56,0.44,0.74,0.76,1.37,0,6.2,0,0,0,0,0,0,0,0,0,0,0,0,0,0,0,0,0,0,0,0,0,0,0,0,0,0,0,0,0
426=102805,0.64,126.9,0,0,0,0,0,0,763.828,0,127.7,126.1,126,117.7,0.1,0.64,0.52,0.81,0.84,1.42,0,6.2,0,0,0,0,0,0,0,0,0,0,0,0,0,0,0,0,0,0,0,0,0,0,0,0,0,0,0,0,0
427=102805,0.64,126.9,0,0,0,0,0,0,763.828,0,127.7,126.1,126,117.7,0.1,0.64,0.52,0.81,0.84,1.42,0,6.2,0,0,0,0,0,0,0,0,0,0,0,0,0,0,0,0,0,0,0,0,0,0,0,0,0,0,0,0,0
428=103207,0.82,126.8,0,0,0,0,0,0,763.828,0,127.6,126,125.9,117.7,0.1,0.82,0.69,1,1.03,1.54,0,6.2,0,0,0,0,0,0,0,0,0,0,0,0,0,0,0,0,0,0,0,0,0,0,0,0,0,0,0,0,0
429=103207,0.82,126.8,0,0,0,0,0,0,763.828,0,127.6,126,125.9,117.7,0.1,0.82,0.69,1,1.03,1.54,0,6.2,0,0,0,0,0,0,0,0,0,0,0,0,0,0,0,0,0,0,0,0,0,0,0,0,0,0,0,0,0
430=103618,0.96,126.7,0,0,0,0,0,0,763.828,0,127.5,125.9,125.8,117.8,0.1,0.96,0.83,1.15,1.18,1.63,0,6.2,0,0,0,0,0,0,0,0,0,0,0,0,0,0,0,0,0,0,0,0,0,0,0,0,0,0,0,0,0
431=103618,0.96,126.7,0,0,0,0,0,0,763.828,0,127.5,125.9,125.8,117.8,0.1,0.96,0.83,1.15,1.18,1.63,0,6.2,0,0,0,0,0,0,0,0,0,0,0,0,0,0,0,0,0,0,0,0,0,0,0,0,0,0,0,0,0
432=104015,1.09,126.7,0,0,0,0,0,0,763.828,0,127.5,125.9,125.8,118,0.1,1.09,0.97,1.29,1.32,1.7,0,6.2,0,0,0,0,0,0,0,0,0,0,0,0,0,0,0,0,0,0,0,0,0,0,0,0,0,0,0,0,0
433=104015,1.09,126.7,0,0,0,0,0,0,763.828,0,127.5,125.9,125.8,118,0.1,1.09,0.97,1.29,1.32,1.7,0,6.2,0,0,0,0,0,0,0,0,0,0,0,0,0,0,0,0,0,0,0,0,0,0,0,0,0,0,0,0,0
434=104436,1.22,126.7,0,0,0,0,0,0,763.828,0,127.5,125.9,125.8,118.4,0.1,1.22,1.09,1.42,1.45,1.74,0,6.2,0,0,0,0,0,0,0,0,0,0,0,0,0,0,0,0,0,0,0,0,0,0,0,0,0,0,0,0,0
435=104436,1.22,126.7,0,0,0,0,0,0,763.828,0,127.5,125.9,125.8,118.4,0.1,1.22,1.09,1.42,1.45,1.74,0,6.2,0,0,0,0,0,0,0,0,0,0,0,0,0,0,0,0,0,0,0,0,0,0,0,0,0,0,0,0,0
436=104837,1.33,126.8,0,0,0,0,0,0,763.828,0,127.5,126,125.9,118.8,0.1,1.33,1.2,1.53,1.56,1.76,0,6.2,0,0,0,0,0,0,0,0,0,0,0,0,0,0,0,0,0,0,0,0,0,0,0,0,0,0,0,0,0
437=104837,1.33,126.8,0,0,0,0,0,0,763.828,0,127.5,126,125.9,118.8,0.1,1.33,1.2,1.53,1.56,1.76,0,6.2,0,0,0,0,0,0,0,0,0,0,0,0,0,0,0,0,0,0,0,0,0,0,0,0,0,0,0,0,0
438=105238,1.42,126.9,0,0,0,0,0,0,763.828,0,127.6,126.1,126,119.5,0.1,1.42,1.29,1.63,1.66,1.76,0,6.2,0,0,0,0,0,0,0,0,0,0,0,0,0,0,0,0,0,0,0,0,0,0,0,0,0,0,0,0,0
439=105238,1.42,126.9,0,0,0,0,0,0,763.828,0,127.6,126.1,126,119.5,0.1,1.42,1.29,1.63,1.66,1.76,0,6.2,0,0,0,0,0,0,0,0,0,0,0,0,0,0,0,0,0,0,0,0,0,0,0,0,0,0,0,0,0
440=105654,1.5,127.1,0,0,0,0,0,0,763.828,0,127.7,126.3,126.2,120.3,0.1,1.5,1.38,1.71,1.74,1.74,0,6.2,0,0,0,0,0,0,0,0,0,0,0,0,0,0,0,0,0,0,0,0,0,0,0,0,0,0,0,0,0
441=105654,1.5,127.1,0,0,0,0,0,0,763.828,0,127.7,126.3,126.2,120.3,0.1,1.5,1.38,1.71,1.74,1.74,0,6.2,0,0,0,0,0,0,0,0,0,0,0,0,0,0,0,0,0,0,0,0,0,0,0,0,0,0,0,0,0
442=106059,1.56,127.3,0,0,0,0,0,0,763.828,0,128,126.6,126.4,121.3,0.1,1.56,1.44,1.77,1.8,1.7,0,6.2,0,0,0,0,0,0,0,0,0,0,0,0,0,0,0,0,0,0,0,0,0,0,0,0,0,0,0,0,0
443=106059,1.56,127.3,0,0,0,0,0,0,763.828,0,128,126.6,126.4,121.3,0.1,1.56,1.44,1.77,1.8,1.7,0,6.2,0,0,0,0,0,0,0,0,0,0,0,0,0,0,0,0,0,0,0,0,0,0,0,0,0,0,0,0,0
444=106507,1.61,127.6,0,0,0,0,0,0,763.828,0,128.2,126.9,126.8,122.5,0.1,1.61,1.49,1.82,1.84,1.64,0,6.1,0,0,0,0,0,0,0,0,0,0,0,0,0,0,0,0,0,0,0,0,0,0,0,0,0,0,0,0,0
445=106507,1.61,127.6,0,0,0,0,0,0,763.828,0,128.2,126.9,126.8,122.5,0.1,1.61,1.49,1.82,1.84,1.64,0,6.1,0,0,0,0,0,0,0,0,0,0,0,0,0,0,0,0,0,0,0,0,0,0,0,0,0,0,0,0,0
446=106905,1.64,128,0,0,0,0,0,0,763.828,0,128.6,127.3,127.2,123.8,0.1,1.64,1.52,1.85,1.86,1.57,0,6.1,0,0,0,0,0,0,0,0,0,0,0,0,0,0,0,0,0,0,0,0,0,0,0,0,0,0,0,0,0
447=106905,1.64,128,0,0,0,0,0,0,763.828,0,128.6,127.3,127.2,123.8,0.1,1.64,1.52,1.85,1.86,1.57,0,6.1,0,0,0,0,0,0,0,0,0,0,0,0,0,0,0,0,0,0,0,0,0,0,0,0,0,0,0,0,0
448=107299,1.65,128.5,0,0,0,0,0,0,763.828,0,129.1,127.8,127.8,125.3,0.1,1.65,1.53,1.85,1.85,1.49,0,6.1,0,0,0,0,0,0,0,0,0,0,0,0,0,0,0,0,0,0,0,0,0,0,0,0,0,0,0,0,0
449=107299,1.65,128.5,0,0,0,0,0,0,763.828,0,129.1,127.8,127.8,125.3,0.1,1.65,1.53,1.85,1.85,1.49,0,6.1,0,0,0,0,0,0,0,0,0,0,0,0,0,0,0,0,0,0,0,0,0,0,0,0,0,0,0,0,0
450=107705,1.64,129.1,0,0,0,0,0,0,763.828,0,129.6,128.4,128.4,126.8,0.1,1.64,1.53,1.84,1.83,1.4,0,6.4,0,0,0,0,0,0,0,0,0,0,0,0,0,0,0,0,0,0,0,0,0,0,0,0,0,0,0,0,0
451=107705,1.64,129.1,0,0,0,0,0,0,763.828,0,129.6,128.4,128.4,126.8,0.1,1.64,1.53,1.84,1.83,1.4,0,6.4,0,0,0,0,0,0,0,0,0,0,0,0,0,0,0,0,0,0,0,0,0,0,0,0,0,0,0,0,0
452=108118,1.62,129.7,0,0,0,0,0,0,763.828,0,130.2,129.1,129.1,128.4,0.1,1.62,1.51,1.82,1.8,1.31,0,6.7,0,0,0,0,0,0,0,0,0,0,0,0,0,0,0,0,0,0,0,0,0,0,0,0,0,0,0,0,0
453=108118,1.62,129.7,0,0,0,0,0,0,763.828,0,130.2,129.1,129.1,128.4,0.1,1.62,1.51,1.82,1.8,1.31,0,6.7,0,0,0,0,0,0,0,0,0,0,0,0,0,0,0,0,0,0,0,0,0,0,0,0,0,0,0,0,0
454=108525,1.59,130.4,0,0,0,0,0,0,763.828,0,130.9,129.8,129.9,130,0.1,1.59,1.47,1.79,1.74,1.23,0,6.9,0,0,0,0,0,0,0,0,0,0,0,0,0,0,0,0,0,0,0,0,0,0,0,0,0,0,0,0,0
455=108525,1.59,130.4,0,0,0,0,0,0,763.828,0,130.9,129.8,129.9,130,0.1,1.59,1.47,1.79,1.74,1.23,0,6.9,0,0,0,0,0,0,0,0,0,0,0,0,0,0,0,0,0,0,0,0,0,0,0,0,0,0,0,0,0
456=108922,1.54,131.1,0,0,0,0,0,0,763.828,0,131.6,130.6,130.7,131.6,0.1,1.54,1.43,1.74,1.69,1.15,0,7,0,0,0,0,0,0,0,0,0,0,0,0,0,0,0,0,0,0,0,0,0,0,0,0,0,0,0,0,0
457=108922,1.54,131.1,0,0,0,0,0,0,763.828,0,131.6,130.6,130.7,131.6,0.1,1.54,1.43,1.74,1.69,1.15,0,7,0,0,0,0,0,0,0,0,0,0,0,0,0,0,0,0,0,0,0,0,0,0,0,0,0,0,0,0,0
458=109333,1.49,132,0,0,0,0,0,0,763.828,0,132.4,131.4,131.6,133.2,0.1,1.49,1.38,1.69,1.62,1.07,0,7.4,0,0,0,0,0,0,0,0,0,0,0,0,0,0,0,0,0,0,0,0,0,0,0,0,0,0,0,0,0
459=109333,1.49,132,0,0,0,0,0,0,763.828,0,132.4,131.4,131.6,133.2,0.1,1.49,1.38,1.69,1.62,1.07,0,7.4,0,0,0,0,0,0,0,0,0,0,0,0,0,0,0,0,0,0,0,0,0,0,0,0,0,0,0,0,0
460=109741,1.43,132.9,0,0,0,0,0,0,763.828,0,133.3,132.4,132.6,134.8,0.1,1.43,1.32,1.63,1.54,1,0,7.7,0,0,0,0,0,0,0,0,0,0,0,0,0,0,0,0,0,0,0,0,0,0,0,0,0,0,0,0,0
461=109741,1.43,132.9,0,0,0,0,0,0,763.828,0,133.3,132.4,132.6,134.8,0.1,1.43,1.32,1.63,1.54,1,0,7.7,0,0,0,0,0,0,0,0,0,0,0,0,0,0,0,0,0,0,0,0,0,0,0,0,0,0,0,0,0
462=110155,1.4,133.4,0,0,0,0,0,0,763.828,0,133.8,132.9,133.1,135.6,0.1,1.4,1.28,1.59,1.5,0.97,0,7.9,0,0,0,0,0,0,0,0,0,0,0,0,0,0,0,0,0,0,0,0,0,0,0,0,0,0,0,0,0
463=110155,1.4,133.4,0,0,0,0,0,0,763.828,0,133.8,132.9,133.1,135.6,0.1,1.4,1.28,1.59,1.5,0.97,0,7.9,0,0,0,0,0,0,0,0,0,0,0,0,0,0,0,0,0,0,0,0,0,0,0,0,0,0,0,0,0
464=110551,1.3,134.8,0,0,0,0,0,0,763.828,0,135.2,134.4,134.7,137.8,0.1,1.3,1.18,1.49,1.39,0.89,0,8,0,0,0,0,0,0,0,0,0,0,0,0,0,0,0,0,0,0,0,0,0,0,0,0,0,0,0,0,0
465=110551,1.3,134.8,0,0,0,0,0,0,763.828,0,135.2,134.4,134.7,137.8,0.1,1.3,1.18,1.49,1.39,0.89,0,8,0,0,0,0,0,0,0,0,0,0,0,0,0,0,0,0,0,0,0,0,0,0,0,0,0,0,0,0,0
466=110967,1.23,135.9,0,0,0,0,0,0,763.828,0,136.2,135.4,135.8,139.2,0.1,1.23,1.12,1.43,1.32,0.84,0,8.1,0,0,0,0,0,0,0,0,0,0,0,0,0,0,0,0,0,0,0,0,0,0,0,0,0,0,0,0,0
467=110967,1.23,135.9,0,0,0,0,0,0,763.828,0,136.2,135.4,135.8,139.2,0.1,1.23,1.12,1.43,1.32,0.84,0,8.1,0,0,0,0,0,0,0,0,0,0,0,0,0,0,0,0,0,0,0,0,0,0,0,0,0,0,0,0,0
468=111368,1.16,136.9,0,0,0,0,0,0,763.828,0,137.2,136.5,136.8,140.5,0.1,1.16,1.05,1.36,1.25,0.81,0,8.1,0,0,0,0,0,0,0,0,0,0,0,0,0,0,0,0,0,0,0,0,0,0,0,0,0,0,0,0,0
469=111368,1.16,136.9,0,0,0,0,0,0,763.828,0,137.2,136.5,136.8,140.5,0.1,1.16,1.05,1.36,1.25,0.81,0,8.1,0,0,0,0,0,0,0,0,0,0,0,0,0,0,0,0,0,0,0,0,0,0,0,0,0,0,0,0,0
470=111769,1.1,137.9,0,0,0,0,0,0,763.828,0,138.2,137.5,137.9,141.7,0.1,1.1,0.99,1.3,1.18,0.78,0,8.2,0,0,0,0,0,0,0,0,0,0,0,0,0,0,0,0,0,0,0,0,0,0,0,0,0,0,0,0,0
471=111769,1.1,137.9,0,0,0,0,0,0,763.828,0,138.2,137.5,137.9,141.7,0.1,1.1,0.99,1.3,1.18,0.78,0,8.2,0,0,0,0,0,0,0,0,0,0,0,0,0,0,0,0,0,0,0,0,0,0,0,0,0,0,0,0,0
472=112172,1.04,139,0,0,0,0,0,0,763.828,0,139.2,138.5,139,142.7,0.1,1.04,0.93,1.24,1.12,0.77,0,8.2,0,0,0,0,0,0,0,0,0,0,0,0,0,0,0,0,0,0,0,0,0,0,0,0,0,0,0,0,0
473=112172,1.04,139,0,0,0,0,0,0,763.828,0,139.2,138.5,139,142.7,0.1,1.04,0.93,1.24,1.12,0.77,0,8.2,0,0,0,0,0,0,0,0,0,0,0,0,0,0,0,0,0,0,0,0,0,0,0,0,0,0,0,0,0
474=112592,0.99,140,0,0,0,0,0,0,763.828,0,140.3,139.6,140.1,143.8,0.1,0.99,0.88,1.19,1.07,0.76,0,8.2,0,0,0,0,0,0,0,0,0,0,0,0,0,0,0,0,0,0,0,0,0,0,0,0,0,0,0,0,0
475=112592,0.99,140,0,0,0,0,0,0,763.828,0,140.3,139.6,140.1,143.8,0.1,0.99,0.88,1.19,1.07,0.76,0,8.2,0,0,0,0,0,0,0,0,0,0,0,0,0,0,0,0,0,0,0,0,0,0,0,0,0,0,0,0,0
476=112987,0.94,141.1,0,0,0,0,0,0,763.828,0,141.3,140.7,141.1,144.7,0.1,0.94,0.83,1.14,1.02,0.75,0,8.2,0,0,0,0,0,0,0,0,0,0,0,0,0,0,0,0,0,0,0,0,0,0,0,0,0,0,0,0,0
477=112987,0.94,141.1,0,0,0,0,0,0,763.828,0,141.3,140.7,141.1,144.7,0.1,0.94,0.83,1.14,1.02,0.75,0,8.2,0,0,0,0,0,0,0,0,0,0,0,0,0,0,0,0,0,0,0,0,0,0,0,0,0,0,0,0,0
478=113403,0.89,142.1,0,0,0,0,0,0,763.828,0,142.3,141.7,142.2,145.6,0.1,0.89,0.8,1.09,0.99,0.76,0,8.2,0,0,0,0,0,0,0,0,0,0,0,0,0,0,0,0,0,0,0,0,0,0,0,0,0,0,0,0,0
479=113403,0.89,142.1,0,0,0,0,0,0,763.828,0,142.3,141.7,142.2,145.6,0.1,0.89,0.8,1.09,0.99,0.76,0,8.2,0,0,0,0,0,0,0,0,0,0,0,0,0,0,0,0,0,0,0,0,0,0,0,0,0,0,0,0,0
480=113810,0.86,143.1,0,0,0,0,0,0,763.828,0,143.2,142.7,143.2,146.3,0.1,0.86,0.76,1.05,0.95,0.76,0,8.2,0,0,0,0,0,0,0,0,0,0,0,0,0,0,0,0,0,0,0,0,0,0,0,0,0,0,0,0,0
481=113810,0.86,143.1,0,0,0,0,0,0,763.828,0,143.2,142.7,143.2,146.3,0.1,0.86,0.76,1.05,0.95,0.76,0,8.2,0,0,0,0,0,0,0,0,0,0,0,0,0,0,0,0,0,0,0,0,0,0,0,0,0,0,0,0,0
482=114203,0.83,144,0,0,0,0,0,0,763.828,0,144.2,143.7,144.1,147,0.1,0.83,0.74,1.02,0.93,0.78,0,8.2,0,0,0,0,0,0,0,0,0,0,0,0,0,0,0,0,0,0,0,0,0,0,0,0,0,0,0,0,0
483=114203,0.83,144,0,0,0,0,0,0,763.828,0,144.2,143.7,144.1,147,0.1,0.83,0.74,1.02,0.93,0.78,0,8.2,0,0,0,0,0,0,0,0,0,0,0,0,0,0,0,0,0,0,0,0,0,0,0,0,0,0,0,0,0
484=114638,0.8,145,0,0,0,0,0,0,763.828,0,145.1,144.7,145.1,147.7,0.1,0.8,0.72,0.99,0.91,0.79,0,8.2,0,0,0,0,0,0,0,0,0,0,0,0,0,0,0,0,0,0,0,0,0,0,0,0,0,0,0,0,0
485=114638,0.8,145,0,0,0,0,0,0,763.828,0,145.1,144.7,145.1,147.7,0.1,0.8,0.72,0.99,0.91,0.79,0,8.2,0,0,0,0,0,0,0,0,0,0,0,0,0,0,0,0,0,0,0,0,0,0,0,0,0,0,0,0,0
486=115019,0.79,145.5,0,0,0,0,0,0,763.828,0,145.6,145.2,145.5,148,0.1,0.79,0.72,0.98,0.9,0.8,0,8.2,0,0,0,0,0,0,0,0,0,0,0,0,0,0,0,0,0,0,0,0,0,0,0,0,0,0,0,0,0
487=115019,0.79,145.5,0,0,0,0,0,0,763.828,0,145.6,145.2,145.5,148,0.1,0.79,0.72,0.98,0.9,0.8,0,8.2,0,0,0,0,0,0,0,0,0,0,0,0,0,0,0,0,0,0,0,0,0,0,0,0,0,0,0,0,0
488=115425,0.77,146.4,0,0,0,0,0,0,763.828,0,146.4,146.1,146.4,148.5,0.1,0.77,0.71,0.96,0.89,0.83,0,8.2,0,0,0,0,0,0,0,0,0,0,0,0,0,0,0,0,0,0,0,0,0,0,0,0,0,0,0,0,0
489=115425,0.77,146.4,0,0,0,0,0,0,763.828,0,146.4,146.1,146.4,148.5,0.1,0.77,0.71,0.96,0.89,0.83,0,8.2,0,0,0,0,0,0,0,0,0,0,0,0,0,0,0,0,0,0,0,0,0,0,0,0,0,0,0,0,0
490=115828,0.76,147.3,0,0,0,0,0,0,763.828,0,147.3,147,147.3,149.1,0.1,0.76,0.7,0.95,0.89,0.85,0,8.2,0,0,0,0,0,0,0,0,0,0,0,0,0,0,0,0,0,0,0,0,0,0,0,0,0,0,0,0,0
491=115828,0.76,147.3,0,0,0,0,0,0,763.828,0,147.3,147,147.3,149.1,0.1,0.76,0.7,0.95,0.89,0.85,0,8.2,0,0,0,0,0,0,0,0,0,0,0,0,0,0,0,0,0,0,0,0,0,0,0,0,0,0,0,0,0
492=116243,0.76,148.1,0,0,0,0,0,0,763.828,0,148.1,147.8,148.1,149.5,0.1,0.76,0.71,0.94,0.89,0.88,0,8.2,0,0,0,0,0,0,0,0,0,0,0,0,0,0,0,0,0,0,0,0,0,0,0,0,0,0,0,0,0
493=116243,0.76,148.1,0,0,0,0,0,0,763.828,0,148.1,147.8,148.1,149.5,0.1,0.76,0.71,0.94,0.89,0.88,0,8.2,0,0,0,0,0,0,0,0,0,0,0,0,0,0,0,0,0,0,0,0,0,0,0,0,0,0,0,0,0
494=116647,0.76,148.9,0,0,0,0,0,0,763.828,0,148.9,148.7,148.9,150,0.1,0.76,0.72,0.94,0.89,0.91,0,8.2,0,0,0,0,0,0,0,0,0,0,0,0,0,0,0,0,0,0,0,0,0,0,0,0,0,0,0,0,0
495=116647,0.76,148.9,0,0,0,0,0,0,763.828,0,148.9,148.7,148.9,150,0.1,0.76,0.72,0.94,0.89,0.91,0,8.2,0,0,0,0,0,0,0,0,0,0,0,0,0,0,0,0,0,0,0,0,0,0,0,0,0,0,0,0,0
496=117046,0.76,149.7,0,0,0,0,0,0,763.828,0,149.6,149.5,149.7,150.4,0.1,0.76,0.73,0.94,0.9,0.95,0,8.2,0,0,0,0,0,0,0,0,0,0,0,0,0,0,0,0,0,0,0,0,0,0,0,0,0,0,0,0,0
497=117046,0.76,149.7,0,0,0,0,0,0,763.828,0,149.6,149.5,149.7,150.4,0.1,0.76,0.73,0.94,0.9,0.95,0,8.2,0,0,0,0,0,0,0,0,0,0,0,0,0,0,0,0,0,0,0,0,0,0,0,0,0,0,0,0,0
498=117462,0.35,150.5,0,0,0,0,0,0,763.828,0,150.4,150.3,150.4,150.8,0.1,0.35,0.33,0.52,0.49,0.78,0,8.2,0,0,0,0,0,0,0,0,0,0,0,0,0,0,0,0,0,0,0,0,0,0,0,0,0,0,0,0,0
499=117462,0.35,150.5,0,0,0,0,0,0,763.828,0,150.4,150.3,150.4,150.8,0.1,0.35,0.33,0.52,0.49,0.78,0,8.2,0,0,0,0,0,0,0,0,0,0,0,0,0,0,0,0,0,0,0,0,0,0,0,0,0,0,0,0,0
500=117864,0.03,151.2,0,0,0,0,0,0,763.828,0,151,151,151.1,151.2,0.1,0.03,0.01,0.19,0.17,0.67,0,8.2,0,0,0,0,0,0,0,0,0,0,0,0,0,0,0,0,0,0,0,0,0,0,0,0,0,0,0,0,0
501=117864,0.03,151.2,0,0,0,0,0,0,763.828,0,151,151,151.1,151.2,0.1,0.03,0.01,0.19,0.17,0.67,0,8.2,0,0,0,0,0,0,0,0,0,0,0,0,0,0,0,0,0,0,0,0,0,0,0,0,0,0,0,0,0
502=118279,0,151.9,0,0,0,0,0,0,763.828,0,151.7,151.8,151.8,151.6,0.1,0,0,0,0,0.62,0,8.2,0,0,0,0,0,0,0,0,0,0,0,0,0,0,0,0,0,0,0,0,0,0,0,0,0,0,0,0,0
503=118279,0,151.9,0,0,0,0,0,0,763.828,0,151.7,151.8,151.8,151.6,0.1,0,0,0,0,0.62,0,8.2,0,0,0,0,0,0,0,0,0,0,0,0,0,0,0,0,0,0,0,0,0,0,0,0,0,0,0,0,0
504=118674,0,152.6,0,0,0,0,0,0,763.828,0,152.3,152.4,152.4,151.9,0.1,0,0,0,0,0.58,0,8.2,0,0,0,0,0,0,0,0,0,0,0,0,0,0,0,0,0,0,0,0,0,0,0,0,0,0,0,0,0
505=118674,0,152.6,0,0,0,0,0,0,763.828,0,152.3,152.4,152.4,151.9,0.1,0,0,0,0,0.58,0,8.2,0,0,0,0,0,0,0,0,0,0,0,0,0,0,0,0,0,0,0,0,0,0,0,0,0,0,0,0,0
506=119090,0,153.2,0,0,0,0,0,0,763.828,0,152.9,153.1,153,152.2,0.1,0,0,0,0,0.55,0,8.2,0,0,0,0,0,0,0,0,0,0,0,0,0,0,0,0,0,0,0,0,0,0,0,0,0,0,0,0,0
507=119090,0,153.2,0,0,0,0,0,0,763.828,0,152.9,153.1,153,152.2,0.1,0,0,0,0,0.55,0,8.2,0,0,0,0,0,0,0,0,0,0,0,0,0,0,0,0,0,0,0,0,0,0,0,0,0,0,0,0,0
508=119497,0,153.8,0,0,0,0,0,0,763.828,0,153.5,153.7,153.6,152.5,0.1,0,0,0,0,0.53,0,8.2,0,0,0,0,0,0,0,0,0,0,0,0,0,0,0,0,0,0,0,0,0,0,0,0,0,0,0,0,0
509=119497,0,153.8,0,0,0,0,0,0,763.828,0,153.5,153.7,153.6,152.5,0.1,0,0,0,0,0.53,0,8.2,0,0,0,0,0,0,0,0,0,0,0,0,0,0,0,0,0,0,0,0,0,0,0,0,0,0,0,0,0
510=119899,0,154.3,0,0,0,0,0,0,763.828,0,154,154.2,154.1,152.7,0.1,0,0,0,0,0.5,0,8.2,0,0,0,0,0,0,0,0,0,0,0,0,0,0,0,0,0,0,0,0,0,0,0,0,0,0,0,0,0
511=119899,0,154.3,0,0,0,0,0,0,763.828,0,154,154.2,154.1,152.7,0.1,0,0,0,0,0.5,0,8.2,0,0,0,0,0,0,0,0,0,0,0,0,0,0,0,0,0,0,0,0,0,0,0,0,0,0,0,0,0
512=120308,0,154.8,0,0,0,0,0,0,763.828,0,154.5,154.7,154.6,152.9,0.1,0,0,0,0,0.49,0,8.2,0,0,0,0,0,0,0,0,0,0,0,0,0,0,0,0,0,0,0,0,0,0,0,0,0,0,0,0,0
513=120308,0,154.8,0,0,0,0,0,0,763.828,0,154.5,154.7,154.6,152.9,0.1,0,0,0,0,0.49,0,8.2,0,0,0,0,0,0,0,0,0,0,0,0,0,0,0,0,0,0,0,0,0,0,0,0,0,0,0,0,0
514=120707,0,155.3,0,0,0,0,0,0,763.828,0,155,155.2,155,153,0.1,0,0,0,0,0.47,0,8.2,0,0,0,0,0,0,0,0,0,0,0,0,0,0,0,0,0,0,0,0,0,0,0,0,0,0,0,0,0
515=120707,0,155.3,0,0,0,0,0,0,763.828,0,155,155.2,155,153,0.1,0,0,0,0,0.47,0,8.2,0,0,0,0,0,0,0,0,0,0,0,0,0,0,0,0,0,0,0,0,0,0,0,0,0,0,0,0,0
516=121110,0,155.7,0,0,0,0,0,0,763.828,0,155.4,155.7,155.5,153.1,0.1,0,0,0,0,0.45,0,8.2,0,0,0,0,0,0,0,0,0,0,0,0,0,0,0,0,0,0,0,0,0,0,0,0,0,0,0,0,0
517=121110,0,155.7,0,0,0,0,0,0,763.828,0,155.4,155.7,155.5,153.1,0.1,0,0,0,0,0.45,0,8.2,0,0,0,0,0,0,0,0,0,0,0,0,0,0,0,0,0,0,0,0,0,0,0,0,0,0,0,0,0
518=121515,0,156.1,0,0,0,0,0,0,763.828,0,155.8,156.1,155.8,153.2,0.1,0,0,0,0,0.44,0,8.2,0,0,0,0,0,0,0,0,0,0,0,0,0,0,0,0,0,0,0,0,0,0,0,0,0,0,0,0,0
519=121515,0,156.1,0,0,0,0,0,0,763.828,0,155.8,156.1,155.8,153.2,0.1,0,0,0,0,0.44,0,8.2,0,0,0,0,0,0,0,0,0,0,0,0,0,0,0,0,0,0,0,0,0,0,0,0,0,0,0,0,0
520=121935,0,156.5,0,0,0,0,0,0,763.828,0,156.1,156.5,156.2,153.3,0.1,0,0,0,0,0.42,0,8.2,0,0,0,0,0,0,0,0,0,0,0,0,0,0,0,0,0,0,0,0,0,0,0,0,0,0,0,0,0
521=121935,0,156.5,0,0,0,0,0,0,763.828,0,156.1,156.5,156.2,153.3,0.1,0,0,0,0,0.42,0,8.2,0,0,0,0,0,0,0,0,0,0,0,0,0,0,0,0,0,0,0,0,0,0,0,0,0,0,0,0,0
522=122332,0,156.8,0,0,0,0,0,0,763.828,0,156.4,156.8,156.5,153.3,0.1,0,0,0,0,0.41,0,8.2,0,0,0,0,0,0,0,0,0,0,0,0,0,0,0,0,0,0,0,0,0,0,0,0,0,0,0,0,0
523=122332,0,156.8,0,0,0,0,0,0,763.828,0,156.4,156.8,156.5,153.3,0.1,0,0,0,0,0.41,0,8.2,0,0,0,0,0,0,0,0,0,0,0,0,0,0,0,0,0,0,0,0,0,0,0,0,0,0,0,0,0
524=122741,0,157.1,0,0,0,0,0,0,763.828,0,156.8,157.1,156.8,153.3,0.1,0,0,0,0,0.4,0,8.2,0,0,0,0,0,0,0,0,0,0,0,0,0,0,0,0,0,0,0,0,0,0,0,0,0,0,0,0,0
525=122741,0,157.1,0,0,0,0,0,0,763.828,0,156.8,157.1,156.8,153.3,0.1,0,0,0,0,0.4,0,8.2,0,0,0,0,0,0,0,0,0,0,0,0,0,0,0,0,0,0,0,0,0,0,0,0,0,0,0,0,0
526=124183,0,157.9,0,0,0,0,0,0,763.828,0,157.5,157.9,157.5,153.3,0.1,0,0,0,0,0.37,0,8.2,0,0,0,0,0,0,0,0,0,0,0,0,0,0,0,0,0,0,0,0,0,0,0,0,0,0,0,0,0
527=124183,0,157.9,0,0,0,0,0,0,763.828,0,157.5,157.9,157.5,153.3,0.1,0,0,0,0,0.37,0,8.2,0,0,0,0,0,0,0,0,0,0,0,0,0,0,0,0,0,0,0,0,0,0,0,0,0,0,0,0,0
528=124502,0,158.1,0,0,0,0,0,0,763.828,0,157.7,158.1,157.7,153.2,0.1,0,0,0,0,0.37,0,8.2,0,0,0,0,0,0,0,0,0,0,0,0,0,0,0,0,0,0,0,0,0,0,0,0,0,0,0,0,0
529=124502,0,158.1,0,0,0,0,0,0,763.828,0,157.7,158.1,157.7,153.2,0.1,0,0,0,0,0.37,0,8.2,0,0,0,0,0,0,0,0,0,0,0,0,0,0,0,0,0,0,0,0,0,0,0,0,0,0,0,0,0
530=124899,0,158.3,0,0,0,0,0,0,763.828,0,157.9,158.3,157.9,153.2,0.1,0,0,0,0,0.37,0,8.2,0,0,0,0,0,0,0,0,0,0,0,0,0,0,0,0,0,0,0,0,0,0,0,0,0,0,0,0,0
531=124899,0,158.3,0,0,0,0,0,0,763.828,0,157.9,158.3,157.9,153.2,0.1,0,0,0,0,0.37,0,8.2,0,0,0,0,0,0,0,0,0,0,0,0,0,0,0,0,0,0,0,0,0,0,0,0,0,0,0,0,0
532=125256,0,158.5,0,0,0,0,0,0,763.828,0,158.1,158.4,158,153.1,0.1,0,0,0,0,0.36,0,8.2,0,0,0,0,0,0,0,0,0,0,0,0,0,0,0,0,0,0,0,0,0,0,0,0,0,0,0,0,0
533=125256,0,158.5,0,0,0,0,0,0,763.828,0,158.1,158.4,158,153.1,0.1,0,0,0,0,0.36,0,8.2,0,0,0,0,0,0,0,0,0,0,0,0,0,0,0,0,0,0,0,0,0,0,0,0,0,0,0,0,0
534=125567,0,158.6,0,0,0,0,0,0,763.828,0,158.2,158.6,158.1,153,0.1,0,0,0,0,0.36,0,8.2,0,0,0,0,0,0,0,0,0,0,0,0,0,0,0,0,0,0,0,0,0,0,0,0,0,0,0,0,0
535=125567,0,158.6,0,0,0,0,0,0,763.828,0,158.2,158.6,158.1,153,0.1,0,0,0,0,0.36,0,8.2,0,0,0,0,0,0,0,0,0,0,0,0,0,0,0,0,0,0,0,0,0,0,0,0,0,0,0,0,0
536=125918,0,158.6,0,0,0,0,0,0,763.828,0,158.2,158.6,158.1,153,0.1,0,0,0,0,0.36,0,8.2,0,0,0,0,0,0,0,0,0,0,0,0,0,0,0,0,0,0,0,0,0,0,0,0,0,0,0,0,0
537=125918,0,158.6,0,0,0,0,0,0,763.828,0,158.2,158.6,158.1,153,0.1,0,0,0,0,0.36,0,8.2,0,0,0,0,0,0,0,0,0,0,0,0,0,0,0,0,0,0,0,0,0,0,0,0,0,0,0,0,0
538=126334,0,158.8,0,0,0,0,0,0,763.828,0,158.4,158.8,158.3,152.8,0.1,0,0,0,0,0.36,0,8.3,0,0,0,0,0,0,0,0,0,0,0,0,0,0,0,0,0,0,0,0,0,0,0,0,0,0,0,0,0
539=126334,0,158.8,0,0,0,0,0,0,763.828,0,158.4,158.8,158.3,152.8,0.1,0,0,0,0,0.36,0,8.3,0,0,0,0,0,0,0,0,0,0,0,0,0,0,0,0,0,0,0,0,0,0,0,0,0,0,0,0,0
540=126632,0,158.8,0,0,0,0,0,0,763.828,0,158.4,158.8,158.3,152.8,0.1,0,0,0,0,0.36,0,8.3,0,0,0,0,0,0,0,0,0,0,0,0,0,0,0,0,0,0,0,0,0,0,0,0,0,0,0,0,0
541=126632,0,158.8,0,0,0,0,0,0,763.828,0,158.4,158.8,158.3,152.8,0.1,0,0,0,0,0.36,0,8.3,0,0,0,0,0,0,0,0,0,0,0,0,0,0,0,0,0,0,0,0,0,0,0,0,0,0,0,0,0
542=126987,0,158.9,0,0,0,0,0,0,763.828,0,158.5,158.9,158.4,152.7,0.1,0,0,0,0,0.36,0,7.9,0,0,0,0,0,0,0,0,0,0,0,0,0,0,0,0,0,0,0,0,0,0,0,0,0,0,0,0,0
543=126987,0,158.9,0,0,0,0,0,0,763.828,0,158.5,158.9,158.4,152.7,0.1,0,0,0,0,0.36,0,7.9,0,0,0,0,0,0,0,0,0,0,0,0,0,0,0,0,0,0,0,0,0,0,0,0,0,0,0,0,0
544=127325,0,158.9,0,0,0,0,0,0,763.828,0,158.5,158.9,158.4,152.6,0.1,0,0,0,0,0.36,0,7.6,0,0,0,0,0,0,0,0,0,0,0,0,0,0,0,0,0,0,0,0,0,0,0,0,0,0,0,0,0
545=127325,0,158.9,0,0,0,0,0,0,763.828,0,158.5,158.9,158.4,152.6,0.1,0,0,0,0,0.36,0,7.6,0,0,0,0,0,0,0,0,0,0,0,0,0,0,0,0,0,0,0,0,0,0,0,0,0,0,0,0,0
546=127658,0,158.9,0,0,0,0,0,0,763.828,0,158.6,159,158.5,152.5,0.1,0,0,0,0,0.36,0,7.4,0,0,0,0,0,0,0,0,0,0,0,0,0,0,0,0,0,0,0,0,0,0,0,0,0,0,0,0,0
547=127658,0,158.9,0,0,0,0,0,0,763.828,0,158.6,159,158.5,152.5,0.1,0,0,0,0,0.36,0,7.4,0,0,0,0,0,0,0,0,0,0,0,0,0,0,0,0,0,0,0,0,0,0,0,0,0,0,0,0,0
548=127969,0,159,0,0,0,0,0,0,763.828,0,158.6,159,158.5,152.4,0.1,0,0,0,0,0.36,0,7.3,0,0,0,0,0,0,0,0,0,0,0,0,0,0,0,0,0,0,0,0,0,0,0,0,0,0,0,0,0
549=127969,0,159,0,0,0,0,0,0,763.828,0,158.6,159,158.5,152.4,0.1,0,0,0,0,0.36,0,7.3,0,0,0,0,0,0,0,0,0,0,0,0,0,0,0,0,0,0,0,0,0,0,0,0,0,0,0,0,0
550=128308,0,159,0,0,0,0,0,0,763.828,0,158.6,159,158.5,152.4,0.1,0,0,0,0,0.36,0,7.3,0,0,0,0,0,0,0,0,0,0,0,0,0,0,0,0,0,0,0,0,0,0,0,0,0,0,0,0,0
551=128308,0,159,0,0,0,0,0,0,763.828,0,158.6,159,158.5,152.4,0.1,0,0,0,0,0.36,0,7.3,0,0,0,0,0,0,0,0,0,0,0,0,0,0,0,0,0,0,0,0,0,0,0,0,0,0,0,0,0
552=128656,0,159,0,0,0,0,0,0,763.828,0,158.7,159.1,158.5,152.2,0.1,0,0,0,0,0.37,0,7.2,0,0,0,0,0,0,0,0,0,0,0,0,0,0,0,0,0,0,0,0,0,0,0,0,0,0,0,0,0
553=128656,0,159,0,0,0,0,0,0,763.828,0,158.7,159.1,158.5,152.2,0.1,0,0,0,0,0.37,0,7.2,0,0,0,0,0,0,0,0,0,0,0,0,0,0,0,0,0,0,0,0,0,0,0,0,0,0,0,0,0
554=128970,0,159,0,0,0,0,0,0,763.828,0,158.7,159.1,158.5,152.1,0.1,0,0,0,0,0.37,0,7.2,0,0,0,0,0,0,0,0,0,0,0,0,0,0,0,0,0,0,0,0,0,0,0,0,0,0,0,0,0
555=128970,0,159,0,0,0,0,0,0,763.828,0,158.7,159.1,158.5,152.1,0.1,0,0,0,0,0.37,0,7.2,0,0,0,0,0,0,0,0,0,0,0,0,0,0,0,0,0,0,0,0,0,0,0,0,0,0,0,0,0
556=129369,0,159,0,0,0,0,0,0,763.828,0,158.7,159.1,158.5,152,0.1,0,0,0,0,0.38,0,7.2,0,0,0,0,0,0,0,0,0,0,0,0,0,0,0,0,0,0,0,0,0,0,0,0,0,0,0,0,0
557=129369,0,159,0,0,0,0,0,0,763.828,0,158.7,159.1,158.5,152,0.1,0,0,0,0,0.38,0,7.2,0,0,0,0,0,0,0,0,0,0,0,0,0,0,0,0,0,0,0,0,0,0,0,0,0,0,0,0,0
558=129710,0,159,0,0,0,0,0,0,763.828,0,158.7,159.1,158.5,151.8,0.1,0,0,0,0,0.39,0,7.2,0,0,0,0,0,0,0,0,0,0,0,0,0,0,0,0,0,0,0,0,0,0,0,0,0,0,0,0,0
559=129710,0,159,0,0,0,0,0,0,763.828,0,158.7,159.1,158.5,151.8,0.1,0,0,0,0,0.39,0,7.2,0,0,0,0,0,0,0,0,0,0,0,0,0,0,0,0,0,0,0,0,0,0,0,0,0,0,0,0,0
560=130036,0,159,0,0,0,0,0,0,763.828,0,158.7,159,158.5,151.7,0.1,0,0,0,0,0.4,0,7.2,0,0,0,0,0,0,0,0,0,0,0,0,0,0,0,0,0,0,0,0,0,0,0,0,0,0,0,0,0
561=130036,0,159,0,0,0,0,0,0,763.828,0,158.7,159,158.5,151.7,0.1,0,0,0,0,0.4,0,7.2,0,0,0,0,0,0,0,0,0,0,0,0,0,0,0,0,0,0,0,0,0,0,0,0,0,0,0,0,0
562=130369,0,158.9,0,0,0,0,0,0,763.828,0,158.7,159,158.4,151.6,0.1,0,0,0,0,0.41,0,7.2,0,0,0,0,0,0,0,0,0,0,0,0,0,0,0,0,0,0,0,0,0,0,0,0,0,0,0,0,0
563=130369,0,158.9,0,0,0,0,0,0,763.828,0,158.7,159,158.4,151.6,0.1,0,0,0,0,0.41,0,7.2,0,0,0,0,0,0,0,0,0,0,0,0,0,0,0,0,0,0,0,0,0,0,0,0,0,0,0,0,0
564=130791,0,158.9,0,0,0,0,0,0,763.828,0,158.6,159,158.4,151.4,0.1,0,0,0,0,0.41,0,7.2,0,0,0,0,0,0,0,0,0,0,0,0,0,0,0,0,0,0,0,0,0,0,0,0,0,0,0,0,0
565=130791,0,158.9,0,0,0,0,0,0,763.828,0,158.6,159,158.4,151.4,0.1,0,0,0,0,0.41,0,7.2,0,0,0,0,0,0,0,0,0,0,0,0,0,0,0,0,0,0,0,0,0,0,0,0,0,0,0,0,0
566=131085,0,158.9,0,0,0,0,0,0,763.828,0,158.6,159,158.4,151.4,0.1,0,0,0,0,0.41,0,7.2,0,0,0,0,0,0,0,0,0,0,0,0,0,0,0,0,0,0,0,0,0,0,0,0,0,0,0,0,0
567=131085,0,158.9,0,0,0,0,0,0,763.828,0,158.6,159,158.4,151.4,0.1,0,0,0,0,0.41,0,7.2,0,0,0,0,0,0,0,0,0,0,0,0,0,0,0,0,0,0,0,0,0,0,0,0,0,0,0,0,0
568=131437,0,158.8,0,0,0,0,0,0,763.828,0,158.6,158.9,158.3,151.3,0.1,0,0,0,0,0.42,0,7.2,0,0,0,0,0,0,0,0,0,0,0,0,0,0,0,0,0,0,0,0,0,0,0,0,0,0,0,0,0
569=131437,0,158.8,0,0,0,0,0,0,763.828,0,158.6,158.9,158.3,151.3,0.1,0,0,0,0,0.42,0,7.2,0,0,0,0,0,0,0,0,0,0,0,0,0,0,0,0,0,0,0,0,0,0,0,0,0,0,0,0,0
570=131771,0,158.8,0,0,0,0,0,0,763.828,0,158.6,158.9,158.3,151.2,0.1,0,0,0,0,0.43,0,7.2,0,0,0,0,0,0,0,0,0,0,0,0,0,0,0,0,0,0,0,0,0,0,0,0,0,0,0,0,0
571=131771,0,158.8,0,0,0,0,0,0,763.828,0,158.6,158.9,158.3,151.2,0.1,0,0,0,0,0.43,0,7.2,0,0,0,0,0,0,0,0,0,0,0,0,0,0,0,0,0,0,0,0,0,0,0,0,0,0,0,0,0
572=132105,0,158.7,0,0,0,0,0,0,763.828,0,158.5,158.8,158.2,151,0.1,0,0,0,0,0.45,0,7.2,0,0,0,0,0,0,0,0,0,0,0,0,0,0,0,0,0,0,0,0,0,0,0,0,0,0,0,0,0
573=132105,0,158.7,0,0,0,0,0,0,763.828,0,158.5,158.8,158.2,151,0.1,0,0,0,0,0.45,0,7.2,0,0,0,0,0,0,0,0,0,0,0,0,0,0,0,0,0,0,0,0,0,0,0,0,0,0,0,0,0
574=132442,0,158.7,0,0,0,0,0,0,763.828,0,158.5,158.8,158.2,150.8,0.1,0,0,0,0,0.46,0,7.2,0,0,0,0,0,0,0,0,0,0,0,0,0,0,0,0,0,0,0,0,0,0,0,0,0,0,0,0,0
575=132442,0,158.7,0,0,0,0,0,0,763.828,0,158.5,158.8,158.2,150.8,0.1,0,0,0,0,0.46,0,7.2,0,0,0,0,0,0,0,0,0,0,0,0,0,0,0,0,0,0,0,0,0,0,0,0,0,0,0,0,0
576=132772,0,158.7,0,0,0,0,0,0,763.828,0,158.5,158.8,158.2,150.8,0.1,0,0,0,0,0.46,0,7.2,0,0,0,0,0,0,0,0,0,0,0,0,0,0,0,0,0,0,0,0,0,0,0,0,0,0,0,0,0
577=132772,0,158.7,0,0,0,0,0,0,763.828,0,158.5,158.8,158.2,150.8,0.1,0,0,0,0,0.46,0,7.2,0,0,0,0,0,0,0,0,0,0,0,0,0,0,0,0,0,0,0,0,0,0,0,0,0,0,0,0,0
578=133105,0,158.6,0,0,0,0,0,0,763.828,0,158.4,158.7,158.1,150.7,0.1,0,0,0,0,0.47,0,7.2,0,0,0,0,0,0,0,0,0,0,0,0,0,0,0,0,0,0,0,0,0,0,0,0,0,0,0,0,0
579=133105,0,158.6,0,0,0,0,0,0,763.828,0,158.4,158.7,158.1,150.7,0.1,0,0,0,0,0.47,0,7.2,0,0,0,0,0,0,0,0,0,0,0,0,0,0,0,0,0,0,0,0,0,0,0,0,0,0,0,0,0
580=133443,0,158.5,0,0,0,0,0,0,763.828,0,158.3,158.6,158,150.5,0.1,0,0,0,0,0.49,0,7.2,0,0,0,0,0,0,0,0,0,0,0,0,0,0,0,0,0,0,0,0,0,0,0,0,0,0,0,0,0
581=133443,0,158.5,0,0,0,0,0,0,763.828,0,158.3,158.6,158,150.5,0.1,0,0,0,0,0.49,0,7.2,0,0,0,0,0,0,0,0,0,0,0,0,0,0,0,0,0,0,0,0,0,0,0,0,0,0,0,0,0
582=133840,0,158.3,0,0,0,0,0,0,763.828,0,158.2,158.5,157.9,150.3,0.1,0,0,0,0,0.51,0,7.1,0,0,0,0,0,0,0,0,0,0,0,0,0,0,0,0,0,0,0,0,0,0,0,0,0,0,0,0,0
583=133840,0,158.3,0,0,0,0,0,0,763.828,0,158.2,158.5,157.9,150.3,0.1,0,0,0,0,0.51,0,7.1,0,0,0,0,0,0,0,0,0,0,0,0,0,0,0,0,0,0,0,0,0,0,0,0,0,0,0,0,0
584=134189,0,158.3,0,0,0,0,0,0,763.828,0,158.2,158.5,157.9,150.3,0.1,0,0,0,0,0.51,0,7.1,0,0,0,0,0,0,0,0,0,0,0,0,0,0,0,0,0,0,0,0,0,0,0,0,0,0,0,0,0
585=134189,0,158.3,0,0,0,0,0,0,763.828,0,158.2,158.5,157.9,150.3,0.1,0,0,0,0,0.51,0,7.1,0,0,0,0,0,0,0,0,0,0,0,0,0,0,0,0,0,0,0,0,0,0,0,0,0,0,0,0,0
586=134511,0,158.2,0,0,0,0,0,0,763.828,0,158.1,158.4,157.8,150.1,0.1,0,0,0,0,0.52,0,7.1,0,0,0,0,0,0,0,0,0,0,0,0,0,0,0,0,0,0,0,0,0,0,0,0,0,0,0,0,0
587=134511,0,158.2,0,0,0,0,0,0,763.828,0,158.1,158.4,157.8,150.1,0.1,0,0,0,0,0.52,0,7.1,0,0,0,0,0,0,0,0,0,0,0,0,0,0,0,0,0,0,0,0,0,0,0,0,0,0,0,0,0
