[COMMENT]
RecordTime=2024/10/28 ¤U¤È 06:08:45
InputDevice=1
InputObject=0
ColumnName=Index,Time,Intensity,TC,Pump,Gas1~4,Pressure,MTC1~5,Power1~5,O2
PumpDownTime=0
[STEP 1]
ACTION=Idle
TEMP=0
TIME=3
GN2=0
PN2=0
AO2=0
BO2=0
NA=0
Pump=0
[STEP 2]
ACTION=Idle
TEMP=0
TIME=3
GN2=40
PN2=0
AO2=0
BO2=0
NA=0
Pump=0
[STEP 3]
ACTION=Idle
TEMP=0
TIME=3
GN2=0
PN2=0
AO2=0
BO2=0
NA=0
Pump=0
[STEP 4]
ACTION=Idle
TEMP=0
TIME=3
GN2=0
PN2=0
AO2=3
BO2=0
NA=0
Pump=0
[STEP 5]
ACTION=Ramp up
TEMP=100
TIME=40
GN2=0
PN2=0
AO2=3
BO2=0
NA=0
Pump=0
[STEP 6]
ACTION=Hold
TEMP=100
TIME=100
GN2=0
PN2=0
AO2=3
BO2=0
NA=0
Pump=0
[STEP 7]
ACTION=Ramp up
TEMP=200
TIME=52
GN2=0
PN2=0
AO2=3
BO2=0
NA=0
Pump=0
[STEP 8]
ACTION=Hold
TEMP=200
TIME=240
GN2=0
PN2=0
AO2=3
BO2=0
NA=0
Pump=0
[STEP 9]
ACTION=Idle
TEMP=0
TIME=10
GN2=1
PN2=0
AO2=0
BO2=0
NA=0
Pump=0
[STEP 10]
ACTION=Idle
TEMP=0
TIME=120
GN2=90
PN2=0
AO2=0
BO2=0
NA=0
Pump=0
[STEP 11]
ACTION=Idle
TEMP=0
TIME=10
GN2=5
PN2=0
AO2=0
BO2=0
NA=0
Pump=0
[STEP 12]
ACTION=Stop
TEMP=0
TIME=0
GN2=0
PN2=0
AO2=0
BO2=0
NA=0
Pump=0
[STEP 13]
ACTION=Stop
TEMP=0
TIME=0
GN2=0
PN2=0
AO2=0
BO2=0
NA=0
Pump=0
[STEP 14]
ACTION=Stop
TEMP=0
TIME=0
GN2=0
PN2=0
AO2=0
BO2=0
NA=0
Pump=0
[STEP 15]
ACTION=Stop
TEMP=0
TIME=0
GN2=0
PN2=0
AO2=0
BO2=0
NA=0
Pump=0
[STEP 16]
ACTION=Stop
TEMP=0
TIME=0
GN2=0
PN2=0
AO2=0
BO2=0
NA=0
Pump=0
[STEP 17]
ACTION=Stop
TEMP=0
TIME=0
GN2=0
PN2=0
AO2=0
BO2=0
NA=0
Pump=0
[STEP 18]
ACTION=Stop
TEMP=0
TIME=0
GN2=0
PN2=0
AO2=0
BO2=0
NA=0
Pump=0
[STEP 19]
ACTION=Stop
TEMP=0
TIME=0
GN2=0
PN2=0
AO2=0
BO2=0
NA=0
Pump=0
[STEP 20]
ACTION=Stop
TEMP=0
TIME=0
GN2=0
PN2=0
AO2=0
BO2=0
NA=0
Pump=0
[STEP 21]
ACTION=Stop
TEMP=0
TIME=0
GN2=0
PN2=0
AO2=0
BO2=0
NA=0
Pump=0
[STEP 22]
ACTION=Stop
TEMP=0
TIME=0
GN2=0
PN2=0
AO2=0
BO2=0
NA=0
Pump=0
[STEP 23]
ACTION=Stop
TEMP=0
TIME=0
GN2=0
PN2=0
AO2=0
BO2=0
NA=0
Pump=0
[STEP 24]
ACTION=Stop
TEMP=0
TIME=0
GN2=0
PN2=0
AO2=0
BO2=0
NA=0
Pump=0
[STEP 25]
ACTION=Stop
TEMP=0
TIME=0
GN2=0
PN2=0
AO2=0
BO2=0
NA=0
Pump=0
[STEP 26]
ACTION=Stop
TEMP=0
TIME=0
GN2=0
PN2=0
AO2=0
BO2=0
NA=0
Pump=0
[STEP 27]
ACTION=Stop
TEMP=0
TIME=0
GN2=0
PN2=0
AO2=0
BO2=0
NA=0
Pump=0
[STEP 28]
ACTION=Stop
TEMP=0
TIME=0
GN2=0
PN2=0
AO2=0
BO2=0
NA=0
Pump=0
[STEP 29]
ACTION=Stop
TEMP=0
TIME=0
GN2=0
PN2=0
AO2=0
BO2=0
NA=0
Pump=0
[STEP 30]
ACTION=Stop
TEMP=0
TIME=0
GN2=0
PN2=0
AO2=0
BO2=0
NA=0
Pump=0
[STEP 31]
ACTION=Stop
TEMP=0
TIME=0
GN2=0
PN2=0
AO2=0
BO2=0
NA=0
Pump=0
[STEP 32]
ACTION=Stop
TEMP=0
TIME=0
GN2=0
PN2=0
AO2=0
BO2=0
NA=0
Pump=0
[STEP 33]
ACTION=Stop
TEMP=0
TIME=0
GN2=0
PN2=0
AO2=0
BO2=0
NA=0
Pump=0
[STEP 34]
ACTION=Stop
TEMP=0
TIME=0
GN2=0
PN2=0
AO2=0
BO2=0
NA=0
Pump=0
[STEP 35]
ACTION=Stop
TEMP=0
TIME=0
GN2=0
PN2=0
AO2=0
BO2=0
NA=0
Pump=0
[STEP 36]
ACTION=Stop
TEMP=0
TIME=0
GN2=0
PN2=0
AO2=0
BO2=0
NA=0
Pump=0
[STEP 37]
ACTION=Stop
TEMP=0
TIME=0
GN2=0
PN2=0
AO2=0
BO2=0
NA=0
Pump=0
[STEP 38]
ACTION=Stop
TEMP=0
TIME=0
GN2=0
PN2=0
AO2=0
BO2=0
NA=0
Pump=0
[STEP 39]
ACTION=Stop
TEMP=0
TIME=0
GN2=0
PN2=0
AO2=0
BO2=0
NA=0
Pump=0
[STEP 40]
ACTION=Stop
TEMP=0
TIME=0
GN2=0
PN2=0
AO2=0
BO2=0
NA=0
Pump=0
[STEP 41]
ACTION=Stop
TEMP=0
TIME=0
GN2=0
PN2=0
AO2=0
BO2=0
NA=0
Pump=0
[STEP 42]
ACTION=Stop
TEMP=0
TIME=0
GN2=0
PN2=0
AO2=0
BO2=0
NA=0
Pump=0
[STEP 43]
ACTION=Stop
TEMP=0
TIME=0
GN2=0
PN2=0
AO2=0
BO2=0
NA=0
Pump=0
[STEP 44]
ACTION=Stop
TEMP=0
TIME=0
GN2=0
PN2=0
AO2=0
BO2=0
NA=0
Pump=0
[STEP 45]
ACTION=Stop
TEMP=0
TIME=0
GN2=0
PN2=0
AO2=0
BO2=0
NA=0
Pump=0
[STEP 46]
ACTION=Stop
TEMP=0
TIME=0
GN2=0
PN2=0
AO2=0
BO2=0
NA=0
Pump=0
[STEP 47]
ACTION=Stop
TEMP=0
TIME=0
GN2=0
PN2=0
AO2=0
BO2=0
NA=0
Pump=0
[STEP 48]
ACTION=Stop
TEMP=0
TIME=0
GN2=0
PN2=0
AO2=0
BO2=0
NA=0
Pump=0
[STEP 49]
ACTION=Stop
TEMP=0
TIME=0
GN2=0
PN2=0
AO2=0
BO2=0
NA=0
Pump=0
[STEP 50]
ACTION=Stop
TEMP=0
TIME=0
GN2=0
PN2=0
AO2=0
BO2=0
NA=0
Pump=0
[COFFICIENT]
IntensityWeightD1=0
IntensityWeightD2=0
IntensityWeightD3=0
IntensityWeightD4=0.2
IntensityWeightD5=0
IntensityWeightS1=0
IntensityWeightS2=0
IntensityWeightS3=0
IntensityWeightS4=0
IntensityWeightS5=0
[CONTROL_LOOP]
Proportional=0.04
Proportional2=0.04
Integrnal=0.001
Integral2=0.00065
Derivational=0
Factor1=0
Factor2=0
InputDevice=1
Overshoot=200
[PROCESS_RECORD]
No=Time,Intensity,TC1,NA,Gas1,Gas2,Gas3,Gas4,Gas5,Pressure,Gas6,TC2,TC3,TC4,TC5,TC6,Power1,Power2,Power3,Power4,Power5,O2-Gauge,TC7,O2,MTC8,MTC9,MTC10,MTC11,MTC12,MTC13,MTC14,MTC15,MTC16,MTC17,MTC18,MTC19,MTC20,MTC21,MTC22,MTC23
0=1307,0,90.7,0,0,0,0,0,0,763.828,0,92.2,92.1,90.8,82.7,0.1,0,0,0,0,0,0,6,0,0,0,0,0,0,0,0,0,0,0,0,0,0,0,0,0,0,0,0,0,0,0,0,0,0,0,0,0
1=2310,0,90.3,0,0,0,0,0,0,763.828,0,91.8,91.7,90.4,82.4,0.1,0,0,0,0,0,0,6.1,0,0,0,0,0,0,0,0,0,0,0,0,0,0,0,0,0,0,0,0,0,0,0,0,0,0,0,0,0
2=5429,0,89.3,0,0,0,0,0,0,763.828,0,90.8,90.6,89.4,81.4,0.1,0,0,0,0,0,0,6,0,0,0,0,0,0,0,0,0,0,0,0,0,0,0,0,0,0,0,0,0,0,0,0,0,0,0,0,0
3=6449,0,89,0,0,0,0,0,0,763.828,0,90.5,90.2,89.1,81.1,0.1,0,0,0,0,0,0,6,0,0,0,0,0,0,0,0,0,0,0,0,0,0,0,0,0,0,0,0,0,0,0,0,0,0,0,0,0
4=8660,0,88.4,0,0,0,0,0,0,763.828,0,89.8,89.5,88.4,80.5,0.1,0,0,0,0,0,0,6,0,0,0,0,0,0,0,0,0,0,0,0,0,0,0,0,0,0,0,0,0,0,0,0,0,0,0,0,0
5=9654,0,88.1,0,0,0,0,0,0,763.828,0,89.5,89.2,88.1,80.1,0.1,0,0,0,0,0,0,6,0,0,0,0,0,0,0,0,0,0,0,0,0,0,0,0,0,0,0,0,0,0,0,0,0,0,0,0,0
6=10658,0,87.8,0,0,0,0,0,0,763.828,0,89.2,88.9,87.8,79.8,0.1,0,0,0,0,0,0,6,0,0,0,0,0,0,0,0,0,0,0,0,0,0,0,0,0,0,0,0,0,0,0,0,0,0,0,0,0
7=13407,0,87,0,0,0,0,0,0,763.828,0,88.4,88,87,79.1,0.1,0,0,0,0,0,0,6.1,0,0,0,0,0,0,0,0,0,0,0,0,0,0,0,0,0,0,0,0,0,0,0,0,0,0,0,0,0
8=14430,0,86.8,0,0,0,0.162,0,0,763.828,0,88.1,87.7,86.7,78.8,0.1,0,0,0,0,0,0,6,0,0,0,0,0,0,0,0,0,0,0,0,0,0,0,0,0,0,0,0,0,0,0,0,0,0,0,0,0
9=14430,0,86.8,0,0,0,0.162,0,0,763.828,0,88.1,87.7,86.7,78.8,0.1,0,0,0,0,0,0,6,0,0,0,0,0,0,0,0,0,0,0,0,0,0,0,0,0,0,0,0,0,0,0,0,0,0,0,0,0
10=17002,0,86.1,0,0,0,0.276,0,0,763.828,0,87.4,86.9,86,78.1,0.1,0,0,0,0,0,0,6,0,0,0,0,0,0,0,0,0,0,0,0,0,0,0,0,0,0,0,0,0,0,0,0,0,0,0,0,0
11=17002,0,86.1,0,0,0,0.276,0,0,763.828,0,87.4,86.9,86,78.1,0.1,0,0,0,0,0,0,6,0,0,0,0,0,0,0,0,0,0,0,0,0,0,0,0,0,0,0,0,0,0,0,0,0,0,0,0,0
12=17404,0,85.9,0,0,0,0.139,0,0,763.828,0,87.3,86.8,85.9,78,0.1,0,0,0,0,0,0,6,0,0,0,0,0,0,0,0,0,0,0,0,0,0,0,0,0,0,0,0,0,0,0,0,0,0,0,0,0
13=17404,0,85.9,0,0,0,0.139,0,0,763.828,0,87.3,86.8,85.9,78,0.1,0,0,0,0,0,0,6,0,0,0,0,0,0,0,0,0,0,0,0,0,0,0,0,0,0,0,0,0,0,0,0,0,0,0,0,0
14=17806,0,85.8,0,0,0,0.139,0,0,763.828,0,87.1,86.7,85.7,77.9,0.1,0,0,0,0,0,0,6.1,0,0,0,0,0,0,0,0,0,0,0,0,0,0,0,0,0,0,0,0,0,0,0,0,0,0,0,0,0
15=17806,0,85.8,0,0,0,0.139,0,0,763.828,0,87.1,86.7,85.7,77.9,0.1,0,0,0,0,0,0,6.1,0,0,0,0,0,0,0,0,0,0,0,0,0,0,0,0,0,0,0,0,0,0,0,0,0,0,0,0,0
16=18207,0,85.7,0,0,0,0.139,0,0,763.828,0,87,86.5,85.6,77.8,0.1,0,0,0,0,0,0,6.1,0,0,0,0,0,0,0,0,0,0,0,0,0,0,0,0,0,0,0,0,0,0,0,0,0,0,0,0,0
17=18207,0,85.7,0,0,0,0.139,0,0,763.828,0,87,86.5,85.6,77.8,0.1,0,0,0,0,0,0,6.1,0,0,0,0,0,0,0,0,0,0,0,0,0,0,0,0,0,0,0,0,0,0,0,0,0,0,0,0,0
18=18624,0,85.6,0,0,0,0.139,0,0,763.828,0,86.9,86.4,85.5,77.7,0.1,0,0,0,0,0,0,6.1,0,0,0,0,0,0,0,0,0,0,0,0,0,0,0,0,0,0,0,0,0,0,0,0,0,0,0,0,0
19=18624,0,85.6,0,0,0,0.139,0,0,763.828,0,86.9,86.4,85.5,77.7,0.1,0,0,0,0,0,0,6.1,0,0,0,0,0,0,0,0,0,0,0,0,0,0,0,0,0,0,0,0,0,0,0,0,0,0,0,0,0
20=19031,0,85.5,0,0,0,0.082,0,0,763.828,0,86.8,86.3,85.4,77.5,0.1,0,0,0,0,0,0,6.1,0,0,0,0,0,0,0,0,0,0,0,0,0,0,0,0,0,0,0,0,0,0,0,0,0,0,0,0,0
21=19031,0,85.5,0,0,0,0.082,0,0,763.828,0,86.8,86.3,85.4,77.5,0.1,0,0,0,0,0,0,6.1,0,0,0,0,0,0,0,0,0,0,0,0,0,0,0,0,0,0,0,0,0,0,0,0,0,0,0,0,0
22=19450,0,85.4,0,0,0,0.082,0,0,763.828,0,86.7,86.2,85.3,77.4,0.1,0,0,0,0,0,0,6.1,0,0,0,0,0,0,0,0,0,0,0,0,0,0,0,0,0,0,0,0,0,0,0,0,0,0,0,0,0
23=19450,0,85.4,0,0,0,0.082,0,0,763.828,0,86.7,86.2,85.3,77.4,0.1,0,0,0,0,0,0,6.1,0,0,0,0,0,0,0,0,0,0,0,0,0,0,0,0,0,0,0,0,0,0,0,0,0,0,0,0,0
24=19871,0,85.3,0,0,0,0.082,0,0,763.828,0,86.5,86,85.2,77.3,0.1,0,0,0,0,0,0,6.1,0,0,0,0,0,0,0,0,0,0,0,0,0,0,0,0,0,0,0,0,0,0,0,0,0,0,0,0,0
25=19871,0,85.3,0,0,0,0.082,0,0,763.828,0,86.5,86,85.2,77.3,0.1,0,0,0,0,0,0,6.1,0,0,0,0,0,0,0,0,0,0,0,0,0,0,0,0,0,0,0,0,0,0,0,0,0,0,0,0,0
26=20284,0,85.2,0,0,0,0.082,0,0,763.828,0,86.4,85.9,85,77.2,0.1,0,0,0,0,0.5,0,6.1,0,0,0,0,0,0,0,0,0,0,0,0,0,0,0,0,0,0,0,0,0,0,0,0,0,0,0,0,0
27=20284,0,85.2,0,0,0,0.082,0,0,763.828,0,86.4,85.9,85,77.2,0.1,0,0,0,0,0.5,0,6.1,0,0,0,0,0,0,0,0,0,0,0,0,0,0,0,0,0,0,0,0,0,0,0,0,0,0,0,0,0
28=20663,0,85,0,0,0,0.002,0,0,763.828,0,86.3,85.8,84.9,77.1,0.1,0,0,0,0,0.5,0,6.1,0,0,0,0,0,0,0,0,0,0,0,0,0,0,0,0,0,0,0,0,0,0,0,0,0,0,0,0,0
29=20663,0,85,0,0,0,0.002,0,0,763.828,0,86.3,85.8,84.9,77.1,0.1,0,0,0,0,0.5,0,6.1,0,0,0,0,0,0,0,0,0,0,0,0,0,0,0,0,0,0,0,0,0,0,0,0,0,0,0,0,0
30=21066,0,85,0,0,0,0.002,0,0,763.828,0,86.2,85.7,84.9,77,0.1,0,0,0,0,0.5,0,6.1,0,0,0,0,0,0,0,0,0,0,0,0,0,0,0,0,0,0,0,0,0,0,0,0,0,0,0,0,0
31=21066,0,85,0,0,0,0.002,0,0,763.828,0,86.2,85.7,84.9,77,0.1,0,0,0,0,0.5,0,6.1,0,0,0,0,0,0,0,0,0,0,0,0,0,0,0,0,0,0,0,0,0,0,0,0,0,0,0,0,0
32=21474,0,84.9,0,0,0,0.002,0,0,763.828,0,86.1,85.6,84.7,76.9,0.1,0,0,0,0,0.5,0,6.1,0,0,0,0,0,0,0,0,0,0,0,0,0,0,0,0,0,0,0,0,0,0,0,0,0,0,0,0,0
33=21474,0,84.9,0,0,0,0.002,0,0,763.828,0,86.1,85.6,84.7,76.9,0.1,0,0,0,0,0.5,0,6.1,0,0,0,0,0,0,0,0,0,0,0,0,0,0,0,0,0,0,0,0,0,0,0,0,0,0,0,0,0
34=21892,0,84.8,0,0,0,0.002,0,0,763.828,0,86,85.5,84.6,76.8,0.1,0,0,0,0,0.5,0,6.1,0,0,0,0,0,0,0,0,0,0,0,0,0,0,0,0,0,0,0,0,0,0,0,0,0,0,0,0,0
35=21892,0,84.8,0,0,0,0.002,0,0,763.828,0,86,85.5,84.6,76.8,0.1,0,0,0,0,0.5,0,6.1,0,0,0,0,0,0,0,0,0,0,0,0,0,0,0,0,0,0,0,0,0,0,0,0,0,0,0,0,0
36=22302,0,84.6,0,0,0,0,0,0,763.828,0,85.9,85.3,84.5,76.7,0.1,0,0,0,0,0.5,0,6.1,0,0,0,0,0,0,0,0,0,0,0,0,0,0,0,0,0,0,0,0,0,0,0,0,0,0,0,0,0
37=22302,0,84.6,0,0,0,0,0,0,763.828,0,85.9,85.3,84.5,76.7,0.1,0,0,0,0,0.5,0,6.1,0,0,0,0,0,0,0,0,0,0,0,0,0,0,0,0,0,0,0,0,0,0,0,0,0,0,0,0,0
38=22726,0,84.5,0,0,0,0,0,0,763.828,0,85.8,85.2,84.4,76.6,0.1,0,0,0,0,0.5,0,6.1,0,0,0,0,0,0,0,0,0,0,0,0,0,0,0,0,0,0,0,0,0,0,0,0,0,0,0,0,0
39=22726,0,84.5,0,0,0,0,0,0,763.828,0,85.8,85.2,84.4,76.6,0.1,0,0,0,0,0.5,0,6.1,0,0,0,0,0,0,0,0,0,0,0,0,0,0,0,0,0,0,0,0,0,0,0,0,0,0,0,0,0
40=23146,0,84.4,0,0,0,0,0,0,763.828,0,85.7,85.1,84.3,76.5,0.1,0,0,0,0,0.5,0,6.1,0,0,0,0,0,0,0,0,0,0,0,0,0,0,0,0,0,0,0,0,0,0,0,0,0,0,0,0,0
41=23146,0,84.4,0,0,0,0,0,0,763.828,0,85.7,85.1,84.3,76.5,0.1,0,0,0,0,0.5,0,6.1,0,0,0,0,0,0,0,0,0,0,0,0,0,0,0,0,0,0,0,0,0,0,0,0,0,0,0,0,0
42=23563,0,84.3,0,0,0,0,0,0,763.828,0,85.6,85,84.2,76.4,0.1,0,0,0,0,0.5,0,6.1,0,0,0,0,0,0,0,0,0,0,0,0,0,0,0,0,0,0,0,0,0,0,0,0,0,0,0,0,0
43=23563,0,84.3,0,0,0,0,0,0,763.828,0,85.6,85,84.2,76.4,0.1,0,0,0,0,0.5,0,6.1,0,0,0,0,0,0,0,0,0,0,0,0,0,0,0,0,0,0,0,0,0,0,0,0,0,0,0,0,0
44=23980,0,84.2,0,0,0,0,0,0,763.828,0,85.5,84.8,84.1,76.3,0.1,0,0,0,0,0.5,0,6.1,0,0,0,0,0,0,0,0,0,0,0,0,0,0,0,0,0,0,0,0,0,0,0,0,0,0,0,0,0
45=23980,0,84.2,0,0,0,0,0,0,763.828,0,85.5,84.8,84.1,76.3,0.1,0,0,0,0,0.5,0,6.1,0,0,0,0,0,0,0,0,0,0,0,0,0,0,0,0,0,0,0,0,0,0,0,0,0,0,0,0,0
46=24397,0,84.1,0,0,0,0,0,0,763.828,0,85.3,84.7,84,76.2,0.1,0,0,0,0,0.5,0,6.1,0,0,0,0,0,0,0,0,0,0,0,0,0,0,0,0,0,0,0,0,0,0,0,0,0,0,0,0,0
47=24397,0,84.1,0,0,0,0,0,0,763.828,0,85.3,84.7,84,76.2,0.1,0,0,0,0,0.5,0,6.1,0,0,0,0,0,0,0,0,0,0,0,0,0,0,0,0,0,0,0,0,0,0,0,0,0,0,0,0,0
48=24784,0,84,0,0,0,0,0,0,763.828,0,85.2,84.6,83.8,76.1,0.1,0,0,0,0,0.5,0,6.1,0,0,0,0,0,0,0,0,0,0,0,0,0,0,0,0,0,0,0,0,0,0,0,0,0,0,0,0,0
49=24784,0,84,0,0,0,0,0,0,763.828,0,85.2,84.6,83.8,76.1,0.1,0,0,0,0,0.5,0,6.1,0,0,0,0,0,0,0,0,0,0,0,0,0,0,0,0,0,0,0,0,0,0,0,0,0,0,0,0,0
50=25189,0,83.9,0,0,0,0,0,0,763.828,0,85.1,84.5,83.7,76,0.1,0,0,0,0,0.5,0,6.1,0,0,0,0,0,0,0,0,0,0,0,0,0,0,0,0,0,0,0,0,0,0,0,0,0,0,0,0,0
51=25189,0,83.9,0,0,0,0,0,0,763.828,0,85.1,84.5,83.7,76,0.1,0,0,0,0,0.5,0,6.1,0,0,0,0,0,0,0,0,0,0,0,0,0,0,0,0,0,0,0,0,0,0,0,0,0,0,0,0,0
52=25585,0,83.8,0,0,0,0,0,0,763.828,0,85,84.4,83.6,76,0.1,0,0,0,0,0.5,0,6.1,0,0,0,0,0,0,0,0,0,0,0,0,0,0,0,0,0,0,0,0,0,0,0,0,0,0,0,0,0
53=25585,0,83.8,0,0,0,0,0,0,763.828,0,85,84.4,83.6,76,0.1,0,0,0,0,0.5,0,6.1,0,0,0,0,0,0,0,0,0,0,0,0,0,0,0,0,0,0,0,0,0,0,0,0,0,0,0,0,0
54=26001,0,83.7,0,0,0,0,0,0,763.828,0,84.9,84.2,83.5,75.8,0.1,0,0,0,0,0.5,0,6.1,0,0,0,0,0,0,0,0,0,0,0,0,0,0,0,0,0,0,0,0,0,0,0,0,0,0,0,0,0
55=26001,0,83.7,0,0,0,0,0,0,763.828,0,84.9,84.2,83.5,75.8,0.1,0,0,0,0,0.5,0,6.1,0,0,0,0,0,0,0,0,0,0,0,0,0,0,0,0,0,0,0,0,0,0,0,0,0,0,0,0,0
56=26408,0,83.6,0,0,0,0,0,0,763.828,0,84.8,84.1,83.4,75.8,0.1,0,0,0,0,0.5,0,6.1,0,0,0,0,0,0,0,0,0,0,0,0,0,0,0,0,0,0,0,0,0,0,0,0,0,0,0,0,0
57=26408,0,83.6,0,0,0,0,0,0,763.828,0,84.8,84.1,83.4,75.8,0.1,0,0,0,0,0.5,0,6.1,0,0,0,0,0,0,0,0,0,0,0,0,0,0,0,0,0,0,0,0,0,0,0,0,0,0,0,0,0
58=26806,0,83.5,0,0,0,0,0,0,763.828,0,84.7,84,83.3,75.7,0.1,0,0,0,0,0.5,0,6.1,0,0,0,0,0,0,0,0,0,0,0,0,0,0,0,0,0,0,0,0,0,0,0,0,0,0,0,0,0
59=26806,0,83.5,0,0,0,0,0,0,763.828,0,84.7,84,83.3,75.7,0.1,0,0,0,0,0.5,0,6.1,0,0,0,0,0,0,0,0,0,0,0,0,0,0,0,0,0,0,0,0,0,0,0,0,0,0,0,0,0
60=27212,0,83.4,0,0,0,0,0,0,763.828,0,84.6,84,83.2,75.6,0.1,0,0,0,0,0.5,0,6.1,0,0,0,0,0,0,0,0,0,0,0,0,0,0,0,0,0,0,0,0,0,0,0,0,0,0,0,0,0
61=27212,0,83.4,0,0,0,0,0,0,763.828,0,84.6,84,83.2,75.6,0.1,0,0,0,0,0.5,0,6.1,0,0,0,0,0,0,0,0,0,0,0,0,0,0,0,0,0,0,0,0,0,0,0,0,0,0,0,0,0
62=27639,0,83.3,0,0,0,0,0,0,763.828,0,84.5,83.8,83.1,75.5,0.1,0,0,0,0,0.5,0,6,0,0,0,0,0,0,0,0,0,0,0,0,0,0,0,0,0,0,0,0,0,0,0,0,0,0,0,0,0
63=27639,0,83.3,0,0,0,0,0,0,763.828,0,84.5,83.8,83.1,75.5,0.1,0,0,0,0,0.5,0,6,0,0,0,0,0,0,0,0,0,0,0,0,0,0,0,0,0,0,0,0,0,0,0,0,0,0,0,0,0
64=28056,0,83.2,0,0,0,0,0,0,763.828,0,84.4,83.7,83,75.4,0.1,0,0,0,0,0.5,0,6,0,0,0,0,0,0,0,0,0,0,0,0,0,0,0,0,0,0,0,0,0,0,0,0,0,0,0,0,0
65=28056,0,83.2,0,0,0,0,0,0,763.828,0,84.4,83.7,83,75.4,0.1,0,0,0,0,0.5,0,6,0,0,0,0,0,0,0,0,0,0,0,0,0,0,0,0,0,0,0,0,0,0,0,0,0,0,0,0,0
66=28426,0,83.1,0,0,0,0,0,0,763.828,0,84.3,83.6,82.9,75.3,0.1,0,0,0,0,0.5,0,6,0,0,0,0,0,0,0,0,0,0,0,0,0,0,0,0,0,0,0,0,0,0,0,0,0,0,0,0,0
67=28426,0,83.1,0,0,0,0,0,0,763.828,0,84.3,83.6,82.9,75.3,0.1,0,0,0,0,0.5,0,6,0,0,0,0,0,0,0,0,0,0,0,0,0,0,0,0,0,0,0,0,0,0,0,0,0,0,0,0,0
68=28834,0,83,0,0,0,0,0,0,763.828,0,84.2,83.5,82.8,75.2,0.1,0,0,0,0,0.5,0,6,0,0,0,0,0,0,0,0,0,0,0,0,0,0,0,0,0,0,0,0,0,0,0,0,0,0,0,0,0
69=28834,0,83,0,0,0,0,0,0,763.828,0,84.2,83.5,82.8,75.2,0.1,0,0,0,0,0.5,0,6,0,0,0,0,0,0,0,0,0,0,0,0,0,0,0,0,0,0,0,0,0,0,0,0,0,0,0,0,0
70=29247,0,82.9,0,0,0,0,0,0,763.828,0,84.1,83.4,82.7,75.2,0.1,0,0,0,0,0.5,0,6,0,0,0,0,0,0,0,0,0,0,0,0,0,0,0,0,0,0,0,0,0,0,0,0,0,0,0,0,0
71=29247,0,82.9,0,0,0,0,0,0,763.828,0,84.1,83.4,82.7,75.2,0.1,0,0,0,0,0.5,0,6,0,0,0,0,0,0,0,0,0,0,0,0,0,0,0,0,0,0,0,0,0,0,0,0,0,0,0,0,0
72=29648,0,82.8,0,0,0,0,0,0,763.828,0,84,83.3,82.6,75.1,0.1,0,0,0,0,0.5,0,6,0,0,0,0,0,0,0,0,0,0,0,0,0,0,0,0,0,0,0,0,0,0,0,0,0,0,0,0,0
73=29648,0,82.8,0,0,0,0,0,0,763.828,0,84,83.3,82.6,75.1,0.1,0,0,0,0,0.5,0,6,0,0,0,0,0,0,0,0,0,0,0,0,0,0,0,0,0,0,0,0,0,0,0,0,0,0,0,0,0
74=30072,0,82.7,0,0,0,0,0,0,763.828,0,83.9,83.1,82.5,75,0.1,0,0,0,0,0.5,0,6,0,0,0,0,0,0,0,0,0,0,0,0,0,0,0,0,0,0,0,0,0,0,0,0,0,0,0,0,0
75=30072,0,82.7,0,0,0,0,0,0,763.828,0,83.9,83.1,82.5,75,0.1,0,0,0,0,0.5,0,6,0,0,0,0,0,0,0,0,0,0,0,0,0,0,0,0,0,0,0,0,0,0,0,0,0,0,0,0,0
76=30497,0,82.6,0,0,0,0,0,0,763.828,0,83.8,83,82.4,74.9,0.1,0,0,0,0,0.5,0,6,0,0,0,0,0,0,0,0,0,0,0,0,0,0,0,0,0,0,0,0,0,0,0,0,0,0,0,0,0
77=30497,0,82.6,0,0,0,0,0,0,763.828,0,83.8,83,82.4,74.9,0.1,0,0,0,0,0.5,0,6,0,0,0,0,0,0,0,0,0,0,0,0,0,0,0,0,0,0,0,0,0,0,0,0,0,0,0,0,0
78=30906,0,82.5,0,0,0,0,0,0,763.828,0,83.6,82.9,82.3,74.8,0.1,0,0,0,0,0.5,0,6,0,0,0,0,0,0,0,0,0,0,0,0,0,0,0,0,0,0,0,0,0,0,0,0,0,0,0,0,0
79=30906,0,82.5,0,0,0,0,0,0,763.828,0,83.6,82.9,82.3,74.8,0.1,0,0,0,0,0.5,0,6,0,0,0,0,0,0,0,0,0,0,0,0,0,0,0,0,0,0,0,0,0,0,0,0,0,0,0,0,0
80=31308,0,82.4,0,0,0,0,0,0,763.828,0,83.5,82.8,82.1,74.7,0.1,0,0,0,0,0.5,0,6,0,0,0,0,0,0,0,0,0,0,0,0,0,0,0,0,0,0,0,0,0,0,0,0,0,0,0,0,0
81=31308,0,82.4,0,0,0,0,0,0,763.828,0,83.5,82.8,82.1,74.7,0.1,0,0,0,0,0.5,0,6,0,0,0,0,0,0,0,0,0,0,0,0,0,0,0,0,0,0,0,0,0,0,0,0,0,0,0,0,0
82=31724,0,82.3,0,0,0,0,0,0,763.828,0,83.4,82.7,82,74.6,0.1,0,0,0,0,0.5,0,6,0,0,0,0,0,0,0,0,0,0,0,0,0,0,0,0,0,0,0,0,0,0,0,0,0,0,0,0,0
83=31724,0,82.3,0,0,0,0,0,0,763.828,0,83.4,82.7,82,74.6,0.1,0,0,0,0,0.5,0,6,0,0,0,0,0,0,0,0,0,0,0,0,0,0,0,0,0,0,0,0,0,0,0,0,0,0,0,0,0
84=32154,0,82.2,0,0,0,0,0,0,763.828,0,83.3,82.6,81.9,74.5,0.1,0,0,0,0,0.5,0,6,0,0,0,0,0,0,0,0,0,0,0,0,0,0,0,0,0,0,0,0,0,0,0,0,0,0,0,0,0
85=32154,0,82.2,0,0,0,0,0,0,763.828,0,83.3,82.6,81.9,74.5,0.1,0,0,0,0,0.5,0,6,0,0,0,0,0,0,0,0,0,0,0,0,0,0,0,0,0,0,0,0,0,0,0,0,0,0,0,0,0
86=32529,0,82.1,0,0,0,0,0,0,763.828,0,83.2,82.5,81.8,74.4,0.1,0,0,0,0,0.5,0,6.1,0,0,0,0,0,0,0,0,0,0,0,0,0,0,0,0,0,0,0,0,0,0,0,0,0,0,0,0,0
87=32529,0,82.1,0,0,0,0,0,0,763.828,0,83.2,82.5,81.8,74.4,0.1,0,0,0,0,0.5,0,6.1,0,0,0,0,0,0,0,0,0,0,0,0,0,0,0,0,0,0,0,0,0,0,0,0,0,0,0,0,0
88=32927,0,82,0,0,0,0,0,0,763.828,0,83.1,82.4,81.7,74.3,0.1,0,0,0,0,0.5,0,6,0,0,0,0,0,0,0,0,0,0,0,0,0,0,0,0,0,0,0,0,0,0,0,0,0,0,0,0,0
89=32927,0,82,0,0,0,0,0,0,763.828,0,83.1,82.4,81.7,74.3,0.1,0,0,0,0,0.5,0,6,0,0,0,0,0,0,0,0,0,0,0,0,0,0,0,0,0,0,0,0,0,0,0,0,0,0,0,0,0
90=33339,0,82,0,0,0,0,0,0,763.828,0,83.1,82.3,81.7,74.3,0.1,0,0,0,0,0.5,0,6,0,0,0,0,0,0,0,0,0,0,0,0,0,0,0,0,0,0,0,0,0,0,0,0,0,0,0,0,0
91=33339,0,82,0,0,0,0,0,0,763.828,0,83.1,82.3,81.7,74.3,0.1,0,0,0,0,0.5,0,6,0,0,0,0,0,0,0,0,0,0,0,0,0,0,0,0,0,0,0,0,0,0,0,0,0,0,0,0,0
92=33746,0,81.9,0,0,0,0,0,0,763.828,0,83,82.2,81.6,74.2,0.1,0,0,0,0,0.5,0,6,0,0,0,0,0,0,0,0,0,0,0,0,0,0,0,0,0,0,0,0,0,0,0,0,0,0,0,0,0
93=33746,0,81.9,0,0,0,0,0,0,763.828,0,83,82.2,81.6,74.2,0.1,0,0,0,0,0.5,0,6,0,0,0,0,0,0,0,0,0,0,0,0,0,0,0,0,0,0,0,0,0,0,0,0,0,0,0,0,0
94=34146,0,81.8,0,0,0,0,0,0,763.828,0,82.9,82.1,81.5,74.1,0.1,0,0,0,0,0.5,0,6,0,0,0,0,0,0,0,0,0,0,0,0,0,0,0,0,0,0,0,0,0,0,0,0,0,0,0,0,0
95=34146,0,81.8,0,0,0,0,0,0,763.828,0,82.9,82.1,81.5,74.1,0.1,0,0,0,0,0.5,0,6,0,0,0,0,0,0,0,0,0,0,0,0,0,0,0,0,0,0,0,0,0,0,0,0,0,0,0,0,0
96=34562,0,81.7,0,0,0,0,0,0,763.828,0,82.8,82,81.4,74,0.1,0,0,0,0,0.5,0,6,0,0,0,0,0,0,0,0,0,0,0,0,0,0,0,0,0,0,0,0,0,0,0,0,0,0,0,0,0
97=34562,0,81.7,0,0,0,0,0,0,763.828,0,82.8,82,81.4,74,0.1,0,0,0,0,0.5,0,6,0,0,0,0,0,0,0,0,0,0,0,0,0,0,0,0,0,0,0,0,0,0,0,0,0,0,0,0,0
98=34964,0,81.6,0,0,0,0,0,0,763.828,0,82.7,81.9,81.3,74,0.1,0,0,0,0,0.5,0,6,0,0,0,0,0,0,0,0,0,0,0,0,0,0,0,0,0,0,0,0,0,0,0,0,0,0,0,0,0
99=34964,0,81.6,0,0,0,0,0,0,763.828,0,82.7,81.9,81.3,74,0.1,0,0,0,0,0.5,0,6,0,0,0,0,0,0,0,0,0,0,0,0,0,0,0,0,0,0,0,0,0,0,0,0,0,0,0,0,0
100=35389,0,81.5,0,0,0,0,0,0,763.828,0,82.6,81.8,81.2,73.9,0.1,0,0,0,0,0.5,0,6,0,0,0,0,0,0,0,0,0,0,0,0,0,0,0,0,0,0,0,0,0,0,0,0,0,0,0,0,0
101=35389,0,81.5,0,0,0,0,0,0,763.828,0,82.6,81.8,81.2,73.9,0.1,0,0,0,0,0.5,0,6,0,0,0,0,0,0,0,0,0,0,0,0,0,0,0,0,0,0,0,0,0,0,0,0,0,0,0,0,0
102=35804,0,81.4,0,0,0,0,0,0,763.828,0,82.5,81.7,81.1,73.8,0.1,0,0,0,0,0.5,0,6,0,0,0,0,0,0,0,0,0,0,0,0,0,0,0,0,0,0,0,0,0,0,0,0,0,0,0,0,0
103=35804,0,81.4,0,0,0,0,0,0,763.828,0,82.5,81.7,81.1,73.8,0.1,0,0,0,0,0.5,0,6,0,0,0,0,0,0,0,0,0,0,0,0,0,0,0,0,0,0,0,0,0,0,0,0,0,0,0,0,0
104=36190,0,81.3,0,0,0,0,0,0,763.828,0,82.4,81.6,81,73.7,0.1,0,0,0,0,0.5,0,6,0,0,0,0,0,0,0,0,0,0,0,0,0,0,0,0,0,0,0,0,0,0,0,0,0,0,0,0,0
105=36190,0,81.3,0,0,0,0,0,0,763.828,0,82.4,81.6,81,73.7,0.1,0,0,0,0,0.5,0,6,0,0,0,0,0,0,0,0,0,0,0,0,0,0,0,0,0,0,0,0,0,0,0,0,0,0,0,0,0
106=36591,0,81.2,0,0,0,0,0,0,763.828,0,82.3,81.5,80.9,73.6,0.1,0,0,0,0,0.5,0,6,0,0,0,0,0,0,0,0,0,0,0,0,0,0,0,0,0,0,0,0,0,0,0,0,0,0,0,0,0
107=36591,0,81.2,0,0,0,0,0,0,763.828,0,82.3,81.5,80.9,73.6,0.1,0,0,0,0,0.5,0,6,0,0,0,0,0,0,0,0,0,0,0,0,0,0,0,0,0,0,0,0,0,0,0,0,0,0,0,0,0
108=36994,0,81.1,0,0,0,0,0,0,763.828,0,82.2,81.4,80.8,73.6,0.1,0,0,0,0,0.5,0,6,0,0,0,0,0,0,0,0,0,0,0,0,0,0,0,0,0,0,0,0,0,0,0,0,0,0,0,0,0
109=36994,0,81.1,0,0,0,0,0,0,763.828,0,82.2,81.4,80.8,73.6,0.1,0,0,0,0,0.5,0,6,0,0,0,0,0,0,0,0,0,0,0,0,0,0,0,0,0,0,0,0,0,0,0,0,0,0,0,0,0
110=37396,0,81,0,0,0,0,0,0,763.828,0,82.1,81.3,80.7,73.5,0.1,0,0,0,0,0.5,0,6.1,0,0,0,0,0,0,0,0,0,0,0,0,0,0,0,0,0,0,0,0,0,0,0,0,0,0,0,0,0
111=37396,0,81,0,0,0,0,0,0,763.828,0,82.1,81.3,80.7,73.5,0.1,0,0,0,0,0.5,0,6.1,0,0,0,0,0,0,0,0,0,0,0,0,0,0,0,0,0,0,0,0,0,0,0,0,0,0,0,0,0
112=37802,0,81,0,0,0,0,0,0,763.828,0,82,81.2,80.6,73.4,0.1,0,0,0,0,0.5,0,6,0,0,0,0,0,0,0,0,0,0,0,0,0,0,0,0,0,0,0,0,0,0,0,0,0,0,0,0,0
113=37802,0,81,0,0,0,0,0,0,763.828,0,82,81.2,80.6,73.4,0.1,0,0,0,0,0.5,0,6,0,0,0,0,0,0,0,0,0,0,0,0,0,0,0,0,0,0,0,0,0,0,0,0,0,0,0,0,0
114=38231,0,80.9,0,0,0,0,0,0,763.828,0,81.9,81.1,80.5,73.4,0.1,0,0,0,0,0.5,0,6,0,0,0,0,0,0,0,0,0,0,0,0,0,0,0,0,0,0,0,0,0,0,0,0,0,0,0,0,0
115=38231,0,80.9,0,0,0,0,0,0,763.828,0,81.9,81.1,80.5,73.4,0.1,0,0,0,0,0.5,0,6,0,0,0,0,0,0,0,0,0,0,0,0,0,0,0,0,0,0,0,0,0,0,0,0,0,0,0,0,0
116=38647,0,80.8,0,0,0,0,0,0,763.828,0,81.8,81,80.5,73.3,0.1,0,0,0,0,0.5,0,6,0,0,0,0,0,0,0,0,0,0,0,0,0,0,0,0,0,0,0,0,0,0,0,0,0,0,0,0,0
117=38647,0,80.8,0,0,0,0,0,0,763.828,0,81.8,81,80.5,73.3,0.1,0,0,0,0,0.5,0,6,0,0,0,0,0,0,0,0,0,0,0,0,0,0,0,0,0,0,0,0,0,0,0,0,0,0,0,0,0
118=39029,0,80.7,0,0,0,0,0,0,763.828,0,81.7,80.9,80.4,73.2,0.1,0,0,0,0,0.5,0,6,0,0,0,0,0,0,0,0,0,0,0,0,0,0,0,0,0,0,0,0,0,0,0,0,0,0,0,0,0
119=39029,0,80.7,0,0,0,0,0,0,763.828,0,81.7,80.9,80.4,73.2,0.1,0,0,0,0,0.5,0,6,0,0,0,0,0,0,0,0,0,0,0,0,0,0,0,0,0,0,0,0,0,0,0,0,0,0,0,0,0
120=39435,0,80.6,0,0,0,0,0,0,763.828,0,81.6,80.8,80.3,73.1,0.1,0,0,0,0,0.5,0,6,0,0,0,0,0,0,0,0,0,0,0,0,0,0,0,0,0,0,0,0,0,0,0,0,0,0,0,0,0
121=39435,0,80.6,0,0,0,0,0,0,763.828,0,81.6,80.8,80.3,73.1,0.1,0,0,0,0,0.5,0,6,0,0,0,0,0,0,0,0,0,0,0,0,0,0,0,0,0,0,0,0,0,0,0,0,0,0,0,0,0
122=39837,0,80.5,0,0,0,0,0,0,763.828,0,81.5,80.7,80.2,73,0.1,0,0,0,0,0.5,0,6,0,0,0,0,0,0,0,0,0,0,0,0,0,0,0,0,0,0,0,0,0,0,0,0,0,0,0,0,0
123=39837,0,80.5,0,0,0,0,0,0,763.828,0,81.5,80.7,80.2,73,0.1,0,0,0,0,0.5,0,6,0,0,0,0,0,0,0,0,0,0,0,0,0,0,0,0,0,0,0,0,0,0,0,0,0,0,0,0,0
124=40238,0,80.5,0,0,0,0,0,0,763.828,0,81.5,80.6,80.1,73,0.1,0,0,0,0,0.5,0,6,0,0,0,0,0,0,0,0,0,0,0,0,0,0,0,0,0,0,0,0,0,0,0,0,0,0,0,0,0
125=40238,0,80.5,0,0,0,0,0,0,763.828,0,81.5,80.6,80.1,73,0.1,0,0,0,0,0.5,0,6,0,0,0,0,0,0,0,0,0,0,0,0,0,0,0,0,0,0,0,0,0,0,0,0,0,0,0,0,0
126=40657,0,80.4,0,0,0,0,0,0,763.828,0,81.4,80.5,80,72.9,0.1,0,0,0,0,0.5,0,6.1,0,0,0,0,0,0,0,0,0,0,0,0,0,0,0,0,0,0,0,0,0,0,0,0,0,0,0,0,0
127=40657,0,80.4,0,0,0,0,0,0,763.828,0,81.4,80.5,80,72.9,0.1,0,0,0,0,0.5,0,6.1,0,0,0,0,0,0,0,0,0,0,0,0,0,0,0,0,0,0,0,0,0,0,0,0,0,0,0,0,0
128=41063,0,80.3,0,0,0,0,0,0,763.828,0,81.3,80.4,79.9,72.8,0.1,0,0,0,0,0.5,0,6,0,0,0,0,0,0,0,0,0,0,0,0,0,0,0,0,0,0,0,0,0,0,0,0,0,0,0,0,0
129=41063,0,80.3,0,0,0,0,0,0,763.828,0,81.3,80.4,79.9,72.8,0.1,0,0,0,0,0.5,0,6,0,0,0,0,0,0,0,0,0,0,0,0,0,0,0,0,0,0,0,0,0,0,0,0,0,0,0,0,0
130=41457,0,80.2,0,0,0,0,0,0,763.828,0,81.2,80.3,79.8,72.8,0.1,0,0,0,0,0.5,0,6,0,0,0,0,0,0,0,0,0,0,0,0,0,0,0,0,0,0,0,0,0,0,0,0,0,0,0,0,0
131=41457,0,80.2,0,0,0,0,0,0,763.828,0,81.2,80.3,79.8,72.8,0.1,0,0,0,0,0.5,0,6,0,0,0,0,0,0,0,0,0,0,0,0,0,0,0,0,0,0,0,0,0,0,0,0,0,0,0,0,0
132=41888,0,80.1,0,0,0,0,0,0,763.828,0,81.1,80.2,79.7,72.7,0.1,0,0,0,0,0.5,0,6,0,0,0,0,0,0,0,0,0,0,0,0,0,0,0,0,0,0,0,0,0,0,0,0,0,0,0,0,0
133=41888,0,80.1,0,0,0,0,0,0,763.828,0,81.1,80.2,79.7,72.7,0.1,0,0,0,0,0.5,0,6,0,0,0,0,0,0,0,0,0,0,0,0,0,0,0,0,0,0,0,0,0,0,0,0,0,0,0,0,0
134=42314,0,80,0,0,0,0,0,0,763.828,0,81,80.1,79.6,72.6,0.1,0,0,0,0,0.5,0,6,0,0,0,0,0,0,0,0,0,0,0,0,0,0,0,0,0,0,0,0,0,0,0,0,0,0,0,0,0
135=42314,0,80,0,0,0,0,0,0,763.828,0,81,80.1,79.6,72.6,0.1,0,0,0,0,0.5,0,6,0,0,0,0,0,0,0,0,0,0,0,0,0,0,0,0,0,0,0,0,0,0,0,0,0,0,0,0,0
136=42685,0.03,79.9,0,0,0,0,0,0,763.828,0,80.9,80.1,79.5,72.6,0.1,0.03,0,0.02,0.1,0.57,0,6,0,0,0,0,0,0,0,0,0,0,0,0,0,0,0,0,0,0,0,0,0,0,0,0,0,0,0,0,0
137=42685,0.03,79.9,0,0,0,0,0,0,763.828,0,80.9,80.1,79.5,72.6,0.1,0.03,0,0.02,0.1,0.57,0,6,0,0,0,0,0,0,0,0,0,0,0,0,0,0,0,0,0,0,0,0,0,0,0,0,0,0,0,0,0
138=43089,0.22,79.8,0,0,0,0,0,0,763.828,0,80.8,80,79.5,72.5,0.1,0.22,0.09,0.21,0.3,0.7,0,6.1,0,0,0,0,0,0,0,0,0,0,0,0,0,0,0,0,0,0,0,0,0,0,0,0,0,0,0,0,0
139=43089,0.22,79.8,0,0,0,0,0,0,763.828,0,80.8,80,79.5,72.5,0.1,0.22,0.09,0.21,0.3,0.7,0,6.1,0,0,0,0,0,0,0,0,0,0,0,0,0,0,0,0,0,0,0,0,0,0,0,0,0,0,0,0,0
140=43497,0.41,79.8,0,0,0,0,0,0,763.828,0,80.7,79.9,79.4,72.4,0.1,0.41,0.28,0.41,0.49,0.84,0,6.1,0,0,0,0,0,0,0,0,0,0,0,0,0,0,0,0,0,0,0,0,0,0,0,0,0,0,0,0,0
141=43497,0.41,79.8,0,0,0,0,0,0,763.828,0,80.7,79.9,79.4,72.4,0.1,0.41,0.28,0.41,0.49,0.84,0,6.1,0,0,0,0,0,0,0,0,0,0,0,0,0,0,0,0,0,0,0,0,0,0,0,0,0,0,0,0,0
142=43895,0.51,79.7,0,0,0,0,0,0,763.828,0,80.7,79.8,79.3,72.4,0.1,0.51,0.38,0.51,0.59,0.9,0,6.1,0,0,0,0,0,0,0,0,0,0,0,0,0,0,0,0,0,0,0,0,0,0,0,0,0,0,0,0,0
143=43895,0.51,79.7,0,0,0,0,0,0,763.828,0,80.7,79.8,79.3,72.4,0.1,0.51,0.38,0.51,0.59,0.9,0,6.1,0,0,0,0,0,0,0,0,0,0,0,0,0,0,0,0,0,0,0,0,0,0,0,0,0,0,0,0,0
144=44302,0.72,79.6,0,0,0,0,0,0,763.828,0,80.6,79.7,79.2,72.3,0.1,0.72,0.58,0.72,0.81,1.04,0,6.1,0,0,0,0,0,0,0,0,0,0,0,0,0,0,0,0,0,0,0,0,0,0,0,0,0,0,0,0,0
145=44302,0.72,79.6,0,0,0,0,0,0,763.828,0,80.6,79.7,79.2,72.3,0.1,0.72,0.58,0.72,0.81,1.04,0,6.1,0,0,0,0,0,0,0,0,0,0,0,0,0,0,0,0,0,0,0,0,0,0,0,0,0,0,0,0,0
146=44717,0.94,79.6,0,0,0,0,0,0,763.828,0,80.5,79.6,79.2,72.2,0.1,0.94,0.8,0.95,1.04,1.2,0,6.1,0,0,0,0,0,0,0,0,0,0,0,0,0,0,0,0,0,0,0,0,0,0,0,0,0,0,0,0,0
147=44717,0.94,79.6,0,0,0,0,0,0,763.828,0,80.5,79.6,79.2,72.2,0.1,0.94,0.8,0.95,1.04,1.2,0,6.1,0,0,0,0,0,0,0,0,0,0,0,0,0,0,0,0,0,0,0,0,0,0,0,0,0,0,0,0,0
148=45117,1.18,79.5,0,0,0,0,0,0,763.828,0,80.4,79.5,79.1,72.2,0.1,1.18,1.02,1.19,1.28,1.36,0,6.1,0,0,0,0,0,0,0,0,0,0,0,0,0,0,0,0,0,0,0,0,0,0,0,0,0,0,0,0,0
149=45117,1.18,79.5,0,0,0,0,0,0,763.828,0,80.4,79.5,79.1,72.2,0.1,1.18,1.02,1.19,1.28,1.36,0,6.1,0,0,0,0,0,0,0,0,0,0,0,0,0,0,0,0,0,0,0,0,0,0,0,0,0,0,0,0,0
150=45524,1.4,79.4,0,0,0,0,0,0,763.828,0,80.3,79.5,79,72.1,0.1,1.4,1.25,1.42,1.52,1.5,0,6.1,0,0,0,0,0,0,0,0,0,0,0,0,0,0,0,0,0,0,0,0,0,0,0,0,0,0,0,0,0
151=45524,1.4,79.4,0,0,0,0,0,0,763.828,0,80.3,79.5,79,72.1,0.1,1.4,1.25,1.42,1.52,1.5,0,6.1,0,0,0,0,0,0,0,0,0,0,0,0,0,0,0,0,0,0,0,0,0,0,0,0,0,0,0,0,0
152=45928,1.65,79.3,0,0,0,0,0,0,763.828,0,80.3,79.4,78.9,72.1,0.1,1.65,1.48,1.67,1.76,1.66,0,6.1,0,0,0,0,0,0,0,0,0,0,0,0,0,0,0,0,0,0,0,0,0,0,0,0,0,0,0,0,0
153=45928,1.65,79.3,0,0,0,0,0,0,763.828,0,80.3,79.4,78.9,72.1,0.1,1.65,1.48,1.67,1.76,1.66,0,6.1,0,0,0,0,0,0,0,0,0,0,0,0,0,0,0,0,0,0,0,0,0,0,0,0,0,0,0,0,0
154=46336,1.9,79.2,0,0,0,0,0,0,763.828,0,80.2,79.3,78.8,72.1,0.1,1.9,1.73,1.92,2.02,1.82,0,6,0,0,0,0,0,0,0,0,0,0,0,0,0,0,0,0,0,0,0,0,0,0,0,0,0,0,0,0,0
155=46336,1.9,79.2,0,0,0,0,0,0,763.828,0,80.2,79.3,78.8,72.1,0.1,1.9,1.73,1.92,2.02,1.82,0,6,0,0,0,0,0,0,0,0,0,0,0,0,0,0,0,0,0,0,0,0,0,0,0,0,0,0,0,0,0
156=46762,2.15,79.2,0,0,0,0,0,0,763.828,0,80.1,79.2,78.8,72.1,0.1,2.15,1.97,2.18,2.28,1.97,0,6.1,0,0,0,0,0,0,0,0,0,0,0,0,0,0,0,0,0,0,0,0,0,0,0,0,0,0,0,0,0
157=46762,2.15,79.2,0,0,0,0,0,0,763.828,0,80.1,79.2,78.8,72.1,0.1,2.15,1.97,2.18,2.28,1.97,0,6.1,0,0,0,0,0,0,0,0,0,0,0,0,0,0,0,0,0,0,0,0,0,0,0,0,0,0,0,0,0
158=47160,2.4,79.1,0,0,0,0,0,0,763.828,0,80,79.1,78.7,72.2,0.1,2.4,2.22,2.43,2.53,2.11,0,6.1,0,0,0,0,0,0,0,0,0,0,0,0,0,0,0,0,0,0,0,0,0,0,0,0,0,0,0,0,0
159=47160,2.4,79.1,0,0,0,0,0,0,763.828,0,80,79.1,78.7,72.2,0.1,2.4,2.22,2.43,2.53,2.11,0,6.1,0,0,0,0,0,0,0,0,0,0,0,0,0,0,0,0,0,0,0,0,0,0,0,0,0,0,0,0,0
160=47583,2.66,79,0,0,0,0,0,0,763.828,0,80,79.1,78.6,72.4,0.1,2.66,2.48,2.71,2.8,2.24,0,6.1,0,0,0,0,0,0,0,0,0,0,0,0,0,0,0,0,0,0,0,0,0,0,0,0,0,0,0,0,0
161=47583,2.66,79,0,0,0,0,0,0,763.828,0,80,79.1,78.6,72.4,0.1,2.66,2.48,2.71,2.8,2.24,0,6.1,0,0,0,0,0,0,0,0,0,0,0,0,0,0,0,0,0,0,0,0,0,0,0,0,0,0,0,0,0
162=48023,2.94,79,0,0,0,0,0,0,763.828,0,79.9,79,78.6,72.7,0.1,2.94,2.75,2.99,3.08,2.34,0,6.1,0,0,0,0,0,0,0,0,0,0,0,0,0,0,0,0,0,0,0,0,0,0,0,0,0,0,0,0,0
163=48023,2.94,79,0,0,0,0,0,0,763.828,0,79.9,79,78.6,72.7,0.1,2.94,2.75,2.99,3.08,2.34,0,6.1,0,0,0,0,0,0,0,0,0,0,0,0,0,0,0,0,0,0,0,0,0,0,0,0,0,0,0,0,0
164=48446,3.22,78.9,0,0,0,0,0,0,763.828,0,79.9,78.9,78.6,73.2,0.1,3.22,3.03,3.28,3.35,2.41,0,6.1,0,0,0,0,0,0,0,0,0,0,0,0,0,0,0,0,0,0,0,0,0,0,0,0,0,0,0,0,0
165=48446,3.22,78.9,0,0,0,0,0,0,763.828,0,79.9,78.9,78.6,73.2,0.1,3.22,3.03,3.28,3.35,2.41,0,6.1,0,0,0,0,0,0,0,0,0,0,0,0,0,0,0,0,0,0,0,0,0,0,0,0,0,0,0,0,0
166=48863,3.48,78.9,0,0,0,0,0,0,763.828,0,79.9,78.9,78.6,74,0.1,3.48,3.28,3.56,3.6,2.43,0,6.1,0,0,0,0,0,0,0,0,0,0,0,0,0,0,0,0,0,0,0,0,0,0,0,0,0,0,0,0,0
167=48863,3.48,78.9,0,0,0,0,0,0,763.828,0,79.9,78.9,78.6,74,0.1,3.48,3.28,3.56,3.6,2.43,0,6.1,0,0,0,0,0,0,0,0,0,0,0,0,0,0,0,0,0,0,0,0,0,0,0,0,0,0,0,0,0
168=49297,3.74,79,0,0,0,0,0,0,763.828,0,79.9,78.9,78.7,75.1,0.1,3.74,3.53,3.83,3.84,2.4,0,6.1,0,0,0,0,0,0,0,0,0,0,0,0,0,0,0,0,0,0,0,0,0,0,0,0,0,0,0,0,0
169=49297,3.74,79,0,0,0,0,0,0,763.828,0,79.9,78.9,78.7,75.1,0.1,3.74,3.53,3.83,3.84,2.4,0,6.1,0,0,0,0,0,0,0,0,0,0,0,0,0,0,0,0,0,0,0,0,0,0,0,0,0,0,0,0,0
170=49714,3.97,79.1,0,0,0,0,0,0,763.828,0,80,79,78.9,76.5,0.1,3.97,3.76,4.08,4.05,2.31,0,6.1,0,0,0,0,0,0,0,0,0,0,0,0,0,0,0,0,0,0,0,0,0,0,0,0,0,0,0,0,0
171=49714,3.97,79.1,0,0,0,0,0,0,763.828,0,80,79,78.9,76.5,0.1,3.97,3.76,4.08,4.05,2.31,0,6.1,0,0,0,0,0,0,0,0,0,0,0,0,0,0,0,0,0,0,0,0,0,0,0,0,0,0,0,0,0
172=50132,4.17,79.3,0,0,0,0,0,0,763.828,0,80.2,79.1,79.1,78.3,0.1,4.17,3.95,4.32,4.23,2.18,0,6.2,0,0,0,0,0,0,0,0,0,0,0,0,0,0,0,0,0,0,0,0,0,0,0,0,0,0,0,0,0
173=50132,4.17,79.3,0,0,0,0,0,0,763.828,0,80.2,79.1,79.1,78.3,0.1,4.17,3.95,4.32,4.23,2.18,0,6.2,0,0,0,0,0,0,0,0,0,0,0,0,0,0,0,0,0,0,0,0,0,0,0,0,0,0,0,0,0
174=50516,4.36,79.5,0,0,0,0,0,0,763.828,0,80.5,79.3,79.5,80.4,0.1,4.36,4.13,4.53,4.38,2.01,0,6.6,0,0,0,0,0,0,0,0,0,0,0,0,0,0,0,0,0,0,0,0,0,0,0,0,0,0,0,0,0
175=50516,4.36,79.5,0,0,0,0,0,0,763.828,0,80.5,79.3,79.5,80.4,0.1,4.36,4.13,4.53,4.38,2.01,0,6.6,0,0,0,0,0,0,0,0,0,0,0,0,0,0,0,0,0,0,0,0,0,0,0,0,0,0,0,0,0
176=50928,4.51,79.9,0,0,0,0,0,0,763.828,0,80.8,79.6,80,82.9,0.1,4.51,4.27,4.73,4.49,1.81,0,6.8,0,0,0,0,0,0,0,0,0,0,0,0,0,0,0,0,0,0,0,0,0,0,0,0,0,0,0,0,0
177=50928,4.51,79.9,0,0,0,0,0,0,763.828,0,80.8,79.6,80,82.9,0.1,4.51,4.27,4.73,4.49,1.81,0,6.8,0,0,0,0,0,0,0,0,0,0,0,0,0,0,0,0,0,0,0,0,0,0,0,0,0,0,0,0,0
178=51323,4.63,80.4,0,0,0,0,0,0,763.828,0,81.3,80,80.6,85.5,0.1,4.63,4.37,4.89,4.57,1.6,0,6.9,0,0,0,0,0,0,0,0,0,0,0,0,0,0,0,0,0,0,0,0,0,0,0,0,0,0,0,0,0
179=51323,4.63,80.4,0,0,0,0,0,0,763.828,0,81.3,80,80.6,85.5,0.1,4.63,4.37,4.89,4.57,1.6,0,6.9,0,0,0,0,0,0,0,0,0,0,0,0,0,0,0,0,0,0,0,0,0,0,0,0,0,0,0,0,0
180=51735,4.72,81.1,0,0,0,0,0,0,763.828,0,82,80.5,81.5,88.6,0.1,4.72,4.45,5,4.61,1.35,0,7,0,0,0,0,0,0,0,0,0,0,0,0,0,0,0,0,0,0,0,0,0,0,0,0,0,0,0,0,0
181=51735,4.72,81.1,0,0,0,0,0,0,763.828,0,82,80.5,81.5,88.6,0.1,4.72,4.45,5,4.61,1.35,0,7,0,0,0,0,0,0,0,0,0,0,0,0,0,0,0,0,0,0,0,0,0,0,0,0,0,0,0,0,0
182=52139,4.76,81.8,0,0,0,0,0,0,763.828,0,82.8,81.1,82.4,91.7,0.1,4.76,4.49,5,4.62,1.12,0,7,0,0,0,0,0,0,0,0,0,0,0,0,0,0,0,0,0,0,0,0,0,0,0,0,0,0,0,0,0
183=52139,4.76,81.8,0,0,0,0,0,0,763.828,0,82.8,81.1,82.4,91.7,0.1,4.76,4.49,5,4.62,1.12,0,7,0,0,0,0,0,0,0,0,0,0,0,0,0,0,0,0,0,0,0,0,0,0,0,0,0,0,0,0,0
184=52541,4.62,82.8,0,0,0,0,0,0,763.828,0,83.7,81.9,83.4,94.8,0.1,4.62,4.34,4.91,4.44,0.8,0,7,0,0,0,0,0,0,0,0,0,0,0,0,0,0,0,0,0,0,0,0,0,0,0,0,0,0,0,0,0
185=52541,4.62,82.8,0,0,0,0,0,0,763.828,0,83.7,81.9,83.4,94.8,0.1,4.62,4.34,4.91,4.44,0.8,0,7,0,0,0,0,0,0,0,0,0,0,0,0,0,0,0,0,0,0,0,0,0,0,0,0,0,0,0,0,0
186=52942,4.47,83.3,0,0,0,0,0,0,763.828,0,84.2,82.3,84,96.3,0.1,4.47,4.17,4.78,4.27,0.63,0,7,0,0,0,0,0,0,0,0,0,0,0,0,0,0,0,0,0,0,0,0,0,0,0,0,0,0,0,0,0
187=52942,4.47,83.3,0,0,0,0,0,0,763.828,0,84.2,82.3,84,96.3,0.1,4.47,4.17,4.78,4.27,0.63,0,7,0,0,0,0,0,0,0,0,0,0,0,0,0,0,0,0,0,0,0,0,0,0,0,0,0,0,0,0,0
188=53373,4.11,84.4,0,0,0,0,0,0,763.828,0,85.4,83.2,85.3,99.5,0.1,4.11,3.81,4.48,3.88,0.5,0,7.1,0,0,0,0,0,0,0,0,0,0,0,0,0,0,0,0,0,0,0,0,0,0,0,0,0,0,0,0,0
189=53373,4.11,84.4,0,0,0,0,0,0,763.828,0,85.4,83.2,85.3,99.5,0.1,4.11,3.81,4.48,3.88,0.5,0,7.1,0,0,0,0,0,0,0,0,0,0,0,0,0,0,0,0,0,0,0,0,0,0,0,0,0,0,0,0,0
190=53790,3.72,85.7,0,0,0,0,0,0,763.828,0,86.7,84.3,86.8,102.5,0.1,3.72,3.41,4.15,3.47,0.5,0,7.1,0,0,0,0,0,0,0,0,0,0,0,0,0,0,0,0,0,0,0,0,0,0,0,0,0,0,0,0,0
191=53790,3.72,85.7,0,0,0,0,0,0,763.828,0,86.7,84.3,86.8,102.5,0.1,3.72,3.41,4.15,3.47,0.5,0,7.1,0,0,0,0,0,0,0,0,0,0,0,0,0,0,0,0,0,0,0,0,0,0,0,0,0,0,0,0,0
192=54161,3.32,87.3,0,0,0,0,0,0,763.828,0,88.2,85.6,88.4,105.4,0.1,3.32,3,3.8,3.05,0.5,0,7.1,0,0,0,0,0,0,0,0,0,0,0,0,0,0,0,0,0,0,0,0,0,0,0,0,0,0,0,0,0
193=54161,3.32,87.3,0,0,0,0,0,0,763.828,0,88.2,85.6,88.4,105.4,0.1,3.32,3,3.8,3.05,0.5,0,7.1,0,0,0,0,0,0,0,0,0,0,0,0,0,0,0,0,0,0,0,0,0,0,0,0,0,0,0,0,0
194=54578,2.95,88.8,0,0,0,0,0,0,763.828,0,89.6,86.9,89.9,107.8,0.1,2.95,2.64,3.48,2.68,0.5,0,7.1,0,0,0,0,0,0,0,0,0,0,0,0,0,0,0,0,0,0,0,0,0,0,0,0,0,0,0,0,0
195=54578,2.95,88.8,0,0,0,0,0,0,763.828,0,89.6,86.9,89.9,107.8,0.1,2.95,2.64,3.48,2.68,0.5,0,7.1,0,0,0,0,0,0,0,0,0,0,0,0,0,0,0,0,0,0,0,0,0,0,0,0,0,0,0,0,0
196=54981,2.55,90.5,0,0,0,0,0,0,763.828,0,91.3,88.4,91.7,110,0.1,2.55,2.25,3.13,2.29,0.5,0,7.1,0,0,0,0,0,0,0,0,0,0,0,0,0,0,0,0,0,0,0,0,0,0,0,0,0,0,0,0,0
197=54981,2.55,90.5,0,0,0,0,0,0,763.828,0,91.3,88.4,91.7,110,0.1,2.55,2.25,3.13,2.29,0.5,0,7.1,0,0,0,0,0,0,0,0,0,0,0,0,0,0,0,0,0,0,0,0,0,0,0,0,0,0,0,0,0
198=55399,2.16,92.3,0,0,0,0,0,0,763.828,0,93,90,93.4,111.8,0.1,2.16,1.88,2.78,1.93,0.5,0,7.1,0,0,0,0,0,0,0,0,0,0,0,0,0,0,0,0,0,0,0,0,0,0,0,0,0,0,0,0,0
199=55399,2.16,92.3,0,0,0,0,0,0,763.828,0,93,90,93.4,111.8,0.1,2.16,1.88,2.78,1.93,0.5,0,7.1,0,0,0,0,0,0,0,0,0,0,0,0,0,0,0,0,0,0,0,0,0,0,0,0,0,0,0,0,0
200=55816,1.78,94.1,0,0,0,0,0,0,763.828,0,94.7,91.7,95.2,113.1,0.1,1.78,1.52,2.43,1.58,0.5,0,7.1,0,0,0,0,0,0,0,0,0,0,0,0,0,0,0,0,0,0,0,0,0,0,0,0,0,0,0,0,0
201=55816,1.78,94.1,0,0,0,0,0,0,763.828,0,94.7,91.7,95.2,113.1,0.1,1.78,1.52,2.43,1.58,0.5,0,7.1,0,0,0,0,0,0,0,0,0,0,0,0,0,0,0,0,0,0,0,0,0,0,0,0,0,0,0,0,0
202=56233,1.41,95.8,0,0,0,0.178,0,0,763.828,0,96.4,93.3,96.9,114.2,0.1,1.41,1.18,2.08,1.25,0.5,0,7.1,0,0,0,0,0,0,0,0,0,0,0,0,0,0,0,0,0,0,0,0,0,0,0,0,0,0,0,0,0
203=56233,1.41,95.8,0,0,0,0.178,0,0,763.828,0,96.4,93.3,96.9,114.2,0.1,1.41,1.18,2.08,1.25,0.5,0,7.1,0,0,0,0,0,0,0,0,0,0,0,0,0,0,0,0,0,0,0,0,0,0,0,0,0,0,0,0,0
204=57650,0.14,102.2,0,0,0,0.178,0,0,763.828,0,102.3,99.3,102.6,116,0.1,0.14,0.01,0.85,0.16,0.5,0,7.1,0,0,0,0,0,0,0,0,0,0,0,0,0,0,0,0,0,0,0,0,0,0,0,0,0,0,0,0,0
205=57650,0.14,102.2,0,0,0,0.178,0,0,763.828,0,102.3,99.3,102.6,116,0.1,0.14,0.01,0.85,0.16,0.5,0,7.1,0,0,0,0,0,0,0,0,0,0,0,0,0,0,0,0,0,0,0,0,0,0,0,0,0,0,0,0,0
206=57682,0.14,102.2,0,0,0,0.178,0,0,763.828,0,102.3,99.3,102.6,116,0.1,0.14,0.01,0.85,0.16,0.5,0,7.1,0,0,0,0,0,0,0,0,0,0,0,0,0,0,0,0,0,0,0,0,0,0,0,0,0,0,0,0,0
207=57682,0.14,102.2,0,0,0,0.178,0,0,763.828,0,102.3,99.3,102.6,116,0.1,0.14,0.01,0.85,0.16,0.5,0,7.1,0,0,0,0,0,0,0,0,0,0,0,0,0,0,0,0,0,0,0,0,0,0,0,0,0,0,0,0,0
208=57713,0.14,102.2,0,0,0,0.178,0,0,763.828,0,102.3,99.3,102.6,116,0.1,0.14,0.01,0.85,0.16,0.5,0,7.1,0,0,0,0,0,0,0,0,0,0,0,0,0,0,0,0,0,0,0,0,0,0,0,0,0,0,0,0,0
209=57713,0.14,102.2,0,0,0,0.178,0,0,763.828,0,102.3,99.3,102.6,116,0.1,0.14,0.01,0.85,0.16,0.5,0,7.1,0,0,0,0,0,0,0,0,0,0,0,0,0,0,0,0,0,0,0,0,0,0,0,0,0,0,0,0,0
210=57775,0.14,102.2,0,0,0,0.754,0,0,763.828,0,102.3,99.3,102.6,116,0.1,0.14,0.01,0.85,0.16,0.5,0,7.1,0,0,0,0,0,0,0,0,0,0,0,0,0,0,0,0,0,0,0,0,0,0,0,0,0,0,0,0,0
211=57775,0.14,102.2,0,0,0,0.754,0,0,763.828,0,102.3,99.3,102.6,116,0.1,0.14,0.01,0.85,0.16,0.5,0,7.1,0,0,0,0,0,0,0,0,0,0,0,0,0,0,0,0,0,0,0,0,0,0,0,0,0,0,0,0,0
212=57818,0,103.1,0,0,0,0.754,0,0,763.828,0,103.1,100.2,103.4,116.1,0.1,0,0,0.68,0.01,0.5,0,7.1,0,0,0,0,0,0,0,0,0,0,0,0,0,0,0,0,0,0,0,0,0,0,0,0,0,0,0,0,0
213=57818,0,103.1,0,0,0,0.754,0,0,763.828,0,103.1,100.2,103.4,116.1,0.1,0,0,0.68,0.01,0.5,0,7.1,0,0,0,0,0,0,0,0,0,0,0,0,0,0,0,0,0,0,0,0,0,0,0,0,0,0,0,0,0
214=57852,0,103.1,0,0,0,0.754,0,0,763.828,0,103.1,100.2,103.4,116.1,0.1,0,0,0.68,0.01,0.5,0,7.1,0,0,0,0,0,0,0,0,0,0,0,0,0,0,0,0,0,0,0,0,0,0,0,0,0,0,0,0,0
215=57852,0,103.1,0,0,0,0.754,0,0,763.828,0,103.1,100.2,103.4,116.1,0.1,0,0,0.68,0.01,0.5,0,7.1,0,0,0,0,0,0,0,0,0,0,0,0,0,0,0,0,0,0,0,0,0,0,0,0,0,0,0,0,0
216=57932,0,103.1,0,0,0,0.754,0,0,763.828,0,103.1,100.2,103.4,116.1,0.1,0,0,0.68,0.01,0.5,0,7.1,0,0,0,0,0,0,0,0,0,0,0,0,0,0,0,0,0,0,0,0,0,0,0,0,0,0,0,0,0
217=57932,0,103.1,0,0,0,0.754,0,0,763.828,0,103.1,100.2,103.4,116.1,0.1,0,0,0.68,0.01,0.5,0,7.1,0,0,0,0,0,0,0,0,0,0,0,0,0,0,0,0,0,0,0,0,0,0,0,0,0,0,0,0,0
218=57963,0,103.1,0,0,0,0.754,0,0,763.828,0,103.1,100.2,103.4,116.1,0.1,0,0,0.68,0.01,0.5,0,7.1,0,0,0,0,0,0,0,0,0,0,0,0,0,0,0,0,0,0,0,0,0,0,0,0,0,0,0,0,0
219=57963,0,103.1,0,0,0,0.754,0,0,763.828,0,103.1,100.2,103.4,116.1,0.1,0,0,0.68,0.01,0.5,0,7.1,0,0,0,0,0,0,0,0,0,0,0,0,0,0,0,0,0,0,0,0,0,0,0,0,0,0,0,0,0
220=57994,0,103.1,0,0,0,0.754,0,0,763.828,0,103.1,100.2,103.4,116.1,0.1,0,0,0.68,0.01,0.5,0,7.1,0,0,0,0,0,0,0,0,0,0,0,0,0,0,0,0,0,0,0,0,0,0,0,0,0,0,0,0,0
221=57994,0,103.1,0,0,0,0.754,0,0,763.828,0,103.1,100.2,103.4,116.1,0.1,0,0,0.68,0.01,0.5,0,7.1,0,0,0,0,0,0,0,0,0,0,0,0,0,0,0,0,0,0,0,0,0,0,0,0,0,0,0,0,0
222=58064,0,103.9,0,0,0,0.754,0,0,763.828,0,103.9,101,104.1,116.1,0.1,0,0,0.51,0,0.5,0,7.1,0,0,0,0,0,0,0,0,0,0,0,0,0,0,0,0,0,0,0,0,0,0,0,0,0,0,0,0,0
223=58064,0,103.9,0,0,0,0.754,0,0,763.828,0,103.9,101,104.1,116.1,0.1,0,0,0.51,0,0.5,0,7.1,0,0,0,0,0,0,0,0,0,0,0,0,0,0,0,0,0,0,0,0,0,0,0,0,0,0,0,0,0
224=58096,0,103.9,0,0,0,0.754,0,0,763.828,0,103.9,101,104.1,116.1,0.1,0,0,0.51,0,0.5,0,7.1,0,0,0,0,0,0,0,0,0,0,0,0,0,0,0,0,0,0,0,0,0,0,0,0,0,0,0,0,0
225=58096,0,103.9,0,0,0,0.754,0,0,763.828,0,103.9,101,104.1,116.1,0.1,0,0,0.51,0,0.5,0,7.1,0,0,0,0,0,0,0,0,0,0,0,0,0,0,0,0,0,0,0,0,0,0,0,0,0,0,0,0,0
226=58127,0,103.9,0,0,0,0.754,0,0,763.828,0,103.9,101,104.1,116.1,0.1,0,0,0.51,0,0.5,0,7.1,0,0,0,0,0,0,0,0,0,0,0,0,0,0,0,0,0,0,0,0,0,0,0,0,0,0,0,0,0
227=58127,0,103.9,0,0,0,0.754,0,0,763.828,0,103.9,101,104.1,116.1,0.1,0,0,0.51,0,0.5,0,7.1,0,0,0,0,0,0,0,0,0,0,0,0,0,0,0,0,0,0,0,0,0,0,0,0,0,0,0,0,0
228=58158,0,103.9,0,0,0,0.754,0,0,763.828,0,103.9,101,104.1,116.1,0.1,0,0,0.51,0,0.5,0,7.1,0,0,0,0,0,0,0,0,0,0,0,0,0,0,0,0,0,0,0,0,0,0,0,0,0,0,0,0,0
229=58158,0,103.9,0,0,0,0.754,0,0,763.828,0,103.9,101,104.1,116.1,0.1,0,0,0.51,0,0.5,0,7.1,0,0,0,0,0,0,0,0,0,0,0,0,0,0,0,0,0,0,0,0,0,0,0,0,0,0,0,0,0
230=58217,0,103.9,0,0,0,0.754,0,0,763.828,0,103.9,101,104.1,116.1,0.1,0,0,0.51,0,0.5,0,7.1,0,0,0,0,0,0,0,0,0,0,0,0,0,0,0,0,0,0,0,0,0,0,0,0,0,0,0,0,0
231=58217,0,103.9,0,0,0,0.754,0,0,763.828,0,103.9,101,104.1,116.1,0.1,0,0,0.51,0,0.5,0,7.1,0,0,0,0,0,0,0,0,0,0,0,0,0,0,0,0,0,0,0,0,0,0,0,0,0,0,0,0,0
232=58253,0,104.8,0,0,0,0.754,0,0,763.828,0,104.8,101.9,104.9,116.2,0.1,0,0,0.33,0,0.5,0,7.1,0,0,0,0,0,0,0,0,0,0,0,0,0,0,0,0,0,0,0,0,0,0,0,0,0,0,0,0,0
233=58253,0,104.8,0,0,0,0.754,0,0,763.828,0,104.8,101.9,104.9,116.2,0.1,0,0,0.33,0,0.5,0,7.1,0,0,0,0,0,0,0,0,0,0,0,0,0,0,0,0,0,0,0,0,0,0,0,0,0,0,0,0,0
234=58284,0,104.8,0,0,0,0.754,0,0,763.828,0,104.8,101.9,104.9,116.2,0.1,0,0,0.33,0,0.5,0,7.1,0,0,0,0,0,0,0,0,0,0,0,0,0,0,0,0,0,0,0,0,0,0,0,0,0,0,0,0,0
235=58284,0,104.8,0,0,0,0.754,0,0,763.828,0,104.8,101.9,104.9,116.2,0.1,0,0,0.33,0,0.5,0,7.1,0,0,0,0,0,0,0,0,0,0,0,0,0,0,0,0,0,0,0,0,0,0,0,0,0,0,0,0,0
236=58355,0,104.8,0,0,0,0.754,0,0,763.828,0,104.8,101.9,104.9,116.2,0.1,0,0,0.33,0,0.5,0,7.1,0,0,0,0,0,0,0,0,0,0,0,0,0,0,0,0,0,0,0,0,0,0,0,0,0,0,0,0,0
237=58355,0,104.8,0,0,0,0.754,0,0,763.828,0,104.8,101.9,104.9,116.2,0.1,0,0,0.33,0,0.5,0,7.1,0,0,0,0,0,0,0,0,0,0,0,0,0,0,0,0,0,0,0,0,0,0,0,0,0,0,0,0,0
238=58386,0,104.8,0,0,0,0.754,0,0,763.828,0,104.8,101.9,104.9,116.2,0.1,0,0,0.33,0,0.5,0,7.1,0,0,0,0,0,0,0,0,0,0,0,0,0,0,0,0,0,0,0,0,0,0,0,0,0,0,0,0,0
239=58386,0,104.8,0,0,0,0.754,0,0,763.828,0,104.8,101.9,104.9,116.2,0.1,0,0,0.33,0,0.5,0,7.1,0,0,0,0,0,0,0,0,0,0,0,0,0,0,0,0,0,0,0,0,0,0,0,0,0,0,0,0,0
240=58433,0,104.8,0,0,0,0.754,0,0,763.828,0,104.8,101.9,104.9,116.2,0.1,0,0,0.33,0,0.5,0,7.1,0,0,0,0,0,0,0,0,0,0,0,0,0,0,0,0,0,0,0,0,0,0,0,0,0,0,0,0,0
241=58433,0,104.8,0,0,0,0.754,0,0,763.828,0,104.8,101.9,104.9,116.2,0.1,0,0,0.33,0,0.5,0,7.1,0,0,0,0,0,0,0,0,0,0,0,0,0,0,0,0,0,0,0,0,0,0,0,0,0,0,0,0,0
242=58484,0,105.7,0,0,0,0.754,0,0,763.828,0,105.5,102.8,105.6,116.2,0.1,0,0,0.16,0,0.5,0,7.1,0,0,0,0,0,0,0,0,0,0,0,0,0,0,0,0,0,0,0,0,0,0,0,0,0,0,0,0,0
243=58484,0,105.7,0,0,0,0.754,0,0,763.828,0,105.5,102.8,105.6,116.2,0.1,0,0,0.16,0,0.5,0,7.1,0,0,0,0,0,0,0,0,0,0,0,0,0,0,0,0,0,0,0,0,0,0,0,0,0,0,0,0,0
244=58537,0,105.7,0,0,0,0.754,0,0,763.828,0,105.5,102.8,105.6,116.2,0.1,0,0,0.16,0,0.5,0,7.1,0,0,0,0,0,0,0,0,0,0,0,0,0,0,0,0,0,0,0,0,0,0,0,0,0,0,0,0,0
245=58537,0,105.7,0,0,0,0.754,0,0,763.828,0,105.5,102.8,105.6,116.2,0.1,0,0,0.16,0,0.5,0,7.1,0,0,0,0,0,0,0,0,0,0,0,0,0,0,0,0,0,0,0,0,0,0,0,0,0,0,0,0,0
246=58568,0,105.7,0,0,0,0.754,0,0,763.828,0,105.5,102.8,105.6,116.2,0.1,0,0,0.16,0,0.5,0,7.1,0,0,0,0,0,0,0,0,0,0,0,0,0,0,0,0,0,0,0,0,0,0,0,0,0,0,0,0,0
247=58568,0,105.7,0,0,0,0.754,0,0,763.828,0,105.5,102.8,105.6,116.2,0.1,0,0,0.16,0,0.5,0,7.1,0,0,0,0,0,0,0,0,0,0,0,0,0,0,0,0,0,0,0,0,0,0,0,0,0,0,0,0,0
248=58641,0,106.4,0,0,0,0.754,0,0,763.828,0,106.3,103.6,106.3,116.2,0.1,0,0,0,0,0.5,0,7.1,0,0,0,0,0,0,0,0,0,0,0,0,0,0,0,0,0,0,0,0,0,0,0,0,0,0,0,0,0
249=58641,0,106.4,0,0,0,0.754,0,0,763.828,0,106.3,103.6,106.3,116.2,0.1,0,0,0,0,0.5,0,7.1,0,0,0,0,0,0,0,0,0,0,0,0,0,0,0,0,0,0,0,0,0,0,0,0,0,0,0,0,0
250=58673,0,106.4,0,0,0,0.754,0,0,763.828,0,106.3,103.6,106.3,116.2,0.1,0,0,0,0,0.5,0,7.1,0,0,0,0,0,0,0,0,0,0,0,0,0,0,0,0,0,0,0,0,0,0,0,0,0,0,0,0,0
251=58673,0,106.4,0,0,0,0.754,0,0,763.828,0,106.3,103.6,106.3,116.2,0.1,0,0,0,0,0.5,0,7.1,0,0,0,0,0,0,0,0,0,0,0,0,0,0,0,0,0,0,0,0,0,0,0,0,0,0,0,0,0
252=58704,0,106.4,0,0,0,0.754,0,0,763.828,0,106.3,103.6,106.3,116.2,0.1,0,0,0,0,0.5,0,7.1,0,0,0,0,0,0,0,0,0,0,0,0,0,0,0,0,0,0,0,0,0,0,0,0,0,0,0,0,0
253=58704,0,106.4,0,0,0,0.754,0,0,763.828,0,106.3,103.6,106.3,116.2,0.1,0,0,0,0,0.5,0,7.1,0,0,0,0,0,0,0,0,0,0,0,0,0,0,0,0,0,0,0,0,0,0,0,0,0,0,0,0,0
254=58776,0,106.4,0,0,0,0.754,0,0,763.828,0,106.3,103.6,106.3,116.2,0.1,0,0,0,0,0.5,0,7.1,0,0,0,0,0,0,0,0,0,0,0,0,0,0,0,0,0,0,0,0,0,0,0,0,0,0,0,0,0
255=58776,0,106.4,0,0,0,0.754,0,0,763.828,0,106.3,103.6,106.3,116.2,0.1,0,0,0,0,0.5,0,7.1,0,0,0,0,0,0,0,0,0,0,0,0,0,0,0,0,0,0,0,0,0,0,0,0,0,0,0,0,0
256=58807,0,106.4,0,0,0,0.754,0,0,763.828,0,106.3,103.6,106.3,116.2,0.1,0,0,0,0,0.5,0,7.1,0,0,0,0,0,0,0,0,0,0,0,0,0,0,0,0,0,0,0,0,0,0,0,0,0,0,0,0,0
257=58807,0,106.4,0,0,0,0.754,0,0,763.828,0,106.3,103.6,106.3,116.2,0.1,0,0,0,0,0.5,0,7.1,0,0,0,0,0,0,0,0,0,0,0,0,0,0,0,0,0,0,0,0,0,0,0,0,0,0,0,0,0
258=58852,0,107.2,0,0,0,0.754,0,0,763.828,0,107,104.3,107,116.2,0.1,0,0,0,0,0.5,0,7.1,0,0,0,0,0,0,0,0,0,0,0,0,0,0,0,0,0,0,0,0,0,0,0,0,0,0,0,0,0
259=58852,0,107.2,0,0,0,0.754,0,0,763.828,0,107,104.3,107,116.2,0.1,0,0,0,0,0.5,0,7.1,0,0,0,0,0,0,0,0,0,0,0,0,0,0,0,0,0,0,0,0,0,0,0,0,0,0,0,0,0
260=58917,0,107.2,0,0,0,0.754,0,0,763.828,0,107,104.3,107,116.2,0.1,0,0,0,0,0.5,0,7.1,0,0,0,0,0,0,0,0,0,0,0,0,0,0,0,0,0,0,0,0,0,0,0,0,0,0,0,0,0
261=58917,0,107.2,0,0,0,0.754,0,0,763.828,0,107,104.3,107,116.2,0.1,0,0,0,0,0.5,0,7.1,0,0,0,0,0,0,0,0,0,0,0,0,0,0,0,0,0,0,0,0,0,0,0,0,0,0,0,0,0
262=58957,0,107.2,0,0,0,0.754,0,0,763.828,0,107,104.3,107,116.2,0.1,0,0,0,0,0.5,0,7.1,0,0,0,0,0,0,0,0,0,0,0,0,0,0,0,0,0,0,0,0,0,0,0,0,0,0,0,0,0
263=58957,0,107.2,0,0,0,0.754,0,0,763.828,0,107,104.3,107,116.2,0.1,0,0,0,0,0.5,0,7.1,0,0,0,0,0,0,0,0,0,0,0,0,0,0,0,0,0,0,0,0,0,0,0,0,0,0,0,0,0
264=58991,0,107.2,0,0,0,0.754,0,0,763.828,0,107,104.3,107,116.2,0.1,0,0,0,0,0.5,0,7.1,0,0,0,0,0,0,0,0,0,0,0,0,0,0,0,0,0,0,0,0,0,0,0,0,0,0,0,0,0
265=58991,0,107.2,0,0,0,0.754,0,0,763.828,0,107,104.3,107,116.2,0.1,0,0,0,0,0.5,0,7.1,0,0,0,0,0,0,0,0,0,0,0,0,0,0,0,0,0,0,0,0,0,0,0,0,0,0,0,0,0
266=59067,0,107.2,0,0,0,0.754,0,0,763.828,0,107,104.3,107,116.2,0.1,0,0,0,0,0.5,0,7.1,0,0,0,0,0,0,0,0,0,0,0,0,0,0,0,0,0,0,0,0,0,0,0,0,0,0,0,0,0
267=59067,0,107.2,0,0,0,0.754,0,0,763.828,0,107,104.3,107,116.2,0.1,0,0,0,0,0.5,0,7.1,0,0,0,0,0,0,0,0,0,0,0,0,0,0,0,0,0,0,0,0,0,0,0,0,0,0,0,0,0
268=59098,0,108.1,0,0,0,0.754,0,0,763.828,0,107.8,105.2,107.7,116.2,0.1,0,0,0,0,0.5,0,7.1,0,0,0,0,0,0,0,0,0,0,0,0,0,0,0,0,0,0,0,0,0,0,0,0,0,0,0,0,0
269=59098,0,108.1,0,0,0,0.754,0,0,763.828,0,107.8,105.2,107.7,116.2,0.1,0,0,0,0,0.5,0,7.1,0,0,0,0,0,0,0,0,0,0,0,0,0,0,0,0,0,0,0,0,0,0,0,0,0,0,0,0,0
270=59135,0,108.1,0,0,0,0.754,0,0,763.828,0,107.8,105.2,107.7,116.2,0.1,0,0,0,0,0.5,0,7.1,0,0,0,0,0,0,0,0,0,0,0,0,0,0,0,0,0,0,0,0,0,0,0,0,0,0,0,0,0
271=59135,0,108.1,0,0,0,0.754,0,0,763.828,0,107.8,105.2,107.7,116.2,0.1,0,0,0,0,0.5,0,7.1,0,0,0,0,0,0,0,0,0,0,0,0,0,0,0,0,0,0,0,0,0,0,0,0,0,0,0,0,0
272=59199,0,108.1,0,0,0,0.754,0,0,763.828,0,107.8,105.2,107.7,116.2,0.1,0,0,0,0,0.5,0,7.1,0,0,0,0,0,0,0,0,0,0,0,0,0,0,0,0,0,0,0,0,0,0,0,0,0,0,0,0,0
273=59199,0,108.1,0,0,0,0.754,0,0,763.828,0,107.8,105.2,107.7,116.2,0.1,0,0,0,0,0.5,0,7.1,0,0,0,0,0,0,0,0,0,0,0,0,0,0,0,0,0,0,0,0,0,0,0,0,0,0,0,0,0
274=59231,0,108.1,0,0,0,0.754,0,0,763.828,0,107.8,105.2,107.7,116.2,0.1,0,0,0,0,0.5,0,7.1,0,0,0,0,0,0,0,0,0,0,0,0,0,0,0,0,0,0,0,0,0,0,0,0,0,0,0,0,0
275=59231,0,108.1,0,0,0,0.754,0,0,763.828,0,107.8,105.2,107.7,116.2,0.1,0,0,0,0,0.5,0,7.1,0,0,0,0,0,0,0,0,0,0,0,0,0,0,0,0,0,0,0,0,0,0,0,0,0,0,0,0,0
276=59262,0,108.1,0,0,0,0.754,0,0,763.828,0,107.8,105.2,107.7,116.2,0.1,0,0,0,0,0.5,0,7.1,0,0,0,0,0,0,0,0,0,0,0,0,0,0,0,0,0,0,0,0,0,0,0,0,0,0,0,0,0
277=59262,0,108.1,0,0,0,0.754,0,0,763.828,0,107.8,105.2,107.7,116.2,0.1,0,0,0,0,0.5,0,7.1,0,0,0,0,0,0,0,0,0,0,0,0,0,0,0,0,0,0,0,0,0,0,0,0,0,0,0,0,0
278=59324,0,108.9,0,0,0,0.911,0,0,763.828,0,108.5,106,108.4,116.1,0.1,0,0,0,0,0.5,0,6.9,0,0,0,0,0,0,0,0,0,0,0,0,0,0,0,0,0,0,0,0,0,0,0,0,0,0,0,0,0
279=59324,0,108.9,0,0,0,0.911,0,0,763.828,0,108.5,106,108.4,116.1,0.1,0,0,0,0,0.5,0,6.9,0,0,0,0,0,0,0,0,0,0,0,0,0,0,0,0,0,0,0,0,0,0,0,0,0,0,0,0,0
280=59368,0,108.9,0,0,0,0.911,0,0,763.828,0,108.5,106,108.4,116.1,0.1,0,0,0,0,0.5,0,6.9,0,0,0,0,0,0,0,0,0,0,0,0,0,0,0,0,0,0,0,0,0,0,0,0,0,0,0,0,0
281=59368,0,108.9,0,0,0,0.911,0,0,763.828,0,108.5,106,108.4,116.1,0.1,0,0,0,0,0.5,0,6.9,0,0,0,0,0,0,0,0,0,0,0,0,0,0,0,0,0,0,0,0,0,0,0,0,0,0,0,0,0
282=59399,0,108.9,0,0,0,0.911,0,0,763.828,0,108.5,106,108.4,116.1,0.1,0,0,0,0,0.5,0,6.9,0,0,0,0,0,0,0,0,0,0,0,0,0,0,0,0,0,0,0,0,0,0,0,0,0,0,0,0,0
283=59399,0,108.9,0,0,0,0.911,0,0,763.828,0,108.5,106,108.4,116.1,0.1,0,0,0,0,0.5,0,6.9,0,0,0,0,0,0,0,0,0,0,0,0,0,0,0,0,0,0,0,0,0,0,0,0,0,0,0,0,0
284=59478,0,108.9,0,0,0,0.911,0,0,763.828,0,108.5,106,108.4,116.1,0.1,0,0,0,0,0.5,0,6.9,0,0,0,0,0,0,0,0,0,0,0,0,0,0,0,0,0,0,0,0,0,0,0,0,0,0,0,0,0
285=59478,0,108.9,0,0,0,0.911,0,0,763.828,0,108.5,106,108.4,116.1,0.1,0,0,0,0,0.5,0,6.9,0,0,0,0,0,0,0,0,0,0,0,0,0,0,0,0,0,0,0,0,0,0,0,0,0,0,0,0,0
286=59520,0,109.6,0,0,0,0.911,0,0,763.828,0,109.2,106.8,109,116.1,0.1,0,0,0,0,0.5,0,6.7,0,0,0,0,0,0,0,0,0,0,0,0,0,0,0,0,0,0,0,0,0,0,0,0,0,0,0,0,0
287=59520,0,109.6,0,0,0,0.911,0,0,763.828,0,109.2,106.8,109,116.1,0.1,0,0,0,0,0.5,0,6.7,0,0,0,0,0,0,0,0,0,0,0,0,0,0,0,0,0,0,0,0,0,0,0,0,0,0,0,0,0
288=59551,0,109.6,0,0,0,0.911,0,0,763.828,0,109.2,106.8,109,116.1,0.1,0,0,0,0,0.5,0,6.7,0,0,0,0,0,0,0,0,0,0,0,0,0,0,0,0,0,0,0,0,0,0,0,0,0,0,0,0,0
289=59551,0,109.6,0,0,0,0.911,0,0,763.828,0,109.2,106.8,109,116.1,0.1,0,0,0,0,0.5,0,6.7,0,0,0,0,0,0,0,0,0,0,0,0,0,0,0,0,0,0,0,0,0,0,0,0,0,0,0,0,0
290=59616,0,109.6,0,0,0,0.911,0,0,763.828,0,109.2,106.8,109,116.1,0.1,0,0,0,0,0.5,0,6.7,0,0,0,0,0,0,0,0,0,0,0,0,0,0,0,0,0,0,0,0,0,0,0,0,0,0,0,0,0
291=59616,0,109.6,0,0,0,0.911,0,0,763.828,0,109.2,106.8,109,116.1,0.1,0,0,0,0,0.5,0,6.7,0,0,0,0,0,0,0,0,0,0,0,0,0,0,0,0,0,0,0,0,0,0,0,0,0,0,0,0,0
292=59648,0,109.6,0,0,0,0.911,0,0,763.828,0,109.2,106.8,109,116.1,0.1,0,0,0,0,0.5,0,6.7,0,0,0,0,0,0,0,0,0,0,0,0,0,0,0,0,0,0,0,0,0,0,0,0,0,0,0,0,0
293=59648,0,109.6,0,0,0,0.911,0,0,763.828,0,109.2,106.8,109,116.1,0.1,0,0,0,0,0.5,0,6.7,0,0,0,0,0,0,0,0,0,0,0,0,0,0,0,0,0,0,0,0,0,0,0,0,0,0,0,0,0
294=59679,0,109.6,0,0,0,0.911,0,0,763.828,0,109.2,106.8,109,116.1,0.1,0,0,0,0,0.5,0,6.7,0,0,0,0,0,0,0,0,0,0,0,0,0,0,0,0,0,0,0,0,0,0,0,0,0,0,0,0,0
295=59679,0,109.6,0,0,0,0.911,0,0,763.828,0,109.2,106.8,109,116.1,0.1,0,0,0,0,0.5,0,6.7,0,0,0,0,0,0,0,0,0,0,0,0,0,0,0,0,0,0,0,0,0,0,0,0,0,0,0,0,0
296=59720,0,110.4,0,0,0,0.911,0,0,763.828,0,109.9,107.6,109.6,116,0.1,0,0,0,0,0.5,0,6.5,0,0,0,0,0,0,0,0,0,0,0,0,0,0,0,0,0,0,0,0,0,0,0,0,0,0,0,0,0
297=59720,0,110.4,0,0,0,0.911,0,0,763.828,0,109.9,107.6,109.6,116,0.1,0,0,0,0,0.5,0,6.5,0,0,0,0,0,0,0,0,0,0,0,0,0,0,0,0,0,0,0,0,0,0,0,0,0,0,0,0,0
298=59789,0,110.4,0,0,0,0.911,0,0,763.828,0,109.9,107.6,109.6,116,0.1,0,0,0,0,0.5,0,6.5,0,0,0,0,0,0,0,0,0,0,0,0,0,0,0,0,0,0,0,0,0,0,0,0,0,0,0,0,0
299=59789,0,110.4,0,0,0,0.911,0,0,763.828,0,109.9,107.6,109.6,116,0.1,0,0,0,0,0.5,0,6.5,0,0,0,0,0,0,0,0,0,0,0,0,0,0,0,0,0,0,0,0,0,0,0,0,0,0,0,0,0
300=59839,0,110.4,0,0,0,0.911,0,0,763.828,0,109.9,107.6,109.6,116,0.1,0,0,0,0,0.5,0,6.5,0,0,0,0,0,0,0,0,0,0,0,0,0,0,0,0,0,0,0,0,0,0,0,0,0,0,0,0,0
301=59839,0,110.4,0,0,0,0.911,0,0,763.828,0,109.9,107.6,109.6,116,0.1,0,0,0,0,0.5,0,6.5,0,0,0,0,0,0,0,0,0,0,0,0,0,0,0,0,0,0,0,0,0,0,0,0,0,0,0,0,0
302=59901,0,110.4,0,0,0,0.911,0,0,763.828,0,109.9,107.6,109.6,116,0.1,0,0,0,0,0.5,0,6.5,0,0,0,0,0,0,0,0,0,0,0,0,0,0,0,0,0,0,0,0,0,0,0,0,0,0,0,0,0
303=59901,0,110.4,0,0,0,0.911,0,0,763.828,0,109.9,107.6,109.6,116,0.1,0,0,0,0,0.5,0,6.5,0,0,0,0,0,0,0,0,0,0,0,0,0,0,0,0,0,0,0,0,0,0,0,0,0,0,0,0,0
304=59941,0,111.1,0,0,0,0.911,0,0,763.828,0,110.6,108.4,110.2,116,0.1,0,0,0,0,0.5,0,6.4,0,0,0,0,0,0,0,0,0,0,0,0,0,0,0,0,0,0,0,0,0,0,0,0,0,0,0,0,0
305=59941,0,111.1,0,0,0,0.911,0,0,763.828,0,110.6,108.4,110.2,116,0.1,0,0,0,0,0.5,0,6.4,0,0,0,0,0,0,0,0,0,0,0,0,0,0,0,0,0,0,0,0,0,0,0,0,0,0,0,0,0
306=59972,0,111.1,0,0,0,0.911,0,0,763.828,0,110.6,108.4,110.2,116,0.1,0,0,0,0,0.5,0,6.4,0,0,0,0,0,0,0,0,0,0,0,0,0,0,0,0,0,0,0,0,0,0,0,0,0,0,0,0,0
307=59972,0,111.1,0,0,0,0.911,0,0,763.828,0,110.6,108.4,110.2,116,0.1,0,0,0,0,0.5,0,6.4,0,0,0,0,0,0,0,0,0,0,0,0,0,0,0,0,0,0,0,0,0,0,0,0,0,0,0,0,0
308=60034,0,111.1,0,0,0,0.911,0,0,763.828,0,110.6,108.4,110.2,116,0.1,0,0,0,0,0.5,0,6.4,0,0,0,0,0,0,0,0,0,0,0,0,0,0,0,0,0,0,0,0,0,0,0,0,0,0,0,0,0
309=60034,0,111.1,0,0,0,0.911,0,0,763.828,0,110.6,108.4,110.2,116,0.1,0,0,0,0,0.5,0,6.4,0,0,0,0,0,0,0,0,0,0,0,0,0,0,0,0,0,0,0,0,0,0,0,0,0,0,0,0,0
310=60087,0,111.1,0,0,0,0.911,0,0,763.828,0,110.6,108.4,110.2,116,0.1,0,0,0,0,0.5,0,6.4,0,0,0,0,0,0,0,0,0,0,0,0,0,0,0,0,0,0,0,0,0,0,0,0,0,0,0,0,0
311=60087,0,111.1,0,0,0,0.911,0,0,763.828,0,110.6,108.4,110.2,116,0.1,0,0,0,0,0.5,0,6.4,0,0,0,0,0,0,0,0,0,0,0,0,0,0,0,0,0,0,0,0,0,0,0,0,0,0,0,0,0
312=60118,0,111.1,0,0,0,0.911,0,0,763.828,0,110.6,108.4,110.2,116,0.1,0,0,0,0,0.5,0,6.4,0,0,0,0,0,0,0,0,0,0,0,0,0,0,0,0,0,0,0,0,0,0,0,0,0,0,0,0,0
313=60118,0,111.1,0,0,0,0.911,0,0,763.828,0,110.6,108.4,110.2,116,0.1,0,0,0,0,0.5,0,6.4,0,0,0,0,0,0,0,0,0,0,0,0,0,0,0,0,0,0,0,0,0,0,0,0,0,0,0,0,0
314=60169,0,111.8,0,0,0,0.911,0,0,763.828,0,111.2,109.1,110.8,115.9,0.1,0,0,0,0,0.5,0,6.3,0,0,0,0,0,0,0,0,0,0,0,0,0,0,0,0,0,0,0,0,0,0,0,0,0,0,0,0,0
315=60169,0,111.8,0,0,0,0.911,0,0,763.828,0,111.2,109.1,110.8,115.9,0.1,0,0,0,0,0.5,0,6.3,0,0,0,0,0,0,0,0,0,0,0,0,0,0,0,0,0,0,0,0,0,0,0,0,0,0,0,0,0
316=60200,0,111.8,0,0,0,0.911,0,0,763.828,0,111.2,109.1,110.8,115.9,0.1,0,0,0,0,0.5,0,6.3,0,0,0,0,0,0,0,0,0,0,0,0,0,0,0,0,0,0,0,0,0,0,0,0,0,0,0,0,0
317=60200,0,111.8,0,0,0,0.911,0,0,763.828,0,111.2,109.1,110.8,115.9,0.1,0,0,0,0,0.5,0,6.3,0,0,0,0,0,0,0,0,0,0,0,0,0,0,0,0,0,0,0,0,0,0,0,0,0,0,0,0,0
318=60231,0,111.8,0,0,0,0.911,0,0,763.828,0,111.2,109.1,110.8,115.9,0.1,0,0,0,0,0.5,0,6.3,0,0,0,0,0,0,0,0,0,0,0,0,0,0,0,0,0,0,0,0,0,0,0,0,0,0,0,0,0
319=60231,0,111.8,0,0,0,0.911,0,0,763.828,0,111.2,109.1,110.8,115.9,0.1,0,0,0,0,0.5,0,6.3,0,0,0,0,0,0,0,0,0,0,0,0,0,0,0,0,0,0,0,0,0,0,0,0,0,0,0,0,0
320=60263,0,111.8,0,0,0,0.911,0,0,763.828,0,111.2,109.1,110.8,115.9,0.1,0,0,0,0,0.5,0,6.3,0,0,0,0,0,0,0,0,0,0,0,0,0,0,0,0,0,0,0,0,0,0,0,0,0,0,0,0,0
321=60263,0,111.8,0,0,0,0.911,0,0,763.828,0,111.2,109.1,110.8,115.9,0.1,0,0,0,0,0.5,0,6.3,0,0,0,0,0,0,0,0,0,0,0,0,0,0,0,0,0,0,0,0,0,0,0,0,0,0,0,0,0
322=60349,0,111.8,0,0,0,0.911,0,0,763.828,0,111.2,109.1,110.8,115.9,0.1,0,0,0,0,0.5,0,6.3,0,0,0,0,0,0,0,0,0,0,0,0,0,0,0,0,0,0,0,0,0,0,0,0,0,0,0,0,0
323=60349,0,111.8,0,0,0,0.911,0,0,763.828,0,111.2,109.1,110.8,115.9,0.1,0,0,0,0,0.5,0,6.3,0,0,0,0,0,0,0,0,0,0,0,0,0,0,0,0,0,0,0,0,0,0,0,0,0,0,0,0,0
324=60386,0,112.5,0,0,0,0.911,0,0,763.828,0,111.9,109.8,111.4,115.8,0.1,0,0,0,0,0.5,0,6.2,0,0,0,0,0,0,0,0,0,0,0,0,0,0,0,0,0,0,0,0,0,0,0,0,0,0,0,0,0
325=60386,0,112.5,0,0,0,0.911,0,0,763.828,0,111.9,109.8,111.4,115.8,0.1,0,0,0,0,0.5,0,6.2,0,0,0,0,0,0,0,0,0,0,0,0,0,0,0,0,0,0,0,0,0,0,0,0,0,0,0,0,0
326=60419,0,112.5,0,0,0,0.911,0,0,763.828,0,111.9,109.8,111.4,115.8,0.1,0,0,0,0,0.5,0,6.2,0,0,0,0,0,0,0,0,0,0,0,0,0,0,0,0,0,0,0,0,0,0,0,0,0,0,0,0,0
327=60419,0,112.5,0,0,0,0.911,0,0,763.828,0,111.9,109.8,111.4,115.8,0.1,0,0,0,0,0.5,0,6.2,0,0,0,0,0,0,0,0,0,0,0,0,0,0,0,0,0,0,0,0,0,0,0,0,0,0,0,0,0
328=60481,0,112.5,0,0,0,0.911,0,0,763.828,0,111.9,109.8,111.4,115.8,0.1,0,0,0,0,0.5,0,6.2,0,0,0,0,0,0,0,0,0,0,0,0,0,0,0,0,0,0,0,0,0,0,0,0,0,0,0,0,0
329=60481,0,112.5,0,0,0,0.911,0,0,763.828,0,111.9,109.8,111.4,115.8,0.1,0,0,0,0,0.5,0,6.2,0,0,0,0,0,0,0,0,0,0,0,0,0,0,0,0,0,0,0,0,0,0,0,0,0,0,0,0,0
330=60513,0,112.5,0,0,0,0.911,0,0,763.828,0,111.9,109.8,111.4,115.8,0.1,0,0,0,0,0.5,0,6.2,0,0,0,0,0,0,0,0,0,0,0,0,0,0,0,0,0,0,0,0,0,0,0,0,0,0,0,0,0
331=60513,0,112.5,0,0,0,0.911,0,0,763.828,0,111.9,109.8,111.4,115.8,0.1,0,0,0,0,0.5,0,6.2,0,0,0,0,0,0,0,0,0,0,0,0,0,0,0,0,0,0,0,0,0,0,0,0,0,0,0,0,0
332=60554,0,113.2,0,0,0,0.911,0,0,763.828,0,112.5,110.5,111.9,115.8,0.1,0,0,0,0,0.5,0,6.2,0,0,0,0,0,0,0,0,0,0,0,0,0,0,0,0,0,0,0,0,0,0,0,0,0,0,0,0,0
333=60554,0,113.2,0,0,0,0.911,0,0,763.828,0,112.5,110.5,111.9,115.8,0.1,0,0,0,0,0.5,0,6.2,0,0,0,0,0,0,0,0,0,0,0,0,0,0,0,0,0,0,0,0,0,0,0,0,0,0,0,0,0
334=60628,0,113.2,0,0,0,0.911,0,0,763.828,0,112.5,110.5,111.9,115.8,0.1,0,0,0,0,0.5,0,6.2,0,0,0,0,0,0,0,0,0,0,0,0,0,0,0,0,0,0,0,0,0,0,0,0,0,0,0,0,0
335=60628,0,113.2,0,0,0,0.911,0,0,763.828,0,112.5,110.5,111.9,115.8,0.1,0,0,0,0,0.5,0,6.2,0,0,0,0,0,0,0,0,0,0,0,0,0,0,0,0,0,0,0,0,0,0,0,0,0,0,0,0,0
336=60669,0,113.2,0,0,0,0.911,0,0,763.828,0,112.5,110.5,111.9,115.8,0.1,0,0,0,0,0.5,0,6.2,0,0,0,0,0,0,0,0,0,0,0,0,0,0,0,0,0,0,0,0,0,0,0,0,0,0,0,0,0
337=60669,0,113.2,0,0,0,0.911,0,0,763.828,0,112.5,110.5,111.9,115.8,0.1,0,0,0,0,0.5,0,6.2,0,0,0,0,0,0,0,0,0,0,0,0,0,0,0,0,0,0,0,0,0,0,0,0,0,0,0,0,0
338=60703,0,113.2,0,0,0,0.911,0,0,763.828,0,112.5,110.5,111.9,115.8,0.1,0,0,0,0,0.5,0,6.2,0,0,0,0,0,0,0,0,0,0,0,0,0,0,0,0,0,0,0,0,0,0,0,0,0,0,0,0,0
339=60703,0,113.2,0,0,0,0.911,0,0,763.828,0,112.5,110.5,111.9,115.8,0.1,0,0,0,0,0.5,0,6.2,0,0,0,0,0,0,0,0,0,0,0,0,0,0,0,0,0,0,0,0,0,0,0,0,0,0,0,0,0
340=60776,0,113.8,0,0,0,0.911,0,0,763.828,0,113.1,111.2,112.4,115.7,0.1,0,0,0,0,0.5,0,6.2,0,0,0,0,0,0,0,0,0,0,0,0,0,0,0,0,0,0,0,0,0,0,0,0,0,0,0,0,0
341=60776,0,113.8,0,0,0,0.911,0,0,763.828,0,113.1,111.2,112.4,115.7,0.1,0,0,0,0,0.5,0,6.2,0,0,0,0,0,0,0,0,0,0,0,0,0,0,0,0,0,0,0,0,0,0,0,0,0,0,0,0,0
342=60807,0,113.8,0,0,0,0.911,0,0,763.828,0,113.1,111.2,112.4,115.7,0.1,0,0,0,0,0.5,0,6.2,0,0,0,0,0,0,0,0,0,0,0,0,0,0,0,0,0,0,0,0,0,0,0,0,0,0,0,0,0
343=60807,0,113.8,0,0,0,0.911,0,0,763.828,0,113.1,111.2,112.4,115.7,0.1,0,0,0,0,0.5,0,6.2,0,0,0,0,0,0,0,0,0,0,0,0,0,0,0,0,0,0,0,0,0,0,0,0,0,0,0,0,0
344=60838,0,113.8,0,0,0,0.911,0,0,763.828,0,113.1,111.2,112.4,115.7,0.1,0,0,0,0,0.5,0,6.2,0,0,0,0,0,0,0,0,0,0,0,0,0,0,0,0,0,0,0,0,0,0,0,0,0,0,0,0,0
345=60838,0,113.8,0,0,0,0.911,0,0,763.828,0,113.1,111.2,112.4,115.7,0.1,0,0,0,0,0.5,0,6.2,0,0,0,0,0,0,0,0,0,0,0,0,0,0,0,0,0,0,0,0,0,0,0,0,0,0,0,0,0
346=60905,0,113.8,0,0,0,0.768,0,0,763.828,0,113.1,111.2,112.4,115.7,0.1,0,0,0,0,0.5,0,6.2,0,0,0,0,0,0,0,0,0,0,0,0,0,0,0,0,0,0,0,0,0,0,0,0,0,0,0,0,0
347=60905,0,113.8,0,0,0,0.768,0,0,763.828,0,113.1,111.2,112.4,115.7,0.1,0,0,0,0,0.5,0,6.2,0,0,0,0,0,0,0,0,0,0,0,0,0,0,0,0,0,0,0,0,0,0,0,0,0,0,0,0,0
348=60936,0,113.8,0,0,0,0.768,0,0,763.828,0,113.1,111.2,112.4,115.7,0.1,0,0,0,0,0.5,0,6.2,0,0,0,0,0,0,0,0,0,0,0,0,0,0,0,0,0,0,0,0,0,0,0,0,0,0,0,0,0
349=60936,0,113.8,0,0,0,0.768,0,0,763.828,0,113.1,111.2,112.4,115.7,0.1,0,0,0,0,0.5,0,6.2,0,0,0,0,0,0,0,0,0,0,0,0,0,0,0,0,0,0,0,0,0,0,0,0,0,0,0,0,0
350=60969,0,113.8,0,0,0,0.768,0,0,763.828,0,113.1,111.2,112.4,115.7,0.1,0,0,0,0,0.5,0,6.2,0,0,0,0,0,0,0,0,0,0,0,0,0,0,0,0,0,0,0,0,0,0,0,0,0,0,0,0,0
351=60969,0,113.8,0,0,0,0.768,0,0,763.828,0,113.1,111.2,112.4,115.7,0.1,0,0,0,0,0.5,0,6.2,0,0,0,0,0,0,0,0,0,0,0,0,0,0,0,0,0,0,0,0,0,0,0,0,0,0,0,0,0
352=61036,0,114.4,0,0,0,0.768,0,0,763.828,0,113.6,111.8,112.9,115.6,0.1,0,0,0,0,0.5,0,6.1,0,0,0,0,0,0,0,0,0,0,0,0,0,0,0,0,0,0,0,0,0,0,0,0,0,0,0,0,0
353=61036,0,114.4,0,0,0,0.768,0,0,763.828,0,113.6,111.8,112.9,115.6,0.1,0,0,0,0,0.5,0,6.1,0,0,0,0,0,0,0,0,0,0,0,0,0,0,0,0,0,0,0,0,0,0,0,0,0,0,0,0,0
354=61071,0,114.4,0,0,0,0.768,0,0,763.828,0,113.6,111.8,112.9,115.6,0.1,0,0,0,0,0.5,0,6.1,0,0,0,0,0,0,0,0,0,0,0,0,0,0,0,0,0,0,0,0,0,0,0,0,0,0,0,0,0
355=61071,0,114.4,0,0,0,0.768,0,0,763.828,0,113.6,111.8,112.9,115.6,0.1,0,0,0,0,0.5,0,6.1,0,0,0,0,0,0,0,0,0,0,0,0,0,0,0,0,0,0,0,0,0,0,0,0,0,0,0,0,0
356=61102,0,114.4,0,0,0,0.768,0,0,763.828,0,113.6,111.8,112.9,115.6,0.1,0,0,0,0,0.5,0,6.1,0,0,0,0,0,0,0,0,0,0,0,0,0,0,0,0,0,0,0,0,0,0,0,0,0,0,0,0,0
357=61102,0,114.4,0,0,0,0.768,0,0,763.828,0,113.6,111.8,112.9,115.6,0.1,0,0,0,0,0.5,0,6.1,0,0,0,0,0,0,0,0,0,0,0,0,0,0,0,0,0,0,0,0,0,0,0,0,0,0,0,0,0
358=61149,0,114.4,0,0,0,0.768,0,0,763.828,0,113.6,111.8,112.9,115.6,0.1,0,0,0,0,0.5,0,6.1,0,0,0,0,0,0,0,0,0,0,0,0,0,0,0,0,0,0,0,0,0,0,0,0,0,0,0,0,0
359=61149,0,114.4,0,0,0,0.768,0,0,763.828,0,113.6,111.8,112.9,115.6,0.1,0,0,0,0,0.5,0,6.1,0,0,0,0,0,0,0,0,0,0,0,0,0,0,0,0,0,0,0,0,0,0,0,0,0,0,0,0,0
360=61222,0,115.1,0,0,0,0.768,0,0,763.828,0,114.3,112.6,113.5,115.5,0.1,0,0,0,0,0.5,0,6.1,0,0,0,0,0,0,0,0,0,0,0,0,0,0,0,0,0,0,0,0,0,0,0,0,0,0,0,0,0
361=61222,0,115.1,0,0,0,0.768,0,0,763.828,0,114.3,112.6,113.5,115.5,0.1,0,0,0,0,0.5,0,6.1,0,0,0,0,0,0,0,0,0,0,0,0,0,0,0,0,0,0,0,0,0,0,0,0,0,0,0,0,0
362=61253,0,115.1,0,0,0,0.768,0,0,763.828,0,114.3,112.6,113.5,115.5,0.1,0,0,0,0,0.5,0,6.1,0,0,0,0,0,0,0,0,0,0,0,0,0,0,0,0,0,0,0,0,0,0,0,0,0,0,0,0,0
363=61253,0,115.1,0,0,0,0.768,0,0,763.828,0,114.3,112.6,113.5,115.5,0.1,0,0,0,0,0.5,0,6.1,0,0,0,0,0,0,0,0,0,0,0,0,0,0,0,0,0,0,0,0,0,0,0,0,0,0,0,0,0
364=61303,0,115.1,0,0,0,0.768,0,0,763.828,0,114.3,112.6,113.5,115.5,0.1,0,0,0,0,0.5,0,6.1,0,0,0,0,0,0,0,0,0,0,0,0,0,0,0,0,0,0,0,0,0,0,0,0,0,0,0,0,0
365=61303,0,115.1,0,0,0,0.768,0,0,763.828,0,114.3,112.6,113.5,115.5,0.1,0,0,0,0,0.5,0,6.1,0,0,0,0,0,0,0,0,0,0,0,0,0,0,0,0,0,0,0,0,0,0,0,0,0,0,0,0,0
366=61334,0,115.1,0,0,0,0.768,0,0,763.828,0,114.3,112.6,113.5,115.5,0.1,0,0,0,0,0.5,0,6.1,0,0,0,0,0,0,0,0,0,0,0,0,0,0,0,0,0,0,0,0,0,0,0,0,0,0,0,0,0
367=61334,0,115.1,0,0,0,0.768,0,0,763.828,0,114.3,112.6,113.5,115.5,0.1,0,0,0,0,0.5,0,6.1,0,0,0,0,0,0,0,0,0,0,0,0,0,0,0,0,0,0,0,0,0,0,0,0,0,0,0,0,0
368=61365,0,115.1,0,0,0,0.768,0,0,763.828,0,114.3,112.6,113.5,115.5,0.1,0,0,0,0,0.5,0,6.1,0,0,0,0,0,0,0,0,0,0,0,0,0,0,0,0,0,0,0,0,0,0,0,0,0,0,0,0,0
369=61365,0,115.1,0,0,0,0.768,0,0,763.828,0,114.3,112.6,113.5,115.5,0.1,0,0,0,0,0.5,0,6.1,0,0,0,0,0,0,0,0,0,0,0,0,0,0,0,0,0,0,0,0,0,0,0,0,0,0,0,0,0
370=61397,0,115.6,0,0,0,0.768,0,0,763.828,0,114.7,113.1,113.9,115.5,0.1,0,0,0,0,0.5,0,6.1,0,0,0,0,0,0,0,0,0,0,0,0,0,0,0,0,0,0,0,0,0,0,0,0,0,0,0,0,0
371=61397,0,115.6,0,0,0,0.768,0,0,763.828,0,114.7,113.1,113.9,115.5,0.1,0,0,0,0,0.5,0,6.1,0,0,0,0,0,0,0,0,0,0,0,0,0,0,0,0,0,0,0,0,0,0,0,0,0,0,0,0,0
372=61472,0,115.6,0,0,0,0.768,0,0,763.828,0,114.7,113.1,113.9,115.5,0.1,0,0,0,0,0.5,0,6.1,0,0,0,0,0,0,0,0,0,0,0,0,0,0,0,0,0,0,0,0,0,0,0,0,0,0,0,0,0
373=61472,0,115.6,0,0,0,0.768,0,0,763.828,0,114.7,113.1,113.9,115.5,0.1,0,0,0,0,0.5,0,6.1,0,0,0,0,0,0,0,0,0,0,0,0,0,0,0,0,0,0,0,0,0,0,0,0,0,0,0,0,0
374=61503,0,115.6,0,0,0,0.768,0,0,763.828,0,114.7,113.1,113.9,115.5,0.1,0,0,0,0,0.5,0,6.1,0,0,0,0,0,0,0,0,0,0,0,0,0,0,0,0,0,0,0,0,0,0,0,0,0,0,0,0,0
375=61503,0,115.6,0,0,0,0.768,0,0,763.828,0,114.7,113.1,113.9,115.5,0.1,0,0,0,0,0.5,0,6.1,0,0,0,0,0,0,0,0,0,0,0,0,0,0,0,0,0,0,0,0,0,0,0,0,0,0,0,0,0
376=61566,0,115.6,0,0,0,0.768,0,0,763.828,0,114.7,113.1,113.9,115.5,0.1,0,0,0,0,0.5,0,6.1,0,0,0,0,0,0,0,0,0,0,0,0,0,0,0,0,0,0,0,0,0,0,0,0,0,0,0,0,0
377=61566,0,115.6,0,0,0,0.768,0,0,763.828,0,114.7,113.1,113.9,115.5,0.1,0,0,0,0,0.5,0,6.1,0,0,0,0,0,0,0,0,0,0,0,0,0,0,0,0,0,0,0,0,0,0,0,0,0,0,0,0,0
378=61603,0,116.1,0,0,0,0.768,0,0,763.828,0,115.2,113.7,114.3,115.4,0.1,0,0,0,0,0.5,0,6.1,0,0,0,0,0,0,0,0,0,0,0,0,0,0,0,0,0,0,0,0,0,0,0,0,0,0,0,0,0
379=61603,0,116.1,0,0,0,0.768,0,0,763.828,0,115.2,113.7,114.3,115.4,0.1,0,0,0,0,0.5,0,6.1,0,0,0,0,0,0,0,0,0,0,0,0,0,0,0,0,0,0,0,0,0,0,0,0,0,0,0,0,0
380=61638,0,116.1,0,0,0,0.768,0,0,763.828,0,115.2,113.7,114.3,115.4,0.1,0,0,0,0,0.5,0,6.1,0,0,0,0,0,0,0,0,0,0,0,0,0,0,0,0,0,0,0,0,0,0,0,0,0,0,0,0,0
381=61638,0,116.1,0,0,0,0.768,0,0,763.828,0,115.2,113.7,114.3,115.4,0.1,0,0,0,0,0.5,0,6.1,0,0,0,0,0,0,0,0,0,0,0,0,0,0,0,0,0,0,0,0,0,0,0,0,0,0,0,0,0
382=61670,0,116.1,0,0,0,0.768,0,0,763.828,0,115.2,113.7,114.3,115.4,0.1,0,0,0,0,0.5,0,6.1,0,0,0,0,0,0,0,0,0,0,0,0,0,0,0,0,0,0,0,0,0,0,0,0,0,0,0,0,0
383=61670,0,116.1,0,0,0,0.768,0,0,763.828,0,115.2,113.7,114.3,115.4,0.1,0,0,0,0,0.5,0,6.1,0,0,0,0,0,0,0,0,0,0,0,0,0,0,0,0,0,0,0,0,0,0,0,0,0,0,0,0,0
384=61748,0,116.1,0,0,0,0.768,0,0,763.828,0,115.2,113.7,114.3,115.4,0.1,0,0,0,0,0.5,0,6.1,0,0,0,0,0,0,0,0,0,0,0,0,0,0,0,0,0,0,0,0,0,0,0,0,0,0,0,0,0
385=61748,0,116.1,0,0,0,0.768,0,0,763.828,0,115.2,113.7,114.3,115.4,0.1,0,0,0,0,0.5,0,6.1,0,0,0,0,0,0,0,0,0,0,0,0,0,0,0,0,0,0,0,0,0,0,0,0,0,0,0,0,0
386=61779,0,116.1,0,0,0,0.768,0,0,763.828,0,115.2,113.7,114.3,115.4,0.1,0,0,0,0,0.5,0,6.1,0,0,0,0,0,0,0,0,0,0,0,0,0,0,0,0,0,0,0,0,0,0,0,0,0,0,0,0,0
387=61779,0,116.1,0,0,0,0.768,0,0,763.828,0,115.2,113.7,114.3,115.4,0.1,0,0,0,0,0.5,0,6.1,0,0,0,0,0,0,0,0,0,0,0,0,0,0,0,0,0,0,0,0,0,0,0,0,0,0,0,0,0
388=61842,0,116.7,0,0,0,0.768,0,0,763.828,0,115.8,114.3,114.8,115.3,0.1,0,0,0,0,0.5,0,6.1,0,0,0,0,0,0,0,0,0,0,0,0,0,0,0,0,0,0,0,0,0,0,0,0,0,0,0,0,0
389=61842,0,116.7,0,0,0,0.768,0,0,763.828,0,115.8,114.3,114.8,115.3,0.1,0,0,0,0,0.5,0,6.1,0,0,0,0,0,0,0,0,0,0,0,0,0,0,0,0,0,0,0,0,0,0,0,0,0,0,0,0,0
390=61871,0,116.7,0,0,0,0.768,0,0,763.828,0,115.8,114.3,114.8,115.3,0.1,0,0,0,0,0.5,0,6.1,0,0,0,0,0,0,0,0,0,0,0,0,0,0,0,0,0,0,0,0,0,0,0,0,0,0,0,0,0
391=61871,0,116.7,0,0,0,0.768,0,0,763.828,0,115.8,114.3,114.8,115.3,0.1,0,0,0,0,0.5,0,6.1,0,0,0,0,0,0,0,0,0,0,0,0,0,0,0,0,0,0,0,0,0,0,0,0,0,0,0,0,0
392=61904,0,116.7,0,0,0,0.768,0,0,763.828,0,115.8,114.3,114.8,115.3,0.1,0,0,0,0,0.5,0,6.1,0,0,0,0,0,0,0,0,0,0,0,0,0,0,0,0,0,0,0,0,0,0,0,0,0,0,0,0,0
393=61904,0,116.7,0,0,0,0.768,0,0,763.828,0,115.8,114.3,114.8,115.3,0.1,0,0,0,0,0.5,0,6.1,0,0,0,0,0,0,0,0,0,0,0,0,0,0,0,0,0,0,0,0,0,0,0,0,0,0,0,0,0
394=62003,0,116.7,0,0,0,0.768,0,0,763.828,0,115.8,114.3,114.8,115.3,0.1,0,0,0,0,0.5,0,6.1,0,0,0,0,0,0,0,0,0,0,0,0,0,0,0,0,0,0,0,0,0,0,0,0,0,0,0,0,0
395=62003,0,116.7,0,0,0,0.768,0,0,763.828,0,115.8,114.3,114.8,115.3,0.1,0,0,0,0,0.5,0,6.1,0,0,0,0,0,0,0,0,0,0,0,0,0,0,0,0,0,0,0,0,0,0,0,0,0,0,0,0,0
396=62027,0,117.2,0,0,0,0.768,0,0,763.828,0,116.3,114.9,115.2,115.3,0.1,0,0,0,0,0.5,0,6.1,0,0,0,0,0,0,0,0,0,0,0,0,0,0,0,0,0,0,0,0,0,0,0,0,0,0,0,0,0
397=62027,0,117.2,0,0,0,0.768,0,0,763.828,0,116.3,114.9,115.2,115.3,0.1,0,0,0,0,0.5,0,6.1,0,0,0,0,0,0,0,0,0,0,0,0,0,0,0,0,0,0,0,0,0,0,0,0,0,0,0,0,0
398=62054,0,117.2,0,0,0,0.768,0,0,763.828,0,116.3,114.9,115.2,115.3,0.1,0,0,0,0,0.5,0,6.1,0,0,0,0,0,0,0,0,0,0,0,0,0,0,0,0,0,0,0,0,0,0,0,0,0,0,0,0,0
399=62054,0,117.2,0,0,0,0.768,0,0,763.828,0,116.3,114.9,115.2,115.3,0.1,0,0,0,0,0.5,0,6.1,0,0,0,0,0,0,0,0,0,0,0,0,0,0,0,0,0,0,0,0,0,0,0,0,0,0,0,0,0
400=62132,0,117.2,0,0,0,0.768,0,0,763.828,0,116.3,114.9,115.2,115.3,0.1,0,0,0,0,0.5,0,6.1,0,0,0,0,0,0,0,0,0,0,0,0,0,0,0,0,0,0,0,0,0,0,0,0,0,0,0,0,0
401=62132,0,117.2,0,0,0,0.768,0,0,763.828,0,116.3,114.9,115.2,115.3,0.1,0,0,0,0,0.5,0,6.1,0,0,0,0,0,0,0,0,0,0,0,0,0,0,0,0,0,0,0,0,0,0,0,0,0,0,0,0,0
402=62170,0,117.2,0,0,0,0.768,0,0,763.828,0,116.3,114.9,115.2,115.3,0.1,0,0,0,0,0.5,0,6.1,0,0,0,0,0,0,0,0,0,0,0,0,0,0,0,0,0,0,0,0,0,0,0,0,0,0,0,0,0
403=62170,0,117.2,0,0,0,0.768,0,0,763.828,0,116.3,114.9,115.2,115.3,0.1,0,0,0,0,0.5,0,6.1,0,0,0,0,0,0,0,0,0,0,0,0,0,0,0,0,0,0,0,0,0,0,0,0,0,0,0,0,0
404=62201,0,117.2,0,0,0,0.768,0,0,763.828,0,116.3,114.9,115.2,115.3,0.1,0,0,0,0,0.5,0,6.1,0,0,0,0,0,0,0,0,0,0,0,0,0,0,0,0,0,0,0,0,0,0,0,0,0,0,0,0,0
405=62201,0,117.2,0,0,0,0.768,0,0,763.828,0,116.3,114.9,115.2,115.3,0.1,0,0,0,0,0.5,0,6.1,0,0,0,0,0,0,0,0,0,0,0,0,0,0,0,0,0,0,0,0,0,0,0,0,0,0,0,0,0
406=62268,0,117.7,0,0,0,0.768,0,0,763.828,0,116.7,115.4,115.6,115.2,0.1,0,0,0,0,0.5,0,6.1,0,0,0,0,0,0,0,0,0,0,0,0,0,0,0,0,0,0,0,0,0,0,0,0,0,0,0,0,0
407=62268,0,117.7,0,0,0,0.768,0,0,763.828,0,116.7,115.4,115.6,115.2,0.1,0,0,0,0,0.5,0,6.1,0,0,0,0,0,0,0,0,0,0,0,0,0,0,0,0,0,0,0,0,0,0,0,0,0,0,0,0,0
408=62299,0,117.7,0,0,0,0.768,0,0,763.828,0,116.7,115.4,115.6,115.2,0.1,0,0,0,0,0.5,0,6.1,0,0,0,0,0,0,0,0,0,0,0,0,0,0,0,0,0,0,0,0,0,0,0,0,0,0,0,0,0
409=62299,0,117.7,0,0,0,0.768,0,0,763.828,0,116.7,115.4,115.6,115.2,0.1,0,0,0,0,0.5,0,6.1,0,0,0,0,0,0,0,0,0,0,0,0,0,0,0,0,0,0,0,0,0,0,0,0,0,0,0,0,0
410=62338,0,117.7,0,0,0,0.768,0,0,763.828,0,116.7,115.4,115.6,115.2,0.1,0,0,0,0,0.5,0,6.1,0,0,0,0,0,0,0,0,0,0,0,0,0,0,0,0,0,0,0,0,0,0,0,0,0,0,0,0,0
411=62338,0,117.7,0,0,0,0.768,0,0,763.828,0,116.7,115.4,115.6,115.2,0.1,0,0,0,0,0.5,0,6.1,0,0,0,0,0,0,0,0,0,0,0,0,0,0,0,0,0,0,0,0,0,0,0,0,0,0,0,0,0
412=62405,0,117.7,0,0,0,0.532,0,0,763.828,0,116.7,115.4,115.6,115.2,0.1,0,0,0,0,0.5,0,6.1,0,0,0,0,0,0,0,0,0,0,0,0,0,0,0,0,0,0,0,0,0,0,0,0,0,0,0,0,0
413=62405,0,117.7,0,0,0,0.532,0,0,763.828,0,116.7,115.4,115.6,115.2,0.1,0,0,0,0,0.5,0,6.1,0,0,0,0,0,0,0,0,0,0,0,0,0,0,0,0,0,0,0,0,0,0,0,0,0,0,0,0,0
414=62436,0,118.2,0,0,0,0.532,0,0,763.828,0,117.2,116,116,115.2,0.1,0,0,0,0,0.5,0,6.1,0,0,0,0,0,0,0,0,0,0,0,0,0,0,0,0,0,0,0,0,0,0,0,0,0,0,0,0,0
415=62436,0,118.2,0,0,0,0.532,0,0,763.828,0,117.2,116,116,115.2,0.1,0,0,0,0,0.5,0,6.1,0,0,0,0,0,0,0,0,0,0,0,0,0,0,0,0,0,0,0,0,0,0,0,0,0,0,0,0,0
416=62473,0,118.2,0,0,0,0.532,0,0,763.828,0,117.2,116,116,115.2,0.1,0,0,0,0,0.5,0,6.1,0,0,0,0,0,0,0,0,0,0,0,0,0,0,0,0,0,0,0,0,0,0,0,0,0,0,0,0,0
417=62473,0,118.2,0,0,0,0.532,0,0,763.828,0,117.2,116,116,115.2,0.1,0,0,0,0,0.5,0,6.1,0,0,0,0,0,0,0,0,0,0,0,0,0,0,0,0,0,0,0,0,0,0,0,0,0,0,0,0,0
418=62535,0,118.2,0,0,0,0.532,0,0,763.828,0,117.2,116,116,115.2,0.1,0,0,0,0,0.5,0,6.1,0,0,0,0,0,0,0,0,0,0,0,0,0,0,0,0,0,0,0,0,0,0,0,0,0,0,0,0,0
419=62535,0,118.2,0,0,0,0.532,0,0,763.828,0,117.2,116,116,115.2,0.1,0,0,0,0,0.5,0,6.1,0,0,0,0,0,0,0,0,0,0,0,0,0,0,0,0,0,0,0,0,0,0,0,0,0,0,0,0,0
420=62588,0,118.2,0,0,0,0.532,0,0,763.828,0,117.2,116,116,115.2,0.1,0,0,0,0,0.5,0,6.1,0,0,0,0,0,0,0,0,0,0,0,0,0,0,0,0,0,0,0,0,0,0,0,0,0,0,0,0,0
421=62588,0,118.2,0,0,0,0.532,0,0,763.828,0,117.2,116,116,115.2,0.1,0,0,0,0,0.5,0,6.1,0,0,0,0,0,0,0,0,0,0,0,0,0,0,0,0,0,0,0,0,0,0,0,0,0,0,0,0,0
422=62620,0,118.2,0,0,0,0.532,0,0,763.828,0,117.2,116,116,115.2,0.1,0,0,0,0,0.5,0,6.1,0,0,0,0,0,0,0,0,0,0,0,0,0,0,0,0,0,0,0,0,0,0,0,0,0,0,0,0,0
423=62620,0,118.2,0,0,0,0.532,0,0,763.828,0,117.2,116,116,115.2,0.1,0,0,0,0,0.5,0,6.1,0,0,0,0,0,0,0,0,0,0,0,0,0,0,0,0,0,0,0,0,0,0,0,0,0,0,0,0,0
424=62671,0,118.6,0,0,0,0.532,0,0,763.828,0,117.6,116.5,116.3,115.1,0.1,0,0,0,0,0.5,0,6.1,0,0,0,0,0,0,0,0,0,0,0,0,0,0,0,0,0,0,0,0,0,0,0,0,0,0,0,0,0
425=62671,0,118.6,0,0,0,0.532,0,0,763.828,0,117.6,116.5,116.3,115.1,0.1,0,0,0,0,0.5,0,6.1,0,0,0,0,0,0,0,0,0,0,0,0,0,0,0,0,0,0,0,0,0,0,0,0,0,0,0,0,0
426=62707,0,118.6,0,0,0,0.532,0,0,763.828,0,117.6,116.5,116.3,115.1,0.1,0,0,0,0,0.5,0,6.1,0,0,0,0,0,0,0,0,0,0,0,0,0,0,0,0,0,0,0,0,0,0,0,0,0,0,0,0,0
427=62707,0,118.6,0,0,0,0.532,0,0,763.828,0,117.6,116.5,116.3,115.1,0.1,0,0,0,0,0.5,0,6.1,0,0,0,0,0,0,0,0,0,0,0,0,0,0,0,0,0,0,0,0,0,0,0,0,0,0,0,0,0
428=62739,0,118.6,0,0,0,0.532,0,0,763.828,0,117.6,116.5,116.3,115.1,0.1,0,0,0,0,0.5,0,6.1,0,0,0,0,0,0,0,0,0,0,0,0,0,0,0,0,0,0,0,0,0,0,0,0,0,0,0,0,0
429=62739,0,118.6,0,0,0,0.532,0,0,763.828,0,117.6,116.5,116.3,115.1,0.1,0,0,0,0,0.5,0,6.1,0,0,0,0,0,0,0,0,0,0,0,0,0,0,0,0,0,0,0,0,0,0,0,0,0,0,0,0,0
430=62820,0,118.6,0,0,0,0.532,0,0,763.828,0,117.6,116.5,116.3,115.1,0.1,0,0,0,0,0.5,0,6.1,0,0,0,0,0,0,0,0,0,0,0,0,0,0,0,0,0,0,0,0,0,0,0,0,0,0,0,0,0
431=62820,0,118.6,0,0,0,0.532,0,0,763.828,0,117.6,116.5,116.3,115.1,0.1,0,0,0,0,0.5,0,6.1,0,0,0,0,0,0,0,0,0,0,0,0,0,0,0,0,0,0,0,0,0,0,0,0,0,0,0,0,0
432=62851,0,119.1,0,0,0,0.532,0,0,763.828,0,118.1,117,116.7,115.1,0.1,0,0,0,0,0.5,0,6.1,0,0,0,0,0,0,0,0,0,0,0,0,0,0,0,0,0,0,0,0,0,0,0,0,0,0,0,0,0
433=62851,0,119.1,0,0,0,0.532,0,0,763.828,0,118.1,117,116.7,115.1,0.1,0,0,0,0,0.5,0,6.1,0,0,0,0,0,0,0,0,0,0,0,0,0,0,0,0,0,0,0,0,0,0,0,0,0,0,0,0,0
434=62888,0,119.1,0,0,0,0.532,0,0,763.828,0,118.1,117,116.7,115.1,0.1,0,0,0,0,0.5,0,6.1,0,0,0,0,0,0,0,0,0,0,0,0,0,0,0,0,0,0,0,0,0,0,0,0,0,0,0,0,0
435=62888,0,119.1,0,0,0,0.532,0,0,763.828,0,118.1,117,116.7,115.1,0.1,0,0,0,0,0.5,0,6.1,0,0,0,0,0,0,0,0,0,0,0,0,0,0,0,0,0,0,0,0,0,0,0,0,0,0,0,0,0
436=62950,0,119.1,0,0,0,0.532,0,0,763.828,0,118.1,117,116.7,115.1,0.1,0,0,0,0,0.5,0,6.1,0,0,0,0,0,0,0,0,0,0,0,0,0,0,0,0,0,0,0,0,0,0,0,0,0,0,0,0,0
437=62950,0,119.1,0,0,0,0.532,0,0,763.828,0,118.1,117,116.7,115.1,0.1,0,0,0,0,0.5,0,6.1,0,0,0,0,0,0,0,0,0,0,0,0,0,0,0,0,0,0,0,0,0,0,0,0,0,0,0,0,0
438=62981,0,119.1,0,0,0,0.532,0,0,763.828,0,118.1,117,116.7,115.1,0.1,0,0,0,0,0.5,0,6.1,0,0,0,0,0,0,0,0,0,0,0,0,0,0,0,0,0,0,0,0,0,0,0,0,0,0,0,0,0
439=62981,0,119.1,0,0,0,0.532,0,0,763.828,0,118.1,117,116.7,115.1,0.1,0,0,0,0,0.5,0,6.1,0,0,0,0,0,0,0,0,0,0,0,0,0,0,0,0,0,0,0,0,0,0,0,0,0,0,0,0,0
440=63040,0,119.1,0,0,0,0.532,0,0,763.828,0,118.1,117,116.7,115.1,0.1,0,0,0,0,0.5,0,6.1,0,0,0,0,0,0,0,0,0,0,0,0,0,0,0,0,0,0,0,0,0,0,0,0,0,0,0,0,0
441=63040,0,119.1,0,0,0,0.532,0,0,763.828,0,118.1,117,116.7,115.1,0.1,0,0,0,0,0.5,0,6.1,0,0,0,0,0,0,0,0,0,0,0,0,0,0,0,0,0,0,0,0,0,0,0,0,0,0,0,0,0
442=63108,0,119.6,0,0,0,0.532,0,0,763.828,0,118.5,117.5,117.1,115,0.1,0,0,0,0,0.5,0,6.1,0,0,0,0,0,0,0,0,0,0,0,0,0,0,0,0,0,0,0,0,0,0,0,0,0,0,0,0,0
443=63108,0,119.6,0,0,0,0.532,0,0,763.828,0,118.5,117.5,117.1,115,0.1,0,0,0,0,0.5,0,6.1,0,0,0,0,0,0,0,0,0,0,0,0,0,0,0,0,0,0,0,0,0,0,0,0,0,0,0,0,0
444=63139,0,119.6,0,0,0,0.532,0,0,763.828,0,118.5,117.5,117.1,115,0.1,0,0,0,0,0.5,0,6.1,0,0,0,0,0,0,0,0,0,0,0,0,0,0,0,0,0,0,0,0,0,0,0,0,0,0,0,0,0
445=63139,0,119.6,0,0,0,0.532,0,0,763.828,0,118.5,117.5,117.1,115,0.1,0,0,0,0,0.5,0,6.1,0,0,0,0,0,0,0,0,0,0,0,0,0,0,0,0,0,0,0,0,0,0,0,0,0,0,0,0,0
446=63170,0,119.6,0,0,0,0.532,0,0,763.828,0,118.5,117.5,117.1,115,0.1,0,0,0,0,0.5,0,6.1,0,0,0,0,0,0,0,0,0,0,0,0,0,0,0,0,0,0,0,0,0,0,0,0,0,0,0,0,0
447=63170,0,119.6,0,0,0,0.532,0,0,763.828,0,118.5,117.5,117.1,115,0.1,0,0,0,0,0.5,0,6.1,0,0,0,0,0,0,0,0,0,0,0,0,0,0,0,0,0,0,0,0,0,0,0,0,0,0,0,0,0
448=63221,0,119.6,0,0,0,0.532,0,0,763.828,0,118.5,117.5,117.1,115,0.1,0,0,0,0,0.5,0,6.1,0,0,0,0,0,0,0,0,0,0,0,0,0,0,0,0,0,0,0,0,0,0,0,0,0,0,0,0,0
449=63221,0,119.6,0,0,0,0.532,0,0,763.828,0,118.5,117.5,117.1,115,0.1,0,0,0,0,0.5,0,6.1,0,0,0,0,0,0,0,0,0,0,0,0,0,0,0,0,0,0,0,0,0,0,0,0,0,0,0,0,0
450=63268,0,119.6,0,0,0,0.532,0,0,763.828,0,118.5,117.5,117.1,115,0.1,0,0,0,0,0.5,0,6.1,0,0,0,0,0,0,0,0,0,0,0,0,0,0,0,0,0,0,0,0,0,0,0,0,0,0,0,0,0
451=63268,0,119.6,0,0,0,0.532,0,0,763.828,0,118.5,117.5,117.1,115,0.1,0,0,0,0,0.5,0,6.1,0,0,0,0,0,0,0,0,0,0,0,0,0,0,0,0,0,0,0,0,0,0,0,0,0,0,0,0,0
452=63299,0,120,0,0,0,0.532,0,0,763.828,0,119,118,117.4,114.9,0.1,0,0,0,0,0.5,0,6.1,0,0,0,0,0,0,0,0,0,0,0,0,0,0,0,0,0,0,0,0,0,0,0,0,0,0,0,0,0
453=63299,0,120,0,0,0,0.532,0,0,763.828,0,119,118,117.4,114.9,0.1,0,0,0,0,0.5,0,6.1,0,0,0,0,0,0,0,0,0,0,0,0,0,0,0,0,0,0,0,0,0,0,0,0,0,0,0,0,0
454=63373,0,120,0,0,0,0.532,0,0,763.828,0,119,118,117.4,114.9,0.1,0,0,0,0,0.5,0,6.1,0,0,0,0,0,0,0,0,0,0,0,0,0,0,0,0,0,0,0,0,0,0,0,0,0,0,0,0,0
455=63373,0,120,0,0,0,0.532,0,0,763.828,0,119,118,117.4,114.9,0.1,0,0,0,0,0.5,0,6.1,0,0,0,0,0,0,0,0,0,0,0,0,0,0,0,0,0,0,0,0,0,0,0,0,0,0,0,0,0
456=63405,0,120,0,0,0,0.532,0,0,763.828,0,119,118,117.4,114.9,0.1,0,0,0,0,0.5,0,6.1,0,0,0,0,0,0,0,0,0,0,0,0,0,0,0,0,0,0,0,0,0,0,0,0,0,0,0,0,0
457=63405,0,120,0,0,0,0.532,0,0,763.828,0,119,118,117.4,114.9,0.1,0,0,0,0,0.5,0,6.1,0,0,0,0,0,0,0,0,0,0,0,0,0,0,0,0,0,0,0,0,0,0,0,0,0,0,0,0,0
458=63438,0,120,0,0,0,0.532,0,0,763.828,0,119,118,117.4,114.9,0.1,0,0,0,0,0.5,0,6.1,0,0,0,0,0,0,0,0,0,0,0,0,0,0,0,0,0,0,0,0,0,0,0,0,0,0,0,0,0
459=63438,0,120,0,0,0,0.532,0,0,763.828,0,119,118,117.4,114.9,0.1,0,0,0,0,0.5,0,6.1,0,0,0,0,0,0,0,0,0,0,0,0,0,0,0,0,0,0,0,0,0,0,0,0,0,0,0,0,0
460=63469,0,120,0,0,0,0.532,0,0,763.828,0,119,118,117.4,114.9,0.1,0,0,0,0,0.5,0,6.1,0,0,0,0,0,0,0,0,0,0,0,0,0,0,0,0,0,0,0,0,0,0,0,0,0,0,0,0,0
461=63469,0,120,0,0,0,0.532,0,0,763.828,0,119,118,117.4,114.9,0.1,0,0,0,0,0.5,0,6.1,0,0,0,0,0,0,0,0,0,0,0,0,0,0,0,0,0,0,0,0,0,0,0,0,0,0,0,0,0
462=63547,0,120.5,0,0,0,0.532,0,0,763.828,0,119.4,118.5,117.8,114.9,0.1,0,0,0,0,0.5,0,6.1,0,0,0,0,0,0,0,0,0,0,0,0,0,0,0,0,0,0,0,0,0,0,0,0,0,0,0,0,0
463=63547,0,120.5,0,0,0,0.532,0,0,763.828,0,119.4,118.5,117.8,114.9,0.1,0,0,0,0,0.5,0,6.1,0,0,0,0,0,0,0,0,0,0,0,0,0,0,0,0,0,0,0,0,0,0,0,0,0,0,0,0,0
464=63588,0,120.5,0,0,0,0.532,0,0,763.828,0,119.4,118.5,117.8,114.9,0.1,0,0,0,0,0.5,0,6.1,0,0,0,0,0,0,0,0,0,0,0,0,0,0,0,0,0,0,0,0,0,0,0,0,0,0,0,0,0
465=63588,0,120.5,0,0,0,0.532,0,0,763.828,0,119.4,118.5,117.8,114.9,0.1,0,0,0,0,0.5,0,6.1,0,0,0,0,0,0,0,0,0,0,0,0,0,0,0,0,0,0,0,0,0,0,0,0,0,0,0,0,0
466=63619,0,120.5,0,0,0,0.532,0,0,763.828,0,119.4,118.5,117.8,114.9,0.1,0,0,0,0,0.5,0,6.1,0,0,0,0,0,0,0,0,0,0,0,0,0,0,0,0,0,0,0,0,0,0,0,0,0,0,0,0,0
467=63619,0,120.5,0,0,0,0.532,0,0,763.828,0,119.4,118.5,117.8,114.9,0.1,0,0,0,0,0.5,0,6.1,0,0,0,0,0,0,0,0,0,0,0,0,0,0,0,0,0,0,0,0,0,0,0,0,0,0,0,0,0
468=63686,0,120.5,0,0,0,0.532,0,0,763.828,0,119.4,118.5,117.8,114.9,0.1,0,0,0,0,0.5,0,6.1,0,0,0,0,0,0,0,0,0,0,0,0,0,0,0,0,0,0,0,0,0,0,0,0,0,0,0,0,0
469=63686,0,120.5,0,0,0,0.532,0,0,763.828,0,119.4,118.5,117.8,114.9,0.1,0,0,0,0,0.5,0,6.1,0,0,0,0,0,0,0,0,0,0,0,0,0,0,0,0,0,0,0,0,0,0,0,0,0,0,0,0,0
470=63721,0,120.5,0,0,0,0.532,0,0,763.828,0,119.4,118.5,117.8,114.9,0.1,0,0,0,0,0.5,0,6.1,0,0,0,0,0,0,0,0,0,0,0,0,0,0,0,0,0,0,0,0,0,0,0,0,0,0,0,0,0
471=63721,0,120.5,0,0,0,0.532,0,0,763.828,0,119.4,118.5,117.8,114.9,0.1,0,0,0,0,0.5,0,6.1,0,0,0,0,0,0,0,0,0,0,0,0,0,0,0,0,0,0,0,0,0,0,0,0,0,0,0,0,0
472=63768,0,120.9,0,0,0,0.532,0,0,763.828,0,119.8,119,118.1,114.8,0.1,0,0,0,0,0.5,0,6.1,0,0,0,0,0,0,0,0,0,0,0,0,0,0,0,0,0,0,0,0,0,0,0,0,0,0,0,0,0
473=63768,0,120.9,0,0,0,0.532,0,0,763.828,0,119.8,119,118.1,114.8,0.1,0,0,0,0,0.5,0,6.1,0,0,0,0,0,0,0,0,0,0,0,0,0,0,0,0,0,0,0,0,0,0,0,0,0,0,0,0,0
474=63831,0,120.9,0,0,0,0.532,0,0,763.828,0,119.8,119,118.1,114.8,0.1,0,0,0,0,0.5,0,6.1,0,0,0,0,0,0,0,0,0,0,0,0,0,0,0,0,0,0,0,0,0,0,0,0,0,0,0,0,0
475=63831,0,120.9,0,0,0,0.532,0,0,763.828,0,119.8,119,118.1,114.8,0.1,0,0,0,0,0.5,0,6.1,0,0,0,0,0,0,0,0,0,0,0,0,0,0,0,0,0,0,0,0,0,0,0,0,0,0,0,0,0
476=63872,0,120.9,0,0,0,0.532,0,0,763.828,0,119.8,119,118.1,114.8,0.1,0,0,0,0,0.5,0,6.1,0,0,0,0,0,0,0,0,0,0,0,0,0,0,0,0,0,0,0,0,0,0,0,0,0,0,0,0,0
477=63872,0,120.9,0,0,0,0.532,0,0,763.828,0,119.8,119,118.1,114.8,0.1,0,0,0,0,0.5,0,6.1,0,0,0,0,0,0,0,0,0,0,0,0,0,0,0,0,0,0,0,0,0,0,0,0,0,0,0,0,0
478=63906,0,120.9,0,0,0,0.532,0,0,763.828,0,119.8,119,118.1,114.8,0.1,0,0,0,0,0.5,0,6.1,0,0,0,0,0,0,0,0,0,0,0,0,0,0,0,0,0,0,0,0,0,0,0,0,0,0,0,0,0
479=63906,0,120.9,0,0,0,0.532,0,0,763.828,0,119.8,119,118.1,114.8,0.1,0,0,0,0,0.5,0,6.1,0,0,0,0,0,0,0,0,0,0,0,0,0,0,0,0,0,0,0,0,0,0,0,0,0,0,0,0,0
480=63979,0,120.9,0,0,0,0.381,0,0,763.828,0,119.8,119,118.1,114.8,0.1,0,0,0,0,0.5,0,6.1,0,0,0,0,0,0,0,0,0,0,0,0,0,0,0,0,0,0,0,0,0,0,0,0,0,0,0,0,0
481=63979,0,120.9,0,0,0,0.381,0,0,763.828,0,119.8,119,118.1,114.8,0.1,0,0,0,0,0.5,0,6.1,0,0,0,0,0,0,0,0,0,0,0,0,0,0,0,0,0,0,0,0,0,0,0,0,0,0,0,0,0
482=64026,0,121.3,0,0,0,0.381,0,0,763.828,0,120.2,119.5,118.5,114.8,0.1,0,0,0,0,0.5,0,6.1,0,0,0,0,0,0,0,0,0,0,0,0,0,0,0,0,0,0,0,0,0,0,0,0,0,0,0,0,0
483=64026,0,121.3,0,0,0,0.381,0,0,763.828,0,120.2,119.5,118.5,114.8,0.1,0,0,0,0,0.5,0,6.1,0,0,0,0,0,0,0,0,0,0,0,0,0,0,0,0,0,0,0,0,0,0,0,0,0,0,0,0,0
484=64091,0,121.3,0,0,0,0.381,0,0,763.828,0,120.2,119.5,118.5,114.8,0.1,0,0,0,0,0.5,0,6.1,0,0,0,0,0,0,0,0,0,0,0,0,0,0,0,0,0,0,0,0,0,0,0,0,0,0,0,0,0
485=64091,0,121.3,0,0,0,0.381,0,0,763.828,0,120.2,119.5,118.5,114.8,0.1,0,0,0,0,0.5,0,6.1,0,0,0,0,0,0,0,0,0,0,0,0,0,0,0,0,0,0,0,0,0,0,0,0,0,0,0,0,0
486=64138,0,121.3,0,0,0,0.381,0,0,763.828,0,120.2,119.5,118.5,114.8,0.1,0,0,0,0,0.5,0,6.1,0,0,0,0,0,0,0,0,0,0,0,0,0,0,0,0,0,0,0,0,0,0,0,0,0,0,0,0,0
487=64138,0,121.3,0,0,0,0.381,0,0,763.828,0,120.2,119.5,118.5,114.8,0.1,0,0,0,0,0.5,0,6.1,0,0,0,0,0,0,0,0,0,0,0,0,0,0,0,0,0,0,0,0,0,0,0,0,0,0,0,0,0
488=64169,0,121.3,0,0,0,0.381,0,0,763.828,0,120.2,119.5,118.5,114.8,0.1,0,0,0,0,0.5,0,6.1,0,0,0,0,0,0,0,0,0,0,0,0,0,0,0,0,0,0,0,0,0,0,0,0,0,0,0,0,0
489=64169,0,121.3,0,0,0,0.381,0,0,763.828,0,120.2,119.5,118.5,114.8,0.1,0,0,0,0,0.5,0,6.1,0,0,0,0,0,0,0,0,0,0,0,0,0,0,0,0,0,0,0,0,0,0,0,0,0,0,0,0,0
490=64237,0,121.6,0,0,0,0.381,0,0,763.828,0,120.5,119.8,118.7,114.7,0.1,0,0,0,0,0.5,0,6,0,0,0,0,0,0,0,0,0,0,0,0,0,0,0,0,0,0,0,0,0,0,0,0,0,0,0,0,0
491=64237,0,121.6,0,0,0,0.381,0,0,763.828,0,120.5,119.8,118.7,114.7,0.1,0,0,0,0,0.5,0,6,0,0,0,0,0,0,0,0,0,0,0,0,0,0,0,0,0,0,0,0,0,0,0,0,0,0,0,0,0
492=64268,0,121.6,0,0,0,0.381,0,0,763.828,0,120.5,119.8,118.7,114.7,0.1,0,0,0,0,0.5,0,6,0,0,0,0,0,0,0,0,0,0,0,0,0,0,0,0,0,0,0,0,0,0,0,0,0,0,0,0,0
493=64268,0,121.6,0,0,0,0.381,0,0,763.828,0,120.5,119.8,118.7,114.7,0.1,0,0,0,0,0.5,0,6,0,0,0,0,0,0,0,0,0,0,0,0,0,0,0,0,0,0,0,0,0,0,0,0,0,0,0,0,0
494=64300,0,121.6,0,0,0,0.381,0,0,763.828,0,120.5,119.8,118.7,114.7,0.1,0,0,0,0,0.5,0,6,0,0,0,0,0,0,0,0,0,0,0,0,0,0,0,0,0,0,0,0,0,0,0,0,0,0,0,0,0
495=64300,0,121.6,0,0,0,0.381,0,0,763.828,0,120.5,119.8,118.7,114.7,0.1,0,0,0,0,0.5,0,6,0,0,0,0,0,0,0,0,0,0,0,0,0,0,0,0,0,0,0,0,0,0,0,0,0,0,0,0,0
