[COMMENT]
RecordTime=2024/10/28 ¤U¤È 05:27:10
InputDevice=1
InputObject=0
ColumnName=Index,Time,Intensity,TC,Pump,Gas1~4,Pressure,MTC1~5,Power1~5,O2
PumpDownTime=0
[STEP 1]
ACTION=Idle
TEMP=0
TIME=3
GN2=0
PN2=0
AO2=0
BO2=0
NA=0
Pump=0
[STEP 2]
ACTION=Idle
TEMP=0
TIME=3
GN2=40
PN2=0
AO2=0
BO2=0
NA=0
Pump=0
[STEP 3]
ACTION=Idle
TEMP=0
TIME=3
GN2=0
PN2=0
AO2=0
BO2=0
NA=0
Pump=0
[STEP 4]
ACTION=Idle
TEMP=0
TIME=3
GN2=0
PN2=0
AO2=3
BO2=0
NA=0
Pump=0
[STEP 5]
ACTION=Ramp up
TEMP=100
TIME=40
GN2=0
PN2=0
AO2=3
BO2=0
NA=0
Pump=0
[STEP 6]
ACTION=Hold
TEMP=100
TIME=100
GN2=0
PN2=0
AO2=3
BO2=0
NA=0
Pump=0
[STEP 7]
ACTION=Ramp up
TEMP=200
TIME=52
GN2=0
PN2=0
AO2=3
BO2=0
NA=0
Pump=0
[STEP 8]
ACTION=Hold
TEMP=200
TIME=240
GN2=0
PN2=0
AO2=3
BO2=0
NA=0
Pump=0
[STEP 9]
ACTION=Idle
TEMP=0
TIME=10
GN2=1
PN2=0
AO2=0
BO2=0
NA=0
Pump=0
[STEP 10]
ACTION=Idle
TEMP=0
TIME=120
GN2=90
PN2=0
AO2=0
BO2=0
NA=0
Pump=0
[STEP 11]
ACTION=Idle
TEMP=0
TIME=10
GN2=5
PN2=0
AO2=0
BO2=0
NA=0
Pump=0
[STEP 12]
ACTION=Stop
TEMP=0
TIME=0
GN2=0
PN2=0
AO2=0
BO2=0
NA=0
Pump=0
[STEP 13]
ACTION=Stop
TEMP=0
TIME=0
GN2=0
PN2=0
AO2=0
BO2=0
NA=0
Pump=0
[STEP 14]
ACTION=Stop
TEMP=0
TIME=0
GN2=0
PN2=0
AO2=0
BO2=0
NA=0
Pump=0
[STEP 15]
ACTION=Stop
TEMP=0
TIME=0
GN2=0
PN2=0
AO2=0
BO2=0
NA=0
Pump=0
[STEP 16]
ACTION=Stop
TEMP=0
TIME=0
GN2=0
PN2=0
AO2=0
BO2=0
NA=0
Pump=0
[STEP 17]
ACTION=Stop
TEMP=0
TIME=0
GN2=0
PN2=0
AO2=0
BO2=0
NA=0
Pump=0
[STEP 18]
ACTION=Stop
TEMP=0
TIME=0
GN2=0
PN2=0
AO2=0
BO2=0
NA=0
Pump=0
[STEP 19]
ACTION=Stop
TEMP=0
TIME=0
GN2=0
PN2=0
AO2=0
BO2=0
NA=0
Pump=0
[STEP 20]
ACTION=Stop
TEMP=0
TIME=0
GN2=0
PN2=0
AO2=0
BO2=0
NA=0
Pump=0
[STEP 21]
ACTION=Stop
TEMP=0
TIME=0
GN2=0
PN2=0
AO2=0
BO2=0
NA=0
Pump=0
[STEP 22]
ACTION=Stop
TEMP=0
TIME=0
GN2=0
PN2=0
AO2=0
BO2=0
NA=0
Pump=0
[STEP 23]
ACTION=Stop
TEMP=0
TIME=0
GN2=0
PN2=0
AO2=0
BO2=0
NA=0
Pump=0
[STEP 24]
ACTION=Stop
TEMP=0
TIME=0
GN2=0
PN2=0
AO2=0
BO2=0
NA=0
Pump=0
[STEP 25]
ACTION=Stop
TEMP=0
TIME=0
GN2=0
PN2=0
AO2=0
BO2=0
NA=0
Pump=0
[STEP 26]
ACTION=Stop
TEMP=0
TIME=0
GN2=0
PN2=0
AO2=0
BO2=0
NA=0
Pump=0
[STEP 27]
ACTION=Stop
TEMP=0
TIME=0
GN2=0
PN2=0
AO2=0
BO2=0
NA=0
Pump=0
[STEP 28]
ACTION=Stop
TEMP=0
TIME=0
GN2=0
PN2=0
AO2=0
BO2=0
NA=0
Pump=0
[STEP 29]
ACTION=Stop
TEMP=0
TIME=0
GN2=0
PN2=0
AO2=0
BO2=0
NA=0
Pump=0
[STEP 30]
ACTION=Stop
TEMP=0
TIME=0
GN2=0
PN2=0
AO2=0
BO2=0
NA=0
Pump=0
[STEP 31]
ACTION=Stop
TEMP=0
TIME=0
GN2=0
PN2=0
AO2=0
BO2=0
NA=0
Pump=0
[STEP 32]
ACTION=Stop
TEMP=0
TIME=0
GN2=0
PN2=0
AO2=0
BO2=0
NA=0
Pump=0
[STEP 33]
ACTION=Stop
TEMP=0
TIME=0
GN2=0
PN2=0
AO2=0
BO2=0
NA=0
Pump=0
[STEP 34]
ACTION=Stop
TEMP=0
TIME=0
GN2=0
PN2=0
AO2=0
BO2=0
NA=0
Pump=0
[STEP 35]
ACTION=Stop
TEMP=0
TIME=0
GN2=0
PN2=0
AO2=0
BO2=0
NA=0
Pump=0
[STEP 36]
ACTION=Stop
TEMP=0
TIME=0
GN2=0
PN2=0
AO2=0
BO2=0
NA=0
Pump=0
[STEP 37]
ACTION=Stop
TEMP=0
TIME=0
GN2=0
PN2=0
AO2=0
BO2=0
NA=0
Pump=0
[STEP 38]
ACTION=Stop
TEMP=0
TIME=0
GN2=0
PN2=0
AO2=0
BO2=0
NA=0
Pump=0
[STEP 39]
ACTION=Stop
TEMP=0
TIME=0
GN2=0
PN2=0
AO2=0
BO2=0
NA=0
Pump=0
[STEP 40]
ACTION=Stop
TEMP=0
TIME=0
GN2=0
PN2=0
AO2=0
BO2=0
NA=0
Pump=0
[STEP 41]
ACTION=Stop
TEMP=0
TIME=0
GN2=0
PN2=0
AO2=0
BO2=0
NA=0
Pump=0
[STEP 42]
ACTION=Stop
TEMP=0
TIME=0
GN2=0
PN2=0
AO2=0
BO2=0
NA=0
Pump=0
[STEP 43]
ACTION=Stop
TEMP=0
TIME=0
GN2=0
PN2=0
AO2=0
BO2=0
NA=0
Pump=0
[STEP 44]
ACTION=Stop
TEMP=0
TIME=0
GN2=0
PN2=0
AO2=0
BO2=0
NA=0
Pump=0
[STEP 45]
ACTION=Stop
TEMP=0
TIME=0
GN2=0
PN2=0
AO2=0
BO2=0
NA=0
Pump=0
[STEP 46]
ACTION=Stop
TEMP=0
TIME=0
GN2=0
PN2=0
AO2=0
BO2=0
NA=0
Pump=0
[STEP 47]
ACTION=Stop
TEMP=0
TIME=0
GN2=0
PN2=0
AO2=0
BO2=0
NA=0
Pump=0
[STEP 48]
ACTION=Stop
TEMP=0
TIME=0
GN2=0
PN2=0
AO2=0
BO2=0
NA=0
Pump=0
[STEP 49]
ACTION=Stop
TEMP=0
TIME=0
GN2=0
PN2=0
AO2=0
BO2=0
NA=0
Pump=0
[STEP 50]
ACTION=Stop
TEMP=0
TIME=0
GN2=0
PN2=0
AO2=0
BO2=0
NA=0
Pump=0
[COFFICIENT]
IntensityWeightD1=0
IntensityWeightD2=0
IntensityWeightD3=0
IntensityWeightD4=0.2
IntensityWeightD5=0
IntensityWeightS1=0
IntensityWeightS2=0
IntensityWeightS3=0
IntensityWeightS4=0
IntensityWeightS5=0
[CONTROL_LOOP]
Proportional=0.04
Proportional2=0.04
Integrnal=0.001
Integral2=0.00065
Derivational=0
Factor1=0
Factor2=0
InputDevice=1
Overshoot=200
[PROCESS_RECORD]
No=Time,Intensity,TC1,NA,Gas1,Gas2,Gas3,Gas4,Gas5,Pressure,Gas6,TC2,TC3,TC4,TC5,TC6,Power1,Power2,Power3,Power4,Power5,O2-Gauge,TC7,O2,MTC8,MTC9,MTC10,MTC11,MTC12,MTC13,MTC14,MTC15,MTC16,MTC17,MTC18,MTC19,MTC20,MTC21,MTC22,MTC23
0=1324,0,59.5,0,0,0,0,0,0,763.828,0,60,58.8,58.6,53.7,0.1,0,0,0,0,0,0,6.1,0,0,0,0,0,0,0,0,0,0,0,0,0,0,0,0,0,0,0,0,0,0,0,0,0,0,0,0,0
1=2326,0,59.4,0,0,0,0,0,0,763.828,0,59.9,58.7,58.5,53.6,0.1,0,0,0,0,0,0,6.1,0,0,0,0,0,0,0,0,0,0,0,0,0,0,0,0,0,0,0,0,0,0,0,0,0,0,0,0,0
2=5258,0,59.1,0,0,0,0,0,0,763.828,0,59.6,58.4,58.2,53.3,0.1,0,0,0,0,0,0,6,0,0,0,0,0,0,0,0,0,0,0,0,0,0,0,0,0,0,0,0,0,0,0,0,0,0,0,0,0
3=6283,0,59,0,0,0,0,0,0,763.828,0,59.5,58.3,58.1,53.2,0.1,0,0,0,0,0,0,6,0,0,0,0,0,0,0,0,0,0,0,0,0,0,0,0,0,0,0,0,0,0,0,0,0,0,0,0,0
4=8480,0,58.7,0,0,0,0,0,0,763.828,0,59.2,58,57.8,53,0.1,0,0,0,0,0,0,6,0,0,0,0,0,0,0,0,0,0,0,0,0,0,0,0,0,0,0,0,0,0,0,0,0,0,0,0,0
5=9481,0,58.6,0,0,0,0,0,0,763.828,0,59.1,57.9,57.7,52.9,0.1,0,0,0,0,0,0,6,0,0,0,0,0,0,0,0,0,0,0,0,0,0,0,0,0,0,0,0,0,0,0,0,0,0,0,0,0
6=10473,0,58.5,0,0,0,0,0,0,763.828,0,59,57.8,57.6,52.8,0.1,0,0,0,0,0,0,6,0,0,0,0,0,0,0,0,0,0,0,0,0,0,0,0,0,0,0,0,0,0,0,0,0,0,0,0,0
7=13249,0,58.2,0,0,0,0,0,0,763.828,0,58.7,57.5,57.4,52.5,0.1,0,0,0,0,0,0,6.1,0,0,0,0,0,0,0,0,0,0,0,0,0,0,0,0,0,0,0,0,0,0,0,0,0,0,0,0,0
8=14250,0,58.1,0,0,0,0,0,0,763.828,0,58.6,57.4,57.3,52.5,0.1,0,0,0,0,0.5,0,6,0,0,0,0,0,0,0,0,0,0,0,0,0,0,0,0,0,0,0,0,0,0,0,0,0,0,0,0,0
9=15250,0,58,0,0,0,0,0,0,763.828,0,58.5,57.3,57.1,52.4,0.1,0,0,0,0,0.5,0,6,0,0,0,0,0,0,0,0,0,0,0,0,0,0,0,0,0,0,0,0,0,0,0,0,0,0,0,0,0
10=15250,0,58,0,0,0,0,0,0,763.828,0,58.5,57.3,57.1,52.4,0.1,0,0,0,0,0.5,0,6,0,0,0,0,0,0,0,0,0,0,0,0,0,0,0,0,0,0,0,0,0,0,0,0,0,0,0,0,0
11=17650,0,57.8,0,0,0,0,0,0,763.828,0,58.3,57.1,56.9,52.2,0.1,0,0,0,0,0.5,0,6,0,0,0,0,0,0,0,0,0,0,0,0,0,0,0,0,0,0,0,0,0,0,0,0,0,0,0,0,0
12=17650,0,57.8,0,0,0,0,0,0,763.828,0,58.3,57.1,56.9,52.2,0.1,0,0,0,0,0.5,0,6,0,0,0,0,0,0,0,0,0,0,0,0,0,0,0,0,0,0,0,0,0,0,0,0,0,0,0,0,0
13=18052,0,57.7,0,0,0,0,0,0,763.828,0,58.2,57,56.9,52.1,0.1,0,0,0,0,0.5,0,6,0,0,0,0,0,0,0,0,0,0,0,0,0,0,0,0,0,0,0,0,0,0,0,0,0,0,0,0,0
14=18052,0,57.7,0,0,0,0,0,0,763.828,0,58.2,57,56.9,52.1,0.1,0,0,0,0,0.5,0,6,0,0,0,0,0,0,0,0,0,0,0,0,0,0,0,0,0,0,0,0,0,0,0,0,0,0,0,0,0
15=18463,0,57.7,0,0,0,0,0,0,763.828,0,58.2,57,56.8,52.1,0.1,0,0,0,0,0.5,0,6,0,0,0,0,0,0,0,0,0,0,0,0,0,0,0,0,0,0,0,0,0,0,0,0,0,0,0,0,0
16=18463,0,57.7,0,0,0,0,0,0,763.828,0,58.2,57,56.8,52.1,0.1,0,0,0,0,0.5,0,6,0,0,0,0,0,0,0,0,0,0,0,0,0,0,0,0,0,0,0,0,0,0,0,0,0,0,0,0,0
17=18860,0,57.7,0,0,0,0,0,0,763.828,0,58.2,56.9,56.8,52.1,0.1,0,0,0,0,0.5,0,6,0,0,0,0,0,0,0,0,0,0,0,0,0,0,0,0,0,0,0,0,0,0,0,0,0,0,0,0,0
18=18860,0,57.7,0,0,0,0,0,0,763.828,0,58.2,56.9,56.8,52.1,0.1,0,0,0,0,0.5,0,6,0,0,0,0,0,0,0,0,0,0,0,0,0,0,0,0,0,0,0,0,0,0,0,0,0,0,0,0,0
19=19285,0,57.6,0,0,0,0,0,0,763.828,0,58.1,56.9,56.7,52,0.1,0,0,0,0,0.5,0,6.1,0,0,0,0,0,0,0,0,0,0,0,0,0,0,0,0,0,0,0,0,0,0,0,0,0,0,0,0,0
20=19285,0,57.6,0,0,0,0,0,0,763.828,0,58.1,56.9,56.7,52,0.1,0,0,0,0,0.5,0,6.1,0,0,0,0,0,0,0,0,0,0,0,0,0,0,0,0,0,0,0,0,0,0,0,0,0,0,0,0,0
21=19728,0,57.6,0,0,0,0,0,0,763.828,0,58.1,56.8,56.7,52,0.1,0,0,0,0,0.5,0,6,0,0,0,0,0,0,0,0,0,0,0,0,0,0,0,0,0,0,0,0,0,0,0,0,0,0,0,0,0
22=19728,0,57.6,0,0,0,0,0,0,763.828,0,58.1,56.8,56.7,52,0.1,0,0,0,0,0.5,0,6,0,0,0,0,0,0,0,0,0,0,0,0,0,0,0,0,0,0,0,0,0,0,0,0,0,0,0,0,0
23=20145,0,57.5,0,0,0,0,0,0,763.828,0,58,56.8,56.7,52,0.1,0,0,0,0,0.5,0,6.1,0,0,0,0,0,0,0,0,0,0,0,0,0,0,0,0,0,0,0,0,0,0,0,0,0,0,0,0,0
24=20145,0,57.5,0,0,0,0,0,0,763.828,0,58,56.8,56.7,52,0.1,0,0,0,0,0.5,0,6.1,0,0,0,0,0,0,0,0,0,0,0,0,0,0,0,0,0,0,0,0,0,0,0,0,0,0,0,0,0
25=20562,0,57.5,0,0,0,0,0,0,763.828,0,58,56.8,56.6,51.9,0.1,0,0,0,0,0.5,0,6.1,0,0,0,0,0,0,0,0,0,0,0,0,0,0,0,0,0,0,0,0,0,0,0,0,0,0,0,0,0
26=20562,0,57.5,0,0,0,0,0,0,763.828,0,58,56.8,56.6,51.9,0.1,0,0,0,0,0.5,0,6.1,0,0,0,0,0,0,0,0,0,0,0,0,0,0,0,0,0,0,0,0,0,0,0,0,0,0,0,0,0
27=20997,0,57.4,0,0,0,0,0,0,763.828,0,57.9,56.7,56.6,51.9,0.1,0,0,0,0,0.5,0,6.1,0,0,0,0,0,0,0,0,0,0,0,0,0,0,0,0,0,0,0,0,0,0,0,0,0,0,0,0,0
28=20997,0,57.4,0,0,0,0,0,0,763.828,0,57.9,56.7,56.6,51.9,0.1,0,0,0,0,0.5,0,6.1,0,0,0,0,0,0,0,0,0,0,0,0,0,0,0,0,0,0,0,0,0,0,0,0,0,0,0,0,0
29=21412,0,57.4,0,0,0,0,0,0,763.828,0,57.9,56.7,56.5,51.9,0.1,0,0,0,0,0.5,0,6.1,0,0,0,0,0,0,0,0,0,0,0,0,0,0,0,0,0,0,0,0,0,0,0,0,0,0,0,0,0
30=21412,0,57.4,0,0,0,0,0,0,763.828,0,57.9,56.7,56.5,51.9,0.1,0,0,0,0,0.5,0,6.1,0,0,0,0,0,0,0,0,0,0,0,0,0,0,0,0,0,0,0,0,0,0,0,0,0,0,0,0,0
31=21829,0,57.4,0,0,0,0,0,0,763.828,0,57.9,56.6,56.5,51.8,0.1,0,0,0,0,0.5,0,6.1,0,0,0,0,0,0,0,0,0,0,0,0,0,0,0,0,0,0,0,0,0,0,0,0,0,0,0,0,0
32=21829,0,57.4,0,0,0,0,0,0,763.828,0,57.9,56.6,56.5,51.8,0.1,0,0,0,0,0.5,0,6.1,0,0,0,0,0,0,0,0,0,0,0,0,0,0,0,0,0,0,0,0,0,0,0,0,0,0,0,0,0
33=22215,0,57.3,0,0,0,0,0,0,763.828,0,57.8,56.6,56.5,51.8,0.1,0,0,0,0,0.5,0,6.1,0,0,0,0,0,0,0,0,0,0,0,0,0,0,0,0,0,0,0,0,0,0,0,0,0,0,0,0,0
34=22215,0,57.3,0,0,0,0,0,0,763.828,0,57.8,56.6,56.5,51.8,0.1,0,0,0,0,0.5,0,6.1,0,0,0,0,0,0,0,0,0,0,0,0,0,0,0,0,0,0,0,0,0,0,0,0,0,0,0,0,0
35=22621,0,57.3,0,0,0,0,0,0,763.828,0,57.8,56.5,56.4,51.8,0.1,0,0,0,0,0.5,0,6.1,0,0,0,0,0,0,0,0,0,0,0,0,0,0,0,0,0,0,0,0,0,0,0,0,0,0,0,0,0
36=22621,0,57.3,0,0,0,0,0,0,763.828,0,57.8,56.5,56.4,51.8,0.1,0,0,0,0,0.5,0,6.1,0,0,0,0,0,0,0,0,0,0,0,0,0,0,0,0,0,0,0,0,0,0,0,0,0,0,0,0,0
37=23016,0,57.2,0,0,0,0,0,0,763.828,0,57.7,56.5,56.4,51.8,0.1,0,0,0,0,0.5,0,6,0,0,0,0,0,0,0,0,0,0,0,0,0,0,0,0,0,0,0,0,0,0,0,0,0,0,0,0,0
38=23016,0,57.2,0,0,0,0,0,0,763.828,0,57.7,56.5,56.4,51.8,0.1,0,0,0,0,0.5,0,6,0,0,0,0,0,0,0,0,0,0,0,0,0,0,0,0,0,0,0,0,0,0,0,0,0,0,0,0,0
39=23434,0,57.2,0,0,0,0,0,0,763.828,0,57.7,56.5,56.4,51.7,0.1,0,0,0,0,0.5,0,6,0,0,0,0,0,0,0,0,0,0,0,0,0,0,0,0,0,0,0,0,0,0,0,0,0,0,0,0,0
40=23434,0,57.2,0,0,0,0,0,0,763.828,0,57.7,56.5,56.4,51.7,0.1,0,0,0,0,0.5,0,6,0,0,0,0,0,0,0,0,0,0,0,0,0,0,0,0,0,0,0,0,0,0,0,0,0,0,0,0,0
41=23828,0,57.2,0,0,0,0,0,0,763.828,0,57.7,56.4,56.3,51.7,0.1,0,0,0,0,0.5,0,6,0,0,0,0,0,0,0,0,0,0,0,0,0,0,0,0,0,0,0,0,0,0,0,0,0,0,0,0,0
42=23828,0,57.2,0,0,0,0,0,0,763.828,0,57.7,56.4,56.3,51.7,0.1,0,0,0,0,0.5,0,6,0,0,0,0,0,0,0,0,0,0,0,0,0,0,0,0,0,0,0,0,0,0,0,0,0,0,0,0,0
43=24236,0,57.1,0,0,0,0,0,0,763.828,0,57.6,56.4,56.3,51.7,0.1,0,0,0,0,0.5,0,6,0,0,0,0,0,0,0,0,0,0,0,0,0,0,0,0,0,0,0,0,0,0,0,0,0,0,0,0,0
44=24236,0,57.1,0,0,0,0,0,0,763.828,0,57.6,56.4,56.3,51.7,0.1,0,0,0,0,0.5,0,6,0,0,0,0,0,0,0,0,0,0,0,0,0,0,0,0,0,0,0,0,0,0,0,0,0,0,0,0,0
45=24660,0,57.1,0,0,0,0,0,0,763.828,0,57.6,56.4,56.2,51.7,0.1,0,0,0,0,0.5,0,6,0,0,0,0,0,0,0,0,0,0,0,0,0,0,0,0,0,0,0,0,0,0,0,0,0,0,0,0,0
46=24660,0,57.1,0,0,0,0,0,0,763.828,0,57.6,56.4,56.2,51.7,0.1,0,0,0,0,0.5,0,6,0,0,0,0,0,0,0,0,0,0,0,0,0,0,0,0,0,0,0,0,0,0,0,0,0,0,0,0,0
47=25075,0,57.1,0,0,0,0,0,0,763.828,0,57.6,56.3,56.2,51.6,0.1,0,0,0,0,0.5,0,6,0,0,0,0,0,0,0,0,0,0,0,0,0,0,0,0,0,0,0,0,0,0,0,0,0,0,0,0,0
48=25075,0,57.1,0,0,0,0,0,0,763.828,0,57.6,56.3,56.2,51.6,0.1,0,0,0,0,0.5,0,6,0,0,0,0,0,0,0,0,0,0,0,0,0,0,0,0,0,0,0,0,0,0,0,0,0,0,0,0,0
49=25476,0,57,0,0,0,0,0,0,763.828,0,57.5,56.3,56.2,51.6,0.1,0,0,0,0,0.5,0,6,0,0,0,0,0,0,0,0,0,0,0,0,0,0,0,0,0,0,0,0,0,0,0,0,0,0,0,0,0
50=25476,0,57,0,0,0,0,0,0,763.828,0,57.5,56.3,56.2,51.6,0.1,0,0,0,0,0.5,0,6,0,0,0,0,0,0,0,0,0,0,0,0,0,0,0,0,0,0,0,0,0,0,0,0,0,0,0,0,0
51=25874,0,57,0,0,0,0,0,0,763.828,0,57.5,56.3,56.1,51.6,0.1,0,0,0,0,0.5,0,6,0,0,0,0,0,0,0,0,0,0,0,0,0,0,0,0,0,0,0,0,0,0,0,0,0,0,0,0,0
52=25874,0,57,0,0,0,0,0,0,763.828,0,57.5,56.3,56.1,51.6,0.1,0,0,0,0,0.5,0,6,0,0,0,0,0,0,0,0,0,0,0,0,0,0,0,0,0,0,0,0,0,0,0,0,0,0,0,0,0
53=26305,0,57,0,0,0,0,0,0,763.828,0,57.5,56.2,56.1,51.6,0.1,0,0,0,0,0.5,0,6.1,0,0,0,0,0,0,0,0,0,0,0,0,0,0,0,0,0,0,0,0,0,0,0,0,0,0,0,0,0
54=26305,0,57,0,0,0,0,0,0,763.828,0,57.5,56.2,56.1,51.6,0.1,0,0,0,0,0.5,0,6.1,0,0,0,0,0,0,0,0,0,0,0,0,0,0,0,0,0,0,0,0,0,0,0,0,0,0,0,0,0
55=26723,0,56.9,0,0,0,0,0,0,763.828,0,57.4,56.2,56.1,51.5,0.1,0,0,0,0,0.5,0,6.1,0,0,0,0,0,0,0,0,0,0,0,0,0,0,0,0,0,0,0,0,0,0,0,0,0,0,0,0,0
56=26723,0,56.9,0,0,0,0,0,0,763.828,0,57.4,56.2,56.1,51.5,0.1,0,0,0,0,0.5,0,6.1,0,0,0,0,0,0,0,0,0,0,0,0,0,0,0,0,0,0,0,0,0,0,0,0,0,0,0,0,0
57=27093,0,56.9,0,0,0,0,0,0,763.828,0,57.4,56.1,56,51.5,0.1,0,0,0,0,0.5,0,6.1,0,0,0,0,0,0,0,0,0,0,0,0,0,0,0,0,0,0,0,0,0,0,0,0,0,0,0,0,0
58=27093,0,56.9,0,0,0,0,0,0,763.828,0,57.4,56.1,56,51.5,0.1,0,0,0,0,0.5,0,6.1,0,0,0,0,0,0,0,0,0,0,0,0,0,0,0,0,0,0,0,0,0,0,0,0,0,0,0,0,0
59=27510,0,56.8,0,0,0,0,0,0,763.828,0,57.3,56.1,56,51.5,0.1,0,0,0,0,0.5,0,6,0,0,0,0,0,0,0,0,0,0,0,0,0,0,0,0,0,0,0,0,0,0,0,0,0,0,0,0,0
60=27510,0,56.8,0,0,0,0,0,0,763.828,0,57.3,56.1,56,51.5,0.1,0,0,0,0,0.5,0,6,0,0,0,0,0,0,0,0,0,0,0,0,0,0,0,0,0,0,0,0,0,0,0,0,0,0,0,0,0
61=27913,0,56.8,0,0,0,0,0,0,763.828,0,57.3,56.1,56,51.5,0.1,0,0,0,0,0.5,0,6,0,0,0,0,0,0,0,0,0,0,0,0,0,0,0,0,0,0,0,0,0,0,0,0,0,0,0,0,0
62=27913,0,56.8,0,0,0,0,0,0,763.828,0,57.3,56.1,56,51.5,0.1,0,0,0,0,0.5,0,6,0,0,0,0,0,0,0,0,0,0,0,0,0,0,0,0,0,0,0,0,0,0,0,0,0,0,0,0,0
63=28312,0,56.8,0,0,0,0,0,0,763.828,0,57.3,56,55.9,51.5,0.1,0,0,0,0,0.5,0,6,0,0,0,0,0,0,0,0,0,0,0,0,0,0,0,0,0,0,0,0,0,0,0,0,0,0,0,0,0
64=28312,0,56.8,0,0,0,0,0,0,763.828,0,57.3,56,55.9,51.5,0.1,0,0,0,0,0.5,0,6,0,0,0,0,0,0,0,0,0,0,0,0,0,0,0,0,0,0,0,0,0,0,0,0,0,0,0,0,0
65=28724,0,56.7,0,0,0,0,0,0,763.828,0,57.2,56,55.9,51.4,0.1,0,0,0,0,0.5,0,6,0,0,0,0,0,0,0,0,0,0,0,0,0,0,0,0,0,0,0,0,0,0,0,0,0,0,0,0,0
66=28724,0,56.7,0,0,0,0,0,0,763.828,0,57.2,56,55.9,51.4,0.1,0,0,0,0,0.5,0,6,0,0,0,0,0,0,0,0,0,0,0,0,0,0,0,0,0,0,0,0,0,0,0,0,0,0,0,0,0
67=29132,0,56.7,0,0,0,0,0,0,763.828,0,57.2,56,55.9,51.4,0.1,0,0,0,0,0.5,0,6,0,0,0,0,0,0,0,0,0,0,0,0,0,0,0,0,0,0,0,0,0,0,0,0,0,0,0,0,0
68=29132,0,56.7,0,0,0,0,0,0,763.828,0,57.2,56,55.9,51.4,0.1,0,0,0,0,0.5,0,6,0,0,0,0,0,0,0,0,0,0,0,0,0,0,0,0,0,0,0,0,0,0,0,0,0,0,0,0,0
69=29566,0,56.7,0,0,0,0,0,0,763.828,0,57.2,55.9,55.8,51.4,0.1,0,0,0,0,0.5,0,6,0,0,0,0,0,0,0,0,0,0,0,0,0,0,0,0,0,0,0,0,0,0,0,0,0,0,0,0,0
70=29566,0,56.7,0,0,0,0,0,0,763.828,0,57.2,55.9,55.8,51.4,0.1,0,0,0,0,0.5,0,6,0,0,0,0,0,0,0,0,0,0,0,0,0,0,0,0,0,0,0,0,0,0,0,0,0,0,0,0,0
71=29973,0,56.6,0,0,0,0,0,0,763.828,0,57.1,55.9,55.8,51.4,0.1,0,0,0,0,0.5,0,6,0,0,0,0,0,0,0,0,0,0,0,0,0,0,0,0,0,0,0,0,0,0,0,0,0,0,0,0,0
72=29973,0,56.6,0,0,0,0,0,0,763.828,0,57.1,55.9,55.8,51.4,0.1,0,0,0,0,0.5,0,6,0,0,0,0,0,0,0,0,0,0,0,0,0,0,0,0,0,0,0,0,0,0,0,0,0,0,0,0,0
73=30358,0,56.6,0,0,0,0,0,0,763.828,0,57.1,55.9,55.8,51.4,0.1,0,0,0,0,0.5,0,6,0,0,0,0,0,0,0,0,0,0,0,0,0,0,0,0,0,0,0,0,0,0,0,0,0,0,0,0,0
74=30358,0,56.6,0,0,0,0,0,0,763.828,0,57.1,55.9,55.8,51.4,0.1,0,0,0,0,0.5,0,6,0,0,0,0,0,0,0,0,0,0,0,0,0,0,0,0,0,0,0,0,0,0,0,0,0,0,0,0,0
75=30760,0,56.6,0,0,0,0,0,0,763.828,0,57.1,55.8,55.8,51.4,0.1,0,0,0,0,0.5,0,6.1,0,0,0,0,0,0,0,0,0,0,0,0,0,0,0,0,0,0,0,0,0,0,0,0,0,0,0,0,0
76=30760,0,56.6,0,0,0,0,0,0,763.828,0,57.1,55.8,55.8,51.4,0.1,0,0,0,0,0.5,0,6.1,0,0,0,0,0,0,0,0,0,0,0,0,0,0,0,0,0,0,0,0,0,0,0,0,0,0,0,0,0
77=31157,0,56.5,0,0,0,0,0,0,763.828,0,57,55.8,55.7,51.3,0.1,0,0,0,0,0.5,0,6.1,0,0,0,0,0,0,0,0,0,0,0,0,0,0,0,0,0,0,0,0,0,0,0,0,0,0,0,0,0
78=31157,0,56.5,0,0,0,0,0,0,763.828,0,57,55.8,55.7,51.3,0.1,0,0,0,0,0.5,0,6.1,0,0,0,0,0,0,0,0,0,0,0,0,0,0,0,0,0,0,0,0,0,0,0,0,0,0,0,0,0
79=31568,0,56.5,0,0,0,0,0,0,763.828,0,57,55.8,55.7,51.3,0.1,0,0,0,0,0.5,0,6.1,0,0,0,0,0,0,0,0,0,0,0,0,0,0,0,0,0,0,0,0,0,0,0,0,0,0,0,0,0
80=31568,0,56.5,0,0,0,0,0,0,763.828,0,57,55.8,55.7,51.3,0.1,0,0,0,0,0.5,0,6.1,0,0,0,0,0,0,0,0,0,0,0,0,0,0,0,0,0,0,0,0,0,0,0,0,0,0,0,0,0
81=31991,0,56.5,0,0,0,0,0,0,763.828,0,57,55.7,55.7,51.3,0.1,0,0,0,0,0.5,0,6,0,0,0,0,0,0,0,0,0,0,0,0,0,0,0,0,0,0,0,0,0,0,0,0,0,0,0,0,0
82=31991,0,56.5,0,0,0,0,0,0,763.828,0,57,55.7,55.7,51.3,0.1,0,0,0,0,0.5,0,6,0,0,0,0,0,0,0,0,0,0,0,0,0,0,0,0,0,0,0,0,0,0,0,0,0,0,0,0,0
83=32419,0,56.4,0,0,0,0,0,0,763.828,0,56.9,55.7,55.6,51.3,0.1,0,0,0,0,0.5,0,6,0,0,0,0,0,0,0,0,0,0,0,0,0,0,0,0,0,0,0,0,0,0,0,0,0,0,0,0,0
84=32419,0,56.4,0,0,0,0,0,0,763.828,0,56.9,55.7,55.6,51.3,0.1,0,0,0,0,0.5,0,6,0,0,0,0,0,0,0,0,0,0,0,0,0,0,0,0,0,0,0,0,0,0,0,0,0,0,0,0,0
85=32837,0,56.4,0,0,0,0,0,0,763.828,0,56.9,55.7,55.6,51.3,0.1,0,0,0,0,0.5,0,6,0,0,0,0,0,0,0,0,0,0,0,0,0,0,0,0,0,0,0,0,0,0,0,0,0,0,0,0,0
86=32837,0,56.4,0,0,0,0,0,0,763.828,0,56.9,55.7,55.6,51.3,0.1,0,0,0,0,0.5,0,6,0,0,0,0,0,0,0,0,0,0,0,0,0,0,0,0,0,0,0,0,0,0,0,0,0,0,0,0,0
87=33254,0,56.4,0,0,0,0,0,0,763.828,0,56.9,55.6,55.6,51.3,0.1,0,0,0,0,0.5,0,6,0,0,0,0,0,0,0,0,0,0,0,0,0,0,0,0,0,0,0,0,0,0,0,0,0,0,0,0,0
88=33254,0,56.4,0,0,0,0,0,0,763.828,0,56.9,55.6,55.6,51.3,0.1,0,0,0,0,0.5,0,6,0,0,0,0,0,0,0,0,0,0,0,0,0,0,0,0,0,0,0,0,0,0,0,0,0,0,0,0,0
89=33639,0,56.4,0,0,0,0,0,0,763.828,0,56.9,55.6,55.6,51.2,0.1,0,0,0,0,0.5,0,6,0,0,0,0,0,0,0,0,0,0,0,0,0,0,0,0,0,0,0,0,0,0,0,0,0,0,0,0,0
90=33639,0,56.4,0,0,0,0,0,0,763.828,0,56.9,55.6,55.6,51.2,0.1,0,0,0,0,0.5,0,6,0,0,0,0,0,0,0,0,0,0,0,0,0,0,0,0,0,0,0,0,0,0,0,0,0,0,0,0,0
91=34031,0,56.3,0,0,0,0,0,0,763.828,0,56.8,55.6,55.5,51.2,0.1,0,0,0,0,0.5,0,6,0,0,0,0,0,0,0,0,0,0,0,0,0,0,0,0,0,0,0,0,0,0,0,0,0,0,0,0,0
92=34031,0,56.3,0,0,0,0,0,0,763.828,0,56.8,55.6,55.5,51.2,0.1,0,0,0,0,0.5,0,6,0,0,0,0,0,0,0,0,0,0,0,0,0,0,0,0,0,0,0,0,0,0,0,0,0,0,0,0,0
93=34441,0,56.3,0,0,0,0,0,0,763.828,0,56.8,55.6,55.5,51.2,0.1,0,0,0,0,0.5,0,6,0,0,0,0,0,0,0,0,0,0,0,0,0,0,0,0,0,0,0,0,0,0,0,0,0,0,0,0,0
94=34441,0,56.3,0,0,0,0,0,0,763.828,0,56.8,55.6,55.5,51.2,0.1,0,0,0,0,0.5,0,6,0,0,0,0,0,0,0,0,0,0,0,0,0,0,0,0,0,0,0,0,0,0,0,0,0,0,0,0,0
95=34858,0,56.3,0,0,0,0,0,0,763.828,0,56.8,55.5,55.5,51.2,0.1,0,0,0,0,0.5,0,6,0,0,0,0,0,0,0,0,0,0,0,0,0,0,0,0,0,0,0,0,0,0,0,0,0,0,0,0,0
96=34858,0,56.3,0,0,0,0,0,0,763.828,0,56.8,55.5,55.5,51.2,0.1,0,0,0,0,0.5,0,6,0,0,0,0,0,0,0,0,0,0,0,0,0,0,0,0,0,0,0,0,0,0,0,0,0,0,0,0,0
97=35250,0,56.3,0,0,0,0,0,0,763.828,0,56.7,55.5,55.5,51.2,0.1,0,0,0,0,0.5,0,6,0,0,0,0,0,0,0,0,0,0,0,0,0,0,0,0,0,0,0,0,0,0,0,0,0,0,0,0,0
98=35250,0,56.3,0,0,0,0,0,0,763.828,0,56.7,55.5,55.5,51.2,0.1,0,0,0,0,0.5,0,6,0,0,0,0,0,0,0,0,0,0,0,0,0,0,0,0,0,0,0,0,0,0,0,0,0,0,0,0,0
99=35662,0,56.2,0,0,0,0,0,0,763.828,0,56.7,55.5,55.4,51.2,0.1,0,0,0,0,0.5,0,6,0,0,0,0,0,0,0,0,0,0,0,0,0,0,0,0,0,0,0,0,0,0,0,0,0,0,0,0,0
100=35662,0,56.2,0,0,0,0,0,0,763.828,0,56.7,55.5,55.4,51.2,0.1,0,0,0,0,0.5,0,6,0,0,0,0,0,0,0,0,0,0,0,0,0,0,0,0,0,0,0,0,0,0,0,0,0,0,0,0,0
101=36064,0,56.2,0,0,0,0,0,0,763.828,0,56.7,55.5,55.4,51.2,0.1,0,0,0.07,0.07,0.5,0,6,0,0,0,0,0,0,0,0,0,0,0,0,0,0,0,0,0,0,0,0,0,0,0,0,0,0,0,0,0
102=36064,0,56.2,0,0,0,0,0,0,763.828,0,56.7,55.5,55.4,51.2,0.1,0,0,0.07,0.07,0.5,0,6,0,0,0,0,0,0,0,0,0,0,0,0,0,0,0,0,0,0,0,0,0,0,0,0,0,0,0,0,0
103=36495,0.11,56.2,0,0,0,0,0,0,763.828,0,56.7,55.4,55.4,51.2,0.1,0.11,0.05,0.23,0.24,0.5,0,5.8,0,0,0,0,0,0,0,0,0,0,0,0,0,0,0,0,0,0,0,0,0,0,0,0,0,0,0,0,0
104=36495,0.11,56.2,0,0,0,0,0,0,763.828,0,56.7,55.4,55.4,51.2,0.1,0.11,0.05,0.23,0.24,0.5,0,5.8,0,0,0,0,0,0,0,0,0,0,0,0,0,0,0,0,0,0,0,0,0,0,0,0,0,0,0,0,0
105=36906,0.27,56.1,0,0,0,0,0,0,763.828,0,56.6,55.4,55.4,51.2,0.1,0.27,0.22,0.41,0.41,0.5,0,5.9,0,0,0,0,0,0,0,0,0,0,0,0,0,0,0,0,0,0,0,0,0,0,0,0,0,0,0,0,0
106=36906,0.27,56.1,0,0,0,0,0,0,763.828,0,56.6,55.4,55.4,51.2,0.1,0.27,0.22,0.41,0.41,0.5,0,5.9,0,0,0,0,0,0,0,0,0,0,0,0,0,0,0,0,0,0,0,0,0,0,0,0,0,0,0,0,0
107=37283,0.45,56.1,0,0,0,0,0,0,763.828,0,56.6,55.4,55.3,51.1,0.1,0.45,0.39,0.59,0.59,0.6,0,5.9,0,0,0,0,0,0,0,0,0,0,0,0,0,0,0,0,0,0,0,0,0,0,0,0,0,0,0,0,0
108=37283,0.45,56.1,0,0,0,0,0,0,763.828,0,56.6,55.4,55.3,51.1,0.1,0.45,0.39,0.59,0.59,0.6,0,5.9,0,0,0,0,0,0,0,0,0,0,0,0,0,0,0,0,0,0,0,0,0,0,0,0,0,0,0,0,0
109=37700,0.64,56.1,0,0,0,0,0,0,763.828,0,56.6,55.3,55.3,51.1,0.1,0.64,0.57,0.79,0.79,0.72,0,6,0,0,0,0,0,0,0,0,0,0,0,0,0,0,0,0,0,0,0,0,0,0,0,0,0,0,0,0,0
110=37700,0.64,56.1,0,0,0,0,0,0,763.828,0,56.6,55.3,55.3,51.1,0.1,0.64,0.57,0.79,0.79,0.72,0,6,0,0,0,0,0,0,0,0,0,0,0,0,0,0,0,0,0,0,0,0,0,0,0,0,0,0,0,0,0
111=38102,0.82,56.1,0,0,0,0,0,0,763.828,0,56.6,55.3,55.3,51.1,0.1,0.82,0.76,0.98,0.98,0.85,0,6,0,0,0,0,0,0,0,0,0,0,0,0,0,0,0,0,0,0,0,0,0,0,0,0,0,0,0,0,0
112=38102,0.82,56.1,0,0,0,0,0,0,763.828,0,56.6,55.3,55.3,51.1,0.1,0.82,0.76,0.98,0.98,0.85,0,6,0,0,0,0,0,0,0,0,0,0,0,0,0,0,0,0,0,0,0,0,0,0,0,0,0,0,0,0,0
113=38504,1.02,56,0,0,0,0,0,0,763.828,0,56.5,55.3,55.3,51.1,0.1,1.02,0.96,1.19,1.19,0.97,0,6,0,0,0,0,0,0,0,0,0,0,0,0,0,0,0,0,0,0,0,0,0,0,0,0,0,0,0,0,0
114=38504,1.02,56,0,0,0,0,0,0,763.828,0,56.5,55.3,55.3,51.1,0.1,1.02,0.96,1.19,1.19,0.97,0,6,0,0,0,0,0,0,0,0,0,0,0,0,0,0,0,0,0,0,0,0,0,0,0,0,0,0,0,0,0
115=38938,1.24,56,0,0,0,0,0,0,763.828,0,56.5,55.3,55.2,51.1,0.1,1.24,1.17,1.42,1.42,1.11,0,6,0,0,0,0,0,0,0,0,0,0,0,0,0,0,0,0,0,0,0,0,0,0,0,0,0,0,0,0,0
116=38938,1.24,56,0,0,0,0,0,0,763.828,0,56.5,55.3,55.2,51.1,0.1,1.24,1.17,1.42,1.42,1.11,0,6,0,0,0,0,0,0,0,0,0,0,0,0,0,0,0,0,0,0,0,0,0,0,0,0,0,0,0,0,0
117=39356,1.45,56,0,0,0,0,0,0,763.828,0,56.5,55.2,55.2,51.1,0.1,1.45,1.38,1.64,1.64,1.25,0,6,0,0,0,0,0,0,0,0,0,0,0,0,0,0,0,0,0,0,0,0,0,0,0,0,0,0,0,0,0
118=39356,1.45,56,0,0,0,0,0,0,763.828,0,56.5,55.2,55.2,51.1,0.1,1.45,1.38,1.64,1.64,1.25,0,6,0,0,0,0,0,0,0,0,0,0,0,0,0,0,0,0,0,0,0,0,0,0,0,0,0,0,0,0,0
119=39763,1.68,56,0,0,0,0,0,0,763.828,0,56.4,55.2,55.2,51.1,0.1,1.68,1.61,1.88,1.88,1.39,0,6,0,0,0,0,0,0,0,0,0,0,0,0,0,0,0,0,0,0,0,0,0,0,0,0,0,0,0,0,0
120=39763,1.68,56,0,0,0,0,0,0,763.828,0,56.4,55.2,55.2,51.1,0.1,1.68,1.61,1.88,1.88,1.39,0,6,0,0,0,0,0,0,0,0,0,0,0,0,0,0,0,0,0,0,0,0,0,0,0,0,0,0,0,0,0
121=40155,1.9,55.9,0,0,0,0,0,0,763.828,0,56.4,55.2,55.2,51.1,0.1,1.9,1.82,2.11,2.1,1.52,0,6,0,0,0,0,0,0,0,0,0,0,0,0,0,0,0,0,0,0,0,0,0,0,0,0,0,0,0,0,0
