[COMMENT]
RecordTime=2024/10/28 ¤U¤È 03:19:56
InputDevice=1
InputObject=0
ColumnName=Index,Time,Intensity,TC,Pump,Gas1~4,Pressure,MTC1~5,Power1~5,O2
PumpDownTime=0
[STEP 1]
ACTION=Idle
TEMP=0
TIME=3
GN2=0
PN2=0
AO2=0
BO2=0
NA=0
Pump=0
[STEP 2]
ACTION=Idle
TEMP=0
TIME=3
GN2=40
PN2=0
AO2=0
BO2=0
NA=0
Pump=0
[STEP 3]
ACTION=Idle
TEMP=0
TIME=3
GN2=0
PN2=0
AO2=0
BO2=0
NA=0
Pump=0
[STEP 4]
ACTION=Idle
TEMP=0
TIME=3
GN2=0
PN2=0
AO2=3
BO2=0
NA=0
Pump=0
[STEP 5]
ACTION=Ramp up
TEMP=200
TIME=40
GN2=0
PN2=0
AO2=3
BO2=0
NA=0
Pump=0
[STEP 6]
ACTION=Hold
TEMP=200
TIME=100
GN2=0
PN2=0
AO2=3
BO2=0
NA=0
Pump=0
[STEP 7]
ACTION=Ramp up
TEMP=460
TIME=52
GN2=0
PN2=0
AO2=3
BO2=0
NA=0
Pump=0
[STEP 8]
ACTION=Hold
TEMP=460
TIME=240
GN2=0
PN2=0
AO2=3
BO2=0
NA=0
Pump=0
[STEP 9]
ACTION=Idle
TEMP=0
TIME=10
GN2=1
PN2=0
AO2=0
BO2=0
NA=0
Pump=0
[STEP 10]
ACTION=Idle
TEMP=0
TIME=120
GN2=90
PN2=0
AO2=0
BO2=0
NA=0
Pump=0
[STEP 11]
ACTION=Idle
TEMP=0
TIME=10
GN2=5
PN2=0
AO2=0
BO2=0
NA=0
Pump=0
[STEP 12]
ACTION=Stop
TEMP=0
TIME=0
GN2=0
PN2=0
AO2=0
BO2=0
NA=0
Pump=0
[STEP 13]
ACTION=Stop
TEMP=0
TIME=0
GN2=0
PN2=0
AO2=0
BO2=0
NA=0
Pump=0
[STEP 14]
ACTION=Stop
TEMP=0
TIME=0
GN2=0
PN2=0
AO2=0
BO2=0
NA=0
Pump=0
[STEP 15]
ACTION=Stop
TEMP=0
TIME=0
GN2=0
PN2=0
AO2=0
BO2=0
NA=0
Pump=0
[STEP 16]
ACTION=Stop
TEMP=0
TIME=0
GN2=0
PN2=0
AO2=0
BO2=0
NA=0
Pump=0
[STEP 17]
ACTION=Stop
TEMP=0
TIME=0
GN2=0
PN2=0
AO2=0
BO2=0
NA=0
Pump=0
[STEP 18]
ACTION=Stop
TEMP=0
TIME=0
GN2=0
PN2=0
AO2=0
BO2=0
NA=0
Pump=0
[STEP 19]
ACTION=Stop
TEMP=0
TIME=0
GN2=0
PN2=0
AO2=0
BO2=0
NA=0
Pump=0
[STEP 20]
ACTION=Stop
TEMP=0
TIME=0
GN2=0
PN2=0
AO2=0
BO2=0
NA=0
Pump=0
[STEP 21]
ACTION=Stop
TEMP=0
TIME=0
GN2=0
PN2=0
AO2=0
BO2=0
NA=0
Pump=0
[STEP 22]
ACTION=Stop
TEMP=0
TIME=0
GN2=0
PN2=0
AO2=0
BO2=0
NA=0
Pump=0
[STEP 23]
ACTION=Stop
TEMP=0
TIME=0
GN2=0
PN2=0
AO2=0
BO2=0
NA=0
Pump=0
[STEP 24]
ACTION=Stop
TEMP=0
TIME=0
GN2=0
PN2=0
AO2=0
BO2=0
NA=0
Pump=0
[STEP 25]
ACTION=Stop
TEMP=0
TIME=0
GN2=0
PN2=0
AO2=0
BO2=0
NA=0
Pump=0
[STEP 26]
ACTION=Stop
TEMP=0
TIME=0
GN2=0
PN2=0
AO2=0
BO2=0
NA=0
Pump=0
[STEP 27]
ACTION=Stop
TEMP=0
TIME=0
GN2=0
PN2=0
AO2=0
BO2=0
NA=0
Pump=0
[STEP 28]
ACTION=Stop
TEMP=0
TIME=0
GN2=0
PN2=0
AO2=0
BO2=0
NA=0
Pump=0
[STEP 29]
ACTION=Stop
TEMP=0
TIME=0
GN2=0
PN2=0
AO2=0
BO2=0
NA=0
Pump=0
[STEP 30]
ACTION=Stop
TEMP=0
TIME=0
GN2=0
PN2=0
AO2=0
BO2=0
NA=0
Pump=0
[STEP 31]
ACTION=Stop
TEMP=0
TIME=0
GN2=0
PN2=0
AO2=0
BO2=0
NA=0
Pump=0
[STEP 32]
ACTION=Stop
TEMP=0
TIME=0
GN2=0
PN2=0
AO2=0
BO2=0
NA=0
Pump=0
[STEP 33]
ACTION=Stop
TEMP=0
TIME=0
GN2=0
PN2=0
AO2=0
BO2=0
NA=0
Pump=0
[STEP 34]
ACTION=Stop
TEMP=0
TIME=0
GN2=0
PN2=0
AO2=0
BO2=0
NA=0
Pump=0
[STEP 35]
ACTION=Stop
TEMP=0
TIME=0
GN2=0
PN2=0
AO2=0
BO2=0
NA=0
Pump=0
[STEP 36]
ACTION=Stop
TEMP=0
TIME=0
GN2=0
PN2=0
AO2=0
BO2=0
NA=0
Pump=0
[STEP 37]
ACTION=Stop
TEMP=0
TIME=0
GN2=0
PN2=0
AO2=0
BO2=0
NA=0
Pump=0
[STEP 38]
ACTION=Stop
TEMP=0
TIME=0
GN2=0
PN2=0
AO2=0
BO2=0
NA=0
Pump=0
[STEP 39]
ACTION=Stop
TEMP=0
TIME=0
GN2=0
PN2=0
AO2=0
BO2=0
NA=0
Pump=0
[STEP 40]
ACTION=Stop
TEMP=0
TIME=0
GN2=0
PN2=0
AO2=0
BO2=0
NA=0
Pump=0
[STEP 41]
ACTION=Stop
TEMP=0
TIME=0
GN2=0
PN2=0
AO2=0
BO2=0
NA=0
Pump=0
[STEP 42]
ACTION=Stop
TEMP=0
TIME=0
GN2=0
PN2=0
AO2=0
BO2=0
NA=0
Pump=0
[STEP 43]
ACTION=Stop
TEMP=0
TIME=0
GN2=0
PN2=0
AO2=0
BO2=0
NA=0
Pump=0
[STEP 44]
ACTION=Stop
TEMP=0
TIME=0
GN2=0
PN2=0
AO2=0
BO2=0
NA=0
Pump=0
[STEP 45]
ACTION=Stop
TEMP=0
TIME=0
GN2=0
PN2=0
AO2=0
BO2=0
NA=0
Pump=0
[STEP 46]
ACTION=Stop
TEMP=0
TIME=0
GN2=0
PN2=0
AO2=0
BO2=0
NA=0
Pump=0
[STEP 47]
ACTION=Stop
TEMP=0
TIME=0
GN2=0
PN2=0
AO2=0
BO2=0
NA=0
Pump=0
[STEP 48]
ACTION=Stop
TEMP=0
TIME=0
GN2=0
PN2=0
AO2=0
BO2=0
NA=0
Pump=0
[STEP 49]
ACTION=Stop
TEMP=0
TIME=0
GN2=0
PN2=0
AO2=0
BO2=0
NA=0
Pump=0
[STEP 50]
ACTION=Stop
TEMP=0
TIME=0
GN2=0
PN2=0
AO2=0
BO2=0
NA=0
Pump=0
[COFFICIENT]
IntensityWeightD1=0
IntensityWeightD2=0
IntensityWeightD3=0
IntensityWeightD4=0.2
IntensityWeightD5=0
IntensityWeightS1=0
IntensityWeightS2=0
IntensityWeightS3=0
IntensityWeightS4=0
IntensityWeightS5=0
[CONTROL_LOOP]
Proportional=0.04
Proportional2=0.04
Integrnal=0.001
Integral2=0.00065
Derivational=0
Factor1=0
Factor2=0
InputDevice=1
Overshoot=200
[PROCESS_RECORD]
No=Time,Intensity,TC1,NA,Gas1,Gas2,Gas3,Gas4,Gas5,Pressure,Gas6,TC2,TC3,TC4,TC5,TC6,Power1,Power2,Power3,Power4,Power5,O2-Gauge,TC7,O2,MTC8,MTC9,MTC10,MTC11,MTC12,MTC13,MTC14,MTC15,MTC16,MTC17,MTC18,MTC19,MTC20,MTC21,MTC22,MTC23
0=1322,0,71.7,0,0,0,0,0,0,763.828,0,72.7,70.5,71.2,65.4,0.1,0,0,0,0,0,0,6,0,0,0,0,0,0,0,0,0,0,0,0,0,0,0,0,0,0,0,0,0,0,0,0,0,0,0,0,0
1=2355,0,71.6,0,0,0,0,0,0,763.828,0,72.6,70.5,71.1,65.3,0.1,0,0,0,0,0,0,6,0,0,0,0,0,0,0,0,0,0,0,0,0,0,0,0,0,0,0,0,0,0,0,0,0,0,0,0,0
2=6021,0,71.3,0,0,0,0,0,0,763.828,0,72.3,70.1,70.8,65,0.1,0,0,0,0,0,0,6,0,0,0,0,0,0,0,0,0,0,0,0,0,0,0,0,0,0,0,0,0,0,0,0,0,0,0,0,0
3=6999,0,71.2,0,0,0,0,0,0,763.828,0,72.2,70,70.7,64.9,0.1,0,0,0,0,0,0,6,0,0,0,0,0,0,0,0,0,0,0,0,0,0,0,0,0,0,0,0,0,0,0,0,0,0,0,0,0
4=9199,0,71,0,0,0,0,0,0,763.828,0,72,69.9,70.5,64.7,0.1,0,0,0,0,0,0,6,0,0,0,0,0,0,0,0,0,0,0,0,0,0,0,0,0,0,0,0,0,0,0,0,0,0,0,0,0
5=10188,0,70.9,0,0,0,0,0,0,763.828,0,71.9,69.8,70.4,64.7,0.1,0,0,0,0,0,0,6,0,0,0,0,0,0,0,0,0,0,0,0,0,0,0,0,0,0,0,0,0,0,0,0,0,0,0,0,0
6=13959,0,70.6,0,0,0,0,0,0,763.828,0,71.6,69.4,70.1,64.4,0.1,0,0,0,0,0,0,6,0,0,0,0,0,0,0,0,0,0,0,0,0,0,0,0,0,0,0,0,0,0,0,0,0,0,0,0,0
7=14960,0,70.5,0,0,0,0,0,0,763.828,0,71.5,69.4,70,64.3,0.1,0,0,0,0,0,0,6,0,0,0,0,0,0,0,0,0,0,0,0,0,0,0,0,0,0,0,0,0,0,0,0,0,0,0,0,0
8=14960,0,70.5,0,0,0,0,0,0,763.828,0,71.5,69.4,70,64.3,0.1,0,0,0,0,0,0,6,0,0,0,0,0,0,0,0,0,0,0,0,0,0,0,0,0,0,0,0,0,0,0,0,0,0,0,0,0
9=17370,0,70.3,0,0,0,0,0,0,763.828,0,71.3,69.1,69.8,64.1,0.1,0,0,0,0,0.5,0,6,0,0,0,0,0,0,0,0,0,0,0,0,0,0,0,0,0,0,0,0,0,0,0,0,0,0,0,0,0
10=17370,0,70.3,0,0,0,0,0,0,763.828,0,71.3,69.1,69.8,64.1,0.1,0,0,0,0,0.5,0,6,0,0,0,0,0,0,0,0,0,0,0,0,0,0,0,0,0,0,0,0,0,0,0,0,0,0,0,0,0
11=17765,0,70.3,0,0,0,0,0,0,763.828,0,71.3,69.1,69.8,64.1,0.1,0,0,0,0,0.5,0,6,0,0,0,0,0,0,0,0,0,0,0,0,0,0,0,0,0,0,0,0,0,0,0,0,0,0,0,0,0
12=17765,0,70.3,0,0,0,0,0,0,763.828,0,71.3,69.1,69.8,64.1,0.1,0,0,0,0,0.5,0,6,0,0,0,0,0,0,0,0,0,0,0,0,0,0,0,0,0,0,0,0,0,0,0,0,0,0,0,0,0
13=18181,0,70.3,0,0,0,0,0,0,763.828,0,71.2,69.1,69.8,64.1,0.1,0,0,0,0,0.5,0,6,0,0,0,0,0,0,0,0,0,0,0,0,0,0,0,0,0,0,0,0,0,0,0,0,0,0,0,0,0
14=18181,0,70.3,0,0,0,0,0,0,763.828,0,71.2,69.1,69.8,64.1,0.1,0,0,0,0,0.5,0,6,0,0,0,0,0,0,0,0,0,0,0,0,0,0,0,0,0,0,0,0,0,0,0,0,0,0,0,0,0
15=18599,0,70.2,0,0,0,0,0,0,763.828,0,71.2,69,69.7,64,0.1,0,0,0,0,0.5,0,6,0,0,0,0,0,0,0,0,0,0,0,0,0,0,0,0,0,0,0,0,0,0,0,0,0,0,0,0,0
16=18599,0,70.2,0,0,0,0,0,0,763.828,0,71.2,69,69.7,64,0.1,0,0,0,0,0.5,0,6,0,0,0,0,0,0,0,0,0,0,0,0,0,0,0,0,0,0,0,0,0,0,0,0,0,0,0,0,0
17=19023,0,70.2,0,0,0,0,0,0,763.828,0,71.2,69,69.7,64,0.1,0,0,0,0,0.5,0,6,0,0,0,0,0,0,0,0,0,0,0,0,0,0,0,0,0,0,0,0,0,0,0,0,0,0,0,0,0
18=19023,0,70.2,0,0,0,0,0,0,763.828,0,71.2,69,69.7,64,0.1,0,0,0,0,0.5,0,6,0,0,0,0,0,0,0,0,0,0,0,0,0,0,0,0,0,0,0,0,0,0,0,0,0,0,0,0,0
19=19444,0,70.1,0,0,0,0,0,0,763.828,0,71.1,69,69.7,64,0.1,0,0,0,0,0.5,0,6,0,0,0,0,0,0,0,0,0,0,0,0,0,0,0,0,0,0,0,0,0,0,0,0,0,0,0,0,0
20=19444,0,70.1,0,0,0,0,0,0,763.828,0,71.1,69,69.7,64,0.1,0,0,0,0,0.5,0,6,0,0,0,0,0,0,0,0,0,0,0,0,0,0,0,0,0,0,0,0,0,0,0,0,0,0,0,0,0
21=19819,0,70.1,0,0,0,0,0,0,763.828,0,71.1,68.9,69.6,64,0.1,0,0,0,0,0.5,0,6,0,0,0,0,0,0,0,0,0,0,0,0,0,0,0,0,0,0,0,0,0,0,0,0,0,0,0,0,0
22=19819,0,70.1,0,0,0,0,0,0,763.828,0,71.1,68.9,69.6,64,0.1,0,0,0,0,0.5,0,6,0,0,0,0,0,0,0,0,0,0,0,0,0,0,0,0,0,0,0,0,0,0,0,0,0,0,0,0,0
23=20245,0,70.1,0,0,0,0,0,0,763.828,0,71.1,68.9,69.6,63.9,0.1,0,0,0,0,0.5,0,6,0,0,0,0,0,0,0,0,0,0,0,0,0,0,0,0,0,0,0,0,0,0,0,0,0,0,0,0,0
24=20245,0,70.1,0,0,0,0,0,0,763.828,0,71.1,68.9,69.6,63.9,0.1,0,0,0,0,0.5,0,6,0,0,0,0,0,0,0,0,0,0,0,0,0,0,0,0,0,0,0,0,0,0,0,0,0,0,0,0,0
25=20630,0,70,0,0,0,0,0,0,763.828,0,71,68.9,69.6,63.9,0.1,0,0,0,0,0.5,0,6,0,0,0,0,0,0,0,0,0,0,0,0,0,0,0,0,0,0,0,0,0,0,0,0,0,0,0,0,0
26=20630,0,70,0,0,0,0,0,0,763.828,0,71,68.9,69.6,63.9,0.1,0,0,0,0,0.5,0,6,0,0,0,0,0,0,0,0,0,0,0,0,0,0,0,0,0,0,0,0,0,0,0,0,0,0,0,0,0
27=21034,0,70,0,0,0,0,0,0,763.828,0,71,68.8,69.5,63.9,0.1,0,0,0,0,0.5,0,6,0,0,0,0,0,0,0,0,0,0,0,0,0,0,0,0,0,0,0,0,0,0,0,0,0,0,0,0,0
28=21034,0,70,0,0,0,0,0,0,763.828,0,71,68.8,69.5,63.9,0.1,0,0,0,0,0.5,0,6,0,0,0,0,0,0,0,0,0,0,0,0,0,0,0,0,0,0,0,0,0,0,0,0,0,0,0,0,0
29=21440,0,70,0,0,0,0,0,0,763.828,0,71,68.8,69.5,63.8,0.1,0,0,0,0,0.5,0,6,0,0,0,0,0,0,0,0,0,0,0,0,0,0,0,0,0,0,0,0,0,0,0,0,0,0,0,0,0
30=21440,0,70,0,0,0,0,0,0,763.828,0,71,68.8,69.5,63.8,0.1,0,0,0,0,0.5,0,6,0,0,0,0,0,0,0,0,0,0,0,0,0,0,0,0,0,0,0,0,0,0,0,0,0,0,0,0,0
31=21852,0,69.9,0,0,0,0,0,0,763.828,0,70.9,68.8,69.5,63.8,0.1,0,0,0,0,0.5,0,6,0,0,0,0,0,0,0,0,0,0,0,0,0,0,0,0,0,0,0,0,0,0,0,0,0,0,0,0,0
32=21852,0,69.9,0,0,0,0,0,0,763.828,0,70.9,68.8,69.5,63.8,0.1,0,0,0,0,0.5,0,6,0,0,0,0,0,0,0,0,0,0,0,0,0,0,0,0,0,0,0,0,0,0,0,0,0,0,0,0,0
33=22269,0,69.9,0,0,0,0,0,0,763.828,0,70.9,68.7,69.4,63.8,0.1,0,0,0,0,0.5,0,6,0,0,0,0,0,0,0,0,0,0,0,0,0,0,0,0,0,0,0,0,0,0,0,0,0,0,0,0,0
34=22269,0,69.9,0,0,0,0,0,0,763.828,0,70.9,68.7,69.4,63.8,0.1,0,0,0,0,0.5,0,6,0,0,0,0,0,0,0,0,0,0,0,0,0,0,0,0,0,0,0,0,0,0,0,0,0,0,0,0,0
35=22686,0,69.9,0,0,0,0,0,0,763.828,0,70.9,68.7,69.4,63.7,0.1,0,0,0,0,0.5,0,6,0,0,0,0,0,0,0,0,0,0,0,0,0,0,0,0,0,0,0,0,0,0,0,0,0,0,0,0,0
36=22686,0,69.9,0,0,0,0,0,0,763.828,0,70.9,68.7,69.4,63.7,0.1,0,0,0,0,0.5,0,6,0,0,0,0,0,0,0,0,0,0,0,0,0,0,0,0,0,0,0,0,0,0,0,0,0,0,0,0,0
37=23071,0,69.8,0,0,0,0,0,0,763.828,0,70.8,68.7,69.3,63.7,0.1,0,0,0,0,0.5,0,6,0,0,0,0,0,0,0,0,0,0,0,0,0,0,0,0,0,0,0,0,0,0,0,0,0,0,0,0,0
38=23071,0,69.8,0,0,0,0,0,0,763.828,0,70.8,68.7,69.3,63.7,0.1,0,0,0,0,0.5,0,6,0,0,0,0,0,0,0,0,0,0,0,0,0,0,0,0,0,0,0,0,0,0,0,0,0,0,0,0,0
39=23481,0,69.8,0,0,0,0,0,0,763.828,0,70.8,68.6,69.3,63.7,0.1,0,0,0,0,0.5,0,6,0,0,0,0,0,0,0,0,0,0,0,0,0,0,0,0,0,0,0,0,0,0,0,0,0,0,0,0,0
40=23481,0,69.8,0,0,0,0,0,0,763.828,0,70.8,68.6,69.3,63.7,0.1,0,0,0,0,0.5,0,6,0,0,0,0,0,0,0,0,0,0,0,0,0,0,0,0,0,0,0,0,0,0,0,0,0,0,0,0,0
41=23875,0,69.8,0,0,0,0,0,0,763.828,0,70.8,68.6,69.3,63.7,0.1,0,0,0,0,0.5,0,6,0,0,0,0,0,0,0,0,0,0,0,0,0,0,0,0,0,0,0,0,0,0,0,0,0,0,0,0,0
42=23875,0,69.8,0,0,0,0,0,0,763.828,0,70.8,68.6,69.3,63.7,0.1,0,0,0,0,0.5,0,6,0,0,0,0,0,0,0,0,0,0,0,0,0,0,0,0,0,0,0,0,0,0,0,0,0,0,0,0,0
43=24292,0,69.7,0,0,0,0,0,0,763.828,0,70.7,68.6,69.3,63.7,0.1,0,0,0,0,0.5,0,6,0,0,0,0,0,0,0,0,0,0,0,0,0,0,0,0,0,0,0,0,0,0,0,0,0,0,0,0,0
44=24292,0,69.7,0,0,0,0,0,0,763.828,0,70.7,68.6,69.3,63.7,0.1,0,0,0,0,0.5,0,6,0,0,0,0,0,0,0,0,0,0,0,0,0,0,0,0,0,0,0,0,0,0,0,0,0,0,0,0,0
45=24694,0,69.7,0,0,0,0,0,0,763.828,0,70.7,68.5,69.2,63.6,0.1,0,0,0,0,0.5,0,6,0,0,0,0,0,0,0,0,0,0,0,0,0,0,0,0,0,0,0,0,0,0,0,0,0,0,0,0,0
46=24694,0,69.7,0,0,0,0,0,0,763.828,0,70.7,68.5,69.2,63.6,0.1,0,0,0,0,0.5,0,6,0,0,0,0,0,0,0,0,0,0,0,0,0,0,0,0,0,0,0,0,0,0,0,0,0,0,0,0,0
47=25107,0,69.7,0,0,0,0,0,0,763.828,0,70.7,68.5,69.2,63.6,0.1,0,0,0,0,0.5,0,6,0,0,0,0,0,0,0,0,0,0,0,0,0,0,0,0,0,0,0,0,0,0,0,0,0,0,0,0,0
48=25107,0,69.7,0,0,0,0,0,0,763.828,0,70.7,68.5,69.2,63.6,0.1,0,0,0,0,0.5,0,6,0,0,0,0,0,0,0,0,0,0,0,0,0,0,0,0,0,0,0,0,0,0,0,0,0,0,0,0,0
49=25508,0,69.6,0,0,0,0,0,0,763.828,0,70.6,68.5,69.2,63.6,0.1,0,0,0,0,0.5,0,6,0,0,0,0,0,0,0,0,0,0,0,0,0,0,0,0,0,0,0,0,0,0,0,0,0,0,0,0,0
50=25508,0,69.6,0,0,0,0,0,0,763.828,0,70.6,68.5,69.2,63.6,0.1,0,0,0,0,0.5,0,6,0,0,0,0,0,0,0,0,0,0,0,0,0,0,0,0,0,0,0,0,0,0,0,0,0,0,0,0,0
51=25927,0,69.6,0,0,0,0,0,0,763.828,0,70.6,68.4,69.1,63.6,0.1,0,0,0,0,0.5,0,6,0,0,0,0,0,0,0,0,0,0,0,0,0,0,0,0,0,0,0,0,0,0,0,0,0,0,0,0,0
52=25927,0,69.6,0,0,0,0,0,0,763.828,0,70.6,68.4,69.1,63.6,0.1,0,0,0,0,0.5,0,6,0,0,0,0,0,0,0,0,0,0,0,0,0,0,0,0,0,0,0,0,0,0,0,0,0,0,0,0,0
53=26348,0,69.6,0,0,0,0,0,0,763.828,0,70.6,68.4,69.1,63.5,0.1,0,0,0,0,0.5,0,6,0,0,0,0,0,0,0,0,0,0,0,0,0,0,0,0,0,0,0,0,0,0,0,0,0,0,0,0,0
54=26348,0,69.6,0,0,0,0,0,0,763.828,0,70.6,68.4,69.1,63.5,0.1,0,0,0,0,0.5,0,6,0,0,0,0,0,0,0,0,0,0,0,0,0,0,0,0,0,0,0,0,0,0,0,0,0,0,0,0,0
55=26723,0,69.5,0,0,0,0,0,0,763.828,0,70.5,68.4,69.1,63.5,0.1,0,0,0,0,0.5,0,6,0,0,0,0,0,0,0,0,0,0,0,0,0,0,0,0,0,0,0,0,0,0,0,0,0,0,0,0,0
56=26723,0,69.5,0,0,0,0,0,0,763.828,0,70.5,68.4,69.1,63.5,0.1,0,0,0,0,0.5,0,6,0,0,0,0,0,0,0,0,0,0,0,0,0,0,0,0,0,0,0,0,0,0,0,0,0,0,0,0,0
57=27130,0,69.5,0,0,0,0,0,0,763.828,0,70.5,68.3,69,63.5,0.1,0,0,0,0,0.5,0,6,0,0,0,0,0,0,0,0,0,0,0,0,0,0,0,0,0,0,0,0,0,0,0,0,0,0,0,0,0
58=27130,0,69.5,0,0,0,0,0,0,763.828,0,70.5,68.3,69,63.5,0.1,0,0,0,0,0.5,0,6,0,0,0,0,0,0,0,0,0,0,0,0,0,0,0,0,0,0,0,0,0,0,0,0,0,0,0,0,0
59=27544,0,69.5,0,0,0,0,0,0,763.828,0,70.5,68.3,69,63.5,0.1,0,0,0,0,0.5,0,6,0,0,0,0,0,0,0,0,0,0,0,0,0,0,0,0,0,0,0,0,0,0,0,0,0,0,0,0,0
60=27544,0,69.5,0,0,0,0,0,0,763.828,0,70.5,68.3,69,63.5,0.1,0,0,0,0,0.5,0,6,0,0,0,0,0,0,0,0,0,0,0,0,0,0,0,0,0,0,0,0,0,0,0,0,0,0,0,0,0
61=27937,0,69.4,0,0,0,0,0,0,763.828,0,70.4,68.3,69,63.5,0.1,0,0,0,0,0.5,0,6,0,0,0,0,0,0,0,0,0,0,0,0,0,0,0,0,0,0,0,0,0,0,0,0,0,0,0,0,0
62=27937,0,69.4,0,0,0,0,0,0,763.828,0,70.4,68.3,69,63.5,0.1,0,0,0,0,0.5,0,6,0,0,0,0,0,0,0,0,0,0,0,0,0,0,0,0,0,0,0,0,0,0,0,0,0,0,0,0,0
63=28345,0,69.4,0,0,0,0,0,0,763.828,0,70.4,68.2,68.9,63.4,0.1,0,0,0,0,0.5,0,6,0,0,0,0,0,0,0,0,0,0,0,0,0,0,0,0,0,0,0,0,0,0,0,0,0,0,0,0,0
64=28345,0,69.4,0,0,0,0,0,0,763.828,0,70.4,68.2,68.9,63.4,0.1,0,0,0,0,0.5,0,6,0,0,0,0,0,0,0,0,0,0,0,0,0,0,0,0,0,0,0,0,0,0,0,0,0,0,0,0,0
65=28755,0,69.4,0,0,0,0,0,0,763.828,0,70.4,68.2,68.9,63.4,0.1,0,0,0,0,0.5,0,6,0,0,0,0,0,0,0,0,0,0,0,0,0,0,0,0,0,0,0,0,0,0,0,0,0,0,0,0,0
66=28755,0,69.4,0,0,0,0,0,0,763.828,0,70.4,68.2,68.9,63.4,0.1,0,0,0,0,0.5,0,6,0,0,0,0,0,0,0,0,0,0,0,0,0,0,0,0,0,0,0,0,0,0,0,0,0,0,0,0,0
67=29172,0,69.4,0,0,0,0,0,0,763.828,0,70.3,68.2,68.9,63.4,0.1,0,0,0,0,0.5,0,6,0,0,0,0,0,0,0,0,0,0,0,0,0,0,0,0,0,0,0,0,0,0,0,0,0,0,0,0,0
68=29172,0,69.4,0,0,0,0,0,0,763.828,0,70.3,68.2,68.9,63.4,0.1,0,0,0,0,0.5,0,6,0,0,0,0,0,0,0,0,0,0,0,0,0,0,0,0,0,0,0,0,0,0,0,0,0,0,0,0,0
69=29607,0,69.3,0,0,0,0,0,0,763.828,0,70.3,68.2,68.9,63.4,0.1,0,0,0,0,0.5,0,6,0,0,0,0,0,0,0,0,0,0,0,0,0,0,0,0,0,0,0,0,0,0,0,0,0,0,0,0,0
70=29607,0,69.3,0,0,0,0,0,0,763.828,0,70.3,68.2,68.9,63.4,0.1,0,0,0,0,0.5,0,6,0,0,0,0,0,0,0,0,0,0,0,0,0,0,0,0,0,0,0,0,0,0,0,0,0,0,0,0,0
71=29973,0,69.3,0,0,0,0,0,0,763.828,0,70.3,68.1,68.8,63.4,0.1,0,0,0,0,0.5,0,6,0,0,0,0,0,0,0,0,0,0,0,0,0,0,0,0,0,0,0,0,0,0,0,0,0,0,0,0,0
72=29973,0,69.3,0,0,0,0,0,0,763.828,0,70.3,68.1,68.8,63.4,0.1,0,0,0,0,0.5,0,6,0,0,0,0,0,0,0,0,0,0,0,0,0,0,0,0,0,0,0,0,0,0,0,0,0,0,0,0,0
73=30379,0,69.3,0,0,0,0,0,0,763.828,0,70.3,68.1,68.8,63.4,0.1,0,0,0,0,0.5,0,6,0,0,0,0,0,0,0,0,0,0,0,0,0,0,0,0,0,0,0,0,0,0,0,0,0,0,0,0,0
74=30379,0,69.3,0,0,0,0,0,0,763.828,0,70.3,68.1,68.8,63.4,0.1,0,0,0,0,0.5,0,6,0,0,0,0,0,0,0,0,0,0,0,0,0,0,0,0,0,0,0,0,0,0,0,0,0,0,0,0,0
75=30787,0,69.2,0,0,0,0,0,0,763.828,0,70.2,68.1,68.8,63.3,0.1,0,0,0,0,0.5,0,6,0,0,0,0,0,0,0,0,0,0,0,0,0,0,0,0,0,0,0,0,0,0,0,0,0,0,0,0,0
76=30787,0,69.2,0,0,0,0,0,0,763.828,0,70.2,68.1,68.8,63.3,0.1,0,0,0,0,0.5,0,6,0,0,0,0,0,0,0,0,0,0,0,0,0,0,0,0,0,0,0,0,0,0,0,0,0,0,0,0,0
77=31190,0,69.2,0,0,0,0,0,0,763.828,0,70.2,68,68.7,63.3,0.1,0,0,0,0,0.5,0,6,0,0,0,0,0,0,0,0,0,0,0,0,0,0,0,0,0,0,0,0,0,0,0,0,0,0,0,0,0
78=31190,0,69.2,0,0,0,0,0,0,763.828,0,70.2,68,68.7,63.3,0.1,0,0,0,0,0.5,0,6,0,0,0,0,0,0,0,0,0,0,0,0,0,0,0,0,0,0,0,0,0,0,0,0,0,0,0,0,0
79=31607,0,69.2,0,0,0,0,0,0,763.828,0,70.2,68,68.7,63.3,0.1,0,0,0,0,0.5,0,6,0,0,0,0,0,0,0,0,0,0,0,0,0,0,0,0,0,0,0,0,0,0,0,0,0,0,0,0,0
80=31607,0,69.2,0,0,0,0,0,0,763.828,0,70.2,68,68.7,63.3,0.1,0,0,0,0,0.5,0,6,0,0,0,0,0,0,0,0,0,0,0,0,0,0,0,0,0,0,0,0,0,0,0,0,0,0,0,0,0
81=32009,0,69.2,0,0,0,0,0,0,763.828,0,70.1,68,68.7,63.3,0.1,0,0,0,0,0.5,0,6,0,0,0,0,0,0,0,0,0,0,0,0,0,0,0,0,0,0,0,0,0,0,0,0,0,0,0,0,0
82=32009,0,69.2,0,0,0,0,0,0,763.828,0,70.1,68,68.7,63.3,0.1,0,0,0,0,0.5,0,6,0,0,0,0,0,0,0,0,0,0,0,0,0,0,0,0,0,0,0,0,0,0,0,0,0,0,0,0,0
83=32426,0,69.1,0,0,0,0,0,0,763.828,0,70.1,67.9,68.7,63.3,0.1,0,0,0,0,0.5,0,6,0,0,0,0,0,0,0,0,0,0,0,0,0,0,0,0,0,0,0,0,0,0,0,0,0,0,0,0,0
84=32426,0,69.1,0,0,0,0,0,0,763.828,0,70.1,67.9,68.7,63.3,0.1,0,0,0,0,0.5,0,6,0,0,0,0,0,0,0,0,0,0,0,0,0,0,0,0,0,0,0,0,0,0,0,0,0,0,0,0,0
85=32843,0,69.1,0,0,0,0,0,0,763.828,0,70.1,67.9,68.6,63.3,0.1,0,0,0.02,0,0.5,0,6,0,0,0,0,0,0,0,0,0,0,0,0,0,0,0,0,0,0,0,0,0,0,0,0,0,0,0,0,0
86=32843,0,69.1,0,0,0,0,0,0,763.828,0,70.1,67.9,68.6,63.3,0.1,0,0,0.02,0,0.5,0,6,0,0,0,0,0,0,0,0,0,0,0,0,0,0,0,0,0,0,0,0,0,0,0,0,0,0,0,0,0
87=33227,0.13,69.1,0,0,0,0,0,0,763.828,0,70,67.9,68.6,63.2,0.1,0.13,0.02,0.32,0.21,0.5,0,6,0,0,0,0,0,0,0,0,0,0,0,0,0,0,0,0,0,0,0,0,0,0,0,0,0,0,0,0,0
88=33227,0.13,69.1,0,0,0,0,0,0,763.828,0,70,67.9,68.6,63.2,0.1,0.13,0.02,0.32,0.21,0.5,0,6,0,0,0,0,0,0,0,0,0,0,0,0,0,0,0,0,0,0,0,0,0,0,0,0,0,0,0,0,0
89=33636,0.43,69,0,0,0,0,0,0,763.828,0,70,67.9,68.6,63.2,0.1,0.43,0.31,0.63,0.51,0.5,0,6,0,0,0,0,0,0,0,0,0,0,0,0,0,0,0,0,0,0,0,0,0,0,0,0,0,0,0,0,0
90=33636,0.43,69,0,0,0,0,0,0,763.828,0,70,67.9,68.6,63.2,0.1,0.43,0.31,0.63,0.51,0.5,0,6,0,0,0,0,0,0,0,0,0,0,0,0,0,0,0,0,0,0,0,0,0,0,0,0,0,0,0,0,0
91=34038,0.59,69,0,0,0,0,0,0,763.828,0,70,67.8,68.6,63.2,0.1,0.59,0.47,0.8,0.68,0.58,0,6,0,0,0,0,0,0,0,0,0,0,0,0,0,0,0,0,0,0,0,0,0,0,0,0,0,0,0,0,0
92=34038,0.59,69,0,0,0,0,0,0,763.828,0,70,67.8,68.6,63.2,0.1,0.59,0.47,0.8,0.68,0.58,0,6,0,0,0,0,0,0,0,0,0,0,0,0,0,0,0,0,0,0,0,0,0,0,0,0,0,0,0,0,0
93=34450,0.91,69,0,0,0,0,0,0,763.828,0,70,67.8,68.5,63.2,0.1,0.91,0.79,1.14,1.01,0.77,0,6,0,0,0,0,0,0,0,0,0,0,0,0,0,0,0,0,0,0,0,0,0,0,0,0,0,0,0,0,0
94=34450,0.91,69,0,0,0,0,0,0,763.828,0,70,67.8,68.5,63.2,0.1,0.91,0.79,1.14,1.01,0.77,0,6,0,0,0,0,0,0,0,0,0,0,0,0,0,0,0,0,0,0,0,0,0,0,0,0,0,0,0,0,0
95=34846,1.26,69,0,0,0,0,0,0,763.828,0,69.9,67.8,68.5,63.2,0.1,1.26,1.13,1.5,1.36,0.97,0,6,0,0,0,0,0,0,0,0,0,0,0,0,0,0,0,0,0,0,0,0,0,0,0,0,0,0,0,0,0
96=34846,1.26,69,0,0,0,0,0,0,763.828,0,69.9,67.8,68.5,63.2,0.1,1.26,1.13,1.5,1.36,0.97,0,6,0,0,0,0,0,0,0,0,0,0,0,0,0,0,0,0,0,0,0,0,0,0,0,0,0,0,0,0,0
97=35253,1.6,68.9,0,0,0,0,0,0,763.828,0,69.9,67.8,68.5,63.2,0.1,1.6,1.47,1.86,1.72,1.18,0,6,0,0,0,0,0,0,0,0,0,0,0,0,0,0,0,0,0,0,0,0,0,0,0,0,0,0,0,0,0
98=35253,1.6,68.9,0,0,0,0,0,0,763.828,0,69.9,67.8,68.5,63.2,0.1,1.6,1.47,1.86,1.72,1.18,0,6,0,0,0,0,0,0,0,0,0,0,0,0,0,0,0,0,0,0,0,0,0,0,0,0,0,0,0,0,0
99=35676,1.97,68.9,0,0,0,0,0,0,763.828,0,69.9,67.7,68.4,63.2,0.1,1.97,1.83,2.24,2.09,1.4,0,6,0,0,0,0,0,0,0,0,0,0,0,0,0,0,0,0,0,0,0,0,0,0,0,0,0,0,0,0,0
100=35676,1.97,68.9,0,0,0,0,0,0,763.828,0,69.9,67.7,68.4,63.2,0.1,1.97,1.83,2.24,2.09,1.4,0,6,0,0,0,0,0,0,0,0,0,0,0,0,0,0,0,0,0,0,0,0,0,0,0,0,0,0,0,0,0
101=36094,2.35,68.9,0,0,0,0,0,0,763.828,0,69.9,67.7,68.4,63.2,0.1,2.35,2.21,2.63,2.48,1.62,0,6,0,0,0,0,0,0,0,0,0,0,0,0,0,0,0,0,0,0,0,0,0,0,0,0,0,0,0,0,0
102=36094,2.35,68.9,0,0,0,0,0,0,763.828,0,69.9,67.7,68.4,63.2,0.1,2.35,2.21,2.63,2.48,1.62,0,6,0,0,0,0,0,0,0,0,0,0,0,0,0,0,0,0,0,0,0,0,0,0,0,0,0,0,0,0,0
103=36472,2.75,68.9,0,0,0,0,0,0,763.828,0,69.8,67.7,68.4,63.3,0.1,2.75,2.6,3.05,2.88,1.84,0,6,0,0,0,0,0,0,0,0,0,0,0,0,0,0,0,0,0,0,0,0,0,0,0,0,0,0,0,0,0
104=36472,2.75,68.9,0,0,0,0,0,0,763.828,0,69.8,67.7,68.4,63.3,0.1,2.75,2.6,3.05,2.88,1.84,0,6,0,0,0,0,0,0,0,0,0,0,0,0,0,0,0,0,0,0,0,0,0,0,0,0,0,0,0,0,0
105=36884,3.16,68.9,0,0,0,0,0,0,763.828,0,69.8,67.7,68.4,63.4,0.1,3.16,3.01,3.48,3.29,2.05,0,6,0,0,0,0,0,0,0,0,0,0,0,0,0,0,0,0,0,0,0,0,0,0,0,0,0,0,0,0,0
106=36884,3.16,68.9,0,0,0,0,0,0,763.828,0,69.8,67.7,68.4,63.4,0.1,3.16,3.01,3.48,3.29,2.05,0,6,0,0,0,0,0,0,0,0,0,0,0,0,0,0,0,0,0,0,0,0,0,0,0,0,0,0,0,0,0
107=37291,3.54,68.9,0,0,0,0,0,0,763.828,0,69.9,67.7,68.5,63.7,0.1,3.54,3.37,3.88,3.65,2.21,0,6,0,0,0,0,0,0,0,0,0,0,0,0,0,0,0,0,0,0,0,0,0,0,0,0,0,0,0,0,0
108=37291,3.54,68.9,0,0,0,0,0,0,763.828,0,69.9,67.7,68.5,63.7,0.1,3.54,3.37,3.88,3.65,2.21,0,6,0,0,0,0,0,0,0,0,0,0,0,0,0,0,0,0,0,0,0,0,0,0,0,0,0,0,0,0,0
109=37695,3.89,69,0,0,0,0,0,0,763.828,0,70,67.8,68.8,64.4,0.1,3.89,3.7,4.25,3.95,2.29,0,6,0,0,0,0,0,0,0,0,0,0,0,0,0,0,0,0,0,0,0,0,0,0,0,0,0,0,0,0,0
110=37695,3.89,69,0,0,0,0,0,0,763.828,0,70,67.8,68.8,64.4,0.1,3.89,3.7,4.25,3.95,2.29,0,6,0,0,0,0,0,0,0,0,0,0,0,0,0,0,0,0,0,0,0,0,0,0,0,0,0,0,0,0,0
111=38096,4.19,69.3,0,0,0,0,0,0,763.828,0,70.3,68.1,69.2,65.5,0.1,4.19,3.96,4.58,4.17,2.29,0,6,0,0,0,0,0,0,0,0,0,0,0,0,0,0,0,0,0,0,0,0,0,0,0,0,0,0,0,0,0
112=38096,4.19,69.3,0,0,0,0,0,0,763.828,0,70.3,68.1,69.2,65.5,0.1,4.19,3.96,4.58,4.17,2.29,0,6,0,0,0,0,0,0,0,0,0,0,0,0,0,0,0,0,0,0,0,0,0,0,0,0,0,0,0,0,0
113=38513,4.3,69.5,0,0,0,0,0,0,763.828,0,70.6,68.2,69.4,66.2,0.1,4.3,4.06,4.72,4.24,2.26,0,6,0,0,0,0,0,0,0,0,0,0,0,0,0,0,0,0,0,0,0,0,0,0,0,0,0,0,0,0,0
114=38513,4.3,69.5,0,0,0,0,0,0,763.828,0,70.6,68.2,69.4,66.2,0.1,4.3,4.06,4.72,4.24,2.26,0,6,0,0,0,0,0,0,0,0,0,0,0,0,0,0,0,0,0,0,0,0,0,0,0,0,0,0,0,0,0
115=38933,4.48,70,0,0,0,0,0,0,763.828,0,71.2,68.7,70.3,68.2,0.1,4.48,4.19,4.95,4.32,2.11,0,6.5,0,0,0,0,0,0,0,0,0,0,0,0,0,0,0,0,0,0,0,0,0,0,0,0,0,0,0,0,0
116=38933,4.48,70,0,0,0,0,0,0,763.828,0,71.2,68.7,70.3,68.2,0.1,4.48,4.19,4.95,4.32,2.11,0,6.5,0,0,0,0,0,0,0,0,0,0,0,0,0,0,0,0,0,0,0,0,0,0,0,0,0,0,0,0,0
