[COMMENT]
RecordTime=2024/11/6 ¤U¤È 03:38:40
InputDevice=1
InputObject=0
ColumnName=Index,Time,Intensity,TC,Pump,Gas1~4,Pressure,MTC1~5,Power1~5,O2
PumpDownTime=0
[STEP 1]
ACTION=Idle
TEMP=0
TIME=3
GN2=0
PN2=0
AO2=0
BO2=0
NA=0
Pump=0
[STEP 2]
ACTION=Idle
TEMP=0
TIME=3
GN2=40
PN2=0
AO2=0
BO2=0
NA=0
Pump=0
[STEP 3]
ACTION=Idle
TEMP=0
TIME=3
GN2=0
PN2=0
AO2=0
BO2=0
NA=0
Pump=0
[STEP 4]
ACTION=Idle
TEMP=0
TIME=3
GN2=0
PN2=0
AO2=3
BO2=0
NA=0
Pump=0
[STEP 5]
ACTION=Ramp up
TEMP=100
TIME=40
GN2=0
PN2=0
AO2=3
BO2=0
NA=0
Pump=0
[STEP 6]
ACTION=Hold
TEMP=100
TIME=100
GN2=0
PN2=0
AO2=3
BO2=0
NA=0
Pump=0
[STEP 7]
ACTION=Ramp up
TEMP=400
TIME=30
GN2=0
PN2=0
AO2=3
BO2=0
NA=0
Pump=0
[STEP 8]
ACTION=Hold
TEMP=400
TIME=240
GN2=0
PN2=0
AO2=3
BO2=0
NA=0
Pump=0
[STEP 9]
ACTION=Idle
TEMP=0
TIME=10
GN2=1
PN2=0
AO2=0
BO2=0
NA=0
Pump=0
[STEP 10]
ACTION=Idle
TEMP=0
TIME=120
GN2=90
PN2=0
AO2=0
BO2=0
NA=0
Pump=0
[STEP 11]
ACTION=Idle
TEMP=0
TIME=10
GN2=5
PN2=0
AO2=0
BO2=0
NA=0
Pump=0
[STEP 12]
ACTION=Stop
TEMP=0
TIME=0
GN2=0
PN2=0
AO2=0
BO2=0
NA=0
Pump=0
[STEP 13]
ACTION=Stop
TEMP=0
TIME=0
GN2=0
PN2=0
AO2=0
BO2=0
NA=0
Pump=0
[STEP 14]
ACTION=Stop
TEMP=0
TIME=0
GN2=0
PN2=0
AO2=0
BO2=0
NA=0
Pump=0
[STEP 15]
ACTION=Stop
TEMP=0
TIME=0
GN2=0
PN2=0
AO2=0
BO2=0
NA=0
Pump=0
[STEP 16]
ACTION=Stop
TEMP=0
TIME=0
GN2=0
PN2=0
AO2=0
BO2=0
NA=0
Pump=0
[STEP 17]
ACTION=Stop
TEMP=0
TIME=0
GN2=0
PN2=0
AO2=0
BO2=0
NA=0
Pump=0
[STEP 18]
ACTION=Stop
TEMP=0
TIME=0
GN2=0
PN2=0
AO2=0
BO2=0
NA=0
Pump=0
[STEP 19]
ACTION=Stop
TEMP=0
TIME=0
GN2=0
PN2=0
AO2=0
BO2=0
NA=0
Pump=0
[STEP 20]
ACTION=Stop
TEMP=0
TIME=0
GN2=0
PN2=0
AO2=0
BO2=0
NA=0
Pump=0
[STEP 21]
ACTION=Stop
TEMP=0
TIME=0
GN2=0
PN2=0
AO2=0
BO2=0
NA=0
Pump=0
[STEP 22]
ACTION=Stop
TEMP=0
TIME=0
GN2=0
PN2=0
AO2=0
BO2=0
NA=0
Pump=0
[STEP 23]
ACTION=Stop
TEMP=0
TIME=0
GN2=0
PN2=0
AO2=0
BO2=0
NA=0
Pump=0
[STEP 24]
ACTION=Stop
TEMP=0
TIME=0
GN2=0
PN2=0
AO2=0
BO2=0
NA=0
Pump=0
[STEP 25]
ACTION=Stop
TEMP=0
TIME=0
GN2=0
PN2=0
AO2=0
BO2=0
NA=0
Pump=0
[STEP 26]
ACTION=Stop
TEMP=0
TIME=0
GN2=0
PN2=0
AO2=0
BO2=0
NA=0
Pump=0
[STEP 27]
ACTION=Stop
TEMP=0
TIME=0
GN2=0
PN2=0
AO2=0
BO2=0
NA=0
Pump=0
[STEP 28]
ACTION=Stop
TEMP=0
TIME=0
GN2=0
PN2=0
AO2=0
BO2=0
NA=0
Pump=0
[STEP 29]
ACTION=Stop
TEMP=0
TIME=0
GN2=0
PN2=0
AO2=0
BO2=0
NA=0
Pump=0
[STEP 30]
ACTION=Stop
TEMP=0
TIME=0
GN2=0
PN2=0
AO2=0
BO2=0
NA=0
Pump=0
[STEP 31]
ACTION=Stop
TEMP=0
TIME=0
GN2=0
PN2=0
AO2=0
BO2=0
NA=0
Pump=0
[STEP 32]
ACTION=Stop
TEMP=0
TIME=0
GN2=0
PN2=0
AO2=0
BO2=0
NA=0
Pump=0
[STEP 33]
ACTION=Stop
TEMP=0
TIME=0
GN2=0
PN2=0
AO2=0
BO2=0
NA=0
Pump=0
[STEP 34]
ACTION=Stop
TEMP=0
TIME=0
GN2=0
PN2=0
AO2=0
BO2=0
NA=0
Pump=0
[STEP 35]
ACTION=Stop
TEMP=0
TIME=0
GN2=0
PN2=0
AO2=0
BO2=0
NA=0
Pump=0
[STEP 36]
ACTION=Stop
TEMP=0
TIME=0
GN2=0
PN2=0
AO2=0
BO2=0
NA=0
Pump=0
[STEP 37]
ACTION=Stop
TEMP=0
TIME=0
GN2=0
PN2=0
AO2=0
BO2=0
NA=0
Pump=0
[STEP 38]
ACTION=Stop
TEMP=0
TIME=0
GN2=0
PN2=0
AO2=0
BO2=0
NA=0
Pump=0
[STEP 39]
ACTION=Stop
TEMP=0
TIME=0
GN2=0
PN2=0
AO2=0
BO2=0
NA=0
Pump=0
[STEP 40]
ACTION=Stop
TEMP=0
TIME=0
GN2=0
PN2=0
AO2=0
BO2=0
NA=0
Pump=0
[STEP 41]
ACTION=Stop
TEMP=0
TIME=0
GN2=0
PN2=0
AO2=0
BO2=0
NA=0
Pump=0
[STEP 42]
ACTION=Stop
TEMP=0
TIME=0
GN2=0
PN2=0
AO2=0
BO2=0
NA=0
Pump=0
[STEP 43]
ACTION=Stop
TEMP=0
TIME=0
GN2=0
PN2=0
AO2=0
BO2=0
NA=0
Pump=0
[STEP 44]
ACTION=Stop
TEMP=0
TIME=0
GN2=0
PN2=0
AO2=0
BO2=0
NA=0
Pump=0
[STEP 45]
ACTION=Stop
TEMP=0
TIME=0
GN2=0
PN2=0
AO2=0
BO2=0
NA=0
Pump=0
[STEP 46]
ACTION=Stop
TEMP=0
TIME=0
GN2=0
PN2=0
AO2=0
BO2=0
NA=0
Pump=0
[STEP 47]
ACTION=Stop
TEMP=0
TIME=0
GN2=0
PN2=0
AO2=0
BO2=0
NA=0
Pump=0
[STEP 48]
ACTION=Stop
TEMP=0
TIME=0
GN2=0
PN2=0
AO2=0
BO2=0
NA=0
Pump=0
[STEP 49]
ACTION=Stop
TEMP=0
TIME=0
GN2=0
PN2=0
AO2=0
BO2=0
NA=0
Pump=0
[STEP 50]
ACTION=Stop
TEMP=0
TIME=0
GN2=0
PN2=0
AO2=0
BO2=0
NA=0
Pump=0
[COFFICIENT]
IntensityWeightD1=0
IntensityWeightD2=0
IntensityWeightD3=0
IntensityWeightD4=0.2
IntensityWeightD5=0
IntensityWeightS1=0
IntensityWeightS2=0
IntensityWeightS3=0
IntensityWeightS4=0
IntensityWeightS5=0
[CONTROL_LOOP]
Proportional=0.04
Proportional2=0.04
Integrnal=0.001
Integral2=0.00065
Derivational=0
Factor1=0
Factor2=0
InputDevice=1
Overshoot=200
[PROCESS_RECORD]
No=Time,Intensity,TC1,NA,Gas1,Gas2,Gas3,Gas4,Gas5,Pressure,Gas6,TC2,TC3,TC4,TC5,TC6,Power1,Power2,Power3,Power4,Power5,O2-Gauge,TC7,O2,MTC8,MTC9,MTC10,MTC11,MTC12,MTC13,MTC14,MTC15,MTC16,MTC17,MTC18,MTC19,MTC20,MTC21,MTC22,MTC23
0=1323,0,66.6,0,0,0,0,0,0,763.828,0,67.3,65.7,66.1,62.3,0.1,0,0,0,0,0,0,6.1,0,0,0,0,0,0,0,0,0,0,0,0,0,0,0,0,0,0,0,0,0,0,0,0,0,0,0,0,0
1=2360,0,66.6,0,0,0,0,0,0,763.828,0,67.2,65.7,66.1,62.2,0.1,0,0,0,0,0,0,6.1,0,0,0,0,0,0,0,0,0,0,0,0,0,0,0,0,0,0,0,0,0,0,0,0,0,0,0,0,0
2=5605,0,66.4,0,34.362,0,0,0,0,763.828,0,67.1,65.5,65.9,62.1,0.1,0,0,0,0,0,0,16.6,0,0,0,0,0,0,0,0,0,0,0,0,0,0,0,0,0,0,0,0,0,0,0,0,0,0,0,0,0
3=6611,0,66.4,0,40.01,0,0,0,0,763.828,0,67,65.5,65.9,62,0.1,0,0,0,0,0,0,17.7,0,0,0,0,0,0,0,0,0,0,0,0,0,0,0,0,0,0,0,0,0,0,0,0,0,0,0,0,0
4=8772,0,66.2,0,36.131,0,0,0,0,763.828,0,66.9,65.3,65.7,61.8,0.1,0,0,0,0,0,0,14.3,0,0,0,0,0,0,0,0,0,0,0,0,0,0,0,0,0,0,0,0,0,0,0,0,0,0,0,0,0
5=9795,0,66.2,0,0,0,0,0,0,763.828,0,66.8,65.3,65.6,61.7,0.1,0,0,0,0,0,0,9.7,0,0,0,0,0,0,0,0,0,0,0,0,0,0,0,0,0,0,0,0,0,0,0,0,0,0,0,0,0
6=13553,0,65.9,0,0,0,0,0,0,763.828,0,66.5,65,65.2,61.3,0.1,0,0,0,0,0,0,7.1,0,0,0,0,0,0,0,0,0,0,0,0,0,0,0,0,0,0,0,0,0,0,0,0,0,0,0,0,0
7=14560,0,65.8,0,0,0,0,0,0,763.828,0,66.4,65,65.1,61.3,0.1,0,0,0,0,0,0,7.2,0,0,0,0,0,0,0,0,0,0,0,0,0,0,0,0,0,0,0,0,0,0,0,0,0,0,0,0,0
8=14560,0,65.8,0,0,0,0,0,0,763.828,0,66.4,65,65.1,61.3,0.1,0,0,0,0,0,0,7.2,0,0,0,0,0,0,0,0,0,0,0,0,0,0,0,0,0,0,0,0,0,0,0,0,0,0,0,0,0
9=22408,0,65.7,0,0,0,0,0,0,763.828,0,66.3,64.8,64.9,61.1,0.1,0,0,0,0,0,0,7.2,0,0,0,0,0,0,0,0,0,0,0,0,0,0,0,0,0,0,0,0,0,0,0,0,0,0,0,0,0
10=22408,0,65.7,0,0,0,0,0,0,763.828,0,66.3,64.8,64.9,61.1,0.1,0,0,0,0,0,0,7.2,0,0,0,0,0,0,0,0,0,0,0,0,0,0,0,0,0,0,0,0,0,0,0,0,0,0,0,0,0
11=29829,0,65.7,0,0,0,0,0,0,763.828,0,66.3,64.8,64.9,60.9,0.1,0,0,0,0,0,0,6.1,0,0,0,0,0,0,0,0,0,0,0,0,0,0,0,0,0,0,0,0,0,0,0,0,0,0,0,0,0
12=29829,0,65.7,0,0,0,0,0,0,763.828,0,66.3,64.8,64.9,60.9,0.1,0,0,0,0,0,0,6.1,0,0,0,0,0,0,0,0,0,0,0,0,0,0,0,0,0,0,0,0,0,0,0,0,0,0,0,0,0
13=30176,0,65,0,0,0,0,0,0,763.828,0,65.7,64.2,64.2,60.7,0.1,0,0,0,0,0,0,6.1,0,0,0,0,0,0,0,0,0,0,0,0,0,0,0,0,0,0,0,0,0,0,0,0,0,0,0,0,0
14=30176,0,65,0,0,0,0,0,0,763.828,0,65.7,64.2,64.2,60.7,0.1,0,0,0,0,0,0,6.1,0,0,0,0,0,0,0,0,0,0,0,0,0,0,0,0,0,0,0,0,0,0,0,0,0,0,0,0,0
15=30582,0,65,0,0,0,0,0,0,763.828,0,65.6,64.1,64.2,60.7,0.1,0,0,0,0,0,0,6.1,0,0,0,0,0,0,0,0,0,0,0,0,0,0,0,0,0,0,0,0,0,0,0,0,0,0,0,0,0
16=30582,0,65,0,0,0,0,0,0,763.828,0,65.6,64.1,64.2,60.7,0.1,0,0,0,0,0,0,6.1,0,0,0,0,0,0,0,0,0,0,0,0,0,0,0,0,0,0,0,0,0,0,0,0,0,0,0,0,0
17=30988,0,65,0,0,0,0,0,0,763.828,0,65.6,64.1,64.2,60.7,0.1,0,0,0,0,0,0,6.2,0,0,0,0,0,0,0,0,0,0,0,0,0,0,0,0,0,0,0,0,0,0,0,0,0,0,0,0,0
18=30988,0,65,0,0,0,0,0,0,763.828,0,65.6,64.1,64.2,60.7,0.1,0,0,0,0,0,0,6.2,0,0,0,0,0,0,0,0,0,0,0,0,0,0,0,0,0,0,0,0,0,0,0,0,0,0,0,0,0
19=31399,0,65,0,0,0,0,0,0,763.828,0,65.6,64.1,64.2,60.7,0.1,0,0,0,0,0,0,6.1,0,0,0,0,0,0,0,0,0,0,0,0,0,0,0,0,0,0,0,0,0,0,0,0,0,0,0,0,0
20=31399,0,65,0,0,0,0,0,0,763.828,0,65.6,64.1,64.2,60.7,0.1,0,0,0,0,0,0,6.1,0,0,0,0,0,0,0,0,0,0,0,0,0,0,0,0,0,0,0,0,0,0,0,0,0,0,0,0,0
21=31813,0,65,0,0,0,0,0,0,763.828,0,65.6,64.1,64.1,60.7,0.1,0,0,0,0,0,0,6.1,0,0,0,0,0,0,0,0,0,0,0,0,0,0,0,0,0,0,0,0,0,0,0,0,0,0,0,0,0
22=31813,0,65,0,0,0,0,0,0,763.828,0,65.6,64.1,64.1,60.7,0.1,0,0,0,0,0,0,6.1,0,0,0,0,0,0,0,0,0,0,0,0,0,0,0,0,0,0,0,0,0,0,0,0,0,0,0,0,0
23=32218,0,65,0,0,0,0,0,0,763.828,0,65.6,64.1,64.1,60.6,0.1,0,0,0,0,0,0,6.1,0,0,0,0,0,0,0,0,0,0,0,0,0,0,0,0,0,0,0,0,0,0,0,0,0,0,0,0,0
24=32218,0,65,0,0,0,0,0,0,763.828,0,65.6,64.1,64.1,60.6,0.1,0,0,0,0,0,0,6.1,0,0,0,0,0,0,0,0,0,0,0,0,0,0,0,0,0,0,0,0,0,0,0,0,0,0,0,0,0
25=32641,0,64.9,0,0,0,0,0,0,763.828,0,65.6,64.1,64.1,60.6,0.1,0,0,0,0,0,0,6.1,0,0,0,0,0,0,0,0,0,0,0,0,0,0,0,0,0,0,0,0,0,0,0,0,0,0,0,0,0
26=32641,0,64.9,0,0,0,0,0,0,763.828,0,65.6,64.1,64.1,60.6,0.1,0,0,0,0,0,0,6.1,0,0,0,0,0,0,0,0,0,0,0,0,0,0,0,0,0,0,0,0,0,0,0,0,0,0,0,0,0
27=33059,0,64.9,0,0,0,0,0,0,763.828,0,65.5,64,64.1,60.6,0.1,0,0,0,0,0,0,6.1,0,0,0,0,0,0,0,0,0,0,0,0,0,0,0,0,0,0,0,0,0,0,0,0,0,0,0,0,0
28=33059,0,64.9,0,0,0,0,0,0,763.828,0,65.5,64,64.1,60.6,0.1,0,0,0,0,0,0,6.1,0,0,0,0,0,0,0,0,0,0,0,0,0,0,0,0,0,0,0,0,0,0,0,0,0,0,0,0,0
29=33477,0,64.9,0,0,0,0,0,0,763.828,0,65.5,64,64.1,60.6,0.1,0,0,0,0,0,0,6.1,0,0,0,0,0,0,0,0,0,0,0,0,0,0,0,0,0,0,0,0,0,0,0,0,0,0,0,0,0
30=33477,0,64.9,0,0,0,0,0,0,763.828,0,65.5,64,64.1,60.6,0.1,0,0,0,0,0,0,6.1,0,0,0,0,0,0,0,0,0,0,0,0,0,0,0,0,0,0,0,0,0,0,0,0,0,0,0,0,0
31=33861,0,64.9,0,0,0,0,0,0,763.828,0,65.5,64,64.1,60.6,0.1,0,0,0,0,0,0,6.1,0,0,0,0,0,0,0,0,0,0,0,0,0,0,0,0,0,0,0,0,0,0,0,0,0,0,0,0,0
32=33861,0,64.9,0,0,0,0,0,0,763.828,0,65.5,64,64.1,60.6,0.1,0,0,0,0,0,0,6.1,0,0,0,0,0,0,0,0,0,0,0,0,0,0,0,0,0,0,0,0,0,0,0,0,0,0,0,0,0
33=34265,0,64.9,0,0,0,0,0,0,763.828,0,65.5,64,64.1,60.6,0.1,0,0,0,0,0,0,6.1,0,0,0,0,0,0,0,0,0,0,0,0,0,0,0,0,0,0,0,0,0,0,0,0,0,0,0,0,0
34=34265,0,64.9,0,0,0,0,0,0,763.828,0,65.5,64,64.1,60.6,0.1,0,0,0,0,0,0,6.1,0,0,0,0,0,0,0,0,0,0,0,0,0,0,0,0,0,0,0,0,0,0,0,0,0,0,0,0,0
35=34686,0,64.9,0,0,0,0,0,0,763.828,0,65.5,64,64,60.6,0.1,0,0,0,0,0,0,6.1,0,0,0,0,0,0,0,0,0,0,0,0,0,0,0,0,0,0,0,0,0,0,0,0,0,0,0,0,0
36=34686,0,64.9,0,0,0,0,0,0,763.828,0,65.5,64,64,60.6,0.1,0,0,0,0,0,0,6.1,0,0,0,0,0,0,0,0,0,0,0,0,0,0,0,0,0,0,0,0,0,0,0,0,0,0,0,0,0
37=35081,0,64.8,0,0,0,0,0,0,763.828,0,65.4,64,64,60.5,0.1,0,0,0,0,0.04,0,6.1,0,0,0,0,0,0,0,0,0,0,0,0,0,0,0,0,0,0,0,0,0,0,0,0,0,0,0,0,0
38=35081,0,64.8,0,0,0,0,0,0,763.828,0,65.4,64,64,60.5,0.1,0,0,0,0,0.04,0,6.1,0,0,0,0,0,0,0,0,0,0,0,0,0,0,0,0,0,0,0,0,0,0,0,0,0,0,0,0,0
39=35487,0,64.8,0,0,0,0,0,0,763.828,0,65.4,63.9,64,60.5,0.1,0,0,0,0,0.13,0,6.1,0,0,0,0,0,0,0,0,0,0,0,0,0,0,0,0,0,0,0,0,0,0,0,0,0,0,0,0,0
40=35487,0,64.8,0,0,0,0,0,0,763.828,0,65.4,63.9,64,60.5,0.1,0,0,0,0,0.13,0,6.1,0,0,0,0,0,0,0,0,0,0,0,0,0,0,0,0,0,0,0,0,0,0,0,0,0,0,0,0,0
41=35889,0.03,64.8,0,0,0,0,0,0,763.828,0,65.4,63.9,64,60.5,0.1,0.03,0,0.18,0.17,0.24,0,6.1,0,0,0,0,0,0,0,0,0,0,0,0,0,0,0,0,0,0,0,0,0,0,0,0,0,0,0,0,0
42=35889,0.03,64.8,0,0,0,0,0,0,763.828,0,65.4,63.9,64,60.5,0.1,0.03,0,0.18,0.17,0.24,0,6.1,0,0,0,0,0,0,0,0,0,0,0,0,0,0,0,0,0,0,0,0,0,0,0,0,0,0,0,0,0
43=36292,0.21,64.8,0,0,0,0,0,0,763.828,0,65.4,63.9,64,60.5,0.1,0.21,0.14,0.37,0.35,0.35,0,6.1,0,0,0,0,0,0,0,0,0,0,0,0,0,0,0,0,0,0,0,0,0,0,0,0,0,0,0,0,0
44=36292,0.21,64.8,0,0,0,0,0,0,763.828,0,65.4,63.9,64,60.5,0.1,0.21,0.14,0.37,0.35,0.35,0,6.1,0,0,0,0,0,0,0,0,0,0,0,0,0,0,0,0,0,0,0,0,0,0,0,0,0,0,0,0,0
45=36702,0.39,64.8,0,0,0,0,0,0,763.828,0,65.4,63.9,64,60.5,0.1,0.39,0.31,0.56,0.54,0.46,0,6.1,0,0,0,0,0,0,0,0,0,0,0,0,0,0,0,0,0,0,0,0,0,0,0,0,0,0,0,0,0
46=36702,0.39,64.8,0,0,0,0,0,0,763.828,0,65.4,63.9,64,60.5,0.1,0.39,0.31,0.56,0.54,0.46,0,6.1,0,0,0,0,0,0,0,0,0,0,0,0,0,0,0,0,0,0,0,0,0,0,0,0,0,0,0,0,0
47=37107,0.58,64.8,0,0,0,0,0,0,763.828,0,65.4,63.9,63.9,60.5,0.1,0.58,0.5,0.76,0.74,0.58,0,6.1,0,0,0,0,0,0,0,0,0,0,0,0,0,0,0,0,0,0,0,0,0,0,0,0,0,0,0,0,0
48=37107,0.58,64.8,0,0,0,0,0,0,763.828,0,65.4,63.9,63.9,60.5,0.1,0.58,0.5,0.76,0.74,0.58,0,6.1,0,0,0,0,0,0,0,0,0,0,0,0,0,0,0,0,0,0,0,0,0,0,0,0,0,0,0,0,0
49=37533,0.79,64.7,0,0,0,0,0,0,763.828,0,65.3,63.8,63.9,60.5,0.1,0.79,0.71,0.98,0.96,0.71,0,6.1,0,0,0,0,0,0,0,0,0,0,0,0,0,0,0,0,0,0,0,0,0,0,0,0,0,0,0,0,0
50=37533,0.79,64.7,0,0,0,0,0,0,763.828,0,65.3,63.8,63.9,60.5,0.1,0.79,0.71,0.98,0.96,0.71,0,6.1,0,0,0,0,0,0,0,0,0,0,0,0,0,0,0,0,0,0,0,0,0,0,0,0,0,0,0,0,0
51=37942,0.99,64.7,0,0,0,0,0,0,763.828,0,65.3,63.8,63.9,60.4,0.1,0.99,0.91,1.19,1.17,0.84,0,6.1,0,0,0,0,0,0,0,0,0,0,0,0,0,0,0,0,0,0,0,0,0,0,0,0,0,0,0,0,0
52=37942,0.99,64.7,0,0,0,0,0,0,763.828,0,65.3,63.8,63.9,60.4,0.1,0.99,0.91,1.19,1.17,0.84,0,6.1,0,0,0,0,0,0,0,0,0,0,0,0,0,0,0,0,0,0,0,0,0,0,0,0,0,0,0,0,0
53=38323,1.21,64.7,0,0,0,0,0,0,763.828,0,65.3,63.8,63.9,60.4,0.1,1.21,1.12,1.42,1.4,0.98,0,6.1,0,0,0,0,0,0,0,0,0,0,0,0,0,0,0,0,0,0,0,0,0,0,0,0,0,0,0,0,0
54=38323,1.21,64.7,0,0,0,0,0,0,763.828,0,65.3,63.8,63.9,60.4,0.1,1.21,1.12,1.42,1.4,0.98,0,6.1,0,0,0,0,0,0,0,0,0,0,0,0,0,0,0,0,0,0,0,0,0,0,0,0,0,0,0,0,0
55=38725,1.44,64.7,0,0,0,0,0,0,763.828,0,65.3,63.8,63.9,60.4,0.1,1.44,1.34,1.66,1.63,1.12,0,6.1,0,0,0,0,0,0,0,0,0,0,0,0,0,0,0,0,0,0,0,0,0,0,0,0,0,0,0,0,0
56=38725,1.44,64.7,0,0,0,0,0,0,763.828,0,65.3,63.8,63.9,60.4,0.1,1.44,1.34,1.66,1.63,1.12,0,6.1,0,0,0,0,0,0,0,0,0,0,0,0,0,0,0,0,0,0,0,0,0,0,0,0,0,0,0,0,0
57=39142,1.56,64.7,0,0,0,0,0,0,763.828,0,65.3,63.8,63.9,60.4,0.1,1.56,1.47,1.79,1.76,1.19,0,6.1,0,0,0,0,0,0,0,0,0,0,0,0,0,0,0,0,0,0,0,0,0,0,0,0,0,0,0,0,0
58=39142,1.56,64.7,0,0,0,0,0,0,763.828,0,65.3,63.8,63.9,60.4,0.1,1.56,1.47,1.79,1.76,1.19,0,6.1,0,0,0,0,0,0,0,0,0,0,0,0,0,0,0,0,0,0,0,0,0,0,0,0,0,0,0,0,0
59=39543,1.81,64.7,0,0,0,0,0,0,763.828,0,65.3,63.8,63.9,60.4,0.1,1.81,1.71,2.04,2.02,1.34,0,6.1,0,0,0,0,0,0,0,0,0,0,0,0,0,0,0,0,0,0,0,0,0,0,0,0,0,0,0,0,0
60=39543,1.81,64.7,0,0,0,0,0,0,763.828,0,65.3,63.8,63.9,60.4,0.1,1.81,1.71,2.04,2.02,1.34,0,6.1,0,0,0,0,0,0,0,0,0,0,0,0,0,0,0,0,0,0,0,0,0,0,0,0,0,0,0,0,0
61=39945,2.06,64.6,0,0,0,0,0,0,763.828,0,65.2,63.8,63.9,60.5,0.1,2.06,1.96,2.3,2.27,1.47,0,6.1,0,0,0,0,0,0,0,0,0,0,0,0,0,0,0,0,0,0,0,0,0,0,0,0,0,0,0,0,0
62=39945,2.06,64.6,0,0,0,0,0,0,763.828,0,65.2,63.8,63.9,60.5,0.1,2.06,1.96,2.3,2.27,1.47,0,6.1,0,0,0,0,0,0,0,0,0,0,0,0,0,0,0,0,0,0,0,0,0,0,0,0,0,0,0,0,0
63=40379,2.3,64.6,0,0,0,0,0,0,763.828,0,65.2,63.8,63.9,60.6,0.1,2.3,2.2,2.55,2.52,1.58,0,6.1,0,0,0,0,0,0,0,0,0,0,0,0,0,0,0,0,0,0,0,0,0,0,0,0,0,0,0,0,0
64=40379,2.3,64.6,0,0,0,0,0,0,763.828,0,65.2,63.8,63.9,60.6,0.1,2.3,2.2,2.55,2.52,1.58,0,6.1,0,0,0,0,0,0,0,0,0,0,0,0,0,0,0,0,0,0,0,0,0,0,0,0,0,0,0,0,0
65=40795,2.55,64.6,0,0,0,0,0,0,763.828,0,65.2,63.8,63.9,61,0.1,2.55,2.44,2.8,2.78,1.64,0,6.1,0,0,0,0,0,0,0,0,0,0,0,0,0,0,0,0,0,0,0,0,0,0,0,0,0,0,0,0,0
66=40795,2.55,64.6,0,0,0,0,0,0,763.828,0,65.2,63.8,63.9,61,0.1,2.55,2.44,2.8,2.78,1.64,0,6.1,0,0,0,0,0,0,0,0,0,0,0,0,0,0,0,0,0,0,0,0,0,0,0,0,0,0,0,0,0
67=41205,2.78,64.7,0,0,0,0,0,0,763.828,0,65.3,63.8,63.9,61.6,0.1,2.78,2.68,3.04,3.01,1.64,0,6.1,0,0,0,0,0,0,0,0,0,0,0,0,0,0,0,0,0,0,0,0,0,0,0,0,0,0,0,0,0
68=41205,2.78,64.7,0,0,0,0,0,0,763.828,0,65.3,63.8,63.9,61.6,0.1,2.78,2.68,3.04,3.01,1.64,0,6.1,0,0,0,0,0,0,0,0,0,0,0,0,0,0,0,0,0,0,0,0,0,0,0,0,0,0,0,0,0
69=41613,3,64.7,0,0,0,0,0,0,763.828,0,65.3,63.9,64,62.7,0.1,3,2.91,3.26,3.24,1.55,0,6.1,0,0,0,0,0,0,0,0,0,0,0,0,0,0,0,0,0,0,0,0,0,0,0,0,0,0,0,0,0
70=41613,3,64.7,0,0,0,0,0,0,763.828,0,65.3,63.9,64,62.7,0.1,3,2.91,3.26,3.24,1.55,0,6.1,0,0,0,0,0,0,0,0,0,0,0,0,0,0,0,0,0,0,0,0,0,0,0,0,0,0,0,0,0
71=42027,3.21,64.9,0,0,0,0,0,0,763.828,0,65.4,64.1,64.2,64.3,0.1,3.21,3.13,3.45,3.43,1.36,0,6.1,0,0,0,0,0,0,0,0,0,0,0,0,0,0,0,0,0,0,0,0,0,0,0,0,0,0,0,0,0
72=42027,3.21,64.9,0,0,0,0,0,0,763.828,0,65.4,64.1,64.2,64.3,0.1,3.21,3.13,3.45,3.43,1.36,0,6.1,0,0,0,0,0,0,0,0,0,0,0,0,0,0,0,0,0,0,0,0,0,0,0,0,0,0,0,0,0
73=42447,3.37,65.1,0,0,0,0,0,0,763.828,0,65.6,64.4,64.5,66.5,0.1,3.37,3.3,3.59,3.58,1.08,0,6.3,0,0,0,0,0,0,0,0,0,0,0,0,0,0,0,0,0,0,0,0,0,0,0,0,0,0,0,0,0
74=42447,3.37,65.1,0,0,0,0,0,0,763.828,0,65.6,64.4,64.5,66.5,0.1,3.37,3.3,3.59,3.58,1.08,0,6.3,0,0,0,0,0,0,0,0,0,0,0,0,0,0,0,0,0,0,0,0,0,0,0,0,0,0,0,0,0
75=42824,3.48,65.5,0,0,0,0,0,0,763.828,0,66,64.9,64.9,69.5,0.1,3.48,3.43,3.68,3.67,0.7,0,6.7,0,0,0,0,0,0,0,0,0,0,0,0,0,0,0,0,0,0,0,0,0,0,0,0,0,0,0,0,0
76=42824,3.48,65.5,0,0,0,0,0,0,763.828,0,66,64.9,64.9,69.5,0.1,3.48,3.43,3.68,3.67,0.7,0,6.7,0,0,0,0,0,0,0,0,0,0,0,0,0,0,0,0,0,0,0,0,0,0,0,0,0,0,0,0,0
77=43236,3.54,66.1,0,0,0,0,0,0,763.828,0,66.5,65.5,65.6,73.1,0.1,3.54,3.51,3.7,3.7,0.26,0,6.9,0,0,0,0,0,0,0,0,0,0,0,0,0,0,0,0,0,0,0,0,0,0,0,0,0,0,0,0,0
78=43236,3.54,66.1,0,0,0,0,0,0,763.828,0,66.5,65.5,65.6,73.1,0.1,3.54,3.51,3.7,3.7,0.26,0,6.9,0,0,0,0,0,0,0,0,0,0,0,0,0,0,0,0,0,0,0,0,0,0,0,0,0,0,0,0,0
79=43638,3.53,66.8,0,0,0,0,0,0,763.828,0,67.1,66.4,66.4,76.9,0.1,3.53,3.52,3.66,3.66,0,0,7,0,0,0,0,0,0,0,0,0,0,0,0,0,0,0,0,0,0,0,0,0,0,0,0,0,0,0,0,0
80=43638,3.53,66.8,0,0,0,0,0,0,763.828,0,67.1,66.4,66.4,76.9,0.1,3.53,3.52,3.66,3.66,0,0,7,0,0,0,0,0,0,0,0,0,0,0,0,0,0,0,0,0,0,0,0,0,0,0,0,0,0,0,0,0
81=44046,3.46,67.8,0,0,0,0,0,0,763.828,0,68,67.4,67.5,81,0.1,3.46,3.47,3.56,3.56,0,0,7.4,0,0,0,0,0,0,0,0,0,0,0,0,0,0,0,0,0,0,0,0,0,0,0,0,0,0,0,0,0
82=44046,3.46,67.8,0,0,0,0,0,0,763.828,0,68,67.4,67.5,81,0.1,3.46,3.47,3.56,3.56,0,0,7.4,0,0,0,0,0,0,0,0,0,0,0,0,0,0,0,0,0,0,0,0,0,0,0,0,0,0,0,0,0
83=44446,3.33,68.9,0,0,0,0,0,0,763.828,0,69.1,68.7,68.7,85.4,0.1,3.33,3.35,3.4,3.39,0,0,7.7,0,0,0,0,0,0,0,0,0,0,0,0,0,0,0,0,0,0,0,0,0,0,0,0,0,0,0,0,0
84=44446,3.33,68.9,0,0,0,0,0,0,763.828,0,69.1,68.7,68.7,85.4,0.1,3.33,3.35,3.4,3.39,0,0,7.7,0,0,0,0,0,0,0,0,0,0,0,0,0,0,0,0,0,0,0,0,0,0,0,0,0,0,0,0,0
85=44856,3.15,70.3,0,0,0,0,0,0,763.828,0,70.3,70.2,70.2,89.9,0.1,3.15,3.18,3.19,3.17,0,0,7.9,0,0,0,0,0,0,0,0,0,0,0,0,0,0,0,0,0,0,0,0,0,0,0,0,0,0,0,0,0
86=44856,3.15,70.3,0,0,0,0,0,0,763.828,0,70.3,70.2,70.2,89.9,0.1,3.15,3.18,3.19,3.17,0,0,7.9,0,0,0,0,0,0,0,0,0,0,0,0,0,0,0,0,0,0,0,0,0,0,0,0,0,0,0,0,0
87=45259,2.91,71.9,0,0,0,0,0,0,763.828,0,71.8,71.9,72,94.3,0.1,2.91,2.95,2.93,2.9,0,0,8,0,0,0,0,0,0,0,0,0,0,0,0,0,0,0,0,0,0,0,0,0,0,0,0,0,0,0,0,0
88=45259,2.91,71.9,0,0,0,0,0,0,763.828,0,71.8,71.9,72,94.3,0.1,2.91,2.95,2.93,2.9,0,0,8,0,0,0,0,0,0,0,0,0,0,0,0,0,0,0,0,0,0,0,0,0,0,0,0,0,0,0,0,0
89=45684,2.78,72.8,0,0,0,0,0,0,763.828,0,72.7,72.9,72.9,96.5,0.1,2.78,2.8,2.78,2.74,0,0,8.1,0,0,0,0,0,0,0,0,0,0,0,0,0,0,0,0,0,0,0,0,0,0,0,0,0,0,0,0,0
90=45684,2.78,72.8,0,0,0,0,0,0,763.828,0,72.7,72.9,72.9,96.5,0.1,2.78,2.8,2.78,2.74,0,0,8.1,0,0,0,0,0,0,0,0,0,0,0,0,0,0,0,0,0,0,0,0,0,0,0,0,0,0,0,0,0
91=46101,2.47,74.7,0,0,0,0,0,0,763.828,0,74.6,74.9,75,101,0.1,2.47,2.48,2.45,2.38,0,0,8.1,0,0,0,0,0,0,0,0,0,0,0,0,0,0,0,0,0,0,0,0,0,0,0,0,0,0,0,0,0
92=46101,2.47,74.7,0,0,0,0,0,0,763.828,0,74.6,74.9,75,101,0.1,2.47,2.48,2.45,2.38,0,0,8.1,0,0,0,0,0,0,0,0,0,0,0,0,0,0,0,0,0,0,0,0,0,0,0,0,0,0,0,0,0
93=46519,2.11,77,0,0,0,0,0,0,763.828,0,76.9,77.3,77.5,105.3,0.1,2.11,2.1,2.07,1.98,0,0,8.1,0,0,0,0,0,0,0,0,0,0,0,0,0,0,0,0,0,0,0,0,0,0,0,0,0,0,0,0,0
94=46519,2.11,77,0,0,0,0,0,0,763.828,0,76.9,77.3,77.5,105.3,0.1,2.11,2.1,2.07,1.98,0,0,8.1,0,0,0,0,0,0,0,0,0,0,0,0,0,0,0,0,0,0,0,0,0,0,0,0,0,0,0,0,0
95=46951,1.72,79.4,0,0,0,0,0,0,763.828,0,79.3,79.8,80,109.1,0.1,1.72,1.7,1.68,1.56,0,0,8.1,0,0,0,0,0,0,0,0,0,0,0,0,0,0,0,0,0,0,0,0,0,0,0,0,0,0,0,0,0
96=46951,1.72,79.4,0,0,0,0,0,0,763.828,0,79.3,79.8,80,109.1,0.1,1.72,1.7,1.68,1.56,0,0,8.1,0,0,0,0,0,0,0,0,0,0,0,0,0,0,0,0,0,0,0,0,0,0,0,0,0,0,0,0,0
97=47365,1.33,81.9,0,0,0,0,0,0,763.828,0,81.8,82.4,82.7,112.4,0.1,1.33,1.28,1.28,1.14,0,0,8.2,0,0,0,0,0,0,0,0,0,0,0,0,0,0,0,0,0,0,0,0,0,0,0,0,0,0,0,0,0
98=47365,1.33,81.9,0,0,0,0,0,0,763.828,0,81.8,82.4,82.7,112.4,0.1,1.33,1.28,1.28,1.14,0,0,8.2,0,0,0,0,0,0,0,0,0,0,0,0,0,0,0,0,0,0,0,0,0,0,0,0,0,0,0,0,0
99=47785,0.94,84.6,0,0,0,0,0,0,763.828,0,84.5,85.1,85.4,115.2,0.1,0.94,0.85,0.88,0.72,0,0,8.2,0,0,0,0,0,0,0,0,0,0,0,0,0,0,0,0,0,0,0,0,0,0,0,0,0,0,0,0,0
100=47785,0.94,84.6,0,0,0,0,0,0,763.828,0,84.5,85.1,85.4,115.2,0.1,0.94,0.85,0.88,0.72,0,0,8.2,0,0,0,0,0,0,0,0,0,0,0,0,0,0,0,0,0,0,0,0,0,0,0,0,0,0,0,0,0
101=48219,0.53,87.4,0,0,0,0,0,0,763.828,0,87.4,87.9,88.3,117.8,0.1,0.53,0.41,0.47,0.3,0,0,8.2,0,0,0,0,0,0,0,0,0,0,0,0,0,0,0,0,0,0,0,0,0,0,0,0,0,0,0,0,0
102=48219,0.53,87.4,0,0,0,0,0,0,763.828,0,87.4,87.9,88.3,117.8,0.1,0.53,0.41,0.47,0.3,0,0,8.2,0,0,0,0,0,0,0,0,0,0,0,0,0,0,0,0,0,0,0,0,0,0,0,0,0,0,0,0,0
103=48631,0.14,90.1,0,0,0,0,0,0,763.828,0,90.2,90.7,91.2,119.7,0.1,0.14,0,0.08,0,0,0,8.2,0,0,0,0,0,0,0,0,0,0,0,0,0,0,0,0,0,0,0,0,0,0,0,0,0,0,0,0,0
104=48631,0.14,90.1,0,0,0,0,0,0,763.828,0,90.2,90.7,91.2,119.7,0.1,0.14,0,0.08,0,0,0,8.2,0,0,0,0,0,0,0,0,0,0,0,0,0,0,0,0,0,0,0,0,0,0,0,0,0,0,0,0,0
105=49053,0,92.8,0,0,0,0,0,0,763.828,0,92.9,93.3,93.9,121.3,0.1,0,0,0,0,0,0,8.2,0,0,0,0,0,0,0,0,0,0,0,0,0,0,0,0,0,0,0,0,0,0,0,0,0,0,0,0,0
106=49053,0,92.8,0,0,0,0,0,0,763.828,0,92.9,93.3,93.9,121.3,0.1,0,0,0,0,0,0,8.2,0,0,0,0,0,0,0,0,0,0,0,0,0,0,0,0,0,0,0,0,0,0,0,0,0,0,0,0,0
107=49438,0,95.6,0,0,0,0,0,0,763.828,0,95.9,96.1,96.8,122.7,0.1,0,0,0,0,0,0,8.2,0,0,0,0,0,0,0,0,0,0,0,0,0,0,0,0,0,0,0,0,0,0,0,0,0,0,0,0,0
108=49438,0,95.6,0,0,0,0,0,0,763.828,0,95.9,96.1,96.8,122.7,0.1,0,0,0,0,0,0,8.2,0,0,0,0,0,0,0,0,0,0,0,0,0,0,0,0,0,0,0,0,0,0,0,0,0,0,0,0,0
109=49840,0,98.5,0,0,0,0,0,0,763.828,0,98.8,99,99.6,123.8,0.1,0,0,0,0,0,0,8.2,0,0,0,0,0,0,0,0,0,0,0,0,0,0,0,0,0,0,0,0,0,0,0,0,0,0,0,0,0
110=49840,0,98.5,0,0,0,0,0,0,763.828,0,98.8,99,99.6,123.8,0.1,0,0,0,0,0,0,8.2,0,0,0,0,0,0,0,0,0,0,0,0,0,0,0,0,0,0,0,0,0,0,0,0,0,0,0,0,0
111=50246,0,101.1,0,0,0,0,0,0,763.828,0,101.5,101.5,102.2,124.6,0.1,0,0,0,0,0,0,7.8,0,0,0,0,0,0,0,0,0,0,0,0,0,0,0,0,0,0,0,0,0,0,0,0,0,0,0,0,0
112=50246,0,101.1,0,0,0,0,0,0,763.828,0,101.5,101.5,102.2,124.6,0.1,0,0,0,0,0,0,7.8,0,0,0,0,0,0,0,0,0,0,0,0,0,0,0,0,0,0,0,0,0,0,0,0,0,0,0,0,0
113=50650,0,103.7,0,0,0,0,0,0,763.828,0,104.2,104.2,104.9,125.4,0.1,0,0,0,0,0,0,7.5,0,0,0,0,0,0,0,0,0,0,0,0,0,0,0,0,0,0,0,0,0,0,0,0,0,0,0,0,0
114=50650,0,103.7,0,0,0,0,0,0,763.828,0,104.2,104.2,104.9,125.4,0.1,0,0,0,0,0,0,7.5,0,0,0,0,0,0,0,0,0,0,0,0,0,0,0,0,0,0,0,0,0,0,0,0,0,0,0,0,0
115=51061,0,106.3,0,0,0,0,0,0,763.828,0,106.9,106.8,107.4,126,0.1,0,0,0,0,0,0,7.3,0,0,0,0,0,0,0,0,0,0,0,0,0,0,0,0,0,0,0,0,0,0,0,0,0,0,0,0,0
116=51061,0,106.3,0,0,0,0,0,0,763.828,0,106.9,106.8,107.4,126,0.1,0,0,0,0,0,0,7.3,0,0,0,0,0,0,0,0,0,0,0,0,0,0,0,0,0,0,0,0,0,0,0,0,0,0,0,0,0
117=51478,0,108.9,0,0,0,0,0,0,763.828,0,109.5,109.3,109.9,126.4,0.1,0,0,0,0,0,0,7.2,0,0,0,0,0,0,0,0,0,0,0,0,0,0,0,0,0,0,0,0,0,0,0,0,0,0,0,0,0
118=51478,0,108.9,0,0,0,0,0,0,763.828,0,109.5,109.3,109.9,126.4,0.1,0,0,0,0,0,0,7.2,0,0,0,0,0,0,0,0,0,0,0,0,0,0,0,0,0,0,0,0,0,0,0,0,0,0,0,0,0
119=51895,0,111.2,0,0,0,0,0,0,763.828,0,111.9,111.6,112.1,126.8,0.1,0,0,0,0,0,0,7.2,0,0,0,0,0,0,0,0,0,0,0,0,0,0,0,0,0,0,0,0,0,0,0,0,0,0,0,0,0
120=51895,0,111.2,0,0,0,0,0,0,763.828,0,111.9,111.6,112.1,126.8,0.1,0,0,0,0,0,0,7.2,0,0,0,0,0,0,0,0,0,0,0,0,0,0,0,0,0,0,0,0,0,0,0,0,0,0,0,0,0
121=52282,0,113.5,0,0,0,0,0,0,763.828,0,114.2,113.9,114.4,127.1,0.1,0,0,0,0,0,0,7.2,0,0,0,0,0,0,0,0,0,0,0,0,0,0,0,0,0,0,0,0,0,0,0,0,0,0,0,0,0
122=52282,0,113.5,0,0,0,0,0,0,763.828,0,114.2,113.9,114.4,127.1,0.1,0,0,0,0,0,0,7.2,0,0,0,0,0,0,0,0,0,0,0,0,0,0,0,0,0,0,0,0,0,0,0,0,0,0,0,0,0
123=52683,0,115.6,0,0,0,0,0,0,763.828,0,116.4,116,116.4,127.4,0.1,0,0,0,0,0,0,7.2,0,0,0,0,0,0,0,0,0,0,0,0,0,0,0,0,0,0,0,0,0,0,0,0,0,0,0,0,0
124=52683,0,115.6,0,0,0,0,0,0,763.828,0,116.4,116,116.4,127.4,0.1,0,0,0,0,0,0,7.2,0,0,0,0,0,0,0,0,0,0,0,0,0,0,0,0,0,0,0,0,0,0,0,0,0,0,0,0,0
125=53086,0,116.7,0,0,0,0,0,0,763.828,0,117.5,117.1,117.5,127.5,0.1,0,0,0,0,0,0,7.2,0,0,0,0,0,0,0,0,0,0,0,0,0,0,0,0,0,0,0,0,0,0,0,0,0,0,0,0,0
126=53086,0,116.7,0,0,0,0,0,0,763.828,0,117.5,117.1,117.5,127.5,0.1,0,0,0,0,0,0,7.2,0,0,0,0,0,0,0,0,0,0,0,0,0,0,0,0,0,0,0,0,0,0,0,0,0,0,0,0,0
127=53488,0,118.8,0,0,0,0,0,0,763.828,0,119.5,119.1,119.4,127.6,0.1,0,0,0,0,0,0,7.2,0,0,0,0,0,0,0,0,0,0,0,0,0,0,0,0,0,0,0,0,0,0,0,0,0,0,0,0,0
128=53488,0,118.8,0,0,0,0,0,0,763.828,0,119.5,119.1,119.4,127.6,0.1,0,0,0,0,0,0,7.2,0,0,0,0,0,0,0,0,0,0,0,0,0,0,0,0,0,0,0,0,0,0,0,0,0,0,0,0,0
129=53897,0,120.6,0,0,0,0,0,0,763.828,0,121.3,120.9,121.1,127.8,0.1,0,0,0,0,0,0,7.1,0,0,0,0,0,0,0,0,0,0,0,0,0,0,0,0,0,0,0,0,0,0,0,0,0,0,0,0,0
130=53897,0,120.6,0,0,0,0,0,0,763.828,0,121.3,120.9,121.1,127.8,0.1,0,0,0,0,0,0,7.1,0,0,0,0,0,0,0,0,0,0,0,0,0,0,0,0,0,0,0,0,0,0,0,0,0,0,0,0,0
131=54302,0,122.3,0,0,0,0,0,0,763.828,0,123,122.6,122.7,127.9,0.1,0,0,0,0,0,0,7.1,0,0,0,0,0,0,0,0,0,0,0,0,0,0,0,0,0,0,0,0,0,0,0,0,0,0,0,0,0
132=54302,0,122.3,0,0,0,0,0,0,763.828,0,123,122.6,122.7,127.9,0.1,0,0,0,0,0,0,7.1,0,0,0,0,0,0,0,0,0,0,0,0,0,0,0,0,0,0,0,0,0,0,0,0,0,0,0,0,0
133=54715,0,123.9,0,0,0,0,0,0,763.828,0,124.7,124.3,124.3,127.9,0.1,0,0,0,0,0,0,7.1,0,0,0,0,0,0,0,0,0,0,0,0,0,0,0,0,0,0,0,0,0,0,0,0,0,0,0,0,0
134=54715,0,123.9,0,0,0,0,0,0,763.828,0,124.7,124.3,124.3,127.9,0.1,0,0,0,0,0,0,7.1,0,0,0,0,0,0,0,0,0,0,0,0,0,0,0,0,0,0,0,0,0,0,0,0,0,0,0,0,0
135=55144,0,125.5,0,0,0,0,0,0,763.828,0,126.2,125.8,125.7,128,0.1,0,0,0,0,0,0,7.1,0,0,0,0,0,0,0,0,0,0,0,0,0,0,0,0,0,0,0,0,0,0,0,0,0,0,0,0,0
136=55144,0,125.5,0,0,0,0,0,0,763.828,0,126.2,125.8,125.7,128,0.1,0,0,0,0,0,0,7.1,0,0,0,0,0,0,0,0,0,0,0,0,0,0,0,0,0,0,0,0,0,0,0,0,0,0,0,0,0
137=55529,0,126.9,0,0,0,0,0,0,763.828,0,127.7,127.3,127.1,128,0.1,0,0,0,0,0,0,7.1,0,0,0,0,0,0,0,0,0,0,0,0,0,0,0,0,0,0,0,0,0,0,0,0,0,0,0,0,0
138=55529,0,126.9,0,0,0,0,0,0,763.828,0,127.7,127.3,127.1,128,0.1,0,0,0,0,0,0,7.1,0,0,0,0,0,0,0,0,0,0,0,0,0,0,0,0,0,0,0,0,0,0,0,0,0,0,0,0,0
139=55932,0,128.3,0,0,0,0,0,0,763.828,0,129,128.6,128.4,128,0.1,0,0,0,0,0,0,7.1,0,0,0,0,0,0,0,0,0,0,0,0,0,0,0,0,0,0,0,0,0,0,0,0,0,0,0,0,0
140=55932,0,128.3,0,0,0,0,0,0,763.828,0,129,128.6,128.4,128,0.1,0,0,0,0,0,0,7.1,0,0,0,0,0,0,0,0,0,0,0,0,0,0,0,0,0,0,0,0,0,0,0,0,0,0,0,0,0
141=56346,0,129.5,0,0,0,0,0,0,763.828,0,130.2,129.9,129.5,128,0.1,0,0,0,0,0,0,7.1,0,0,0,0,0,0,0,0,0,0,0,0,0,0,0,0,0,0,0,0,0,0,0,0,0,0,0,0,0
142=56346,0,129.5,0,0,0,0,0,0,763.828,0,130.2,129.9,129.5,128,0.1,0,0,0,0,0,0,7.1,0,0,0,0,0,0,0,0,0,0,0,0,0,0,0,0,0,0,0,0,0,0,0,0,0,0,0,0,0
143=56346,0,129.5,0,0,0,0,0,0,763.828,0,130.2,129.9,129.5,128,0.1,0,0,0,0,0,0,7.1,0,0,0,0,0,0,0,0,0,0,0,0,0,0,0,0,0,0,0,0,0,0,0,0,0,0,0,0,0
144=73729,0,132.7,0,0,0,0,0,0,763.828,0,133.4,133.1,132.5,127.9,0.1,0,0,0,0,0,0,7.1,0,0,0,0,0,0,0,0,0,0,0,0,0,0,0,0,0,0,0,0,0,0,0,0,0,0,0,0,0
145=73729,0,132.7,0,0,0,0,0,0,763.828,0,133.4,133.1,132.5,127.9,0.1,0,0,0,0,0,0,7.1,0,0,0,0,0,0,0,0,0,0,0,0,0,0,0,0,0,0,0,0,0,0,0,0,0,0,0,0,0
146=73840,0,137.6,0,0,0,0,0,0,763.828,0,138.9,139.1,137.4,123.1,0.1,0,0,0,0,0,0,6.1,0,0,0,0,0,0,0,0,0,0,0,0,0,0,0,0,0,0,0,0,0,0,0,0,0,0,0,0,0
147=73840,0,137.6,0,0,0,0,0,0,763.828,0,138.9,139.1,137.4,123.1,0.1,0,0,0,0,0,0,6.1,0,0,0,0,0,0,0,0,0,0,0,0,0,0,0,0,0,0,0,0,0,0,0,0,0,0,0,0,0
148=73871,0,137.6,0,0,0,0,0,0,763.828,0,138.9,139.1,137.4,123.1,0.1,0,0,0,0,0,0,6.1,0,0,0,0,0,0,0,0,0,0,0,0,0,0,0,0,0,0,0,0,0,0,0,0,0,0,0,0,0
149=73871,0,137.6,0,0,0,0,0,0,763.828,0,138.9,139.1,137.4,123.1,0.1,0,0,0,0,0,0,6.1,0,0,0,0,0,0,0,0,0,0,0,0,0,0,0,0,0,0,0,0,0,0,0,0,0,0,0,0,0
150=73933,0,137.6,0,0,0,0,0,0,763.828,0,138.9,139.1,137.4,123.1,0.1,0,0,0,0,0,0,6.1,0,0,0,0,0,0,0,0,0,0,0,0,0,0,0,0,0,0,0,0,0,0,0,0,0,0,0,0,0
151=73933,0,137.6,0,0,0,0,0,0,763.828,0,138.9,139.1,137.4,123.1,0.1,0,0,0,0,0,0,6.1,0,0,0,0,0,0,0,0,0,0,0,0,0,0,0,0,0,0,0,0,0,0,0,0,0,0,0,0,0
152=73968,0,137.6,0,0,0,0,0,0,763.828,0,138.9,139.1,137.4,123.1,0.1,0,0,0,0,0,0,6.1,0,0,0,0,0,0,0,0,0,0,0,0,0,0,0,0,0,0,0,0,0,0,0,0,0,0,0,0,0
153=73968,0,137.6,0,0,0,0,0,0,763.828,0,138.9,139.1,137.4,123.1,0.1,0,0,0,0,0,0,6.1,0,0,0,0,0,0,0,0,0,0,0,0,0,0,0,0,0,0,0,0,0,0,0,0,0,0,0,0,0
154=73999,0,137.6,0,0,0,0,0,0,763.828,0,138.9,139.1,137.4,123.1,0.1,0,0,0,0,0,0,6.1,0,0,0,0,0,0,0,0,0,0,0,0,0,0,0,0,0,0,0,0,0,0,0,0,0,0,0,0,0
155=73999,0,137.6,0,0,0,0,0,0,763.828,0,138.9,139.1,137.4,123.1,0.1,0,0,0,0,0,0,6.1,0,0,0,0,0,0,0,0,0,0,0,0,0,0,0,0,0,0,0,0,0,0,0,0,0,0,0,0,0
156=74066,0,137.5,0,0,0,0,0,0,763.828,0,138.8,139,137.3,123,0.1,0,0,0,0,0,0,6.1,0,0,0,0,0,0,0,0,0,0,0,0,0,0,0,0,0,0,0,0,0,0,0,0,0,0,0,0,0
157=74066,0,137.5,0,0,0,0,0,0,763.828,0,138.8,139,137.3,123,0.1,0,0,0,0,0,0,6.1,0,0,0,0,0,0,0,0,0,0,0,0,0,0,0,0,0,0,0,0,0,0,0,0,0,0,0,0,0
158=74102,0,137.5,0,0,0,0,0,0,763.828,0,138.8,139,137.3,123,0.1,0,0,0,0,0,0,6.1,0,0,0,0,0,0,0,0,0,0,0,0,0,0,0,0,0,0,0,0,0,0,0,0,0,0,0,0,0
159=74102,0,137.5,0,0,0,0,0,0,763.828,0,138.8,139,137.3,123,0.1,0,0,0,0,0,0,6.1,0,0,0,0,0,0,0,0,0,0,0,0,0,0,0,0,0,0,0,0,0,0,0,0,0,0,0,0,0
160=74149,0,137.5,0,0,0,0,0,0,763.828,0,138.8,139,137.3,123,0.1,0,0,0,0,0,0,6.1,0,0,0,0,0,0,0,0,0,0,0,0,0,0,0,0,0,0,0,0,0,0,0,0,0,0,0,0,0
161=74149,0,137.5,0,0,0,0,0,0,763.828,0,138.8,139,137.3,123,0.1,0,0,0,0,0,0,6.1,0,0,0,0,0,0,0,0,0,0,0,0,0,0,0,0,0,0,0,0,0,0,0,0,0,0,0,0,0
162=74217,0,137.5,0,0,0,0,0,0,763.828,0,138.8,139,137.3,123,0.1,0,0,0,0,0,0,6.1,0,0,0,0,0,0,0,0,0,0,0,0,0,0,0,0,0,0,0,0,0,0,0,0,0,0,0,0,0
163=74217,0,137.5,0,0,0,0,0,0,763.828,0,138.8,139,137.3,123,0.1,0,0,0,0,0,0,6.1,0,0,0,0,0,0,0,0,0,0,0,0,0,0,0,0,0,0,0,0,0,0,0,0,0,0,0,0,0
164=74269,0,137.4,0,0,0,0,0,0,763.828,0,138.7,138.9,137.2,123,0.1,0,0,0,0,0,0,6.1,0,0,0,0,0,0,0,0,0,0,0,0,0,0,0,0,0,0,0,0,0,0,0,0,0,0,0,0,0
165=74269,0,137.4,0,0,0,0,0,0,763.828,0,138.7,138.9,137.2,123,0.1,0,0,0,0,0,0,6.1,0,0,0,0,0,0,0,0,0,0,0,0,0,0,0,0,0,0,0,0,0,0,0,0,0,0,0,0,0
166=74301,0,137.4,0,0,0,0,0,0,763.828,0,138.7,138.9,137.2,123,0.1,0,0,0,0,0,0,6.1,0,0,0,0,0,0,0,0,0,0,0,0,0,0,0,0,0,0,0,0,0,0,0,0,0,0,0,0,0
167=74301,0,137.4,0,0,0,0,0,0,763.828,0,138.7,138.9,137.2,123,0.1,0,0,0,0,0,0,6.1,0,0,0,0,0,0,0,0,0,0,0,0,0,0,0,0,0,0,0,0,0,0,0,0,0,0,0,0,0
168=74366,0,137.4,0,0,0,0,0,0,763.828,0,138.7,138.9,137.2,123,0.1,0,0,0,0,0,0,6.1,0,0,0,0,0,0,0,0,0,0,0,0,0,0,0,0,0,0,0,0,0,0,0,0,0,0,0,0,0
169=74366,0,137.4,0,0,0,0,0,0,763.828,0,138.7,138.9,137.2,123,0.1,0,0,0,0,0,0,6.1,0,0,0,0,0,0,0,0,0,0,0,0,0,0,0,0,0,0,0,0,0,0,0,0,0,0,0,0,0
170=74397,0,137.4,0,0,0,0,0,0,763.828,0,138.7,138.9,137.2,123,0.1,0,0,0,0,0,0,6.1,0,0,0,0,0,0,0,0,0,0,0,0,0,0,0,0,0,0,0,0,0,0,0,0,0,0,0,0,0
171=74397,0,137.4,0,0,0,0,0,0,763.828,0,138.7,138.9,137.2,123,0.1,0,0,0,0,0,0,6.1,0,0,0,0,0,0,0,0,0,0,0,0,0,0,0,0,0,0,0,0,0,0,0,0,0,0,0,0,0
172=74428,0,137.4,0,0,0,0,0,0,763.828,0,138.7,138.9,137.2,123,0.1,0,0,0,0,0,0,6.1,0,0,0,0,0,0,0,0,0,0,0,0,0,0,0,0,0,0,0,0,0,0,0,0,0,0,0,0,0
173=74428,0,137.4,0,0,0,0,0,0,763.828,0,138.7,138.9,137.2,123,0.1,0,0,0,0,0,0,6.1,0,0,0,0,0,0,0,0,0,0,0,0,0,0,0,0,0,0,0,0,0,0,0,0,0,0,0,0,0
174=74522,0,137.3,0,0,0,0,0,0,763.828,0,138.6,138.8,137.1,122.9,0.1,0,0,0,0,0,0,6.1,0,0,0,0,0,0,0,0,0,0,0,0,0,0,0,0,0,0,0,0,0,0,0,0,0,0,0,0,0
175=74522,0,137.3,0,0,0,0,0,0,763.828,0,138.6,138.8,137.1,122.9,0.1,0,0,0,0,0,0,6.1,0,0,0,0,0,0,0,0,0,0,0,0,0,0,0,0,0,0,0,0,0,0,0,0,0,0,0,0,0
176=74553,0,137.3,0,0,0,0,0,0,763.828,0,138.6,138.8,137.1,122.9,0.1,0,0,0,0,0,0,6.1,0,0,0,0,0,0,0,0,0,0,0,0,0,0,0,0,0,0,0,0,0,0,0,0,0,0,0,0,0
177=74553,0,137.3,0,0,0,0,0,0,763.828,0,138.6,138.8,137.1,122.9,0.1,0,0,0,0,0,0,6.1,0,0,0,0,0,0,0,0,0,0,0,0,0,0,0,0,0,0,0,0,0,0,0,0,0,0,0,0,0
178=74584,0,137.3,0,0,0,0,0,0,763.828,0,138.6,138.8,137.1,122.9,0.1,0,0,0,0,0,0,6.1,0,0,0,0,0,0,0,0,0,0,0,0,0,0,0,0,0,0,0,0,0,0,0,0,0,0,0,0,0
179=74584,0,137.3,0,0,0,0,0,0,763.828,0,138.6,138.8,137.1,122.9,0.1,0,0,0,0,0,0,6.1,0,0,0,0,0,0,0,0,0,0,0,0,0,0,0,0,0,0,0,0,0,0,0,0,0,0,0,0,0
180=74622,0,137.3,0,0,0,0,0,0,763.828,0,138.6,138.8,137.1,122.9,0.1,0,0,0,0,0,0,6.1,0,0,0,0,0,0,0,0,0,0,0,0,0,0,0,0,0,0,0,0,0,0,0,0,0,0,0,0,0
181=74622,0,137.3,0,0,0,0,0,0,763.828,0,138.6,138.8,137.1,122.9,0.1,0,0,0,0,0,0,6.1,0,0,0,0,0,0,0,0,0,0,0,0,0,0,0,0,0,0,0,0,0,0,0,0,0,0,0,0,0
182=74700,0,137.2,0,0,0,0,0,0,763.828,0,138.5,138.7,137,122.8,0.1,0,0,0,0,0,0,6.1,0,0,0,0,0,0,0,0,0,0,0,0,0,0,0,0,0,0,0,0,0,0,0,0,0,0,0,0,0
183=74700,0,137.2,0,0,0,0,0,0,763.828,0,138.5,138.7,137,122.8,0.1,0,0,0,0,0,0,6.1,0,0,0,0,0,0,0,0,0,0,0,0,0,0,0,0,0,0,0,0,0,0,0,0,0,0,0,0,0
184=74732,0,137.2,0,0,0,0,0,0,763.828,0,138.5,138.7,137,122.8,0.1,0,0,0,0,0,0,6.1,0,0,0,0,0,0,0,0,0,0,0,0,0,0,0,0,0,0,0,0,0,0,0,0,0,0,0,0,0
185=74732,0,137.2,0,0,0,0,0,0,763.828,0,138.5,138.7,137,122.8,0.1,0,0,0,0,0,0,6.1,0,0,0,0,0,0,0,0,0,0,0,0,0,0,0,0,0,0,0,0,0,0,0,0,0,0,0,0,0
186=74763,0,137.2,0,0,0,0,0,0,763.828,0,138.5,138.7,137,122.8,0.1,0,0,0,0,0,0,6.1,0,0,0,0,0,0,0,0,0,0,0,0,0,0,0,0,0,0,0,0,0,0,0,0,0,0,0,0,0
187=74763,0,137.2,0,0,0,0,0,0,763.828,0,138.5,138.7,137,122.8,0.1,0,0,0,0,0,0,6.1,0,0,0,0,0,0,0,0,0,0,0,0,0,0,0,0,0,0,0,0,0,0,0,0,0,0,0,0,0
188=74841,0,137.2,0,0,0,0,0,0,763.828,0,138.5,138.7,137,122.8,0.1,0,0,0,0,0,0,6.1,0,0,0,0,0,0,0,0,0,0,0,0,0,0,0,0,0,0,0,0,0,0,0,0,0,0,0,0,0
189=74841,0,137.2,0,0,0,0,0,0,763.828,0,138.5,138.7,137,122.8,0.1,0,0,0,0,0,0,6.1,0,0,0,0,0,0,0,0,0,0,0,0,0,0,0,0,0,0,0,0,0,0,0,0,0,0,0,0,0
190=74875,0,137.2,0,0,0,0,0,0,763.828,0,138.5,138.7,137,122.8,0.1,0,0,0,0,0,0,6.1,0,0,0,0,0,0,0,0,0,0,0,0,0,0,0,0,0,0,0,0,0,0,0,0,0,0,0,0,0
191=74875,0,137.2,0,0,0,0,0,0,763.828,0,138.5,138.7,137,122.8,0.1,0,0,0,0,0,0,6.1,0,0,0,0,0,0,0,0,0,0,0,0,0,0,0,0,0,0,0,0,0,0,0,0,0,0,0,0,0
192=74924,0,137.1,0,0,0,0,0,0,763.828,0,138.4,138.6,136.9,122.7,0.1,0,0,0,0,0,0,6.1,0,0,0,0,0,0,0,0,0,0,0,0,0,0,0,0,0,0,0,0,0,0,0,0,0,0,0,0,0
193=74924,0,137.1,0,0,0,0,0,0,763.828,0,138.4,138.6,136.9,122.7,0.1,0,0,0,0,0,0,6.1,0,0,0,0,0,0,0,0,0,0,0,0,0,0,0,0,0,0,0,0,0,0,0,0,0,0,0,0,0
194=74988,0,137.1,0,0,0,0,0,0,763.828,0,138.4,138.6,136.9,122.7,0.1,0,0,0,0,0,0,6.1,0,0,0,0,0,0,0,0,0,0,0,0,0,0,0,0,0,0,0,0,0,0,0,0,0,0,0,0,0
195=74988,0,137.1,0,0,0,0,0,0,763.828,0,138.4,138.6,136.9,122.7,0.1,0,0,0,0,0,0,6.1,0,0,0,0,0,0,0,0,0,0,0,0,0,0,0,0,0,0,0,0,0,0,0,0,0,0,0,0,0
196=75019,0,137.1,0,0,0,0,0,0,763.828,0,138.4,138.6,136.9,122.7,0.1,0,0,0,0,0,0,6.1,0,0,0,0,0,0,0,0,0,0,0,0,0,0,0,0,0,0,0,0,0,0,0,0,0,0,0,0,0
197=75019,0,137.1,0,0,0,0,0,0,763.828,0,138.4,138.6,136.9,122.7,0.1,0,0,0,0,0,0,6.1,0,0,0,0,0,0,0,0,0,0,0,0,0,0,0,0,0,0,0,0,0,0,0,0,0,0,0,0,0
198=75050,0,137.1,0,0,0,0,0,0,763.828,0,138.4,138.6,136.9,122.7,0.1,0,0,0,0,0,0,6.1,0,0,0,0,0,0,0,0,0,0,0,0,0,0,0,0,0,0,0,0,0,0,0,0,0,0,0,0,0
199=75050,0,137.1,0,0,0,0,0,0,763.828,0,138.4,138.6,136.9,122.7,0.1,0,0,0,0,0,0,6.1,0,0,0,0,0,0,0,0,0,0,0,0,0,0,0,0,0,0,0,0,0,0,0,0,0,0,0,0,0
200=75119,0,137.1,0,0,0,0,0,0,763.828,0,138.4,138.6,136.9,122.7,0.1,0,0,0,0,0,0,6.1,0,0,0,0,0,0,0,0,0,0,0,0,0,0,0,0,0,0,0,0,0,0,0,0,0,0,0,0,0
201=75119,0,137.1,0,0,0,0,0,0,763.828,0,138.4,138.6,136.9,122.7,0.1,0,0,0,0,0,0,6.1,0,0,0,0,0,0,0,0,0,0,0,0,0,0,0,0,0,0,0,0,0,0,0,0,0,0,0,0,0
202=75172,0,137,0,0,0,0,0,0,763.828,0,138.3,138.5,136.8,122.6,0.1,0,0,0,0,0,0,6.1,0,0,0,0,0,0,0,0,0,0,0,0,0,0,0,0,0,0,0,0,0,0,0,0,0,0,0,0,0
203=75172,0,137,0,0,0,0,0,0,763.828,0,138.3,138.5,136.8,122.6,0.1,0,0,0,0,0,0,6.1,0,0,0,0,0,0,0,0,0,0,0,0,0,0,0,0,0,0,0,0,0,0,0,0,0,0,0,0,0
204=75203,0,137,0,0,0,0,0,0,763.828,0,138.3,138.5,136.8,122.6,0.1,0,0,0,0,0,0,6.1,0,0,0,0,0,0,0,0,0,0,0,0,0,0,0,0,0,0,0,0,0,0,0,0,0,0,0,0,0
205=75203,0,137,0,0,0,0,0,0,763.828,0,138.3,138.5,136.8,122.6,0.1,0,0,0,0,0,0,6.1,0,0,0,0,0,0,0,0,0,0,0,0,0,0,0,0,0,0,0,0,0,0,0,0,0,0,0,0,0
206=75275,0,137,0,0,0,0,0,0,763.828,0,138.3,138.5,136.8,122.6,0.1,0,0,0,0,0,0,6.1,0,0,0,0,0,0,0,0,0,0,0,0,0,0,0,0,0,0,0,0,0,0,0,0,0,0,0,0,0
207=75275,0,137,0,0,0,0,0,0,763.828,0,138.3,138.5,136.8,122.6,0.1,0,0,0,0,0,0,6.1,0,0,0,0,0,0,0,0,0,0,0,0,0,0,0,0,0,0,0,0,0,0,0,0,0,0,0,0,0
208=75306,0,137,0,0,0,0,0,0,763.828,0,138.3,138.5,136.8,122.6,0.1,0,0,0,0,0,0,6.1,0,0,0,0,0,0,0,0,0,0,0,0,0,0,0,0,0,0,0,0,0,0,0,0,0,0,0,0,0
209=75306,0,137,0,0,0,0,0,0,763.828,0,138.3,138.5,136.8,122.6,0.1,0,0,0,0,0,0,6.1,0,0,0,0,0,0,0,0,0,0,0,0,0,0,0,0,0,0,0,0,0,0,0,0,0,0,0,0,0
210=75353,0,136.9,0,0,0,0,0,0,763.828,0,138.2,138.4,136.7,122.6,0.1,0,0,0,0,0,0,6.1,0,0,0,0,0,0,0,0,0,0,0,0,0,0,0,0,0,0,0,0,0,0,0,0,0,0,0,0,0
211=75353,0,136.9,0,0,0,0,0,0,763.828,0,138.2,138.4,136.7,122.6,0.1,0,0,0,0,0,0,6.1,0,0,0,0,0,0,0,0,0,0,0,0,0,0,0,0,0,0,0,0,0,0,0,0,0,0,0,0,0
212=75424,0,136.9,0,0,0,0,0,0,763.828,0,138.2,138.4,136.7,122.6,0.1,0,0,0,0,0,0,6.1,0,0,0,0,0,0,0,0,0,0,0,0,0,0,0,0,0,0,0,0,0,0,0,0,0,0,0,0,0
213=75424,0,136.9,0,0,0,0,0,0,763.828,0,138.2,138.4,136.7,122.6,0.1,0,0,0,0,0,0,6.1,0,0,0,0,0,0,0,0,0,0,0,0,0,0,0,0,0,0,0,0,0,0,0,0,0,0,0,0,0
214=75455,0,136.9,0,0,0,0,0,0,763.828,0,138.2,138.4,136.7,122.6,0.1,0,0,0,0,0,0,6.1,0,0,0,0,0,0,0,0,0,0,0,0,0,0,0,0,0,0,0,0,0,0,0,0,0,0,0,0,0
215=75455,0,136.9,0,0,0,0,0,0,763.828,0,138.2,138.4,136.7,122.6,0.1,0,0,0,0,0,0,6.1,0,0,0,0,0,0,0,0,0,0,0,0,0,0,0,0,0,0,0,0,0,0,0,0,0,0,0,0,0
216=75486,0,136.9,0,0,0,0,0,0,763.828,0,138.2,138.4,136.7,122.6,0.1,0,0,0,0,0,0,6.1,0,0,0,0,0,0,0,0,0,0,0,0,0,0,0,0,0,0,0,0,0,0,0,0,0,0,0,0,0
217=75486,0,136.9,0,0,0,0,0,0,763.828,0,138.2,138.4,136.7,122.6,0.1,0,0,0,0,0,0,6.1,0,0,0,0,0,0,0,0,0,0,0,0,0,0,0,0,0,0,0,0,0,0,0,0,0,0,0,0,0
218=75549,0,136.9,0,0,0,0,0,0,763.828,0,138.2,138.4,136.7,122.6,0.1,0,0,0,0,0,0,6.1,0,0,0,0,0,0,0,0,0,0,0,0,0,0,0,0,0,0,0,0,0,0,0,0,0,0,0,0,0
219=75549,0,136.9,0,0,0,0,0,0,763.828,0,138.2,138.4,136.7,122.6,0.1,0,0,0,0,0,0,6.1,0,0,0,0,0,0,0,0,0,0,0,0,0,0,0,0,0,0,0,0,0,0,0,0,0,0,0,0,0
220=75596,0,136.8,0,0,0,0,0,0,763.828,0,138.1,138.3,136.6,122.5,0.1,0,0,0,0,0,0,6.1,0,0,0,0,0,0,0,0,0,0,0,0,0,0,0,0,0,0,0,0,0,0,0,0,0,0,0,0,0
221=75596,0,136.8,0,0,0,0,0,0,763.828,0,138.1,138.3,136.6,122.5,0.1,0,0,0,0,0,0,6.1,0,0,0,0,0,0,0,0,0,0,0,0,0,0,0,0,0,0,0,0,0,0,0,0,0,0,0,0,0
222=75627,0,136.8,0,0,0,0,0,0,763.828,0,138.1,138.3,136.6,122.5,0.1,0,0,0,0,0,0,6.1,0,0,0,0,0,0,0,0,0,0,0,0,0,0,0,0,0,0,0,0,0,0,0,0,0,0,0,0,0
223=75627,0,136.8,0,0,0,0,0,0,763.828,0,138.1,138.3,136.6,122.5,0.1,0,0,0,0,0,0,6.1,0,0,0,0,0,0,0,0,0,0,0,0,0,0,0,0,0,0,0,0,0,0,0,0,0,0,0,0,0
224=75705,0,136.8,0,0,0,0,0,0,763.828,0,138.1,138.3,136.6,122.5,0.1,0,0,0,0,0,0,6.1,0,0,0,0,0,0,0,0,0,0,0,0,0,0,0,0,0,0,0,0,0,0,0,0,0,0,0,0,0
225=75705,0,136.8,0,0,0,0,0,0,763.828,0,138.1,138.3,136.6,122.5,0.1,0,0,0,0,0,0,6.1,0,0,0,0,0,0,0,0,0,0,0,0,0,0,0,0,0,0,0,0,0,0,0,0,0,0,0,0,0
226=75736,0,136.8,0,0,0,0,0,0,763.828,0,138.1,138.3,136.6,122.5,0.1,0,0,0,0,0,0,6.1,0,0,0,0,0,0,0,0,0,0,0,0,0,0,0,0,0,0,0,0,0,0,0,0,0,0,0,0,0
227=75736,0,136.8,0,0,0,0,0,0,763.828,0,138.1,138.3,136.6,122.5,0.1,0,0,0,0,0,0,6.1,0,0,0,0,0,0,0,0,0,0,0,0,0,0,0,0,0,0,0,0,0,0,0,0,0,0,0,0,0
228=75753,0,136.7,0,0,0,0,0,0,763.828,0,138,138.2,136.5,122.4,0.1,0,0,0,0,0,0,6.1,0,0,0,0,0,0,0,0,0,0,0,0,0,0,0,0,0,0,0,0,0,0,0,0,0,0,0,0,0
229=75753,0,136.7,0,0,0,0,0,0,763.828,0,138,138.2,136.5,122.4,0.1,0,0,0,0,0,0,6.1,0,0,0,0,0,0,0,0,0,0,0,0,0,0,0,0,0,0,0,0,0,0,0,0,0,0,0,0,0
230=75835,0,136.7,0,0,0,0,0,0,763.828,0,138,138.2,136.5,122.4,0.1,0,0,0,0,0,0,6.1,0,0,0,0,0,0,0,0,0,0,0,0,0,0,0,0,0,0,0,0,0,0,0,0,0,0,0,0,0
231=75835,0,136.7,0,0,0,0,0,0,763.828,0,138,138.2,136.5,122.4,0.1,0,0,0,0,0,0,6.1,0,0,0,0,0,0,0,0,0,0,0,0,0,0,0,0,0,0,0,0,0,0,0,0,0,0,0,0,0
232=75887,0,136.7,0,0,0,0,0,0,763.828,0,138,138.2,136.5,122.4,0.1,0,0,0,0,0,0,6.1,0,0,0,0,0,0,0,0,0,0,0,0,0,0,0,0,0,0,0,0,0,0,0,0,0,0,0,0,0
233=75887,0,136.7,0,0,0,0,0,0,763.828,0,138,138.2,136.5,122.4,0.1,0,0,0,0,0,0,6.1,0,0,0,0,0,0,0,0,0,0,0,0,0,0,0,0,0,0,0,0,0,0,0,0,0,0,0,0,0
234=75923,0,136.7,0,0,0,0,0,0,763.828,0,138,138.2,136.5,122.4,0.1,0,0,0,0,0,0,6.1,0,0,0,0,0,0,0,0,0,0,0,0,0,0,0,0,0,0,0,0,0,0,0,0,0,0,0,0,0
235=75923,0,136.7,0,0,0,0,0,0,763.828,0,138,138.2,136.5,122.4,0.1,0,0,0,0,0,0,6.1,0,0,0,0,0,0,0,0,0,0,0,0,0,0,0,0,0,0,0,0,0,0,0,0,0,0,0,0,0
236=75989,0,136.7,0,0,0,0,0,0,763.828,0,138,138.2,136.5,122.4,0.1,0,0,0,0,0,0,6.1,0,0,0,0,0,0,0,0,0,0,0,0,0,0,0,0,0,0,0,0,0,0,0,0,0,0,0,0,0
237=75989,0,136.7,0,0,0,0,0,0,763.828,0,138,138.2,136.5,122.4,0.1,0,0,0,0,0,0,6.1,0,0,0,0,0,0,0,0,0,0,0,0,0,0,0,0,0,0,0,0,0,0,0,0,0,0,0,0,0
238=76021,0,136.5,0,0,0,0,0,0,763.828,0,137.9,138.1,136.4,122.3,0.1,0,0,0,0,0,0,6.1,0,0,0,0,0,0,0,0,0,0,0,0,0,0,0,0,0,0,0,0,0,0,0,0,0,0,0,0,0
239=76021,0,136.5,0,0,0,0,0,0,763.828,0,137.9,138.1,136.4,122.3,0.1,0,0,0,0,0,0,6.1,0,0,0,0,0,0,0,0,0,0,0,0,0,0,0,0,0,0,0,0,0,0,0,0,0,0,0,0,0
240=76052,0,136.5,0,0,0,0,0,0,763.828,0,137.9,138.1,136.4,122.3,0.1,0,0,0,0,0,0,6.1,0,0,0,0,0,0,0,0,0,0,0,0,0,0,0,0,0,0,0,0,0,0,0,0,0,0,0,0,0
241=76052,0,136.5,0,0,0,0,0,0,763.828,0,137.9,138.1,136.4,122.3,0.1,0,0,0,0,0,0,6.1,0,0,0,0,0,0,0,0,0,0,0,0,0,0,0,0,0,0,0,0,0,0,0,0,0,0,0,0,0
242=76084,0,136.5,0,0,0,0,0,0,763.828,0,137.9,138.1,136.4,122.3,0.1,0,0,0,0,0,0,6.1,0,0,0,0,0,0,0,0,0,0,0,0,0,0,0,0,0,0,0,0,0,0,0,0,0,0,0,0,0
243=76084,0,136.5,0,0,0,0,0,0,763.828,0,137.9,138.1,136.4,122.3,0.1,0,0,0,0,0,0,6.1,0,0,0,0,0,0,0,0,0,0,0,0,0,0,0,0,0,0,0,0,0,0,0,0,0,0,0,0,0
244=76162,0,136.5,0,0,0,0,0,0,763.828,0,137.9,138.1,136.4,122.3,0.1,0,0,0,0,0,0,6.1,0,0,0,0,0,0,0,0,0,0,0,0,0,0,0,0,0,0,0,0,0,0,0,0,0,0,0,0,0
245=76162,0,136.5,0,0,0,0,0,0,763.828,0,137.9,138.1,136.4,122.3,0.1,0,0,0,0,0,0,6.1,0,0,0,0,0,0,0,0,0,0,0,0,0,0,0,0,0,0,0,0,0,0,0,0,0,0,0,0,0
246=76204,0,136.4,0,0,0,0,0,0,763.828,0,137.8,138,136.3,122.3,0.1,0,0,0,0,0,0,6.1,0,0,0,0,0,0,0,0,0,0,0,0,0,0,0,0,0,0,0,0,0,0,0,0,0,0,0,0,0
247=76204,0,136.4,0,0,0,0,0,0,763.828,0,137.8,138,136.3,122.3,0.1,0,0,0,0,0,0,6.1,0,0,0,0,0,0,0,0,0,0,0,0,0,0,0,0,0,0,0,0,0,0,0,0,0,0,0,0,0
248=76238,0,136.4,0,0,0,0,0,0,763.828,0,137.8,138,136.3,122.3,0.1,0,0,0,0,0,0,6.1,0,0,0,0,0,0,0,0,0,0,0,0,0,0,0,0,0,0,0,0,0,0,0,0,0,0,0,0,0
249=76238,0,136.4,0,0,0,0,0,0,763.828,0,137.8,138,136.3,122.3,0.1,0,0,0,0,0,0,6.1,0,0,0,0,0,0,0,0,0,0,0,0,0,0,0,0,0,0,0,0,0,0,0,0,0,0,0,0,0
250=76312,0,136.4,0,0,0,0,0,0,763.828,0,137.8,138,136.3,122.3,0.1,0,0,0,0,0,0,6.1,0,0,0,0,0,0,0,0,0,0,0,0,0,0,0,0,0,0,0,0,0,0,0,0,0,0,0,0,0
251=76312,0,136.4,0,0,0,0,0,0,763.828,0,137.8,138,136.3,122.3,0.1,0,0,0,0,0,0,6.1,0,0,0,0,0,0,0,0,0,0,0,0,0,0,0,0,0,0,0,0,0,0,0,0,0,0,0,0,0
252=76336,0,136.4,0,0,0,0,0,0,763.828,0,137.8,138,136.3,122.3,0.1,0,0,0,0,0,0,6.1,0,0,0,0,0,0,0,0,0,0,0,0,0,0,0,0,0,0,0,0,0,0,0,0,0,0,0,0,0
253=76336,0,136.4,0,0,0,0,0,0,763.828,0,137.8,138,136.3,122.3,0.1,0,0,0,0,0,0,6.1,0,0,0,0,0,0,0,0,0,0,0,0,0,0,0,0,0,0,0,0,0,0,0,0,0,0,0,0,0
254=76370,0,136.4,0,0,0,0,0,0,763.828,0,137.8,138,136.3,122.3,0.1,0,0,0,0,0,0,6.1,0,0,0,0,0,0,0,0,0,0,0,0,0,0,0,0,0,0,0,0,0,0,0,0,0,0,0,0,0
255=76370,0,136.4,0,0,0,0,0,0,763.828,0,137.8,138,136.3,122.3,0.1,0,0,0,0,0,0,6.1,0,0,0,0,0,0,0,0,0,0,0,0,0,0,0,0,0,0,0,0,0,0,0,0,0,0,0,0,0
256=76435,0,136.4,0,0,0,0,0,0,763.828,0,137.8,138,136.3,122.3,0.1,0,0,0,0,0,0,6.1,0,0,0,0,0,0,0,0,0,0,0,0,0,0,0,0,0,0,0,0,0,0,0,0,0,0,0,0,0
257=76435,0,136.4,0,0,0,0,0,0,763.828,0,137.8,138,136.3,122.3,0.1,0,0,0,0,0,0,6.1,0,0,0,0,0,0,0,0,0,0,0,0,0,0,0,0,0,0,0,0,0,0,0,0,0,0,0,0,0
258=76493,0,136.3,0,0,0,0,0,0,763.828,0,137.7,137.9,136.2,122.2,0.1,0,0,0,0,0,0,6.1,0,0,0,0,0,0,0,0,0,0,0,0,0,0,0,0,0,0,0,0,0,0,0,0,0,0,0,0,0
259=76493,0,136.3,0,0,0,0,0,0,763.828,0,137.7,137.9,136.2,122.2,0.1,0,0,0,0,0,0,6.1,0,0,0,0,0,0,0,0,0,0,0,0,0,0,0,0,0,0,0,0,0,0,0,0,0,0,0,0,0
260=76524,0,136.3,0,0,0,0,0,0,763.828,0,137.7,137.9,136.2,122.2,0.1,0,0,0,0,0,0,6.1,0,0,0,0,0,0,0,0,0,0,0,0,0,0,0,0,0,0,0,0,0,0,0,0,0,0,0,0,0
261=76524,0,136.3,0,0,0,0,0,0,763.828,0,137.7,137.9,136.2,122.2,0.1,0,0,0,0,0,0,6.1,0,0,0,0,0,0,0,0,0,0,0,0,0,0,0,0,0,0,0,0,0,0,0,0,0,0,0,0,0
262=76601,0,136.3,0,0,0,0,0,0,763.828,0,137.7,137.9,136.2,122.2,0.1,0,0,0,0,0,0,6.1,0,0,0,0,0,0,0,0,0,0,0,0,0,0,0,0,0,0,0,0,0,0,0,0,0,0,0,0,0
263=76601,0,136.3,0,0,0,0,0,0,763.828,0,137.7,137.9,136.2,122.2,0.1,0,0,0,0,0,0,6.1,0,0,0,0,0,0,0,0,0,0,0,0,0,0,0,0,0,0,0,0,0,0,0,0,0,0,0,0,0
264=76632,0,136.3,0,0,0,0,0,0,763.828,0,137.7,137.9,136.2,122.2,0.1,0,0,0,0,0,0,6.1,0,0,0,0,0,0,0,0,0,0,0,0,0,0,0,0,0,0,0,0,0,0,0,0,0,0,0,0,0
265=76632,0,136.3,0,0,0,0,0,0,763.828,0,137.7,137.9,136.2,122.2,0.1,0,0,0,0,0,0,6.1,0,0,0,0,0,0,0,0,0,0,0,0,0,0,0,0,0,0,0,0,0,0,0,0,0,0,0,0,0
266=76669,0,136.2,0,0,0,0,0,0,763.828,0,137.6,137.8,136.1,122.1,0.1,0,0,0,0,0,0,6.1,0,0,0,0,0,0,0,0,0,0,0,0,0,0,0,0,0,0,0,0,0,0,0,0,0,0,0,0,0
267=76669,0,136.2,0,0,0,0,0,0,763.828,0,137.6,137.8,136.1,122.1,0.1,0,0,0,0,0,0,6.1,0,0,0,0,0,0,0,0,0,0,0,0,0,0,0,0,0,0,0,0,0,0,0,0,0,0,0,0,0
268=76748,0,136.2,0,0,0,0,0,0,763.828,0,137.6,137.8,136.1,122.1,0.1,0,0,0,0,0,0,6.1,0,0,0,0,0,0,0,0,0,0,0,0,0,0,0,0,0,0,0,0,0,0,0,0,0,0,0,0,0
269=76748,0,136.2,0,0,0,0,0,0,763.828,0,137.6,137.8,136.1,122.1,0.1,0,0,0,0,0,0,6.1,0,0,0,0,0,0,0,0,0,0,0,0,0,0,0,0,0,0,0,0,0,0,0,0,0,0,0,0,0
270=76787,0,136.2,0,0,0,0,0,0,763.828,0,137.6,137.8,136.1,122.1,0.1,0,0,0,0,0,0,6.1,0,0,0,0,0,0,0,0,0,0,0,0,0,0,0,0,0,0,0,0,0,0,0,0,0,0,0,0,0
271=76787,0,136.2,0,0,0,0,0,0,763.828,0,137.6,137.8,136.1,122.1,0.1,0,0,0,0,0,0,6.1,0,0,0,0,0,0,0,0,0,0,0,0,0,0,0,0,0,0,0,0,0,0,0,0,0,0,0,0,0
272=76819,0,136.2,0,0,0,0,0,0,763.828,0,137.6,137.8,136.1,122.1,0.1,0,0,0,0,0,0,6.1,0,0,0,0,0,0,0,0,0,0,0,0,0,0,0,0,0,0,0,0,0,0,0,0,0,0,0,0,0
273=76819,0,136.2,0,0,0,0,0,0,763.828,0,137.6,137.8,136.1,122.1,0.1,0,0,0,0,0,0,6.1,0,0,0,0,0,0,0,0,0,0,0,0,0,0,0,0,0,0,0,0,0,0,0,0,0,0,0,0,0
274=76885,0,136.1,0,0,0,0,0,0,763.828,0,137.5,137.7,136.1,122,0.1,0,0,0,0,0,0,6.1,0,0,0,0,0,0,0,0,0,0,0,0,0,0,0,0,0,0,0,0,0,0,0,0,0,0,0,0,0
275=76885,0,136.1,0,0,0,0,0,0,763.828,0,137.5,137.7,136.1,122,0.1,0,0,0,0,0,0,6.1,0,0,0,0,0,0,0,0,0,0,0,0,0,0,0,0,0,0,0,0,0,0,0,0,0,0,0,0,0
276=76932,0,136.1,0,0,0,0,0,0,763.828,0,137.5,137.7,136.1,122,0.1,0,0,0,0,0,0,6.1,0,0,0,0,0,0,0,0,0,0,0,0,0,0,0,0,0,0,0,0,0,0,0,0,0,0,0,0,0
277=76932,0,136.1,0,0,0,0,0,0,763.828,0,137.5,137.7,136.1,122,0.1,0,0,0,0,0,0,6.1,0,0,0,0,0,0,0,0,0,0,0,0,0,0,0,0,0,0,0,0,0,0,0,0,0,0,0,0,0
278=76970,0,136.1,0,0,0,0,0,0,763.828,0,137.5,137.7,136.1,122,0.1,0,0,0,0,0,0,6.1,0,0,0,0,0,0,0,0,0,0,0,0,0,0,0,0,0,0,0,0,0,0,0,0,0,0,0,0,0
279=76970,0,136.1,0,0,0,0,0,0,763.828,0,137.5,137.7,136.1,122,0.1,0,0,0,0,0,0,6.1,0,0,0,0,0,0,0,0,0,0,0,0,0,0,0,0,0,0,0,0,0,0,0,0,0,0,0,0,0
280=77034,0,136.1,0,0,0,0,0,0,763.828,0,137.5,137.7,136.1,122,0.1,0,0,0,0,0,0,6.1,0,0,0,0,0,0,0,0,0,0,0,0,0,0,0,0,0,0,0,0,0,0,0,0,0,0,0,0,0
281=77034,0,136.1,0,0,0,0,0,0,763.828,0,137.5,137.7,136.1,122,0.1,0,0,0,0,0,0,6.1,0,0,0,0,0,0,0,0,0,0,0,0,0,0,0,0,0,0,0,0,0,0,0,0,0,0,0,0,0
282=77065,0,136,0,0,0,0,0,0,763.828,0,137.4,137.6,136,121.9,0.1,0,0,0,0,0,0,6.1,0,0,0,0,0,0,0,0,0,0,0,0,0,0,0,0,0,0,0,0,0,0,0,0,0,0,0,0,0
283=77065,0,136,0,0,0,0,0,0,763.828,0,137.4,137.6,136,121.9,0.1,0,0,0,0,0,0,6.1,0,0,0,0,0,0,0,0,0,0,0,0,0,0,0,0,0,0,0,0,0,0,0,0,0,0,0,0,0
284=77102,0,136,0,0,0,0,0,0,763.828,0,137.4,137.6,136,121.9,0.1,0,0,0,0,0,0,6.1,0,0,0,0,0,0,0,0,0,0,0,0,0,0,0,0,0,0,0,0,0,0,0,0,0,0,0,0,0
285=77102,0,136,0,0,0,0,0,0,763.828,0,137.4,137.6,136,121.9,0.1,0,0,0,0,0,0,6.1,0,0,0,0,0,0,0,0,0,0,0,0,0,0,0,0,0,0,0,0,0,0,0,0,0,0,0,0,0
286=77169,0,136,0,0,0,0,0,0,763.828,0,137.4,137.6,136,121.9,0.1,0,0,0,0,0,0,6.1,0,0,0,0,0,0,0,0,0,0,0,0,0,0,0,0,0,0,0,0,0,0,0,0,0,0,0,0,0
287=77169,0,136,0,0,0,0,0,0,763.828,0,137.4,137.6,136,121.9,0.1,0,0,0,0,0,0,6.1,0,0,0,0,0,0,0,0,0,0,0,0,0,0,0,0,0,0,0,0,0,0,0,0,0,0,0,0,0
288=77205,0,136,0,0,0,0,0,0,763.828,0,137.4,137.6,136,121.9,0.1,0,0,0,0,0,0,6.1,0,0,0,0,0,0,0,0,0,0,0,0,0,0,0,0,0,0,0,0,0,0,0,0,0,0,0,0,0
289=77205,0,136,0,0,0,0,0,0,763.828,0,137.4,137.6,136,121.9,0.1,0,0,0,0,0,0,6.1,0,0,0,0,0,0,0,0,0,0,0,0,0,0,0,0,0,0,0,0,0,0,0,0,0,0,0,0,0
290=77236,0,136,0,0,0,0,0,0,763.828,0,137.4,137.6,136,121.9,0.1,0,0,0,0,0,0,6.1,0,0,0,0,0,0,0,0,0,0,0,0,0,0,0,0,0,0,0,0,0,0,0,0,0,0,0,0,0
291=77236,0,136,0,0,0,0,0,0,763.828,0,137.4,137.6,136,121.9,0.1,0,0,0,0,0,0,6.1,0,0,0,0,0,0,0,0,0,0,0,0,0,0,0,0,0,0,0,0,0,0,0,0,0,0,0,0,0
292=77315,0,135.9,0,0,0,0,0,0,763.828,0,137.3,137.5,135.9,121.9,0.1,0,0,0,0,0,0,6.1,0,0,0,0,0,0,0,0,0,0,0,0,0,0,0,0,0,0,0,0,0,0,0,0,0,0,0,0,0
293=77315,0,135.9,0,0,0,0,0,0,763.828,0,137.3,137.5,135.9,121.9,0.1,0,0,0,0,0,0,6.1,0,0,0,0,0,0,0,0,0,0,0,0,0,0,0,0,0,0,0,0,0,0,0,0,0,0,0,0,0
294=77353,0,135.9,0,0,0,0,0,0,763.828,0,137.3,137.5,135.9,121.9,0.1,0,0,0,0,0,0,6.1,0,0,0,0,0,0,0,0,0,0,0,0,0,0,0,0,0,0,0,0,0,0,0,0,0,0,0,0,0
