[COMMENT]
RecordTime=2024/11/7 ¤U¤È 03:27:21
InputDevice=1
InputObject=0
ColumnName=Index,Time,Intensity,TC,Pump,Gas1~4,Pressure,MTC1~5,Power1~5,O2
PumpDownTime=0
[STEP 1]
ACTION=Idle
TEMP=0
TIME=3
GN2=0
PN2=0
AO2=0
BO2=0
NA=0
Pump=0
[STEP 2]
ACTION=Idle
TEMP=0
TIME=3
GN2=40
PN2=0
AO2=0
BO2=0
NA=0
Pump=0
[STEP 3]
ACTION=Idle
TEMP=0
TIME=3
GN2=0
PN2=0
AO2=0
BO2=0
NA=0
Pump=0
[STEP 4]
ACTION=Idle
TEMP=0
TIME=3
GN2=0
PN2=0
AO2=3
BO2=0
NA=0
Pump=0
[STEP 5]
ACTION=Ramp up
TEMP=100
TIME=40
GN2=0
PN2=0
AO2=3
BO2=0
NA=0
Pump=0
[STEP 6]
ACTION=Hold
TEMP=100
TIME=60
GN2=0
PN2=0
AO2=3
BO2=0
NA=0
Pump=0
[STEP 7]
ACTION=Ramp up
TEMP=150
TIME=30
GN2=0
PN2=0
AO2=3
BO2=0
NA=0
Pump=0
[STEP 8]
ACTION=Hold
TEMP=150
TIME=240
GN2=0
PN2=0
AO2=3
BO2=0
NA=0
Pump=0
[STEP 9]
ACTION=Idle
TEMP=0
TIME=10
GN2=1
PN2=0
AO2=0
BO2=0
NA=0
Pump=0
[STEP 10]
ACTION=Idle
TEMP=0
TIME=120
GN2=90
PN2=0
AO2=0
BO2=0
NA=0
Pump=0
[STEP 11]
ACTION=Idle
TEMP=0
TIME=10
GN2=5
PN2=0
AO2=0
BO2=0
NA=0
Pump=0
[STEP 12]
ACTION=Stop
TEMP=0
TIME=0
GN2=0
PN2=0
AO2=0
BO2=0
NA=0
Pump=0
[STEP 13]
ACTION=Stop
TEMP=0
TIME=0
GN2=0
PN2=0
AO2=0
BO2=0
NA=0
Pump=0
[STEP 14]
ACTION=Stop
TEMP=0
TIME=0
GN2=0
PN2=0
AO2=0
BO2=0
NA=0
Pump=0
[STEP 15]
ACTION=Stop
TEMP=0
TIME=0
GN2=0
PN2=0
AO2=0
BO2=0
NA=0
Pump=0
[STEP 16]
ACTION=Stop
TEMP=0
TIME=0
GN2=0
PN2=0
AO2=0
BO2=0
NA=0
Pump=0
[STEP 17]
ACTION=Stop
TEMP=0
TIME=0
GN2=0
PN2=0
AO2=0
BO2=0
NA=0
Pump=0
[STEP 18]
ACTION=Stop
TEMP=0
TIME=0
GN2=0
PN2=0
AO2=0
BO2=0
NA=0
Pump=0
[STEP 19]
ACTION=Stop
TEMP=0
TIME=0
GN2=0
PN2=0
AO2=0
BO2=0
NA=0
Pump=0
[STEP 20]
ACTION=Stop
TEMP=0
TIME=0
GN2=0
PN2=0
AO2=0
BO2=0
NA=0
Pump=0
[STEP 21]
ACTION=Stop
TEMP=0
TIME=0
GN2=0
PN2=0
AO2=0
BO2=0
NA=0
Pump=0
[STEP 22]
ACTION=Stop
TEMP=0
TIME=0
GN2=0
PN2=0
AO2=0
BO2=0
NA=0
Pump=0
[STEP 23]
ACTION=Stop
TEMP=0
TIME=0
GN2=0
PN2=0
AO2=0
BO2=0
NA=0
Pump=0
[STEP 24]
ACTION=Stop
TEMP=0
TIME=0
GN2=0
PN2=0
AO2=0
BO2=0
NA=0
Pump=0
[STEP 25]
ACTION=Stop
TEMP=0
TIME=0
GN2=0
PN2=0
AO2=0
BO2=0
NA=0
Pump=0
[STEP 26]
ACTION=Stop
TEMP=0
TIME=0
GN2=0
PN2=0
AO2=0
BO2=0
NA=0
Pump=0
[STEP 27]
ACTION=Stop
TEMP=0
TIME=0
GN2=0
PN2=0
AO2=0
BO2=0
NA=0
Pump=0
[STEP 28]
ACTION=Stop
TEMP=0
TIME=0
GN2=0
PN2=0
AO2=0
BO2=0
NA=0
Pump=0
[STEP 29]
ACTION=Stop
TEMP=0
TIME=0
GN2=0
PN2=0
AO2=0
BO2=0
NA=0
Pump=0
[STEP 30]
ACTION=Stop
TEMP=0
TIME=0
GN2=0
PN2=0
AO2=0
BO2=0
NA=0
Pump=0
[STEP 31]
ACTION=Stop
TEMP=0
TIME=0
GN2=0
PN2=0
AO2=0
BO2=0
NA=0
Pump=0
[STEP 32]
ACTION=Stop
TEMP=0
TIME=0
GN2=0
PN2=0
AO2=0
BO2=0
NA=0
Pump=0
[STEP 33]
ACTION=Stop
TEMP=0
TIME=0
GN2=0
PN2=0
AO2=0
BO2=0
NA=0
Pump=0
[STEP 34]
ACTION=Stop
TEMP=0
TIME=0
GN2=0
PN2=0
AO2=0
BO2=0
NA=0
Pump=0
[STEP 35]
ACTION=Stop
TEMP=0
TIME=0
GN2=0
PN2=0
AO2=0
BO2=0
NA=0
Pump=0
[STEP 36]
ACTION=Stop
TEMP=0
TIME=0
GN2=0
PN2=0
AO2=0
BO2=0
NA=0
Pump=0
[STEP 37]
ACTION=Stop
TEMP=0
TIME=0
GN2=0
PN2=0
AO2=0
BO2=0
NA=0
Pump=0
[STEP 38]
ACTION=Stop
TEMP=0
TIME=0
GN2=0
PN2=0
AO2=0
BO2=0
NA=0
Pump=0
[STEP 39]
ACTION=Stop
TEMP=0
TIME=0
GN2=0
PN2=0
AO2=0
BO2=0
NA=0
Pump=0
[STEP 40]
ACTION=Stop
TEMP=0
TIME=0
GN2=0
PN2=0
AO2=0
BO2=0
NA=0
Pump=0
[STEP 41]
ACTION=Stop
TEMP=0
TIME=0
GN2=0
PN2=0
AO2=0
BO2=0
NA=0
Pump=0
[STEP 42]
ACTION=Stop
TEMP=0
TIME=0
GN2=0
PN2=0
AO2=0
BO2=0
NA=0
Pump=0
[STEP 43]
ACTION=Stop
TEMP=0
TIME=0
GN2=0
PN2=0
AO2=0
BO2=0
NA=0
Pump=0
[STEP 44]
ACTION=Stop
TEMP=0
TIME=0
GN2=0
PN2=0
AO2=0
BO2=0
NA=0
Pump=0
[STEP 45]
ACTION=Stop
TEMP=0
TIME=0
GN2=0
PN2=0
AO2=0
BO2=0
NA=0
Pump=0
[STEP 46]
ACTION=Stop
TEMP=0
TIME=0
GN2=0
PN2=0
AO2=0
BO2=0
NA=0
Pump=0
[STEP 47]
ACTION=Stop
TEMP=0
TIME=0
GN2=0
PN2=0
AO2=0
BO2=0
NA=0
Pump=0
[STEP 48]
ACTION=Stop
TEMP=0
TIME=0
GN2=0
PN2=0
AO2=0
BO2=0
NA=0
Pump=0
[STEP 49]
ACTION=Stop
TEMP=0
TIME=0
GN2=0
PN2=0
AO2=0
BO2=0
NA=0
Pump=0
[STEP 50]
ACTION=Stop
TEMP=0
TIME=0
GN2=0
PN2=0
AO2=0
BO2=0
NA=0
Pump=0
[COFFICIENT]
IntensityWeightD1=0
IntensityWeightD2=0
IntensityWeightD3=0
IntensityWeightD4=0.2
IntensityWeightD5=0
IntensityWeightS1=0
IntensityWeightS2=0
IntensityWeightS3=0
IntensityWeightS4=0
IntensityWeightS5=0
[CONTROL_LOOP]
Proportional=0.04
Proportional2=0.04
Integrnal=0.001
Integral2=0.00065
Derivational=0
Factor1=0
Factor2=0
InputDevice=1
Overshoot=200
[PROCESS_RECORD]
No=Time,Intensity,TC1,NA,Gas1,Gas2,Gas3,Gas4,Gas5,Pressure,Gas6,TC2,TC3,TC4,TC5,TC6,Power1,Power2,Power3,Power4,Power5,O2-Gauge,TC7,O2,MTC8,MTC9,MTC10,MTC11,MTC12,MTC13,MTC14,MTC15,MTC16,MTC17,MTC18,MTC19,MTC20,MTC21,MTC22,MTC23
0=7315,0,70.2,0,0,0,0,0,0,763.828,0,70.9,69.1,69.6,65.7,0.1,0,0,0,0,0,0,6.1,0,0,0,0,0,0,0,0,0,0,0,0,0,0,0,0,0,0,0,0,0,0,0,0,0,0,0,0,0
1=8294,0,70.2,0,0,0,0,0,0,763.828,0,70.9,69.1,69.6,65.7,0.1,0,0,0,0,0,0,6.1,0,0,0,0,0,0,0,0,0,0,0,0,0,0,0,0,0,0,0,0,0,0,0,0,0,0,0,0,0
2=12083,0,70.1,0,27.748,0,0,0,0,763.828,0,70.7,69,69.5,65.6,0.1,0,0,0,0,0,0,17.3,0,0,0,0,0,0,0,0,0,0,0,0,0,0,0,0,0,0,0,0,0,0,0,0,0,0,0,0,0
3=13064,0,70,0,39.99,0,0,0,0,763.828,0,70.7,68.9,69.4,65.5,0.1,0,0,0,0,0,0,17.8,0,0,0,0,0,0,0,0,0,0,0,0,0,0,0,0,0,0,0,0,0,0,0,0,0,0,0,0,0
4=15355,0,69.9,0,39.922,0,0,0,0,763.828,0,70.6,68.8,69.2,65.3,0.1,0,0,0,0,0,0,15.4,0,0,0,0,0,0,0,0,0,0,0,0,0,0,0,0,0,0,0,0,0,0,0,0,0,0,0,0,0
5=16341,0,69.8,0,8.139,0,0,0,0,763.828,0,70.5,68.8,69.2,65.2,0.1,0,0,0,0,0,0,12.7,0,0,0,0,0,0,0,0,0,0,0,0,0,0,0,0,0,0,0,0,0,0,0,0,0,0,0,0,0
6=20028,0,69.6,0,0,0,0,0,0,763.828,0,70.3,68.6,68.9,64.9,0.1,0,0,0,0,0,0,9.4,0,0,0,0,0,0,0,0,0,0,0,0,0,0,0,0,0,0,0,0,0,0,0,0,0,0,0,0,0
7=21018,0,69.6,0,0,0,0,0,0,763.828,0,70.3,68.6,68.8,64.9,0.1,0,0,0,0,0,0,9.2,0,0,0,0,0,0,0,0,0,0,0,0,0,0,0,0,0,0,0,0,0,0,0,0,0,0,0,0,0
8=21018,0,69.6,0,0,0,0,0,0,763.828,0,70.3,68.6,68.8,64.9,0.1,0,0,0,0,0,0,9.2,0,0,0,0,0,0,0,0,0,0,0,0,0,0,0,0,0,0,0,0,0,0,0,0,0,0,0,0,0
9=23733,0,69.4,0,0,0,0,0,0,763.828,0,70.1,68.4,68.6,64.8,0.1,0,0,0,0,0,0,8.2,0,0,0,0,0,0,0,0,0,0,0,0,0,0,0,0,0,0,0,0,0,0,0,0,0,0,0,0,0
10=23733,0,69.4,0,0,0,0,0,0,763.828,0,70.1,68.4,68.6,64.8,0.1,0,0,0,0,0,0,8.2,0,0,0,0,0,0,0,0,0,0,0,0,0,0,0,0,0,0,0,0,0,0,0,0,0,0,0,0,0
11=24147,0,69.4,0,0,0,0,0,0,763.828,0,70.1,68.4,68.6,64.8,0.1,0,0,0,0,0,0,8.2,0,0,0,0,0,0,0,0,0,0,0,0,0,0,0,0,0,0,0,0,0,0,0,0,0,0,0,0,0
12=24147,0,69.4,0,0,0,0,0,0,763.828,0,70.1,68.4,68.6,64.8,0.1,0,0,0,0,0,0,8.2,0,0,0,0,0,0,0,0,0,0,0,0,0,0,0,0,0,0,0,0,0,0,0,0,0,0,0,0,0
13=24548,0,69.4,0,0,0,0,0,0,763.828,0,70.1,68.4,68.6,64.8,0.1,0,0,0,0,0,0,8.2,0,0,0,0,0,0,0,0,0,0,0,0,0,0,0,0,0,0,0,0,0,0,0,0,0,0,0,0,0
14=24548,0,69.4,0,0,0,0,0,0,763.828,0,70.1,68.4,68.6,64.8,0.1,0,0,0,0,0,0,8.2,0,0,0,0,0,0,0,0,0,0,0,0,0,0,0,0,0,0,0,0,0,0,0,0,0,0,0,0,0
15=24952,0,69.4,0,0,0,0,0,0,763.828,0,70.1,68.4,68.5,64.8,0.1,0,0,0,0,0,0,7.9,0,0,0,0,0,0,0,0,0,0,0,0,0,0,0,0,0,0,0,0,0,0,0,0,0,0,0,0,0
16=24952,0,69.4,0,0,0,0,0,0,763.828,0,70.1,68.4,68.5,64.8,0.1,0,0,0,0,0,0,7.9,0,0,0,0,0,0,0,0,0,0,0,0,0,0,0,0,0,0,0,0,0,0,0,0,0,0,0,0,0
17=25369,0,69.4,0,0,0,0,0,0,763.828,0,70,68.4,68.5,64.8,0.1,0,0,0,0,0,0,7.6,0,0,0,0,0,0,0,0,0,0,0,0,0,0,0,0,0,0,0,0,0,0,0,0,0,0,0,0,0
18=25369,0,69.4,0,0,0,0,0,0,763.828,0,70,68.4,68.5,64.8,0.1,0,0,0,0,0,0,7.6,0,0,0,0,0,0,0,0,0,0,0,0,0,0,0,0,0,0,0,0,0,0,0,0,0,0,0,0,0
19=25768,0,69.4,0,0,0,0,0,0,763.828,0,70,68.4,68.5,64.8,0.1,0,0,0,0,0,0,7.4,0,0,0,0,0,0,0,0,0,0,0,0,0,0,0,0,0,0,0,0,0,0,0,0,0,0,0,0,0
20=25768,0,69.4,0,0,0,0,0,0,763.828,0,70,68.4,68.5,64.8,0.1,0,0,0,0,0,0,7.4,0,0,0,0,0,0,0,0,0,0,0,0,0,0,0,0,0,0,0,0,0,0,0,0,0,0,0,0,0
21=26169,0,69.3,0,0,0,0,0,0,763.828,0,70,68.3,68.5,64.7,0.1,0,0,0,0,0,0,7.3,0,0,0,0,0,0,0,0,0,0,0,0,0,0,0,0,0,0,0,0,0,0,0,0,0,0,0,0,0
22=26169,0,69.3,0,0,0,0,0,0,763.828,0,70,68.3,68.5,64.7,0.1,0,0,0,0,0,0,7.3,0,0,0,0,0,0,0,0,0,0,0,0,0,0,0,0,0,0,0,0,0,0,0,0,0,0,0,0,0
23=26587,0,69.3,0,0,0,0,0,0,763.828,0,70,68.3,68.5,64.7,0.1,0,0,0,0,0,0,7.2,0,0,0,0,0,0,0,0,0,0,0,0,0,0,0,0,0,0,0,0,0,0,0,0,0,0,0,0,0
24=26587,0,69.3,0,0,0,0,0,0,763.828,0,70,68.3,68.5,64.7,0.1,0,0,0,0,0,0,7.2,0,0,0,0,0,0,0,0,0,0,0,0,0,0,0,0,0,0,0,0,0,0,0,0,0,0,0,0,0
25=26985,0,69.3,0,0,0,0,0,0,763.828,0,70,68.3,68.4,64.7,0.1,0,0,0,0,0,0,7.2,0,0,0,0,0,0,0,0,0,0,0,0,0,0,0,0,0,0,0,0,0,0,0,0,0,0,0,0,0
26=26985,0,69.3,0,0,0,0,0,0,763.828,0,70,68.3,68.4,64.7,0.1,0,0,0,0,0,0,7.2,0,0,0,0,0,0,0,0,0,0,0,0,0,0,0,0,0,0,0,0,0,0,0,0,0,0,0,0,0
27=27387,0,69.3,0,0,0,0,0,0,763.828,0,70,68.3,68.4,64.7,0.1,0,0,0,0,0,0,7.2,0,0,0,0,0,0,0,0,0,0,0,0,0,0,0,0,0,0,0,0,0,0,0,0,0,0,0,0,0
28=27387,0,69.3,0,0,0,0,0,0,763.828,0,70,68.3,68.4,64.7,0.1,0,0,0,0,0,0,7.2,0,0,0,0,0,0,0,0,0,0,0,0,0,0,0,0,0,0,0,0,0,0,0,0,0,0,0,0,0
29=27801,0,69.3,0,0,0,0,0,0,763.828,0,70,68.3,68.4,64.7,0.1,0,0,0,0,0,0,7.2,0,0,0,0,0,0,0,0,0,0,0,0,0,0,0,0,0,0,0,0,0,0,0,0,0,0,0,0,0
30=27801,0,69.3,0,0,0,0,0,0,763.828,0,70,68.3,68.4,64.7,0.1,0,0,0,0,0,0,7.2,0,0,0,0,0,0,0,0,0,0,0,0,0,0,0,0,0,0,0,0,0,0,0,0,0,0,0,0,0
31=28219,0,69.3,0,0,0,0,0,0,763.828,0,69.9,68.3,68.4,64.7,0.1,0,0,0,0,0,0,7.2,0,0,0,0,0,0,0,0,0,0,0,0,0,0,0,0,0,0,0,0,0,0,0,0,0,0,0,0,0
32=28219,0,69.3,0,0,0,0,0,0,763.828,0,69.9,68.3,68.4,64.7,0.1,0,0,0,0,0,0,7.2,0,0,0,0,0,0,0,0,0,0,0,0,0,0,0,0,0,0,0,0,0,0,0,0,0,0,0,0,0
33=28633,0,69.3,0,0,0,0,0,0,763.828,0,69.9,68.3,68.4,64.7,0.1,0,0,0,0,0,0,7.2,0,0,0,0,0,0,0,0,0,0,0,0,0,0,0,0,0,0,0,0,0,0,0,0,0,0,0,0,0
34=28633,0,69.3,0,0,0,0,0,0,763.828,0,69.9,68.3,68.4,64.7,0.1,0,0,0,0,0,0,7.2,0,0,0,0,0,0,0,0,0,0,0,0,0,0,0,0,0,0,0,0,0,0,0,0,0,0,0,0,0
35=29041,0,69.2,0,0,0,0,0,0,763.828,0,69.9,68.2,68.4,64.7,0.1,0,0,0,0,0,0,7.2,0,0,0,0,0,0,0,0,0,0,0,0,0,0,0,0,0,0,0,0,0,0,0,0,0,0,0,0,0
36=29041,0,69.2,0,0,0,0,0,0,763.828,0,69.9,68.2,68.4,64.7,0.1,0,0,0,0,0,0,7.2,0,0,0,0,0,0,0,0,0,0,0,0,0,0,0,0,0,0,0,0,0,0,0,0,0,0,0,0,0
37=29439,0,69.2,0,0,0,0,0,0,763.828,0,69.9,68.2,68.3,64.7,0.1,0,0,0,0,0,0,7.2,0,0,0,0,0,0,0,0,0,0,0,0,0,0,0,0,0,0,0,0,0,0,0,0,0,0,0,0,0
38=29439,0,69.2,0,0,0,0,0,0,763.828,0,69.9,68.2,68.3,64.7,0.1,0,0,0,0,0,0,7.2,0,0,0,0,0,0,0,0,0,0,0,0,0,0,0,0,0,0,0,0,0,0,0,0,0,0,0,0,0
39=29840,0,69.2,0,0,0,0,0,0,763.828,0,69.9,68.2,68.3,64.7,0.1,0,0,0,0,0,0,7.2,0,0,0,0,0,0,0,0,0,0,0,0,0,0,0,0,0,0,0,0,0,0,0,0,0,0,0,0,0
40=29840,0,69.2,0,0,0,0,0,0,763.828,0,69.9,68.2,68.3,64.7,0.1,0,0,0,0,0,0,7.2,0,0,0,0,0,0,0,0,0,0,0,0,0,0,0,0,0,0,0,0,0,0,0,0,0,0,0,0,0
41=30249,0,69.2,0,0,0,0,0,0,763.828,0,69.9,68.2,68.3,64.7,0.1,0,0,0,0,0,0,7.2,0,0,0,0,0,0,0,0,0,0,0,0,0,0,0,0,0,0,0,0,0,0,0,0,0,0,0,0,0
42=30249,0,69.2,0,0,0,0,0,0,763.828,0,69.9,68.2,68.3,64.7,0.1,0,0,0,0,0,0,7.2,0,0,0,0,0,0,0,0,0,0,0,0,0,0,0,0,0,0,0,0,0,0,0,0,0,0,0,0,0
43=30656,0,69.2,0,0,0,0,0,0,763.828,0,69.9,68.2,68.3,64.7,0.1,0,0,0,0,0,0,7.2,0,0,0,0,0,0,0,0,0,0,0,0,0,0,0,0,0,0,0,0,0,0,0,0,0,0,0,0,0
44=30656,0,69.2,0,0,0,0,0,0,763.828,0,69.9,68.2,68.3,64.7,0.1,0,0,0,0,0,0,7.2,0,0,0,0,0,0,0,0,0,0,0,0,0,0,0,0,0,0,0,0,0,0,0,0,0,0,0,0,0
45=31068,0,69.2,0,0,0,0,0,0,763.828,0,69.9,68.2,68.3,64.7,0.1,0,0,0,0,0,0,7.2,0,0,0,0,0,0,0,0,0,0,0,0,0,0,0,0,0,0,0,0,0,0,0,0,0,0,0,0,0
46=31068,0,69.2,0,0,0,0,0,0,763.828,0,69.9,68.2,68.3,64.7,0.1,0,0,0,0,0,0,7.2,0,0,0,0,0,0,0,0,0,0,0,0,0,0,0,0,0,0,0,0,0,0,0,0,0,0,0,0,0
47=31473,0,69.2,0,0,0,0,0,0,763.828,0,69.8,68.2,68.3,64.7,0.1,0,0,0,0,0,0,7.2,0,0,0,0,0,0,0,0,0,0,0,0,0,0,0,0,0,0,0,0,0,0,0,0,0,0,0,0,0
48=31473,0,69.2,0,0,0,0,0,0,763.828,0,69.8,68.2,68.3,64.7,0.1,0,0,0,0,0,0,7.2,0,0,0,0,0,0,0,0,0,0,0,0,0,0,0,0,0,0,0,0,0,0,0,0,0,0,0,0,0
49=31873,0,69.2,0,0,0,0,0,0,763.828,0,69.8,68.2,68.3,64.6,0.1,0,0,0,0,0,0,7.2,0,0,0,0,0,0,0,0,0,0,0,0,0,0,0,0,0,0,0,0,0,0,0,0,0,0,0,0,0
50=31873,0,69.2,0,0,0,0,0,0,763.828,0,69.8,68.2,68.3,64.6,0.1,0,0,0,0,0,0,7.2,0,0,0,0,0,0,0,0,0,0,0,0,0,0,0,0,0,0,0,0,0,0,0,0,0,0,0,0,0
51=32290,0,69.1,0,0,0,0,0,0,763.828,0,69.8,68.1,68.3,64.6,0.1,0,0,0,0,0,0,7.2,0,0,0,0,0,0,0,0,0,0,0,0,0,0,0,0,0,0,0,0,0,0,0,0,0,0,0,0,0
52=32290,0,69.1,0,0,0,0,0,0,763.828,0,69.8,68.1,68.3,64.6,0.1,0,0,0,0,0,0,7.2,0,0,0,0,0,0,0,0,0,0,0,0,0,0,0,0,0,0,0,0,0,0,0,0,0,0,0,0,0
53=32690,0,69.1,0,0,0,0,0,0,763.828,0,69.8,68.1,68.2,64.6,0.1,0,0,0,0,0,0,7.2,0,0,0,0,0,0,0,0,0,0,0,0,0,0,0,0,0,0,0,0,0,0,0,0,0,0,0,0,0
54=32690,0,69.1,0,0,0,0,0,0,763.828,0,69.8,68.1,68.2,64.6,0.1,0,0,0,0,0,0,7.2,0,0,0,0,0,0,0,0,0,0,0,0,0,0,0,0,0,0,0,0,0,0,0,0,0,0,0,0,0
55=33093,0,69.1,0,0,0,0,0,0,763.828,0,69.8,68.1,68.2,64.6,0.1,0,0,0,0,0,0,7.2,0,0,0,0,0,0,0,0,0,0,0,0,0,0,0,0,0,0,0,0,0,0,0,0,0,0,0,0,0
56=33093,0,69.1,0,0,0,0,0,0,763.828,0,69.8,68.1,68.2,64.6,0.1,0,0,0,0,0,0,7.2,0,0,0,0,0,0,0,0,0,0,0,0,0,0,0,0,0,0,0,0,0,0,0,0,0,0,0,0,0
57=33506,0,69.1,0,0,0,0,0,0,763.828,0,69.8,68.1,68.2,64.6,0.1,0,0,0,0,0,0,7.2,0,0,0,0,0,0,0,0,0,0,0,0,0,0,0,0,0,0,0,0,0,0,0,0,0,0,0,0,0
58=33506,0,69.1,0,0,0,0,0,0,763.828,0,69.8,68.1,68.2,64.6,0.1,0,0,0,0,0,0,7.2,0,0,0,0,0,0,0,0,0,0,0,0,0,0,0,0,0,0,0,0,0,0,0,0,0,0,0,0,0
59=33908,0,69.1,0,0,0,0,0,0,763.828,0,69.8,68.1,68.2,64.6,0.1,0,0,0,0,0,0,6.7,0,0,0,0,0,0,0,0,0,0,0,0,0,0,0,0,0,0,0,0,0,0,0,0,0,0,0,0,0
60=33908,0,69.1,0,0,0,0,0,0,763.828,0,69.8,68.1,68.2,64.6,0.1,0,0,0,0,0,0,6.7,0,0,0,0,0,0,0,0,0,0,0,0,0,0,0,0,0,0,0,0,0,0,0,0,0,0,0,0,0
61=34323,0,69.1,0,0,0,0,0,0,763.828,0,69.8,68.1,68.2,64.6,0.1,0,0,0,0,0,0,6.5,0,0,0,0,0,0,0,0,0,0,0,0,0,0,0,0,0,0,0,0,0,0,0,0,0,0,0,0,0
62=34323,0,69.1,0,0,0,0,0,0,763.828,0,69.8,68.1,68.2,64.6,0.1,0,0,0,0,0,0,6.5,0,0,0,0,0,0,0,0,0,0,0,0,0,0,0,0,0,0,0,0,0,0,0,0,0,0,0,0,0
63=34728,0,69.1,0,0,0,0,0,0,763.828,0,69.7,68.1,68.2,64.6,0.1,0,0,0,0,0,0,6.3,0,0,0,0,0,0,0,0,0,0,0,0,0,0,0,0,0,0,0,0,0,0,0,0,0,0,0,0,0
64=34728,0,69.1,0,0,0,0,0,0,763.828,0,69.7,68.1,68.2,64.6,0.1,0,0,0,0,0,0,6.3,0,0,0,0,0,0,0,0,0,0,0,0,0,0,0,0,0,0,0,0,0,0,0,0,0,0,0,0,0
65=35127,0,69.1,0,0,0,0,0,0,763.828,0,69.7,68,68.2,64.6,0.1,0,0,0,0,0,0,6.2,0,0,0,0,0,0,0,0,0,0,0,0,0,0,0,0,0,0,0,0,0,0,0,0,0,0,0,0,0
66=35127,0,69.1,0,0,0,0,0,0,763.828,0,69.7,68,68.2,64.6,0.1,0,0,0,0,0,0,6.2,0,0,0,0,0,0,0,0,0,0,0,0,0,0,0,0,0,0,0,0,0,0,0,0,0,0,0,0,0
67=35539,0,69,0,0,0,0,0,0,763.828,0,69.7,68,68.2,64.6,0.1,0,0,0,0,0,0,6.2,0,0,0,0,0,0,0,0,0,0,0,0,0,0,0,0,0,0,0,0,0,0,0,0,0,0,0,0,0
68=35539,0,69,0,0,0,0,0,0,763.828,0,69.7,68,68.2,64.6,0.1,0,0,0,0,0,0,6.2,0,0,0,0,0,0,0,0,0,0,0,0,0,0,0,0,0,0,0,0,0,0,0,0,0,0,0,0,0
69=35946,0,69,0,0,0,0,0,0,763.828,0,69.7,68,68.1,64.6,0.1,0,0,0,0,0,0,6.2,0,0,0,0,0,0,0,0,0,0,0,0,0,0,0,0,0,0,0,0,0,0,0,0,0,0,0,0,0
70=35946,0,69,0,0,0,0,0,0,763.828,0,69.7,68,68.1,64.6,0.1,0,0,0,0,0,0,6.2,0,0,0,0,0,0,0,0,0,0,0,0,0,0,0,0,0,0,0,0,0,0,0,0,0,0,0,0,0
71=36344,0,69,0,0,0,0,0,0,763.828,0,69.7,68,68.1,64.5,0.1,0,0,0,0,0,0,6.2,0,0,0,0,0,0,0,0,0,0,0,0,0,0,0,0,0,0,0,0,0,0,0,0,0,0,0,0,0
72=36344,0,69,0,0,0,0,0,0,763.828,0,69.7,68,68.1,64.5,0.1,0,0,0,0,0,0,6.2,0,0,0,0,0,0,0,0,0,0,0,0,0,0,0,0,0,0,0,0,0,0,0,0,0,0,0,0,0
73=36757,0,69,0,0,0,0,0,0,763.828,0,69.7,68,68.1,64.5,0.1,0,0,0,0,0,0,6.1,0,0,0,0,0,0,0,0,0,0,0,0,0,0,0,0,0,0,0,0,0,0,0,0,0,0,0,0,0
74=36757,0,69,0,0,0,0,0,0,763.828,0,69.7,68,68.1,64.5,0.1,0,0,0,0,0,0,6.1,0,0,0,0,0,0,0,0,0,0,0,0,0,0,0,0,0,0,0,0,0,0,0,0,0,0,0,0,0
75=37160,0,69,0,0,0,0,0,0,763.828,0,69.7,68,68.1,64.5,0.1,0,0,0,0,0,0,6.2,0,0,0,0,0,0,0,0,0,0,0,0,0,0,0,0,0,0,0,0,0,0,0,0,0,0,0,0,0
76=37160,0,69,0,0,0,0,0,0,763.828,0,69.7,68,68.1,64.5,0.1,0,0,0,0,0,0,6.2,0,0,0,0,0,0,0,0,0,0,0,0,0,0,0,0,0,0,0,0,0,0,0,0,0,0,0,0,0
77=37559,0,69,0,0,0,0,0,0,763.828,0,69.7,68,68.1,64.5,0.1,0,0,0,0,0,0,6.2,0,0,0,0,0,0,0,0,0,0,0,0,0,0,0,0,0,0,0,0,0,0,0,0,0,0,0,0,0
78=37559,0,69,0,0,0,0,0,0,763.828,0,69.7,68,68.1,64.5,0.1,0,0,0,0,0,0,6.2,0,0,0,0,0,0,0,0,0,0,0,0,0,0,0,0,0,0,0,0,0,0,0,0,0,0,0,0,0
79=37972,0,69,0,0,0,0,0,0,763.828,0,69.6,68,68.1,64.5,0.1,0,0,0,0,0,0,6.2,0,0,0,0,0,0,0,0,0,0,0,0,0,0,0,0,0,0,0,0,0,0,0,0,0,0,0,0,0
80=37972,0,69,0,0,0,0,0,0,763.828,0,69.6,68,68.1,64.5,0.1,0,0,0,0,0,0,6.2,0,0,0,0,0,0,0,0,0,0,0,0,0,0,0,0,0,0,0,0,0,0,0,0,0,0,0,0,0
81=38372,0,69,0,0,0,0,0,0,763.828,0,69.6,67.9,68.1,64.5,0.1,0,0,0,0,0,0,6.1,0,0,0,0,0,0,0,0,0,0,0,0,0,0,0,0,0,0,0,0,0,0,0,0,0,0,0,0,0
82=38372,0,69,0,0,0,0,0,0,763.828,0,69.6,67.9,68.1,64.5,0.1,0,0,0,0,0,0,6.1,0,0,0,0,0,0,0,0,0,0,0,0,0,0,0,0,0,0,0,0,0,0,0,0,0,0,0,0,0
83=38790,0,68.9,0,0,0,0,0,0,763.828,0,69.6,67.9,68.1,64.5,0.1,0,0,0,0,0,0,6.1,0,0,0,0,0,0,0,0,0,0,0,0,0,0,0,0,0,0,0,0,0,0,0,0,0,0,0,0,0
84=38790,0,68.9,0,0,0,0,0,0,763.828,0,69.6,67.9,68.1,64.5,0.1,0,0,0,0,0,0,6.1,0,0,0,0,0,0,0,0,0,0,0,0,0,0,0,0,0,0,0,0,0,0,0,0,0,0,0,0,0
85=39196,0,68.9,0,0,0,0,0,0,763.828,0,69.6,67.9,68.1,64.5,0.1,0,0,0,0,0,0,6.1,0,0,0,0,0,0,0,0,0,0,0,0,0,0,0,0,0,0,0,0,0,0,0,0,0,0,0,0,0
86=39196,0,68.9,0,0,0,0,0,0,763.828,0,69.6,67.9,68.1,64.5,0.1,0,0,0,0,0,0,6.1,0,0,0,0,0,0,0,0,0,0,0,0,0,0,0,0,0,0,0,0,0,0,0,0,0,0,0,0,0
87=39598,0,68.9,0,0,0,0,0,0,763.828,0,69.6,67.9,68,64.5,0.1,0,0,0,0,0,0,6.1,0,0,0,0,0,0,0,0,0,0,0,0,0,0,0,0,0,0,0,0,0,0,0,0,0,0,0,0,0
88=39598,0,68.9,0,0,0,0,0,0,763.828,0,69.6,67.9,68,64.5,0.1,0,0,0,0,0,0,6.1,0,0,0,0,0,0,0,0,0,0,0,0,0,0,0,0,0,0,0,0,0,0,0,0,0,0,0,0,0
89=39997,0,68.9,0,0,0,0,0,0,763.828,0,69.6,67.9,68,64.5,0.1,0,0,0,0,0,0,6.1,0,0,0,0,0,0,0,0,0,0,0,0,0,0,0,0,0,0,0,0,0,0,0,0,0,0,0,0,0
90=39997,0,68.9,0,0,0,0,0,0,763.828,0,69.6,67.9,68,64.5,0.1,0,0,0,0,0,0,6.1,0,0,0,0,0,0,0,0,0,0,0,0,0,0,0,0,0,0,0,0,0,0,0,0,0,0,0,0,0
91=40408,0,68.9,0,0,0,0,0,0,763.828,0,69.6,67.9,68,64.4,0.1,0,0,0,0,0,0,6.1,0,0,0,0,0,0,0,0,0,0,0,0,0,0,0,0,0,0,0,0,0,0,0,0,0,0,0,0,0
92=40408,0,68.9,0,0,0,0,0,0,763.828,0,69.6,67.9,68,64.4,0.1,0,0,0,0,0,0,6.1,0,0,0,0,0,0,0,0,0,0,0,0,0,0,0,0,0,0,0,0,0,0,0,0,0,0,0,0,0
93=40812,0,68.9,0,0,0,0,0,0,763.828,0,69.6,67.9,68,64.4,0.1,0,0,0,0,0,0,6.1,0,0,0,0,0,0,0,0,0,0,0,0,0,0,0,0,0,0,0,0,0,0,0,0,0,0,0,0,0
94=40812,0,68.9,0,0,0,0,0,0,763.828,0,69.6,67.9,68,64.4,0.1,0,0,0,0,0,0,6.1,0,0,0,0,0,0,0,0,0,0,0,0,0,0,0,0,0,0,0,0,0,0,0,0,0,0,0,0,0
95=41228,0,68.9,0,0,0,0,0,0,763.828,0,69.5,67.9,68,64.4,0.1,0,0,0,0,0,0,6.1,0,0,0,0,0,0,0,0,0,0,0,0,0,0,0,0,0,0,0,0,0,0,0,0,0,0,0,0,0
96=41228,0,68.9,0,0,0,0,0,0,763.828,0,69.5,67.9,68,64.4,0.1,0,0,0,0,0,0,6.1,0,0,0,0,0,0,0,0,0,0,0,0,0,0,0,0,0,0,0,0,0,0,0,0,0,0,0,0,0
97=41628,0,68.9,0,0,0,0,0,0,763.828,0,69.5,67.8,68,64.4,0.1,0,0,0,0,0,0,6.1,0,0,0,0,0,0,0,0,0,0,0,0,0,0,0,0,0,0,0,0,0,0,0,0,0,0,0,0,0
98=41628,0,68.9,0,0,0,0,0,0,763.828,0,69.5,67.8,68,64.4,0.1,0,0,0,0,0,0,6.1,0,0,0,0,0,0,0,0,0,0,0,0,0,0,0,0,0,0,0,0,0,0,0,0,0,0,0,0,0
99=42042,0,68.8,0,0,0,0,0,0,763.828,0,69.5,67.8,68,64.4,0.1,0,0,0,0,0,0,6.1,0,0,0,0,0,0,0,0,0,0,0,0,0,0,0,0,0,0,0,0,0,0,0,0,0,0,0,0,0
100=42042,0,68.8,0,0,0,0,0,0,763.828,0,69.5,67.8,68,64.4,0.1,0,0,0,0,0,0,6.1,0,0,0,0,0,0,0,0,0,0,0,0,0,0,0,0,0,0,0,0,0,0,0,0,0,0,0,0,0
101=42447,0,68.8,0,0,0,0,0,0,763.828,0,69.5,67.8,68,64.4,0.1,0,0,0,0,0.07,0,6.1,0,0,0,0,0,0,0,0,0,0,0,0,0,0,0,0,0,0,0,0,0,0,0,0,0,0,0,0,0
102=42447,0,68.8,0,0,0,0,0,0,763.828,0,69.5,67.8,68,64.4,0.1,0,0,0,0,0.07,0,6.1,0,0,0,0,0,0,0,0,0,0,0,0,0,0,0,0,0,0,0,0,0,0,0,0,0,0,0,0,0
103=42847,0,68.8,0,0,0,0,0,0,763.828,0,69.5,67.8,68,64.4,0.1,0,0,0.02,0,0.16,0,6.1,0,0,0,0,0,0,0,0,0,0,0,0,0,0,0,0,0,0,0,0,0,0,0,0,0,0,0,0,0
104=42847,0,68.8,0,0,0,0,0,0,763.828,0,69.5,67.8,68,64.4,0.1,0,0,0.02,0,0.16,0,6.1,0,0,0,0,0,0,0,0,0,0,0,0,0,0,0,0,0,0,0,0,0,0,0,0,0,0,0,0,0
105=43247,0.02,68.8,0,0,0,0,0,0,763.828,0,69.5,67.8,68,64.4,0.1,0.02,0,0.19,0.16,0.26,0,6.1,0,0,0,0,0,0,0,0,0,0,0,0,0,0,0,0,0,0,0,0,0,0,0,0,0,0,0,0,0
106=43247,0.02,68.8,0,0,0,0,0,0,763.828,0,69.5,67.8,68,64.4,0.1,0.02,0,0.19,0.16,0.26,0,6.1,0,0,0,0,0,0,0,0,0,0,0,0,0,0,0,0,0,0,0,0,0,0,0,0,0,0,0,0,0
107=43663,0.2,68.8,0,0,0,0,0,0,763.828,0,69.5,67.8,67.9,64.4,0.1,0.2,0.11,0.38,0.35,0.37,0,6.1,0,0,0,0,0,0,0,0,0,0,0,0,0,0,0,0,0,0,0,0,0,0,0,0,0,0,0,0,0
108=43663,0.2,68.8,0,0,0,0,0,0,763.828,0,69.5,67.8,67.9,64.4,0.1,0.2,0.11,0.38,0.35,0.37,0,6.1,0,0,0,0,0,0,0,0,0,0,0,0,0,0,0,0,0,0,0,0,0,0,0,0,0,0,0,0,0
109=44067,0.37,68.8,0,0,0,0,0,0,763.828,0,69.5,67.8,67.9,64.4,0.1,0.37,0.28,0.56,0.53,0.48,0,6.1,0,0,0,0,0,0,0,0,0,0,0,0,0,0,0,0,0,0,0,0,0,0,0,0,0,0,0,0,0
110=44067,0.37,68.8,0,0,0,0,0,0,763.828,0,69.5,67.8,67.9,64.4,0.1,0.37,0.28,0.56,0.53,0.48,0,6.1,0,0,0,0,0,0,0,0,0,0,0,0,0,0,0,0,0,0,0,0,0,0,0,0,0,0,0,0,0
111=44474,0.56,68.8,0,0,0,0,0,0,763.828,0,69.4,67.8,67.9,64.3,0.1,0.56,0.47,0.76,0.73,0.6,0,6.1,0,0,0,0,0,0,0,0,0,0,0,0,0,0,0,0,0,0,0,0,0,0,0,0,0,0,0,0,0
112=44474,0.56,68.8,0,0,0,0,0,0,763.828,0,69.4,67.8,67.9,64.3,0.1,0.56,0.47,0.76,0.73,0.6,0,6.1,0,0,0,0,0,0,0,0,0,0,0,0,0,0,0,0,0,0,0,0,0,0,0,0,0,0,0,0,0
113=44882,0.75,68.8,0,0,0,0,0,0,763.828,0,69.4,67.7,67.9,64.3,0.1,0.75,0.66,0.96,0.93,0.72,0,6.2,0,0,0,0,0,0,0,0,0,0,0,0,0,0,0,0,0,0,0,0,0,0,0,0,0,0,0,0,0
114=44882,0.75,68.8,0,0,0,0,0,0,763.828,0,69.4,67.7,67.9,64.3,0.1,0.75,0.66,0.96,0.93,0.72,0,6.2,0,0,0,0,0,0,0,0,0,0,0,0,0,0,0,0,0,0,0,0,0,0,0,0,0,0,0,0,0
115=45305,0.96,68.7,0,0,0,0,0,0,763.828,0,69.4,67.7,67.9,64.3,0.1,0.96,0.86,1.18,1.15,0.86,0,6.2,0,0,0,0,0,0,0,0,0,0,0,0,0,0,0,0,0,0,0,0,0,0,0,0,0,0,0,0,0
116=45305,0.96,68.7,0,0,0,0,0,0,763.828,0,69.4,67.7,67.9,64.3,0.1,0.96,0.86,1.18,1.15,0.86,0,6.2,0,0,0,0,0,0,0,0,0,0,0,0,0,0,0,0,0,0,0,0,0,0,0,0,0,0,0,0,0
117=45697,1.06,68.7,0,0,0,0,0,0,763.828,0,69.4,67.7,67.9,64.3,0.1,1.06,0.96,1.29,1.25,0.92,0,6.2,0,0,0,0,0,0,0,0,0,0,0,0,0,0,0,0,0,0,0,0,0,0,0,0,0,0,0,0,0
118=45697,1.06,68.7,0,0,0,0,0,0,763.828,0,69.4,67.7,67.9,64.3,0.1,1.06,0.96,1.29,1.25,0.92,0,6.2,0,0,0,0,0,0,0,0,0,0,0,0,0,0,0,0,0,0,0,0,0,0,0,0,0,0,0,0,0
119=46101,1.27,68.7,0,0,0,0,0,0,763.828,0,69.4,67.7,67.9,64.3,0.1,1.27,1.17,1.51,1.47,1.06,0,6.2,0,0,0,0,0,0,0,0,0,0,0,0,0,0,0,0,0,0,0,0,0,0,0,0,0,0,0,0,0
120=46101,1.27,68.7,0,0,0,0,0,0,763.828,0,69.4,67.7,67.9,64.3,0.1,1.27,1.17,1.51,1.47,1.06,0,6.2,0,0,0,0,0,0,0,0,0,0,0,0,0,0,0,0,0,0,0,0,0,0,0,0,0,0,0,0,0
121=46497,1.49,68.7,0,0,0,0,0,0,763.828,0,69.4,67.7,67.9,64.3,0.1,1.49,1.38,1.74,1.7,1.19,0,6.2,0,0,0,0,0,0,0,0,0,0,0,0,0,0,0,0,0,0,0,0,0,0,0,0,0,0,0,0,0
122=46497,1.49,68.7,0,0,0,0,0,0,763.828,0,69.4,67.7,67.9,64.3,0.1,1.49,1.38,1.74,1.7,1.19,0,6.2,0,0,0,0,0,0,0,0,0,0,0,0,0,0,0,0,0,0,0,0,0,0,0,0,0,0,0,0,0
123=46912,1.72,68.7,0,0,0,0,0,0,763.828,0,69.4,67.7,67.9,64.3,0.1,1.72,1.61,1.98,1.94,1.33,0,6.1,0,0,0,0,0,0,0,0,0,0,0,0,0,0,0,0,0,0,0,0,0,0,0,0,0,0,0,0,0
124=46912,1.72,68.7,0,0,0,0,0,0,763.828,0,69.4,67.7,67.9,64.3,0.1,1.72,1.61,1.98,1.94,1.33,0,6.1,0,0,0,0,0,0,0,0,0,0,0,0,0,0,0,0,0,0,0,0,0,0,0,0,0,0,0,0,0
125=47318,1.95,68.7,0,0,0,0,0,0,763.828,0,69.4,67.7,67.9,64.4,0.1,1.95,1.84,2.22,2.18,1.46,0,6.2,0,0,0,0,0,0,0,0,0,0,0,0,0,0,0,0,0,0,0,0,0,0,0,0,0,0,0,0,0
126=47318,1.95,68.7,0,0,0,0,0,0,763.828,0,69.4,67.7,67.9,64.4,0.1,1.95,1.84,2.22,2.18,1.46,0,6.2,0,0,0,0,0,0,0,0,0,0,0,0,0,0,0,0,0,0,0,0,0,0,0,0,0,0,0,0,0
127=47722,2.19,68.7,0,0,0,0,0,0,763.828,0,69.4,67.7,67.9,64.5,0.1,2.19,2.07,2.47,2.42,1.57,0,6.1,0,0,0,0,0,0,0,0,0,0,0,0,0,0,0,0,0,0,0,0,0,0,0,0,0,0,0,0,0
128=47722,2.19,68.7,0,0,0,0,0,0,763.828,0,69.4,67.7,67.9,64.5,0.1,2.19,2.07,2.47,2.42,1.57,0,6.1,0,0,0,0,0,0,0,0,0,0,0,0,0,0,0,0,0,0,0,0,0,0,0,0,0,0,0,0,0
129=48134,2.43,68.7,0,0,0,0,0,0,763.828,0,69.4,67.7,67.9,64.8,0.1,2.43,2.31,2.71,2.67,1.65,0,6.1,0,0,0,0,0,0,0,0,0,0,0,0,0,0,0,0,0,0,0,0,0,0,0,0,0,0,0,0,0
130=48134,2.43,68.7,0,0,0,0,0,0,763.828,0,69.4,67.7,67.9,64.8,0.1,2.43,2.31,2.71,2.67,1.65,0,6.1,0,0,0,0,0,0,0,0,0,0,0,0,0,0,0,0,0,0,0,0,0,0,0,0,0,0,0,0,0
131=48540,2.66,68.7,0,0,0,0,0,0,763.828,0,69.4,67.7,67.9,65.3,0.1,2.66,2.54,2.94,2.9,1.67,0,6.1,0,0,0,0,0,0,0,0,0,0,0,0,0,0,0,0,0,0,0,0,0,0,0,0,0,0,0,0,0
132=48540,2.66,68.7,0,0,0,0,0,0,763.828,0,69.4,67.7,67.9,65.3,0.1,2.66,2.54,2.94,2.9,1.67,0,6.1,0,0,0,0,0,0,0,0,0,0,0,0,0,0,0,0,0,0,0,0,0,0,0,0,0,0,0,0,0
133=48947,2.89,68.8,0,0,0,0,0,0,763.828,0,69.4,67.8,68,66.2,0.1,2.89,2.78,3.17,3.13,1.62,0,6.1,0,0,0,0,0,0,0,0,0,0,0,0,0,0,0,0,0,0,0,0,0,0,0,0,0,0,0,0,0
134=48947,2.89,68.8,0,0,0,0,0,0,763.828,0,69.4,67.8,68,66.2,0.1,2.89,2.78,3.17,3.13,1.62,0,6.1,0,0,0,0,0,0,0,0,0,0,0,0,0,0,0,0,0,0,0,0,0,0,0,0,0,0,0,0,0
135=49351,3.09,68.9,0,0,0,0,0,0,763.828,0,69.5,68,68.1,67.5,0.1,3.09,2.98,3.36,3.32,1.48,0,6.1,0,0,0,0,0,0,0,0,0,0,0,0,0,0,0,0,0,0,0,0,0,0,0,0,0,0,0,0,0
136=49351,3.09,68.9,0,0,0,0,0,0,763.828,0,69.5,68,68.1,67.5,0.1,3.09,2.98,3.36,3.32,1.48,0,6.1,0,0,0,0,0,0,0,0,0,0,0,0,0,0,0,0,0,0,0,0,0,0,0,0,0,0,0,0,0
137=49751,3.25,69.1,0,0,0,0,0,0,763.828,0,69.7,68.2,68.4,69.3,0.1,3.25,3.16,3.51,3.48,1.25,0,6.5,0,0,0,0,0,0,0,0,0,0,0,0,0,0,0,0,0,0,0,0,0,0,0,0,0,0,0,0,0
138=49751,3.25,69.1,0,0,0,0,0,0,763.828,0,69.7,68.2,68.4,69.3,0.1,3.25,3.16,3.51,3.48,1.25,0,6.5,0,0,0,0,0,0,0,0,0,0,0,0,0,0,0,0,0,0,0,0,0,0,0,0,0,0,0,0,0
139=50167,3.38,69.4,0,0,0,0,0,0,763.828,0,69.9,68.6,68.7,71.8,0.1,3.38,3.31,3.62,3.6,0.94,0,6.8,0,0,0,0,0,0,0,0,0,0,0,0,0,0,0,0,0,0,0,0,0,0,0,0,0,0,0,0,0
140=50167,3.38,69.4,0,0,0,0,0,0,763.828,0,69.9,68.6,68.7,71.8,0.1,3.38,3.31,3.62,3.6,0.94,0,6.8,0,0,0,0,0,0,0,0,0,0,0,0,0,0,0,0,0,0,0,0,0,0,0,0,0,0,0,0,0
141=50568,3.47,69.8,0,0,0,0,0,0,763.828,0,70.3,69.1,69.2,74.8,0.1,3.47,3.41,3.67,3.66,0.57,0,7.4,0,0,0,0,0,0,0,0,0,0,0,0,0,0,0,0,0,0,0,0,0,0,0,0,0,0,0,0,0
142=50568,3.47,69.8,0,0,0,0,0,0,763.828,0,70.3,69.1,69.2,74.8,0.1,3.47,3.41,3.67,3.66,0.57,0,7.4,0,0,0,0,0,0,0,0,0,0,0,0,0,0,0,0,0,0,0,0,0,0,0,0,0,0,0,0,0
143=50966,3.5,70.4,0,0,0,0,0,0,763.828,0,70.8,69.8,69.9,78.1,0.1,3.5,3.47,3.67,3.67,0.17,0,8,0,0,0,0,0,0,0,0,0,0,0,0,0,0,0,0,0,0,0,0,0,0,0,0,0,0,0,0,0
144=50966,3.5,70.4,0,0,0,0,0,0,763.828,0,70.8,69.8,69.9,78.1,0.1,3.5,3.47,3.67,3.67,0.17,0,8,0,0,0,0,0,0,0,0,0,0,0,0,0,0,0,0,0,0,0,0,0,0,0,0,0,0,0,0,0
145=51372,3.47,71.2,0,0,0,0,0,0,763.828,0,71.5,70.7,70.8,82,0.1,3.47,3.46,3.61,3.61,0,0,8.6,0,0,0,0,0,0,0,0,0,0,0,0,0,0,0,0,0,0,0,0,0,0,0,0,0,0,0,0,0
146=51372,3.47,71.2,0,0,0,0,0,0,763.828,0,71.5,70.7,70.8,82,0.1,3.47,3.46,3.61,3.61,0,0,8.6,0,0,0,0,0,0,0,0,0,0,0,0,0,0,0,0,0,0,0,0,0,0,0,0,0,0,0,0,0
147=51791,3.39,72.2,0,0,0,0,0,0,763.828,0,72.4,71.9,71.9,86.2,0.1,3.39,3.4,3.49,3.49,0,0,9.2,0,0,0,0,0,0,0,0,0,0,0,0,0,0,0,0,0,0,0,0,0,0,0,0,0,0,0,0,0
148=51791,3.39,72.2,0,0,0,0,0,0,763.828,0,72.4,71.9,71.9,86.2,0.1,3.39,3.4,3.49,3.49,0,0,9.2,0,0,0,0,0,0,0,0,0,0,0,0,0,0,0,0,0,0,0,0,0,0,0,0,0,0,0,0,0
149=52185,3.25,73.4,0,0,0,0,0,0,763.828,0,73.5,73.2,73.2,90.5,0.1,3.25,3.27,3.32,3.32,0,0,9.9,0,0,0,0,0,0,0,0,0,0,0,0,0,0,0,0,0,0,0,0,0,0,0,0,0,0,0,0,0
150=52185,3.25,73.4,0,0,0,0,0,0,763.828,0,73.5,73.2,73.2,90.5,0.1,3.25,3.27,3.32,3.32,0,0,9.9,0,0,0,0,0,0,0,0,0,0,0,0,0,0,0,0,0,0,0,0,0,0,0,0,0,0,0,0,0
151=52601,3.06,74.8,0,0,0,0,0,0,763.828,0,74.8,74.7,74.7,94.8,0.1,3.06,3.09,3.1,3.09,0,0,10.6,0,0,0,0,0,0,0,0,0,0,0,0,0,0,0,0,0,0,0,0,0,0,0,0,0,0,0,0,0
152=52601,3.06,74.8,0,0,0,0,0,0,763.828,0,74.8,74.7,74.7,94.8,0.1,3.06,3.09,3.1,3.09,0,0,10.6,0,0,0,0,0,0,0,0,0,0,0,0,0,0,0,0,0,0,0,0,0,0,0,0,0,0,0,0,0
153=52997,2.82,76.4,0,0,0,0,0,0,763.828,0,76.4,76.5,76.5,99.2,0.1,2.82,2.85,2.83,2.81,0,0,11.2,0,0,0,0,0,0,0,0,0,0,0,0,0,0,0,0,0,0,0,0,0,0,0,0,0,0,0,0,0
154=52997,2.82,76.4,0,0,0,0,0,0,763.828,0,76.4,76.5,76.5,99.2,0.1,2.82,2.85,2.83,2.81,0,0,11.2,0,0,0,0,0,0,0,0,0,0,0,0,0,0,0,0,0,0,0,0,0,0,0,0,0,0,0,0,0
155=53406,2.55,78.2,0,0,0,0,0,0,763.828,0,78.1,78.4,78.4,103.3,0.1,2.55,2.58,2.53,2.51,0,0,11.7,0,0,0,0,0,0,0,0,0,0,0,0,0,0,0,0,0,0,0,0,0,0,0,0,0,0,0,0,0
156=53406,2.55,78.2,0,0,0,0,0,0,763.828,0,78.1,78.4,78.4,103.3,0.1,2.55,2.58,2.53,2.51,0,0,11.7,0,0,0,0,0,0,0,0,0,0,0,0,0,0,0,0,0,0,0,0,0,0,0,0,0,0,0,0,0
157=53840,2.23,80.2,0,0,0,0,0,0,763.828,0,80.1,80.6,80.6,107.3,0.1,2.23,2.24,2.18,2.15,0,0,12.3,0,0,0,0,0,0,0,0,0,0,0,0,0,0,0,0,0,0,0,0,0,0,0,0,0,0,0,0,0
158=53840,2.23,80.2,0,0,0,0,0,0,763.828,0,80.1,80.6,80.6,107.3,0.1,2.23,2.24,2.18,2.15,0,0,12.3,0,0,0,0,0,0,0,0,0,0,0,0,0,0,0,0,0,0,0,0,0,0,0,0,0,0,0,0,0
159=54223,1.81,82.9,0,0,0,0,0,0,763.828,0,82.8,83.4,83.4,111.7,0.1,1.81,1.8,1.74,1.69,0,0,12.7,0,0,0,0,0,0,0,0,0,0,0,0,0,0,0,0,0,0,0,0,0,0,0,0,0,0,0,0,0
160=54223,1.81,82.9,0,0,0,0,0,0,763.828,0,82.8,83.4,83.4,111.7,0.1,1.81,1.8,1.74,1.69,0,0,12.7,0,0,0,0,0,0,0,0,0,0,0,0,0,0,0,0,0,0,0,0,0,0,0,0,0,0,0,0,0
161=54631,1.42,85.5,0,0,0,0,0,0,763.828,0,85.3,86,86.1,115.2,0.1,1.42,1.38,1.33,1.27,0,0,12.9,0,0,0,0,0,0,0,0,0,0,0,0,0,0,0,0,0,0,0,0,0,0,0,0,0,0,0,0,0
162=54631,1.42,85.5,0,0,0,0,0,0,763.828,0,85.3,86,86.1,115.2,0.1,1.42,1.38,1.33,1.27,0,0,12.9,0,0,0,0,0,0,0,0,0,0,0,0,0,0,0,0,0,0,0,0,0,0,0,0,0,0,0,0,0
163=55041,1.02,88.1,0,0,0,0,0,0,763.828,0,88,88.7,88.9,118.2,0.1,1.02,0.95,0.92,0.85,0,0,13,0,0,0,0,0,0,0,0,0,0,0,0,0,0,0,0,0,0,0,0,0,0,0,0,0,0,0,0,0
164=55041,1.02,88.1,0,0,0,0,0,0,763.828,0,88,88.7,88.9,118.2,0.1,1.02,0.95,0.92,0.85,0,0,13,0,0,0,0,0,0,0,0,0,0,0,0,0,0,0,0,0,0,0,0,0,0,0,0,0,0,0,0,0
165=55438,0.64,90.7,0,0,0,0,0,0,763.828,0,90.6,91.4,91.6,120.6,0.1,0.64,0.54,0.53,0.45,0,0,13,0,0,0,0,0,0,0,0,0,0,0,0,0,0,0,0,0,0,0,0,0,0,0,0,0,0,0,0,0
166=55438,0.64,90.7,0,0,0,0,0,0,763.828,0,90.6,91.4,91.6,120.6,0.1,0.64,0.54,0.53,0.45,0,0,13,0,0,0,0,0,0,0,0,0,0,0,0,0,0,0,0,0,0,0,0,0,0,0,0,0,0,0,0,0
167=55856,0.25,93.5,0,0,0,0,0,0,763.828,0,93.5,94.2,94.4,122.7,0.1,0.25,0.12,0.13,0.05,0,0,13.1,0,0,0,0,0,0,0,0,0,0,0,0,0,0,0,0,0,0,0,0,0,0,0,0,0,0,0,0,0
168=55856,0.25,93.5,0,0,0,0,0,0,763.828,0,93.5,94.2,94.4,122.7,0.1,0.25,0.12,0.13,0.05,0,0,13.1,0,0,0,0,0,0,0,0,0,0,0,0,0,0,0,0,0,0,0,0,0,0,0,0,0,0,0,0,0
169=56249,0,96.1,0,0,0,0,0,0,763.828,0,96.2,96.9,97.1,124.3,0.1,0,0,0,0,0,0,13.1,0,0,0,0,0,0,0,0,0,0,0,0,0,0,0,0,0,0,0,0,0,0,0,0,0,0,0,0,0
170=56249,0,96.1,0,0,0,0,0,0,763.828,0,96.2,96.9,97.1,124.3,0.1,0,0,0,0,0,0,13.1,0,0,0,0,0,0,0,0,0,0,0,0,0,0,0,0,0,0,0,0,0,0,0,0,0,0,0,0,0
171=56658,0,98.8,0,0,0,0,0,0,763.828,0,98.9,99.6,99.8,125.7,0.1,0,0,0,0,0,0,13.1,0,0,0,0,0,0,0,0,0,0,0,0,0,0,0,0,0,0,0,0,0,0,0,0,0,0,0,0,0
172=56658,0,98.8,0,0,0,0,0,0,763.828,0,98.9,99.6,99.8,125.7,0.1,0,0,0,0,0,0,13.1,0,0,0,0,0,0,0,0,0,0,0,0,0,0,0,0,0,0,0,0,0,0,0,0,0,0,0,0,0
173=57062,0,101.5,0,0,0,0,0,0,763.828,0,101.7,102.3,102.5,126.8,0.1,0,0,0,0,0,0,13.1,0,0,0,0,0,0,0,0,0,0,0,0,0,0,0,0,0,0,0,0,0,0,0,0,0,0,0,0,0
174=57062,0,101.5,0,0,0,0,0,0,763.828,0,101.7,102.3,102.5,126.8,0.1,0,0,0,0,0,0,13.1,0,0,0,0,0,0,0,0,0,0,0,0,0,0,0,0,0,0,0,0,0,0,0,0,0,0,0,0,0
175=57470,0,104,0,0,0,0,0,0,763.828,0,104.3,104.8,105,127.6,0.1,0,0,0,0,0,0,12.9,0,0,0,0,0,0,0,0,0,0,0,0,0,0,0,0,0,0,0,0,0,0,0,0,0,0,0,0,0
176=57470,0,104,0,0,0,0,0,0,763.828,0,104.3,104.8,105,127.6,0.1,0,0,0,0,0,0,12.9,0,0,0,0,0,0,0,0,0,0,0,0,0,0,0,0,0,0,0,0,0,0,0,0,0,0,0,0,0
177=57873,0,106.5,0,0,0,0,0,0,763.828,0,106.8,107.3,107.5,128.4,0.1,0,0,0,0,0,0,12.6,0,0,0,0,0,0,0,0,0,0,0,0,0,0,0,0,0,0,0,0,0,0,0,0,0,0,0,0,0
178=57873,0,106.5,0,0,0,0,0,0,763.828,0,106.8,107.3,107.5,128.4,0.1,0,0,0,0,0,0,12.6,0,0,0,0,0,0,0,0,0,0,0,0,0,0,0,0,0,0,0,0,0,0,0,0,0,0,0,0,0
179=58290,0,109,0,0,0,0,0,0,763.828,0,109.4,109.8,110,129,0.1,0,0,0,0,0,0,12.3,0,0,0,0,0,0,0,0,0,0,0,0,0,0,0,0,0,0,0,0,0,0,0,0,0,0,0,0,0
180=58290,0,109,0,0,0,0,0,0,763.828,0,109.4,109.8,110,129,0.1,0,0,0,0,0,0,12.3,0,0,0,0,0,0,0,0,0,0,0,0,0,0,0,0,0,0,0,0,0,0,0,0,0,0,0,0,0
181=58686,0,111.3,0,0,0,0,0,0,763.828,0,111.7,112,112.2,129.4,0.1,0,0,0,0,0,0,12.2,0,0,0,0,0,0,0,0,0,0,0,0,0,0,0,0,0,0,0,0,0,0,0,0,0,0,0,0,0
182=58686,0,111.3,0,0,0,0,0,0,763.828,0,111.7,112,112.2,129.4,0.1,0,0,0,0,0,0,12.2,0,0,0,0,0,0,0,0,0,0,0,0,0,0,0,0,0,0,0,0,0,0,0,0,0,0,0,0,0
183=59094,0,113.6,0,0,0,0,0,0,763.828,0,114.1,114.3,114.4,129.8,0.1,0,0,0,0,0,0,11.9,0,0,0,0,0,0,0,0,0,0,0,0,0,0,0,0,0,0,0,0,0,0,0,0,0,0,0,0,0
184=59094,0,113.6,0,0,0,0,0,0,763.828,0,114.1,114.3,114.4,129.8,0.1,0,0,0,0,0,0,11.9,0,0,0,0,0,0,0,0,0,0,0,0,0,0,0,0,0,0,0,0,0,0,0,0,0,0,0,0,0
185=59506,0,115.8,0,0,0,0,0,0,763.828,0,116.3,116.5,116.6,130.2,0.1,0,0,0,0,0,0,11.5,0,0,0,0,0,0,0,0,0,0,0,0,0,0,0,0,0,0,0,0,0,0,0,0,0,0,0,0,0
186=59506,0,115.8,0,0,0,0,0,0,763.828,0,116.3,116.5,116.6,130.2,0.1,0,0,0,0,0,0,11.5,0,0,0,0,0,0,0,0,0,0,0,0,0,0,0,0,0,0,0,0,0,0,0,0,0,0,0,0,0
187=59913,0,117.9,0,0,0,0,0,0,763.828,0,118.5,118.6,118.6,130.4,0.1,0,0,0,0,0,0,11.3,0,0,0,0,0,0,0,0,0,0,0,0,0,0,0,0,0,0,0,0,0,0,0,0,0,0,0,0,0
188=59913,0,117.9,0,0,0,0,0,0,763.828,0,118.5,118.6,118.6,130.4,0.1,0,0,0,0,0,0,11.3,0,0,0,0,0,0,0,0,0,0,0,0,0,0,0,0,0,0,0,0,0,0,0,0,0,0,0,0,0
189=60324,0,120,0,0,0,0,0,0,763.828,0,120.5,120.6,120.5,130.6,0.1,0,0,0,0,0,0,11.1,0,0,0,0,0,0,0,0,0,0,0,0,0,0,0,0,0,0,0,0,0,0,0,0,0,0,0,0,0
190=60324,0,120,0,0,0,0,0,0,763.828,0,120.5,120.6,120.5,130.6,0.1,0,0,0,0,0,0,11.1,0,0,0,0,0,0,0,0,0,0,0,0,0,0,0,0,0,0,0,0,0,0,0,0,0,0,0,0,0
191=60721,0,121.8,0,0,0,0,0,0,763.828,0,122.4,122.4,122.3,130.8,0.1,0,0,0,0,0,0,10.7,0,0,0,0,0,0,0,0,0,0,0,0,0,0,0,0,0,0,0,0,0,0,0,0,0,0,0,0,0
192=60721,0,121.8,0,0,0,0,0,0,763.828,0,122.4,122.4,122.3,130.8,0.1,0,0,0,0,0,0,10.7,0,0,0,0,0,0,0,0,0,0,0,0,0,0,0,0,0,0,0,0,0,0,0,0,0,0,0,0,0
193=61121,0,123.6,0,0,0,0,0,0,763.828,0,124.1,124.2,124,130.9,0.1,0,0,0,0,0,0,10.4,0,0,0,0,0,0,0,0,0,0,0,0,0,0,0,0,0,0,0,0,0,0,0,0,0,0,0,0,0
194=61121,0,123.6,0,0,0,0,0,0,763.828,0,124.1,124.2,124,130.9,0.1,0,0,0,0,0,0,10.4,0,0,0,0,0,0,0,0,0,0,0,0,0,0,0,0,0,0,0,0,0,0,0,0,0,0,0,0,0
195=61543,0,125.3,0,0,0,0,0,0,763.828,0,125.9,125.9,125.6,131,0.1,0,0,0,0,0,0,10.3,0,0,0,0,0,0,0,0,0,0,0,0,0,0,0,0,0,0,0,0,0,0,0,0,0,0,0,0,0
196=61543,0,125.3,0,0,0,0,0,0,763.828,0,125.9,125.9,125.6,131,0.1,0,0,0,0,0,0,10.3,0,0,0,0,0,0,0,0,0,0,0,0,0,0,0,0,0,0,0,0,0,0,0,0,0,0,0,0,0
197=61941,0,126.9,0,0,0,0,0,0,763.828,0,127.4,127.5,127.1,131.1,0.1,0,0,0,0,0,0,10.2,0,0,0,0,0,0,0,0,0,0,0,0,0,0,0,0,0,0,0,0,0,0,0,0,0,0,0,0,0
198=61941,0,126.9,0,0,0,0,0,0,763.828,0,127.4,127.5,127.1,131.1,0.1,0,0,0,0,0,0,10.2,0,0,0,0,0,0,0,0,0,0,0,0,0,0,0,0,0,0,0,0,0,0,0,0,0,0,0,0,0
199=62345,0,128.4,0,0,0,0,0,0,763.828,0,128.9,129,128.6,131.2,0.1,0,0,0,0,0,0,9.9,0,0,0,0,0,0,0,0,0,0,0,0,0,0,0,0,0,0,0,0,0,0,0,0,0,0,0,0,0
200=62345,0,128.4,0,0,0,0,0,0,763.828,0,128.9,129,128.6,131.2,0.1,0,0,0,0,0,0,9.9,0,0,0,0,0,0,0,0,0,0,0,0,0,0,0,0,0,0,0,0,0,0,0,0,0,0,0,0,0
201=62753,0,129.7,0,0,0,0,0,0,763.828,0,130.3,130.3,129.8,131.2,0.1,0,0,0,0,0,0,9.6,0,0,0,0,0,0,0,0,0,0,0,0,0,0,0,0,0,0,0,0,0,0,0,0,0,0,0,0,0
202=62753,0,129.7,0,0,0,0,0,0,763.828,0,130.3,130.3,129.8,131.2,0.1,0,0,0,0,0,0,9.6,0,0,0,0,0,0,0,0,0,0,0,0,0,0,0,0,0,0,0,0,0,0,0,0,0,0,0,0,0
203=62753,0,129.7,0,0,0,0,0,0,763.828,0,130.3,130.3,129.8,131.2,0.1,0,0,0,0,0,0,9.6,0,0,0,0,0,0,0,0,0,0,0,0,0,0,0,0,0,0,0,0,0,0,0,0,0,0,0,0,0
204=80387,0,141.6,0,0,0,0,0,0,763.828,0,142.5,142.7,141.1,126.8,0.1,0,0,0,0,0,0,7.2,0,0,0,0,0,0,0,0,0,0,0,0,0,0,0,0,0,0,0,0,0,0,0,0,0,0,0,0,0
205=80387,0,141.6,0,0,0,0,0,0,763.828,0,142.5,142.7,141.1,126.8,0.1,0,0,0,0,0,0,7.2,0,0,0,0,0,0,0,0,0,0,0,0,0,0,0,0,0,0,0,0,0,0,0,0,0,0,0,0,0
206=80722,0,141.5,0,0,0,0,0,0,763.828,0,142.4,142.6,141,126.7,0.1,0,0,0,0,0,0,7.2,0,0,0,0,0,0,0,0,0,0,0,0,0,0,0,0,0,0,0,0,0,0,0,0,0,0,0,0,0
207=80722,0,141.5,0,0,0,0,0,0,763.828,0,142.4,142.6,141,126.7,0.1,0,0,0,0,0,0,7.2,0,0,0,0,0,0,0,0,0,0,0,0,0,0,0,0,0,0,0,0,0,0,0,0,0,0,0,0,0
208=81040,0,141.2,0,0,0,0,0,0,763.828,0,142.2,142.4,140.8,126.5,0.1,0,0,0,0,0,0,7.2,0,0,0,0,0,0,0,0,0,0,0,0,0,0,0,0,0,0,0,0,0,0,0,0,0,0,0,0,0
209=81040,0,141.2,0,0,0,0,0,0,763.828,0,142.2,142.4,140.8,126.5,0.1,0,0,0,0,0,0,7.2,0,0,0,0,0,0,0,0,0,0,0,0,0,0,0,0,0,0,0,0,0,0,0,0,0,0,0,0,0
210=81456,0,141.2,0,0,0,0,0,0,763.828,0,142.2,142.4,140.8,126.5,0.1,0,0,0,0,0,0,7.2,0,0,0,0,0,0,0,0,0,0,0,0,0,0,0,0,0,0,0,0,0,0,0,0,0,0,0,0,0
211=81456,0,141.2,0,0,0,0,0,0,763.828,0,142.2,142.4,140.8,126.5,0.1,0,0,0,0,0,0,7.2,0,0,0,0,0,0,0,0,0,0,0,0,0,0,0,0,0,0,0,0,0,0,0,0,0,0,0,0,0
212=81790,0,140.9,0,0,0,0,0,0,763.828,0,141.9,142.1,140.5,126.3,0.1,0,0,0,0,0,0,7.2,0,0,0,0,0,0,0,0,0,0,0,0,0,0,0,0,0,0,0,0,0,0,0,0,0,0,0,0,0
213=81790,0,140.9,0,0,0,0,0,0,763.828,0,141.9,142.1,140.5,126.3,0.1,0,0,0,0,0,0,7.2,0,0,0,0,0,0,0,0,0,0,0,0,0,0,0,0,0,0,0,0,0,0,0,0,0,0,0,0,0
214=82138,0,140.9,0,0,0,0,0,0,763.828,0,141.9,142.1,140.5,126.3,0.1,0,0,0,0,0,0,7.2,0,0,0,0,0,0,0,0,0,0,0,0,0,0,0,0,0,0,0,0,0,0,0,0,0,0,0,0,0
215=82138,0,140.9,0,0,0,0,0,0,763.828,0,141.9,142.1,140.5,126.3,0.1,0,0,0,0,0,0,7.2,0,0,0,0,0,0,0,0,0,0,0,0,0,0,0,0,0,0,0,0,0,0,0,0,0,0,0,0,0
216=82448,0,140.7,0,0,0,0,0,0,763.828,0,141.8,141.9,140.3,126.1,0.1,0,0,0,0,0,0,7.2,0,0,0,0,0,0,0,0,0,0,0,0,0,0,0,0,0,0,0,0,0,0,0,0,0,0,0,0,0
217=82448,0,140.7,0,0,0,0,0,0,763.828,0,141.8,141.9,140.3,126.1,0.1,0,0,0,0,0,0,7.2,0,0,0,0,0,0,0,0,0,0,0,0,0,0,0,0,0,0,0,0,0,0,0,0,0,0,0,0,0
218=82792,0,140.5,0,0,0,0,0,0,763.828,0,141.6,141.7,140.2,126,0.1,0,0,0,0,0,0,7.2,0,0,0,0,0,0,0,0,0,0,0,0,0,0,0,0,0,0,0,0,0,0,0,0,0,0,0,0,0
219=82792,0,140.5,0,0,0,0,0,0,763.828,0,141.6,141.7,140.2,126,0.1,0,0,0,0,0,0,7.2,0,0,0,0,0,0,0,0,0,0,0,0,0,0,0,0,0,0,0,0,0,0,0,0,0,0,0,0,0
220=83121,0,140.3,0,0,0,0,0,0,763.828,0,141.5,141.5,140,125.8,0.1,0,0,0,0,0,0,7.2,0,0,0,0,0,0,0,0,0,0,0,0,0,0,0,0,0,0,0,0,0,0,0,0,0,0,0,0,0
221=83121,0,140.3,0,0,0,0,0,0,763.828,0,141.5,141.5,140,125.8,0.1,0,0,0,0,0,0,7.2,0,0,0,0,0,0,0,0,0,0,0,0,0,0,0,0,0,0,0,0,0,0,0,0,0,0,0,0,0
222=83441,0,140.3,0,0,0,0,0,0,763.828,0,141.5,141.5,140,125.8,0.1,0,0,0,0,0,0,7.2,0,0,0,0,0,0,0,0,0,0,0,0,0,0,0,0,0,0,0,0,0,0,0,0,0,0,0,0,0
223=83441,0,140.3,0,0,0,0,0,0,763.828,0,141.5,141.5,140,125.8,0.1,0,0,0,0,0,0,7.2,0,0,0,0,0,0,0,0,0,0,0,0,0,0,0,0,0,0,0,0,0,0,0,0,0,0,0,0,0
224=83774,0,140.1,0,0,0,0,0,0,763.828,0,141.3,141.3,139.8,125.7,0.1,0,0,0,0,0,0,7.1,0,0,0,0,0,0,0,0,0,0,0,0,0,0,0,0,0,0,0,0,0,0,0,0,0,0,0,0,0
225=83774,0,140.1,0,0,0,0,0,0,763.828,0,141.3,141.3,139.8,125.7,0.1,0,0,0,0,0,0,7.1,0,0,0,0,0,0,0,0,0,0,0,0,0,0,0,0,0,0,0,0,0,0,0,0,0,0,0,0,0
226=84175,0,139.9,0,0,0,0,0,0,763.828,0,141.1,141.2,139.7,125.5,0.1,0,0,0,0,0,0,7.1,0,0,0,0,0,0,0,0,0,0,0,0,0,0,0,0,0,0,0,0,0,0,0,0,0,0,0,0,0
227=84175,0,139.9,0,0,0,0,0,0,763.828,0,141.1,141.2,139.7,125.5,0.1,0,0,0,0,0,0,7.1,0,0,0,0,0,0,0,0,0,0,0,0,0,0,0,0,0,0,0,0,0,0,0,0,0,0,0,0,0
228=84507,0,139.6,0,0,0,0,0,0,763.828,0,140.8,140.8,139.3,125.3,0.1,0,0,0,0,0,0,7.1,0,0,0,0,0,0,0,0,0,0,0,0,0,0,0,0,0,0,0,0,0,0,0,0,0,0,0,0,0
229=84507,0,139.6,0,0,0,0,0,0,763.828,0,140.8,140.8,139.3,125.3,0.1,0,0,0,0,0,0,7.1,0,0,0,0,0,0,0,0,0,0,0,0,0,0,0,0,0,0,0,0,0,0,0,0,0,0,0,0,0
230=84844,0,139.4,0,0,0,0,0,0,763.828,0,140.7,140.7,139.2,125.2,0.1,0,0,0,0,0,0,7.1,0,0,0,0,0,0,0,0,0,0,0,0,0,0,0,0,0,0,0,0,0,0,0,0,0,0,0,0,0
231=84844,0,139.4,0,0,0,0,0,0,763.828,0,140.7,140.7,139.2,125.2,0.1,0,0,0,0,0,0,7.1,0,0,0,0,0,0,0,0,0,0,0,0,0,0,0,0,0,0,0,0,0,0,0,0,0,0,0,0,0
232=85175,0,139.4,0,0,0,0,0,0,763.828,0,140.7,140.7,139.2,125.2,0.1,0,0,0,0,0,0,7.1,0,0,0,0,0,0,0,0,0,0,0,0,0,0,0,0,0,0,0,0,0,0,0,0,0,0,0,0,0
233=85175,0,139.4,0,0,0,0,0,0,763.828,0,140.7,140.7,139.2,125.2,0.1,0,0,0,0,0,0,7.1,0,0,0,0,0,0,0,0,0,0,0,0,0,0,0,0,0,0,0,0,0,0,0,0,0,0,0,0,0
234=85509,0,139.2,0,0,0,0,0,0,763.828,0,140.5,140.5,139,125,0.1,0,0,0,0,0,0,7.2,0,0,0,0,0,0,0,0,0,0,0,0,0,0,0,0,0,0,0,0,0,0,0,0,0,0,0,0,0
235=85509,0,139.2,0,0,0,0,0,0,763.828,0,140.5,140.5,139,125,0.1,0,0,0,0,0,0,7.2,0,0,0,0,0,0,0,0,0,0,0,0,0,0,0,0,0,0,0,0,0,0,0,0,0,0,0,0,0
236=85909,0,139,0,0,0,0,0,0,763.828,0,140.3,140.3,138.9,124.8,0.1,0,0,0,0,0,0,7.2,0,0,0,0,0,0,0,0,0,0,0,0,0,0,0,0,0,0,0,0,0,0,0,0,0,0,0,0,0
237=85909,0,139,0,0,0,0,0,0,763.828,0,140.3,140.3,138.9,124.8,0.1,0,0,0,0,0,0,7.2,0,0,0,0,0,0,0,0,0,0,0,0,0,0,0,0,0,0,0,0,0,0,0,0,0,0,0,0,0
238=86222,0,138.8,0,0,0,0,0,0,763.828,0,140.2,140.1,138.7,124.8,0.1,0,0,0,0,0,0,7.2,0,0,0,0,0,0,0,0,0,0,0,0,0,0,0,0,0,0,0,0,0,0,0,0,0,0,0,0,0
239=86222,0,138.8,0,0,0,0,0,0,763.828,0,140.2,140.1,138.7,124.8,0.1,0,0,0,0,0,0,7.2,0,0,0,0,0,0,0,0,0,0,0,0,0,0,0,0,0,0,0,0,0,0,0,0,0,0,0,0,0
240=86576,0,138.6,0,0,0,0,0,0,763.828,0,140,139.9,138.5,124.6,0.1,0,0,0,0,0,0,7.2,0,0,0,0,0,0,0,0,0,0,0,0,0,0,0,0,0,0,0,0,0,0,0,0,0,0,0,0,0
241=86576,0,138.6,0,0,0,0,0,0,763.828,0,140,139.9,138.5,124.6,0.1,0,0,0,0,0,0,7.2,0,0,0,0,0,0,0,0,0,0,0,0,0,0,0,0,0,0,0,0,0,0,0,0,0,0,0,0,0
242=86910,0,138.4,0,0,0,0,0,0,763.828,0,139.8,139.7,138.3,124.4,0.1,0,0,0,0,0,0,7.2,0,0,0,0,0,0,0,0,0,0,0,0,0,0,0,0,0,0,0,0,0,0,0,0,0,0,0,0,0
243=86910,0,138.4,0,0,0,0,0,0,763.828,0,139.8,139.7,138.3,124.4,0.1,0,0,0,0,0,0,7.2,0,0,0,0,0,0,0,0,0,0,0,0,0,0,0,0,0,0,0,0,0,0,0,0,0,0,0,0,0
244=87243,0,138.1,0,0,0,0,0,0,763.828,0,139.6,139.5,138.1,124.3,0.1,0,0,0,0,0,0,7.2,0,0,0,0,0,0,0,0,0,0,0,0,0,0,0,0,0,0,0,0,0,0,0,0,0,0,0,0,0
245=87243,0,138.1,0,0,0,0,0,0,763.828,0,139.6,139.5,138.1,124.3,0.1,0,0,0,0,0,0,7.2,0,0,0,0,0,0,0,0,0,0,0,0,0,0,0,0,0,0,0,0,0,0,0,0,0,0,0,0,0
246=87576,0,138,0,0,0,0,0,0,763.828,0,139.4,139.3,137.9,124.3,0.1,0,0,0,0,0,0,7.2,0,0,0,0,0,0,0,0,0,0,0,0,0,0,0,0,0,0,0,0,0,0,0,0,0,0,0,0,0
247=87576,0,138,0,0,0,0,0,0,763.828,0,139.4,139.3,137.9,124.3,0.1,0,0,0,0,0,0,7.2,0,0,0,0,0,0,0,0,0,0,0,0,0,0,0,0,0,0,0,0,0,0,0,0,0,0,0,0,0
248=87910,0,138,0,0,0,0,0,0,763.828,0,139.4,139.3,137.9,124.1,0.1,0,0,0,0,0,0,7.2,0,0,0,0,0,0,0,0,0,0,0,0,0,0,0,0,0,0,0,0,0,0,0,0,0,0,0,0,0
249=87910,0,138,0,0,0,0,0,0,763.828,0,139.4,139.3,137.9,124.1,0.1,0,0,0,0,0,0,7.2,0,0,0,0,0,0,0,0,0,0,0,0,0,0,0,0,0,0,0,0,0,0,0,0,0,0,0,0,0
250=88244,0,137.7,0,0,0,0,0,0,763.828,0,139.2,139.1,137.7,124,0.1,0,0,0,0,0,0,7.2,0,0,0,0,0,0,0,0,0,0,0,0,0,0,0,0,0,0,0,0,0,0,0,0,0,0,0,0,0
251=88244,0,137.7,0,0,0,0,0,0,763.828,0,139.2,139.1,137.7,124,0.1,0,0,0,0,0,0,7.2,0,0,0,0,0,0,0,0,0,0,0,0,0,0,0,0,0,0,0,0,0,0,0,0,0,0,0,0,0
252=88627,0,137.5,0,0,0,0,0,0,763.828,0,139,138.9,137.5,123.8,0.1,0,0,0,0,0,0,7.2,0,0,0,0,0,0,0,0,0,0,0,0,0,0,0,0,0,0,0,0,0,0,0,0,0,0,0,0,0
253=88627,0,137.5,0,0,0,0,0,0,763.828,0,139,138.9,137.5,123.8,0.1,0,0,0,0,0,0,7.2,0,0,0,0,0,0,0,0,0,0,0,0,0,0,0,0,0,0,0,0,0,0,0,0,0,0,0,0,0
254=88979,0,137.3,0,0,0,0,0,0,763.828,0,138.8,138.7,137.3,123.7,0.1,0,0,0,0,0,0,7.2,0,0,0,0,0,0,0,0,0,0,0,0,0,0,0,0,0,0,0,0,0,0,0,0,0,0,0,0,0
255=88979,0,137.3,0,0,0,0,0,0,763.828,0,138.8,138.7,137.3,123.7,0.1,0,0,0,0,0,0,7.2,0,0,0,0,0,0,0,0,0,0,0,0,0,0,0,0,0,0,0,0,0,0,0,0,0,0,0,0,0
256=89328,0,137,0,0,0,0,0,0,763.828,0,138.6,138.4,137.1,123.5,0.1,0,0,0,0,0,0,7.2,0,0,0,0,0,0,0,0,0,0,0,0,0,0,0,0,0,0,0,0,0,0,0,0,0,0,0,0,0
257=89328,0,137,0,0,0,0,0,0,763.828,0,138.6,138.4,137.1,123.5,0.1,0,0,0,0,0,0,7.2,0,0,0,0,0,0,0,0,0,0,0,0,0,0,0,0,0,0,0,0,0,0,0,0,0,0,0,0,0
258=89644,0,137,0,0,0,0,0,0,763.828,0,138.6,138.4,137.1,123.5,0.1,0,0,0,0,0,0,7.2,0,0,0,0,0,0,0,0,0,0,0,0,0,0,0,0,0,0,0,0,0,0,0,0,0,0,0,0,0
259=89644,0,137,0,0,0,0,0,0,763.828,0,138.6,138.4,137.1,123.5,0.1,0,0,0,0,0,0,7.2,0,0,0,0,0,0,0,0,0,0,0,0,0,0,0,0,0,0,0,0,0,0,0,0,0,0,0,0,0
260=89998,0,136.9,0,0,0,0,0,0,763.828,0,138.4,138.2,136.9,123.4,0.1,0,0,0,0,0,0,7.2,0,0,0,0,0,0,0,0,0,0,0,0,0,0,0,0,0,0,0,0,0,0,0,0,0,0,0,0,0
261=89998,0,136.9,0,0,0,0,0,0,763.828,0,138.4,138.2,136.9,123.4,0.1,0,0,0,0,0,0,7.2,0,0,0,0,0,0,0,0,0,0,0,0,0,0,0,0,0,0,0,0,0,0,0,0,0,0,0,0,0
262=90396,0,136.7,0,0,0,0,0,0,763.828,0,138.3,138.1,136.7,123.3,0.1,0,0,0,0,0,0,7.2,0,0,0,0,0,0,0,0,0,0,0,0,0,0,0,0,0,0,0,0,0,0,0,0,0,0,0,0,0
263=90396,0,136.7,0,0,0,0,0,0,763.828,0,138.3,138.1,136.7,123.3,0.1,0,0,0,0,0,0,7.2,0,0,0,0,0,0,0,0,0,0,0,0,0,0,0,0,0,0,0,0,0,0,0,0,0,0,0,0,0
264=90726,0,136.5,0,0,0,0,0,0,763.828,0,138.1,137.9,136.5,123.1,0.1,0,0,0,0,0,0,7.2,0,0,0,0,0,0,0,0,0,0,0,0,0,0,0,0,0,0,0,0,0,0,0,0,0,0,0,0,0
265=90726,0,136.5,0,0,0,0,0,0,763.828,0,138.1,137.9,136.5,123.1,0.1,0,0,0,0,0,0,7.2,0,0,0,0,0,0,0,0,0,0,0,0,0,0,0,0,0,0,0,0,0,0,0,0,0,0,0,0,0
266=91045,0,136.2,0,0,0,0,0,0,763.828,0,137.8,137.6,136.3,122.9,0.1,0,0,0,0,0,0,7.2,0,0,0,0,0,0,0,0,0,0,0,0,0,0,0,0,0,0,0,0,0,0,0,0,0,0,0,0,0
267=91045,0,136.2,0,0,0,0,0,0,763.828,0,137.8,137.6,136.3,122.9,0.1,0,0,0,0,0,0,7.2,0,0,0,0,0,0,0,0,0,0,0,0,0,0,0,0,0,0,0,0,0,0,0,0,0,0,0,0,0
268=91378,0,136,0,0,0,0,0,0,763.828,0,137.7,137.4,136.1,122.8,0.1,0,0,0,0,0,0,7.2,0,0,0,0,0,0,0,0,0,0,0,0,0,0,0,0,0,0,0,0,0,0,0,0,0,0,0,0,0
269=91378,0,136,0,0,0,0,0,0,763.828,0,137.7,137.4,136.1,122.8,0.1,0,0,0,0,0,0,7.2,0,0,0,0,0,0,0,0,0,0,0,0,0,0,0,0,0,0,0,0,0,0,0,0,0,0,0,0,0
270=91718,0,136,0,0,0,0,0,0,763.828,0,137.7,137.4,136.1,122.8,0.1,0,0,0,0,0,0,7.2,0,0,0,0,0,0,0,0,0,0,0,0,0,0,0,0,0,0,0,0,0,0,0,0,0,0,0,0,0
271=91718,0,136,0,0,0,0,0,0,763.828,0,137.7,137.4,136.1,122.8,0.1,0,0,0,0,0,0,7.2,0,0,0,0,0,0,0,0,0,0,0,0,0,0,0,0,0,0,0,0,0,0,0,0,0,0,0,0,0
272=92047,0,135.6,0,0,0,0,0,0,763.828,0,137.3,137,135.7,122.5,0.1,0,0,0,0,0,0,7.2,0,0,0,0,0,0,0,0,0,0,0,0,0,0,0,0,0,0,0,0,0,0,0,0,0,0,0,0,0
273=92047,0,135.6,0,0,0,0,0,0,763.828,0,137.3,137,135.7,122.5,0.1,0,0,0,0,0,0,7.2,0,0,0,0,0,0,0,0,0,0,0,0,0,0,0,0,0,0,0,0,0,0,0,0,0,0,0,0,0
274=92398,0,135.4,0,0,0,0,0,0,763.828,0,137.1,136.8,135.6,122.4,0.1,0,0,0,0,0,0,7.2,0,0,0,0,0,0,0,0,0,0,0,0,0,0,0,0,0,0,0,0,0,0,0,0,0,0,0,0,0
275=92398,0,135.4,0,0,0,0,0,0,763.828,0,137.1,136.8,135.6,122.4,0.1,0,0,0,0,0,0,7.2,0,0,0,0,0,0,0,0,0,0,0,0,0,0,0,0,0,0,0,0,0,0,0,0,0,0,0,0,0
276=92711,0,135.4,0,0,0,0,0,0,763.828,0,137.1,136.8,135.6,122.4,0.1,0,0,0,0,0,0,7.2,0,0,0,0,0,0,0,0,0,0,0,0,0,0,0,0,0,0,0,0,0,0,0,0,0,0,0,0,0
277=92711,0,135.4,0,0,0,0,0,0,763.828,0,137.1,136.8,135.6,122.4,0.1,0,0,0,0,0,0,7.2,0,0,0,0,0,0,0,0,0,0,0,0,0,0,0,0,0,0,0,0,0,0,0,0,0,0,0,0,0
278=93108,0,135.2,0,0,0,0,0,0,763.828,0,137,136.7,135.4,122.3,0.1,0,0,0,0,0,0,7.2,0,0,0,0,0,0,0,0,0,0,0,0,0,0,0,0,0,0,0,0,0,0,0,0,0,0,0,0,0
279=93108,0,135.2,0,0,0,0,0,0,763.828,0,137,136.7,135.4,122.3,0.1,0,0,0,0,0,0,7.2,0,0,0,0,0,0,0,0,0,0,0,0,0,0,0,0,0,0,0,0,0,0,0,0,0,0,0,0,0
280=93444,0,135,0,0,0,0,0,0,763.828,0,136.8,136.5,135.2,122.1,0.1,0,0,0,0,0,0,7.2,0,0,0,0,0,0,0,0,0,0,0,0,0,0,0,0,0,0,0,0,0,0,0,0,0,0,0,0,0
281=93444,0,135,0,0,0,0,0,0,763.828,0,136.8,136.5,135.2,122.1,0.1,0,0,0,0,0,0,7.2,0,0,0,0,0,0,0,0,0,0,0,0,0,0,0,0,0,0,0,0,0,0,0,0,0,0,0,0,0
282=93782,0,134.9,0,0,0,0,0,0,763.828,0,136.6,136.3,135.1,122,0.1,0,0,0,0,0,0,7.1,0,0,0,0,0,0,0,0,0,0,0,0,0,0,0,0,0,0,0,0,0,0,0,0,0,0,0,0,0
283=93782,0,134.9,0,0,0,0,0,0,763.828,0,136.6,136.3,135.1,122,0.1,0,0,0,0,0,0,7.1,0,0,0,0,0,0,0,0,0,0,0,0,0,0,0,0,0,0,0,0,0,0,0,0,0,0,0,0,0
284=94098,0,134.6,0,0,0,0,0,0,763.828,0,136.4,136,134.8,121.8,0.1,0,0,0,0,0,0,7.2,0,0,0,0,0,0,0,0,0,0,0,0,0,0,0,0,0,0,0,0,0,0,0,0,0,0,0,0,0
285=94098,0,134.6,0,0,0,0,0,0,763.828,0,136.4,136,134.8,121.8,0.1,0,0,0,0,0,0,7.2,0,0,0,0,0,0,0,0,0,0,0,0,0,0,0,0,0,0,0,0,0,0,0,0,0,0,0,0,0
286=94497,0,134.6,0,0,0,0,0,0,763.828,0,136.4,136,134.8,121.8,0.1,0,0,0,0,0,0,7.2,0,0,0,0,0,0,0,0,0,0,0,0,0,0,0,0,0,0,0,0,0,0,0,0,0,0,0,0,0
287=94497,0,134.6,0,0,0,0,0,0,763.828,0,136.4,136,134.8,121.8,0.1,0,0,0,0,0,0,7.2,0,0,0,0,0,0,0,0,0,0,0,0,0,0,0,0,0,0,0,0,0,0,0,0,0,0,0,0,0
288=94849,0,134.3,0,0,0,0,0,0,763.828,0,136.1,135.7,134.6,121.5,0.1,0,0,0,0,0,0,7.2,0,0,0,0,0,0,0,0,0,0,0,0,0,0,0,0,0,0,0,0,0,0,0,0,0,0,0,0,0
289=94849,0,134.3,0,0,0,0,0,0,763.828,0,136.1,135.7,134.6,121.5,0.1,0,0,0,0,0,0,7.2,0,0,0,0,0,0,0,0,0,0,0,0,0,0,0,0,0,0,0,0,0,0,0,0,0,0,0,0,0
290=95166,0,134.1,0,0,0,0,0,0,763.828,0,136,135.6,134.4,121.5,0.1,0,0,0,0,0,0,7.2,0,0,0,0,0,0,0,0,0,0,0,0,0,0,0,0,0,0,0,0,0,0,0,0,0,0,0,0,0
291=95166,0,134.1,0,0,0,0,0,0,763.828,0,136,135.6,134.4,121.5,0.1,0,0,0,0,0,0,7.2,0,0,0,0,0,0,0,0,0,0,0,0,0,0,0,0,0,0,0,0,0,0,0,0,0,0,0,0,0
292=95516,0,133.9,0,0,0,0,0,0,763.828,0,135.7,135.3,134.2,121.3,0.1,0,0,0,0,0,0,7.2,0,0,0,0,0,0,0,0,0,0,0,0,0,0,0,0,0,0,0,0,0,0,0,0,0,0,0,0,0
293=95516,0,133.9,0,0,0,0,0,0,763.828,0,135.7,135.3,134.2,121.3,0.1,0,0,0,0,0,0,7.2,0,0,0,0,0,0,0,0,0,0,0,0,0,0,0,0,0,0,0,0,0,0,0,0,0,0,0,0,0
294=95837,0,133.7,0,0,0,0,0,0,763.828,0,135.6,135.1,134,121.2,0.1,0,0,0,0,0,0,7.2,0,0,0,0,0,0,0,0,0,0,0,0,0,0,0,0,0,0,0,0,0,0,0,0,0,0,0,0,0
295=95837,0,133.7,0,0,0,0,0,0,763.828,0,135.6,135.1,134,121.2,0.1,0,0,0,0,0,0,7.2,0,0,0,0,0,0,0,0,0,0,0,0,0,0,0,0,0,0,0,0,0,0,0,0,0,0,0,0,0
296=96165,0,133.7,0,0,0,0,0,0,763.828,0,135.6,135.1,134,121.2,0.1,0,0,0,0,0,0,7.2,0,0,0,0,0,0,0,0,0,0,0,0,0,0,0,0,0,0,0,0,0,0,0,0,0,0,0,0,0
297=96165,0,133.7,0,0,0,0,0,0,763.828,0,135.6,135.1,134,121.2,0.1,0,0,0,0,0,0,7.2,0,0,0,0,0,0,0,0,0,0,0,0,0,0,0,0,0,0,0,0,0,0,0,0,0,0,0,0,0
298=96501,0,133.5,0,0,0,0,0,0,763.828,0,135.3,134.9,133.8,120.9,0.1,0,0,0,0,0,0,7.2,0,0,0,0,0,0,0,0,0,0,0,0,0,0,0,0,0,0,0,0,0,0,0,0,0,0,0,0,0
299=96501,0,133.5,0,0,0,0,0,0,763.828,0,135.3,134.9,133.8,120.9,0.1,0,0,0,0,0,0,7.2,0,0,0,0,0,0,0,0,0,0,0,0,0,0,0,0,0,0,0,0,0,0,0,0,0,0,0,0,0
300=96850,0,133.1,0,0,0,0,0,0,763.828,0,135,134.5,133.4,120.8,0.1,0,0,0,0,0,0,7.2,0,0,0,0,0,0,0,0,0,0,0,0,0,0,0,0,0,0,0,0,0,0,0,0,0,0,0,0,0
301=96850,0,133.1,0,0,0,0,0,0,763.828,0,135,134.5,133.4,120.8,0.1,0,0,0,0,0,0,7.2,0,0,0,0,0,0,0,0,0,0,0,0,0,0,0,0,0,0,0,0,0,0,0,0,0,0,0,0,0
302=97168,0,133.1,0,0,0,0,0,0,763.828,0,135,134.5,133.4,120.8,0.1,0,0,0,0,0,0,7.2,0,0,0,0,0,0,0,0,0,0,0,0,0,0,0,0,0,0,0,0,0,0,0,0,0,0,0,0,0
303=97168,0,133.1,0,0,0,0,0,0,763.828,0,135,134.5,133.4,120.8,0.1,0,0,0,0,0,0,7.2,0,0,0,0,0,0,0,0,0,0,0,0,0,0,0,0,0,0,0,0,0,0,0,0,0,0,0,0,0
304=97567,0,133,0,0,0,0,0,0,763.828,0,134.9,134.4,133.3,120.7,0.1,0,0,0,0,0,0,7.2,0,0,0,0,0,0,0,0,0,0,0,0,0,0,0,0,0,0,0,0,0,0,0,0,0,0,0,0,0
305=97567,0,133,0,0,0,0,0,0,763.828,0,134.9,134.4,133.3,120.7,0.1,0,0,0,0,0,0,7.2,0,0,0,0,0,0,0,0,0,0,0,0,0,0,0,0,0,0,0,0,0,0,0,0,0,0,0,0,0
306=97900,0,132.8,0,0,0,0,0,0,763.828,0,134.7,134.2,133.1,120.5,0.1,0,0,0,0,0,0,7.2,0,0,0,0,0,0,0,0,0,0,0,0,0,0,0,0,0,0,0,0,0,0,0,0,0,0,0,0,0
307=97900,0,132.8,0,0,0,0,0,0,763.828,0,134.7,134.2,133.1,120.5,0.1,0,0,0,0,0,0,7.2,0,0,0,0,0,0,0,0,0,0,0,0,0,0,0,0,0,0,0,0,0,0,0,0,0,0,0,0,0
308=98219,0,132.6,0,0,0,0,0,0,763.828,0,134.5,134,132.9,120.4,0.1,0,0,0,0,0,0,7.2,0,0,0,0,0,0,0,0,0,0,0,0,0,0,0,0,0,0,0,0,0,0,0,0,0,0,0,0,0
309=98219,0,132.6,0,0,0,0,0,0,763.828,0,134.5,134,132.9,120.4,0.1,0,0,0,0,0,0,7.2,0,0,0,0,0,0,0,0,0,0,0,0,0,0,0,0,0,0,0,0,0,0,0,0,0,0,0,0,0
310=98568,0,132.3,0,0,0,0,0,0,763.828,0,134.2,133.7,132.6,120.2,0.1,0,0,0,0,0,0,7.2,0,0,0,0,0,0,0,0,0,0,0,0,0,0,0,0,0,0,0,0,0,0,0,0,0,0,0,0,0
311=98568,0,132.3,0,0,0,0,0,0,763.828,0,134.2,133.7,132.6,120.2,0.1,0,0,0,0,0,0,7.2,0,0,0,0,0,0,0,0,0,0,0,0,0,0,0,0,0,0,0,0,0,0,0,0,0,0,0,0,0
312=98985,0,132.1,0,0,0,0,0,0,763.828,0,134,133.5,132.4,120,0.1,0,0,0,0,0,0,7.2,0,0,0,0,0,0,0,0,0,0,0,0,0,0,0,0,0,0,0,0,0,0,0,0,0,0,0,0,0
313=98985,0,132.1,0,0,0,0,0,0,763.828,0,134,133.5,132.4,120,0.1,0,0,0,0,0,0,7.2,0,0,0,0,0,0,0,0,0,0,0,0,0,0,0,0,0,0,0,0,0,0,0,0,0,0,0,0,0
314=99317,0,132.1,0,0,0,0,0,0,763.828,0,134,133.5,132.4,120,0.1,0,0,0,0,0,0,7.2,0,0,0,0,0,0,0,0,0,0,0,0,0,0,0,0,0,0,0,0,0,0,0,0,0,0,0,0,0
315=99317,0,132.1,0,0,0,0,0,0,763.828,0,134,133.5,132.4,120,0.1,0,0,0,0,0,0,7.2,0,0,0,0,0,0,0,0,0,0,0,0,0,0,0,0,0,0,0,0,0,0,0,0,0,0,0,0,0
316=99639,0,131.9,0,0,0,0,0,0,763.828,0,133.9,133.3,132.3,119.9,0.1,0,0,0,0,0,0,7.2,0,0,0,0,0,0,0,0,0,0,0,0,0,0,0,0,0,0,0,0,0,0,0,0,0,0,0,0,0
317=99639,0,131.9,0,0,0,0,0,0,763.828,0,133.9,133.3,132.3,119.9,0.1,0,0,0,0,0,0,7.2,0,0,0,0,0,0,0,0,0,0,0,0,0,0,0,0,0,0,0,0,0,0,0,0,0,0,0,0,0
318=99984,0,131.8,0,0,0,0,0,0,763.828,0,133.7,133.1,132.1,119.8,0.1,0,0,0,0,0,0,7.2,0,0,0,0,0,0,0,0,0,0,0,0,0,0,0,0,0,0,0,0,0,0,0,0,0,0,0,0,0
319=99984,0,131.8,0,0,0,0,0,0,763.828,0,133.7,133.1,132.1,119.8,0.1,0,0,0,0,0,0,7.2,0,0,0,0,0,0,0,0,0,0,0,0,0,0,0,0,0,0,0,0,0,0,0,0,0,0,0,0,0
320=100299,0,131.6,0,0,0,0,0,0,763.828,0,133.6,133,132,119.7,0.1,0,0,0,0,0,0,7.2,0,0,0,0,0,0,0,0,0,0,0,0,0,0,0,0,0,0,0,0,0,0,0,0,0,0,0,0,0
321=100299,0,131.6,0,0,0,0,0,0,763.828,0,133.6,133,132,119.7,0.1,0,0,0,0,0,0,7.2,0,0,0,0,0,0,0,0,0,0,0,0,0,0,0,0,0,0,0,0,0,0,0,0,0,0,0,0,0
322=100636,0,131.4,0,0,0,0,0,0,763.828,0,133.4,132.7,131.8,119.5,0.1,0,0,0,0,0,0,7.2,0,0,0,0,0,0,0,0,0,0,0,0,0,0,0,0,0,0,0,0,0,0,0,0,0,0,0,0,0
323=100636,0,131.4,0,0,0,0,0,0,763.828,0,133.4,132.7,131.8,119.5,0.1,0,0,0,0,0,0,7.2,0,0,0,0,0,0,0,0,0,0,0,0,0,0,0,0,0,0,0,0,0,0,0,0,0,0,0,0,0
324=100969,0,131.2,0,0,0,0,0,0,763.828,0,133.2,132.5,131.6,119.4,0.1,0,0,0,0,0,0,7,0,0,0,0,0,0,0,0,0,0,0,0,0,0,0,0,0,0,0,0,0,0,0,0,0,0,0,0,0
325=100969,0,131.2,0,0,0,0,0,0,763.828,0,133.2,132.5,131.6,119.4,0.1,0,0,0,0,0,0,7,0,0,0,0,0,0,0,0,0,0,0,0,0,0,0,0,0,0,0,0,0,0,0,0,0,0,0,0,0
326=101307,0,131.2,0,0,0,0,0,0,763.828,0,133.2,132.5,131.6,119.4,0.1,0,0,0,0,0,0,7,0,0,0,0,0,0,0,0,0,0,0,0,0,0,0,0,0,0,0,0,0,0,0,0,0,0,0,0,0
327=101307,0,131.2,0,0,0,0,0,0,763.828,0,133.2,132.5,131.6,119.4,0.1,0,0,0,0,0,0,7,0,0,0,0,0,0,0,0,0,0,0,0,0,0,0,0,0,0,0,0,0,0,0,0,0,0,0,0,0
328=101620,0,131,0,0,0,0,0,0,763.828,0,133,132.3,131.4,119.1,0.1,0,0,0,0,0,0,6.4,0,0,0,0,0,0,0,0,0,0,0,0,0,0,0,0,0,0,0,0,0,0,0,0,0,0,0,0,0
329=101620,0,131,0,0,0,0,0,0,763.828,0,133,132.3,131.4,119.1,0.1,0,0,0,0,0,0,6.4,0,0,0,0,0,0,0,0,0,0,0,0,0,0,0,0,0,0,0,0,0,0,0,0,0,0,0,0,0
330=102040,0,130.6,0,0,0,0,0,0,763.828,0,132.7,132,131,119,0.1,0,0,0,0,0,0,6.3,0,0,0,0,0,0,0,0,0,0,0,0,0,0,0,0,0,0,0,0,0,0,0,0,0,0,0,0,0
331=102040,0,130.6,0,0,0,0,0,0,763.828,0,132.7,132,131,119,0.1,0,0,0,0,0,0,6.3,0,0,0,0,0,0,0,0,0,0,0,0,0,0,0,0,0,0,0,0,0,0,0,0,0,0,0,0,0
332=102370,0,130.5,0,0,0,0,0,0,763.828,0,132.5,131.8,130.9,118.9,0.1,0,0,0,0,0,0,6.3,0,0,0,0,0,0,0,0,0,0,0,0,0,0,0,0,0,0,0,0,0,0,0,0,0,0,0,0,0
333=102370,0,130.5,0,0,0,0,0,0,763.828,0,132.5,131.8,130.9,118.9,0.1,0,0,0,0,0,0,6.3,0,0,0,0,0,0,0,0,0,0,0,0,0,0,0,0,0,0,0,0,0,0,0,0,0,0,0,0,0
334=102704,0,130.3,0,0,0,0,0,0,763.828,0,132.4,131.6,130.7,118.9,0.1,0,0,0,0,0,0,6.3,0,0,0,0,0,0,0,0,0,0,0,0,0,0,0,0,0,0,0,0,0,0,0,0,0,0,0,0,0
335=102704,0,130.3,0,0,0,0,0,0,763.828,0,132.4,131.6,130.7,118.9,0.1,0,0,0,0,0,0,6.3,0,0,0,0,0,0,0,0,0,0,0,0,0,0,0,0,0,0,0,0,0,0,0,0,0,0,0,0,0
336=103034,0,130.2,0,0,0,0,0,0,763.828,0,132.2,131.5,130.6,118.7,0.1,0,0,0,0,0,0,6.2,0,0,0,0,0,0,0,0,0,0,0,0,0,0,0,0,0,0,0,0,0,0,0,0,0,0,0,0,0
337=103034,0,130.2,0,0,0,0,0,0,763.828,0,132.2,131.5,130.6,118.7,0.1,0,0,0,0,0,0,6.2,0,0,0,0,0,0,0,0,0,0,0,0,0,0,0,0,0,0,0,0,0,0,0,0,0,0,0,0,0
338=103459,0,130,0,0,0,0,0,0,763.828,0,132,131.3,130.4,118.5,0.1,0,0,0,0,0,0,6.2,0,0,0,0,0,0,0,0,0,0,0,0,0,0,0,0,0,0,0,0,0,0,0,0,0,0,0,0,0
339=103459,0,130,0,0,0,0,0,0,763.828,0,132,131.3,130.4,118.5,0.1,0,0,0,0,0,0,6.2,0,0,0,0,0,0,0,0,0,0,0,0,0,0,0,0,0,0,0,0,0,0,0,0,0,0,0,0,0
340=103756,0,130,0,0,0,0,0,0,763.828,0,132,131.3,130.4,118.5,0.1,0,0,0,0,0,0,6.2,0,0,0,0,0,0,0,0,0,0,0,0,0,0,0,0,0,0,0,0,0,0,0,0,0,0,0,0,0
341=103756,0,130,0,0,0,0,0,0,763.828,0,132,131.3,130.4,118.5,0.1,0,0,0,0,0,0,6.2,0,0,0,0,0,0,0,0,0,0,0,0,0,0,0,0,0,0,0,0,0,0,0,0,0,0,0,0,0
342=104106,0,129.8,0,0,0,0,0,0,763.828,0,131.9,131.1,130.3,118.4,0.1,0,0,0,0,0,0,6.2,0,0,0,0,0,0,0,0,0,0,0,0,0,0,0,0,0,0,0,0,0,0,0,0,0,0,0,0,0
343=104106,0,129.8,0,0,0,0,0,0,763.828,0,131.9,131.1,130.3,118.4,0.1,0,0,0,0,0,0,6.2,0,0,0,0,0,0,0,0,0,0,0,0,0,0,0,0,0,0,0,0,0,0,0,0,0,0,0,0,0
344=104437,0,129.7,0,0,0,0,0,0,763.828,0,131.7,130.9,130.1,118.3,0.1,0,0,0,0,0,0,6.2,0,0,0,0,0,0,0,0,0,0,0,0,0,0,0,0,0,0,0,0,0,0,0,0,0,0,0,0,0
345=104437,0,129.7,0,0,0,0,0,0,763.828,0,131.7,130.9,130.1,118.3,0.1,0,0,0,0,0,0,6.2,0,0,0,0,0,0,0,0,0,0,0,0,0,0,0,0,0,0,0,0,0,0,0,0,0,0,0,0,0
346=104771,0,129.5,0,0,0,0,0,0,763.828,0,131.6,130.8,130,118.2,0.1,0,0,0,0,0,0,6.2,0,0,0,0,0,0,0,0,0,0,0,0,0,0,0,0,0,0,0,0,0,0,0,0,0,0,0,0,0
347=104771,0,129.5,0,0,0,0,0,0,763.828,0,131.6,130.8,130,118.2,0.1,0,0,0,0,0,0,6.2,0,0,0,0,0,0,0,0,0,0,0,0,0,0,0,0,0,0,0,0,0,0,0,0,0,0,0,0,0
348=105109,0,129.3,0,0,0,0,0,0,763.828,0,131.4,130.6,129.7,118,0.1,0,0,0,0,0,0,6.2,0,0,0,0,0,0,0,0,0,0,0,0,0,0,0,0,0,0,0,0,0,0,0,0,0,0,0,0,0
349=105109,0,129.3,0,0,0,0,0,0,763.828,0,131.4,130.6,129.7,118,0.1,0,0,0,0,0,0,6.2,0,0,0,0,0,0,0,0,0,0,0,0,0,0,0,0,0,0,0,0,0,0,0,0,0,0,0,0,0
350=105428,0,129.1,0,0,0,0,0,0,763.828,0,131.2,130.4,129.6,117.9,0.1,0,0,0,0,0,0,6.2,0,0,0,0,0,0,0,0,0,0,0,0,0,0,0,0,0,0,0,0,0,0,0,0,0,0,0,0,0
351=105428,0,129.1,0,0,0,0,0,0,763.828,0,131.2,130.4,129.6,117.9,0.1,0,0,0,0,0,0,6.2,0,0,0,0,0,0,0,0,0,0,0,0,0,0,0,0,0,0,0,0,0,0,0,0,0,0,0,0,0
352=105755,0,129.1,0,0,0,0,0,0,763.828,0,131.2,130.4,129.6,117.9,0.1,0,0,0,0,0,0,6.2,0,0,0,0,0,0,0,0,0,0,0,0,0,0,0,0,0,0,0,0,0,0,0,0,0,0,0,0,0
353=105755,0,129.1,0,0,0,0,0,0,763.828,0,131.2,130.4,129.6,117.9,0.1,0,0,0,0,0,0,6.2,0,0,0,0,0,0,0,0,0,0,0,0,0,0,0,0,0,0,0,0,0,0,0,0,0,0,0,0,0
354=106105,0,128.9,0,0,0,0,0,0,763.828,0,131,130.2,129.4,117.6,0.1,0,0,0,0,0,0,6.2,0,0,0,0,0,0,0,0,0,0,0,0,0,0,0,0,0,0,0,0,0,0,0,0,0,0,0,0,0
355=106105,0,128.9,0,0,0,0,0,0,763.828,0,131,130.2,129.4,117.6,0.1,0,0,0,0,0,0,6.2,0,0,0,0,0,0,0,0,0,0,0,0,0,0,0,0,0,0,0,0,0,0,0,0,0,0,0,0,0
356=106489,0,128.8,0,0,0,0,0,0,763.828,0,130.9,130,129.2,117.6,0.1,0,0,0,0,0,0,6.2,0,0,0,0,0,0,0,0,0,0,0,0,0,0,0,0,0,0,0,0,0,0,0,0,0,0,0,0,0
357=106489,0,128.8,0,0,0,0,0,0,763.828,0,130.9,130,129.2,117.6,0.1,0,0,0,0,0,0,6.2,0,0,0,0,0,0,0,0,0,0,0,0,0,0,0,0,0,0,0,0,0,0,0,0,0,0,0,0,0
358=106822,0,128.5,0,0,0,0,0,0,763.828,0,130.7,129.8,129,117.4,0.1,0,0,0,0,0,0,6.1,0,0,0,0,0,0,0,0,0,0,0,0,0,0,0,0,0,0,0,0,0,0,0,0,0,0,0,0,0
359=106822,0,128.5,0,0,0,0,0,0,763.828,0,130.7,129.8,129,117.4,0.1,0,0,0,0,0,0,6.1,0,0,0,0,0,0,0,0,0,0,0,0,0,0,0,0,0,0,0,0,0,0,0,0,0,0,0,0,0
360=107158,0,128.3,0,0,0,0,0,0,763.828,0,130.4,129.5,128.8,117.3,0.1,0,0,0,0,0,0,6.2,0,0,0,0,0,0,0,0,0,0,0,0,0,0,0,0,0,0,0,0,0,0,0,0,0,0,0,0,0
361=107158,0,128.3,0,0,0,0,0,0,763.828,0,130.4,129.5,128.8,117.3,0.1,0,0,0,0,0,0,6.2,0,0,0,0,0,0,0,0,0,0,0,0,0,0,0,0,0,0,0,0,0,0,0,0,0,0,0,0,0
362=107490,0,128.3,0,0,0,0,0,0,763.828,0,130.4,129.5,128.8,117.3,0.1,0,0,0,0,0,0,6.2,0,0,0,0,0,0,0,0,0,0,0,0,0,0,0,0,0,0,0,0,0,0,0,0,0,0,0,0,0
363=107490,0,128.3,0,0,0,0,0,0,763.828,0,130.4,129.5,128.8,117.3,0.1,0,0,0,0,0,0,6.2,0,0,0,0,0,0,0,0,0,0,0,0,0,0,0,0,0,0,0,0,0,0,0,0,0,0,0,0,0
364=107874,0,128.2,0,0,0,0,0,0,763.828,0,130.3,129.4,128.6,117.2,0.1,0,0,0,0,0,0,6.2,0,0,0,0,0,0,0,0,0,0,0,0,0,0,0,0,0,0,0,0,0,0,0,0,0,0,0,0,0
365=107874,0,128.2,0,0,0,0,0,0,763.828,0,130.3,129.4,128.6,117.2,0.1,0,0,0,0,0,0,6.2,0,0,0,0,0,0,0,0,0,0,0,0,0,0,0,0,0,0,0,0,0,0,0,0,0,0,0,0,0
366=108208,0,128,0,0,0,0,0,0,763.828,0,130.1,129.2,128.5,117,0.1,0,0,0,0,0,0,6.2,0,0,0,0,0,0,0,0,0,0,0,0,0,0,0,0,0,0,0,0,0,0,0,0,0,0,0,0,0
367=108208,0,128,0,0,0,0,0,0,763.828,0,130.1,129.2,128.5,117,0.1,0,0,0,0,0,0,6.2,0,0,0,0,0,0,0,0,0,0,0,0,0,0,0,0,0,0,0,0,0,0,0,0,0,0,0,0,0
368=108558,0,127.8,0,0,0,0,0,0,763.828,0,129.9,129,128.3,116.9,0.1,0,0,0,0,0,0,6.2,0,0,0,0,0,0,0,0,0,0,0,0,0,0,0,0,0,0,0,0,0,0,0,0,0,0,0,0,0
369=108558,0,127.8,0,0,0,0,0,0,763.828,0,129.9,129,128.3,116.9,0.1,0,0,0,0,0,0,6.2,0,0,0,0,0,0,0,0,0,0,0,0,0,0,0,0,0,0,0,0,0,0,0,0,0,0,0,0,0
370=108891,0,127.6,0,0,0,0,0,0,763.828,0,129.8,128.8,128.1,116.8,0.1,0,0,0,0,0,0,6.2,0,0,0,0,0,0,0,0,0,0,0,0,0,0,0,0,0,0,0,0,0,0,0,0,0,0,0,0,0
371=108891,0,127.6,0,0,0,0,0,0,763.828,0,129.8,128.8,128.1,116.8,0.1,0,0,0,0,0,0,6.2,0,0,0,0,0,0,0,0,0,0,0,0,0,0,0,0,0,0,0,0,0,0,0,0,0,0,0,0,0
372=109225,0,127.4,0,0,0,0,0,0,763.828,0,129.6,128.6,127.9,116.6,0.1,0,0,0,0,0,0,6.2,0,0,0,0,0,0,0,0,0,0,0,0,0,0,0,0,0,0,0,0,0,0,0,0,0,0,0,0,0
373=109225,0,127.4,0,0,0,0,0,0,763.828,0,129.6,128.6,127.9,116.6,0.1,0,0,0,0,0,0,6.2,0,0,0,0,0,0,0,0,0,0,0,0,0,0,0,0,0,0,0,0,0,0,0,0,0,0,0,0,0
374=109558,0,127.4,0,0,0,0,0,0,763.828,0,129.6,128.6,127.9,116.6,0.1,0,0,0,0,0,0,6.2,0,0,0,0,0,0,0,0,0,0,0,0,0,0,0,0,0,0,0,0,0,0,0,0,0,0,0,0,0
375=109558,0,127.4,0,0,0,0,0,0,763.828,0,129.6,128.6,127.9,116.6,0.1,0,0,0,0,0,0,6.2,0,0,0,0,0,0,0,0,0,0,0,0,0,0,0,0,0,0,0,0,0,0,0,0,0,0,0,0,0
376=109892,0,127.3,0,0,0,0,0,0,763.828,0,129.4,128.4,127.8,116.5,0.1,0,0,0,0,0,0,6.2,0,0,0,0,0,0,0,0,0,0,0,0,0,0,0,0,0,0,0,0,0,0,0,0,0,0,0,0,0
377=109892,0,127.3,0,0,0,0,0,0,763.828,0,129.4,128.4,127.8,116.5,0.1,0,0,0,0,0,0,6.2,0,0,0,0,0,0,0,0,0,0,0,0,0,0,0,0,0,0,0,0,0,0,0,0,0,0,0,0,0
378=110209,0,127.1,0,0,0,0,0,0,763.828,0,129.2,128.2,127.6,116.3,0.1,0,0,0,0,0,0,6.2,0,0,0,0,0,0,0,0,0,0,0,0,0,0,0,0,0,0,0,0,0,0,0,0,0,0,0,0,0
379=110209,0,127.1,0,0,0,0,0,0,763.828,0,129.2,128.2,127.6,116.3,0.1,0,0,0,0,0,0,6.2,0,0,0,0,0,0,0,0,0,0,0,0,0,0,0,0,0,0,0,0,0,0,0,0,0,0,0,0,0
380=110547,0,126.9,0,0,0,0,0,0,763.828,0,129,128,127.4,116.3,0.1,0,0,0,0,0,0,6.2,0,0,0,0,0,0,0,0,0,0,0,0,0,0,0,0,0,0,0,0,0,0,0,0,0,0,0,0,0
381=110547,0,126.9,0,0,0,0,0,0,763.828,0,129,128,127.4,116.3,0.1,0,0,0,0,0,0,6.2,0,0,0,0,0,0,0,0,0,0,0,0,0,0,0,0,0,0,0,0,0,0,0,0,0,0,0,0,0
382=110947,0,126.9,0,0,0,0,0,0,763.828,0,129,128,127.4,116.2,0.1,0,0,0,0,0,0,6.2,0,0,0,0,0,0,0,0,0,0,0,0,0,0,0,0,0,0,0,0,0,0,0,0,0,0,0,0,0
383=110947,0,126.9,0,0,0,0,0,0,763.828,0,129,128,127.4,116.2,0.1,0,0,0,0,0,0,6.2,0,0,0,0,0,0,0,0,0,0,0,0,0,0,0,0,0,0,0,0,0,0,0,0,0,0,0,0,0
384=111268,0,126.6,0,0,0,0,0,0,763.828,0,128.8,127.8,127.1,116,0.1,0,0,0,0,0,0,6.2,0,0,0,0,0,0,0,0,0,0,0,0,0,0,0,0,0,0,0,0,0,0,0,0,0,0,0,0,0
385=111268,0,126.6,0,0,0,0,0,0,763.828,0,128.8,127.8,127.1,116,0.1,0,0,0,0,0,0,6.2,0,0,0,0,0,0,0,0,0,0,0,0,0,0,0,0,0,0,0,0,0,0,0,0,0,0,0,0,0
386=111646,0,126.4,0,0,0,0,0,0,763.828,0,128.6,127.5,126.9,115.8,0.1,0,0,0,0,0,0,6.2,0,0,0,0,0,0,0,0,0,0,0,0,0,0,0,0,0,0,0,0,0,0,0,0,0,0,0,0,0
387=111646,0,126.4,0,0,0,0,0,0,763.828,0,128.6,127.5,126.9,115.8,0.1,0,0,0,0,0,0,6.2,0,0,0,0,0,0,0,0,0,0,0,0,0,0,0,0,0,0,0,0,0,0,0,0,0,0,0,0,0
388=111992,0,126.3,0,0,0,0,0,0,763.828,0,128.4,127.4,126.8,115.7,0.1,0,0,0,0,0,0,6.1,0,0,0,0,0,0,0,0,0,0,0,0,0,0,0,0,0,0,0,0,0,0,0,0,0,0,0,0,0
389=111992,0,126.3,0,0,0,0,0,0,763.828,0,128.4,127.4,126.8,115.7,0.1,0,0,0,0,0,0,6.1,0,0,0,0,0,0,0,0,0,0,0,0,0,0,0,0,0,0,0,0,0,0,0,0,0,0,0,0,0
390=112377,0,126.1,0,0,0,0,0,0,763.828,0,128.3,127.2,126.6,115.6,0.1,0,0,0,0,0,0,6.1,0,0,0,0,0,0,0,0,0,0,0,0,0,0,0,0,0,0,0,0,0,0,0,0,0,0,0,0,0
391=112377,0,126.1,0,0,0,0,0,0,763.828,0,128.3,127.2,126.6,115.6,0.1,0,0,0,0,0,0,6.1,0,0,0,0,0,0,0,0,0,0,0,0,0,0,0,0,0,0,0,0,0,0,0,0,0,0,0,0,0
392=112711,0,126,0,0,0,0,0,0,763.828,0,128.1,127.1,126.5,115.5,0.1,0,0,0,0,0,0,6.1,0,0,0,0,0,0,0,0,0,0,0,0,0,0,0,0,0,0,0,0,0,0,0,0,0,0,0,0,0
393=112711,0,126,0,0,0,0,0,0,763.828,0,128.1,127.1,126.5,115.5,0.1,0,0,0,0,0,0,6.1,0,0,0,0,0,0,0,0,0,0,0,0,0,0,0,0,0,0,0,0,0,0,0,0,0,0,0,0,0
394=113059,0,125.8,0,0,0,0,0,0,763.828,0,128,126.9,126.3,115.4,0.1,0,0,0,0,0,0,6.1,0,0,0,0,0,0,0,0,0,0,0,0,0,0,0,0,0,0,0,0,0,0,0,0,0,0,0,0,0
395=113059,0,125.8,0,0,0,0,0,0,763.828,0,128,126.9,126.3,115.4,0.1,0,0,0,0,0,0,6.1,0,0,0,0,0,0,0,0,0,0,0,0,0,0,0,0,0,0,0,0,0,0,0,0,0,0,0,0,0
396=113377,0,125.8,0,0,0,0,0,0,763.828,0,128,126.9,126.3,115.4,0.1,0,0,0,0,0,0,6.1,0,0,0,0,0,0,0,0,0,0,0,0,0,0,0,0,0,0,0,0,0,0,0,0,0,0,0,0,0
397=113377,0,125.8,0,0,0,0,0,0,763.828,0,128,126.9,126.3,115.4,0.1,0,0,0,0,0,0,6.1,0,0,0,0,0,0,0,0,0,0,0,0,0,0,0,0,0,0,0,0,0,0,0,0,0,0,0,0,0
398=113711,0,125.7,0,0,0,0,0,0,763.828,0,127.9,126.8,126.2,115.2,0.1,0,0,0,0,0,0,6.1,0,0,0,0,0,0,0,0,0,0,0,0,0,0,0,0,0,0,0,0,0,0,0,0,0,0,0,0,0
399=113711,0,125.7,0,0,0,0,0,0,763.828,0,127.9,126.8,126.2,115.2,0.1,0,0,0,0,0,0,6.1,0,0,0,0,0,0,0,0,0,0,0,0,0,0,0,0,0,0,0,0,0,0,0,0,0,0,0,0,0
400=114056,0,125.6,0,0,0,0,0,0,763.828,0,127.7,126.6,126.1,115.2,0.1,0,0,0,0,0,0,6.1,0,0,0,0,0,0,0,0,0,0,0,0,0,0,0,0,0,0,0,0,0,0,0,0,0,0,0,0,0
401=114056,0,125.6,0,0,0,0,0,0,763.828,0,127.7,126.6,126.1,115.2,0.1,0,0,0,0,0,0,6.1,0,0,0,0,0,0,0,0,0,0,0,0,0,0,0,0,0,0,0,0,0,0,0,0,0,0,0,0,0
402=114381,0,125.4,0,0,0,0,0,0,763.828,0,127.5,126.4,125.9,115,0.1,0,0,0,0,0,0,6.2,0,0,0,0,0,0,0,0,0,0,0,0,0,0,0,0,0,0,0,0,0,0,0,0,0,0,0,0,0
403=114381,0,125.4,0,0,0,0,0,0,763.828,0,127.5,126.4,125.9,115,0.1,0,0,0,0,0,0,6.2,0,0,0,0,0,0,0,0,0,0,0,0,0,0,0,0,0,0,0,0,0,0,0,0,0,0,0,0,0
404=114712,0,125.2,0,0,0,0,0,0,763.828,0,127.4,126.3,125.7,114.9,0.1,0,0,0,0,0,0,6.2,0,0,0,0,0,0,0,0,0,0,0,0,0,0,0,0,0,0,0,0,0,0,0,0,0,0,0,0,0
405=114712,0,125.2,0,0,0,0,0,0,763.828,0,127.4,126.3,125.7,114.9,0.1,0,0,0,0,0,0,6.2,0,0,0,0,0,0,0,0,0,0,0,0,0,0,0,0,0,0,0,0,0,0,0,0,0,0,0,0,0
406=115045,0,125.1,0,0,0,0,0,0,763.828,0,127.2,126.1,125.5,114.7,0.1,0,0,0,0,0,0,6.2,0,0,0,0,0,0,0,0,0,0,0,0,0,0,0,0,0,0,0,0,0,0,0,0,0,0,0,0,0
407=115045,0,125.1,0,0,0,0,0,0,763.828,0,127.2,126.1,125.5,114.7,0.1,0,0,0,0,0,0,6.2,0,0,0,0,0,0,0,0,0,0,0,0,0,0,0,0,0,0,0,0,0,0,0,0,0,0,0,0,0
408=115451,0,125.1,0,0,0,0,0,0,763.828,0,127.2,126.1,125.5,114.7,0.1,0,0,0,0,0,0,6.2,0,0,0,0,0,0,0,0,0,0,0,0,0,0,0,0,0,0,0,0,0,0,0,0,0,0,0,0,0
409=115451,0,125.1,0,0,0,0,0,0,763.828,0,127.2,126.1,125.5,114.7,0.1,0,0,0,0,0,0,6.2,0,0,0,0,0,0,0,0,0,0,0,0,0,0,0,0,0,0,0,0,0,0,0,0,0,0,0,0,0
410=115779,0,124.9,0,0,0,0,0,0,763.828,0,127,125.9,125.4,114.6,0.1,0,0,0,0,0,0,6.2,0,0,0,0,0,0,0,0,0,0,0,0,0,0,0,0,0,0,0,0,0,0,0,0,0,0,0,0,0
411=115779,0,124.9,0,0,0,0,0,0,763.828,0,127,125.9,125.4,114.6,0.1,0,0,0,0,0,0,6.2,0,0,0,0,0,0,0,0,0,0,0,0,0,0,0,0,0,0,0,0,0,0,0,0,0,0,0,0,0
412=116112,0,124.7,0,0,0,0,0,0,763.828,0,126.9,125.7,125.2,114.5,0.1,0,0,0,0,0,0,6.2,0,0,0,0,0,0,0,0,0,0,0,0,0,0,0,0,0,0,0,0,0,0,0,0,0,0,0,0,0
413=116112,0,124.7,0,0,0,0,0,0,763.828,0,126.9,125.7,125.2,114.5,0.1,0,0,0,0,0,0,6.2,0,0,0,0,0,0,0,0,0,0,0,0,0,0,0,0,0,0,0,0,0,0,0,0,0,0,0,0,0
414=116448,0,124.6,0,0,0,0,0,0,763.828,0,126.7,125.6,125,114.3,0.1,0,0,0,0,0,0,6.2,0,0,0,0,0,0,0,0,0,0,0,0,0,0,0,0,0,0,0,0,0,0,0,0,0,0,0,0,0
415=116448,0,124.6,0,0,0,0,0,0,763.828,0,126.7,125.6,125,114.3,0.1,0,0,0,0,0,0,6.2,0,0,0,0,0,0,0,0,0,0,0,0,0,0,0,0,0,0,0,0,0,0,0,0,0,0,0,0,0
416=116844,0,124.4,0,0,0,0,0,0,763.828,0,126.5,125.3,124.8,114.2,0.1,0,0,0,0,0,0,6.2,0,0,0,0,0,0,0,0,0,0,0,0,0,0,0,0,0,0,0,0,0,0,0,0,0,0,0,0,0
417=116844,0,124.4,0,0,0,0,0,0,763.828,0,126.5,125.3,124.8,114.2,0.1,0,0,0,0,0,0,6.2,0,0,0,0,0,0,0,0,0,0,0,0,0,0,0,0,0,0,0,0,0,0,0,0,0,0,0,0,0
418=117176,0,124.4,0,0,0,0,0,0,763.828,0,126.5,125.3,124.8,114.2,0.1,0,0,0,0,0,0,6.2,0,0,0,0,0,0,0,0,0,0,0,0,0,0,0,0,0,0,0,0,0,0,0,0,0,0,0,0,0
419=117176,0,124.4,0,0,0,0,0,0,763.828,0,126.5,125.3,124.8,114.2,0.1,0,0,0,0,0,0,6.2,0,0,0,0,0,0,0,0,0,0,0,0,0,0,0,0,0,0,0,0,0,0,0,0,0,0,0,0,0
420=117497,0,124.3,0,0,0,0,0,0,763.828,0,126.4,125.2,124.7,114.1,0.1,0,0,0,0,0,0,6.2,0,0,0,0,0,0,0,0,0,0,0,0,0,0,0,0,0,0,0,0,0,0,0,0,0,0,0,0,0
421=117497,0,124.3,0,0,0,0,0,0,763.828,0,126.4,125.2,124.7,114.1,0.1,0,0,0,0,0,0,6.2,0,0,0,0,0,0,0,0,0,0,0,0,0,0,0,0,0,0,0,0,0,0,0,0,0,0,0,0,0
422=117847,0,124.1,0,0,0,0,0,0,763.828,0,126.3,125.1,124.6,114,0.1,0,0,0,0,0,0,6.2,0,0,0,0,0,0,0,0,0,0,0,0,0,0,0,0,0,0,0,0,0,0,0,0,0,0,0,0,0
423=117847,0,124.1,0,0,0,0,0,0,763.828,0,126.3,125.1,124.6,114,0.1,0,0,0,0,0,0,6.2,0,0,0,0,0,0,0,0,0,0,0,0,0,0,0,0,0,0,0,0,0,0,0,0,0,0,0,0,0
424=118163,0,124,0,0,0,0,0,0,763.828,0,126.1,124.9,124.4,113.9,0.1,0,0,0,0,0,0,6.2,0,0,0,0,0,0,0,0,0,0,0,0,0,0,0,0,0,0,0,0,0,0,0,0,0,0,0,0,0
425=118163,0,124,0,0,0,0,0,0,763.828,0,126.1,124.9,124.4,113.9,0.1,0,0,0,0,0,0,6.2,0,0,0,0,0,0,0,0,0,0,0,0,0,0,0,0,0,0,0,0,0,0,0,0,0,0,0,0,0
426=118519,0,123.8,0,0,0,0,0,0,763.828,0,125.9,124.7,124.2,113.7,0.1,0,0,0,0,0,0,6.2,0,0,0,0,0,0,0,0,0,0,0,0,0,0,0,0,0,0,0,0,0,0,0,0,0,0,0,0,0
427=118519,0,123.8,0,0,0,0,0,0,763.828,0,125.9,124.7,124.2,113.7,0.1,0,0,0,0,0,0,6.2,0,0,0,0,0,0,0,0,0,0,0,0,0,0,0,0,0,0,0,0,0,0,0,0,0,0,0,0,0
428=118849,0,123.7,0,0,0,0,0,0,763.828,0,125.8,124.6,124.1,113.6,0.1,0,0,0,0,0,0,6.1,0,0,0,0,0,0,0,0,0,0,0,0,0,0,0,0,0,0,0,0,0,0,0,0,0,0,0,0,0
429=118849,0,123.7,0,0,0,0,0,0,763.828,0,125.8,124.6,124.1,113.6,0.1,0,0,0,0,0,0,6.1,0,0,0,0,0,0,0,0,0,0,0,0,0,0,0,0,0,0,0,0,0,0,0,0,0,0,0,0,0
430=119182,0,123.5,0,0,0,0,0,0,763.828,0,125.6,124.4,123.9,113.5,0.1,0,0,0,0,0,0,6.1,0,0,0,0,0,0,0,0,0,0,0,0,0,0,0,0,0,0,0,0,0,0,0,0,0,0,0,0,0
431=119182,0,123.5,0,0,0,0,0,0,763.828,0,125.6,124.4,123.9,113.5,0.1,0,0,0,0,0,0,6.1,0,0,0,0,0,0,0,0,0,0,0,0,0,0,0,0,0,0,0,0,0,0,0,0,0,0,0,0,0
432=119506,0,123.5,0,0,0,0,0,0,763.828,0,125.6,124.4,123.9,113.5,0.1,0,0,0,0,0,0,6.1,0,0,0,0,0,0,0,0,0,0,0,0,0,0,0,0,0,0,0,0,0,0,0,0,0,0,0,0,0
433=119506,0,123.5,0,0,0,0,0,0,763.828,0,125.6,124.4,123.9,113.5,0.1,0,0,0,0,0,0,6.1,0,0,0,0,0,0,0,0,0,0,0,0,0,0,0,0,0,0,0,0,0,0,0,0,0,0,0,0,0
434=119898,0,123.3,0,0,0,0,0,0,763.828,0,125.4,124.2,123.7,113.3,0.1,0,0,0,0,0.01,0,6.1,0,0,0,0,0,0,0,0,0,0,0,0,0,0,0,0,0,0,0,0,0,0,0,0,0,0,0,0,0
435=119898,0,123.3,0,0,0,0,0,0,763.828,0,125.4,124.2,123.7,113.3,0.1,0,0,0,0,0.01,0,6.1,0,0,0,0,0,0,0,0,0,0,0,0,0,0,0,0,0,0,0,0,0,0,0,0,0,0,0,0,0
436=120249,0,123.2,0,0,0,0,0,0,763.828,0,125.3,124,123.6,113.2,0.1,0,0,0,0,0.05,0,6.1,0,0,0,0,0,0,0,0,0,0,0,0,0,0,0,0,0,0,0,0,0,0,0,0,0,0,0,0,0
437=120249,0,123.2,0,0,0,0,0,0,763.828,0,125.3,124,123.6,113.2,0.1,0,0,0,0,0.05,0,6.1,0,0,0,0,0,0,0,0,0,0,0,0,0,0,0,0,0,0,0,0,0,0,0,0,0,0,0,0,0
438=120583,0,123,0,0,0,0,0,0,763.828,0,125.1,123.8,123.4,113,0.1,0,0,0,0,0.1,0,6.1,0,0,0,0,0,0,0,0,0,0,0,0,0,0,0,0,0,0,0,0,0,0,0,0,0,0,0,0,0
439=120583,0,123,0,0,0,0,0,0,763.828,0,125.1,123.8,123.4,113,0.1,0,0,0,0,0.1,0,6.1,0,0,0,0,0,0,0,0,0,0,0,0,0,0,0,0,0,0,0,0,0,0,0,0,0,0,0,0,0
440=120880,0,123,0,0,0,0,0,0,763.828,0,125.1,123.8,123.4,113,0.1,0,0,0,0,0.1,0,6.1,0,0,0,0,0,0,0,0,0,0,0,0,0,0,0,0,0,0,0,0,0,0,0,0,0,0,0,0,0
441=120880,0,123,0,0,0,0,0,0,763.828,0,125.1,123.8,123.4,113,0.1,0,0,0,0,0.1,0,6.1,0,0,0,0,0,0,0,0,0,0,0,0,0,0,0,0,0,0,0,0,0,0,0,0,0,0,0,0,0
442=121300,0,122.7,0,0,0,0,0,0,763.828,0,124.8,123.6,123.1,112.8,0.1,0,0,0,0,0.19,0,6.1,0,0,0,0,0,0,0,0,0,0,0,0,0,0,0,0,0,0,0,0,0,0,0,0,0,0,0,0,0
443=121300,0,122.7,0,0,0,0,0,0,763.828,0,124.8,123.6,123.1,112.8,0.1,0,0,0,0,0.19,0,6.1,0,0,0,0,0,0,0,0,0,0,0,0,0,0,0,0,0,0,0,0,0,0,0,0,0,0,0,0,0
444=121632,0,122.7,0,0,0,0,0,0,763.828,0,124.8,123.6,123.1,112.8,0.1,0,0,0,0,0.19,0,6.1,0,0,0,0,0,0,0,0,0,0,0,0,0,0,0,0,0,0,0,0,0,0,0,0,0,0,0,0,0
445=121632,0,122.7,0,0,0,0,0,0,763.828,0,124.8,123.6,123.1,112.8,0.1,0,0,0,0,0.19,0,6.1,0,0,0,0,0,0,0,0,0,0,0,0,0,0,0,0,0,0,0,0,0,0,0,0,0,0,0,0,0
446=121951,0,122.6,0,0,0,0,0,0,763.828,0,124.7,123.4,123,112.7,0.1,0,0,0,0,0.23,0,6.1,0,0,0,0,0,0,0,0,0,0,0,0,0,0,0,0,0,0,0,0,0,0,0,0,0,0,0,0,0
447=121951,0,122.6,0,0,0,0,0,0,763.828,0,124.7,123.4,123,112.7,0.1,0,0,0,0,0.23,0,6.1,0,0,0,0,0,0,0,0,0,0,0,0,0,0,0,0,0,0,0,0,0,0,0,0,0,0,0,0,0
448=122300,0,122.4,0,0,0,0,0,0,763.828,0,124.4,123.2,122.7,112.5,0.1,0,0,0,0,0.32,0,6.1,0,0,0,0,0,0,0,0,0,0,0,0,0,0,0,0,0,0,0,0,0,0,0,0,0,0,0,0,0
449=122300,0,122.4,0,0,0,0,0,0,763.828,0,124.4,123.2,122.7,112.5,0.1,0,0,0,0,0.32,0,6.1,0,0,0,0,0,0,0,0,0,0,0,0,0,0,0,0,0,0,0,0,0,0,0,0,0,0,0,0,0
450=122634,0,122.4,0,0,0,0,0,0,763.828,0,124.4,123.2,122.7,112.5,0.1,0,0,0,0,0.32,0,6.1,0,0,0,0,0,0,0,0,0,0,0,0,0,0,0,0,0,0,0,0,0,0,0,0,0,0,0,0,0
451=122634,0,122.4,0,0,0,0,0,0,763.828,0,124.4,123.2,122.7,112.5,0.1,0,0,0,0,0.32,0,6.1,0,0,0,0,0,0,0,0,0,0,0,0,0,0,0,0,0,0,0,0,0,0,0,0,0,0,0,0,0
452=122959,0,122.2,0,0,0,0,0,0,763.828,0,124.3,123,122.6,112.4,0.1,0,0,0,0,0.38,0,6.1,0,0,0,0,0,0,0,0,0,0,0,0,0,0,0,0,0,0,0,0,0,0,0,0,0,0,0,0,0
453=122959,0,122.2,0,0,0,0,0,0,763.828,0,124.3,123,122.6,112.4,0.1,0,0,0,0,0.38,0,6.1,0,0,0,0,0,0,0,0,0,0,0,0,0,0,0,0,0,0,0,0,0,0,0,0,0,0,0,0,0
454=123300,0.03,122.1,0,0,0,0,0,0,763.828,0,124.2,122.9,122.5,112.3,0.1,0.03,0,0.01,0.04,0.43,0,6.2,0,0,0,0,0,0,0,0,0,0,0,0,0,0,0,0,0,0,0,0,0,0,0,0,0,0,0,0,0
455=123300,0.03,122.1,0,0,0,0,0,0,763.828,0,124.2,122.9,122.5,112.3,0.1,0.03,0,0.01,0.04,0.43,0,6.2,0,0,0,0,0,0,0,0,0,0,0,0,0,0,0,0,0,0,0,0,0,0,0,0,0,0,0,0,0
456=123635,0.09,122,0,0,0,0,0,0,763.828,0,124,122.8,122.3,112.2,0.1,0.09,0,0.07,0.09,0.49,0,6.2,0,0,0,0,0,0,0,0,0,0,0,0,0,0,0,0,0,0,0,0,0,0,0,0,0,0,0,0,0
457=123635,0.09,122,0,0,0,0,0,0,763.828,0,124,122.8,122.3,112.2,0.1,0.09,0,0.07,0.09,0.49,0,6.2,0,0,0,0,0,0,0,0,0,0,0,0,0,0,0,0,0,0,0,0,0,0,0,0,0,0,0,0,0
458=123951,0.18,121.8,0,0,0,0,0,0,763.828,0,123.9,122.6,122.1,112.1,0.1,0.18,0.01,0.15,0.18,0.57,0,6.2,0,0,0,0,0,0,0,0,0,0,0,0,0,0,0,0,0,0,0,0,0,0,0,0,0,0,0,0,0
459=123951,0.18,121.8,0,0,0,0,0,0,763.828,0,123.9,122.6,122.1,112.1,0.1,0.18,0.01,0.15,0.18,0.57,0,6.2,0,0,0,0,0,0,0,0,0,0,0,0,0,0,0,0,0,0,0,0,0,0,0,0,0,0,0,0,0
460=125751,0.6,121.1,0,0,0,0,0,0,763.828,0,123.2,121.8,121.4,111.6,0.1,0.6,0.38,0.57,0.61,0.95,0,6.2,0,0,0,0,0,0,0,0,0,0,0,0,0,0,0,0,0,0,0,0,0,0,0,0,0,0,0,0,0
461=125751,0.6,121.1,0,0,0,0,0,0,763.828,0,123.2,121.8,121.4,111.6,0.1,0.6,0.38,0.57,0.61,0.95,0,6.2,0,0,0,0,0,0,0,0,0,0,0,0,0,0,0,0,0,0,0,0,0,0,0,0,0,0,0,0,0
462=126163,0.72,121,0,0,0,0,0,0,763.828,0,123,121.7,121.3,111.4,0.1,0.72,0.48,0.69,0.73,1.05,0,6.2,0,0,0,0,0,0,0,0,0,0,0,0,0,0,0,0,0,0,0,0,0,0,0,0,0,0,0,0,0
463=126163,0.72,121,0,0,0,0,0,0,763.828,0,123,121.7,121.3,111.4,0.1,0.72,0.48,0.69,0.73,1.05,0,6.2,0,0,0,0,0,0,0,0,0,0,0,0,0,0,0,0,0,0,0,0,0,0,0,0,0,0,0,0,0
464=126568,0.84,120.8,0,0,0,0,0,0,763.828,0,122.8,121.5,121.1,111.3,0.1,0.84,0.58,0.8,0.84,1.14,0,6.2,0,0,0,0,0,0,0,0,0,0,0,0,0,0,0,0,0,0,0,0,0,0,0,0,0,0,0,0,0
465=126568,0.84,120.8,0,0,0,0,0,0,763.828,0,122.8,121.5,121.1,111.3,0.1,0.84,0.58,0.8,0.84,1.14,0,6.2,0,0,0,0,0,0,0,0,0,0,0,0,0,0,0,0,0,0,0,0,0,0,0,0,0,0,0,0,0
466=126966,0.96,120.7,0,0,0,0,0,0,763.828,0,122.7,121.4,121,111.3,0.1,0.96,0.69,0.92,0.97,1.23,0,6.2,0,0,0,0,0,0,0,0,0,0,0,0,0,0,0,0,0,0,0,0,0,0,0,0,0,0,0,0,0
467=126966,0.96,120.7,0,0,0,0,0,0,763.828,0,122.7,121.4,121,111.3,0.1,0.96,0.69,0.92,0.97,1.23,0,6.2,0,0,0,0,0,0,0,0,0,0,0,0,0,0,0,0,0,0,0,0,0,0,0,0,0,0,0,0,0
468=127387,1.08,120.6,0,0,0,0,0,0,763.828,0,122.5,121.2,120.8,111.2,0.1,1.08,0.81,1.04,1.09,1.33,0,6.2,0,0,0,0,0,0,0,0,0,0,0,0,0,0,0,0,0,0,0,0,0,0,0,0,0,0,0,0,0
469=127387,1.08,120.6,0,0,0,0,0,0,763.828,0,122.5,121.2,120.8,111.2,0.1,1.08,0.81,1.04,1.09,1.33,0,6.2,0,0,0,0,0,0,0,0,0,0,0,0,0,0,0,0,0,0,0,0,0,0,0,0,0,0,0,0,0
470=127803,1.21,120.4,0,0,0,0,0,0,763.828,0,122.4,121.1,120.7,111.2,0.1,1.21,0.92,1.17,1.22,1.41,0,6.2,0,0,0,0,0,0,0,0,0,0,0,0,0,0,0,0,0,0,0,0,0,0,0,0,0,0,0,0,0
471=127803,1.21,120.4,0,0,0,0,0,0,763.828,0,122.4,121.1,120.7,111.2,0.1,1.21,0.92,1.17,1.22,1.41,0,6.2,0,0,0,0,0,0,0,0,0,0,0,0,0,0,0,0,0,0,0,0,0,0,0,0,0,0,0,0,0
472=128219,1.33,120.3,0,0,0,0,0,0,763.828,0,122.3,121,120.6,111.3,0.1,1.33,1.03,1.28,1.34,1.48,0,6.1,0,0,0,0,0,0,0,0,0,0,0,0,0,0,0,0,0,0,0,0,0,0,0,0,0,0,0,0,0
473=128219,1.33,120.3,0,0,0,0,0,0,763.828,0,122.3,121,120.6,111.3,0.1,1.33,1.03,1.28,1.34,1.48,0,6.1,0,0,0,0,0,0,0,0,0,0,0,0,0,0,0,0,0,0,0,0,0,0,0,0,0,0,0,0,0
474=128617,1.45,120.2,0,0,0,0,0,0,763.828,0,122.2,120.9,120.5,111.4,0.1,1.45,1.15,1.41,1.47,1.54,0,6.1,0,0,0,0,0,0,0,0,0,0,0,0,0,0,0,0,0,0,0,0,0,0,0,0,0,0,0,0,0
475=128617,1.45,120.2,0,0,0,0,0,0,763.828,0,122.2,120.9,120.5,111.4,0.1,1.45,1.15,1.41,1.47,1.54,0,6.1,0,0,0,0,0,0,0,0,0,0,0,0,0,0,0,0,0,0,0,0,0,0,0,0,0,0,0,0,0
476=129023,1.57,120.2,0,0,0,0,0,0,763.828,0,122.1,120.8,120.4,111.7,0.1,1.57,1.25,1.52,1.58,1.58,0,6.1,0,0,0,0,0,0,0,0,0,0,0,0,0,0,0,0,0,0,0,0,0,0,0,0,0,0,0,0,0
477=129023,1.57,120.2,0,0,0,0,0,0,763.828,0,122.1,120.8,120.4,111.7,0.1,1.57,1.25,1.52,1.58,1.58,0,6.1,0,0,0,0,0,0,0,0,0,0,0,0,0,0,0,0,0,0,0,0,0,0,0,0,0,0,0,0,0
478=129422,1.67,120.1,0,0,0,0,0,0,763.828,0,122,120.7,120.4,112,0.1,1.67,1.35,1.62,1.68,1.6,0,6.1,0,0,0,0,0,0,0,0,0,0,0,0,0,0,0,0,0,0,0,0,0,0,0,0,0,0,0,0,0
479=129422,1.67,120.1,0,0,0,0,0,0,763.828,0,122,120.7,120.4,112,0.1,1.67,1.35,1.62,1.68,1.6,0,6.1,0,0,0,0,0,0,0,0,0,0,0,0,0,0,0,0,0,0,0,0,0,0,0,0,0,0,0,0,0
480=129839,1.77,120.1,0,0,0,0,0,0,763.828,0,122,120.7,120.4,112.6,0.1,1.77,1.45,1.71,1.77,1.61,0,6.1,0,0,0,0,0,0,0,0,0,0,0,0,0,0,0,0,0,0,0,0,0,0,0,0,0,0,0,0,0
481=129839,1.77,120.1,0,0,0,0,0,0,763.828,0,122,120.7,120.4,112.6,0.1,1.77,1.45,1.71,1.77,1.61,0,6.1,0,0,0,0,0,0,0,0,0,0,0,0,0,0,0,0,0,0,0,0,0,0,0,0,0,0,0,0,0
482=130240,1.85,120.2,0,0,0,0,0,0,763.828,0,122,120.8,120.4,113.2,0.1,1.85,1.53,1.79,1.85,1.58,0,6.1,0,0,0,0,0,0,0,0,0,0,0,0,0,0,0,0,0,0,0,0,0,0,0,0,0,0,0,0,0
483=130240,1.85,120.2,0,0,0,0,0,0,763.828,0,122,120.8,120.4,113.2,0.1,1.85,1.53,1.79,1.85,1.58,0,6.1,0,0,0,0,0,0,0,0,0,0,0,0,0,0,0,0,0,0,0,0,0,0,0,0,0,0,0,0,0
484=130640,1.91,120.3,0,0,0,0,0,0,763.828,0,122.1,120.9,120.6,114.1,0.1,1.91,1.59,1.85,1.91,1.54,0,6.1,0,0,0,0,0,0,0,0,0,0,0,0,0,0,0,0,0,0,0,0,0,0,0,0,0,0,0,0,0
485=130640,1.91,120.3,0,0,0,0,0,0,763.828,0,122.1,120.9,120.6,114.1,0.1,1.91,1.59,1.85,1.91,1.54,0,6.1,0,0,0,0,0,0,0,0,0,0,0,0,0,0,0,0,0,0,0,0,0,0,0,0,0,0,0,0,0
486=131057,1.95,120.5,0,0,0,0,0,0,763.828,0,122.2,121.1,120.8,115.1,0.1,1.95,1.64,1.9,1.95,1.48,0,6.1,0,0,0,0,0,0,0,0,0,0,0,0,0,0,0,0,0,0,0,0,0,0,0,0,0,0,0,0,0
487=131057,1.95,120.5,0,0,0,0,0,0,763.828,0,122.2,121.1,120.8,115.1,0.1,1.95,1.64,1.9,1.95,1.48,0,6.1,0,0,0,0,0,0,0,0,0,0,0,0,0,0,0,0,0,0,0,0,0,0,0,0,0,0,0,0,0
488=131460,1.97,120.8,0,0,0,0,0,0,763.828,0,122.5,121.4,121.1,116.3,0.1,1.97,1.68,1.92,1.96,1.39,0,6.5,0,0,0,0,0,0,0,0,0,0,0,0,0,0,0,0,0,0,0,0,0,0,0,0,0,0,0,0,0
489=131460,1.97,120.8,0,0,0,0,0,0,763.828,0,122.5,121.4,121.1,116.3,0.1,1.97,1.68,1.92,1.96,1.39,0,6.5,0,0,0,0,0,0,0,0,0,0,0,0,0,0,0,0,0,0,0,0,0,0,0,0,0,0,0,0,0
490=131858,1.97,121.1,0,0,0,0,0,0,763.828,0,122.7,121.7,121.4,117.6,0.1,1.97,1.69,1.92,1.96,1.3,0,6.8,0,0,0,0,0,0,0,0,0,0,0,0,0,0,0,0,0,0,0,0,0,0,0,0,0,0,0,0,0
491=131858,1.97,121.1,0,0,0,0,0,0,763.828,0,122.7,121.7,121.4,117.6,0.1,1.97,1.69,1.92,1.96,1.3,0,6.8,0,0,0,0,0,0,0,0,0,0,0,0,0,0,0,0,0,0,0,0,0,0,0,0,0,0,0,0,0
492=132275,1.95,121.6,0,0,0,0,0,0,763.828,0,123.1,122.1,121.9,119,0.1,1.95,1.69,1.91,1.93,1.2,0,7,0,0,0,0,0,0,0,0,0,0,0,0,0,0,0,0,0,0,0,0,0,0,0,0,0,0,0,0,0
493=132275,1.95,121.6,0,0,0,0,0,0,763.828,0,123.1,122.1,121.9,119,0.1,1.95,1.69,1.91,1.93,1.2,0,7,0,0,0,0,0,0,0,0,0,0,0,0,0,0,0,0,0,0,0,0,0,0,0,0,0,0,0,0,0
494=132675,1.91,122.1,0,0,0,0,0,0,763.828,0,123.5,122.6,122.4,120.5,0.1,1.91,1.67,1.88,1.89,1.1,0,7.1,0,0,0,0,0,0,0,0,0,0,0,0,0,0,0,0,0,0,0,0,0,0,0,0,0,0,0,0,0
495=132675,1.91,122.1,0,0,0,0,0,0,763.828,0,123.5,122.6,122.4,120.5,0.1,1.91,1.67,1.88,1.89,1.1,0,7.1,0,0,0,0,0,0,0,0,0,0,0,0,0,0,0,0,0,0,0,0,0,0,0,0,0,0,0,0,0
496=133090,1.85,122.8,0,0,0,0,0,0,763.828,0,124,123.2,123.1,122.1,0.1,1.85,1.64,1.83,1.83,0.99,0,7.1,0,0,0,0,0,0,0,0,0,0,0,0,0,0,0,0,0,0,0,0,0,0,0,0,0,0,0,0,0
497=133090,1.85,122.8,0,0,0,0,0,0,763.828,0,124,123.2,123.1,122.1,0.1,1.85,1.64,1.83,1.83,0.99,0,7.1,0,0,0,0,0,0,0,0,0,0,0,0,0,0,0,0,0,0,0,0,0,0,0,0,0,0,0,0,0
498=133492,1.78,123.5,0,0,0,0,0,0,763.828,0,124.6,123.9,123.8,123.7,0.1,1.78,1.59,1.78,1.76,0.9,0,7.5,0,0,0,0,0,0,0,0,0,0,0,0,0,0,0,0,0,0,0,0,0,0,0,0,0,0,0,0,0
499=133492,1.78,123.5,0,0,0,0,0,0,763.828,0,124.6,123.9,123.8,123.7,0.1,1.78,1.59,1.78,1.76,0.9,0,7.5,0,0,0,0,0,0,0,0,0,0,0,0,0,0,0,0,0,0,0,0,0,0,0,0,0,0,0,0,0
500=133892,1.7,124.3,0,0,0,0,0,0,763.828,0,125.3,124.6,124.6,125.3,0.1,1.7,1.53,1.71,1.68,0.81,0,7.8,0,0,0,0,0,0,0,0,0,0,0,0,0,0,0,0,0,0,0,0,0,0,0,0,0,0,0,0,0
501=133892,1.7,124.3,0,0,0,0,0,0,763.828,0,125.3,124.6,124.6,125.3,0.1,1.7,1.53,1.71,1.68,0.81,0,7.8,0,0,0,0,0,0,0,0,0,0,0,0,0,0,0,0,0,0,0,0,0,0,0,0,0,0,0,0,0
502=134300,1.6,125.2,0,0,0,0,0,0,763.828,0,126.1,125.5,125.5,127,0.1,1.6,1.46,1.64,1.59,0.72,0,8,0,0,0,0,0,0,0,0,0,0,0,0,0,0,0,0,0,0,0,0,0,0,0,0,0,0,0,0,0
503=134300,1.6,125.2,0,0,0,0,0,0,763.828,0,126.1,125.5,125.5,127,0.1,1.6,1.46,1.64,1.59,0.72,0,8,0,0,0,0,0,0,0,0,0,0,0,0,0,0,0,0,0,0,0,0,0,0,0,0,0,0,0,0,0
504=134703,1.51,126.1,0,0,0,0,0,0,763.828,0,126.9,126.3,126.4,128.5,0.1,1.51,1.38,1.56,1.5,0.65,0,8.1,0,0,0,0,0,0,0,0,0,0,0,0,0,0,0,0,0,0,0,0,0,0,0,0,0,0,0,0,0
505=134703,1.51,126.1,0,0,0,0,0,0,763.828,0,126.9,126.3,126.4,128.5,0.1,1.51,1.38,1.56,1.5,0.65,0,8.1,0,0,0,0,0,0,0,0,0,0,0,0,0,0,0,0,0,0,0,0,0,0,0,0,0,0,0,0,0
506=135121,1.41,127.2,0,0,0,0,0,0,763.828,0,127.7,127.3,127.4,129.9,0.1,1.41,1.3,1.48,1.4,0.59,0,8.2,0,0,0,0,0,0,0,0,0,0,0,0,0,0,0,0,0,0,0,0,0,0,0,0,0,0,0,0,0
507=135121,1.41,127.2,0,0,0,0,0,0,763.828,0,127.7,127.3,127.4,129.9,0.1,1.41,1.3,1.48,1.4,0.59,0,8.2,0,0,0,0,0,0,0,0,0,0,0,0,0,0,0,0,0,0,0,0,0,0,0,0,0,0,0,0,0
508=135522,1.36,127.7,0,0,0,0,0,0,763.828,0,128.2,127.7,127.9,130.6,0.1,1.36,1.26,1.43,1.35,0.57,0,8.5,0,0,0,0,0,0,0,0,0,0,0,0,0,0,0,0,0,0,0,0,0,0,0,0,0,0,0,0,0
509=135522,1.36,127.7,0,0,0,0,0,0,763.828,0,128.2,127.7,127.9,130.6,0.1,1.36,1.26,1.43,1.35,0.57,0,8.5,0,0,0,0,0,0,0,0,0,0,0,0,0,0,0,0,0,0,0,0,0,0,0,0,0,0,0,0,0
510=135931,1.21,129.2,0,0,0,0,0,0,763.828,0,129.5,129.1,129.4,132.4,0.1,1.21,1.14,1.32,1.22,0.51,0,8.9,0,0,0,0,0,0,0,0,0,0,0,0,0,0,0,0,0,0,0,0,0,0,0,0,0,0,0,0,0
511=135931,1.21,129.2,0,0,0,0,0,0,763.828,0,129.5,129.1,129.4,132.4,0.1,1.21,1.14,1.32,1.22,0.51,0,8.9,0,0,0,0,0,0,0,0,0,0,0,0,0,0,0,0,0,0,0,0,0,0,0,0,0,0,0,0,0
512=136339,1.12,130.2,0,0,0,0,0,0,763.828,0,130.5,130.1,130.4,133.5,0.1,1.12,1.07,1.24,1.14,0.48,0,9,0,0,0,0,0,0,0,0,0,0,0,0,0,0,0,0,0,0,0,0,0,0,0,0,0,0,0,0,0
513=136339,1.12,130.2,0,0,0,0,0,0,763.828,0,130.5,130.1,130.4,133.5,0.1,1.12,1.07,1.24,1.14,0.48,0,9,0,0,0,0,0,0,0,0,0,0,0,0,0,0,0,0,0,0,0,0,0,0,0,0,0,0,0,0,0
514=136734,1.03,131.3,0,0,0,0,0,0,763.828,0,131.4,131.1,131.4,134.5,0.1,1.03,0.99,1.17,1.07,0.47,0,9.1,0,0,0,0,0,0,0,0,0,0,0,0,0,0,0,0,0,0,0,0,0,0,0,0,0,0,0,0,0
515=136734,1.03,131.3,0,0,0,0,0,0,763.828,0,131.4,131.1,131.4,134.5,0.1,1.03,0.99,1.17,1.07,0.47,0,9.1,0,0,0,0,0,0,0,0,0,0,0,0,0,0,0,0,0,0,0,0,0,0,0,0,0,0,0,0,0
516=137140,0.95,132.3,0,0,0,0,0,0,763.828,0,132.3,132,132.4,135.4,0.1,0.95,0.92,1.1,1,0.46,0,9.1,0,0,0,0,0,0,0,0,0,0,0,0,0,0,0,0,0,0,0,0,0,0,0,0,0,0,0,0,0
517=137140,0.95,132.3,0,0,0,0,0,0,763.828,0,132.3,132,132.4,135.4,0.1,0.95,0.92,1.1,1,0.46,0,9.1,0,0,0,0,0,0,0,0,0,0,0,0,0,0,0,0,0,0,0,0,0,0,0,0,0,0,0,0,0
518=137564,0.87,133.4,0,0,0,0,0,0,763.828,0,133.3,133,133.4,136.3,0.1,0.87,0.86,1.03,0.93,0.46,0,9.2,0,0,0,0,0,0,0,0,0,0,0,0,0,0,0,0,0,0,0,0,0,0,0,0,0,0,0,0,0
519=137564,0.87,133.4,0,0,0,0,0,0,763.828,0,133.3,133,133.4,136.3,0.1,0.87,0.86,1.03,0.93,0.46,0,9.2,0,0,0,0,0,0,0,0,0,0,0,0,0,0,0,0,0,0,0,0,0,0,0,0,0,0,0,0,0
520=137963,0.8,134.5,0,0,0,0,0,0,763.828,0,134.3,134,134.4,137,0.1,0.8,0.81,0.97,0.88,0.46,0,9.2,0,0,0,0,0,0,0,0,0,0,0,0,0,0,0,0,0,0,0,0,0,0,0,0,0,0,0,0,0
521=137963,0.8,134.5,0,0,0,0,0,0,763.828,0,134.3,134,134.4,137,0.1,0.8,0.81,0.97,0.88,0.46,0,9.2,0,0,0,0,0,0,0,0,0,0,0,0,0,0,0,0,0,0,0,0,0,0,0,0,0,0,0,0,0
522=138356,0.74,135.5,0,0,0,0,0,0,763.828,0,135.2,135,135.3,137.6,0.1,0.74,0.76,0.92,0.83,0.47,0,9.2,0,0,0,0,0,0,0,0,0,0,0,0,0,0,0,0,0,0,0,0,0,0,0,0,0,0,0,0,0
523=138356,0.74,135.5,0,0,0,0,0,0,763.828,0,135.2,135,135.3,137.6,0.1,0.74,0.76,0.92,0.83,0.47,0,9.2,0,0,0,0,0,0,0,0,0,0,0,0,0,0,0,0,0,0,0,0,0,0,0,0,0,0,0,0,0
524=138771,0.7,136,0,0,0,0,0,0,763.828,0,135.7,135.5,135.9,138,0.1,0.7,0.74,0.9,0.81,0.48,0,9.2,0,0,0,0,0,0,0,0,0,0,0,0,0,0,0,0,0,0,0,0,0,0,0,0,0,0,0,0,0
525=138771,0.7,136,0,0,0,0,0,0,763.828,0,135.7,135.5,135.9,138,0.1,0.7,0.74,0.9,0.81,0.48,0,9.2,0,0,0,0,0,0,0,0,0,0,0,0,0,0,0,0,0,0,0,0,0,0,0,0,0,0,0,0,0
526=139179,0.65,137,0,0,0,0,0,0,763.828,0,136.6,136.4,136.8,138.5,0.1,0.65,0.7,0.86,0.77,0.5,0,9.2,0,0,0,0,0,0,0,0,0,0,0,0,0,0,0,0,0,0,0,0,0,0,0,0,0,0,0,0,0
527=139179,0.65,137,0,0,0,0,0,0,763.828,0,136.6,136.4,136.8,138.5,0.1,0.65,0.7,0.86,0.77,0.5,0,9.2,0,0,0,0,0,0,0,0,0,0,0,0,0,0,0,0,0,0,0,0,0,0,0,0,0,0,0,0,0
528=139579,0.61,137.9,0,0,0,0,0,0,763.828,0,137.4,137.3,137.7,139,0.1,0.61,0.68,0.83,0.75,0.53,0,9.2,0,0,0,0,0,0,0,0,0,0,0,0,0,0,0,0,0,0,0,0,0,0,0,0,0,0,0,0,0
529=139579,0.61,137.9,0,0,0,0,0,0,763.828,0,137.4,137.3,137.7,139,0.1,0.61,0.68,0.83,0.75,0.53,0,9.2,0,0,0,0,0,0,0,0,0,0,0,0,0,0,0,0,0,0,0,0,0,0,0,0,0,0,0,0,0
530=139989,0.58,138.8,0,0,0,0,0,0,763.828,0,138.3,138.1,138.5,139.4,0.1,0.58,0.66,0.81,0.73,0.56,0,9.2,0,0,0,0,0,0,0,0,0,0,0,0,0,0,0,0,0,0,0,0,0,0,0,0,0,0,0,0,0
531=139989,0.58,138.8,0,0,0,0,0,0,763.828,0,138.3,138.1,138.5,139.4,0.1,0.58,0.66,0.81,0.73,0.56,0,9.2,0,0,0,0,0,0,0,0,0,0,0,0,0,0,0,0,0,0,0,0,0,0,0,0,0,0,0,0,0
532=140397,0.55,139.7,0,0,0,0,0,0,763.828,0,139.1,139,139.3,139.8,0.1,0.55,0.65,0.79,0.72,0.6,0,9.2,0,0,0,0,0,0,0,0,0,0,0,0,0,0,0,0,0,0,0,0,0,0,0,0,0,0,0,0,0
533=140397,0.55,139.7,0,0,0,0,0,0,763.828,0,139.1,139,139.3,139.8,0.1,0.55,0.65,0.79,0.72,0.6,0,9.2,0,0,0,0,0,0,0,0,0,0,0,0,0,0,0,0,0,0,0,0,0,0,0,0,0,0,0,0,0
534=140801,0.53,140.6,0,0,0,0,0,0,763.828,0,139.8,139.8,140.1,140.1,0.1,0.53,0.64,0.78,0.72,0.64,0,9.2,0,0,0,0,0,0,0,0,0,0,0,0,0,0,0,0,0,0,0,0,0,0,0,0,0,0,0,0,0
535=140801,0.53,140.6,0,0,0,0,0,0,763.828,0,139.8,139.8,140.1,140.1,0.1,0.53,0.64,0.78,0.72,0.64,0,9.2,0,0,0,0,0,0,0,0,0,0,0,0,0,0,0,0,0,0,0,0,0,0,0,0,0,0,0,0,0
536=141213,0.52,141.4,0,0,0,0,0,0,763.828,0,140.6,140.5,140.8,140.4,0.1,0.52,0.65,0.77,0.72,0.69,0,9.2,0,0,0,0,0,0,0,0,0,0,0,0,0,0,0,0,0,0,0,0,0,0,0,0,0,0,0,0,0
537=141213,0.52,141.4,0,0,0,0,0,0,763.828,0,140.6,140.5,140.8,140.4,0.1,0.52,0.65,0.77,0.72,0.69,0,9.2,0,0,0,0,0,0,0,0,0,0,0,0,0,0,0,0,0,0,0,0,0,0,0,0,0,0,0,0,0
538=141614,0.51,142.1,0,0,0,0,0,0,763.828,0,141.3,141.3,141.5,140.7,0.1,0.51,0.66,0.78,0.73,0.74,0,9.2,0,0,0,0,0,0,0,0,0,0,0,0,0,0,0,0,0,0,0,0,0,0,0,0,0,0,0,0,0
539=141614,0.51,142.1,0,0,0,0,0,0,763.828,0,141.3,141.3,141.5,140.7,0.1,0.51,0.66,0.78,0.73,0.74,0,9.2,0,0,0,0,0,0,0,0,0,0,0,0,0,0,0,0,0,0,0,0,0,0,0,0,0,0,0,0,0
540=142014,0.52,142.8,0,0,0,0,0,0,763.828,0,141.9,141.9,142.1,140.9,0.1,0.52,0.68,0.79,0.75,0.79,0,9.2,0,0,0,0,0,0,0,0,0,0,0,0,0,0,0,0,0,0,0,0,0,0,0,0,0,0,0,0,0
541=142014,0.52,142.8,0,0,0,0,0,0,763.828,0,141.9,141.9,142.1,140.9,0.1,0.52,0.68,0.79,0.75,0.79,0,9.2,0,0,0,0,0,0,0,0,0,0,0,0,0,0,0,0,0,0,0,0,0,0,0,0,0,0,0,0,0
542=142419,0.53,143.5,0,0,0,0,0,0,763.828,0,142.5,142.6,142.8,141.1,0.1,0.53,0.7,0.8,0.78,0.84,0,9.2,0,0,0,0,0,0,0,0,0,0,0,0,0,0,0,0,0,0,0,0,0,0,0,0,0,0,0,0,0
543=142419,0.53,143.5,0,0,0,0,0,0,763.828,0,142.5,142.6,142.8,141.1,0.1,0.53,0.7,0.8,0.78,0.84,0,9.2,0,0,0,0,0,0,0,0,0,0,0,0,0,0,0,0,0,0,0,0,0,0,0,0,0,0,0,0,0
544=142831,0.55,144.2,0,0,0,0,0,0,763.828,0,143.2,143.2,143.4,141.3,0.1,0.55,0.73,0.83,0.81,0.9,0,9.2,0,0,0,0,0,0,0,0,0,0,0,0,0,0,0,0,0,0,0,0,0,0,0,0,0,0,0,0,0
545=142831,0.55,144.2,0,0,0,0,0,0,763.828,0,143.2,143.2,143.4,141.3,0.1,0.55,0.73,0.83,0.81,0.9,0,9.2,0,0,0,0,0,0,0,0,0,0,0,0,0,0,0,0,0,0,0,0,0,0,0,0,0,0,0,0,0
546=143240,0.57,144.7,0,0,0,0,0,0,763.828,0,143.7,143.8,143.9,141.5,0.1,0.57,0.77,0.85,0.84,0.96,0,9.2,0,0,0,0,0,0,0,0,0,0,0,0,0,0,0,0,0,0,0,0,0,0,0,0,0,0,0,0,0
547=143240,0.57,144.7,0,0,0,0,0,0,763.828,0,143.7,143.8,143.9,141.5,0.1,0.57,0.77,0.85,0.84,0.96,0,9.2,0,0,0,0,0,0,0,0,0,0,0,0,0,0,0,0,0,0,0,0,0,0,0,0,0,0,0,0,0
548=143649,0.6,145.3,0,0,0,0,0,0,763.828,0,144.3,144.4,144.5,141.6,0.1,0.6,0.81,0.89,0.88,1.01,0,9.2,0,0,0,0,0,0,0,0,0,0,0,0,0,0,0,0,0,0,0,0,0,0,0,0,0,0,0,0,0
549=143649,0.6,145.3,0,0,0,0,0,0,763.828,0,144.3,144.4,144.5,141.6,0.1,0.6,0.81,0.89,0.88,1.01,0,9.2,0,0,0,0,0,0,0,0,0,0,0,0,0,0,0,0,0,0,0,0,0,0,0,0,0,0,0,0,0
550=144050,0.63,145.9,0,0,0,0,0,0,763.828,0,144.8,145,145,141.8,0.1,0.63,0.85,0.92,0.92,1.07,0,9.2,0,0,0,0,0,0,0,0,0,0,0,0,0,0,0,0,0,0,0,0,0,0,0,0,0,0,0,0,0
551=144050,0.63,145.9,0,0,0,0,0,0,763.828,0,144.8,145,145,141.8,0.1,0.63,0.85,0.92,0.92,1.07,0,9.2,0,0,0,0,0,0,0,0,0,0,0,0,0,0,0,0,0,0,0,0,0,0,0,0,0,0,0,0,0
552=144462,0.66,146.4,0,0,0,0,0,0,763.828,0,145.3,145.5,145.4,142,0.1,0.66,0.89,0.95,0.96,1.12,0,9.2,0,0,0,0,0,0,0,0,0,0,0,0,0,0,0,0,0,0,0,0,0,0,0,0,0,0,0,0,0
553=144462,0.66,146.4,0,0,0,0,0,0,763.828,0,145.3,145.5,145.4,142,0.1,0.66,0.89,0.95,0.96,1.12,0,9.2,0,0,0,0,0,0,0,0,0,0,0,0,0,0,0,0,0,0,0,0,0,0,0,0,0,0,0,0,0
554=144859,0.7,146.9,0,0,0,0,0,0,763.828,0,145.8,146,145.9,142.2,0.1,0.7,0.94,0.99,1.01,1.18,0,9.2,0,0,0,0,0,0,0,0,0,0,0,0,0,0,0,0,0,0,0,0,0,0,0,0,0,0,0,0,0
555=144859,0.7,146.9,0,0,0,0,0,0,763.828,0,145.8,146,145.9,142.2,0.1,0.7,0.94,0.99,1.01,1.18,0,9.2,0,0,0,0,0,0,0,0,0,0,0,0,0,0,0,0,0,0,0,0,0,0,0,0,0,0,0,0,0
556=145265,0.74,147.4,0,0,0,0,0,0,763.828,0,146.2,146.5,146.4,142.5,0.1,0.74,0.98,1.02,1.05,1.22,0,8.9,0,0,0,0,0,0,0,0,0,0,0,0,0,0,0,0,0,0,0,0,0,0,0,0,0,0,0,0,0
557=145265,0.74,147.4,0,0,0,0,0,0,763.828,0,146.2,146.5,146.4,142.5,0.1,0.74,0.98,1.02,1.05,1.22,0,8.9,0,0,0,0,0,0,0,0,0,0,0,0,0,0,0,0,0,0,0,0,0,0,0,0,0,0,0,0,0
558=145670,0.78,147.9,0,0,0,0,0,0,763.828,0,146.7,147,146.9,142.8,0.1,0.78,1.02,1.06,1.09,1.27,0,8.6,0,0,0,0,0,0,0,0,0,0,0,0,0,0,0,0,0,0,0,0,0,0,0,0,0,0,0,0,0
559=145670,0.78,147.9,0,0,0,0,0,0,763.828,0,146.7,147,146.9,142.8,0.1,0.78,1.02,1.06,1.09,1.27,0,8.6,0,0,0,0,0,0,0,0,0,0,0,0,0,0,0,0,0,0,0,0,0,0,0,0,0,0,0,0,0
560=146080,0.81,148.3,0,0,0,0,0,0,763.828,0,147.2,147.5,147.3,143.1,0.1,0.81,1.06,1.09,1.13,1.31,0,8.4,0,0,0,0,0,0,0,0,0,0,0,0,0,0,0,0,0,0,0,0,0,0,0,0,0,0,0,0,0
561=146080,0.81,148.3,0,0,0,0,0,0,763.828,0,147.2,147.5,147.3,143.1,0.1,0.81,1.06,1.09,1.13,1.31,0,8.4,0,0,0,0,0,0,0,0,0,0,0,0,0,0,0,0,0,0,0,0,0,0,0,0,0,0,0,0,0
562=146486,0.85,148.8,0,0,0,0,0,0,763.828,0,147.6,148,147.8,143.5,0.1,0.85,1.1,1.12,1.16,1.34,0,8.3,0,0,0,0,0,0,0,0,0,0,0,0,0,0,0,0,0,0,0,0,0,0,0,0,0,0,0,0,0
563=146486,0.85,148.8,0,0,0,0,0,0,763.828,0,147.6,148,147.8,143.5,0.1,0.85,1.1,1.12,1.16,1.34,0,8.3,0,0,0,0,0,0,0,0,0,0,0,0,0,0,0,0,0,0,0,0,0,0,0,0,0,0,0,0,0
564=146888,0.88,149.2,0,0,0,0,0,0,763.828,0,148.1,148.5,148.3,143.9,0.1,0.88,1.13,1.14,1.19,1.37,0,8.3,0,0,0,0,0,0,0,0,0,0,0,0,0,0,0,0,0,0,0,0,0,0,0,0,0,0,0,0,0
565=146888,0.88,149.2,0,0,0,0,0,0,763.828,0,148.1,148.5,148.3,143.9,0.1,0.88,1.13,1.14,1.19,1.37,0,8.3,0,0,0,0,0,0,0,0,0,0,0,0,0,0,0,0,0,0,0,0,0,0,0,0,0,0,0,0,0
566=147294,0.9,149.7,0,0,0,0,0,0,763.828,0,148.6,149,148.8,144.4,0.1,0.9,1.15,1.16,1.21,1.38,0,8.2,0,0,0,0,0,0,0,0,0,0,0,0,0,0,0,0,0,0,0,0,0,0,0,0,0,0,0,0,0
567=147294,0.9,149.7,0,0,0,0,0,0,763.828,0,148.6,149,148.8,144.4,0.1,0.9,1.15,1.16,1.21,1.38,0,8.2,0,0,0,0,0,0,0,0,0,0,0,0,0,0,0,0,0,0,0,0,0,0,0,0,0,0,0,0,0
568=147714,0.92,150.2,0,0,0,0,0,0,763.828,0,149.1,149.6,149.3,144.9,0.1,0.92,1.16,1.17,1.22,1.39,0,8.2,0,0,0,0,0,0,0,0,0,0,0,0,0,0,0,0,0,0,0,0,0,0,0,0,0,0,0,0,0
569=147714,0.92,150.2,0,0,0,0,0,0,763.828,0,149.1,149.6,149.3,144.9,0.1,0.92,1.16,1.17,1.22,1.39,0,8.2,0,0,0,0,0,0,0,0,0,0,0,0,0,0,0,0,0,0,0,0,0,0,0,0,0,0,0,0,0
570=148114,0.94,150.7,0,0,0,0,0,0,763.828,0,149.7,150.1,149.8,145.6,0.1,0.94,1.17,1.17,1.23,1.4,0,8.2,0,0,0,0,0,0,0,0,0,0,0,0,0,0,0,0,0,0,0,0,0,0,0,0,0,0,0,0,0
571=148114,0.94,150.7,0,0,0,0,0,0,763.828,0,149.7,150.1,149.8,145.6,0.1,0.94,1.17,1.17,1.23,1.4,0,8.2,0,0,0,0,0,0,0,0,0,0,0,0,0,0,0,0,0,0,0,0,0,0,0,0,0,0,0,0,0
572=148527,0.54,151.2,0,0,0,0,0,0,763.828,0,150.2,150.7,150.4,146.3,0.1,0.54,0.76,0.76,0.81,1.19,0,8.2,0,0,0,0,0,0,0,0,0,0,0,0,0,0,0,0,0,0,0,0,0,0,0,0,0,0,0,0,0
573=148527,0.54,151.2,0,0,0,0,0,0,763.828,0,150.2,150.7,150.4,146.3,0.1,0.54,0.76,0.76,0.81,1.19,0,8.2,0,0,0,0,0,0,0,0,0,0,0,0,0,0,0,0,0,0,0,0,0,0,0,0,0,0,0,0,0
574=148920,0.21,151.8,0,0,0,0,0,0,763.828,0,150.8,151.3,151,147,0.1,0.21,0.41,0.41,0.46,1.05,0,8.2,0,0,0,0,0,0,0,0,0,0,0,0,0,0,0,0,0,0,0,0,0,0,0,0,0,0,0,0,0
575=148920,0.21,151.8,0,0,0,0,0,0,763.828,0,150.8,151.3,151,147,0.1,0.21,0.41,0.41,0.46,1.05,0,8.2,0,0,0,0,0,0,0,0,0,0,0,0,0,0,0,0,0,0,0,0,0,0,0,0,0,0,0,0,0
576=149328,0.01,152.3,0,0,0,0,0,0,763.828,0,151.4,151.9,151.6,147.7,0.1,0.01,0.19,0.2,0.26,0.96,0,8.2,0,0,0,0,0,0,0,0,0,0,0,0,0,0,0,0,0,0,0,0,0,0,0,0,0,0,0,0,0
577=149328,0.01,152.3,0,0,0,0,0,0,763.828,0,151.4,151.9,151.6,147.7,0.1,0.01,0.19,0.2,0.26,0.96,0,8.2,0,0,0,0,0,0,0,0,0,0,0,0,0,0,0,0,0,0,0,0,0,0,0,0,0,0,0,0,0
578=149732,0,152.9,0,0,0,0,0,0,763.828,0,152,152.5,152.2,148.5,0.1,0,0.02,0.04,0.1,0.89,0,8.2,0,0,0,0,0,0,0,0,0,0,0,0,0,0,0,0,0,0,0,0,0,0,0,0,0,0,0,0,0
579=149732,0,152.9,0,0,0,0,0,0,763.828,0,152,152.5,152.2,148.5,0.1,0,0.02,0.04,0.1,0.89,0,8.2,0,0,0,0,0,0,0,0,0,0,0,0,0,0,0,0,0,0,0,0,0,0,0,0,0,0,0,0,0
580=150145,0,153.4,0,0,0,0,0,0,763.828,0,152.6,153.1,152.8,149.1,0.1,0,0,0,0,0.84,0,8.2,0,0,0,0,0,0,0,0,0,0,0,0,0,0,0,0,0,0,0,0,0,0,0,0,0,0,0,0,0
581=150145,0,153.4,0,0,0,0,0,0,763.828,0,152.6,153.1,152.8,149.1,0.1,0,0,0,0,0.84,0,8.2,0,0,0,0,0,0,0,0,0,0,0,0,0,0,0,0,0,0,0,0,0,0,0,0,0,0,0,0,0
582=150552,0,153.9,0,0,0,0,0,0,763.828,0,153.2,153.6,153.3,149.8,0.1,0,0,0,0,0.79,0,8.2,0,0,0,0,0,0,0,0,0,0,0,0,0,0,0,0,0,0,0,0,0,0,0,0,0,0,0,0,0
583=150552,0,153.9,0,0,0,0,0,0,763.828,0,153.2,153.6,153.3,149.8,0.1,0,0,0,0,0.79,0,8.2,0,0,0,0,0,0,0,0,0,0,0,0,0,0,0,0,0,0,0,0,0,0,0,0,0,0,0,0,0
584=150964,0,154.4,0,0,0,0,0,0,763.828,0,153.8,154.1,153.8,150.3,0.1,0,0,0,0,0.76,0,8.2,0,0,0,0,0,0,0,0,0,0,0,0,0,0,0,0,0,0,0,0,0,0,0,0,0,0,0,0,0
585=150964,0,154.4,0,0,0,0,0,0,763.828,0,153.8,154.1,153.8,150.3,0.1,0,0,0,0,0.76,0,8.2,0,0,0,0,0,0,0,0,0,0,0,0,0,0,0,0,0,0,0,0,0,0,0,0,0,0,0,0,0
586=151364,0,154.8,0,0,0,0,0,0,763.828,0,154.4,154.6,154.4,150.8,0.1,0,0,0,0,0.73,0,8.2,0,0,0,0,0,0,0,0,0,0,0,0,0,0,0,0,0,0,0,0,0,0,0,0,0,0,0,0,0
587=151364,0,154.8,0,0,0,0,0,0,763.828,0,154.4,154.6,154.4,150.8,0.1,0,0,0,0,0.73,0,8.2,0,0,0,0,0,0,0,0,0,0,0,0,0,0,0,0,0,0,0,0,0,0,0,0,0,0,0,0,0
588=151770,0,155.4,0,0,0,0,0,0,763.828,0,155,155.2,155,151.3,0.1,0,0,0,0,0.69,0,8.2,0,0,0,0,0,0,0,0,0,0,0,0,0,0,0,0,0,0,0,0,0,0,0,0,0,0,0,0,0
589=151770,0,155.4,0,0,0,0,0,0,763.828,0,155,155.2,155,151.3,0.1,0,0,0,0,0.69,0,8.2,0,0,0,0,0,0,0,0,0,0,0,0,0,0,0,0,0,0,0,0,0,0,0,0,0,0,0,0,0
590=152171,0,155.8,0,0,0,0,0,0,763.828,0,155.6,155.7,155.4,151.7,0.1,0,0,0,0,0.67,0,8.2,0,0,0,0,0,0,0,0,0,0,0,0,0,0,0,0,0,0,0,0,0,0,0,0,0,0,0,0,0
591=152171,0,155.8,0,0,0,0,0,0,763.828,0,155.6,155.7,155.4,151.7,0.1,0,0,0,0,0.67,0,8.2,0,0,0,0,0,0,0,0,0,0,0,0,0,0,0,0,0,0,0,0,0,0,0,0,0,0,0,0,0
592=152585,0,156.2,0,0,0,0,0,0,763.828,0,156,156.1,155.8,152,0.1,0,0,0,0,0.65,0,8.2,0,0,0,0,0,0,0,0,0,0,0,0,0,0,0,0,0,0,0,0,0,0,0,0,0,0,0,0,0
593=152585,0,156.2,0,0,0,0,0,0,763.828,0,156,156.1,155.8,152,0.1,0,0,0,0,0.65,0,8.2,0,0,0,0,0,0,0,0,0,0,0,0,0,0,0,0,0,0,0,0,0,0,0,0,0,0,0,0,0
594=152991,0,156.6,0,0,0,0,0,0,763.828,0,156.4,156.5,156.2,152.1,0.1,0,0,0,0,0.64,0,8.2,0,0,0,0,0,0,0,0,0,0,0,0,0,0,0,0,0,0,0,0,0,0,0,0,0,0,0,0,0
595=152991,0,156.6,0,0,0,0,0,0,763.828,0,156.4,156.5,156.2,152.1,0.1,0,0,0,0,0.64,0,8.2,0,0,0,0,0,0,0,0,0,0,0,0,0,0,0,0,0,0,0,0,0,0,0,0,0,0,0,0,0
596=153399,0,156.7,0,0,0,0,0,0,763.828,0,156.6,156.6,156.4,152.3,0.1,0,0,0,0,0.62,0,8.2,0,0,0,0,0,0,0,0,0,0,0,0,0,0,0,0,0,0,0,0,0,0,0,0,0,0,0,0,0
597=153399,0,156.7,0,0,0,0,0,0,763.828,0,156.6,156.6,156.4,152.3,0.1,0,0,0,0,0.62,0,8.2,0,0,0,0,0,0,0,0,0,0,0,0,0,0,0,0,0,0,0,0,0,0,0,0,0,0,0,0,0
598=153800,0,157,0,0,0,0,0,0,763.828,0,157,156.9,156.7,152.5,0.1,0,0,0,0,0.6,0,8.2,0,0,0,0,0,0,0,0,0,0,0,0,0,0,0,0,0,0,0,0,0,0,0,0,0,0,0,0,0
599=153800,0,157,0,0,0,0,0,0,763.828,0,157,156.9,156.7,152.5,0.1,0,0,0,0,0.6,0,8.2,0,0,0,0,0,0,0,0,0,0,0,0,0,0,0,0,0,0,0,0,0,0,0,0,0,0,0,0,0
600=154235,0,157.4,0,0,0,0,0,0,763.828,0,157.5,157.4,157.1,152.7,0.1,0,0,0,0,0.58,0,8.2,0,0,0,0,0,0,0,0,0,0,0,0,0,0,0,0,0,0,0,0,0,0,0,0,0,0,0,0,0
601=154235,0,157.4,0,0,0,0,0,0,763.828,0,157.5,157.4,157.1,152.7,0.1,0,0,0,0,0.58,0,8.2,0,0,0,0,0,0,0,0,0,0,0,0,0,0,0,0,0,0,0,0,0,0,0,0,0,0,0,0,0
602=154616,0,157.5,0,0,0,0,0,0,763.828,0,157.6,157.5,157.3,152.7,0.1,0,0,0,0,0.57,0,8.2,0,0,0,0,0,0,0,0,0,0,0,0,0,0,0,0,0,0,0,0,0,0,0,0,0,0,0,0,0
603=154616,0,157.5,0,0,0,0,0,0,763.828,0,157.6,157.5,157.3,152.7,0.1,0,0,0,0,0.57,0,8.2,0,0,0,0,0,0,0,0,0,0,0,0,0,0,0,0,0,0,0,0,0,0,0,0,0,0,0,0,0
604=154616,0,157.5,0,0,0,0,0,0,763.828,0,157.6,157.5,157.3,152.7,0.1,0,0,0,0,0.57,0,8.2,0,0,0,0,0,0,0,0,0,0,0,0,0,0,0,0,0,0,0,0,0,0,0,0,0,0,0,0,0
605=172358,0,156.6,0,0,0,0,0,0,763.828,0,158,157,156.9,149.2,0.1,0,0,0,0,0.74,0,7.2,0,0,0,0,0,0,0,0,0,0,0,0,0,0,0,0,0,0,0,0,0,0,0,0,0,0,0,0,0
606=172358,0,156.6,0,0,0,0,0,0,763.828,0,158,157,156.9,149.2,0.1,0,0,0,0,0.74,0,7.2,0,0,0,0,0,0,0,0,0,0,0,0,0,0,0,0,0,0,0,0,0,0,0,0,0,0,0,0,0
607=172685,0,156.5,0,0,0,0,0,0,763.828,0,157.9,156.9,156.8,149.1,0.1,0,0,0,0,0.75,0,7.2,0,0,0,0,0,0,0,0,0,0,0,0,0,0,0,0,0,0,0,0,0,0,0,0,0,0,0,0,0
608=172685,0,156.5,0,0,0,0,0,0,763.828,0,157.9,156.9,156.8,149.1,0.1,0,0,0,0,0.75,0,7.2,0,0,0,0,0,0,0,0,0,0,0,0,0,0,0,0,0,0,0,0,0,0,0,0,0,0,0,0,0
609=173024,0,156.4,0,0,0,0,0,0,763.828,0,157.8,156.9,156.7,149.1,0.1,0,0,0,0,0.76,0,7.2,0,0,0,0,0,0,0,0,0,0,0,0,0,0,0,0,0,0,0,0,0,0,0,0,0,0,0,0,0
610=173024,0,156.4,0,0,0,0,0,0,763.828,0,157.8,156.9,156.7,149.1,0.1,0,0,0,0,0.76,0,7.2,0,0,0,0,0,0,0,0,0,0,0,0,0,0,0,0,0,0,0,0,0,0,0,0,0,0,0,0,0
611=173379,0,156.4,0,0,0,0,0,0,763.828,0,157.8,156.8,156.7,149,0.1,0,0,0,0,0.76,0,7.2,0,0,0,0,0,0,0,0,0,0,0,0,0,0,0,0,0,0,0,0,0,0,0,0,0,0,0,0,0
612=173379,0,156.4,0,0,0,0,0,0,763.828,0,157.8,156.8,156.7,149,0.1,0,0,0,0,0.76,0,7.2,0,0,0,0,0,0,0,0,0,0,0,0,0,0,0,0,0,0,0,0,0,0,0,0,0,0,0,0,0
613=173702,0,156.3,0,0,0,0,0,0,763.828,0,157.7,156.8,156.6,149,0.1,0,0,0,0,0.77,0,7.2,0,0,0,0,0,0,0,0,0,0,0,0,0,0,0,0,0,0,0,0,0,0,0,0,0,0,0,0,0
614=173702,0,156.3,0,0,0,0,0,0,763.828,0,157.7,156.8,156.6,149,0.1,0,0,0,0,0.77,0,7.2,0,0,0,0,0,0,0,0,0,0,0,0,0,0,0,0,0,0,0,0,0,0,0,0,0,0,0,0,0
615=174035,0,156.3,0,0,0,0,0,0,763.828,0,157.7,156.7,156.6,149,0.1,0,0,0,0,0.77,0,7.2,0,0,0,0,0,0,0,0,0,0,0,0,0,0,0,0,0,0,0,0,0,0,0,0,0,0,0,0,0
616=174035,0,156.3,0,0,0,0,0,0,763.828,0,157.7,156.7,156.6,149,0.1,0,0,0,0,0.77,0,7.2,0,0,0,0,0,0,0,0,0,0,0,0,0,0,0,0,0,0,0,0,0,0,0,0,0,0,0,0,0
617=174385,0,156.2,0,0,0,0,0,0,763.828,0,157.6,156.6,156.5,149,0.1,0,0,0,0,0.77,0,7.2,0,0,0,0,0,0,0,0,0,0,0,0,0,0,0,0,0,0,0,0,0,0,0,0,0,0,0,0,0
618=174385,0,156.2,0,0,0,0,0,0,763.828,0,157.6,156.6,156.5,149,0.1,0,0,0,0,0.77,0,7.2,0,0,0,0,0,0,0,0,0,0,0,0,0,0,0,0,0,0,0,0,0,0,0,0,0,0,0,0,0
619=174785,0,156.2,0,0,0,0,0,0,763.828,0,157.6,156.6,156.5,149,0.1,0,0,0,0,0.77,0,7.2,0,0,0,0,0,0,0,0,0,0,0,0,0,0,0,0,0,0,0,0,0,0,0,0,0,0,0,0,0
620=174785,0,156.2,0,0,0,0,0,0,763.828,0,157.6,156.6,156.5,149,0.1,0,0,0,0,0.77,0,7.2,0,0,0,0,0,0,0,0,0,0,0,0,0,0,0,0,0,0,0,0,0,0,0,0,0,0,0,0,0
621=175118,0,156.1,0,0,0,0,0,0,763.828,0,157.5,156.5,156.4,149,0.1,0,0,0,0,0.78,0,7.2,0,0,0,0,0,0,0,0,0,0,0,0,0,0,0,0,0,0,0,0,0,0,0,0,0,0,0,0,0
622=175118,0,156.1,0,0,0,0,0,0,763.828,0,157.5,156.5,156.4,149,0.1,0,0,0,0,0.78,0,7.2,0,0,0,0,0,0,0,0,0,0,0,0,0,0,0,0,0,0,0,0,0,0,0,0,0,0,0,0,0
623=175520,0,156,0,0,0,0,0,0,763.828,0,157.5,156.5,156.4,149,0.1,0,0,0,0,0.78,0,7.2,0,0,0,0,0,0,0,0,0,0,0,0,0,0,0,0,0,0,0,0,0,0,0,0,0,0,0,0,0
624=175520,0,156,0,0,0,0,0,0,763.828,0,157.5,156.5,156.4,149,0.1,0,0,0,0,0.78,0,7.2,0,0,0,0,0,0,0,0,0,0,0,0,0,0,0,0,0,0,0,0,0,0,0,0,0,0,0,0,0
625=175852,0,156,0,0,0,0,0,0,763.828,0,157.5,156.5,156.4,149,0.1,0,0,0,0,0.78,0,7.2,0,0,0,0,0,0,0,0,0,0,0,0,0,0,0,0,0,0,0,0,0,0,0,0,0,0,0,0,0
626=175852,0,156,0,0,0,0,0,0,763.828,0,157.5,156.5,156.4,149,0.1,0,0,0,0,0.78,0,7.2,0,0,0,0,0,0,0,0,0,0,0,0,0,0,0,0,0,0,0,0,0,0,0,0,0,0,0,0,0
627=176175,0,156,0,0,0,0,0,0,763.828,0,157.4,156.4,156.3,149,0.1,0,0,0,0,0.78,0,7.2,0,0,0,0,0,0,0,0,0,0,0,0,0,0,0,0,0,0,0,0,0,0,0,0,0,0,0,0,0
628=176175,0,156,0,0,0,0,0,0,763.828,0,157.4,156.4,156.3,149,0.1,0,0,0,0,0.78,0,7.2,0,0,0,0,0,0,0,0,0,0,0,0,0,0,0,0,0,0,0,0,0,0,0,0,0,0,0,0,0
629=176519,0,155.9,0,0,0,0,0,0,763.828,0,157.4,156.4,156.3,149,0.1,0,0,0,0,0.78,0,7.2,0,0,0,0,0,0,0,0,0,0,0,0,0,0,0,0,0,0,0,0,0,0,0,0,0,0,0,0,0
630=176519,0,155.9,0,0,0,0,0,0,763.828,0,157.4,156.4,156.3,149,0.1,0,0,0,0,0.78,0,7.2,0,0,0,0,0,0,0,0,0,0,0,0,0,0,0,0,0,0,0,0,0,0,0,0,0,0,0,0,0
631=176853,0,155.9,0,0,0,0,0,0,763.828,0,157.4,156.3,156.3,149.1,0.1,0,0,0,0,0.78,0,7.2,0,0,0,0,0,0,0,0,0,0,0,0,0,0,0,0,0,0,0,0,0,0,0,0,0,0,0,0,0
632=176853,0,155.9,0,0,0,0,0,0,763.828,0,157.4,156.3,156.3,149.1,0.1,0,0,0,0,0.78,0,7.2,0,0,0,0,0,0,0,0,0,0,0,0,0,0,0,0,0,0,0,0,0,0,0,0,0,0,0,0,0
633=177185,0,155.8,0,0,0,0,0,0,763.828,0,157.3,156.3,156.2,149.1,0.1,0,0,0,0,0.78,0,7.2,0,0,0,0,0,0,0,0,0,0,0,0,0,0,0,0,0,0,0,0,0,0,0,0,0,0,0,0,0
634=177185,0,155.8,0,0,0,0,0,0,763.828,0,157.3,156.3,156.2,149.1,0.1,0,0,0,0,0.78,0,7.2,0,0,0,0,0,0,0,0,0,0,0,0,0,0,0,0,0,0,0,0,0,0,0,0,0,0,0,0,0
635=177508,0,155.8,0,0,0,0,0,0,763.828,0,157.3,156.2,156.2,149.1,0.1,0,0,0,0,0.78,0,7.2,0,0,0,0,0,0,0,0,0,0,0,0,0,0,0,0,0,0,0,0,0,0,0,0,0,0,0,0,0
636=177508,0,155.8,0,0,0,0,0,0,763.828,0,157.3,156.2,156.2,149.1,0.1,0,0,0,0,0.78,0,7.2,0,0,0,0,0,0,0,0,0,0,0,0,0,0,0,0,0,0,0,0,0,0,0,0,0,0,0,0,0
637=177843,0,155.8,0,0,0,0,0,0,763.828,0,157.3,156.2,156.2,149.1,0.1,0,0,0,0,0.77,0,7.2,0,0,0,0,0,0,0,0,0,0,0,0,0,0,0,0,0,0,0,0,0,0,0,0,0,0,0,0,0
638=177843,0,155.8,0,0,0,0,0,0,763.828,0,157.3,156.2,156.2,149.1,0.1,0,0,0,0,0.77,0,7.2,0,0,0,0,0,0,0,0,0,0,0,0,0,0,0,0,0,0,0,0,0,0,0,0,0,0,0,0,0
639=178189,0,155.8,0,0,0,0,0,0,763.828,0,157.3,156.2,156.2,149.2,0.1,0,0,0,0,0.77,0,7.2,0,0,0,0,0,0,0,0,0,0,0,0,0,0,0,0,0,0,0,0,0,0,0,0,0,0,0,0,0
640=178189,0,155.8,0,0,0,0,0,0,763.828,0,157.3,156.2,156.2,149.2,0.1,0,0,0,0,0.77,0,7.2,0,0,0,0,0,0,0,0,0,0,0,0,0,0,0,0,0,0,0,0,0,0,0,0,0,0,0,0,0
641=178539,0,155.7,0,0,0,0,0,0,763.828,0,157.3,156.2,156.2,149.2,0.1,0,0,0,0,0.77,0,7.2,0,0,0,0,0,0,0,0,0,0,0,0,0,0,0,0,0,0,0,0,0,0,0,0,0,0,0,0,0
642=178539,0,155.7,0,0,0,0,0,0,763.828,0,157.3,156.2,156.2,149.2,0.1,0,0,0,0,0.77,0,7.2,0,0,0,0,0,0,0,0,0,0,0,0,0,0,0,0,0,0,0,0,0,0,0,0,0,0,0,0,0
643=178903,0,155.7,0,0,0,0,0,0,763.828,0,157.2,156.2,156.1,149.3,0.1,0,0,0,0,0.77,0,7.2,0,0,0,0,0,0,0,0,0,0,0,0,0,0,0,0,0,0,0,0,0,0,0,0,0,0,0,0,0
644=178903,0,155.7,0,0,0,0,0,0,763.828,0,157.2,156.2,156.1,149.3,0.1,0,0,0,0,0.77,0,7.2,0,0,0,0,0,0,0,0,0,0,0,0,0,0,0,0,0,0,0,0,0,0,0,0,0,0,0,0,0
645=179287,0,155.7,0,0,0,0,0,0,763.828,0,157.2,156.1,156.1,149.3,0.1,0,0,0,0,0.77,0,7.2,0,0,0,0,0,0,0,0,0,0,0,0,0,0,0,0,0,0,0,0,0,0,0,0,0,0,0,0,0
646=179287,0,155.7,0,0,0,0,0,0,763.828,0,157.2,156.1,156.1,149.3,0.1,0,0,0,0,0.77,0,7.2,0,0,0,0,0,0,0,0,0,0,0,0,0,0,0,0,0,0,0,0,0,0,0,0,0,0,0,0,0
647=179638,0,155.6,0,0,0,0,0,0,763.828,0,157.2,156.1,156.1,149.4,0.1,0,0,0,0,0.77,0,7.2,0,0,0,0,0,0,0,0,0,0,0,0,0,0,0,0,0,0,0,0,0,0,0,0,0,0,0,0,0
