[COMMENT]
RecordTime=2024/11/7 ¤U¤È 03:53:37
InputDevice=1
InputObject=0
ColumnName=Index,Time,Intensity,TC,Pump,Gas1~4,Pressure,MTC1~5,Power1~5,O2
PumpDownTime=0
[STEP 1]
ACTION=Idle
TEMP=0
TIME=3
GN2=0
PN2=0
AO2=0
BO2=0
NA=0
Pump=0
[STEP 2]
ACTION=Idle
TEMP=0
TIME=3
GN2=40
PN2=0
AO2=0
BO2=0
NA=0
Pump=0
[STEP 3]
ACTION=Idle
TEMP=0
TIME=3
GN2=0
PN2=0
AO2=0
BO2=0
NA=0
Pump=0
[STEP 4]
ACTION=Idle
TEMP=0
TIME=3
GN2=0
PN2=0
AO2=3
BO2=0
NA=0
Pump=0
[STEP 5]
ACTION=Ramp up
TEMP=100
TIME=40
GN2=0
PN2=0
AO2=3
BO2=0
NA=0
Pump=0
[STEP 6]
ACTION=Hold
TEMP=100
TIME=60
GN2=0
PN2=0
AO2=3
BO2=0
NA=0
Pump=0
[STEP 7]
ACTION=Ramp up
TEMP=150
TIME=30
GN2=0
PN2=0
AO2=3
BO2=0
NA=0
Pump=0
[STEP 8]
ACTION=Hold
TEMP=150
TIME=240
GN2=0
PN2=0
AO2=3
BO2=0
NA=0
Pump=0
[STEP 9]
ACTION=Idle
TEMP=0
TIME=10
GN2=1
PN2=0
AO2=0
BO2=0
NA=0
Pump=0
[STEP 10]
ACTION=Idle
TEMP=0
TIME=120
GN2=90
PN2=0
AO2=0
BO2=0
NA=0
Pump=0
[STEP 11]
ACTION=Idle
TEMP=0
TIME=10
GN2=5
PN2=0
AO2=0
BO2=0
NA=0
Pump=0
[STEP 12]
ACTION=Stop
TEMP=0
TIME=0
GN2=0
PN2=0
AO2=0
BO2=0
NA=0
Pump=0
[STEP 13]
ACTION=Stop
TEMP=0
TIME=0
GN2=0
PN2=0
AO2=0
BO2=0
NA=0
Pump=0
[STEP 14]
ACTION=Stop
TEMP=0
TIME=0
GN2=0
PN2=0
AO2=0
BO2=0
NA=0
Pump=0
[STEP 15]
ACTION=Stop
TEMP=0
TIME=0
GN2=0
PN2=0
AO2=0
BO2=0
NA=0
Pump=0
[STEP 16]
ACTION=Stop
TEMP=0
TIME=0
GN2=0
PN2=0
AO2=0
BO2=0
NA=0
Pump=0
[STEP 17]
ACTION=Stop
TEMP=0
TIME=0
GN2=0
PN2=0
AO2=0
BO2=0
NA=0
Pump=0
[STEP 18]
ACTION=Stop
TEMP=0
TIME=0
GN2=0
PN2=0
AO2=0
BO2=0
NA=0
Pump=0
[STEP 19]
ACTION=Stop
TEMP=0
TIME=0
GN2=0
PN2=0
AO2=0
BO2=0
NA=0
Pump=0
[STEP 20]
ACTION=Stop
TEMP=0
TIME=0
GN2=0
PN2=0
AO2=0
BO2=0
NA=0
Pump=0
[STEP 21]
ACTION=Stop
TEMP=0
TIME=0
GN2=0
PN2=0
AO2=0
BO2=0
NA=0
Pump=0
[STEP 22]
ACTION=Stop
TEMP=0
TIME=0
GN2=0
PN2=0
AO2=0
BO2=0
NA=0
Pump=0
[STEP 23]
ACTION=Stop
TEMP=0
TIME=0
GN2=0
PN2=0
AO2=0
BO2=0
NA=0
Pump=0
[STEP 24]
ACTION=Stop
TEMP=0
TIME=0
GN2=0
PN2=0
AO2=0
BO2=0
NA=0
Pump=0
[STEP 25]
ACTION=Stop
TEMP=0
TIME=0
GN2=0
PN2=0
AO2=0
BO2=0
NA=0
Pump=0
[STEP 26]
ACTION=Stop
TEMP=0
TIME=0
GN2=0
PN2=0
AO2=0
BO2=0
NA=0
Pump=0
[STEP 27]
ACTION=Stop
TEMP=0
TIME=0
GN2=0
PN2=0
AO2=0
BO2=0
NA=0
Pump=0
[STEP 28]
ACTION=Stop
TEMP=0
TIME=0
GN2=0
PN2=0
AO2=0
BO2=0
NA=0
Pump=0
[STEP 29]
ACTION=Stop
TEMP=0
TIME=0
GN2=0
PN2=0
AO2=0
BO2=0
NA=0
Pump=0
[STEP 30]
ACTION=Stop
TEMP=0
TIME=0
GN2=0
PN2=0
AO2=0
BO2=0
NA=0
Pump=0
[STEP 31]
ACTION=Stop
TEMP=0
TIME=0
GN2=0
PN2=0
AO2=0
BO2=0
NA=0
Pump=0
[STEP 32]
ACTION=Stop
TEMP=0
TIME=0
GN2=0
PN2=0
AO2=0
BO2=0
NA=0
Pump=0
[STEP 33]
ACTION=Stop
TEMP=0
TIME=0
GN2=0
PN2=0
AO2=0
BO2=0
NA=0
Pump=0
[STEP 34]
ACTION=Stop
TEMP=0
TIME=0
GN2=0
PN2=0
AO2=0
BO2=0
NA=0
Pump=0
[STEP 35]
ACTION=Stop
TEMP=0
TIME=0
GN2=0
PN2=0
AO2=0
BO2=0
NA=0
Pump=0
[STEP 36]
ACTION=Stop
TEMP=0
TIME=0
GN2=0
PN2=0
AO2=0
BO2=0
NA=0
Pump=0
[STEP 37]
ACTION=Stop
TEMP=0
TIME=0
GN2=0
PN2=0
AO2=0
BO2=0
NA=0
Pump=0
[STEP 38]
ACTION=Stop
TEMP=0
TIME=0
GN2=0
PN2=0
AO2=0
BO2=0
NA=0
Pump=0
[STEP 39]
ACTION=Stop
TEMP=0
TIME=0
GN2=0
PN2=0
AO2=0
BO2=0
NA=0
Pump=0
[STEP 40]
ACTION=Stop
TEMP=0
TIME=0
GN2=0
PN2=0
AO2=0
BO2=0
NA=0
Pump=0
[STEP 41]
ACTION=Stop
TEMP=0
TIME=0
GN2=0
PN2=0
AO2=0
BO2=0
NA=0
Pump=0
[STEP 42]
ACTION=Stop
TEMP=0
TIME=0
GN2=0
PN2=0
AO2=0
BO2=0
NA=0
Pump=0
[STEP 43]
ACTION=Stop
TEMP=0
TIME=0
GN2=0
PN2=0
AO2=0
BO2=0
NA=0
Pump=0
[STEP 44]
ACTION=Stop
TEMP=0
TIME=0
GN2=0
PN2=0
AO2=0
BO2=0
NA=0
Pump=0
[STEP 45]
ACTION=Stop
TEMP=0
TIME=0
GN2=0
PN2=0
AO2=0
BO2=0
NA=0
Pump=0
[STEP 46]
ACTION=Stop
TEMP=0
TIME=0
GN2=0
PN2=0
AO2=0
BO2=0
NA=0
Pump=0
[STEP 47]
ACTION=Stop
TEMP=0
TIME=0
GN2=0
PN2=0
AO2=0
BO2=0
NA=0
Pump=0
[STEP 48]
ACTION=Stop
TEMP=0
TIME=0
GN2=0
PN2=0
AO2=0
BO2=0
NA=0
Pump=0
[STEP 49]
ACTION=Stop
TEMP=0
TIME=0
GN2=0
PN2=0
AO2=0
BO2=0
NA=0
Pump=0
[STEP 50]
ACTION=Stop
TEMP=0
TIME=0
GN2=0
PN2=0
AO2=0
BO2=0
NA=0
Pump=0
[COFFICIENT]
IntensityWeightD1=0
IntensityWeightD2=0
IntensityWeightD3=0
IntensityWeightD4=0.2
IntensityWeightD5=0
IntensityWeightS1=0
IntensityWeightS2=0
IntensityWeightS3=0
IntensityWeightS4=0
IntensityWeightS5=0
[CONTROL_LOOP]
Proportional=0.04
Proportional2=0.04
Integrnal=0.001
Integral2=0.00065
Derivational=0
Factor1=0
Factor2=0
InputDevice=1
Overshoot=200
[PROCESS_RECORD]
No=Time,Intensity,TC1,NA,Gas1,Gas2,Gas3,Gas4,Gas5,Pressure,Gas6,TC2,TC3,TC4,TC5,TC6,Power1,Power2,Power3,Power4,Power5,O2-Gauge,TC7,O2,MTC8,MTC9,MTC10,MTC11,MTC12,MTC13,MTC14,MTC15,MTC16,MTC17,MTC18,MTC19,MTC20,MTC21,MTC22,MTC23
0=7326,0,93.3,0,0,0,0,0,0,763.828,0,93.9,91.8,92.5,87.5,0.1,0,0,0,0,0,0,6.1,0,0,0,0,0,0,0,0,0,0,0,0,0,0,0,0,0,0,0,0,0,0,0,0,0,0,0,0,0
1=8320,0,93.2,0,0,0,0,0,0,763.828,0,93.9,91.7,92.4,87.4,0.1,0,0,0,0,0,0,6.1,0,0,0,0,0,0,0,0,0,0,0,0,0,0,0,0,0,0,0,0,0,0,0,0,0,0,0,0,0
2=11595,0,93,0,31.92,0,0,0,0,763.828,0,93.7,91.6,92.2,87.2,0.1,0,0,0,0,0,0,16.6,0,0,0,0,0,0,0,0,0,0,0,0,0,0,0,0,0,0,0,0,0,0,0,0,0,0,0,0,0
3=12576,0,93,0,39.971,0,0,0,0,763.828,0,93.7,91.5,92.2,87.1,0.1,0,0,0,0,0,0,17.7,0,0,0,0,0,0,0,0,0,0,0,0,0,0,0,0,0,0,0,0,0,0,0,0,0,0,0,0,0
4=14880,0,92.8,0,36.18,0,0,0,0,763.828,0,93.5,91.4,91.9,86.8,0.1,0,0,0,0,0,0,15.6,0,0,0,0,0,0,0,0,0,0,0,0,0,0,0,0,0,0,0,0,0,0,0,0,0,0,0,0,0
5=15887,0,92.7,0,0,0,0,0,0,763.828,0,93.4,91.3,91.8,86.7,0.1,0,0,0,0,0,0,12.3,0,0,0,0,0,0,0,0,0,0,0,0,0,0,0,0,0,0,0,0,0,0,0,0,0,0,0,0,0
6=19583,0,92.4,0,0,0,0,0,0,763.828,0,93,91,91.4,86.3,0.1,0,0,0,0,0,0,9.3,0,0,0,0,0,0,0,0,0,0,0,0,0,0,0,0,0,0,0,0,0,0,0,0,0,0,0,0,0
7=20558,0,92.3,0,0,0,0,0,0,763.828,0,93,91,91.2,86.2,0.1,0,0,0,0,0,0,8.8,0,0,0,0,0,0,0,0,0,0,0,0,0,0,0,0,0,0,0,0,0,0,0,0,0,0,0,0,0
8=20558,0,92.3,0,0,0,0,0,0,763.828,0,93,91,91.2,86.2,0.1,0,0,0,0,0,0,8.8,0,0,0,0,0,0,0,0,0,0,0,0,0,0,0,0,0,0,0,0,0,0,0,0,0,0,0,0,0
9=23308,0,92.1,0,0,0,0,0,0,763.828,0,92.8,90.8,91,86,0.1,0,0,0,0,0,0,7.7,0,0,0,0,0,0,0,0,0,0,0,0,0,0,0,0,0,0,0,0,0,0,0,0,0,0,0,0,0
10=23308,0,92.1,0,0,0,0,0,0,763.828,0,92.8,90.8,91,86,0.1,0,0,0,0,0,0,7.7,0,0,0,0,0,0,0,0,0,0,0,0,0,0,0,0,0,0,0,0,0,0,0,0,0,0,0,0,0
11=23712,0,92.1,0,0,0,0,0,0,763.828,0,92.7,90.7,91,86,0.1,0,0,0,0,0,0,7.5,0,0,0,0,0,0,0,0,0,0,0,0,0,0,0,0,0,0,0,0,0,0,0,0,0,0,0,0,0
12=23712,0,92.1,0,0,0,0,0,0,763.828,0,92.7,90.7,91,86,0.1,0,0,0,0,0,0,7.5,0,0,0,0,0,0,0,0,0,0,0,0,0,0,0,0,0,0,0,0,0,0,0,0,0,0,0,0,0
13=24112,0,92.1,0,0,0,0,0,0,763.828,0,92.7,90.7,90.9,86,0.1,0,0,0,0,0,0,7.3,0,0,0,0,0,0,0,0,0,0,0,0,0,0,0,0,0,0,0,0,0,0,0,0,0,0,0,0,0
14=24112,0,92.1,0,0,0,0,0,0,763.828,0,92.7,90.7,90.9,86,0.1,0,0,0,0,0,0,7.3,0,0,0,0,0,0,0,0,0,0,0,0,0,0,0,0,0,0,0,0,0,0,0,0,0,0,0,0,0
15=24519,0,92,0,0,0,0,0,0,763.828,0,92.7,90.7,90.9,86,0.1,0,0,0,0,0,0,7.2,0,0,0,0,0,0,0,0,0,0,0,0,0,0,0,0,0,0,0,0,0,0,0,0,0,0,0,0,0
16=24519,0,92,0,0,0,0,0,0,763.828,0,92.7,90.7,90.9,86,0.1,0,0,0,0,0,0,7.2,0,0,0,0,0,0,0,0,0,0,0,0,0,0,0,0,0,0,0,0,0,0,0,0,0,0,0,0,0
17=24929,0,92,0,0,0,0,0,0,763.828,0,92.7,90.7,90.9,86,0.1,0,0,0,0,0,0,7.2,0,0,0,0,0,0,0,0,0,0,0,0,0,0,0,0,0,0,0,0,0,0,0,0,0,0,0,0,0
18=24929,0,92,0,0,0,0,0,0,763.828,0,92.7,90.7,90.9,86,0.1,0,0,0,0,0,0,7.2,0,0,0,0,0,0,0,0,0,0,0,0,0,0,0,0,0,0,0,0,0,0,0,0,0,0,0,0,0
19=25340,0,92,0,0,0,0,0,0,763.828,0,92.6,90.6,90.8,86,0.1,0,0,0,0,0,0,7.2,0,0,0,0,0,0,0,0,0,0,0,0,0,0,0,0,0,0,0,0,0,0,0,0,0,0,0,0,0
20=25340,0,92,0,0,0,0,0,0,763.828,0,92.6,90.6,90.8,86,0.1,0,0,0,0,0,0,7.2,0,0,0,0,0,0,0,0,0,0,0,0,0,0,0,0,0,0,0,0,0,0,0,0,0,0,0,0,0
21=25740,0,92,0,0,0,0,0,0,763.828,0,92.6,90.6,90.8,86,0.1,0,0,0,0,0,0,7.2,0,0,0,0,0,0,0,0,0,0,0,0,0,0,0,0,0,0,0,0,0,0,0,0,0,0,0,0,0
22=25740,0,92,0,0,0,0,0,0,763.828,0,92.6,90.6,90.8,86,0.1,0,0,0,0,0,0,7.2,0,0,0,0,0,0,0,0,0,0,0,0,0,0,0,0,0,0,0,0,0,0,0,0,0,0,0,0,0
23=26156,0,91.9,0,0,0,0,0,0,763.828,0,92.6,90.6,90.8,86,0.1,0,0,0,0,0,0,7.2,0,0,0,0,0,0,0,0,0,0,0,0,0,0,0,0,0,0,0,0,0,0,0,0,0,0,0,0,0
24=26156,0,91.9,0,0,0,0,0,0,763.828,0,92.6,90.6,90.8,86,0.1,0,0,0,0,0,0,7.2,0,0,0,0,0,0,0,0,0,0,0,0,0,0,0,0,0,0,0,0,0,0,0,0,0,0,0,0,0
25=26561,0,91.9,0,0,0,0,0,0,763.828,0,92.6,90.6,90.7,85.9,0.1,0,0,0,0,0,0,7.2,0,0,0,0,0,0,0,0,0,0,0,0,0,0,0,0,0,0,0,0,0,0,0,0,0,0,0,0,0
26=26561,0,91.9,0,0,0,0,0,0,763.828,0,92.6,90.6,90.7,85.9,0.1,0,0,0,0,0,0,7.2,0,0,0,0,0,0,0,0,0,0,0,0,0,0,0,0,0,0,0,0,0,0,0,0,0,0,0,0,0
27=26962,0,91.9,0,0,0,0,0,0,763.828,0,92.5,90.6,90.7,85.9,0.1,0,0,0,0,0,0,7.2,0,0,0,0,0,0,0,0,0,0,0,0,0,0,0,0,0,0,0,0,0,0,0,0,0,0,0,0,0
28=26962,0,91.9,0,0,0,0,0,0,763.828,0,92.5,90.6,90.7,85.9,0.1,0,0,0,0,0,0,7.2,0,0,0,0,0,0,0,0,0,0,0,0,0,0,0,0,0,0,0,0,0,0,0,0,0,0,0,0,0
29=27363,0,91.9,0,0,0,0,0,0,763.828,0,92.5,90.5,90.7,85.9,0.1,0,0,0,0,0,0,7.2,0,0,0,0,0,0,0,0,0,0,0,0,0,0,0,0,0,0,0,0,0,0,0,0,0,0,0,0,0
30=27363,0,91.9,0,0,0,0,0,0,763.828,0,92.5,90.5,90.7,85.9,0.1,0,0,0,0,0,0,7.2,0,0,0,0,0,0,0,0,0,0,0,0,0,0,0,0,0,0,0,0,0,0,0,0,0,0,0,0,0
31=27789,0,91.8,0,0,0,0,0,0,763.828,0,92.5,90.5,90.7,85.9,0.1,0,0,0,0,0,0,7.1,0,0,0,0,0,0,0,0,0,0,0,0,0,0,0,0,0,0,0,0,0,0,0,0,0,0,0,0,0
32=27789,0,91.8,0,0,0,0,0,0,763.828,0,92.5,90.5,90.7,85.9,0.1,0,0,0,0,0,0,7.1,0,0,0,0,0,0,0,0,0,0,0,0,0,0,0,0,0,0,0,0,0,0,0,0,0,0,0,0,0
33=28177,0,91.8,0,0,0,0,0,0,763.828,0,92.5,90.5,90.6,85.9,0.1,0,0,0,0,0,0,7.1,0,0,0,0,0,0,0,0,0,0,0,0,0,0,0,0,0,0,0,0,0,0,0,0,0,0,0,0,0
34=28177,0,91.8,0,0,0,0,0,0,763.828,0,92.5,90.5,90.6,85.9,0.1,0,0,0,0,0,0,7.1,0,0,0,0,0,0,0,0,0,0,0,0,0,0,0,0,0,0,0,0,0,0,0,0,0,0,0,0,0
35=28592,0,91.8,0,0,0,0,0,0,763.828,0,92.5,90.5,90.6,85.9,0.1,0,0,0,0,0,0,7.1,0,0,0,0,0,0,0,0,0,0,0,0,0,0,0,0,0,0,0,0,0,0,0,0,0,0,0,0,0
36=28592,0,91.8,0,0,0,0,0,0,763.828,0,92.5,90.5,90.6,85.9,0.1,0,0,0,0,0,0,7.1,0,0,0,0,0,0,0,0,0,0,0,0,0,0,0,0,0,0,0,0,0,0,0,0,0,0,0,0,0
37=28992,0,91.8,0,0,0,0,0,0,763.828,0,92.4,90.5,90.6,85.9,0.1,0,0,0,0,0,0,7.1,0,0,0,0,0,0,0,0,0,0,0,0,0,0,0,0,0,0,0,0,0,0,0,0,0,0,0,0,0
38=28992,0,91.8,0,0,0,0,0,0,763.828,0,92.4,90.5,90.6,85.9,0.1,0,0,0,0,0,0,7.1,0,0,0,0,0,0,0,0,0,0,0,0,0,0,0,0,0,0,0,0,0,0,0,0,0,0,0,0,0
39=29392,0,91.8,0,0,0,0,0,0,763.828,0,92.4,90.4,90.6,85.9,0.1,0,0,0,0,0,0,7.1,0,0,0,0,0,0,0,0,0,0,0,0,0,0,0,0,0,0,0,0,0,0,0,0,0,0,0,0,0
40=29392,0,91.8,0,0,0,0,0,0,763.828,0,92.4,90.4,90.6,85.9,0.1,0,0,0,0,0,0,7.1,0,0,0,0,0,0,0,0,0,0,0,0,0,0,0,0,0,0,0,0,0,0,0,0,0,0,0,0,0
41=29813,0,91.8,0,0,0,0,0,0,763.828,0,92.4,90.4,90.6,85.8,0.1,0,0,0,0,0,0,7.1,0,0,0,0,0,0,0,0,0,0,0,0,0,0,0,0,0,0,0,0,0,0,0,0,0,0,0,0,0
42=29813,0,91.8,0,0,0,0,0,0,763.828,0,92.4,90.4,90.6,85.8,0.1,0,0,0,0,0,0,7.1,0,0,0,0,0,0,0,0,0,0,0,0,0,0,0,0,0,0,0,0,0,0,0,0,0,0,0,0,0
43=30209,0,91.7,0,0,0,0,0,0,763.828,0,92.4,90.4,90.5,85.8,0.1,0,0,0,0,0,0,7.1,0,0,0,0,0,0,0,0,0,0,0,0,0,0,0,0,0,0,0,0,0,0,0,0,0,0,0,0,0
44=30209,0,91.7,0,0,0,0,0,0,763.828,0,92.4,90.4,90.5,85.8,0.1,0,0,0,0,0,0,7.1,0,0,0,0,0,0,0,0,0,0,0,0,0,0,0,0,0,0,0,0,0,0,0,0,0,0,0,0,0
45=30618,0,91.7,0,0,0,0,0,0,763.828,0,92.4,90.4,90.5,85.8,0.1,0,0,0,0,0,0,7.1,0,0,0,0,0,0,0,0,0,0,0,0,0,0,0,0,0,0,0,0,0,0,0,0,0,0,0,0,0
46=30618,0,91.7,0,0,0,0,0,0,763.828,0,92.4,90.4,90.5,85.8,0.1,0,0,0,0,0,0,7.1,0,0,0,0,0,0,0,0,0,0,0,0,0,0,0,0,0,0,0,0,0,0,0,0,0,0,0,0,0
47=31020,0,91.7,0,0,0,0,0,0,763.828,0,92.3,90.4,90.5,85.8,0.1,0,0,0,0,0,0,7.1,0,0,0,0,0,0,0,0,0,0,0,0,0,0,0,0,0,0,0,0,0,0,0,0,0,0,0,0,0
48=31020,0,91.7,0,0,0,0,0,0,763.828,0,92.3,90.4,90.5,85.8,0.1,0,0,0,0,0,0,7.1,0,0,0,0,0,0,0,0,0,0,0,0,0,0,0,0,0,0,0,0,0,0,0,0,0,0,0,0,0
49=31422,0,91.7,0,0,0,0,0,0,763.828,0,92.3,90.3,90.5,85.8,0.1,0,0,0,0,0,0,7.1,0,0,0,0,0,0,0,0,0,0,0,0,0,0,0,0,0,0,0,0,0,0,0,0,0,0,0,0,0
50=31422,0,91.7,0,0,0,0,0,0,763.828,0,92.3,90.3,90.5,85.8,0.1,0,0,0,0,0,0,7.1,0,0,0,0,0,0,0,0,0,0,0,0,0,0,0,0,0,0,0,0,0,0,0,0,0,0,0,0,0
51=31865,0,91.6,0,0,0,0,0,0,763.828,0,92.3,90.3,90.4,85.8,0.1,0,0,0,0,0,0,6.7,0,0,0,0,0,0,0,0,0,0,0,0,0,0,0,0,0,0,0,0,0,0,0,0,0,0,0,0,0
52=31865,0,91.6,0,0,0,0,0,0,763.828,0,92.3,90.3,90.4,85.8,0.1,0,0,0,0,0,0,6.7,0,0,0,0,0,0,0,0,0,0,0,0,0,0,0,0,0,0,0,0,0,0,0,0,0,0,0,0,0
53=32270,0,91.6,0,0,0,0,0,0,763.828,0,92.3,90.3,90.4,85.8,0.1,0,0,0,0,0,0,6.4,0,0,0,0,0,0,0,0,0,0,0,0,0,0,0,0,0,0,0,0,0,0,0,0,0,0,0,0,0
54=32270,0,91.6,0,0,0,0,0,0,763.828,0,92.3,90.3,90.4,85.8,0.1,0,0,0,0,0,0,6.4,0,0,0,0,0,0,0,0,0,0,0,0,0,0,0,0,0,0,0,0,0,0,0,0,0,0,0,0,0
55=32684,0,91.6,0,0,0,0,0,0,763.828,0,92.3,90.3,90.4,85.7,0.1,0,0,0,0,0,0,6.3,0,0,0,0,0,0,0,0,0,0,0,0,0,0,0,0,0,0,0,0,0,0,0,0,0,0,0,0,0
56=32684,0,91.6,0,0,0,0,0,0,763.828,0,92.3,90.3,90.4,85.7,0.1,0,0,0,0,0,0,6.3,0,0,0,0,0,0,0,0,0,0,0,0,0,0,0,0,0,0,0,0,0,0,0,0,0,0,0,0,0
57=33093,0,91.6,0,0,0,0,0,0,763.828,0,92.2,90.2,90.4,85.7,0.1,0,0,0,0,0,0,6.2,0,0,0,0,0,0,0,0,0,0,0,0,0,0,0,0,0,0,0,0,0,0,0,0,0,0,0,0,0
58=33093,0,91.6,0,0,0,0,0,0,763.828,0,92.2,90.2,90.4,85.7,0.1,0,0,0,0,0,0,6.2,0,0,0,0,0,0,0,0,0,0,0,0,0,0,0,0,0,0,0,0,0,0,0,0,0,0,0,0,0
59=33486,0,91.6,0,0,0,0,0,0,763.828,0,92.2,90.2,90.4,85.7,0.1,0,0,0,0,0,0,6.2,0,0,0,0,0,0,0,0,0,0,0,0,0,0,0,0,0,0,0,0,0,0,0,0,0,0,0,0,0
60=33486,0,91.6,0,0,0,0,0,0,763.828,0,92.2,90.2,90.4,85.7,0.1,0,0,0,0,0,0,6.2,0,0,0,0,0,0,0,0,0,0,0,0,0,0,0,0,0,0,0,0,0,0,0,0,0,0,0,0,0
61=33894,0,91.5,0,0,0,0,0,0,763.828,0,92.2,90.2,90.3,85.7,0.1,0,0,0,0,0,0,6.2,0,0,0,0,0,0,0,0,0,0,0,0,0,0,0,0,0,0,0,0,0,0,0,0,0,0,0,0,0
62=33894,0,91.5,0,0,0,0,0,0,763.828,0,92.2,90.2,90.3,85.7,0.1,0,0,0,0,0,0,6.2,0,0,0,0,0,0,0,0,0,0,0,0,0,0,0,0,0,0,0,0,0,0,0,0,0,0,0,0,0
63=34311,0,91.5,0,0,0,0,0,0,763.828,0,92.2,90.2,90.3,85.7,0.1,0,0,0,0,0,0,6.1,0,0,0,0,0,0,0,0,0,0,0,0,0,0,0,0,0,0,0,0,0,0,0,0,0,0,0,0,0
64=34311,0,91.5,0,0,0,0,0,0,763.828,0,92.2,90.2,90.3,85.7,0.1,0,0,0,0,0,0,6.1,0,0,0,0,0,0,0,0,0,0,0,0,0,0,0,0,0,0,0,0,0,0,0,0,0,0,0,0,0
65=34705,0,91.5,0,0,0,0,0,0,763.828,0,92.2,90.2,90.3,85.7,0.1,0,0,0,0,0,0,6.1,0,0,0,0,0,0,0,0,0,0,0,0,0,0,0,0,0,0,0,0,0,0,0,0,0,0,0,0,0
66=34705,0,91.5,0,0,0,0,0,0,763.828,0,92.2,90.2,90.3,85.7,0.1,0,0,0,0,0,0,6.1,0,0,0,0,0,0,0,0,0,0,0,0,0,0,0,0,0,0,0,0,0,0,0,0,0,0,0,0,0
67=35119,0,91.5,0,0,0,0,0,0,763.828,0,92.1,90.1,90.3,85.7,0.1,0,0,0,0,0,0,6.1,0,0,0,0,0,0,0,0,0,0,0,0,0,0,0,0,0,0,0,0,0,0,0,0,0,0,0,0,0
68=35119,0,91.5,0,0,0,0,0,0,763.828,0,92.1,90.1,90.3,85.7,0.1,0,0,0,0,0,0,6.1,0,0,0,0,0,0,0,0,0,0,0,0,0,0,0,0,0,0,0,0,0,0,0,0,0,0,0,0,0
69=35522,0,91.5,0,0,0,0,0,0,763.828,0,92.1,90.1,90.3,85.6,0.1,0,0,0,0,0,0,6.1,0,0,0,0,0,0,0,0,0,0,0,0,0,0,0,0,0,0,0,0,0,0,0,0,0,0,0,0,0
70=35522,0,91.5,0,0,0,0,0,0,763.828,0,92.1,90.1,90.3,85.6,0.1,0,0,0,0,0,0,6.1,0,0,0,0,0,0,0,0,0,0,0,0,0,0,0,0,0,0,0,0,0,0,0,0,0,0,0,0,0
71=35972,0,91.4,0,0,0,0,0,0,763.828,0,92.1,90.1,90.2,85.6,0.1,0,0,0,0,0,0,6.1,0,0,0,0,0,0,0,0,0,0,0,0,0,0,0,0,0,0,0,0,0,0,0,0,0,0,0,0,0
72=35972,0,91.4,0,0,0,0,0,0,763.828,0,92.1,90.1,90.2,85.6,0.1,0,0,0,0,0,0,6.1,0,0,0,0,0,0,0,0,0,0,0,0,0,0,0,0,0,0,0,0,0,0,0,0,0,0,0,0,0
73=36354,0,91.4,0,0,0,0,0,0,763.828,0,92.1,90.1,90.2,85.6,0.1,0,0,0,0,0,0,6.1,0,0,0,0,0,0,0,0,0,0,0,0,0,0,0,0,0,0,0,0,0,0,0,0,0,0,0,0,0
74=36354,0,91.4,0,0,0,0,0,0,763.828,0,92.1,90.1,90.2,85.6,0.1,0,0,0,0,0,0,6.1,0,0,0,0,0,0,0,0,0,0,0,0,0,0,0,0,0,0,0,0,0,0,0,0,0,0,0,0,0
75=36756,0,91.4,0,0,0,0,0,0,763.828,0,92.1,90.1,90.2,85.6,0.1,0,0,0,0,0,0,6.1,0,0,0,0,0,0,0,0,0,0,0,0,0,0,0,0,0,0,0,0,0,0,0,0,0,0,0,0,0
76=36756,0,91.4,0,0,0,0,0,0,763.828,0,92.1,90.1,90.2,85.6,0.1,0,0,0,0,0,0,6.1,0,0,0,0,0,0,0,0,0,0,0,0,0,0,0,0,0,0,0,0,0,0,0,0,0,0,0,0,0
77=37169,0,91.4,0,0,0,0,0,0,763.828,0,92,90,90.2,85.6,0.1,0,0,0,0,0,0,6.1,0,0,0,0,0,0,0,0,0,0,0,0,0,0,0,0,0,0,0,0,0,0,0,0,0,0,0,0,0
78=37169,0,91.4,0,0,0,0,0,0,763.828,0,92,90,90.2,85.6,0.1,0,0,0,0,0,0,6.1,0,0,0,0,0,0,0,0,0,0,0,0,0,0,0,0,0,0,0,0,0,0,0,0,0,0,0,0,0
79=37571,0,91.4,0,0,0,0,0,0,763.828,0,92,90,90.2,85.6,0.1,0,0,0,0,0,0,6.1,0,0,0,0,0,0,0,0,0,0,0,0,0,0,0,0,0,0,0,0,0,0,0,0,0,0,0,0,0
80=37571,0,91.4,0,0,0,0,0,0,763.828,0,92,90,90.2,85.6,0.1,0,0,0,0,0,0,6.1,0,0,0,0,0,0,0,0,0,0,0,0,0,0,0,0,0,0,0,0,0,0,0,0,0,0,0,0,0
81=37970,0,91.3,0,0,0,0,0,0,763.828,0,92,90,90.2,85.5,0.1,0,0,0,0,0,0,6.1,0,0,0,0,0,0,0,0,0,0,0,0,0,0,0,0,0,0,0,0,0,0,0,0,0,0,0,0,0
82=37970,0,91.3,0,0,0,0,0,0,763.828,0,92,90,90.2,85.5,0.1,0,0,0,0,0,0,6.1,0,0,0,0,0,0,0,0,0,0,0,0,0,0,0,0,0,0,0,0,0,0,0,0,0,0,0,0,0
83=38387,0,91.3,0,0,0,0,0,0,763.828,0,92,90,90.1,85.5,0.1,0,0,0,0,0,0,6.1,0,0,0,0,0,0,0,0,0,0,0,0,0,0,0,0,0,0,0,0,0,0,0,0,0,0,0,0,0
84=38387,0,91.3,0,0,0,0,0,0,763.828,0,92,90,90.1,85.5,0.1,0,0,0,0,0,0,6.1,0,0,0,0,0,0,0,0,0,0,0,0,0,0,0,0,0,0,0,0,0,0,0,0,0,0,0,0,0
85=38788,0,91.3,0,0,0,0,0,0,763.828,0,92,90,90.1,85.5,0.1,0,0,0,0,0,0,6.1,0,0,0,0,0,0,0,0,0,0,0,0,0,0,0,0,0,0,0,0,0,0,0,0,0,0,0,0,0
86=38788,0,91.3,0,0,0,0,0,0,763.828,0,92,90,90.1,85.5,0.1,0,0,0,0,0,0,6.1,0,0,0,0,0,0,0,0,0,0,0,0,0,0,0,0,0,0,0,0,0,0,0,0,0,0,0,0,0
87=39188,0,91.3,0,0,0,0,0,0,763.828,0,91.9,89.9,90.1,85.5,0.1,0,0,0,0,0,0,6.1,0,0,0,0,0,0,0,0,0,0,0,0,0,0,0,0,0,0,0,0,0,0,0,0,0,0,0,0,0
88=39188,0,91.3,0,0,0,0,0,0,763.828,0,91.9,89.9,90.1,85.5,0.1,0,0,0,0,0,0,6.1,0,0,0,0,0,0,0,0,0,0,0,0,0,0,0,0,0,0,0,0,0,0,0,0,0,0,0,0,0
89=39606,0,91.2,0,0,0,0,0,0,763.828,0,91.9,89.9,90.1,85.5,0.1,0,0,0,0,0,0,6.1,0,0,0,0,0,0,0,0,0,0,0,0,0,0,0,0,0,0,0,0,0,0,0,0,0,0,0,0,0
90=39606,0,91.2,0,0,0,0,0,0,763.828,0,91.9,89.9,90.1,85.5,0.1,0,0,0,0,0,0,6.1,0,0,0,0,0,0,0,0,0,0,0,0,0,0,0,0,0,0,0,0,0,0,0,0,0,0,0,0,0
91=40006,0,91.2,0,0,0,0,0,0,763.828,0,91.9,89.9,90.1,85.5,0.1,0,0,0,0,0,0,6.1,0,0,0,0,0,0,0,0,0,0,0,0,0,0,0,0,0,0,0,0,0,0,0,0,0,0,0,0,0
92=40006,0,91.2,0,0,0,0,0,0,763.828,0,91.9,89.9,90.1,85.5,0.1,0,0,0,0,0,0,6.1,0,0,0,0,0,0,0,0,0,0,0,0,0,0,0,0,0,0,0,0,0,0,0,0,0,0,0,0,0
93=40419,0,91.2,0,0,0,0,0,0,763.828,0,91.9,89.9,90,85.4,0.1,0,0,0,0,0,0,6.1,0,0,0,0,0,0,0,0,0,0,0,0,0,0,0,0,0,0,0,0,0,0,0,0,0,0,0,0,0
94=40419,0,91.2,0,0,0,0,0,0,763.828,0,91.9,89.9,90,85.4,0.1,0,0,0,0,0,0,6.1,0,0,0,0,0,0,0,0,0,0,0,0,0,0,0,0,0,0,0,0,0,0,0,0,0,0,0,0,0
95=40822,0,91.2,0,0,0,0,0,0,763.828,0,91.9,89.9,90,85.4,0.1,0,0,0,0,0,0,6.1,0,0,0,0,0,0,0,0,0,0,0,0,0,0,0,0,0,0,0,0,0,0,0,0,0,0,0,0,0
96=40822,0,91.2,0,0,0,0,0,0,763.828,0,91.9,89.9,90,85.4,0.1,0,0,0,0,0,0,6.1,0,0,0,0,0,0,0,0,0,0,0,0,0,0,0,0,0,0,0,0,0,0,0,0,0,0,0,0,0
97=41222,0,91.2,0,0,0,0,0,0,763.828,0,91.8,89.8,90,85.4,0.1,0,0,0,0,0,0,6.1,0,0,0,0,0,0,0,0,0,0,0,0,0,0,0,0,0,0,0,0,0,0,0,0,0,0,0,0,0
98=41222,0,91.2,0,0,0,0,0,0,763.828,0,91.8,89.8,90,85.4,0.1,0,0,0,0,0,0,6.1,0,0,0,0,0,0,0,0,0,0,0,0,0,0,0,0,0,0,0,0,0,0,0,0,0,0,0,0,0
99=41640,0,91.1,0,0,0,0,0,0,763.828,0,91.8,89.8,90,85.4,0.1,0,0,0,0,0,0,6.1,0,0,0,0,0,0,0,0,0,0,0,0,0,0,0,0,0,0,0,0,0,0,0,0,0,0,0,0,0
100=41640,0,91.1,0,0,0,0,0,0,763.828,0,91.8,89.8,90,85.4,0.1,0,0,0,0,0,0,6.1,0,0,0,0,0,0,0,0,0,0,0,0,0,0,0,0,0,0,0,0,0,0,0,0,0,0,0,0,0
101=42033,0,91.1,0,0,0,0,0,0,763.828,0,91.8,89.8,90,85.4,0.1,0,0,0,0,0,0,6.1,0,0,0,0,0,0,0,0,0,0,0,0,0,0,0,0,0,0,0,0,0,0,0,0,0,0,0,0,0
102=42033,0,91.1,0,0,0,0,0,0,763.828,0,91.8,89.8,90,85.4,0.1,0,0,0,0,0,0,6.1,0,0,0,0,0,0,0,0,0,0,0,0,0,0,0,0,0,0,0,0,0,0,0,0,0,0,0,0,0
103=42453,0,91.1,0,0,0,0,0,0,763.828,0,91.8,89.8,90,85.4,0.1,0,0,0,0,0,0,6.1,0,0,0,0,0,0,0,0,0,0,0,0,0,0,0,0,0,0,0,0,0,0,0,0,0,0,0,0,0
104=42453,0,91.1,0,0,0,0,0,0,763.828,0,91.8,89.8,90,85.4,0.1,0,0,0,0,0,0,6.1,0,0,0,0,0,0,0,0,0,0,0,0,0,0,0,0,0,0,0,0,0,0,0,0,0,0,0,0,0
105=42858,0,91.1,0,0,0,0,0,0,763.828,0,91.8,89.8,89.9,85.3,0.1,0,0,0,0,0,0,6.1,0,0,0,0,0,0,0,0,0,0,0,0,0,0,0,0,0,0,0,0,0,0,0,0,0,0,0,0,0
106=42858,0,91.1,0,0,0,0,0,0,763.828,0,91.8,89.8,89.9,85.3,0.1,0,0,0,0,0,0,6.1,0,0,0,0,0,0,0,0,0,0,0,0,0,0,0,0,0,0,0,0,0,0,0,0,0,0,0,0,0
107=43258,0,91.1,0,0,0,0,0,0,763.828,0,91.7,89.7,89.9,85.3,0.1,0,0,0,0,0,0,6.1,0,0,0,0,0,0,0,0,0,0,0,0,0,0,0,0,0,0,0,0,0,0,0,0,0,0,0,0,0
108=43258,0,91.1,0,0,0,0,0,0,763.828,0,91.7,89.7,89.9,85.3,0.1,0,0,0,0,0,0,6.1,0,0,0,0,0,0,0,0,0,0,0,0,0,0,0,0,0,0,0,0,0,0,0,0,0,0,0,0,0
109=43667,0,91,0,0,0,0,0,0,763.828,0,91.7,89.7,89.9,85.3,0.1,0,0,0,0,0,0,6.1,0,0,0,0,0,0,0,0,0,0,0,0,0,0,0,0,0,0,0,0,0,0,0,0,0,0,0,0,0
110=43667,0,91,0,0,0,0,0,0,763.828,0,91.7,89.7,89.9,85.3,0.1,0,0,0,0,0,0,6.1,0,0,0,0,0,0,0,0,0,0,0,0,0,0,0,0,0,0,0,0,0,0,0,0,0,0,0,0,0
111=44077,0,91,0,0,0,0,0,0,763.828,0,91.7,89.7,89.9,85.3,0.1,0,0,0,0,0,0,6.1,0,0,0,0,0,0,0,0,0,0,0,0,0,0,0,0,0,0,0,0,0,0,0,0,0,0,0,0,0
112=44077,0,91,0,0,0,0,0,0,763.828,0,91.7,89.7,89.9,85.3,0.1,0,0,0,0,0,0,6.1,0,0,0,0,0,0,0,0,0,0,0,0,0,0,0,0,0,0,0,0,0,0,0,0,0,0,0,0,0
113=44470,0,91,0,0,0,0,0,0,763.828,0,91.7,89.7,89.9,85.3,0.1,0,0,0,0,0,0,6.1,0,0,0,0,0,0,0,0,0,0,0,0,0,0,0,0,0,0,0,0,0,0,0,0,0,0,0,0,0
114=44470,0,91,0,0,0,0,0,0,763.828,0,91.7,89.7,89.9,85.3,0.1,0,0,0,0,0,0,6.1,0,0,0,0,0,0,0,0,0,0,0,0,0,0,0,0,0,0,0,0,0,0,0,0,0,0,0,0,0
115=44888,0,91,0,0,0,0,0,0,763.828,0,91.7,89.7,89.9,85.3,0.1,0,0,0,0,0,0,6.1,0,0,0,0,0,0,0,0,0,0,0,0,0,0,0,0,0,0,0,0,0,0,0,0,0,0,0,0,0
116=44888,0,91,0,0,0,0,0,0,763.828,0,91.7,89.7,89.9,85.3,0.1,0,0,0,0,0,0,6.1,0,0,0,0,0,0,0,0,0,0,0,0,0,0,0,0,0,0,0,0,0,0,0,0,0,0,0,0,0
117=45297,0,91,0,0,0,0,0,0,763.828,0,91.6,89.6,89.9,85.2,0.1,0,0,0,0,0,0,6.1,0,0,0,0,0,0,0,0,0,0,0,0,0,0,0,0,0,0,0,0,0,0,0,0,0,0,0,0,0
118=45297,0,91,0,0,0,0,0,0,763.828,0,91.6,89.6,89.9,85.2,0.1,0,0,0,0,0,0,6.1,0,0,0,0,0,0,0,0,0,0,0,0,0,0,0,0,0,0,0,0,0,0,0,0,0,0,0,0,0
119=45712,0,90.9,0,0,0,0,0,0,763.828,0,91.6,89.6,89.8,85.2,0.1,0,0,0,0,0,0,6.1,0,0,0,0,0,0,0,0,0,0,0,0,0,0,0,0,0,0,0,0,0,0,0,0,0,0,0,0,0
120=45712,0,90.9,0,0,0,0,0,0,763.828,0,91.6,89.6,89.8,85.2,0.1,0,0,0,0,0,0,6.1,0,0,0,0,0,0,0,0,0,0,0,0,0,0,0,0,0,0,0,0,0,0,0,0,0,0,0,0,0
121=46113,0,90.9,0,0,0,0,0,0,763.828,0,91.6,89.6,89.8,85.2,0.1,0,0,0,0,0,0,6.1,0,0,0,0,0,0,0,0,0,0,0,0,0,0,0,0,0,0,0,0,0,0,0,0,0,0,0,0,0
122=46113,0,90.9,0,0,0,0,0,0,763.828,0,91.6,89.6,89.8,85.2,0.1,0,0,0,0,0,0,6.1,0,0,0,0,0,0,0,0,0,0,0,0,0,0,0,0,0,0,0,0,0,0,0,0,0,0,0,0,0
123=46529,0,90.9,0,0,0,0,0,0,763.828,0,91.6,89.6,89.8,85.2,0.1,0,0,0,0,0,0,6.1,0,0,0,0,0,0,0,0,0,0,0,0,0,0,0,0,0,0,0,0,0,0,0,0,0,0,0,0,0
124=46529,0,90.9,0,0,0,0,0,0,763.828,0,91.6,89.6,89.8,85.2,0.1,0,0,0,0,0,0,6.1,0,0,0,0,0,0,0,0,0,0,0,0,0,0,0,0,0,0,0,0,0,0,0,0,0,0,0,0,0
125=46923,0,90.9,0,0,0,0,0,0,763.828,0,91.6,89.6,89.8,85.2,0.1,0,0,0,0,0,0,6.1,0,0,0,0,0,0,0,0,0,0,0,0,0,0,0,0,0,0,0,0,0,0,0,0,0,0,0,0,0
126=46923,0,90.9,0,0,0,0,0,0,763.828,0,91.6,89.6,89.8,85.2,0.1,0,0,0,0,0,0,6.1,0,0,0,0,0,0,0,0,0,0,0,0,0,0,0,0,0,0,0,0,0,0,0,0,0,0,0,0,0
127=47345,0,90.9,0,0,0,0,0,0,763.828,0,91.5,89.5,89.8,85.2,0.1,0,0,0,0,0,0,6.1,0,0,0,0,0,0,0,0,0,0,0,0,0,0,0,0,0,0,0,0,0,0,0,0,0,0,0,0,0
128=47345,0,90.9,0,0,0,0,0,0,763.828,0,91.5,89.5,89.8,85.2,0.1,0,0,0,0,0,0,6.1,0,0,0,0,0,0,0,0,0,0,0,0,0,0,0,0,0,0,0,0,0,0,0,0,0,0,0,0,0
129=47756,0,90.8,0,0,0,0,0,0,763.828,0,91.5,89.5,89.8,85.1,0.1,0,0,0,0,0,0,6.1,0,0,0,0,0,0,0,0,0,0,0,0,0,0,0,0,0,0,0,0,0,0,0,0,0,0,0,0,0
130=47756,0,90.8,0,0,0,0,0,0,763.828,0,91.5,89.5,89.8,85.1,0.1,0,0,0,0,0,0,6.1,0,0,0,0,0,0,0,0,0,0,0,0,0,0,0,0,0,0,0,0,0,0,0,0,0,0,0,0,0
131=48190,0,90.8,0,0,0,0,0,0,763.828,0,91.5,89.5,89.7,85.1,0.1,0,0,0,0,0,0,6.1,0,0,0,0,0,0,0,0,0,0,0,0,0,0,0,0,0,0,0,0,0,0,0,0,0,0,0,0,0
132=48190,0,90.8,0,0,0,0,0,0,763.828,0,91.5,89.5,89.7,85.1,0.1,0,0,0,0,0,0,6.1,0,0,0,0,0,0,0,0,0,0,0,0,0,0,0,0,0,0,0,0,0,0,0,0,0,0,0,0,0
133=48594,0,90.8,0,0,0,0,0,0,763.828,0,91.5,89.5,89.7,85.1,0.1,0,0,0,0,0,0,6.1,0,0,0,0,0,0,0,0,0,0,0,0,0,0,0,0,0,0,0,0,0,0,0,0,0,0,0,0,0
134=48594,0,90.8,0,0,0,0,0,0,763.828,0,91.5,89.5,89.7,85.1,0.1,0,0,0,0,0,0,6.1,0,0,0,0,0,0,0,0,0,0,0,0,0,0,0,0,0,0,0,0,0,0,0,0,0,0,0,0,0
135=48991,0,90.8,0,0,0,0,0,0,763.828,0,91.5,89.5,89.7,85.1,0.1,0,0,0,0,0,0,6.1,0,0,0,0,0,0,0,0,0,0,0,0,0,0,0,0,0,0,0,0,0,0,0,0,0,0,0,0,0
136=48991,0,90.8,0,0,0,0,0,0,763.828,0,91.5,89.5,89.7,85.1,0.1,0,0,0,0,0,0,6.1,0,0,0,0,0,0,0,0,0,0,0,0,0,0,0,0,0,0,0,0,0,0,0,0,0,0,0,0,0
137=49397,0,90.8,0,0,0,0,0,0,763.828,0,91.4,89.4,89.7,85.1,0.1,0,0,0,0,0,0,6.1,0,0,0,0,0,0,0,0,0,0,0,0,0,0,0,0,0,0,0,0,0,0,0,0,0,0,0,0,0
138=49397,0,90.8,0,0,0,0,0,0,763.828,0,91.4,89.4,89.7,85.1,0.1,0,0,0,0,0,0,6.1,0,0,0,0,0,0,0,0,0,0,0,0,0,0,0,0,0,0,0,0,0,0,0,0,0,0,0,0,0
139=49812,0,90.7,0,0,0,0,0,0,763.828,0,91.4,89.4,89.7,85.1,0.1,0,0,0,0,0,0,6.1,0,0,0,0,0,0,0,0,0,0,0,0,0,0,0,0,0,0,0,0,0,0,0,0,0,0,0,0,0
140=49812,0,90.7,0,0,0,0,0,0,763.828,0,91.4,89.4,89.7,85.1,0.1,0,0,0,0,0,0,6.1,0,0,0,0,0,0,0,0,0,0,0,0,0,0,0,0,0,0,0,0,0,0,0,0,0,0,0,0,0
141=50215,0,90.7,0,0,0,0,0,0,763.828,0,91.4,89.4,89.7,85,0.1,0,0,0,0,0,0,6.1,0,0,0,0,0,0,0,0,0,0,0,0,0,0,0,0,0,0,0,0,0,0,0,0,0,0,0,0,0
142=50215,0,90.7,0,0,0,0,0,0,763.828,0,91.4,89.4,89.7,85,0.1,0,0,0,0,0,0,6.1,0,0,0,0,0,0,0,0,0,0,0,0,0,0,0,0,0,0,0,0,0,0,0,0,0,0,0,0,0
143=50623,0,90.7,0,0,0,0,0,0,763.828,0,91.4,89.4,89.6,85,0.1,0,0,0,0,0,0,6.1,0,0,0,0,0,0,0,0,0,0,0,0,0,0,0,0,0,0,0,0,0,0,0,0,0,0,0,0,0
144=50623,0,90.7,0,0,0,0,0,0,763.828,0,91.4,89.4,89.6,85,0.1,0,0,0,0,0,0,6.1,0,0,0,0,0,0,0,0,0,0,0,0,0,0,0,0,0,0,0,0,0,0,0,0,0,0,0,0,0
145=51021,0,90.7,0,0,0,0,0,0,763.828,0,91.4,89.4,89.6,85,0.1,0,0,0,0,0.1,0,6.1,0,0,0,0,0,0,0,0,0,0,0,0,0,0,0,0,0,0,0,0,0,0,0,0,0,0,0,0,0
146=51021,0,90.7,0,0,0,0,0,0,763.828,0,91.4,89.4,89.6,85,0.1,0,0,0,0,0.1,0,6.1,0,0,0,0,0,0,0,0,0,0,0,0,0,0,0,0,0,0,0,0,0,0,0,0,0,0,0,0,0
147=51425,0,90.7,0,0,0,0,0,0,763.828,0,91.3,89.4,89.6,85,0.1,0,0,0,0,0.2,0,6.1,0,0,0,0,0,0,0,0,0,0,0,0,0,0,0,0,0,0,0,0,0,0,0,0,0,0,0,0,0
148=51425,0,90.7,0,0,0,0,0,0,763.828,0,91.3,89.4,89.6,85,0.1,0,0,0,0,0.2,0,6.1,0,0,0,0,0,0,0,0,0,0,0,0,0,0,0,0,0,0,0,0,0,0,0,0,0,0,0,0,0
149=51832,0,90.6,0,0,0,0,0,0,763.828,0,91.3,89.3,89.6,85,0.1,0,0,0.1,0.06,0.3,0,6.1,0,0,0,0,0,0,0,0,0,0,0,0,0,0,0,0,0,0,0,0,0,0,0,0,0,0,0,0,0
150=51832,0,90.6,0,0,0,0,0,0,763.828,0,91.3,89.3,89.6,85,0.1,0,0,0.1,0.06,0.3,0,6.1,0,0,0,0,0,0,0,0,0,0,0,0,0,0,0,0,0,0,0,0,0,0,0,0,0,0,0,0,0
151=52240,0.06,90.6,0,0,0,0,0,0,763.828,0,91.3,89.3,89.6,85,0.1,0.06,0,0.28,0.23,0.41,0,6.2,0,0,0,0,0,0,0,0,0,0,0,0,0,0,0,0,0,0,0,0,0,0,0,0,0,0,0,0,0
152=52240,0.06,90.6,0,0,0,0,0,0,763.828,0,91.3,89.3,89.6,85,0.1,0.06,0,0.28,0.23,0.41,0,6.2,0,0,0,0,0,0,0,0,0,0,0,0,0,0,0,0,0,0,0,0,0,0,0,0,0,0,0,0,0
153=52643,0.24,90.6,0,0,0,0,0,0,763.828,0,91.3,89.3,89.6,84.9,0.1,0.24,0.15,0.47,0.42,0.53,0,6.2,0,0,0,0,0,0,0,0,0,0,0,0,0,0,0,0,0,0,0,0,0,0,0,0,0,0,0,0,0
154=52643,0.24,90.6,0,0,0,0,0,0,763.828,0,91.3,89.3,89.6,84.9,0.1,0.24,0.15,0.47,0.42,0.53,0,6.2,0,0,0,0,0,0,0,0,0,0,0,0,0,0,0,0,0,0,0,0,0,0,0,0,0,0,0,0,0
155=53048,0.41,90.6,0,0,0,0,0,0,763.828,0,91.3,89.3,89.5,84.9,0.1,0.41,0.32,0.66,0.61,0.65,0,6.2,0,0,0,0,0,0,0,0,0,0,0,0,0,0,0,0,0,0,0,0,0,0,0,0,0,0,0,0,0
156=53048,0.41,90.6,0,0,0,0,0,0,763.828,0,91.3,89.3,89.5,84.9,0.1,0.41,0.32,0.66,0.61,0.65,0,6.2,0,0,0,0,0,0,0,0,0,0,0,0,0,0,0,0,0,0,0,0,0,0,0,0,0,0,0,0,0
157=53461,0.7,90.6,0,0,0,0,0,0,763.828,0,91.2,89.3,89.5,84.9,0.1,0.7,0.6,0.97,0.91,0.84,0,6.2,0,0,0,0,0,0,0,0,0,0,0,0,0,0,0,0,0,0,0,0,0,0,0,0,0,0,0,0,0
158=53461,0.7,90.6,0,0,0,0,0,0,763.828,0,91.2,89.3,89.5,84.9,0.1,0.7,0.6,0.97,0.91,0.84,0,6.2,0,0,0,0,0,0,0,0,0,0,0,0,0,0,0,0,0,0,0,0,0,0,0,0,0,0,0,0,0
159=53873,0.9,90.5,0,0,0,0,0,0,763.828,0,91.2,89.2,89.5,84.9,0.1,0.9,0.8,1.18,1.13,0.97,0,6.1,0,0,0,0,0,0,0,0,0,0,0,0,0,0,0,0,0,0,0,0,0,0,0,0,0,0,0,0,0
160=53873,0.9,90.5,0,0,0,0,0,0,763.828,0,91.2,89.2,89.5,84.9,0.1,0.9,0.8,1.18,1.13,0.97,0,6.1,0,0,0,0,0,0,0,0,0,0,0,0,0,0,0,0,0,0,0,0,0,0,0,0,0,0,0,0,0
161=54275,1.01,90.5,0,0,0,0,0,0,763.828,0,91.2,89.2,89.5,84.9,0.1,1.01,0.91,1.3,1.24,1.05,0,6.1,0,0,0,0,0,0,0,0,0,0,0,0,0,0,0,0,0,0,0,0,0,0,0,0,0,0,0,0,0
162=54275,1.01,90.5,0,0,0,0,0,0,763.828,0,91.2,89.2,89.5,84.9,0.1,1.01,0.91,1.3,1.24,1.05,0,6.1,0,0,0,0,0,0,0,0,0,0,0,0,0,0,0,0,0,0,0,0,0,0,0,0,0,0,0,0,0
163=54685,1.29,90.5,0,0,0,0,0,0,763.828,0,91.2,89.2,89.5,84.9,0.1,1.29,1.18,1.6,1.53,1.23,0,6.1,0,0,0,0,0,0,0,0,0,0,0,0,0,0,0,0,0,0,0,0,0,0,0,0,0,0,0,0,0
164=54685,1.29,90.5,0,0,0,0,0,0,763.828,0,91.2,89.2,89.5,84.9,0.1,1.29,1.18,1.6,1.53,1.23,0,6.1,0,0,0,0,0,0,0,0,0,0,0,0,0,0,0,0,0,0,0,0,0,0,0,0,0,0,0,0,0
165=55091,1.52,90.5,0,0,0,0,0,0,763.828,0,91.2,89.2,89.5,84.9,0.1,1.52,1.41,1.84,1.77,1.37,0,6.1,0,0,0,0,0,0,0,0,0,0,0,0,0,0,0,0,0,0,0,0,0,0,0,0,0,0,0,0,0
166=55091,1.52,90.5,0,0,0,0,0,0,763.828,0,91.2,89.2,89.5,84.9,0.1,1.52,1.41,1.84,1.77,1.37,0,6.1,0,0,0,0,0,0,0,0,0,0,0,0,0,0,0,0,0,0,0,0,0,0,0,0,0,0,0,0,0
167=55498,1.75,90.5,0,0,0,0,0,0,763.828,0,91.2,89.2,89.4,84.9,0.1,1.75,1.64,2.08,2.02,1.51,0,6.1,0,0,0,0,0,0,0,0,0,0,0,0,0,0,0,0,0,0,0,0,0,0,0,0,0,0,0,0,0
168=55498,1.75,90.5,0,0,0,0,0,0,763.828,0,91.2,89.2,89.4,84.9,0.1,1.75,1.64,2.08,2.02,1.51,0,6.1,0,0,0,0,0,0,0,0,0,0,0,0,0,0,0,0,0,0,0,0,0,0,0,0,0,0,0,0,0
169=55900,1.98,90.5,0,0,0,0,0,0,763.828,0,91.1,89.2,89.4,85,0.1,1.98,1.86,2.32,2.25,1.62,0,6.1,0,0,0,0,0,0,0,0,0,0,0,0,0,0,0,0,0,0,0,0,0,0,0,0,0,0,0,0,0
170=55900,1.98,90.5,0,0,0,0,0,0,763.828,0,91.1,89.2,89.4,85,0.1,1.98,1.86,2.32,2.25,1.62,0,6.1,0,0,0,0,0,0,0,0,0,0,0,0,0,0,0,0,0,0,0,0,0,0,0,0,0,0,0,0,0
171=56321,2.21,90.4,0,0,0,0,0,0,763.828,0,91.1,89.2,89.4,85.3,0.1,2.21,2.09,2.56,2.49,1.71,0,6.1,0,0,0,0,0,0,0,0,0,0,0,0,0,0,0,0,0,0,0,0,0,0,0,0,0,0,0,0,0
172=56321,2.21,90.4,0,0,0,0,0,0,763.828,0,91.1,89.2,89.4,85.3,0.1,2.21,2.09,2.56,2.49,1.71,0,6.1,0,0,0,0,0,0,0,0,0,0,0,0,0,0,0,0,0,0,0,0,0,0,0,0,0,0,0,0,0
173=56732,2.45,90.5,0,0,0,0,0,0,763.828,0,91.1,89.2,89.5,85.7,0.1,2.45,2.33,2.8,2.73,1.75,0,6.1,0,0,0,0,0,0,0,0,0,0,0,0,0,0,0,0,0,0,0,0,0,0,0,0,0,0,0,0,0
174=56732,2.45,90.5,0,0,0,0,0,0,763.828,0,91.1,89.2,89.5,85.7,0.1,2.45,2.33,2.8,2.73,1.75,0,6.1,0,0,0,0,0,0,0,0,0,0,0,0,0,0,0,0,0,0,0,0,0,0,0,0,0,0,0,0,0
175=57129,2.66,90.5,0,0,0,0,0,0,763.828,0,91.2,89.2,89.5,86.5,0.1,2.66,2.55,3.02,2.95,1.71,0,6.1,0,0,0,0,0,0,0,0,0,0,0,0,0,0,0,0,0,0,0,0,0,0,0,0,0,0,0,0,0
176=57129,2.66,90.5,0,0,0,0,0,0,763.828,0,91.2,89.2,89.5,86.5,0.1,2.66,2.55,3.02,2.95,1.71,0,6.1,0,0,0,0,0,0,0,0,0,0,0,0,0,0,0,0,0,0,0,0,0,0,0,0,0,0,0,0,0
177=57533,2.88,90.6,0,0,0,0,0,0,763.828,0,91.2,89.4,89.6,87.7,0.1,2.88,2.77,3.23,3.17,1.59,0,6.1,0,0,0,0,0,0,0,0,0,0,0,0,0,0,0,0,0,0,0,0,0,0,0,0,0,0,0,0,0
178=57533,2.88,90.6,0,0,0,0,0,0,763.828,0,91.2,89.4,89.6,87.7,0.1,2.88,2.77,3.23,3.17,1.59,0,6.1,0,0,0,0,0,0,0,0,0,0,0,0,0,0,0,0,0,0,0,0,0,0,0,0,0,0,0,0,0
179=57948,3.07,90.7,0,0,0,0,0,0,763.828,0,91.4,89.6,89.8,89.5,0.1,3.07,2.97,3.39,3.34,1.38,0,6.5,0,0,0,0,0,0,0,0,0,0,0,0,0,0,0,0,0,0,0,0,0,0,0,0,0,0,0,0,0
180=57948,3.07,90.7,0,0,0,0,0,0,763.828,0,91.4,89.6,89.8,89.5,0.1,3.07,2.97,3.39,3.34,1.38,0,6.5,0,0,0,0,0,0,0,0,0,0,0,0,0,0,0,0,0,0,0,0,0,0,0,0,0,0,0,0,0
181=58353,2.59,91,0,0,0,0,0,0,763.828,0,91.6,89.9,90.1,91.8,0.1,2.59,2.5,2.88,2.84,0.81,0,6.7,0,0,0,0,0,0,0,0,0,0,0,0,0,0,0,0,0,0,0,0,0,0,0,0,0,0,0,0,0
182=58353,2.59,91,0,0,0,0,0,0,763.828,0,91.6,89.9,90.1,91.8,0.1,2.59,2.5,2.88,2.84,0.81,0,6.7,0,0,0,0,0,0,0,0,0,0,0,0,0,0,0,0,0,0,0,0,0,0,0,0,0,0,0,0,0
183=58753,2.31,91.2,0,0,0,0,0,0,763.828,0,91.7,90.2,90.4,93.5,0.1,2.31,2.22,2.57,2.53,0.45,0,7,0,0,0,0,0,0,0,0,0,0,0,0,0,0,0,0,0,0,0,0,0,0,0,0,0,0,0,0,0
184=58753,2.31,91.2,0,0,0,0,0,0,763.828,0,91.7,90.2,90.4,93.5,0.1,2.31,2.22,2.57,2.53,0.45,0,7,0,0,0,0,0,0,0,0,0,0,0,0,0,0,0,0,0,0,0,0,0,0,0,0,0,0,0,0,0
185=59164,2.03,91.6,0,0,0,0,0,0,763.828,0,92.1,90.8,90.9,96.4,0.1,2.03,1.95,2.25,2.22,0,0,7.5,0,0,0,0,0,0,0,0,0,0,0,0,0,0,0,0,0,0,0,0,0,0,0,0,0,0,0,0,0
186=59164,2.03,91.6,0,0,0,0,0,0,763.828,0,92.1,90.8,90.9,96.4,0.1,2.03,1.95,2.25,2.22,0,0,7.5,0,0,0,0,0,0,0,0,0,0,0,0,0,0,0,0,0,0,0,0,0,0,0,0,0,0,0,0,0
187=59569,1.8,92.2,0,0,0,0,0,0,763.828,0,92.7,91.5,91.6,99.5,0.1,1.8,1.72,1.97,1.95,0,0,7.9,0,0,0,0,0,0,0,0,0,0,0,0,0,0,0,0,0,0,0,0,0,0,0,0,0,0,0,0,0
188=59569,1.8,92.2,0,0,0,0,0,0,763.828,0,92.7,91.5,91.6,99.5,0.1,1.8,1.72,1.97,1.95,0,0,7.9,0,0,0,0,0,0,0,0,0,0,0,0,0,0,0,0,0,0,0,0,0,0,0,0,0,0,0,0,0
189=59982,1.57,92.9,0,0,0,0,0,0,763.828,0,93.3,92.4,92.5,102.4,0.1,1.57,1.5,1.7,1.68,0,0,8.5,0,0,0,0,0,0,0,0,0,0,0,0,0,0,0,0,0,0,0,0,0,0,0,0,0,0,0,0,0
190=59982,1.57,92.9,0,0,0,0,0,0,763.828,0,93.3,92.4,92.5,102.4,0.1,1.57,1.5,1.7,1.68,0,0,8.5,0,0,0,0,0,0,0,0,0,0,0,0,0,0,0,0,0,0,0,0,0,0,0,0,0,0,0,0,0
191=60384,1.32,93.8,0,0,0,0,0,0,763.828,0,94.1,93.4,93.5,105.3,0.1,1.32,1.24,1.4,1.38,0,0,8.8,0,0,0,0,0,0,0,0,0,0,0,0,0,0,0,0,0,0,0,0,0,0,0,0,0,0,0,0,0
192=60384,1.32,93.8,0,0,0,0,0,0,763.828,0,94.1,93.4,93.5,105.3,0.1,1.32,1.24,1.4,1.38,0,0,8.8,0,0,0,0,0,0,0,0,0,0,0,0,0,0,0,0,0,0,0,0,0,0,0,0,0,0,0,0,0
193=60789,1.05,94.8,0,0,0,0,0,0,763.828,0,95,94.5,94.6,107.7,0.1,1.05,0.98,1.1,1.07,0,0,9,0,0,0,0,0,0,0,0,0,0,0,0,0,0,0,0,0,0,0,0,0,0,0,0,0,0,0,0,0
194=60789,1.05,94.8,0,0,0,0,0,0,763.828,0,95,94.5,94.6,107.7,0.1,1.05,0.98,1.1,1.07,0,0,9,0,0,0,0,0,0,0,0,0,0,0,0,0,0,0,0,0,0,0,0,0,0,0,0,0,0,0,0,0
195=61201,0.78,95.8,0,0,0,0,0,0,763.828,0,96.1,95.7,95.8,109.9,0.1,0.78,0.69,0.79,0.75,0,0,9,0,0,0,0,0,0,0,0,0,0,0,0,0,0,0,0,0,0,0,0,0,0,0,0,0,0,0,0,0
196=61201,0.78,95.8,0,0,0,0,0,0,763.828,0,96.1,95.7,95.8,109.9,0.1,0.78,0.69,0.79,0.75,0,0,9,0,0,0,0,0,0,0,0,0,0,0,0,0,0,0,0,0,0,0,0,0,0,0,0,0,0,0,0,0
197=61602,0.48,97,0,0,0,0,0,0,763.828,0,97.2,97.1,97.2,111.7,0.1,0.48,0.37,0.45,0.4,0,0,9.1,0,0,0,0,0,0,0,0,0,0,0,0,0,0,0,0,0,0,0,0,0,0,0,0,0,0,0,0,0
198=61602,0.48,97,0,0,0,0,0,0,763.828,0,97.2,97.1,97.2,111.7,0.1,0.48,0.37,0.45,0.4,0,0,9.1,0,0,0,0,0,0,0,0,0,0,0,0,0,0,0,0,0,0,0,0,0,0,0,0,0,0,0,0,0
199=62014,0.19,98.2,0,0,0,0,0,0,763.828,0,98.4,98.4,98.5,113.2,0.1,0.19,0.07,0.13,0.08,0,0,9.1,0,0,0,0,0,0,0,0,0,0,0,0,0,0,0,0,0,0,0,0,0,0,0,0,0,0,0,0,0
200=62014,0.19,98.2,0,0,0,0,0,0,763.828,0,98.4,98.4,98.5,113.2,0.1,0.19,0.07,0.13,0.08,0,0,9.1,0,0,0,0,0,0,0,0,0,0,0,0,0,0,0,0,0,0,0,0,0,0,0,0,0,0,0,0,0
201=62421,0,99.5,0,0,0,0,0,0,763.828,0,99.7,99.9,100,114.6,0.1,0,0,0,0,0,0,9.1,0,0,0,0,0,0,0,0,0,0,0,0,0,0,0,0,0,0,0,0,0,0,0,0,0,0,0,0,0
