[COMMENT]
RecordTime=2024/11/7 ¤U¤È 03:03:03
InputDevice=1
InputObject=0
ColumnName=Index,Time,Intensity,TC,Pump,Gas1~4,Pressure,MTC1~5,Power1~5,O2
PumpDownTime=0
[STEP 1]
ACTION=Idle
TEMP=0
TIME=3
GN2=0
PN2=0
AO2=0
BO2=0
NA=0
Pump=0
[STEP 2]
ACTION=Idle
TEMP=0
TIME=3
GN2=40
PN2=0
AO2=0
BO2=0
NA=0
Pump=0
[STEP 3]
ACTION=Idle
TEMP=0
TIME=3
GN2=0
PN2=0
AO2=0
BO2=0
NA=0
Pump=0
[STEP 4]
ACTION=Idle
TEMP=0
TIME=3
GN2=0
PN2=0
AO2=3
BO2=0
NA=0
Pump=0
[STEP 5]
ACTION=Ramp up
TEMP=100
TIME=40
GN2=0
PN2=0
AO2=3
BO2=0
NA=0
Pump=0
[STEP 6]
ACTION=Hold
TEMP=100
TIME=30
GN2=0
PN2=0
AO2=3
BO2=0
NA=0
Pump=0
[STEP 7]
ACTION=Ramp up
TEMP=400
TIME=30
GN2=0
PN2=0
AO2=3
BO2=0
NA=0
Pump=0
[STEP 8]
ACTION=Hold
TEMP=400
TIME=240
GN2=0
PN2=0
AO2=3
BO2=0
NA=0
Pump=0
[STEP 9]
ACTION=Idle
TEMP=0
TIME=10
GN2=1
PN2=0
AO2=0
BO2=0
NA=0
Pump=0
[STEP 10]
ACTION=Idle
TEMP=0
TIME=120
GN2=90
PN2=0
AO2=0
BO2=0
NA=0
Pump=0
[STEP 11]
ACTION=Idle
TEMP=0
TIME=10
GN2=5
PN2=0
AO2=0
BO2=0
NA=0
Pump=0
[STEP 12]
ACTION=Stop
TEMP=0
TIME=0
GN2=0
PN2=0
AO2=0
BO2=0
NA=0
Pump=0
[STEP 13]
ACTION=Stop
TEMP=0
TIME=0
GN2=0
PN2=0
AO2=0
BO2=0
NA=0
Pump=0
[STEP 14]
ACTION=Stop
TEMP=0
TIME=0
GN2=0
PN2=0
AO2=0
BO2=0
NA=0
Pump=0
[STEP 15]
ACTION=Stop
TEMP=0
TIME=0
GN2=0
PN2=0
AO2=0
BO2=0
NA=0
Pump=0
[STEP 16]
ACTION=Stop
TEMP=0
TIME=0
GN2=0
PN2=0
AO2=0
BO2=0
NA=0
Pump=0
[STEP 17]
ACTION=Stop
TEMP=0
TIME=0
GN2=0
PN2=0
AO2=0
BO2=0
NA=0
Pump=0
[STEP 18]
ACTION=Stop
TEMP=0
TIME=0
GN2=0
PN2=0
AO2=0
BO2=0
NA=0
Pump=0
[STEP 19]
ACTION=Stop
TEMP=0
TIME=0
GN2=0
PN2=0
AO2=0
BO2=0
NA=0
Pump=0
[STEP 20]
ACTION=Stop
TEMP=0
TIME=0
GN2=0
PN2=0
AO2=0
BO2=0
NA=0
Pump=0
[STEP 21]
ACTION=Stop
TEMP=0
TIME=0
GN2=0
PN2=0
AO2=0
BO2=0
NA=0
Pump=0
[STEP 22]
ACTION=Stop
TEMP=0
TIME=0
GN2=0
PN2=0
AO2=0
BO2=0
NA=0
Pump=0
[STEP 23]
ACTION=Stop
TEMP=0
TIME=0
GN2=0
PN2=0
AO2=0
BO2=0
NA=0
Pump=0
[STEP 24]
ACTION=Stop
TEMP=0
TIME=0
GN2=0
PN2=0
AO2=0
BO2=0
NA=0
Pump=0
[STEP 25]
ACTION=Stop
TEMP=0
TIME=0
GN2=0
PN2=0
AO2=0
BO2=0
NA=0
Pump=0
[STEP 26]
ACTION=Stop
TEMP=0
TIME=0
GN2=0
PN2=0
AO2=0
BO2=0
NA=0
Pump=0
[STEP 27]
ACTION=Stop
TEMP=0
TIME=0
GN2=0
PN2=0
AO2=0
BO2=0
NA=0
Pump=0
[STEP 28]
ACTION=Stop
TEMP=0
TIME=0
GN2=0
PN2=0
AO2=0
BO2=0
NA=0
Pump=0
[STEP 29]
ACTION=Stop
TEMP=0
TIME=0
GN2=0
PN2=0
AO2=0
BO2=0
NA=0
Pump=0
[STEP 30]
ACTION=Stop
TEMP=0
TIME=0
GN2=0
PN2=0
AO2=0
BO2=0
NA=0
Pump=0
[STEP 31]
ACTION=Stop
TEMP=0
TIME=0
GN2=0
PN2=0
AO2=0
BO2=0
NA=0
Pump=0
[STEP 32]
ACTION=Stop
TEMP=0
TIME=0
GN2=0
PN2=0
AO2=0
BO2=0
NA=0
Pump=0
[STEP 33]
ACTION=Stop
TEMP=0
TIME=0
GN2=0
PN2=0
AO2=0
BO2=0
NA=0
Pump=0
[STEP 34]
ACTION=Stop
TEMP=0
TIME=0
GN2=0
PN2=0
AO2=0
BO2=0
NA=0
Pump=0
[STEP 35]
ACTION=Stop
TEMP=0
TIME=0
GN2=0
PN2=0
AO2=0
BO2=0
NA=0
Pump=0
[STEP 36]
ACTION=Stop
TEMP=0
TIME=0
GN2=0
PN2=0
AO2=0
BO2=0
NA=0
Pump=0
[STEP 37]
ACTION=Stop
TEMP=0
TIME=0
GN2=0
PN2=0
AO2=0
BO2=0
NA=0
Pump=0
[STEP 38]
ACTION=Stop
TEMP=0
TIME=0
GN2=0
PN2=0
AO2=0
BO2=0
NA=0
Pump=0
[STEP 39]
ACTION=Stop
TEMP=0
TIME=0
GN2=0
PN2=0
AO2=0
BO2=0
NA=0
Pump=0
[STEP 40]
ACTION=Stop
TEMP=0
TIME=0
GN2=0
PN2=0
AO2=0
BO2=0
NA=0
Pump=0
[STEP 41]
ACTION=Stop
TEMP=0
TIME=0
GN2=0
PN2=0
AO2=0
BO2=0
NA=0
Pump=0
[STEP 42]
ACTION=Stop
TEMP=0
TIME=0
GN2=0
PN2=0
AO2=0
BO2=0
NA=0
Pump=0
[STEP 43]
ACTION=Stop
TEMP=0
TIME=0
GN2=0
PN2=0
AO2=0
BO2=0
NA=0
Pump=0
[STEP 44]
ACTION=Stop
TEMP=0
TIME=0
GN2=0
PN2=0
AO2=0
BO2=0
NA=0
Pump=0
[STEP 45]
ACTION=Stop
TEMP=0
TIME=0
GN2=0
PN2=0
AO2=0
BO2=0
NA=0
Pump=0
[STEP 46]
ACTION=Stop
TEMP=0
TIME=0
GN2=0
PN2=0
AO2=0
BO2=0
NA=0
Pump=0
[STEP 47]
ACTION=Stop
TEMP=0
TIME=0
GN2=0
PN2=0
AO2=0
BO2=0
NA=0
Pump=0
[STEP 48]
ACTION=Stop
TEMP=0
TIME=0
GN2=0
PN2=0
AO2=0
BO2=0
NA=0
Pump=0
[STEP 49]
ACTION=Stop
TEMP=0
TIME=0
GN2=0
PN2=0
AO2=0
BO2=0
NA=0
Pump=0
[STEP 50]
ACTION=Stop
TEMP=0
TIME=0
GN2=0
PN2=0
AO2=0
BO2=0
NA=0
Pump=0
[COFFICIENT]
IntensityWeightD1=0
IntensityWeightD2=0
IntensityWeightD3=0
IntensityWeightD4=0.2
IntensityWeightD5=0
IntensityWeightS1=0
IntensityWeightS2=0
IntensityWeightS3=0
IntensityWeightS4=0
IntensityWeightS5=0
[CONTROL_LOOP]
Proportional=0.04
Proportional2=0.04
Integrnal=0.001
Integral2=0.00065
Derivational=0
Factor1=0
Factor2=0
InputDevice=1
Overshoot=200
[PROCESS_RECORD]
No=Time,Intensity,TC1,NA,Gas1,Gas2,Gas3,Gas4,Gas5,Pressure,Gas6,TC2,TC3,TC4,TC5,TC6,Power1,Power2,Power3,Power4,Power5,O2-Gauge,TC7,O2,MTC8,MTC9,MTC10,MTC11,MTC12,MTC13,MTC14,MTC15,MTC16,MTC17,MTC18,MTC19,MTC20,MTC21,MTC22,MTC23
0=10060,0,85.5,0,0,0,0,0,0,763.828,0,86.1,84.3,84.7,80.2,0.1,0,0,0,0,0,0,6.2,0,0,0,0,0,0,0,0,0,0,0,0,0,0,0,0,0,0,0,0,0,0,0,0,0,0,0,0,0
1=11034,0,85.4,0,0,0,0,0,0,763.828,0,86,84.2,84.7,80.2,0.1,0,0,0,0,0,0,6.3,0,0,0,0,0,0,0,0,0,0,0,0,0,0,0,0,0,0,0,0,0,0,0,0,0,0,0,0,0
2=14468,0,85.2,0,18.388,0,0,0,0,763.828,0,85.8,84.1,84.5,79.9,0.1,0,0,0,0,0,0,16.9,0,0,0,0,0,0,0,0,0,0,0,0,0,0,0,0,0,0,0,0,0,0,0,0,0,0,0,0,0
3=15470,0,85.2,0,39.971,0,0,0,0,763.828,0,85.8,84,84.4,79.8,0.1,0,0,0,0,0,0,17.8,0,0,0,0,0,0,0,0,0,0,0,0,0,0,0,0,0,0,0,0,0,0,0,0,0,0,0,0,0
4=17784,0,85,0,39.932,0,0,0,0,763.828,0,85.6,83.8,84.2,79.5,0.1,0,0,0,0,0,0,15.8,0,0,0,0,0,0,0,0,0,0,0,0,0,0,0,0,0,0,0,0,0,0,0,0,0,0,0,0,0
5=18789,0,84.9,0,7.943,0,0,0,0,763.828,0,85.5,83.8,84,79.4,0.1,0,0,0,0,0,0,13.5,0,0,0,0,0,0,0,0,0,0,0,0,0,0,0,0,0,0,0,0,0,0,0,0,0,0,0,0,0
6=22394,0,84.6,0,0,0,0,0,0,763.828,0,85.1,83.5,83.6,79,0.1,0,0,0,0,0,0,11.2,0,0,0,0,0,0,0,0,0,0,0,0,0,0,0,0,0,0,0,0,0,0,0,0,0,0,0,0,0
7=23398,0,84.5,0,0,0,0,0,0,763.828,0,85,83.4,83.5,78.9,0.1,0,0,0,0,0,0,10.6,0,0,0,0,0,0,0,0,0,0,0,0,0,0,0,0,0,0,0,0,0,0,0,0,0,0,0,0,0
8=23398,0,84.5,0,0,0,0,0,0,763.828,0,85,83.4,83.5,78.9,0.1,0,0,0,0,0,0,10.6,0,0,0,0,0,0,0,0,0,0,0,0,0,0,0,0,0,0,0,0,0,0,0,0,0,0,0,0,0
9=37161,0,84.3,0,0,0,0,0,0,763.828,0,84.9,83.2,83.3,78.8,0.1,0,0,0,0,0,0,9.6,0,0,0,0,0,0,0,0,0,0,0,0,0,0,0,0,0,0,0,0,0,0,0,0,0,0,0,0,0
10=37161,0,84.3,0,0,0,0,0,0,763.828,0,84.9,83.2,83.3,78.8,0.1,0,0,0,0,0,0,9.6,0,0,0,0,0,0,0,0,0,0,0,0,0,0,0,0,0,0,0,0,0,0,0,0,0,0,0,0,0
11=37395,0,83.6,0,0,0,0,0,0,763.828,0,84.2,82.5,82.5,78.4,0.1,0,0,0,0,0,0,7.2,0,0,0,0,0,0,0,0,0,0,0,0,0,0,0,0,0,0,0,0,0,0,0,0,0,0,0,0,0
12=37395,0,83.6,0,0,0,0,0,0,763.828,0,84.2,82.5,82.5,78.4,0.1,0,0,0,0,0,0,7.2,0,0,0,0,0,0,0,0,0,0,0,0,0,0,0,0,0,0,0,0,0,0,0,0,0,0,0,0,0
13=37805,0,83.6,0,0,0,0,0,0,763.828,0,84.2,82.5,82.5,78.3,0.1,0,0,0,0,0,0,7.2,0,0,0,0,0,0,0,0,0,0,0,0,0,0,0,0,0,0,0,0,0,0,0,0,0,0,0,0,0
14=37805,0,83.6,0,0,0,0,0,0,763.828,0,84.2,82.5,82.5,78.3,0.1,0,0,0,0,0,0,7.2,0,0,0,0,0,0,0,0,0,0,0,0,0,0,0,0,0,0,0,0,0,0,0,0,0,0,0,0,0
15=38211,0,83.5,0,0,0,0,0,0,763.828,0,84.1,82.5,82.5,78.3,0.1,0,0,0,0,0,0,7.2,0,0,0,0,0,0,0,0,0,0,0,0,0,0,0,0,0,0,0,0,0,0,0,0,0,0,0,0,0
16=38211,0,83.5,0,0,0,0,0,0,763.828,0,84.1,82.5,82.5,78.3,0.1,0,0,0,0,0,0,7.2,0,0,0,0,0,0,0,0,0,0,0,0,0,0,0,0,0,0,0,0,0,0,0,0,0,0,0,0,0
17=38617,0,83.5,0,0,0,0,0,0,763.828,0,84.1,82.4,82.5,78.3,0.1,0,0,0,0,0,0,7.2,0,0,0,0,0,0,0,0,0,0,0,0,0,0,0,0,0,0,0,0,0,0,0,0,0,0,0,0,0
18=38617,0,83.5,0,0,0,0,0,0,763.828,0,84.1,82.4,82.5,78.3,0.1,0,0,0,0,0,0,7.2,0,0,0,0,0,0,0,0,0,0,0,0,0,0,0,0,0,0,0,0,0,0,0,0,0,0,0,0,0
19=39011,0,83.5,0,0,0,0,0,0,763.828,0,84.1,82.4,82.4,78.3,0.1,0,0,0,0,0,0,7.2,0,0,0,0,0,0,0,0,0,0,0,0,0,0,0,0,0,0,0,0,0,0,0,0,0,0,0,0,0
20=39011,0,83.5,0,0,0,0,0,0,763.828,0,84.1,82.4,82.4,78.3,0.1,0,0,0,0,0,0,7.2,0,0,0,0,0,0,0,0,0,0,0,0,0,0,0,0,0,0,0,0,0,0,0,0,0,0,0,0,0
21=39418,0,83.5,0,0,0,0,0,0,763.828,0,84.1,82.4,82.4,78.3,0.1,0,0,0,0,0,0,7,0,0,0,0,0,0,0,0,0,0,0,0,0,0,0,0,0,0,0,0,0,0,0,0,0,0,0,0,0
22=39418,0,83.5,0,0,0,0,0,0,763.828,0,84.1,82.4,82.4,78.3,0.1,0,0,0,0,0,0,7,0,0,0,0,0,0,0,0,0,0,0,0,0,0,0,0,0,0,0,0,0,0,0,0,0,0,0,0,0
23=39833,0,83.5,0,0,0,0,0,0,763.828,0,84.1,82.4,82.4,78.2,0.1,0,0,0,0,0,0,6.5,0,0,0,0,0,0,0,0,0,0,0,0,0,0,0,0,0,0,0,0,0,0,0,0,0,0,0,0,0
24=39833,0,83.5,0,0,0,0,0,0,763.828,0,84.1,82.4,82.4,78.2,0.1,0,0,0,0,0,0,6.5,0,0,0,0,0,0,0,0,0,0,0,0,0,0,0,0,0,0,0,0,0,0,0,0,0,0,0,0,0
25=40234,0,83.4,0,0,0,0,0,0,763.828,0,84,82.3,82.4,78.2,0.1,0,0,0,0,0,0,6.4,0,0,0,0,0,0,0,0,0,0,0,0,0,0,0,0,0,0,0,0,0,0,0,0,0,0,0,0,0
26=40234,0,83.4,0,0,0,0,0,0,763.828,0,84,82.3,82.4,78.2,0.1,0,0,0,0,0,0,6.4,0,0,0,0,0,0,0,0,0,0,0,0,0,0,0,0,0,0,0,0,0,0,0,0,0,0,0,0,0
27=40650,0,83.4,0,0,0,0,0,0,763.828,0,84,82.3,82.4,78.2,0.1,0,0,0,0,0,0,6.3,0,0,0,0,0,0,0,0,0,0,0,0,0,0,0,0,0,0,0,0,0,0,0,0,0,0,0,0,0
28=40650,0,83.4,0,0,0,0,0,0,763.828,0,84,82.3,82.4,78.2,0.1,0,0,0,0,0,0,6.3,0,0,0,0,0,0,0,0,0,0,0,0,0,0,0,0,0,0,0,0,0,0,0,0,0,0,0,0,0
29=41053,0,83.4,0,0,0,0,0,0,763.828,0,84,82.3,82.3,78.2,0.1,0,0,0,0,0,0,6.2,0,0,0,0,0,0,0,0,0,0,0,0,0,0,0,0,0,0,0,0,0,0,0,0,0,0,0,0,0
30=41053,0,83.4,0,0,0,0,0,0,763.828,0,84,82.3,82.3,78.2,0.1,0,0,0,0,0,0,6.2,0,0,0,0,0,0,0,0,0,0,0,0,0,0,0,0,0,0,0,0,0,0,0,0,0,0,0,0,0
31=41454,0,83.4,0,0,0,0,0,0,763.828,0,84,82.3,82.3,78.2,0.1,0,0,0,0,0,0,6.2,0,0,0,0,0,0,0,0,0,0,0,0,0,0,0,0,0,0,0,0,0,0,0,0,0,0,0,0,0
32=41454,0,83.4,0,0,0,0,0,0,763.828,0,84,82.3,82.3,78.2,0.1,0,0,0,0,0,0,6.2,0,0,0,0,0,0,0,0,0,0,0,0,0,0,0,0,0,0,0,0,0,0,0,0,0,0,0,0,0
33=41855,0,83.4,0,0,0,0,0,0,763.828,0,84,82.3,82.3,78.2,0.1,0,0,0,0,0,0,6.2,0,0,0,0,0,0,0,0,0,0,0,0,0,0,0,0,0,0,0,0,0,0,0,0,0,0,0,0,0
34=41855,0,83.4,0,0,0,0,0,0,763.828,0,84,82.3,82.3,78.2,0.1,0,0,0,0,0,0,6.2,0,0,0,0,0,0,0,0,0,0,0,0,0,0,0,0,0,0,0,0,0,0,0,0,0,0,0,0,0
35=42289,0,83.3,0,0,0,0,0,0,763.828,0,83.9,82.3,82.3,78.1,0.1,0,0,0,0,0,0,6.2,0,0,0,0,0,0,0,0,0,0,0,0,0,0,0,0,0,0,0,0,0,0,0,0,0,0,0,0,0
36=42289,0,83.3,0,0,0,0,0,0,763.828,0,83.9,82.3,82.3,78.1,0.1,0,0,0,0,0,0,6.2,0,0,0,0,0,0,0,0,0,0,0,0,0,0,0,0,0,0,0,0,0,0,0,0,0,0,0,0,0
37=42689,0,83.3,0,0,0,0,0,0,763.828,0,83.9,82.2,82.3,78.1,0.1,0,0,0,0,0,0,6.2,0,0,0,0,0,0,0,0,0,0,0,0,0,0,0,0,0,0,0,0,0,0,0,0,0,0,0,0,0
38=42689,0,83.3,0,0,0,0,0,0,763.828,0,83.9,82.2,82.3,78.1,0.1,0,0,0,0,0,0,6.2,0,0,0,0,0,0,0,0,0,0,0,0,0,0,0,0,0,0,0,0,0,0,0,0,0,0,0,0,0
39=43103,0,83.3,0,0,0,0,0,0,763.828,0,83.9,82.2,82.3,78.1,0.1,0,0,0,0,0,0,6.2,0,0,0,0,0,0,0,0,0,0,0,0,0,0,0,0,0,0,0,0,0,0,0,0,0,0,0,0,0
40=43103,0,83.3,0,0,0,0,0,0,763.828,0,83.9,82.2,82.3,78.1,0.1,0,0,0,0,0,0,6.2,0,0,0,0,0,0,0,0,0,0,0,0,0,0,0,0,0,0,0,0,0,0,0,0,0,0,0,0,0
41=43506,0,83.3,0,0,0,0,0,0,763.828,0,83.9,82.2,82.2,78.1,0.1,0,0,0,0,0,0,6.2,0,0,0,0,0,0,0,0,0,0,0,0,0,0,0,0,0,0,0,0,0,0,0,0,0,0,0,0,0
42=43506,0,83.3,0,0,0,0,0,0,763.828,0,83.9,82.2,82.2,78.1,0.1,0,0,0,0,0,0,6.2,0,0,0,0,0,0,0,0,0,0,0,0,0,0,0,0,0,0,0,0,0,0,0,0,0,0,0,0,0
43=43907,0,83.3,0,0,0,0,0,0,763.828,0,83.9,82.2,82.2,78.1,0.1,0,0,0,0,0,0,6.2,0,0,0,0,0,0,0,0,0,0,0,0,0,0,0,0,0,0,0,0,0,0,0,0,0,0,0,0,0
44=43907,0,83.3,0,0,0,0,0,0,763.828,0,83.9,82.2,82.2,78.1,0.1,0,0,0,0,0,0,6.2,0,0,0,0,0,0,0,0,0,0,0,0,0,0,0,0,0,0,0,0,0,0,0,0,0,0,0,0,0
45=44309,0,83.2,0,0,0,0,0,0,763.828,0,83.8,82.1,82.2,78.1,0.1,0,0,0,0,0,0,6.2,0,0,0,0,0,0,0,0,0,0,0,0,0,0,0,0,0,0,0,0,0,0,0,0,0,0,0,0,0
46=44309,0,83.2,0,0,0,0,0,0,763.828,0,83.8,82.1,82.2,78.1,0.1,0,0,0,0,0,0,6.2,0,0,0,0,0,0,0,0,0,0,0,0,0,0,0,0,0,0,0,0,0,0,0,0,0,0,0,0,0
47=44724,0,83.2,0,0,0,0,0,0,763.828,0,83.8,82.1,82.2,78,0.1,0,0,0,0,0,0,6.2,0,0,0,0,0,0,0,0,0,0,0,0,0,0,0,0,0,0,0,0,0,0,0,0,0,0,0,0,0
48=44724,0,83.2,0,0,0,0,0,0,763.828,0,83.8,82.1,82.2,78,0.1,0,0,0,0,0,0,6.2,0,0,0,0,0,0,0,0,0,0,0,0,0,0,0,0,0,0,0,0,0,0,0,0,0,0,0,0,0
49=45125,0,83.2,0,0,0,0,0,0,763.828,0,83.8,82.1,82.2,78,0.1,0,0,0,0,0,0,6.2,0,0,0,0,0,0,0,0,0,0,0,0,0,0,0,0,0,0,0,0,0,0,0,0,0,0,0,0,0
50=45125,0,83.2,0,0,0,0,0,0,763.828,0,83.8,82.1,82.2,78,0.1,0,0,0,0,0,0,6.2,0,0,0,0,0,0,0,0,0,0,0,0,0,0,0,0,0,0,0,0,0,0,0,0,0,0,0,0,0
51=45541,0,83.2,0,0,0,0,0,0,763.828,0,83.8,82.1,82.2,78,0.1,0,0,0,0,0,0,6.2,0,0,0,0,0,0,0,0,0,0,0,0,0,0,0,0,0,0,0,0,0,0,0,0,0,0,0,0,0
52=45541,0,83.2,0,0,0,0,0,0,763.828,0,83.8,82.1,82.2,78,0.1,0,0,0,0,0,0,6.2,0,0,0,0,0,0,0,0,0,0,0,0,0,0,0,0,0,0,0,0,0,0,0,0,0,0,0,0,0
53=45944,0,83.2,0,0,0,0,0,0,763.828,0,83.8,82.1,82.1,78,0.1,0,0,0,0,0,0,6.2,0,0,0,0,0,0,0,0,0,0,0,0,0,0,0,0,0,0,0,0,0,0,0,0,0,0,0,0,0
54=45944,0,83.2,0,0,0,0,0,0,763.828,0,83.8,82.1,82.1,78,0.1,0,0,0,0,0,0,6.2,0,0,0,0,0,0,0,0,0,0,0,0,0,0,0,0,0,0,0,0,0,0,0,0,0,0,0,0,0
55=46346,0,83.1,0,0,0,0,0,0,763.828,0,83.7,82,82.1,78,0.1,0,0,0,0,0,0,6.2,0,0,0,0,0,0,0,0,0,0,0,0,0,0,0,0,0,0,0,0,0,0,0,0,0,0,0,0,0
56=46346,0,83.1,0,0,0,0,0,0,763.828,0,83.7,82,82.1,78,0.1,0,0,0,0,0,0,6.2,0,0,0,0,0,0,0,0,0,0,0,0,0,0,0,0,0,0,0,0,0,0,0,0,0,0,0,0,0
57=46753,0,83.1,0,0,0,0,0,0,763.828,0,83.7,82,82.1,77.9,0.1,0,0,0,0,0,0,6.2,0,0,0,0,0,0,0,0,0,0,0,0,0,0,0,0,0,0,0,0,0,0,0,0,0,0,0,0,0
58=46753,0,83.1,0,0,0,0,0,0,763.828,0,83.7,82,82.1,77.9,0.1,0,0,0,0,0,0,6.2,0,0,0,0,0,0,0,0,0,0,0,0,0,0,0,0,0,0,0,0,0,0,0,0,0,0,0,0,0
59=47154,0,83.1,0,0,0,0,0,0,763.828,0,83.7,82,82.1,77.9,0.1,0,0,0,0,0,0,6.2,0,0,0,0,0,0,0,0,0,0,0,0,0,0,0,0,0,0,0,0,0,0,0,0,0,0,0,0,0
60=47154,0,83.1,0,0,0,0,0,0,763.828,0,83.7,82,82.1,77.9,0.1,0,0,0,0,0,0,6.2,0,0,0,0,0,0,0,0,0,0,0,0,0,0,0,0,0,0,0,0,0,0,0,0,0,0,0,0,0
61=47559,0,83.1,0,0,0,0,0,0,763.828,0,83.7,82,82.1,77.9,0.1,0,0,0,0,0,0,6.2,0,0,0,0,0,0,0,0,0,0,0,0,0,0,0,0,0,0,0,0,0,0,0,0,0,0,0,0,0
62=47559,0,83.1,0,0,0,0,0,0,763.828,0,83.7,82,82.1,77.9,0.1,0,0,0,0,0,0,6.2,0,0,0,0,0,0,0,0,0,0,0,0,0,0,0,0,0,0,0,0,0,0,0,0,0,0,0,0,0
63=47972,0,83.1,0,0,0,0,0,0,763.828,0,83.7,82,82,77.9,0.1,0,0,0,0,0,0,6.2,0,0,0,0,0,0,0,0,0,0,0,0,0,0,0,0,0,0,0,0,0,0,0,0,0,0,0,0,0
64=47972,0,83.1,0,0,0,0,0,0,763.828,0,83.7,82,82,77.9,0.1,0,0,0,0,0,0,6.2,0,0,0,0,0,0,0,0,0,0,0,0,0,0,0,0,0,0,0,0,0,0,0,0,0,0,0,0,0
65=48378,0,83,0,0,0,0,0,0,763.828,0,83.6,81.9,82,77.9,0.1,0,0,0,0,0,0,6.2,0,0,0,0,0,0,0,0,0,0,0,0,0,0,0,0,0,0,0,0,0,0,0,0,0,0,0,0,0
66=48378,0,83,0,0,0,0,0,0,763.828,0,83.6,81.9,82,77.9,0.1,0,0,0,0,0,0,6.2,0,0,0,0,0,0,0,0,0,0,0,0,0,0,0,0,0,0,0,0,0,0,0,0,0,0,0,0,0
67=48794,0,83,0,0,0,0,0,0,763.828,0,83.6,81.9,82,77.9,0.1,0,0,0,0,0,0,6.2,0,0,0,0,0,0,0,0,0,0,0,0,0,0,0,0,0,0,0,0,0,0,0,0,0,0,0,0,0
68=48794,0,83,0,0,0,0,0,0,763.828,0,83.6,81.9,82,77.9,0.1,0,0,0,0,0,0,6.2,0,0,0,0,0,0,0,0,0,0,0,0,0,0,0,0,0,0,0,0,0,0,0,0,0,0,0,0,0
69=49208,0,83,0,0,0,0,0,0,763.828,0,83.6,81.9,82,77.8,0.1,0,0,0,0,0,0,6.2,0,0,0,0,0,0,0,0,0,0,0,0,0,0,0,0,0,0,0,0,0,0,0,0,0,0,0,0,0
70=49208,0,83,0,0,0,0,0,0,763.828,0,83.6,81.9,82,77.8,0.1,0,0,0,0,0,0,6.2,0,0,0,0,0,0,0,0,0,0,0,0,0,0,0,0,0,0,0,0,0,0,0,0,0,0,0,0,0
71=49611,0,83,0,0,0,0,0,0,763.828,0,83.6,81.9,82,77.8,0.1,0,0,0,0,0,0,6.2,0,0,0,0,0,0,0,0,0,0,0,0,0,0,0,0,0,0,0,0,0,0,0,0,0,0,0,0,0
72=49611,0,83,0,0,0,0,0,0,763.828,0,83.6,81.9,82,77.8,0.1,0,0,0,0,0,0,6.2,0,0,0,0,0,0,0,0,0,0,0,0,0,0,0,0,0,0,0,0,0,0,0,0,0,0,0,0,0
73=50011,0,82.9,0,0,0,0,0,0,763.828,0,83.6,81.9,81.9,77.8,0.1,0,0,0,0,0,0,6.2,0,0,0,0,0,0,0,0,0,0,0,0,0,0,0,0,0,0,0,0,0,0,0,0,0,0,0,0,0
74=50011,0,82.9,0,0,0,0,0,0,763.828,0,83.6,81.9,81.9,77.8,0.1,0,0,0,0,0,0,6.2,0,0,0,0,0,0,0,0,0,0,0,0,0,0,0,0,0,0,0,0,0,0,0,0,0,0,0,0,0
75=50428,0,82.9,0,0,0,0,0,0,763.828,0,83.5,81.8,81.9,77.8,0.1,0,0,0,0,0,0,6.2,0,0,0,0,0,0,0,0,0,0,0,0,0,0,0,0,0,0,0,0,0,0,0,0,0,0,0,0,0
76=50428,0,82.9,0,0,0,0,0,0,763.828,0,83.5,81.8,81.9,77.8,0.1,0,0,0,0,0,0,6.2,0,0,0,0,0,0,0,0,0,0,0,0,0,0,0,0,0,0,0,0,0,0,0,0,0,0,0,0,0
77=50828,0,82.9,0,0,0,0,0,0,763.828,0,83.5,81.8,81.9,77.8,0.1,0,0,0,0,0.09,0,6.2,0,0,0,0,0,0,0,0,0,0,0,0,0,0,0,0,0,0,0,0,0,0,0,0,0,0,0,0,0
78=50828,0,82.9,0,0,0,0,0,0,763.828,0,83.5,81.8,81.9,77.8,0.1,0,0,0,0,0.09,0,6.2,0,0,0,0,0,0,0,0,0,0,0,0,0,0,0,0,0,0,0,0,0,0,0,0,0,0,0,0,0
79=51243,0,82.9,0,0,0,0,0,0,763.828,0,83.5,81.8,81.9,77.7,0.1,0,0,0,0,0.18,0,6.2,0,0,0,0,0,0,0,0,0,0,0,0,0,0,0,0,0,0,0,0,0,0,0,0,0,0,0,0,0
80=51243,0,82.9,0,0,0,0,0,0,763.828,0,83.5,81.8,81.9,77.7,0.1,0,0,0,0,0.18,0,6.2,0,0,0,0,0,0,0,0,0,0,0,0,0,0,0,0,0,0,0,0,0,0,0,0,0,0,0,0,0
81=51642,0,82.9,0,0,0,0,0,0,763.828,0,83.5,81.8,81.9,77.7,0.1,0,0,0.14,0.12,0.29,0,6.2,0,0,0,0,0,0,0,0,0,0,0,0,0,0,0,0,0,0,0,0,0,0,0,0,0,0,0,0,0
82=51642,0,82.9,0,0,0,0,0,0,763.828,0,83.5,81.8,81.9,77.7,0.1,0,0,0.14,0.12,0.29,0,6.2,0,0,0,0,0,0,0,0,0,0,0,0,0,0,0,0,0,0,0,0,0,0,0,0,0,0,0,0,0
83=52042,0.13,82.8,0,0,0,0,0,0,763.828,0,83.4,81.8,81.9,77.7,0.1,0.13,0.06,0.32,0.3,0.4,0,6.2,0,0,0,0,0,0,0,0,0,0,0,0,0,0,0,0,0,0,0,0,0,0,0,0,0,0,0,0,0
84=52042,0.13,82.8,0,0,0,0,0,0,763.828,0,83.4,81.8,81.9,77.7,0.1,0.13,0.06,0.32,0.3,0.4,0,6.2,0,0,0,0,0,0,0,0,0,0,0,0,0,0,0,0,0,0,0,0,0,0,0,0,0,0,0,0,0
85=52459,0.3,82.8,0,0,0,0,0,0,763.828,0,83.4,81.7,81.8,77.7,0.1,0.3,0.22,0.5,0.48,0.51,0,6.2,0,0,0,0,0,0,0,0,0,0,0,0,0,0,0,0,0,0,0,0,0,0,0,0,0,0,0,0,0
86=52459,0.3,82.8,0,0,0,0,0,0,763.828,0,83.4,81.7,81.8,77.7,0.1,0.3,0.22,0.5,0.48,0.51,0,6.2,0,0,0,0,0,0,0,0,0,0,0,0,0,0,0,0,0,0,0,0,0,0,0,0,0,0,0,0,0
87=52858,0.49,82.8,0,0,0,0,0,0,763.828,0,83.4,81.7,81.8,77.7,0.1,0.49,0.41,0.7,0.68,0.63,0,6.2,0,0,0,0,0,0,0,0,0,0,0,0,0,0,0,0,0,0,0,0,0,0,0,0,0,0,0,0,0
88=52858,0.49,82.8,0,0,0,0,0,0,763.828,0,83.4,81.7,81.8,77.7,0.1,0.49,0.41,0.7,0.68,0.63,0,6.2,0,0,0,0,0,0,0,0,0,0,0,0,0,0,0,0,0,0,0,0,0,0,0,0,0,0,0,0,0
89=53267,0.68,82.8,0,0,0,0,0,0,763.828,0,83.4,81.7,81.8,77.7,0.1,0.68,0.6,0.9,0.88,0.76,0,6.2,0,0,0,0,0,0,0,0,0,0,0,0,0,0,0,0,0,0,0,0,0,0,0,0,0,0,0,0,0
90=53267,0.68,82.8,0,0,0,0,0,0,763.828,0,83.4,81.7,81.8,77.7,0.1,0.68,0.6,0.9,0.88,0.76,0,6.2,0,0,0,0,0,0,0,0,0,0,0,0,0,0,0,0,0,0,0,0,0,0,0,0,0,0,0,0,0
91=53677,0.88,82.8,0,0,0,0,0,0,763.828,0,83.4,81.7,81.8,77.6,0.1,0.88,0.79,1.11,1.09,0.89,0,6.2,0,0,0,0,0,0,0,0,0,0,0,0,0,0,0,0,0,0,0,0,0,0,0,0,0,0,0,0,0
92=53677,0.88,82.8,0,0,0,0,0,0,763.828,0,83.4,81.7,81.8,77.6,0.1,0.88,0.79,1.11,1.09,0.89,0,6.2,0,0,0,0,0,0,0,0,0,0,0,0,0,0,0,0,0,0,0,0,0,0,0,0,0,0,0,0,0
93=54081,1.09,82.7,0,0,0,0,0,0,763.828,0,83.3,81.7,81.8,77.6,0.1,1.09,1,1.33,1.31,1.02,0,6.2,0,0,0,0,0,0,0,0,0,0,0,0,0,0,0,0,0,0,0,0,0,0,0,0,0,0,0,0,0
94=54081,1.09,82.7,0,0,0,0,0,0,763.828,0,83.3,81.7,81.8,77.6,0.1,1.09,1,1.33,1.31,1.02,0,6.2,0,0,0,0,0,0,0,0,0,0,0,0,0,0,0,0,0,0,0,0,0,0,0,0,0,0,0,0,0
95=54479,1.3,82.7,0,0,0,0,0,0,763.828,0,83.3,81.6,81.7,77.6,0.1,1.3,1.21,1.55,1.53,1.16,0,6.2,0,0,0,0,0,0,0,0,0,0,0,0,0,0,0,0,0,0,0,0,0,0,0,0,0,0,0,0,0
96=54479,1.3,82.7,0,0,0,0,0,0,763.828,0,83.3,81.6,81.7,77.6,0.1,1.3,1.21,1.55,1.53,1.16,0,6.2,0,0,0,0,0,0,0,0,0,0,0,0,0,0,0,0,0,0,0,0,0,0,0,0,0,0,0,0,0
97=54896,1.52,82.7,0,0,0,0,0,0,763.828,0,83.3,81.6,81.7,77.6,0.1,1.52,1.42,1.78,1.75,1.29,0,6.2,0,0,0,0,0,0,0,0,0,0,0,0,0,0,0,0,0,0,0,0,0,0,0,0,0,0,0,0,0
98=54896,1.52,82.7,0,0,0,0,0,0,763.828,0,83.3,81.6,81.7,77.6,0.1,1.52,1.42,1.78,1.75,1.29,0,6.2,0,0,0,0,0,0,0,0,0,0,0,0,0,0,0,0,0,0,0,0,0,0,0,0,0,0,0,0,0
99=55300,1.75,82.7,0,0,0,0,0,0,763.828,0,83.3,81.6,81.7,77.6,0.1,1.75,1.65,2.03,2,1.43,0,6.2,0,0,0,0,0,0,0,0,0,0,0,0,0,0,0,0,0,0,0,0,0,0,0,0,0,0,0,0,0
100=55300,1.75,82.7,0,0,0,0,0,0,763.828,0,83.3,81.6,81.7,77.6,0.1,1.75,1.65,2.03,2,1.43,0,6.2,0,0,0,0,0,0,0,0,0,0,0,0,0,0,0,0,0,0,0,0,0,0,0,0,0,0,0,0,0
101=55710,1.98,82.7,0,0,0,0,0,0,763.828,0,83.3,81.6,81.7,77.7,0.1,1.98,1.88,2.27,2.24,1.56,0,6.2,0,0,0,0,0,0,0,0,0,0,0,0,0,0,0,0,0,0,0,0,0,0,0,0,0,0,0,0,0
102=55710,1.98,82.7,0,0,0,0,0,0,763.828,0,83.3,81.6,81.7,77.7,0.1,1.98,1.88,2.27,2.24,1.56,0,6.2,0,0,0,0,0,0,0,0,0,0,0,0,0,0,0,0,0,0,0,0,0,0,0,0,0,0,0,0,0
103=56117,2.22,82.7,0,0,0,0,0,0,763.828,0,83.3,81.6,81.7,77.9,0.1,2.22,2.12,2.52,2.48,1.66,0,6.2,0,0,0,0,0,0,0,0,0,0,0,0,0,0,0,0,0,0,0,0,0,0,0,0,0,0,0,0,0
104=56117,2.22,82.7,0,0,0,0,0,0,763.828,0,83.3,81.6,81.7,77.9,0.1,2.22,2.12,2.52,2.48,1.66,0,6.2,0,0,0,0,0,0,0,0,0,0,0,0,0,0,0,0,0,0,0,0,0,0,0,0,0,0,0,0,0
105=56516,2.45,82.7,0,0,0,0,0,0,763.828,0,83.3,81.6,81.7,78.3,0.1,2.45,2.35,2.75,2.72,1.71,0,6.2,0,0,0,0,0,0,0,0,0,0,0,0,0,0,0,0,0,0,0,0,0,0,0,0,0,0,0,0,0
106=56516,2.45,82.7,0,0,0,0,0,0,763.828,0,83.3,81.6,81.7,78.3,0.1,2.45,2.35,2.75,2.72,1.71,0,6.2,0,0,0,0,0,0,0,0,0,0,0,0,0,0,0,0,0,0,0,0,0,0,0,0,0,0,0,0,0
107=56920,2.68,82.7,0,0,0,0,0,0,763.828,0,83.3,81.7,81.8,78.9,0.1,2.68,2.57,2.98,2.95,1.7,0,6.2,0,0,0,0,0,0,0,0,0,0,0,0,0,0,0,0,0,0,0,0,0,0,0,0,0,0,0,0,0
108=56920,2.68,82.7,0,0,0,0,0,0,763.828,0,83.3,81.7,81.8,78.9,0.1,2.68,2.57,2.98,2.95,1.7,0,6.2,0,0,0,0,0,0,0,0,0,0,0,0,0,0,0,0,0,0,0,0,0,0,0,0,0,0,0,0,0
109=57327,2.89,82.8,0,0,0,0,0,0,763.828,0,83.4,81.8,81.9,80,0.1,2.89,2.8,3.19,3.17,1.61,0,6.2,0,0,0,0,0,0,0,0,0,0,0,0,0,0,0,0,0,0,0,0,0,0,0,0,0,0,0,0,0
110=57327,2.89,82.8,0,0,0,0,0,0,763.828,0,83.4,81.8,81.9,80,0.1,2.89,2.8,3.19,3.17,1.61,0,6.2,0,0,0,0,0,0,0,0,0,0,0,0,0,0,0,0,0,0,0,0,0,0,0,0,0,0,0,0,0
111=57735,3.08,82.9,0,0,0,0,0,0,763.828,0,83.5,81.9,82,81.6,0.1,3.08,2.99,3.36,3.34,1.43,0,6.2,0,0,0,0,0,0,0,0,0,0,0,0,0,0,0,0,0,0,0,0,0,0,0,0,0,0,0,0,0
112=57735,3.08,82.9,0,0,0,0,0,0,763.828,0,83.5,81.9,82,81.6,0.1,3.08,2.99,3.36,3.34,1.43,0,6.2,0,0,0,0,0,0,0,0,0,0,0,0,0,0,0,0,0,0,0,0,0,0,0,0,0,0,0,0,0
113=58143,3.23,83.1,0,0,0,0,0,0,763.828,0,83.7,82.2,82.3,83.7,0.1,3.23,3.16,3.5,3.48,1.17,0,6.3,0,0,0,0,0,0,0,0,0,0,0,0,0,0,0,0,0,0,0,0,0,0,0,0,0,0,0,0,0
114=58143,3.23,83.1,0,0,0,0,0,0,763.828,0,83.7,82.2,82.3,83.7,0.1,3.23,3.16,3.5,3.48,1.17,0,6.3,0,0,0,0,0,0,0,0,0,0,0,0,0,0,0,0,0,0,0,0,0,0,0,0,0,0,0,0,0
115=58552,3.34,83.5,0,0,0,0,0,0,763.828,0,83.9,82.7,82.7,86.3,0.1,3.34,3.29,3.59,3.58,0.84,0,6.7,0,0,0,0,0,0,0,0,0,0,0,0,0,0,0,0,0,0,0,0,0,0,0,0,0,0,0,0,0
116=58552,3.34,83.5,0,0,0,0,0,0,763.828,0,83.9,82.7,82.7,86.3,0.1,3.34,3.29,3.59,3.58,0.84,0,6.7,0,0,0,0,0,0,0,0,0,0,0,0,0,0,0,0,0,0,0,0,0,0,0,0,0,0,0,0,0
117=58984,3.41,84,0,0,0,0,0,0,763.828,0,84.4,83.2,83.3,89.4,0.1,3.41,3.37,3.62,3.62,0.48,0,7.2,0,0,0,0,0,0,0,0,0,0,0,0,0,0,0,0,0,0,0,0,0,0,0,0,0,0,0,0,0
118=58984,3.41,84,0,0,0,0,0,0,763.828,0,84.4,83.2,83.3,89.4,0.1,3.41,3.37,3.62,3.62,0.48,0,7.2,0,0,0,0,0,0,0,0,0,0,0,0,0,0,0,0,0,0,0,0,0,0,0,0,0,0,0,0,0
119=59363,3.42,84.8,0,0,0,0,0,0,763.828,0,85.1,84.2,84.2,93.7,0.1,3.42,3.41,3.6,3.6,0,0,7.9,0,0,0,0,0,0,0,0,0,0,0,0,0,0,0,0,0,0,0,0,0,0,0,0,0,0,0,0,0
120=59363,3.42,84.8,0,0,0,0,0,0,763.828,0,85.1,84.2,84.2,93.7,0.1,3.42,3.41,3.6,3.6,0,0,7.9,0,0,0,0,0,0,0,0,0,0,0,0,0,0,0,0,0,0,0,0,0,0,0,0,0,0,0,0,0
121=59764,3.35,85.9,0,0,0,0,0,0,763.828,0,86.1,85.4,85.4,98.7,0.1,3.35,3.36,3.49,3.49,0,0,8.7,0,0,0,0,0,0,0,0,0,0,0,0,0,0,0,0,0,0,0,0,0,0,0,0,0,0,0,0,0
122=59764,3.35,85.9,0,0,0,0,0,0,763.828,0,86.1,85.4,85.4,98.7,0.1,3.35,3.36,3.49,3.49,0,0,8.7,0,0,0,0,0,0,0,0,0,0,0,0,0,0,0,0,0,0,0,0,0,0,0,0,0,0,0,0,0
123=60181,3.23,87,0,0,0,0,0,0,763.828,0,87.2,86.7,86.7,102.8,0.1,3.23,3.26,3.34,3.34,0,0,9.4,0,0,0,0,0,0,0,0,0,0,0,0,0,0,0,0,0,0,0,0,0,0,0,0,0,0,0,0,0
124=60181,3.23,87,0,0,0,0,0,0,763.828,0,87.2,86.7,86.7,102.8,0.1,3.23,3.26,3.34,3.34,0,0,9.4,0,0,0,0,0,0,0,0,0,0,0,0,0,0,0,0,0,0,0,0,0,0,0,0,0,0,0,0,0
125=60590,3.15,87.8,0,0,0,0,0,0,763.828,0,87.8,87.5,87.5,105.2,0.1,3.15,3.17,3.23,3.23,0,0,9.9,0,0,0,0,0,0,0,0,0,0,0,0,0,0,0,0,0,0,0,0,0,0,0,0,0,0,0,0,0
126=60590,3.15,87.8,0,0,0,0,0,0,763.828,0,87.8,87.5,87.5,105.2,0.1,3.15,3.17,3.23,3.23,0,0,9.9,0,0,0,0,0,0,0,0,0,0,0,0,0,0,0,0,0,0,0,0,0,0,0,0,0,0,0,0,0
127=61000,2.96,89.2,0,0,0,0,0,0,763.828,0,89.2,89.1,89.1,109.4,0.1,2.96,2.99,3.01,3,0,0,10.5,0,0,0,0,0,0,0,0,0,0,0,0,0,0,0,0,0,0,0,0,0,0,0,0,0,0,0,0,0
128=61000,2.96,89.2,0,0,0,0,0,0,763.828,0,89.2,89.1,89.1,109.4,0.1,2.96,2.99,3.01,3,0,0,10.5,0,0,0,0,0,0,0,0,0,0,0,0,0,0,0,0,0,0,0,0,0,0,0,0,0,0,0,0,0
129=61405,1.89,90.8,0,0,0,0,0,0,763.828,0,90.8,90.9,90.9,113.5,0.1,1.89,1.92,1.91,1.89,0,0,11.2,0,0,0,0,0,0,0,0,0,0,0,0,0,0,0,0,0,0,0,0,0,0,0,0,0,0,0,0,0
130=61405,1.89,90.8,0,0,0,0,0,0,763.828,0,90.8,90.9,90.9,113.5,0.1,1.89,1.92,1.91,1.89,0,0,11.2,0,0,0,0,0,0,0,0,0,0,0,0,0,0,0,0,0,0,0,0,0,0,0,0,0,0,0,0,0
131=61816,1.19,92.7,0,0,0,0,0,0,763.828,0,92.6,92.8,92.9,117.5,0.1,1.19,1.2,1.18,1.14,0,0,11.9,0,0,0,0,0,0,0,0,0,0,0,0,0,0,0,0,0,0,0,0,0,0,0,0,0,0,0,0,0
132=61816,1.19,92.7,0,0,0,0,0,0,763.828,0,92.6,92.8,92.9,117.5,0.1,1.19,1.2,1.18,1.14,0,0,11.9,0,0,0,0,0,0,0,0,0,0,0,0,0,0,0,0,0,0,0,0,0,0,0,0,0,0,0,0,0
133=62220,0.62,94.7,0,0,0,0,0,0,763.828,0,94.5,94.9,95,121,0.1,0.62,0.61,0.59,0.53,0,0,12.4,0,0,0,0,0,0,0,0,0,0,0,0,0,0,0,0,0,0,0,0,0,0,0,0,0,0,0,0,0
134=62220,0.62,94.7,0,0,0,0,0,0,763.828,0,94.5,94.9,95,121,0.1,0.62,0.61,0.59,0.53,0,0,12.4,0,0,0,0,0,0,0,0,0,0,0,0,0,0,0,0,0,0,0,0,0,0,0,0,0,0,0,0,0
135=62634,0.05,96.8,0,0,0,0,0,0,763.828,0,96.7,97.2,97.3,124.1,0.1,0.05,0.02,0.01,0,0,0,12.7,0,0,0,0,0,0,0,0,0,0,0,0,0,0,0,0,0,0,0,0,0,0,0,0,0,0,0,0,0
136=62634,0.05,96.8,0,0,0,0,0,0,763.828,0,96.7,97.2,97.3,124.1,0.1,0.05,0.02,0.01,0,0,0,12.7,0,0,0,0,0,0,0,0,0,0,0,0,0,0,0,0,0,0,0,0,0,0,0,0,0,0,0,0,0
