[COMMENT]
RecordTime=2024/11/6 ¤U¤È 03:25:58
InputDevice=1
InputObject=0
ColumnName=Index,Time,Intensity,TC,Pump,Gas1~4,Pressure,MTC1~5,Power1~5,O2
PumpDownTime=0
[STEP 1]
ACTION=Idle
TEMP=0
TIME=3
GN2=0
PN2=0
AO2=0
BO2=0
NA=0
Pump=0
[STEP 2]
ACTION=Idle
TEMP=0
TIME=3
GN2=40
PN2=0
AO2=0
BO2=0
NA=0
Pump=0
[STEP 3]
ACTION=Idle
TEMP=0
TIME=3
GN2=0
PN2=0
AO2=0
BO2=0
NA=0
Pump=0
[STEP 4]
ACTION=Idle
TEMP=0
TIME=3
GN2=0
PN2=0
AO2=3
BO2=0
NA=0
Pump=0
[STEP 5]
ACTION=Ramp up
TEMP=100
TIME=40
GN2=0
PN2=0
AO2=3
BO2=0
NA=0
Pump=0
[STEP 6]
ACTION=Hold
TEMP=100
TIME=100
GN2=0
PN2=0
AO2=3
BO2=0
NA=0
Pump=0
[STEP 7]
ACTION=Ramp up
TEMP=400
TIME=30
GN2=0
PN2=0
AO2=3
BO2=0
NA=0
Pump=0
[STEP 8]
ACTION=Hold
TEMP=400
TIME=240
GN2=0
PN2=0
AO2=3
BO2=0
NA=0
Pump=0
[STEP 9]
ACTION=Idle
TEMP=0
TIME=10
GN2=1
PN2=0
AO2=0
BO2=0
NA=0
Pump=0
[STEP 10]
ACTION=Idle
TEMP=0
TIME=120
GN2=90
PN2=0
AO2=0
BO2=0
NA=0
Pump=0
[STEP 11]
ACTION=Idle
TEMP=0
TIME=10
GN2=5
PN2=0
AO2=0
BO2=0
NA=0
Pump=0
[STEP 12]
ACTION=Stop
TEMP=0
TIME=0
GN2=0
PN2=0
AO2=0
BO2=0
NA=0
Pump=0
[STEP 13]
ACTION=Stop
TEMP=0
TIME=0
GN2=0
PN2=0
AO2=0
BO2=0
NA=0
Pump=0
[STEP 14]
ACTION=Stop
TEMP=0
TIME=0
GN2=0
PN2=0
AO2=0
BO2=0
NA=0
Pump=0
[STEP 15]
ACTION=Stop
TEMP=0
TIME=0
GN2=0
PN2=0
AO2=0
BO2=0
NA=0
Pump=0
[STEP 16]
ACTION=Stop
TEMP=0
TIME=0
GN2=0
PN2=0
AO2=0
BO2=0
NA=0
Pump=0
[STEP 17]
ACTION=Stop
TEMP=0
TIME=0
GN2=0
PN2=0
AO2=0
BO2=0
NA=0
Pump=0
[STEP 18]
ACTION=Stop
TEMP=0
TIME=0
GN2=0
PN2=0
AO2=0
BO2=0
NA=0
Pump=0
[STEP 19]
ACTION=Stop
TEMP=0
TIME=0
GN2=0
PN2=0
AO2=0
BO2=0
NA=0
Pump=0
[STEP 20]
ACTION=Stop
TEMP=0
TIME=0
GN2=0
PN2=0
AO2=0
BO2=0
NA=0
Pump=0
[STEP 21]
ACTION=Stop
TEMP=0
TIME=0
GN2=0
PN2=0
AO2=0
BO2=0
NA=0
Pump=0
[STEP 22]
ACTION=Stop
TEMP=0
TIME=0
GN2=0
PN2=0
AO2=0
BO2=0
NA=0
Pump=0
[STEP 23]
ACTION=Stop
TEMP=0
TIME=0
GN2=0
PN2=0
AO2=0
BO2=0
NA=0
Pump=0
[STEP 24]
ACTION=Stop
TEMP=0
TIME=0
GN2=0
PN2=0
AO2=0
BO2=0
NA=0
Pump=0
[STEP 25]
ACTION=Stop
TEMP=0
TIME=0
GN2=0
PN2=0
AO2=0
BO2=0
NA=0
Pump=0
[STEP 26]
ACTION=Stop
TEMP=0
TIME=0
GN2=0
PN2=0
AO2=0
BO2=0
NA=0
Pump=0
[STEP 27]
ACTION=Stop
TEMP=0
TIME=0
GN2=0
PN2=0
AO2=0
BO2=0
NA=0
Pump=0
[STEP 28]
ACTION=Stop
TEMP=0
TIME=0
GN2=0
PN2=0
AO2=0
BO2=0
NA=0
Pump=0
[STEP 29]
ACTION=Stop
TEMP=0
TIME=0
GN2=0
PN2=0
AO2=0
BO2=0
NA=0
Pump=0
[STEP 30]
ACTION=Stop
TEMP=0
TIME=0
GN2=0
PN2=0
AO2=0
BO2=0
NA=0
Pump=0
[STEP 31]
ACTION=Stop
TEMP=0
TIME=0
GN2=0
PN2=0
AO2=0
BO2=0
NA=0
Pump=0
[STEP 32]
ACTION=Stop
TEMP=0
TIME=0
GN2=0
PN2=0
AO2=0
BO2=0
NA=0
Pump=0
[STEP 33]
ACTION=Stop
TEMP=0
TIME=0
GN2=0
PN2=0
AO2=0
BO2=0
NA=0
Pump=0
[STEP 34]
ACTION=Stop
TEMP=0
TIME=0
GN2=0
PN2=0
AO2=0
BO2=0
NA=0
Pump=0
[STEP 35]
ACTION=Stop
TEMP=0
TIME=0
GN2=0
PN2=0
AO2=0
BO2=0
NA=0
Pump=0
[STEP 36]
ACTION=Stop
TEMP=0
TIME=0
GN2=0
PN2=0
AO2=0
BO2=0
NA=0
Pump=0
[STEP 37]
ACTION=Stop
TEMP=0
TIME=0
GN2=0
PN2=0
AO2=0
BO2=0
NA=0
Pump=0
[STEP 38]
ACTION=Stop
TEMP=0
TIME=0
GN2=0
PN2=0
AO2=0
BO2=0
NA=0
Pump=0
[STEP 39]
ACTION=Stop
TEMP=0
TIME=0
GN2=0
PN2=0
AO2=0
BO2=0
NA=0
Pump=0
[STEP 40]
ACTION=Stop
TEMP=0
TIME=0
GN2=0
PN2=0
AO2=0
BO2=0
NA=0
Pump=0
[STEP 41]
ACTION=Stop
TEMP=0
TIME=0
GN2=0
PN2=0
AO2=0
BO2=0
NA=0
Pump=0
[STEP 42]
ACTION=Stop
TEMP=0
TIME=0
GN2=0
PN2=0
AO2=0
BO2=0
NA=0
Pump=0
[STEP 43]
ACTION=Stop
TEMP=0
TIME=0
GN2=0
PN2=0
AO2=0
BO2=0
NA=0
Pump=0
[STEP 44]
ACTION=Stop
TEMP=0
TIME=0
GN2=0
PN2=0
AO2=0
BO2=0
NA=0
Pump=0
[STEP 45]
ACTION=Stop
TEMP=0
TIME=0
GN2=0
PN2=0
AO2=0
BO2=0
NA=0
Pump=0
[STEP 46]
ACTION=Stop
TEMP=0
TIME=0
GN2=0
PN2=0
AO2=0
BO2=0
NA=0
Pump=0
[STEP 47]
ACTION=Stop
TEMP=0
TIME=0
GN2=0
PN2=0
AO2=0
BO2=0
NA=0
Pump=0
[STEP 48]
ACTION=Stop
TEMP=0
TIME=0
GN2=0
PN2=0
AO2=0
BO2=0
NA=0
Pump=0
[STEP 49]
ACTION=Stop
TEMP=0
TIME=0
GN2=0
PN2=0
AO2=0
BO2=0
NA=0
Pump=0
[STEP 50]
ACTION=Stop
TEMP=0
TIME=0
GN2=0
PN2=0
AO2=0
BO2=0
NA=0
Pump=0
[COFFICIENT]
IntensityWeightD1=0
IntensityWeightD2=0
IntensityWeightD3=0
IntensityWeightD4=0.2
IntensityWeightD5=0
IntensityWeightS1=0
IntensityWeightS2=0
IntensityWeightS3=0
IntensityWeightS4=0
IntensityWeightS5=0
[CONTROL_LOOP]
Proportional=0.04
Proportional2=0.04
Integrnal=0.001
Integral2=0.00065
Derivational=0
Factor1=0
Factor2=0
InputDevice=1
Overshoot=200
[PROCESS_RECORD]
No=Time,Intensity,TC1,NA,Gas1,Gas2,Gas3,Gas4,Gas5,Pressure,Gas6,TC2,TC3,TC4,TC5,TC6,Power1,Power2,Power3,Power4,Power5,O2-Gauge,TC7,O2,MTC8,MTC9,MTC10,MTC11,MTC12,MTC13,MTC14,MTC15,MTC16,MTC17,MTC18,MTC19,MTC20,MTC21,MTC22,MTC23
0=1314,0,21.9,0,0,0,0,0,0,763.828,0,22.3,21.5,21.8,20.7,0.1,0,0,0,0,0,0,6.1,0,0,0,0,0,0,0,0,0,0,0,0,0,0,0,0,0,0,0,0,0,0,0,0,0,0,0,0,0
1=2307,0,21.9,0,0,0,0,0,0,763.828,0,22.3,21.5,21.8,20.7,0.1,0,0,0,0,0,0,6.1,0,0,0,0,0,0,0,0,0,0,0,0,0,0,0,0,0,0,0,0,0,0,0,0,0,0,0,0,0
2=5106,0,21.9,0,24.397,0,0,0,0,763.828,0,22.3,21.5,21.8,20.7,0.1,0,0,0,0,0,0,15.6,0,0,0,0,0,0,0,0,0,0,0,0,0,0,0,0,0,0,0,0,0,0,0,0,0,0,0,0,0
3=6096,0,21.9,0,24.397,0,0,0,0,763.828,0,22.3,21.5,21.8,20.7,0.1,0,0,0,0,0,0,17.3,0,0,0,0,0,0,0,0,0,0,0,0,0,0,0,0,0,0,0,0,0,0,0,0,0,0,0,0,0
4=8293,0,21.9,0,32.066,0,0,0,0,763.828,0,22.3,21.5,21.8,20.7,0.1,0,0,0,0,0,0,14.4,0,0,0,0,0,0,0,0,0,0,0,0,0,0,0,0,0,0,0,0,0,0,0,0,0,0,0,0,0
5=9302,0,21.9,0,32.066,0,0,0,0,763.828,0,22.3,21.5,21.8,20.7,0.1,0,0,0,0,0,0,10.1,0,0,0,0,0,0,0,0,0,0,0,0,0,0,0,0,0,0,0,0,0,0,0,0,0,0,0,0,0
6=12067,0,21.9,0,0,0,0,0,0,763.828,0,22.4,21.5,21.8,20.7,0.1,0,0,0,0,0,0,7.2,0,0,0,0,0,0,0,0,0,0,0,0,0,0,0,0,0,0,0,0,0,0,0,0,0,0,0,0,0
7=13062,0,21.9,0,0,0,0.707,0,0,763.828,0,22.4,21.5,21.8,20.7,0.1,0,0,0,0,0,0,7.1,0,0,0,0,0,0,0,0,0,0,0,0,0,0,0,0,0,0,0,0,0,0,0,0,0,0,0,0,0
8=13062,0,21.9,0,0,0,0.707,0,0,763.828,0,22.4,21.5,21.8,20.7,0.1,0,0,0,0,0,0,7.1,0,0,0,0,0,0,0,0,0,0,0,0,0,0,0,0,0,0,0,0,0,0,0,0,0,0,0,0,0
9=15692,0,21.9,0,0,0,0,0,0,763.828,0,22.4,21.5,21.8,20.7,0.1,0,0,0,0,0,0,7.2,0,0,0,0,0,0,0,0,0,0,0,0,0,0,0,0,0,0,0,0,0,0,0,0,0,0,0,0,0
10=15692,0,21.9,0,0,0,0,0,0,763.828,0,22.4,21.5,21.8,20.7,0.1,0,0,0,0,0,0,7.2,0,0,0,0,0,0,0,0,0,0,0,0,0,0,0,0,0,0,0,0,0,0,0,0,0,0,0,0,0
11=16181,0,21.9,0,0,0,0,0,0,763.828,0,22.3,21.5,21.8,20.7,0.1,0,0,0,0,0,0,7.3,0,0,0,0,0,0,0,0,0,0,0,0,0,0,0,0,0,0,0,0,0,0,0,0,0,0,0,0,0
12=16181,0,21.9,0,0,0,0,0,0,763.828,0,22.3,21.5,21.8,20.7,0.1,0,0,0,0,0,0,7.3,0,0,0,0,0,0,0,0,0,0,0,0,0,0,0,0,0,0,0,0,0,0,0,0,0,0,0,0,0
13=16642,0,21.9,0,0,0,0,0,0,763.828,0,22.3,21.5,21.8,20.7,0.1,0,0,0,0,0,0,6.8,0,0,0,0,0,0,0,0,0,0,0,0,0,0,0,0,0,0,0,0,0,0,0,0,0,0,0,0,0
14=16642,0,21.9,0,0,0,0,0,0,763.828,0,22.3,21.5,21.8,20.7,0.1,0,0,0,0,0,0,6.8,0,0,0,0,0,0,0,0,0,0,0,0,0,0,0,0,0,0,0,0,0,0,0,0,0,0,0,0,0
15=17094,0,21.9,0,0,0,0,0,0,763.828,0,22.3,21.5,21.8,20.7,0.1,0,0,0,0,0,0,6.5,0,0,0,0,0,0,0,0,0,0,0,0,0,0,0,0,0,0,0,0,0,0,0,0,0,0,0,0,0
16=17094,0,21.9,0,0,0,0,0,0,763.828,0,22.3,21.5,21.8,20.7,0.1,0,0,0,0,0,0,6.5,0,0,0,0,0,0,0,0,0,0,0,0,0,0,0,0,0,0,0,0,0,0,0,0,0,0,0,0,0
17=17590,0,21.9,0,0,0,0,0,0,763.828,0,22.3,21.5,21.8,20.7,0.1,0,0,0,0,0,0,6.3,0,0,0,0,0,0,0,0,0,0,0,0,0,0,0,0,0,0,0,0,0,0,0,0,0,0,0,0,0
18=17590,0,21.9,0,0,0,0,0,0,763.828,0,22.3,21.5,21.8,20.7,0.1,0,0,0,0,0,0,6.3,0,0,0,0,0,0,0,0,0,0,0,0,0,0,0,0,0,0,0,0,0,0,0,0,0,0,0,0,0
19=18045,0,21.9,0,0,0,0,0,0,763.828,0,22.3,21.5,21.8,20.7,0.1,0,0,0,0,0,0,6.2,0,0,0,0,0,0,0,0,0,0,0,0,0,0,0,0,0,0,0,0,0,0,0,0,0,0,0,0,0
20=18045,0,21.9,0,0,0,0,0,0,763.828,0,22.3,21.5,21.8,20.7,0.1,0,0,0,0,0,0,6.2,0,0,0,0,0,0,0,0,0,0,0,0,0,0,0,0,0,0,0,0,0,0,0,0,0,0,0,0,0
21=18494,0,21.9,0,0,0,0,0,0,763.828,0,22.3,21.5,21.8,20.7,0.1,0,0,0,0,0,0,6.2,0,0,0,0,0,0,0,0,0,0,0,0,0,0,0,0,0,0,0,0,0,0,0,0,0,0,0,0,0
22=18494,0,21.9,0,0,0,0,0,0,763.828,0,22.3,21.5,21.8,20.7,0.1,0,0,0,0,0,0,6.2,0,0,0,0,0,0,0,0,0,0,0,0,0,0,0,0,0,0,0,0,0,0,0,0,0,0,0,0,0
23=18975,0,21.9,0,0,0,0,0,0,763.828,0,22.3,21.5,21.8,20.7,0.1,0,0,0,0,0,0,6.1,0,0,0,0,0,0,0,0,0,0,0,0,0,0,0,0,0,0,0,0,0,0,0,0,0,0,0,0,0
24=18975,0,21.9,0,0,0,0,0,0,763.828,0,22.3,21.5,21.8,20.7,0.1,0,0,0,0,0,0,6.1,0,0,0,0,0,0,0,0,0,0,0,0,0,0,0,0,0,0,0,0,0,0,0,0,0,0,0,0,0
25=19426,0,21.9,0,0,0,0,0,0,763.828,0,22.3,21.5,21.8,20.7,0.1,0,0,0,0,0,0,6.1,0,0,0,0,0,0,0,0,0,0,0,0,0,0,0,0,0,0,0,0,0,0,0,0,0,0,0,0,0
26=19426,0,21.9,0,0,0,0,0,0,763.828,0,22.3,21.5,21.8,20.7,0.1,0,0,0,0,0,0,6.1,0,0,0,0,0,0,0,0,0,0,0,0,0,0,0,0,0,0,0,0,0,0,0,0,0,0,0,0,0
27=19877,0,21.9,0,0,0,0,0,0,763.828,0,22.3,21.5,21.8,20.7,0.1,0,0,0,0,0,0,6.1,0,0,0,0,0,0,0,0,0,0,0,0,0,0,0,0,0,0,0,0,0,0,0,0,0,0,0,0,0
28=19877,0,21.9,0,0,0,0,0,0,763.828,0,22.3,21.5,21.8,20.7,0.1,0,0,0,0,0,0,6.1,0,0,0,0,0,0,0,0,0,0,0,0,0,0,0,0,0,0,0,0,0,0,0,0,0,0,0,0,0
29=20385,0,21.9,0,0,0,0,0,0,763.828,0,22.3,21.5,21.8,20.7,0.1,0,0,0.15,0,0.36,0,6.1,0,0,0,0,0,0,0,0,0,0,0,0,0,0,0,0,0,0,0,0,0,0,0,0,0,0,0,0,0
30=20385,0,21.9,0,0,0,0,0,0,763.828,0,22.3,21.5,21.8,20.7,0.1,0,0,0.15,0,0.36,0,6.1,0,0,0,0,0,0,0,0,0,0,0,0,0,0,0,0,0,0,0,0,0,0,0,0,0,0,0,0,0
31=20859,0.41,21.9,0,0,0,0,0,0,763.828,0,22.3,21.5,21.8,20.7,0.1,0.41,0.21,1.13,0.47,0.39,0,6.1,0,0,0,0,0,0,0,0,0,0,0,0,0,0,0,0,0,0,0,0,0,0,0,0,0,0,0,0,0
32=20859,0.41,21.9,0,0,0,0,0,0,763.828,0,22.3,21.5,21.8,20.7,0.1,0.41,0.21,1.13,0.47,0.39,0,6.1,0,0,0,0,0,0,0,0,0,0,0,0,0,0,0,0,0,0,0,0,0,0,0,0,0,0,0,0,0
33=21298,0.91,21.9,0,0,0,0,0,0,763.828,0,22.3,21.5,21.8,20.7,0.1,0.91,0.63,2.24,1.13,0.56,0,6.1,0,0,0,0,0,0,0,0,0,0,0,0,0,0,0,0,0,0,0,0,0,0,0,0,0,0,0,0,0
34=21298,0.91,21.9,0,0,0,0,0,0,763.828,0,22.3,21.5,21.8,20.7,0.1,0.91,0.63,2.24,1.13,0.56,0,6.1,0,0,0,0,0,0,0,0,0,0,0,0,0,0,0,0,0,0,0,0,0,0,0,0,0,0,0,0,0
35=21748,0.91,21.9,0,0,0,0,0,0,763.828,0,22.3,21.5,21.8,20.7,0.1,0.91,0.63,2.24,1.13,0.56,0,6.1,0,0,0,0,0,0,0,0,0,0,0,0,0,0,0,0,0,0,0,0,0,0,0,0,0,0,0,0,0
36=21748,0.91,21.9,0,0,0,0,0,0,763.828,0,22.3,21.5,21.8,20.7,0.1,0.91,0.63,2.24,1.13,0.56,0,6.1,0,0,0,0,0,0,0,0,0,0,0,0,0,0,0,0,0,0,0,0,0,0,0,0,0,0,0,0,0
37=22245,2.01,21.9,0,0,0,0,0,0,763.828,0,22.3,21.6,21.8,20.7,0.1,2.01,1.57,4,2.61,0.83,0,6.1,0,0,0,0,0,0,0,0,0,0,0,0,0,0,0,0,0,0,0,0,0,0,0,0,0,0,0,0,0
38=22245,2.01,21.9,0,0,0,0,0,0,763.828,0,22.3,21.6,21.8,20.7,0.1,2.01,1.57,4,2.61,0.83,0,6.1,0,0,0,0,0,0,0,0,0,0,0,0,0,0,0,0,0,0,0,0,0,0,0,0,0,0,0,0,0
39=22698,1.8,21.9,0,0,0,0,0,0,763.828,0,22.3,21.6,21.8,20.8,0.1,1.8,1.6,2.92,2.03,0.94,0,6.1,0,0,0,0,0,0,0,0,0,0,0,0,0,0,0,0,0,0,0,0,0,0,0,0,0,0,0,0,0
40=22698,1.8,21.9,0,0,0,0,0,0,763.828,0,22.3,21.6,21.8,20.8,0.1,1.8,1.6,2.92,2.03,0.94,0,6.1,0,0,0,0,0,0,0,0,0,0,0,0,0,0,0,0,0,0,0,0,0,0,0,0,0,0,0,0,0
41=23148,1.8,21.9,0,0,0,0,0,0,763.828,0,22.3,21.6,21.8,20.8,0.1,1.8,1.6,2.92,2.03,0.94,0,6.1,0,0,0,0,0,0,0,0,0,0,0,0,0,0,0,0,0,0,0,0,0,0,0,0,0,0,0,0,0
42=23148,1.8,21.9,0,0,0,0,0,0,763.828,0,22.3,21.6,21.8,20.8,0.1,1.8,1.6,2.92,2.03,0.94,0,6.1,0,0,0,0,0,0,0,0,0,0,0,0,0,0,0,0,0,0,0,0,0,0,0,0,0,0,0,0,0
43=23637,2.44,21.9,0,0,0,0,0,0,763.828,0,22.4,21.7,21.8,21.5,0.1,2.44,2.26,2.74,2.69,0.99,0,6.1,0,0,0,0,0,0,0,0,0,0,0,0,0,0,0,0,0,0,0,0,0,0,0,0,0,0,0,0,0
44=23637,2.44,21.9,0,0,0,0,0,0,763.828,0,22.4,21.7,21.8,21.5,0.1,2.44,2.26,2.74,2.69,0.99,0,6.1,0,0,0,0,0,0,0,0,0,0,0,0,0,0,0,0,0,0,0,0,0,0,0,0,0,0,0,0,0
45=24113,2.71,22,0,0,0,0,0,0,763.828,0,22.4,21.9,21.9,22.2,0.1,2.71,2.53,2.94,2.97,1,0,6.1,0,0,0,0,0,0,0,0,0,0,0,0,0,0,0,0,0,0,0,0,0,0,0,0,0,0,0,0,0
46=24113,2.71,22,0,0,0,0,0,0,763.828,0,22.4,21.9,21.9,22.2,0.1,2.71,2.53,2.94,2.97,1,0,6.1,0,0,0,0,0,0,0,0,0,0,0,0,0,0,0,0,0,0,0,0,0,0,0,0,0,0,0,0,0
47=24567,2.98,22.1,0,0,0,0,0,0,763.828,0,22.5,22.2,22,23.4,0.1,2.98,2.81,3.12,3.25,0.95,0,6.1,0,0,0,0,0,0,0,0,0,0,0,0,0,0,0,0,0,0,0,0,0,0,0,0,0,0,0,0,0
48=24567,2.98,22.1,0,0,0,0,0,0,763.828,0,22.5,22.2,22,23.4,0.1,2.98,2.81,3.12,3.25,0.95,0,6.1,0,0,0,0,0,0,0,0,0,0,0,0,0,0,0,0,0,0,0,0,0,0,0,0,0,0,0,0,0
49=25048,3.2,22.3,0,0,0,0,0,0,763.828,0,22.7,22.6,22.2,24.8,0.1,3.2,3.04,3.25,3.46,0.82,0,6.1,0,0,0,0,0,0,0,0,0,0,0,0,0,0,0,0,0,0,0,0,0,0,0,0,0,0,0,0,0
50=25048,3.2,22.3,0,0,0,0,0,0,763.828,0,22.7,22.6,22.2,24.8,0.1,3.2,3.04,3.25,3.46,0.82,0,6.1,0,0,0,0,0,0,0,0,0,0,0,0,0,0,0,0,0,0,0,0,0,0,0,0,0,0,0,0,0
51=25514,3.37,22.5,0,0,0,0,0,0,763.828,0,22.9,23.2,22.5,26.7,0.1,3.37,3.23,3.32,3.62,0.61,0,6.5,0,0,0,0,0,0,0,0,0,0,0,0,0,0,0,0,0,0,0,0,0,0,0,0,0,0,0,0,0
52=25514,3.37,22.5,0,0,0,0,0,0,763.828,0,22.9,23.2,22.5,26.7,0.1,3.37,3.23,3.32,3.62,0.61,0,6.5,0,0,0,0,0,0,0,0,0,0,0,0,0,0,0,0,0,0,0,0,0,0,0,0,0,0,0,0,0
53=25965,3.51,23,0,0,0,0,0,0,763.828,0,23.3,24,23,29.6,0.1,3.51,3.4,3.34,3.74,0.26,0,6.8,0,0,0,0,0,0,0,0,0,0,0,0,0,0,0,0,0,0,0,0,0,0,0,0,0,0,0,0,0
54=25965,3.51,23,0,0,0,0,0,0,763.828,0,23.3,24,23,29.6,0.1,3.51,3.4,3.34,3.74,0.26,0,6.8,0,0,0,0,0,0,0,0,0,0,0,0,0,0,0,0,0,0,0,0,0,0,0,0,0,0,0,0,0
55=26465,3.56,23.6,0,0,0,0,0,0,763.828,0,23.8,25,23.6,32.8,0.1,3.56,3.49,3.3,3.78,0,0,7,0,0,0,0,0,0,0,0,0,0,0,0,0,0,0,0,0,0,0,0,0,0,0,0,0,0,0,0,0
56=26465,3.56,23.6,0,0,0,0,0,0,763.828,0,23.8,25,23.6,32.8,0.1,3.56,3.49,3.3,3.78,0,0,7,0,0,0,0,0,0,0,0,0,0,0,0,0,0,0,0,0,0,0,0,0,0,0,0,0,0,0,0,0
57=26956,3.51,25,0,0,0,0,0,0,763.828,0,24.9,26.9,25.1,38.9,0.1,3.51,3.5,3.11,3.68,0,0,7.6,0,0,0,0,0,0,0,0,0,0,0,0,0,0,0,0,0,0,0,0,0,0,0,0,0,0,0,0,0
58=26956,3.51,25,0,0,0,0,0,0,763.828,0,24.9,26.9,25.1,38.9,0.1,3.51,3.5,3.11,3.68,0,0,7.6,0,0,0,0,0,0,0,0,0,0,0,0,0,0,0,0,0,0,0,0,0,0,0,0,0,0,0,0,0
59=27418,3.37,26.3,0,0,0,0,0,0,763.828,0,26.1,28.6,26.5,43.7,0.1,3.37,3.39,2.87,3.49,0,0,7.9,0,0,0,0,0,0,0,0,0,0,0,0,0,0,0,0,0,0,0,0,0,0,0,0,0,0,0,0,0
60=27418,3.37,26.3,0,0,0,0,0,0,763.828,0,26.1,28.6,26.5,43.7,0.1,3.37,3.39,2.87,3.49,0,0,7.9,0,0,0,0,0,0,0,0,0,0,0,0,0,0,0,0,0,0,0,0,0,0,0,0,0,0,0,0,0
61=27868,3.16,27.8,0,0,0,0,0,0,763.828,0,27.5,30.4,28.2,43.7,0.1,3.16,3.21,2.59,3.23,0,0,7.9,0,0,0,0,0,0,0,0,0,0,0,0,0,0,0,0,0,0,0,0,0,0,0,0,0,0,0,0,0
62=27868,3.16,27.8,0,0,0,0,0,0,763.828,0,27.5,30.4,28.2,43.7,0.1,3.16,3.21,2.59,3.23,0,0,7.9,0,0,0,0,0,0,0,0,0,0,0,0,0,0,0,0,0,0,0,0,0,0,0,0,0,0,0,0,0
63=28357,2.89,29.6,0,0,0,0,0,0,763.828,0,29.1,32.4,30.1,53.2,0.1,2.89,2.96,2.27,2.91,0,0,8.5,0,0,0,0,0,0,0,0,0,0,0,0,0,0,0,0,0,0,0,0,0,0,0,0,0,0,0,0,0
64=28357,2.89,29.6,0,0,0,0,0,0,763.828,0,29.1,32.4,30.1,53.2,0.1,2.89,2.96,2.27,2.91,0,0,8.5,0,0,0,0,0,0,0,0,0,0,0,0,0,0,0,0,0,0,0,0,0,0,0,0,0,0,0,0,0
65=28819,2.52,31.9,0,0,0,0,0,0,763.828,0,31.3,35,32.5,58.3,0.1,2.52,2.6,1.86,2.48,0,0,8.8,0,0,0,0,0,0,0,0,0,0,0,0,0,0,0,0,0,0,0,0,0,0,0,0,0,0,0,0,0
66=28819,2.52,31.9,0,0,0,0,0,0,763.828,0,31.3,35,32.5,58.3,0.1,2.52,2.6,1.86,2.48,0,0,8.8,0,0,0,0,0,0,0,0,0,0,0,0,0,0,0,0,0,0,0,0,0,0,0,0,0,0,0,0,0
67=29268,2.13,34.2,0,0,0,0,0,0,763.828,0,33.6,37.5,35.1,62.8,0.1,2.13,2.21,1.45,2.04,0,0,9,0,0,0,0,0,0,0,0,0,0,0,0,0,0,0,0,0,0,0,0,0,0,0,0,0,0,0,0,0
68=29268,2.13,34.2,0,0,0,0,0,0,763.828,0,33.6,37.5,35.1,62.8,0.1,2.13,2.21,1.45,2.04,0,0,9,0,0,0,0,0,0,0,0,0,0,0,0,0,0,0,0,0,0,0,0,0,0,0,0,0,0,0,0,0
69=29759,1.91,35.6,0,0,0,0,0,0,763.828,0,34.9,38.9,36.5,65.2,0.1,1.91,1.98,1.22,1.79,0,0,9,0,0,0,0,0,0,0,0,0,0,0,0,0,0,0,0,0,0,0,0,0,0,0,0,0,0,0,0,0
70=29759,1.91,35.6,0,0,0,0,0,0,763.828,0,34.9,38.9,36.5,65.2,0.1,1.91,1.98,1.22,1.79,0,0,9,0,0,0,0,0,0,0,0,0,0,0,0,0,0,0,0,0,0,0,0,0,0,0,0,0,0,0,0,0
71=30217,1.47,38.3,0,0,0,0,0,0,763.828,0,37.5,41.7,39.4,69,0.1,1.47,1.53,0.77,1.3,0,0,9.1,0,0,0,0,0,0,0,0,0,0,0,0,0,0,0,0,0,0,0,0,0,0,0,0,0,0,0,0,0
72=30217,1.47,38.3,0,0,0,0,0,0,763.828,0,37.5,41.7,39.4,69,0.1,1.47,1.53,0.77,1.3,0,0,9.1,0,0,0,0,0,0,0,0,0,0,0,0,0,0,0,0,0,0,0,0,0,0,0,0,0,0,0,0,0
73=30673,0.99,41.3,0,0,0,0,0,0,763.828,0,40.6,44.8,42.6,72.6,0.1,0.99,1.02,0.29,0.77,0,0,9.1,0,0,0,0,0,0,0,0,0,0,0,0,0,0,0,0,0,0,0,0,0,0,0,0,0,0,0,0,0
74=30673,0.99,41.3,0,0,0,0,0,0,763.828,0,40.6,44.8,42.6,72.6,0.1,0.99,1.02,0.29,0.77,0,0,9.1,0,0,0,0,0,0,0,0,0,0,0,0,0,0,0,0,0,0,0,0,0,0,0,0,0,0,0,0,0
75=31160,0.54,44.3,0,0,0,0,0,0,763.828,0,43.6,47.7,45.7,75.5,0.1,0.54,0.54,0,0.28,0,0,9.1,0,0,0,0,0,0,0,0,0,0,0,0,0,0,0,0,0,0,0,0,0,0,0,0,0,0,0,0,0
76=31160,0.54,44.3,0,0,0,0,0,0,763.828,0,43.6,47.7,45.7,75.5,0.1,0.54,0.54,0,0.28,0,0,9.1,0,0,0,0,0,0,0,0,0,0,0,0,0,0,0,0,0,0,0,0,0,0,0,0,0,0,0,0,0
77=31602,0.08,47.4,0,0,0,0,0,0,763.828,0,46.7,50.7,48.9,77.9,0.1,0.08,0.06,0,0,0,0,9.1,0,0,0,0,0,0,0,0,0,0,0,0,0,0,0,0,0,0,0,0,0,0,0,0,0,0,0,0,0
78=31602,0.08,47.4,0,0,0,0,0,0,763.828,0,46.7,50.7,48.9,77.9,0.1,0.08,0.06,0,0,0,0,9.1,0,0,0,0,0,0,0,0,0,0,0,0,0,0,0,0,0,0,0,0,0,0,0,0,0,0,0,0,0
79=32042,0,50.6,0,0,0,0,0,0,763.828,0,49.9,53.8,52.2,79.9,0.1,0,0,0,0,0,0,9.1,0,0,0,0,0,0,0,0,0,0,0,0,0,0,0,0,0,0,0,0,0,0,0,0,0,0,0,0,0
80=32042,0,50.6,0,0,0,0,0,0,763.828,0,49.9,53.8,52.2,79.9,0.1,0,0,0,0,0,0,9.1,0,0,0,0,0,0,0,0,0,0,0,0,0,0,0,0,0,0,0,0,0,0,0,0,0,0,0,0,0
81=32552,0,55.3,0,0,0,0,0,0,763.828,0,54.8,58.3,57.1,82.2,0.1,0,0,0,0,0,0,8.6,0,0,0,0,0,0,0,0,0,0,0,0,0,0,0,0,0,0,0,0,0,0,0,0,0,0,0,0,0
82=32552,0,55.3,0,0,0,0,0,0,763.828,0,54.8,58.3,57.1,82.2,0.1,0,0,0,0,0,0,8.6,0,0,0,0,0,0,0,0,0,0,0,0,0,0,0,0,0,0,0,0,0,0,0,0,0,0,0,0,0
83=33034,0,58.3,0,0,0,0,0,0,763.828,0,57.9,61.2,60.2,83.4,0.1,0,0,0,0,0,0,8.4,0,0,0,0,0,0,0,0,0,0,0,0,0,0,0,0,0,0,0,0,0,0,0,0,0,0,0,0,0
84=33034,0,58.3,0,0,0,0,0,0,763.828,0,57.9,61.2,60.2,83.4,0.1,0,0,0,0,0,0,8.4,0,0,0,0,0,0,0,0,0,0,0,0,0,0,0,0,0,0,0,0,0,0,0,0,0,0,0,0,0
85=33486,0,58.3,0,0,0,0,0,0,763.828,0,57.9,61.2,60.2,83.4,0.1,0,0,0,0,0,0,8.4,0,0,0,0,0,0,0,0,0,0,0,0,0,0,0,0,0,0,0,0,0,0,0,0,0,0,0,0,0
86=33486,0,58.3,0,0,0,0,0,0,763.828,0,57.9,61.2,60.2,83.4,0.1,0,0,0,0,0,0,8.4,0,0,0,0,0,0,0,0,0,0,0,0,0,0,0,0,0,0,0,0,0,0,0,0,0,0,0,0,0
87=33922,0,64.3,0,0,0,0,0,0,763.828,0,64,66.8,66.2,85.1,0.1,0,0,0,0,0,0,8.2,0,0,0,0,0,0,0,0,0,0,0,0,0,0,0,0,0,0,0,0,0,0,0,0,0,0,0,0,0
88=33922,0,64.3,0,0,0,0,0,0,763.828,0,64,66.8,66.2,85.1,0.1,0,0,0,0,0,0,8.2,0,0,0,0,0,0,0,0,0,0,0,0,0,0,0,0,0,0,0,0,0,0,0,0,0,0,0,0,0
89=34424,0,65.8,0,0,0,0,0,0,763.828,0,65.6,68.3,67.7,85.5,0.1,0,0,0,0,0,0,8.2,0,0,0,0,0,0,0,0,0,0,0,0,0,0,0,0,0,0,0,0,0,0,0,0,0,0,0,0,0
90=34424,0,65.8,0,0,0,0,0,0,763.828,0,65.6,68.3,67.7,85.5,0.1,0,0,0,0,0,0,8.2,0,0,0,0,0,0,0,0,0,0,0,0,0,0,0,0,0,0,0,0,0,0,0,0,0,0,0,0,0
91=34876,0,68.5,0,0,0,0,0,0,763.828,0,68.3,70.8,70.4,86.1,0.1,0,0,0,0,0,0,8.2,0,0,0,0,0,0,0,0,0,0,0,0,0,0,0,0,0,0,0,0,0,0,0,0,0,0,0,0,0
92=34876,0,68.5,0,0,0,0,0,0,763.828,0,68.3,70.8,70.4,86.1,0.1,0,0,0,0,0,0,8.2,0,0,0,0,0,0,0,0,0,0,0,0,0,0,0,0,0,0,0,0,0,0,0,0,0,0,0,0,0
93=35337,0,71.3,0,0,0,0,0,0,763.828,0,71.1,73.4,73.1,86.6,0.1,0,0,0,0,0,0,8.2,0,0,0,0,0,0,0,0,0,0,0,0,0,0,0,0,0,0,0,0,0,0,0,0,0,0,0,0,0
94=35337,0,71.3,0,0,0,0,0,0,763.828,0,71.1,73.4,73.1,86.6,0.1,0,0,0,0,0,0,8.2,0,0,0,0,0,0,0,0,0,0,0,0,0,0,0,0,0,0,0,0,0,0,0,0,0,0,0,0,0
95=35809,0,73.8,0,0,0,0,0,0,763.828,0,73.6,75.7,75.6,87,0.1,0,0,0,0,0,0,8.2,0,0,0,0,0,0,0,0,0,0,0,0,0,0,0,0,0,0,0,0,0,0,0,0,0,0,0,0,0
96=35809,0,73.8,0,0,0,0,0,0,763.828,0,73.6,75.7,75.6,87,0.1,0,0,0,0,0,0,8.2,0,0,0,0,0,0,0,0,0,0,0,0,0,0,0,0,0,0,0,0,0,0,0,0,0,0,0,0,0
97=36303,0,76.1,0,0,0,0,0,0,763.828,0,75.9,77.8,77.8,87.4,0.1,0,0,0,0,0,0,7.9,0,0,0,0,0,0,0,0,0,0,0,0,0,0,0,0,0,0,0,0,0,0,0,0,0,0,0,0,0
98=36303,0,76.1,0,0,0,0,0,0,763.828,0,75.9,77.8,77.8,87.4,0.1,0,0,0,0,0,0,7.9,0,0,0,0,0,0,0,0,0,0,0,0,0,0,0,0,0,0,0,0,0,0,0,0,0,0,0,0,0
99=36757,0,78.4,0,0,0,0,0,0,763.828,0,78.2,80,80,87.7,0.1,0,0,0,0,0,0,7.5,0,0,0,0,0,0,0,0,0,0,0,0,0,0,0,0,0,0,0,0,0,0,0,0,0,0,0,0,0
100=36757,0,78.4,0,0,0,0,0,0,763.828,0,78.2,80,80,87.7,0.1,0,0,0,0,0,0,7.5,0,0,0,0,0,0,0,0,0,0,0,0,0,0,0,0,0,0,0,0,0,0,0,0,0,0,0,0,0
101=37223,0,80.5,0,0,0,0,0,0,763.828,0,80.4,81.9,82.1,87.9,0.1,0,0,0,0,0,0,7.3,0,0,0,0,0,0,0,0,0,0,0,0,0,0,0,0,0,0,0,0,0,0,0,0,0,0,0,0,0
102=37223,0,80.5,0,0,0,0,0,0,763.828,0,80.4,81.9,82.1,87.9,0.1,0,0,0,0,0,0,7.3,0,0,0,0,0,0,0,0,0,0,0,0,0,0,0,0,0,0,0,0,0,0,0,0,0,0,0,0,0
103=37711,0,82.4,0,0,0,0,0,0,763.828,0,82.3,83.7,83.9,88.1,0.1,0,0,0,0,0,0,7.2,0,0,0,0,0,0,0,0,0,0,0,0,0,0,0,0,0,0,0,0,0,0,0,0,0,0,0,0,0
104=37711,0,82.4,0,0,0,0,0,0,763.828,0,82.3,83.7,83.9,88.1,0.1,0,0,0,0,0,0,7.2,0,0,0,0,0,0,0,0,0,0,0,0,0,0,0,0,0,0,0,0,0,0,0,0,0,0,0,0,0
105=38158,0,84.3,0,0,0,0,0,0,763.828,0,84.1,85.5,85.7,88.3,0.1,0,0,0,0,0,0,7.2,0,0,0,0,0,0,0,0,0,0,0,0,0,0,0,0,0,0,0,0,0,0,0,0,0,0,0,0,0
106=38158,0,84.3,0,0,0,0,0,0,763.828,0,84.1,85.5,85.7,88.3,0.1,0,0,0,0,0,0,7.2,0,0,0,0,0,0,0,0,0,0,0,0,0,0,0,0,0,0,0,0,0,0,0,0,0,0,0,0,0
107=38605,0,86,0,0,0,0,0,0,763.828,0,85.8,87,87.3,88.5,0.1,0,0,0,0,0,0,7.2,0,0,0,0,0,0,0,0,0,0,0,0,0,0,0,0,0,0,0,0,0,0,0,0,0,0,0,0,0
108=38605,0,86,0,0,0,0,0,0,763.828,0,85.8,87,87.3,88.5,0.1,0,0,0,0,0,0,7.2,0,0,0,0,0,0,0,0,0,0,0,0,0,0,0,0,0,0,0,0,0,0,0,0,0,0,0,0,0
109=39075,0,88.3,0,0,0,0,0,0,763.828,0,88.1,89.2,89.5,88.7,0.1,0,0,0,0,0,0,7.2,0,0,0,0,0,0,0,0,0,0,0,0,0,0,0,0,0,0,0,0,0,0,0,0,0,0,0,0,0
110=39075,0,88.3,0,0,0,0,0,0,763.828,0,88.1,89.2,89.5,88.7,0.1,0,0,0,0,0,0,7.2,0,0,0,0,0,0,0,0,0,0,0,0,0,0,0,0,0,0,0,0,0,0,0,0,0,0,0,0,0
111=39564,0,89.6,0,0,0,0,0,0,763.828,0,89.4,90.5,90.7,88.8,0.1,0,0,0,0,0,0,7.1,0,0,0,0,0,0,0,0,0,0,0,0,0,0,0,0,0,0,0,0,0,0,0,0,0,0,0,0,0
112=39564,0,89.6,0,0,0,0,0,0,763.828,0,89.4,90.5,90.7,88.8,0.1,0,0,0,0,0,0,7.1,0,0,0,0,0,0,0,0,0,0,0,0,0,0,0,0,0,0,0,0,0,0,0,0,0,0,0,0,0
113=40013,0,90.9,0,0,0,0,0,0,763.828,0,90.7,91.7,92,88.8,0.1,0,0,0,0,0,0,7.1,0,0,0,0,0,0,0,0,0,0,0,0,0,0,0,0,0,0,0,0,0,0,0,0,0,0,0,0,0
114=40013,0,90.9,0,0,0,0,0,0,763.828,0,90.7,91.7,92,88.8,0.1,0,0,0,0,0,0,7.1,0,0,0,0,0,0,0,0,0,0,0,0,0,0,0,0,0,0,0,0,0,0,0,0,0,0,0,0,0
115=40474,0,92.1,0,0,0,0,0,0,763.828,0,91.8,92.8,93,88.9,0.1,0,0,0,0,0,0,7.1,0,0,0,0,0,0,0,0,0,0,0,0,0,0,0,0,0,0,0,0,0,0,0,0,0,0,0,0,0
116=40474,0,92.1,0,0,0,0,0,0,763.828,0,91.8,92.8,93,88.9,0.1,0,0,0,0,0,0,7.1,0,0,0,0,0,0,0,0,0,0,0,0,0,0,0,0,0,0,0,0,0,0,0,0,0,0,0,0,0
117=40981,0,93.2,0,0,0,0,0,0,763.828,0,92.9,93.8,94.1,88.9,0.1,0,0,0,0,0,0,7.1,0,0,0,0,0,0,0,0,0,0,0,0,0,0,0,0,0,0,0,0,0,0,0,0,0,0,0,0,0
118=40981,0,93.2,0,0,0,0,0,0,763.828,0,92.9,93.8,94.1,88.9,0.1,0,0,0,0,0,0,7.1,0,0,0,0,0,0,0,0,0,0,0,0,0,0,0,0,0,0,0,0,0,0,0,0,0,0,0,0,0
119=41424,0,94.2,0,0,0,0,0,0,763.828,0,93.9,94.8,95,89,0.1,0,0,0,0,0,0,7.1,0,0,0,0,0,0,0,0,0,0,0,0,0,0,0,0,0,0,0,0,0,0,0,0,0,0,0,0,0
120=41424,0,94.2,0,0,0,0,0,0,763.828,0,93.9,94.8,95,89,0.1,0,0,0,0,0,0,7.1,0,0,0,0,0,0,0,0,0,0,0,0,0,0,0,0,0,0,0,0,0,0,0,0,0,0,0,0,0
121=41876,0,94.2,0,0,0,0,0,0,763.828,0,93.9,94.8,95,89,0.1,0,0,0,0,0,0,7.1,0,0,0,0,0,0,0,0,0,0,0,0,0,0,0,0,0,0,0,0,0,0,0,0,0,0,0,0,0
122=41876,0,94.2,0,0,0,0,0,0,763.828,0,93.9,94.8,95,89,0.1,0,0,0,0,0,0,7.1,0,0,0,0,0,0,0,0,0,0,0,0,0,0,0,0,0,0,0,0,0,0,0,0,0,0,0,0,0
123=42359,0,95.8,0,0,0,0,0,0,763.828,0,95.4,96.4,96.5,89,0.1,0,0,0,0,0,0,7.1,0,0,0,0,0,0,0,0,0,0,0,0,0,0,0,0,0,0,0,0,0,0,0,0,0,0,0,0,0
124=42359,0,95.8,0,0,0,0,0,0,763.828,0,95.4,96.4,96.5,89,0.1,0,0,0,0,0,0,7.1,0,0,0,0,0,0,0,0,0,0,0,0,0,0,0,0,0,0,0,0,0,0,0,0,0,0,0,0,0
125=42849,0,96.6,0,0,0,0,0,0,763.828,0,96.2,97.1,97.2,89,0.1,0,0,0,0,0,0,7.1,0,0,0,0,0,0,0,0,0,0,0,0,0,0,0,0,0,0,0,0,0,0,0,0,0,0,0,0,0
126=42849,0,96.6,0,0,0,0,0,0,763.828,0,96.2,97.1,97.2,89,0.1,0,0,0,0,0,0,7.1,0,0,0,0,0,0,0,0,0,0,0,0,0,0,0,0,0,0,0,0,0,0,0,0,0,0,0,0,0
127=43310,0,97.3,0,0,0,0,0,0,763.828,0,96.9,97.7,97.8,89,0.1,0,0,0,0,0,0,7.1,0,0,0,0,0,0,0,0,0,0,0,0,0,0,0,0,0,0,0,0,0,0,0,0,0,0,0,0,0
128=43310,0,97.3,0,0,0,0,0,0,763.828,0,96.9,97.7,97.8,89,0.1,0,0,0,0,0,0,7.1,0,0,0,0,0,0,0,0,0,0,0,0,0,0,0,0,0,0,0,0,0,0,0,0,0,0,0,0,0
129=43792,0,97.6,0,0,0,0,0,0,763.828,0,97.2,98.1,98.1,89,0.1,0,0,0,0,0,0,7.1,0,0,0,0,0,0,0,0,0,0,0,0,0,0,0,0,0,0,0,0,0,0,0,0,0,0,0,0,0
130=43792,0,97.6,0,0,0,0,0,0,763.828,0,97.2,98.1,98.1,89,0.1,0,0,0,0,0,0,7.1,0,0,0,0,0,0,0,0,0,0,0,0,0,0,0,0,0,0,0,0,0,0,0,0,0,0,0,0,0
131=44244,0,98.1,0,0,0,0,0,0,763.828,0,97.7,98.6,98.6,88.9,0.1,0,0,0,0,0,0,7.1,0,0,0,0,0,0,0,0,0,0,0,0,0,0,0,0,0,0,0,0,0,0,0,0,0,0,0,0,0
132=44244,0,98.1,0,0,0,0,0,0,763.828,0,97.7,98.6,98.6,88.9,0.1,0,0,0,0,0,0,7.1,0,0,0,0,0,0,0,0,0,0,0,0,0,0,0,0,0,0,0,0,0,0,0,0,0,0,0,0,0
133=44685,0,98.6,0,0,0,0,0,0,763.828,0,98.2,99.1,99.1,88.9,0.1,0,0,0,0,0,0,7.1,0,0,0,0,0,0,0,0,0,0,0,0,0,0,0,0,0,0,0,0,0,0,0,0,0,0,0,0,0
134=44685,0,98.6,0,0,0,0,0,0,763.828,0,98.2,99.1,99.1,88.9,0.1,0,0,0,0,0,0,7.1,0,0,0,0,0,0,0,0,0,0,0,0,0,0,0,0,0,0,0,0,0,0,0,0,0,0,0,0,0
135=45128,0,99,0,0,0,0,0,0,763.828,0,98.6,99.4,99.4,88.9,0.1,0,0,0,0,0.07,0,7.1,0,0,0,0,0,0,0,0,0,0,0,0,0,0,0,0,0,0,0,0,0,0,0,0,0,0,0,0,0
136=45128,0,99,0,0,0,0,0,0,763.828,0,98.6,99.4,99.4,88.9,0.1,0,0,0,0,0.07,0,7.1,0,0,0,0,0,0,0,0,0,0,0,0,0,0,0,0,0,0,0,0,0,0,0,0,0,0,0,0,0
137=45619,0,99.3,0,0,0,0,0,0,763.828,0,98.9,99.8,99.7,88.8,0.1,0,0,0,0,0.16,0,7.1,0,0,0,0,0,0,0,0,0,0,0,0,0,0,0,0,0,0,0,0,0,0,0,0,0,0,0,0,0
138=45619,0,99.3,0,0,0,0,0,0,763.828,0,98.9,99.8,99.7,88.8,0.1,0,0,0,0,0.16,0,7.1,0,0,0,0,0,0,0,0,0,0,0,0,0,0,0,0,0,0,0,0,0,0,0,0,0,0,0,0,0
139=46095,0,99.6,0,0,0,0,0,0,763.828,0,99.2,100.1,100,88.8,0.1,0,0,0,0,0.26,0,7.1,0,0,0,0,0,0,0,0,0,0,0,0,0,0,0,0,0,0,0,0,0,0,0,0,0,0,0,0,0
140=46095,0,99.6,0,0,0,0,0,0,763.828,0,99.2,100.1,100,88.8,0.1,0,0,0,0,0.26,0,7.1,0,0,0,0,0,0,0,0,0,0,0,0,0,0,0,0,0,0,0,0,0,0,0,0,0,0,0,0,0
141=46550,0,99.9,0,0,0,0,0,0,763.828,0,99.5,100.4,100.3,88.7,0.1,0,0,0,0.01,0.38,0,7.1,0,0,0,0,0,0,0,0,0,0,0,0,0,0,0,0,0,0,0,0,0,0,0,0,0,0,0,0,0
142=46550,0,99.9,0,0,0,0,0,0,763.828,0,99.5,100.4,100.3,88.7,0.1,0,0,0,0.01,0.38,0,7.1,0,0,0,0,0,0,0,0,0,0,0,0,0,0,0,0,0,0,0,0,0,0,0,0,0,0,0,0,0
143=47037,0.07,100.1,0,0,0,0,0,0,763.828,0,99.8,100.6,100.5,88.6,0.1,0.07,0.08,0,0.11,0.5,0,7.1,0,0,0,0,0,0,0,0,0,0,0,0,0,0,0,0,0,0,0,0,0,0,0,0,0,0,0,0,0
144=47037,0.07,100.1,0,0,0,0,0,0,763.828,0,99.8,100.6,100.5,88.6,0.1,0.07,0.08,0,0.11,0.5,0,7.1,0,0,0,0,0,0,0,0,0,0,0,0,0,0,0,0,0,0,0,0,0,0,0,0,0,0,0,0,0
145=47526,0.18,100.3,0,0,0,0,0,0,763.828,0,99.9,100.8,100.7,88.6,0.1,0.18,0.19,0.11,0.22,0.61,0,7.2,0,0,0,0,0,0,0,0,0,0,0,0,0,0,0,0,0,0,0,0,0,0,0,0,0,0,0,0,0
146=47526,0.18,100.3,0,0,0,0,0,0,763.828,0,99.9,100.8,100.7,88.6,0.1,0.18,0.19,0.11,0.22,0.61,0,7.2,0,0,0,0,0,0,0,0,0,0,0,0,0,0,0,0,0,0,0,0,0,0,0,0,0,0,0,0,0
147=47980,0.33,100.5,0,0,0,0,0,0,763.828,0,100.1,101,100.8,88.5,0.1,0.33,0.33,0.24,0.36,0.76,0,7.1,0,0,0,0,0,0,0,0,0,0,0,0,0,0,0,0,0,0,0,0,0,0,0,0,0,0,0,0,0
148=47980,0.33,100.5,0,0,0,0,0,0,763.828,0,100.1,101,100.8,88.5,0.1,0.33,0.33,0.24,0.36,0.76,0,7.1,0,0,0,0,0,0,0,0,0,0,0,0,0,0,0,0,0,0,0,0,0,0,0,0,0,0,0,0,0
149=48448,0.55,100.6,0,0,0,0,0,0,763.828,0,100.3,101.2,101,88.4,0.1,0.55,0.55,0.45,0.58,0.96,0,7.1,0,0,0,0,0,0,0,0,0,0,0,0,0,0,0,0,0,0,0,0,0,0,0,0,0,0,0,0,0
150=48448,0.55,100.6,0,0,0,0,0,0,763.828,0,100.3,101.2,101,88.4,0.1,0.55,0.55,0.45,0.58,0.96,0,7.1,0,0,0,0,0,0,0,0,0,0,0,0,0,0,0,0,0,0,0,0,0,0,0,0,0,0,0,0,0
151=48937,0.71,100.7,0,0,0,0,0,0,763.828,0,100.4,101.3,101,88.3,0.1,0.71,0.71,0.6,0.74,1.1,0,7.1,0,0,0,0,0,0,0,0,0,0,0,0,0,0,0,0,0,0,0,0,0,0,0,0,0,0,0,0,0
152=48937,0.71,100.7,0,0,0,0,0,0,763.828,0,100.4,101.3,101,88.3,0.1,0.71,0.71,0.6,0.74,1.1,0,7.1,0,0,0,0,0,0,0,0,0,0,0,0,0,0,0,0,0,0,0,0,0,0,0,0,0,0,0,0,0
153=49397,0.9,100.7,0,0,0,0,0,0,763.828,0,100.5,101.3,101.1,88.3,0.1,0.9,0.9,0.78,0.92,1.26,0,7.1,0,0,0,0,0,0,0,0,0,0,0,0,0,0,0,0,0,0,0,0,0,0,0,0,0,0,0,0,0
154=49397,0.9,100.7,0,0,0,0,0,0,763.828,0,100.5,101.3,101.1,88.3,0.1,0.9,0.9,0.78,0.92,1.26,0,7.1,0,0,0,0,0,0,0,0,0,0,0,0,0,0,0,0,0,0,0,0,0,0,0,0,0,0,0,0,0
155=49847,1.08,100.7,0,0,0,0,0,0,763.828,0,100.5,101.4,101.1,88.2,0.1,1.08,1.08,0.96,1.11,1.41,0,7.1,0,0,0,0,0,0,0,0,0,0,0,0,0,0,0,0,0,0,0,0,0,0,0,0,0,0,0,0,0
156=49847,1.08,100.7,0,0,0,0,0,0,763.828,0,100.5,101.4,101.1,88.2,0.1,1.08,1.08,0.96,1.11,1.41,0,7.1,0,0,0,0,0,0,0,0,0,0,0,0,0,0,0,0,0,0,0,0,0,0,0,0,0,0,0,0,0
157=50313,1.28,100.7,0,0,0,0,0,0,763.828,0,100.5,101.4,101.1,88.2,0.1,1.28,1.27,1.14,1.3,1.55,0,7.2,0,0,0,0,0,0,0,0,0,0,0,0,0,0,0,0,0,0,0,0,0,0,0,0,0,0,0,0,0
158=50313,1.28,100.7,0,0,0,0,0,0,763.828,0,100.5,101.4,101.1,88.2,0.1,1.28,1.27,1.14,1.3,1.55,0,7.2,0,0,0,0,0,0,0,0,0,0,0,0,0,0,0,0,0,0,0,0,0,0,0,0,0,0,0,0,0
159=50766,1.49,100.7,0,0,0,0,0,0,763.828,0,100.5,101.4,101.1,88.3,0.1,1.49,1.48,1.34,1.51,1.68,0,7.2,0,0,0,0,0,0,0,0,0,0,0,0,0,0,0,0,0,0,0,0,0,0,0,0,0,0,0,0,0
160=50766,1.49,100.7,0,0,0,0,0,0,763.828,0,100.5,101.4,101.1,88.3,0.1,1.49,1.48,1.34,1.51,1.68,0,7.2,0,0,0,0,0,0,0,0,0,0,0,0,0,0,0,0,0,0,0,0,0,0,0,0,0,0,0,0,0
161=51216,1.69,100.7,0,0,0,0,0,0,763.828,0,100.5,101.4,101.1,88.6,0.1,1.69,1.68,1.54,1.71,1.77,0,7.2,0,0,0,0,0,0,0,0,0,0,0,0,0,0,0,0,0,0,0,0,0,0,0,0,0,0,0,0,0
162=51216,1.69,100.7,0,0,0,0,0,0,763.828,0,100.5,101.4,101.1,88.6,0.1,1.69,1.68,1.54,1.71,1.77,0,7.2,0,0,0,0,0,0,0,0,0,0,0,0,0,0,0,0,0,0,0,0,0,0,0,0,0,0,0,0,0
163=51707,1.9,100.6,0,0,0,0,0,0,763.828,0,100.5,101.4,101,89,0.1,1.9,1.88,1.73,1.91,1.84,0,7.2,0,0,0,0,0,0,0,0,0,0,0,0,0,0,0,0,0,0,0,0,0,0,0,0,0,0,0,0,0
164=51707,1.9,100.6,0,0,0,0,0,0,763.828,0,100.5,101.4,101,89,0.1,1.9,1.88,1.73,1.91,1.84,0,7.2,0,0,0,0,0,0,0,0,0,0,0,0,0,0,0,0,0,0,0,0,0,0,0,0,0,0,0,0,0
165=52197,2.04,100.6,0,0,0,0,0,0,763.828,0,100.5,101.4,101.1,89.4,0.1,2.04,2.02,1.86,2.04,1.86,0,7.2,0,0,0,0,0,0,0,0,0,0,0,0,0,0,0,0,0,0,0,0,0,0,0,0,0,0,0,0,0
166=52197,2.04,100.6,0,0,0,0,0,0,763.828,0,100.5,101.4,101.1,89.4,0.1,2.04,2.02,1.86,2.04,1.86,0,7.2,0,0,0,0,0,0,0,0,0,0,0,0,0,0,0,0,0,0,0,0,0,0,0,0,0,0,0,0,0
167=52636,2.24,100.6,0,0,0,0,0,0,763.828,0,100.6,101.5,101.1,90.3,0.1,2.24,2.22,2.05,2.23,1.84,0,7.2,0,0,0,0,0,0,0,0,0,0,0,0,0,0,0,0,0,0,0,0,0,0,0,0,0,0,0,0,0
168=52636,2.24,100.6,0,0,0,0,0,0,763.828,0,100.6,101.5,101.1,90.3,0.1,2.24,2.22,2.05,2.23,1.84,0,7.2,0,0,0,0,0,0,0,0,0,0,0,0,0,0,0,0,0,0,0,0,0,0,0,0,0,0,0,0,0
169=53086,1.56,100.7,0,0,0,0,0,0,763.828,0,100.6,101.6,101.2,91.5,0.1,1.56,1.53,1.34,1.52,1.36,0,7.2,0,0,0,0,0,0,0,0,0,0,0,0,0,0,0,0,0,0,0,0,0,0,0,0,0,0,0,0,0
170=53086,1.56,100.7,0,0,0,0,0,0,763.828,0,100.6,101.6,101.2,91.5,0.1,1.56,1.53,1.34,1.52,1.36,0,7.2,0,0,0,0,0,0,0,0,0,0,0,0,0,0,0,0,0,0,0,0,0,0,0,0,0,0,0,0,0
171=53573,1.19,100.9,0,0,0,0,0,0,763.828,0,100.9,101.8,101.4,93,0.1,1.19,1.15,0.95,1.13,1.08,0,7.2,0,0,0,0,0,0,0,0,0,0,0,0,0,0,0,0,0,0,0,0,0,0,0,0,0,0,0,0,0
172=53573,1.19,100.9,0,0,0,0,0,0,763.828,0,100.9,101.8,101.4,93,0.1,1.19,1.15,0.95,1.13,1.08,0,7.2,0,0,0,0,0,0,0,0,0,0,0,0,0,0,0,0,0,0,0,0,0,0,0,0,0,0,0,0,0
173=54032,1.06,101.1,0,0,0,0,0,0,763.828,0,101.1,102.1,101.7,95.8,0.1,1.06,1.01,0.81,0.97,0.76,0,7.2,0,0,0,0,0,0,0,0,0,0,0,0,0,0,0,0,0,0,0,0,0,0,0,0,0,0,0,0,0
174=54032,1.06,101.1,0,0,0,0,0,0,763.828,0,101.1,102.1,101.7,95.8,0.1,1.06,1.01,0.81,0.97,0.76,0,7.2,0,0,0,0,0,0,0,0,0,0,0,0,0,0,0,0,0,0,0,0,0,0,0,0,0,0,0,0,0
175=54484,0.93,101.4,0,0,0,0,0,0,763.828,0,101.4,102.4,102,97.4,0.1,0.93,0.87,0.68,0.82,0.62,0,7.2,0,0,0,0,0,0,0,0,0,0,0,0,0,0,0,0,0,0,0,0,0,0,0,0,0,0,0,0,0
176=54484,0.93,101.4,0,0,0,0,0,0,763.828,0,101.4,102.4,102,97.4,0.1,0.93,0.87,0.68,0.82,0.62,0,7.2,0,0,0,0,0,0,0,0,0,0,0,0,0,0,0,0,0,0,0,0,0,0,0,0,0,0,0,0,0
177=54965,0.79,101.7,0,0,0,0,0,0,763.828,0,101.8,102.7,102.4,99,0.1,0.79,0.71,0.53,0.66,0.51,0,7.2,0,0,0,0,0,0,0,0,0,0,0,0,0,0,0,0,0,0,0,0,0,0,0,0,0,0,0,0,0
178=54965,0.79,101.7,0,0,0,0,0,0,763.828,0,101.8,102.7,102.4,99,0.1,0.79,0.71,0.53,0.66,0.51,0,7.2,0,0,0,0,0,0,0,0,0,0,0,0,0,0,0,0,0,0,0,0,0,0,0,0,0,0,0,0,0
179=72250,0.36,103,0,0,0,0,0,0,763.828,0,103.2,104,103.9,102.8,0.1,0.36,0.23,0.11,0.16,0.01,0,7.2,0,0,0,0,0,0,0,0,0,0,0,0,0,0,0,0,0,0,0,0,0,0,0,0,0,0,0,0,0
