[COMMENT]
RecordTime=2024/10/28 ¤U¤È 03:54:46
InputDevice=1
InputObject=0
ColumnName=Index,Time,Intensity,TC,Pump,Gas1~4,Pressure,MTC1~5,Power1~5,O2
PumpDownTime=0
[STEP 1]
ACTION=Idle
TEMP=0
TIME=3
GN2=0
PN2=0
AO2=0
BO2=0
NA=0
Pump=0
[STEP 2]
ACTION=Idle
TEMP=0
TIME=3
GN2=40
PN2=0
AO2=0
BO2=0
NA=0
Pump=0
[STEP 3]
ACTION=Idle
TEMP=0
TIME=3
GN2=0
PN2=0
AO2=0
BO2=0
NA=0
Pump=0
[STEP 4]
ACTION=Idle
TEMP=0
TIME=3
GN2=0
PN2=0
AO2=3
BO2=0
NA=0
Pump=0
[STEP 5]
ACTION=Ramp up
TEMP=100
TIME=40
GN2=0
PN2=0
AO2=3
BO2=0
NA=0
Pump=0
[STEP 6]
ACTION=Hold
TEMP=100
TIME=100
GN2=0
PN2=0
AO2=3
BO2=0
NA=0
Pump=0
[STEP 7]
ACTION=Ramp up
TEMP=200
TIME=52
GN2=0
PN2=0
AO2=3
BO2=0
NA=0
Pump=0
[STEP 8]
ACTION=Hold
TEMP=200
TIME=240
GN2=0
PN2=0
AO2=3
BO2=0
NA=0
Pump=0
[STEP 9]
ACTION=Idle
TEMP=0
TIME=10
GN2=1
PN2=0
AO2=0
BO2=0
NA=0
Pump=0
[STEP 10]
ACTION=Idle
TEMP=0
TIME=120
GN2=90
PN2=0
AO2=0
BO2=0
NA=0
Pump=0
[STEP 11]
ACTION=Idle
TEMP=0
TIME=10
GN2=5
PN2=0
AO2=0
BO2=0
NA=0
Pump=0
[STEP 12]
ACTION=Stop
TEMP=0
TIME=0
GN2=0
PN2=0
AO2=0
BO2=0
NA=0
Pump=0
[STEP 13]
ACTION=Stop
TEMP=0
TIME=0
GN2=0
PN2=0
AO2=0
BO2=0
NA=0
Pump=0
[STEP 14]
ACTION=Stop
TEMP=0
TIME=0
GN2=0
PN2=0
AO2=0
BO2=0
NA=0
Pump=0
[STEP 15]
ACTION=Stop
TEMP=0
TIME=0
GN2=0
PN2=0
AO2=0
BO2=0
NA=0
Pump=0
[STEP 16]
ACTION=Stop
TEMP=0
TIME=0
GN2=0
PN2=0
AO2=0
BO2=0
NA=0
Pump=0
[STEP 17]
ACTION=Stop
TEMP=0
TIME=0
GN2=0
PN2=0
AO2=0
BO2=0
NA=0
Pump=0
[STEP 18]
ACTION=Stop
TEMP=0
TIME=0
GN2=0
PN2=0
AO2=0
BO2=0
NA=0
Pump=0
[STEP 19]
ACTION=Stop
TEMP=0
TIME=0
GN2=0
PN2=0
AO2=0
BO2=0
NA=0
Pump=0
[STEP 20]
ACTION=Stop
TEMP=0
TIME=0
GN2=0
PN2=0
AO2=0
BO2=0
NA=0
Pump=0
[STEP 21]
ACTION=Stop
TEMP=0
TIME=0
GN2=0
PN2=0
AO2=0
BO2=0
NA=0
Pump=0
[STEP 22]
ACTION=Stop
TEMP=0
TIME=0
GN2=0
PN2=0
AO2=0
BO2=0
NA=0
Pump=0
[STEP 23]
ACTION=Stop
TEMP=0
TIME=0
GN2=0
PN2=0
AO2=0
BO2=0
NA=0
Pump=0
[STEP 24]
ACTION=Stop
TEMP=0
TIME=0
GN2=0
PN2=0
AO2=0
BO2=0
NA=0
Pump=0
[STEP 25]
ACTION=Stop
TEMP=0
TIME=0
GN2=0
PN2=0
AO2=0
BO2=0
NA=0
Pump=0
[STEP 26]
ACTION=Stop
TEMP=0
TIME=0
GN2=0
PN2=0
AO2=0
BO2=0
NA=0
Pump=0
[STEP 27]
ACTION=Stop
TEMP=0
TIME=0
GN2=0
PN2=0
AO2=0
BO2=0
NA=0
Pump=0
[STEP 28]
ACTION=Stop
TEMP=0
TIME=0
GN2=0
PN2=0
AO2=0
BO2=0
NA=0
Pump=0
[STEP 29]
ACTION=Stop
TEMP=0
TIME=0
GN2=0
PN2=0
AO2=0
BO2=0
NA=0
Pump=0
[STEP 30]
ACTION=Stop
TEMP=0
TIME=0
GN2=0
PN2=0
AO2=0
BO2=0
NA=0
Pump=0
[STEP 31]
ACTION=Stop
TEMP=0
TIME=0
GN2=0
PN2=0
AO2=0
BO2=0
NA=0
Pump=0
[STEP 32]
ACTION=Stop
TEMP=0
TIME=0
GN2=0
PN2=0
AO2=0
BO2=0
NA=0
Pump=0
[STEP 33]
ACTION=Stop
TEMP=0
TIME=0
GN2=0
PN2=0
AO2=0
BO2=0
NA=0
Pump=0
[STEP 34]
ACTION=Stop
TEMP=0
TIME=0
GN2=0
PN2=0
AO2=0
BO2=0
NA=0
Pump=0
[STEP 35]
ACTION=Stop
TEMP=0
TIME=0
GN2=0
PN2=0
AO2=0
BO2=0
NA=0
Pump=0
[STEP 36]
ACTION=Stop
TEMP=0
TIME=0
GN2=0
PN2=0
AO2=0
BO2=0
NA=0
Pump=0
[STEP 37]
ACTION=Stop
TEMP=0
TIME=0
GN2=0
PN2=0
AO2=0
BO2=0
NA=0
Pump=0
[STEP 38]
ACTION=Stop
TEMP=0
TIME=0
GN2=0
PN2=0
AO2=0
BO2=0
NA=0
Pump=0
[STEP 39]
ACTION=Stop
TEMP=0
TIME=0
GN2=0
PN2=0
AO2=0
BO2=0
NA=0
Pump=0
[STEP 40]
ACTION=Stop
TEMP=0
TIME=0
GN2=0
PN2=0
AO2=0
BO2=0
NA=0
Pump=0
[STEP 41]
ACTION=Stop
TEMP=0
TIME=0
GN2=0
PN2=0
AO2=0
BO2=0
NA=0
Pump=0
[STEP 42]
ACTION=Stop
TEMP=0
TIME=0
GN2=0
PN2=0
AO2=0
BO2=0
NA=0
Pump=0
[STEP 43]
ACTION=Stop
TEMP=0
TIME=0
GN2=0
PN2=0
AO2=0
BO2=0
NA=0
Pump=0
[STEP 44]
ACTION=Stop
TEMP=0
TIME=0
GN2=0
PN2=0
AO2=0
BO2=0
NA=0
Pump=0
[STEP 45]
ACTION=Stop
TEMP=0
TIME=0
GN2=0
PN2=0
AO2=0
BO2=0
NA=0
Pump=0
[STEP 46]
ACTION=Stop
TEMP=0
TIME=0
GN2=0
PN2=0
AO2=0
BO2=0
NA=0
Pump=0
[STEP 47]
ACTION=Stop
TEMP=0
TIME=0
GN2=0
PN2=0
AO2=0
BO2=0
NA=0
Pump=0
[STEP 48]
ACTION=Stop
TEMP=0
TIME=0
GN2=0
PN2=0
AO2=0
BO2=0
NA=0
Pump=0
[STEP 49]
ACTION=Stop
TEMP=0
TIME=0
GN2=0
PN2=0
AO2=0
BO2=0
NA=0
Pump=0
[STEP 50]
ACTION=Stop
TEMP=0
TIME=0
GN2=0
PN2=0
AO2=0
BO2=0
NA=0
Pump=0
[COFFICIENT]
IntensityWeightD1=0
IntensityWeightD2=0
IntensityWeightD3=0
IntensityWeightD4=0.2
IntensityWeightD5=0
IntensityWeightS1=0
IntensityWeightS2=0
IntensityWeightS3=0
IntensityWeightS4=0
IntensityWeightS5=0
[CONTROL_LOOP]
Proportional=0.04
Proportional2=0.04
Integrnal=0.001
Integral2=0.00065
Derivational=0
Factor1=0
Factor2=0
InputDevice=1
Overshoot=200
[PROCESS_RECORD]
No=Time,Intensity,TC1,NA,Gas1,Gas2,Gas3,Gas4,Gas5,Pressure,Gas6,TC2,TC3,TC4,TC5,TC6,Power1,Power2,Power3,Power4,Power5,O2-Gauge,TC7,O2,MTC8,MTC9,MTC10,MTC11,MTC12,MTC13,MTC14,MTC15,MTC16,MTC17,MTC18,MTC19,MTC20,MTC21,MTC22,MTC23
0=1344,0,44.8,0,0,0,0,0,0,763.828,0,45.8,44.1,44.6,42.3,0.1,2.58,2.36,2.79,2.65,1.6,0,6,0,0,0,0,0,0,0,0,0,0,0,0,0,0,0,0,0,0,0,0,0,0,0,0,0,0,0,0,0
1=2328,0,44.9,0,0,0,0,0,0,763.828,0,45.9,44.2,44.8,43.2,0.1,3.16,2.93,3.4,3.22,1.75,0,6,0,0,0,0,0,0,0,0,0,0,0,0,0,0,0,0,0,0,0,0,0,0,0,0,0,0,0,0,0
2=3328,0,45.1,0,0,0,0,0,0,763.828,0,46.1,44.4,45.1,45.6,0.1,3.69,3.43,3.96,3.7,1.65,0,6,0,0,0,0,0,0,0,0,0,0,0,0,0,0,0,0,0,0,0,0,0,0,0,0,0,0,0,0,0
3=6065,0,48.2,0,0,0,0,0,0,763.828,0,49.4,47.2,49.1,60.5,0.1,4.39,4.02,4.86,4.14,0.5,0,7,0,0,0,0,0,0,0,0,0,0,0,0,0,0,0,0,0,0,0,0,0,0,0,0,0,0,0,0,0
4=7065,0,50.9,0,0,0,0,0,0,763.828,0,52.1,49.5,52.1,68,0.1,4.28,3.89,4.86,3.96,0.5,0,7.1,0,0,0,0,0,0,0,0,0,0,0,0,0,0,0,0,0,0,0,0,0,0,0,0,0,0,0,0,0
5=9177,0,59,0,0,0,0,0,0,763.828,0,60.1,57,60.5,82.6,0.1,3.52,3.12,4.27,3.16,0.5,0,8,0,0,0,0,0,0,0,0,0,0,0,0,0,0,0,0,0,0,0,0,0,0,0,0,0,0,0,0,0
6=10180,0,64.1,0,0,0,0,0,0,763.828,0,65,61.9,65.5,88.5,0.1,2.95,2.6,3.74,2.66,0.5,0,8.1,0,0,0,0,0,0,0,0,0,0,0,0,0,0,0,0,0,0,0,0,0,0,0,0,0,0,0,0,0
7=11186,0,68.6,0,0,0,0,0,0,763.828,0,69.3,66.3,69.7,92.1,0.1,2.41,2.1,3.21,2.21,0.5,0,8.1,0,0,0,0,0,0,0,0,0,0,0,0,0,0,0,0,0,0,0,0,0,0,0,0,0,0,0,0,0
8=14053,0,84.2,0,0,0,0,0,0,763.828,0,84,82.4,83.5,98.6,0.1,0.35,0.22,0.98,0.62,0.5,0,7.1,0,0,0,0,0,0,0,0,0,0,0,0,0,0,0,0,0,0,0,0,0,0,0,0,0,0,0,0,0
9=15037,0,89.1,0,0,0,0,0,0,763.828,0,88.7,87.8,87.6,99.2,0.1,0,0,0.21,0.14,0.5,0,7.1,0,0,0,0,0,0,0,0,0,0,0,0,0,0,0,0,0,0,0,0,0,0,0,0,0,0,0,0,0
10=16043,0,92.7,0,0,0,0,0,0,763.828,0,92,91.7,90.6,99.4,0.1,0,0,0,0,0.5,0,7.1,0,0,0,0,0,0,0,0,0,0,0,0,0,0,0,0,0,0,0,0,0,0,0,0,0,0,0,0,0
11=16043,0,92.7,0,0,0,0,0,0,763.828,0,92,91.7,90.6,99.4,0.1,0,0,0,0,0.5,0,7.1,0,0,0,0,0,0,0,0,0,0,0,0,0,0,0,0,0,0,0,0,0,0,0,0,0,0,0,0,0
12=18444,0,101.4,0,0,0,0,0,0,763.828,0,100.3,101.6,97.7,99.4,0.1,0,0,0,0,0.5,0,7,0,0,0,0,0,0,0,0,0,0,0,0,0,0,0,0,0,0,0,0,0,0,0,0,0,0,0,0,0
13=18444,0,101.4,0,0,0,0,0,0,763.828,0,100.3,101.6,97.7,99.4,0.1,0,0,0,0,0.5,0,7,0,0,0,0,0,0,0,0,0,0,0,0,0,0,0,0,0,0,0,0,0,0,0,0,0,0,0,0,0
14=18861,0,102.5,0,0,0,0,0,0,763.828,0,101.4,102.9,98.6,99.4,0.1,0,0,0,0,0.5,0,6.7,0,0,0,0,0,0,0,0,0,0,0,0,0,0,0,0,0,0,0,0,0,0,0,0,0,0,0,0,0
15=18861,0,102.5,0,0,0,0,0,0,763.828,0,101.4,102.9,98.6,99.4,0.1,0,0,0,0,0.5,0,6.7,0,0,0,0,0,0,0,0,0,0,0,0,0,0,0,0,0,0,0,0,0,0,0,0,0,0,0,0,0
16=19272,0,103.6,0,0,0,0.006,0,0,763.828,0,102.4,104.2,99.5,99.4,0.1,0,0,0,0,0.5,0,6.4,0,0,0,0,0,0,0,0,0,0,0,0,0,0,0,0,0,0,0,0,0,0,0,0,0,0,0,0,0
17=19272,0,103.6,0,0,0,0.006,0,0,763.828,0,102.4,104.2,99.5,99.4,0.1,0,0,0,0,0.5,0,6.4,0,0,0,0,0,0,0,0,0,0,0,0,0,0,0,0,0,0,0,0,0,0,0,0,0,0,0,0,0
18=19680,0,104.6,0,0,0,0.006,0,0,763.828,0,103.4,105.3,100.3,99.4,0.1,0,0,0,0,0.5,0,6.2,0,0,0,0,0,0,0,0,0,0,0,0,0,0,0,0,0,0,0,0,0,0,0,0,0,0,0,0,0
19=19680,0,104.6,0,0,0,0.006,0,0,763.828,0,103.4,105.3,100.3,99.4,0.1,0,0,0,0,0.5,0,6.2,0,0,0,0,0,0,0,0,0,0,0,0,0,0,0,0,0,0,0,0,0,0,0,0,0,0,0,0,0
20=20082,0,105.5,0,0,0,0.006,0,0,763.828,0,104.3,106.4,101,99.4,0.1,0,0,0,0,0.5,0,6.1,0,0,0,0,0,0,0,0,0,0,0,0,0,0,0,0,0,0,0,0,0,0,0,0,0,0,0,0,0
21=20082,0,105.5,0,0,0,0.006,0,0,763.828,0,104.3,106.4,101,99.4,0.1,0,0,0,0,0.5,0,6.1,0,0,0,0,0,0,0,0,0,0,0,0,0,0,0,0,0,0,0,0,0,0,0,0,0,0,0,0,0
22=20499,0,106.3,0,0,0,0.006,0,0,763.828,0,105.1,107.3,101.7,99.3,0.1,0,0,0,0,0.5,0,6.3,0,0,0,0,0,0,0,0,0,0,0,0,0,0,0,0,0,0,0,0,0,0,0,0,0,0,0,0,0
23=20499,0,106.3,0,0,0,0.006,0,0,763.828,0,105.1,107.3,101.7,99.3,0.1,0,0,0,0,0.5,0,6.3,0,0,0,0,0,0,0,0,0,0,0,0,0,0,0,0,0,0,0,0,0,0,0,0,0,0,0,0,0
24=20907,0,107,0,0,0,0.051,0,0,763.828,0,105.9,108.3,102.3,99.3,0.1,0,0,0,0,0.5,0,6.2,0,0,0,0,0,0,0,0,0,0,0,0,0,0,0,0,0,0,0,0,0,0,0,0,0,0,0,0,0
25=20907,0,107,0,0,0,0.051,0,0,763.828,0,105.9,108.3,102.3,99.3,0.1,0,0,0,0,0.5,0,6.2,0,0,0,0,0,0,0,0,0,0,0,0,0,0,0,0,0,0,0,0,0,0,0,0,0,0,0,0,0
26=21325,0,107.8,0,0,0,0.051,0,0,763.828,0,106.6,109.1,102.9,99.3,0.1,0,0,0,0,0.5,0,6.1,0,0,0,0,0,0,0,0,0,0,0,0,0,0,0,0,0,0,0,0,0,0,0,0,0,0,0,0,0
27=21325,0,107.8,0,0,0,0.051,0,0,763.828,0,106.6,109.1,102.9,99.3,0.1,0,0,0,0,0.5,0,6.1,0,0,0,0,0,0,0,0,0,0,0,0,0,0,0,0,0,0,0,0,0,0,0,0,0,0,0,0,0
28=21731,0,108.1,0,0,0,0.051,0,0,763.828,0,106.9,109.5,103.2,99.3,0.1,0,0,0,0,0.5,0,6.1,0,0,0,0,0,0,0,0,0,0,0,0,0,0,0,0,0,0,0,0,0,0,0,0,0,0,0,0,0
29=21731,0,108.1,0,0,0,0.051,0,0,763.828,0,106.9,109.5,103.2,99.3,0.1,0,0,0,0,0.5,0,6.1,0,0,0,0,0,0,0,0,0,0,0,0,0,0,0,0,0,0,0,0,0,0,0,0,0,0,0,0,0
30=22145,0,108.7,0,0,0,0.051,0,0,763.828,0,107.5,110.3,103.7,99.3,0.1,0,0,0,0,0.5,0,6.1,0,0,0,0,0,0,0,0,0,0,0,0,0,0,0,0,0,0,0,0,0,0,0,0,0,0,0,0,0
31=22145,0,108.7,0,0,0,0.051,0,0,763.828,0,107.5,110.3,103.7,99.3,0.1,0,0,0,0,0.5,0,6.1,0,0,0,0,0,0,0,0,0,0,0,0,0,0,0,0,0,0,0,0,0,0,0,0,0,0,0,0,0
32=22561,0,109.3,0,0,0,0,0,0,763.828,0,108.2,111.1,104.2,99.3,0.1,0,0,0,0,0.5,0,6.1,0,0,0,0,0,0,0,0,0,0,0,0,0,0,0,0,0,0,0,0,0,0,0,0,0,0,0,0,0
33=22561,0,109.3,0,0,0,0,0,0,763.828,0,108.2,111.1,104.2,99.3,0.1,0,0,0,0,0.5,0,6.1,0,0,0,0,0,0,0,0,0,0,0,0,0,0,0,0,0,0,0,0,0,0,0,0,0,0,0,0,0
34=22932,0,109.8,0,0,0,0,0,0,763.828,0,108.7,111.7,104.6,99.3,0.1,0,0,0,0,0.5,0,6,0,0,0,0,0,0,0,0,0,0,0,0,0,0,0,0,0,0,0,0,0,0,0,0,0,0,0,0,0
35=22932,0,109.8,0,0,0,0,0,0,763.828,0,108.7,111.7,104.6,99.3,0.1,0,0,0,0,0.5,0,6,0,0,0,0,0,0,0,0,0,0,0,0,0,0,0,0,0,0,0,0,0,0,0,0,0,0,0,0,0
36=23345,0,110.3,0,0,0,0,0,0,763.828,0,109.2,112.2,105,99.3,0.1,0,0,0,0,0.5,0,6,0,0,0,0,0,0,0,0,0,0,0,0,0,0,0,0,0,0,0,0,0,0,0,0,0,0,0,0,0
37=23345,0,110.3,0,0,0,0,0,0,763.828,0,109.2,112.2,105,99.3,0.1,0,0,0,0,0.5,0,6,0,0,0,0,0,0,0,0,0,0,0,0,0,0,0,0,0,0,0,0,0,0,0,0,0,0,0,0,0
38=23749,0,110.7,0,0,0,0,0,0,763.828,0,109.6,112.8,105.4,99.3,0.1,0,0,0,0,0.5,0,6.1,0,0,0,0,0,0,0,0,0,0,0,0,0,0,0,0,0,0,0,0,0,0,0,0,0,0,0,0,0
39=23749,0,110.7,0,0,0,0,0,0,763.828,0,109.6,112.8,105.4,99.3,0.1,0,0,0,0,0.5,0,6.1,0,0,0,0,0,0,0,0,0,0,0,0,0,0,0,0,0,0,0,0,0,0,0,0,0,0,0,0,0
40=24150,0,111.1,0,0,0,0,0,0,763.828,0,110,113.2,105.7,99.3,0.1,0,0,0,0,0.5,0,6,0,0,0,0,0,0,0,0,0,0,0,0,0,0,0,0,0,0,0,0,0,0,0,0,0,0,0,0,0
41=24150,0,111.1,0,0,0,0,0,0,763.828,0,110,113.2,105.7,99.3,0.1,0,0,0,0,0.5,0,6,0,0,0,0,0,0,0,0,0,0,0,0,0,0,0,0,0,0,0,0,0,0,0,0,0,0,0,0,0
42=24552,0,111.4,0,0,0,0,0,0,763.828,0,110.4,113.7,106,99.3,0.1,0,0,0,0,0.5,0,6,0,0,0,0,0,0,0,0,0,0,0,0,0,0,0,0,0,0,0,0,0,0,0,0,0,0,0,0,0
43=24552,0,111.4,0,0,0,0,0,0,763.828,0,110.4,113.7,106,99.3,0.1,0,0,0,0,0.5,0,6,0,0,0,0,0,0,0,0,0,0,0,0,0,0,0,0,0,0,0,0,0,0,0,0,0,0,0,0,0
44=24959,0,111.7,0,0,0,0,0,0,763.828,0,110.7,114.1,106.3,99.3,0.1,0,0,0,0,0.5,0,6,0,0,0,0,0,0,0,0,0,0,0,0,0,0,0,0,0,0,0,0,0,0,0,0,0,0,0,0,0
45=24959,0,111.7,0,0,0,0,0,0,763.828,0,110.7,114.1,106.3,99.3,0.1,0,0,0,0,0.5,0,6,0,0,0,0,0,0,0,0,0,0,0,0,0,0,0,0,0,0,0,0,0,0,0,0,0,0,0,0,0
46=25376,0,112,0,0,0,0,0,0,763.828,0,111,114.4,106.6,99.2,0.1,0,0,0,0,0.5,0,6,0,0,0,0,0,0,0,0,0,0,0,0,0,0,0,0,0,0,0,0,0,0,0,0,0,0,0,0,0
47=25376,0,112,0,0,0,0,0,0,763.828,0,111,114.4,106.6,99.2,0.1,0,0,0,0,0.5,0,6,0,0,0,0,0,0,0,0,0,0,0,0,0,0,0,0,0,0,0,0,0,0,0,0,0,0,0,0,0
48=25793,0,112.2,0,0,0,0,0,0,763.828,0,111.3,114.8,106.8,99.2,0.1,0,0,0,0,0.5,0,6,0,0,0,0,0,0,0,0,0,0,0,0,0,0,0,0,0,0,0,0,0,0,0,0,0,0,0,0,0
49=25793,0,112.2,0,0,0,0,0,0,763.828,0,111.3,114.8,106.8,99.2,0.1,0,0,0,0,0.5,0,6,0,0,0,0,0,0,0,0,0,0,0,0,0,0,0,0,0,0,0,0,0,0,0,0,0,0,0,0,0
50=26195,0,112.4,0,0,0,0,0,0,763.828,0,111.5,115,107,99.2,0.1,0,0,0,0,0.5,0,6,0,0,0,0,0,0,0,0,0,0,0,0,0,0,0,0,0,0,0,0,0,0,0,0,0,0,0,0,0
51=26195,0,112.4,0,0,0,0,0,0,763.828,0,111.5,115,107,99.2,0.1,0,0,0,0,0.5,0,6,0,0,0,0,0,0,0,0,0,0,0,0,0,0,0,0,0,0,0,0,0,0,0,0,0,0,0,0,0
52=26630,0,112.6,0,0,0,0,0,0,763.828,0,111.7,115.3,107.1,99.2,0.1,0,0,0,0,0.5,0,6.1,0,0,0,0,0,0,0,0,0,0,0,0,0,0,0,0,0,0,0,0,0,0,0,0,0,0,0,0,0
53=26630,0,112.6,0,0,0,0,0,0,763.828,0,111.7,115.3,107.1,99.2,0.1,0,0,0,0,0.5,0,6.1,0,0,0,0,0,0,0,0,0,0,0,0,0,0,0,0,0,0,0,0,0,0,0,0,0,0,0,0,0
54=27014,0,112.7,0,0,0,0,0,0,763.828,0,111.9,115.5,107.3,99.1,0.1,0,0,0,0,0.5,0,6.1,0,0,0,0,0,0,0,0,0,0,0,0,0,0,0,0,0,0,0,0,0,0,0,0,0,0,0,0,0
55=27014,0,112.7,0,0,0,0,0,0,763.828,0,111.9,115.5,107.3,99.1,0.1,0,0,0,0,0.5,0,6.1,0,0,0,0,0,0,0,0,0,0,0,0,0,0,0,0,0,0,0,0,0,0,0,0,0,0,0,0,0
56=27429,0,112.9,0,0,0,0,0,0,763.828,0,112.1,115.7,107.4,99.1,0.1,0,0,0,0,0.5,0,6,0,0,0,0,0,0,0,0,0,0,0,0,0,0,0,0,0,0,0,0,0,0,0,0,0,0,0,0,0
57=27429,0,112.9,0,0,0,0,0,0,763.828,0,112.1,115.7,107.4,99.1,0.1,0,0,0,0,0.5,0,6,0,0,0,0,0,0,0,0,0,0,0,0,0,0,0,0,0,0,0,0,0,0,0,0,0,0,0,0,0
58=27817,0,112.9,0,0,0,0,0,0,763.828,0,112.2,115.8,107.5,99,0.1,0,0,0,0,0.5,0,6,0,0,0,0,0,0,0,0,0,0,0,0,0,0,0,0,0,0,0,0,0,0,0,0,0,0,0,0,0
59=27817,0,112.9,0,0,0,0,0,0,763.828,0,112.2,115.8,107.5,99,0.1,0,0,0,0,0.5,0,6,0,0,0,0,0,0,0,0,0,0,0,0,0,0,0,0,0,0,0,0,0,0,0,0,0,0,0,0,0
60=28235,0,113,0,0,0,0,0,0,763.828,0,112.3,115.9,107.6,99,0.1,0,0,0,0,0.5,0,6,0,0,0,0,0,0,0,0,0,0,0,0,0,0,0,0,0,0,0,0,0,0,0,0,0,0,0,0,0
61=28235,0,113,0,0,0,0,0,0,763.828,0,112.3,115.9,107.6,99,0.1,0,0,0,0,0.5,0,6,0,0,0,0,0,0,0,0,0,0,0,0,0,0,0,0,0,0,0,0,0,0,0,0,0,0,0,0,0
62=28637,0,113.1,0,0,0,0,0,0,763.828,0,112.4,116,107.7,99,0.1,0,0,0,0,0.5,0,6,0,0,0,0,0,0,0,0,0,0,0,0,0,0,0,0,0,0,0,0,0,0,0,0,0,0,0,0,0
63=28637,0,113.1,0,0,0,0,0,0,763.828,0,112.4,116,107.7,99,0.1,0,0,0,0,0.5,0,6,0,0,0,0,0,0,0,0,0,0,0,0,0,0,0,0,0,0,0,0,0,0,0,0,0,0,0,0,0
64=29037,0,113.1,0,0,0,0,0,0,763.828,0,112.5,116.1,107.8,98.9,0.1,0,0,0,0,0.5,0,6,0,0,0,0,0,0,0,0,0,0,0,0,0,0,0,0,0,0,0,0,0,0,0,0,0,0,0,0,0
65=29037,0,113.1,0,0,0,0,0,0,763.828,0,112.5,116.1,107.8,98.9,0.1,0,0,0,0,0.5,0,6,0,0,0,0,0,0,0,0,0,0,0,0,0,0,0,0,0,0,0,0,0,0,0,0,0,0,0,0,0
66=29444,0,113.1,0,0,0,0,0,0,763.828,0,112.6,116.2,107.8,98.9,0.1,0,0,0,0,0.5,0,6,0,0,0,0,0,0,0,0,0,0,0,0,0,0,0,0,0,0,0,0,0,0,0,0,0,0,0,0,0
67=29444,0,113.1,0,0,0,0,0,0,763.828,0,112.6,116.2,107.8,98.9,0.1,0,0,0,0,0.5,0,6,0,0,0,0,0,0,0,0,0,0,0,0,0,0,0,0,0,0,0,0,0,0,0,0,0,0,0,0,0
68=29846,0,113.1,0,0,0,0,0,0,763.828,0,112.6,116.2,107.9,98.8,0.1,0,0,0,0,0.51,0,6.1,0,0,0,0,0,0,0,0,0,0,0,0,0,0,0,0,0,0,0,0,0,0,0,0,0,0,0,0,0
69=29846,0,113.1,0,0,0,0,0,0,763.828,0,112.6,116.2,107.9,98.8,0.1,0,0,0,0,0.51,0,6.1,0,0,0,0,0,0,0,0,0,0,0,0,0,0,0,0,0,0,0,0,0,0,0,0,0,0,0,0,0
70=30257,0,113.1,0,0,0,0,0,0,763.828,0,112.6,116.2,107.9,98.8,0.1,0,0,0,0,0.51,0,6,0,0,0,0,0,0,0,0,0,0,0,0,0,0,0,0,0,0,0,0,0,0,0,0,0,0,0,0,0
71=30257,0,113.1,0,0,0,0,0,0,763.828,0,112.6,116.2,107.9,98.8,0.1,0,0,0,0,0.51,0,6,0,0,0,0,0,0,0,0,0,0,0,0,0,0,0,0,0,0,0,0,0,0,0,0,0,0,0,0,0
72=30681,0,113.1,0,0,0,0,0,0,763.828,0,112.7,116.3,107.9,98.7,0.1,0,0,0,0,0.52,0,6.1,0,0,0,0,0,0,0,0,0,0,0,0,0,0,0,0,0,0,0,0,0,0,0,0,0,0,0,0,0
73=30681,0,113.1,0,0,0,0,0,0,763.828,0,112.7,116.3,107.9,98.7,0.1,0,0,0,0,0.52,0,6.1,0,0,0,0,0,0,0,0,0,0,0,0,0,0,0,0,0,0,0,0,0,0,0,0,0,0,0,0,0
74=31098,0,113.1,0,0,0,0,0,0,763.828,0,112.7,116.3,107.9,98.7,0.1,0,0,0,0,0.52,0,6.1,0,0,0,0,0,0,0,0,0,0,0,0,0,0,0,0,0,0,0,0,0,0,0,0,0,0,0,0,0
75=31098,0,113.1,0,0,0,0,0,0,763.828,0,112.7,116.3,107.9,98.7,0.1,0,0,0,0,0.52,0,6.1,0,0,0,0,0,0,0,0,0,0,0,0,0,0,0,0,0,0,0,0,0,0,0,0,0,0,0,0,0
76=31529,0,113,0,0,0,0,0,0,763.828,0,112.7,116.2,107.9,98.6,0.1,0,0,0,0,0.53,0,6,0,0,0,0,0,0,0,0,0,0,0,0,0,0,0,0,0,0,0,0,0,0,0,0,0,0,0,0,0
77=31529,0,113,0,0,0,0,0,0,763.828,0,112.7,116.2,107.9,98.6,0.1,0,0,0,0,0.53,0,6,0,0,0,0,0,0,0,0,0,0,0,0,0,0,0,0,0,0,0,0,0,0,0,0,0,0,0,0,0
78=31901,0,112.9,0,0,0,0,0,0,763.828,0,112.7,116.2,107.9,98.6,0.1,0,0,0,0,0.54,0,6,0,0,0,0,0,0,0,0,0,0,0,0,0,0,0,0,0,0,0,0,0,0,0,0,0,0,0,0,0
79=31901,0,112.9,0,0,0,0,0,0,763.828,0,112.7,116.2,107.9,98.6,0.1,0,0,0,0,0.54,0,6,0,0,0,0,0,0,0,0,0,0,0,0,0,0,0,0,0,0,0,0,0,0,0,0,0,0,0,0,0
80=32318,0,112.9,0,0,0,0,0,0,763.828,0,112.6,116.2,107.9,98.5,0.1,0,0,0,0,0.55,0,6,0,0,0,0,0,0,0,0,0,0,0,0,0,0,0,0,0,0,0,0,0,0,0,0,0,0,0,0,0
81=32318,0,112.9,0,0,0,0,0,0,763.828,0,112.6,116.2,107.9,98.5,0.1,0,0,0,0,0.55,0,6,0,0,0,0,0,0,0,0,0,0,0,0,0,0,0,0,0,0,0,0,0,0,0,0,0,0,0,0,0
82=32705,0,112.8,0,0,0,0,0,0,763.828,0,112.6,116.1,107.9,98.4,0.1,0,0,0,0,0.56,0,6,0,0,0,0,0,0,0,0,0,0,0,0,0,0,0,0,0,0,0,0,0,0,0,0,0,0,0,0,0
83=32705,0,112.8,0,0,0,0,0,0,763.828,0,112.6,116.1,107.9,98.4,0.1,0,0,0,0,0.56,0,6,0,0,0,0,0,0,0,0,0,0,0,0,0,0,0,0,0,0,0,0,0,0,0,0,0,0,0,0,0
84=33122,0,112.7,0,0,0,0,0,0,763.828,0,112.5,116.1,107.9,98.4,0.1,0,0,0,0,0.57,0,6,0,0,0,0,0,0,0,0,0,0,0,0,0,0,0,0,0,0,0,0,0,0,0,0,0,0,0,0,0
85=33122,0,112.7,0,0,0,0,0,0,763.828,0,112.5,116.1,107.9,98.4,0.1,0,0,0,0,0.57,0,6,0,0,0,0,0,0,0,0,0,0,0,0,0,0,0,0,0,0,0,0,0,0,0,0,0,0,0,0,0
