[COMMENT]
RecordTime=2024/10/28 ¤U¤È 03:23:06
InputDevice=1
InputObject=0
ColumnName=Index,Time,Intensity,TC,Pump,Gas1~4,Pressure,MTC1~5,Power1~5,O2
PumpDownTime=0
[STEP 1]
ACTION=Idle
TEMP=0
TIME=3
GN2=0
PN2=0
AO2=0
BO2=0
NA=0
Pump=0
[STEP 2]
ACTION=Idle
TEMP=0
TIME=3
GN2=40
PN2=0
AO2=0
BO2=0
NA=0
Pump=0
[STEP 3]
ACTION=Idle
TEMP=0
TIME=3
GN2=0
PN2=0
AO2=0
BO2=0
NA=0
Pump=0
[STEP 4]
ACTION=Idle
TEMP=0
TIME=3
GN2=0
PN2=0
AO2=3
BO2=0
NA=0
Pump=0
[STEP 5]
ACTION=Ramp up
TEMP=200
TIME=40
GN2=0
PN2=0
AO2=3
BO2=0
NA=0
Pump=0
[STEP 6]
ACTION=Hold
TEMP=200
TIME=100
GN2=0
PN2=0
AO2=3
BO2=0
NA=0
Pump=0
[STEP 7]
ACTION=Ramp up
TEMP=460
TIME=52
GN2=0
PN2=0
AO2=3
BO2=0
NA=0
Pump=0
[STEP 8]
ACTION=Hold
TEMP=460
TIME=240
GN2=0
PN2=0
AO2=3
BO2=0
NA=0
Pump=0
[STEP 9]
ACTION=Idle
TEMP=0
TIME=10
GN2=1
PN2=0
AO2=0
BO2=0
NA=0
Pump=0
[STEP 10]
ACTION=Idle
TEMP=0
TIME=120
GN2=90
PN2=0
AO2=0
BO2=0
NA=0
Pump=0
[STEP 11]
ACTION=Idle
TEMP=0
TIME=10
GN2=5
PN2=0
AO2=0
BO2=0
NA=0
Pump=0
[STEP 12]
ACTION=Stop
TEMP=0
TIME=0
GN2=0
PN2=0
AO2=0
BO2=0
NA=0
Pump=0
[STEP 13]
ACTION=Stop
TEMP=0
TIME=0
GN2=0
PN2=0
AO2=0
BO2=0
NA=0
Pump=0
[STEP 14]
ACTION=Stop
TEMP=0
TIME=0
GN2=0
PN2=0
AO2=0
BO2=0
NA=0
Pump=0
[STEP 15]
ACTION=Stop
TEMP=0
TIME=0
GN2=0
PN2=0
AO2=0
BO2=0
NA=0
Pump=0
[STEP 16]
ACTION=Stop
TEMP=0
TIME=0
GN2=0
PN2=0
AO2=0
BO2=0
NA=0
Pump=0
[STEP 17]
ACTION=Stop
TEMP=0
TIME=0
GN2=0
PN2=0
AO2=0
BO2=0
NA=0
Pump=0
[STEP 18]
ACTION=Stop
TEMP=0
TIME=0
GN2=0
PN2=0
AO2=0
BO2=0
NA=0
Pump=0
[STEP 19]
ACTION=Stop
TEMP=0
TIME=0
GN2=0
PN2=0
AO2=0
BO2=0
NA=0
Pump=0
[STEP 20]
ACTION=Stop
TEMP=0
TIME=0
GN2=0
PN2=0
AO2=0
BO2=0
NA=0
Pump=0
[STEP 21]
ACTION=Stop
TEMP=0
TIME=0
GN2=0
PN2=0
AO2=0
BO2=0
NA=0
Pump=0
[STEP 22]
ACTION=Stop
TEMP=0
TIME=0
GN2=0
PN2=0
AO2=0
BO2=0
NA=0
Pump=0
[STEP 23]
ACTION=Stop
TEMP=0
TIME=0
GN2=0
PN2=0
AO2=0
BO2=0
NA=0
Pump=0
[STEP 24]
ACTION=Stop
TEMP=0
TIME=0
GN2=0
PN2=0
AO2=0
BO2=0
NA=0
Pump=0
[STEP 25]
ACTION=Stop
TEMP=0
TIME=0
GN2=0
PN2=0
AO2=0
BO2=0
NA=0
Pump=0
[STEP 26]
ACTION=Stop
TEMP=0
TIME=0
GN2=0
PN2=0
AO2=0
BO2=0
NA=0
Pump=0
[STEP 27]
ACTION=Stop
TEMP=0
TIME=0
GN2=0
PN2=0
AO2=0
BO2=0
NA=0
Pump=0
[STEP 28]
ACTION=Stop
TEMP=0
TIME=0
GN2=0
PN2=0
AO2=0
BO2=0
NA=0
Pump=0
[STEP 29]
ACTION=Stop
TEMP=0
TIME=0
GN2=0
PN2=0
AO2=0
BO2=0
NA=0
Pump=0
[STEP 30]
ACTION=Stop
TEMP=0
TIME=0
GN2=0
PN2=0
AO2=0
BO2=0
NA=0
Pump=0
[STEP 31]
ACTION=Stop
TEMP=0
TIME=0
GN2=0
PN2=0
AO2=0
BO2=0
NA=0
Pump=0
[STEP 32]
ACTION=Stop
TEMP=0
TIME=0
GN2=0
PN2=0
AO2=0
BO2=0
NA=0
Pump=0
[STEP 33]
ACTION=Stop
TEMP=0
TIME=0
GN2=0
PN2=0
AO2=0
BO2=0
NA=0
Pump=0
[STEP 34]
ACTION=Stop
TEMP=0
TIME=0
GN2=0
PN2=0
AO2=0
BO2=0
NA=0
Pump=0
[STEP 35]
ACTION=Stop
TEMP=0
TIME=0
GN2=0
PN2=0
AO2=0
BO2=0
NA=0
Pump=0
[STEP 36]
ACTION=Stop
TEMP=0
TIME=0
GN2=0
PN2=0
AO2=0
BO2=0
NA=0
Pump=0
[STEP 37]
ACTION=Stop
TEMP=0
TIME=0
GN2=0
PN2=0
AO2=0
BO2=0
NA=0
Pump=0
[STEP 38]
ACTION=Stop
TEMP=0
TIME=0
GN2=0
PN2=0
AO2=0
BO2=0
NA=0
Pump=0
[STEP 39]
ACTION=Stop
TEMP=0
TIME=0
GN2=0
PN2=0
AO2=0
BO2=0
NA=0
Pump=0
[STEP 40]
ACTION=Stop
TEMP=0
TIME=0
GN2=0
PN2=0
AO2=0
BO2=0
NA=0
Pump=0
[STEP 41]
ACTION=Stop
TEMP=0
TIME=0
GN2=0
PN2=0
AO2=0
BO2=0
NA=0
Pump=0
[STEP 42]
ACTION=Stop
TEMP=0
TIME=0
GN2=0
PN2=0
AO2=0
BO2=0
NA=0
Pump=0
[STEP 43]
ACTION=Stop
TEMP=0
TIME=0
GN2=0
PN2=0
AO2=0
BO2=0
NA=0
Pump=0
[STEP 44]
ACTION=Stop
TEMP=0
TIME=0
GN2=0
PN2=0
AO2=0
BO2=0
NA=0
Pump=0
[STEP 45]
ACTION=Stop
TEMP=0
TIME=0
GN2=0
PN2=0
AO2=0
BO2=0
NA=0
Pump=0
[STEP 46]
ACTION=Stop
TEMP=0
TIME=0
GN2=0
PN2=0
AO2=0
BO2=0
NA=0
Pump=0
[STEP 47]
ACTION=Stop
TEMP=0
TIME=0
GN2=0
PN2=0
AO2=0
BO2=0
NA=0
Pump=0
[STEP 48]
ACTION=Stop
TEMP=0
TIME=0
GN2=0
PN2=0
AO2=0
BO2=0
NA=0
Pump=0
[STEP 49]
ACTION=Stop
TEMP=0
TIME=0
GN2=0
PN2=0
AO2=0
BO2=0
NA=0
Pump=0
[STEP 50]
ACTION=Stop
TEMP=0
TIME=0
GN2=0
PN2=0
AO2=0
BO2=0
NA=0
Pump=0
[COFFICIENT]
IntensityWeightD1=0
IntensityWeightD2=0
IntensityWeightD3=0
IntensityWeightD4=0.2
IntensityWeightD5=0
IntensityWeightS1=0
IntensityWeightS2=0
IntensityWeightS3=0
IntensityWeightS4=0
IntensityWeightS5=0
[CONTROL_LOOP]
Proportional=0.04
Proportional2=0.04
Integrnal=0.001
Integral2=0.00065
Derivational=0
Factor1=0
Factor2=0
InputDevice=1
Overshoot=200
[PROCESS_RECORD]
No=Time,Intensity,TC1,NA,Gas1,Gas2,Gas3,Gas4,Gas5,Pressure,Gas6,TC2,TC3,TC4,TC5,TC6,Power1,Power2,Power3,Power4,Power5,O2-Gauge,TC7,O2,MTC8,MTC9,MTC10,MTC11,MTC12,MTC13,MTC14,MTC15,MTC16,MTC17,MTC18,MTC19,MTC20,MTC21,MTC22,MTC23
0=1358,0,197.4,0,0,0,0,0,0,763.828,0,198.3,199.9,199.7,195.4,0.1,0.15,0,0,0,1.92,0,7.1,0,0,0,0,0,0,0,0,0,0,0,0,0,0,0,0,0,0,0,0,0,0,0,0,0,0,0,0,0
1=2349,0,197.8,0,0,0,0,0,0,763.828,0,198.8,200.3,200.2,196,0.1,0.11,0,0,0,1.91,0,7,0,0,0,0,0,0,0,0,0,0,0,0,0,0,0,0,0,0,0,0,0,0,0,0,0,0,0,0,0
2=5308,0,198.7,0,0,0,0,0,0,763.828,0,200,201.4,201.5,197.3,0.1,0.01,0,0,0,1.83,0,7.1,0,0,0,0,0,0,0,0,0,0,0,0,0,0,0,0,0,0,0,0,0,0,0,0,0,0,0,0,0
3=6389,0,199,0,0,0,0,0,0,763.828,0,200.3,201.6,201.9,197.8,0.1,0,0,0,0,1.8,0,7,0,0,0,0,0,0,0,0,0,0,0,0,0,0,0,0,0,0,0,0,0,0,0,0,0,0,0,0,0
4=7311,0,199.1,0,0,0,0,0,0,763.828,0,200.5,201.8,202.1,198.1,0.1,0,0,0,0,1.78,0,7,0,0,0,0,0,0,0,0,0,0,0,0,0,0,0,0,0,0,0,0,0,0,0,0,0,0,0,0,0
5=9549,0,199.4,0,0,0,0,0,0,763.828,0,201,202.2,202.6,198.7,0.1,0,0,0,0,1.76,0,7,0,0,0,0,0,0,0,0,0,0,0,0,0,0,0,0,0,0,0,0,0,0,0,0,0,0,0,0,0
6=10549,0,199.5,0,0,0,0,0,0,763.828,0,201.2,202.3,202.8,198.8,0.1,0,0,0,0,1.76,0,7.1,0,0,0,0,0,0,0,0,0,0,0,0,0,0,0,0,0,0,0,0,0,0,0,0,0,0,0,0,0
7=13283,0,199.6,0,0,0,0,0,0,763.828,0,201.5,202.5,203.1,199.1,0.1,0,0,0,0,1.74,0,7,0,0,0,0,0,0,0,0,0,0,0,0,0,0,0,0,0,0,0,0,0,0,0,0,0,0,0,0,0
8=14283,0,199.7,0,0,0,0,0,0,763.828,0,201.6,202.5,203.3,199.1,0.1,0,0,0,0,1.76,0,7,0,0,0,0,0,0,0,0,0,0,0,0,0,0,0,0,0,0,0,0,0,0,0,0,0,0,0,0,0
9=15283,0,199.7,0,0,0,0,0,0,763.828,0,201.7,202.6,203.4,199.2,0.1,0,0,0,0,1.74,0,7,0,0,0,0,0,0,0,0,0,0,0,0,0,0,0,0,0,0,0,0,0,0,0,0,0,0,0,0,0
10=15283,0,199.7,0,0,0,0,0,0,763.828,0,201.7,202.6,203.4,199.2,0.1,0,0,0,0,1.74,0,7,0,0,0,0,0,0,0,0,0,0,0,0,0,0,0,0,0,0,0,0,0,0,0,0,0,0,0,0,0
11=17690,0,199.8,0,0,0,0,0,0,763.828,0,201.9,202.7,203.6,199.5,0.1,0,0,0,0,1.71,0,7.1,0,0,0,0,0,0,0,0,0,0,0,0,0,0,0,0,0,0,0,0,0,0,0,0,0,0,0,0,0
12=17690,0,199.8,0,0,0,0,0,0,763.828,0,201.9,202.7,203.6,199.5,0.1,0,0,0,0,1.71,0,7.1,0,0,0,0,0,0,0,0,0,0,0,0,0,0,0,0,0,0,0,0,0,0,0,0,0,0,0,0,0
13=18096,0.01,199.8,0,0,0,0,0,0,763.828,0,201.9,202.7,203.7,199.5,0.1,0.01,0,0,0,1.71,0,7.1,0,0,0,0,0,0,0,0,0,0,0,0,0,0,0,0,0,0,0,0,0,0,0,0,0,0,0,0,0
14=18096,0.01,199.8,0,0,0,0,0,0,763.828,0,201.9,202.7,203.7,199.5,0.1,0.01,0,0,0,1.71,0,7.1,0,0,0,0,0,0,0,0,0,0,0,0,0,0,0,0,0,0,0,0,0,0,0,0,0,0,0,0,0
15=18502,0.01,199.8,0,0,0,0,0,0,763.828,0,201.9,202.7,203.7,199.5,0.1,0.01,0,0,0,1.71,0,7.1,0,0,0,0,0,0,0,0,0,0,0,0,0,0,0,0,0,0,0,0,0,0,0,0,0,0,0,0,0
16=18502,0.01,199.8,0,0,0,0,0,0,763.828,0,201.9,202.7,203.7,199.5,0.1,0.01,0,0,0,1.71,0,7.1,0,0,0,0,0,0,0,0,0,0,0,0,0,0,0,0,0,0,0,0,0,0,0,0,0,0,0,0,0
17=18908,0.01,199.8,0,0,0,0,0,0,763.828,0,201.9,202.7,203.7,199.6,0.1,0.01,0,0,0,1.71,0,7.1,0,0,0,0,0,0,0,0,0,0,0,0,0,0,0,0,0,0,0,0,0,0,0,0,0,0,0,0,0
18=18908,0.01,199.8,0,0,0,0,0,0,763.828,0,201.9,202.7,203.7,199.6,0.1,0.01,0,0,0,1.71,0,7.1,0,0,0,0,0,0,0,0,0,0,0,0,0,0,0,0,0,0,0,0,0,0,0,0,0,0,0,0,0
19=19315,0.01,199.8,0,0,0,0,0,0,763.828,0,202,202.7,203.7,199.6,0.1,0.01,0,0,0,1.71,0,7.1,0,0,0,0,0,0,0,0,0,0,0,0,0,0,0,0,0,0,0,0,0,0,0,0,0,0,0,0,0
20=19315,0.01,199.8,0,0,0,0,0,0,763.828,0,202,202.7,203.7,199.6,0.1,0.01,0,0,0,1.71,0,7.1,0,0,0,0,0,0,0,0,0,0,0,0,0,0,0,0,0,0,0,0,0,0,0,0,0,0,0,0,0
21=19721,0.01,199.8,0,0,0,0,0,0,763.828,0,202,202.7,203.8,199.6,0.1,0.01,0,0,0,1.71,0,7.1,0,0,0,0,0,0,0,0,0,0,0,0,0,0,0,0,0,0,0,0,0,0,0,0,0,0,0,0,0
22=19721,0.01,199.8,0,0,0,0,0,0,763.828,0,202,202.7,203.8,199.6,0.1,0.01,0,0,0,1.71,0,7.1,0,0,0,0,0,0,0,0,0,0,0,0,0,0,0,0,0,0,0,0,0,0,0,0,0,0,0,0,0
23=20127,0,199.8,0,0,0,0,0,0,763.828,0,202,202.7,203.8,199.6,0.1,0,0,0,0,1.7,0,7.1,0,0,0,0,0,0,0,0,0,0,0,0,0,0,0,0,0,0,0,0,0,0,0,0,0,0,0,0,0
24=20127,0,199.8,0,0,0,0,0,0,763.828,0,202,202.7,203.8,199.6,0.1,0,0,0,0,1.7,0,7.1,0,0,0,0,0,0,0,0,0,0,0,0,0,0,0,0,0,0,0,0,0,0,0,0,0,0,0,0,0
25=20533,0,199.8,0,0,0,0,0,0,763.828,0,202,202.7,203.8,199.6,0.1,0,0,0,0,1.7,0,7.1,0,0,0,0,0,0,0,0,0,0,0,0,0,0,0,0,0,0,0,0,0,0,0,0,0,0,0,0,0
26=20533,0,199.8,0,0,0,0,0,0,763.828,0,202,202.7,203.8,199.6,0.1,0,0,0,0,1.7,0,7.1,0,0,0,0,0,0,0,0,0,0,0,0,0,0,0,0,0,0,0,0,0,0,0,0,0,0,0,0,0
27=20940,0.01,199.8,0,0,0,0,0,0,763.828,0,202,202.7,203.9,199.6,0.1,0.01,0,0,0,1.7,0,7,0,0,0,0,0,0,0,0,0,0,0,0,0,0,0,0,0,0,0,0,0,0,0,0,0,0,0,0,0
28=20940,0.01,199.8,0,0,0,0,0,0,763.828,0,202,202.7,203.9,199.6,0.1,0.01,0,0,0,1.7,0,7,0,0,0,0,0,0,0,0,0,0,0,0,0,0,0,0,0,0,0,0,0,0,0,0,0,0,0,0,0
29=21346,0.01,199.8,0,0,0,0,0,0,763.828,0,202,202.7,203.9,199.6,0.1,0.01,0,0,0,1.71,0,7.1,0,0,0,0,0,0,0,0,0,0,0,0,0,0,0,0,0,0,0,0,0,0,0,0,0,0,0,0,0
30=21346,0.01,199.8,0,0,0,0,0,0,763.828,0,202,202.7,203.9,199.6,0.1,0.01,0,0,0,1.71,0,7.1,0,0,0,0,0,0,0,0,0,0,0,0,0,0,0,0,0,0,0,0,0,0,0,0,0,0,0,0,0
31=21752,0.01,199.8,0,0,0,0,0,0,763.828,0,202.1,202.7,203.9,199.6,0.1,0.01,0,0,0,1.71,0,7.1,0,0,0,0,0,0,0,0,0,0,0,0,0,0,0,0,0,0,0,0,0,0,0,0,0,0,0,0,0
32=21752,0.01,199.8,0,0,0,0,0,0,763.828,0,202.1,202.7,203.9,199.6,0.1,0.01,0,0,0,1.71,0,7.1,0,0,0,0,0,0,0,0,0,0,0,0,0,0,0,0,0,0,0,0,0,0,0,0,0,0,0,0,0
33=22158,0.01,199.8,0,0,0,0,0,0,763.828,0,202.1,202.7,203.9,199.6,0.1,0.01,0,0,0,1.71,0,7.1,0,0,0,0,0,0,0,0,0,0,0,0,0,0,0,0,0,0,0,0,0,0,0,0,0,0,0,0,0
34=22158,0.01,199.8,0,0,0,0,0,0,763.828,0,202.1,202.7,203.9,199.6,0.1,0.01,0,0,0,1.71,0,7.1,0,0,0,0,0,0,0,0,0,0,0,0,0,0,0,0,0,0,0,0,0,0,0,0,0,0,0,0,0
35=22580,0.01,199.8,0,0,0,0,0,0,763.828,0,202.1,202.7,204,199.6,0.1,0.01,0,0,0,1.71,0,7.1,0,0,0,0,0,0,0,0,0,0,0,0,0,0,0,0,0,0,0,0,0,0,0,0,0,0,0,0,0
36=22580,0.01,199.8,0,0,0,0,0,0,763.828,0,202.1,202.7,204,199.6,0.1,0.01,0,0,0,1.71,0,7.1,0,0,0,0,0,0,0,0,0,0,0,0,0,0,0,0,0,0,0,0,0,0,0,0,0,0,0,0,0
37=22971,0.01,199.8,0,0,0,0,0,0,763.828,0,202.1,202.7,204,199.6,0.1,0.01,0,0,0,1.71,0,7.1,0,0,0,0,0,0,0,0,0,0,0,0,0,0,0,0,0,0,0,0,0,0,0,0,0,0,0,0,0
38=22971,0.01,199.8,0,0,0,0,0,0,763.828,0,202.1,202.7,204,199.6,0.1,0.01,0,0,0,1.71,0,7.1,0,0,0,0,0,0,0,0,0,0,0,0,0,0,0,0,0,0,0,0,0,0,0,0,0,0,0,0,0
39=23377,0.01,199.8,0,0,0,0,0,0,763.828,0,202.1,202.7,204,199.6,0.1,0.01,0,0,0,1.71,0,7.1,0,0,0,0,0,0,0,0,0,0,0,0,0,0,0,0,0,0,0,0,0,0,0,0,0,0,0,0,0
40=23377,0.01,199.8,0,0,0,0,0,0,763.828,0,202.1,202.7,204,199.6,0.1,0.01,0,0,0,1.71,0,7.1,0,0,0,0,0,0,0,0,0,0,0,0,0,0,0,0,0,0,0,0,0,0,0,0,0,0,0,0,0
41=23783,0.01,199.8,0,0,0,0,0,0,763.828,0,202.1,202.7,204,199.6,0.1,0.01,0,0,0,1.72,0,7.1,0,0,0,0,0,0,0,0,0,0,0,0,0,0,0,0,0,0,0,0,0,0,0,0,0,0,0,0,0
42=23783,0.01,199.8,0,0,0,0,0,0,763.828,0,202.1,202.7,204,199.6,0.1,0.01,0,0,0,1.72,0,7.1,0,0,0,0,0,0,0,0,0,0,0,0,0,0,0,0,0,0,0,0,0,0,0,0,0,0,0,0,0
43=24221,0,199.8,0,0,0,0,0,0,763.828,0,202.1,202.7,204.1,199.6,0.1,0,0,0,0,1.72,0,7.1,0,0,0,0,0,0,0,0,0,0,0,0,0,0,0,0,0,0,0,0,0,0,0,0,0,0,0,0,0
44=24221,0,199.8,0,0,0,0,0,0,763.828,0,202.1,202.7,204.1,199.6,0.1,0,0,0,0,1.72,0,7.1,0,0,0,0,0,0,0,0,0,0,0,0,0,0,0,0,0,0,0,0,0,0,0,0,0,0,0,0,0
45=24596,0,199.8,0,0,0,0,0,0,763.828,0,202.2,202.7,204.1,199.6,0.1,0,0,0,0,1.71,0,7.1,0,0,0,0,0,0,0,0,0,0,0,0,0,0,0,0,0,0,0,0,0,0,0,0,0,0,0,0,0
46=24596,0,199.8,0,0,0,0,0,0,763.828,0,202.2,202.7,204.1,199.6,0.1,0,0,0,0,1.71,0,7.1,0,0,0,0,0,0,0,0,0,0,0,0,0,0,0,0,0,0,0,0,0,0,0,0,0,0,0,0,0
47=25002,0,199.8,0,0,0,0,0,0,763.828,0,202.2,202.7,204.1,199.6,0.1,0,0,0,0,1.71,0,7.1,0,0,0,0,0,0,0,0,0,0,0,0,0,0,0,0,0,0,0,0,0,0,0,0,0,0,0,0,0
48=25002,0,199.8,0,0,0,0,0,0,763.828,0,202.2,202.7,204.1,199.6,0.1,0,0,0,0,1.71,0,7.1,0,0,0,0,0,0,0,0,0,0,0,0,0,0,0,0,0,0,0,0,0,0,0,0,0,0,0,0,0
49=25408,0,199.8,0,0,0,0,0,0,763.828,0,202.2,202.7,204.1,199.6,0.1,0,0,0,0,1.7,0,7.1,0,0,0,0,0,0,0,0,0,0,0,0,0,0,0,0,0,0,0,0,0,0,0,0,0,0,0,0,0
50=25408,0,199.8,0,0,0,0,0,0,763.828,0,202.2,202.7,204.1,199.6,0.1,0,0,0,0,1.7,0,7.1,0,0,0,0,0,0,0,0,0,0,0,0,0,0,0,0,0,0,0,0,0,0,0,0,0,0,0,0,0
51=25830,0,199.8,0,0,0,0,0,0,763.828,0,202.2,202.7,204.2,199.7,0.1,0,0,0,0,1.7,0,7,0,0,0,0,0,0,0,0,0,0,0,0,0,0,0,0,0,0,0,0,0,0,0,0,0,0,0,0,0
52=25830,0,199.8,0,0,0,0,0,0,763.828,0,202.2,202.7,204.2,199.7,0.1,0,0,0,0,1.7,0,7,0,0,0,0,0,0,0,0,0,0,0,0,0,0,0,0,0,0,0,0,0,0,0,0,0,0,0,0,0
53=26217,0,199.8,0,0,0,0,0,0,763.828,0,202.2,202.7,204.2,199.7,0.1,0,0,0,0,1.7,0,7,0,0,0,0,0,0,0,0,0,0,0,0,0,0,0,0,0,0,0,0,0,0,0,0,0,0,0,0,0
54=26217,0,199.8,0,0,0,0,0,0,763.828,0,202.2,202.7,204.2,199.7,0.1,0,0,0,0,1.7,0,7,0,0,0,0,0,0,0,0,0,0,0,0,0,0,0,0,0,0,0,0,0,0,0,0,0,0,0,0,0
55=26623,0.01,199.8,0,0,0,0,0,0,763.828,0,202.2,202.7,204.2,199.7,0.1,0.01,0,0,0,1.69,0,7,0,0,0,0,0,0,0,0,0,0,0,0,0,0,0,0,0,0,0,0,0,0,0,0,0,0,0,0,0
56=26623,0.01,199.8,0,0,0,0,0,0,763.828,0,202.2,202.7,204.2,199.7,0.1,0.01,0,0,0,1.69,0,7,0,0,0,0,0,0,0,0,0,0,0,0,0,0,0,0,0,0,0,0,0,0,0,0,0,0,0,0,0
57=27029,0.01,199.8,0,0,0,0,0,0,763.828,0,202.3,202.7,204.2,199.8,0.1,0.01,0,0,0,1.68,0,7,0,0,0,0,0,0,0,0,0,0,0,0,0,0,0,0,0,0,0,0,0,0,0,0,0,0,0,0,0
58=27029,0.01,199.8,0,0,0,0,0,0,763.828,0,202.3,202.7,204.2,199.8,0.1,0.01,0,0,0,1.68,0,7,0,0,0,0,0,0,0,0,0,0,0,0,0,0,0,0,0,0,0,0,0,0,0,0,0,0,0,0,0
59=27451,0.01,199.8,0,0,0,0,0,0,763.828,0,202.3,202.7,204.2,199.8,0.1,0.01,0,0,0,1.69,0,7,0,0,0,0,0,0,0,0,0,0,0,0,0,0,0,0,0,0,0,0,0,0,0,0,0,0,0,0,0
60=27451,0.01,199.8,0,0,0,0,0,0,763.828,0,202.3,202.7,204.2,199.8,0.1,0.01,0,0,0,1.69,0,7,0,0,0,0,0,0,0,0,0,0,0,0,0,0,0,0,0,0,0,0,0,0,0,0,0,0,0,0,0
61=27842,0.01,199.8,0,0,0,0,0,0,763.828,0,202.3,202.7,204.3,199.8,0.1,0.01,0,0,0,1.7,0,7.1,0,0,0,0,0,0,0,0,0,0,0,0,0,0,0,0,0,0,0,0,0,0,0,0,0,0,0,0,0
62=27842,0.01,199.8,0,0,0,0,0,0,763.828,0,202.3,202.7,204.3,199.8,0.1,0.01,0,0,0,1.7,0,7.1,0,0,0,0,0,0,0,0,0,0,0,0,0,0,0,0,0,0,0,0,0,0,0,0,0,0,0,0,0
63=28248,0.01,199.8,0,0,0,0,0,0,763.828,0,202.3,202.7,204.3,199.8,0.1,0.01,0,0,0,1.7,0,7.1,0,0,0,0,0,0,0,0,0,0,0,0,0,0,0,0,0,0,0,0,0,0,0,0,0,0,0,0,0
64=28248,0.01,199.8,0,0,0,0,0,0,763.828,0,202.3,202.7,204.3,199.8,0.1,0.01,0,0,0,1.7,0,7.1,0,0,0,0,0,0,0,0,0,0,0,0,0,0,0,0,0,0,0,0,0,0,0,0,0,0,0,0,0
65=28654,0.01,199.8,0,0,0,0,0,0,763.828,0,202.3,202.7,204.3,199.8,0.1,0.01,0,0,0,1.7,0,7.1,0,0,0,0,0,0,0,0,0,0,0,0,0,0,0,0,0,0,0,0,0,0,0,0,0,0,0,0,0
66=28654,0.01,199.8,0,0,0,0,0,0,763.828,0,202.3,202.7,204.3,199.8,0.1,0.01,0,0,0,1.7,0,7.1,0,0,0,0,0,0,0,0,0,0,0,0,0,0,0,0,0,0,0,0,0,0,0,0,0,0,0,0,0
67=29076,0.01,199.8,0,0,0,0,0,0,763.828,0,202.3,202.7,204.3,199.8,0.1,0.01,0,0,0,1.7,0,7.1,0,0,0,0,0,0,0,0,0,0,0,0,0,0,0,0,0,0,0,0,0,0,0,0,0,0,0,0,0
68=29076,0.01,199.8,0,0,0,0,0,0,763.828,0,202.3,202.7,204.3,199.8,0.1,0.01,0,0,0,1.7,0,7.1,0,0,0,0,0,0,0,0,0,0,0,0,0,0,0,0,0,0,0,0,0,0,0,0,0,0,0,0,0
69=29467,0,199.8,0,0,0,0,0,0,763.828,0,202.3,202.8,204.3,199.8,0.1,0,0,0,0,1.7,0,7.1,0,0,0,0,0,0,0,0,0,0,0,0,0,0,0,0,0,0,0,0,0,0,0,0,0,0,0,0,0
70=29467,0,199.8,0,0,0,0,0,0,763.828,0,202.3,202.8,204.3,199.8,0.1,0,0,0,0,1.7,0,7.1,0,0,0,0,0,0,0,0,0,0,0,0,0,0,0,0,0,0,0,0,0,0,0,0,0,0,0,0,0
71=29873,0,199.8,0,0,0,0,0,0,763.828,0,202.4,202.8,204.3,199.8,0.1,0,0,0,0,1.7,0,7.1,0,0,0,0,0,0,0,0,0,0,0,0,0,0,0,0,0,0,0,0,0,0,0,0,0,0,0,0,0
72=29873,0,199.8,0,0,0,0,0,0,763.828,0,202.4,202.8,204.3,199.8,0.1,0,0,0,0,1.7,0,7.1,0,0,0,0,0,0,0,0,0,0,0,0,0,0,0,0,0,0,0,0,0,0,0,0,0,0,0,0,0
73=30279,0,199.8,0,0,0,0,0,0,763.828,0,202.4,202.8,204.4,199.8,0.1,0,0,0,0,1.7,0,7.1,0,0,0,0,0,0,0,0,0,0,0,0,0,0,0,0,0,0,0,0,0,0,0,0,0,0,0,0,0
74=30279,0,199.8,0,0,0,0,0,0,763.828,0,202.4,202.8,204.4,199.8,0.1,0,0,0,0,1.7,0,7.1,0,0,0,0,0,0,0,0,0,0,0,0,0,0,0,0,0,0,0,0,0,0,0,0,0,0,0,0,0
75=30701,0,199.8,0,0,0,0,0,0,763.828,0,202.4,202.8,204.4,199.8,0.1,0,0,0,0,1.69,0,7,0,0,0,0,0,0,0,0,0,0,0,0,0,0,0,0,0,0,0,0,0,0,0,0,0,0,0,0,0
76=30701,0,199.8,0,0,0,0,0,0,763.828,0,202.4,202.8,204.4,199.8,0.1,0,0,0,0,1.69,0,7,0,0,0,0,0,0,0,0,0,0,0,0,0,0,0,0,0,0,0,0,0,0,0,0,0,0,0,0,0
77=31092,0,199.9,0,0,0,0,0,0,763.828,0,202.4,202.8,204.4,199.8,0.1,0,0,0,0,1.69,0,7,0,0,0,0,0,0,0,0,0,0,0,0,0,0,0,0,0,0,0,0,0,0,0,0,0,0,0,0,0
78=31092,0,199.9,0,0,0,0,0,0,763.828,0,202.4,202.8,204.4,199.8,0.1,0,0,0,0,1.69,0,7,0,0,0,0,0,0,0,0,0,0,0,0,0,0,0,0,0,0,0,0,0,0,0,0,0,0,0,0,0
79=31498,0,199.9,0,0,0,0,0,0,763.828,0,202.4,202.8,204.4,199.8,0.1,0,0,0,0,1.68,0,7,0,0,0,0,0,0,0,0,0,0,0,0,0,0,0,0,0,0,0,0,0,0,0,0,0,0,0,0,0
80=31498,0,199.9,0,0,0,0,0,0,763.828,0,202.4,202.8,204.4,199.8,0.1,0,0,0,0,1.68,0,7,0,0,0,0,0,0,0,0,0,0,0,0,0,0,0,0,0,0,0,0,0,0,0,0,0,0,0,0,0
81=31904,0,199.9,0,0,0,0,0,0,763.828,0,202.4,202.8,204.5,199.9,0.1,0,0,0,0,1.68,0,7,0,0,0,0,0,0,0,0,0,0,0,0,0,0,0,0,0,0,0,0,0,0,0,0,0,0,0,0,0
82=31904,0,199.9,0,0,0,0,0,0,763.828,0,202.4,202.8,204.5,199.9,0.1,0,0,0,0,1.68,0,7,0,0,0,0,0,0,0,0,0,0,0,0,0,0,0,0,0,0,0,0,0,0,0,0,0,0,0,0,0
83=32330,0,199.9,0,0,0,0,0,0,763.828,0,202.5,202.8,204.5,199.9,0.1,0,0,0,0,1.68,0,7,0,0,0,0,0,0,0,0,0,0,0,0,0,0,0,0,0,0,0,0,0,0,0,0,0,0,0,0,0
84=32330,0,199.9,0,0,0,0,0,0,763.828,0,202.5,202.8,204.5,199.9,0.1,0,0,0,0,1.68,0,7,0,0,0,0,0,0,0,0,0,0,0,0,0,0,0,0,0,0,0,0,0,0,0,0,0,0,0,0,0
85=32721,0,199.9,0,0,0,0,0,0,763.828,0,202.5,202.8,204.5,199.9,0.1,0,0,0,0,1.67,0,7,0,0,0,0,0,0,0,0,0,0,0,0,0,0,0,0,0,0,0,0,0,0,0,0,0,0,0,0,0
86=32721,0,199.9,0,0,0,0,0,0,763.828,0,202.5,202.8,204.5,199.9,0.1,0,0,0,0,1.67,0,7,0,0,0,0,0,0,0,0,0,0,0,0,0,0,0,0,0,0,0,0,0,0,0,0,0,0,0,0,0
87=33127,0,199.9,0,0,0,0,0,0,763.828,0,202.5,202.8,204.5,200,0.1,0,0,0,0,1.67,0,7,0,0,0,0,0,0,0,0,0,0,0,0,0,0,0,0,0,0,0,0,0,0,0,0,0,0,0,0,0
88=33127,0,199.9,0,0,0,0,0,0,763.828,0,202.5,202.8,204.5,200,0.1,0,0,0,0,1.67,0,7,0,0,0,0,0,0,0,0,0,0,0,0,0,0,0,0,0,0,0,0,0,0,0,0,0,0,0,0,0
89=33533,0,199.9,0,0,0,0,0,0,763.828,0,202.5,202.9,204.6,200,0.1,0,0,0,0,1.67,0,7,0,0,0,0,0,0,0,0,0,0,0,0,0,0,0,0,0,0,0,0,0,0,0,0,0,0,0,0,0
90=33533,0,199.9,0,0,0,0,0,0,763.828,0,202.5,202.9,204.6,200,0.1,0,0,0,0,1.67,0,7,0,0,0,0,0,0,0,0,0,0,0,0,0,0,0,0,0,0,0,0,0,0,0,0,0,0,0,0,0
91=33955,0,199.9,0,0,0,0,0,0,763.828,0,202.5,202.9,204.6,200,0.1,0,0,0,0,1.67,0,7.1,0,0,0,0,0,0,0,0,0,0,0,0,0,0,0,0,0,0,0,0,0,0,0,0,0,0,0,0,0
92=33955,0,199.9,0,0,0,0,0,0,763.828,0,202.5,202.9,204.6,200,0.1,0,0,0,0,1.67,0,7.1,0,0,0,0,0,0,0,0,0,0,0,0,0,0,0,0,0,0,0,0,0,0,0,0,0,0,0,0,0
93=34346,0,199.9,0,0,0,0,0,0,763.828,0,202.5,202.9,204.6,200,0.1,0,0,0,0,1.67,0,7.1,0,0,0,0,0,0,0,0,0,0,0,0,0,0,0,0,0,0,0,0,0,0,0,0,0,0,0,0,0
94=34346,0,199.9,0,0,0,0,0,0,763.828,0,202.5,202.9,204.6,200,0.1,0,0,0,0,1.67,0,7.1,0,0,0,0,0,0,0,0,0,0,0,0,0,0,0,0,0,0,0,0,0,0,0,0,0,0,0,0,0
95=34752,0,199.9,0,0,0,0,0,0,763.828,0,202.5,202.9,204.6,200,0.1,0,0,0,0,1.67,0,7,0,0,0,0,0,0,0,0,0,0,0,0,0,0,0,0,0,0,0,0,0,0,0,0,0,0,0,0,0
96=34752,0,199.9,0,0,0,0,0,0,763.828,0,202.5,202.9,204.6,200,0.1,0,0,0,0,1.67,0,7,0,0,0,0,0,0,0,0,0,0,0,0,0,0,0,0,0,0,0,0,0,0,0,0,0,0,0,0,0
97=35158,0,199.9,0,0,0,0,0,0,763.828,0,202.5,202.9,204.6,200,0.1,0,0,0,0,1.68,0,7,0,0,0,0,0,0,0,0,0,0,0,0,0,0,0,0,0,0,0,0,0,0,0,0,0,0,0,0,0
98=35158,0,199.9,0,0,0,0,0,0,763.828,0,202.5,202.9,204.6,200,0.1,0,0,0,0,1.68,0,7,0,0,0,0,0,0,0,0,0,0,0,0,0,0,0,0,0,0,0,0,0,0,0,0,0,0,0,0,0
99=35580,0,199.9,0,0,0,0,0,0,763.828,0,202.5,202.9,204.6,200,0.1,0,0,0,0,1.68,0,7,0,0,0,0,0,0,0,0,0,0,0,0,0,0,0,0,0,0,0,0,0,0,0,0,0,0,0,0,0
100=35580,0,199.9,0,0,0,0,0,0,763.828,0,202.5,202.9,204.6,200,0.1,0,0,0,0,1.68,0,7,0,0,0,0,0,0,0,0,0,0,0,0,0,0,0,0,0,0,0,0,0,0,0,0,0,0,0,0,0
101=35971,0,199.9,0,0,0,0,0,0,763.828,0,202.5,202.9,204.7,199.9,0.1,0,0,0,0,1.69,0,7,0,0,0,0,0,0,0,0,0,0,0,0,0,0,0,0,0,0,0,0,0,0,0,0,0,0,0,0,0
102=35971,0,199.9,0,0,0,0,0,0,763.828,0,202.5,202.9,204.7,199.9,0.1,0,0,0,0,1.69,0,7,0,0,0,0,0,0,0,0,0,0,0,0,0,0,0,0,0,0,0,0,0,0,0,0,0,0,0,0,0
103=36377,0,200,0,0,0,0,0,0,763.828,0,202.5,202.9,204.7,199.9,0.1,0,0,0,0,1.7,0,7,0,0,0,0,0,0,0,0,0,0,0,0,0,0,0,0,0,0,0,0,0,0,0,0,0,0,0,0,0
104=36377,0,200,0,0,0,0,0,0,763.828,0,202.5,202.9,204.7,199.9,0.1,0,0,0,0,1.7,0,7,0,0,0,0,0,0,0,0,0,0,0,0,0,0,0,0,0,0,0,0,0,0,0,0,0,0,0,0,0
105=36783,0,200,0,0,0,0,0,0,763.828,0,202.5,202.9,204.7,199.9,0.1,0,0,0,0,1.7,0,7,0,0,0,0,0,0,0,0,0,0,0,0,0,0,0,0,0,0,0,0,0,0,0,0,0,0,0,0,0
106=36783,0,200,0,0,0,0,0,0,763.828,0,202.5,202.9,204.7,199.9,0.1,0,0,0,0,1.7,0,7,0,0,0,0,0,0,0,0,0,0,0,0,0,0,0,0,0,0,0,0,0,0,0,0,0,0,0,0,0
107=37205,0,200,0,0,0,0,0,0,763.828,0,202.5,202.9,204.7,199.8,0.1,0,0,0,0,1.7,0,7,0,0,0,0,0,0,0,0,0,0,0,0,0,0,0,0,0,0,0,0,0,0,0,0,0,0,0,0,0
108=37205,0,200,0,0,0,0,0,0,763.828,0,202.5,202.9,204.7,199.8,0.1,0,0,0,0,1.7,0,7,0,0,0,0,0,0,0,0,0,0,0,0,0,0,0,0,0,0,0,0,0,0,0,0,0,0,0,0,0
109=37596,0,200,0,0,0,0,0,0,763.828,0,202.5,202.9,204.7,199.8,0.1,0,0,0,0,1.7,0,7,0,0,0,0,0,0,0,0,0,0,0,0,0,0,0,0,0,0,0,0,0,0,0,0,0,0,0,0,0
110=37596,0,200,0,0,0,0,0,0,763.828,0,202.5,202.9,204.7,199.8,0.1,0,0,0,0,1.7,0,7,0,0,0,0,0,0,0,0,0,0,0,0,0,0,0,0,0,0,0,0,0,0,0,0,0,0,0,0,0
111=38002,0,200,0,0,0,0,0,0,763.828,0,202.5,202.9,204.8,199.8,0.1,0,0,0,0,1.69,0,7,0,0,0,0,0,0,0,0,0,0,0,0,0,0,0,0,0,0,0,0,0,0,0,0,0,0,0,0,0
112=38002,0,200,0,0,0,0,0,0,763.828,0,202.5,202.9,204.8,199.8,0.1,0,0,0,0,1.69,0,7,0,0,0,0,0,0,0,0,0,0,0,0,0,0,0,0,0,0,0,0,0,0,0,0,0,0,0,0,0
113=38408,0,200,0,0,0,0,0,0,763.828,0,202.5,202.9,204.8,199.9,0.1,0,0,0,0,1.67,0,7,0,0,0,0,0,0,0,0,0,0,0,0,0,0,0,0,0,0,0,0,0,0,0,0,0,0,0,0,0
114=38408,0,200,0,0,0,0,0,0,763.828,0,202.5,202.9,204.8,199.9,0.1,0,0,0,0,1.67,0,7,0,0,0,0,0,0,0,0,0,0,0,0,0,0,0,0,0,0,0,0,0,0,0,0,0,0,0,0,0
115=38830,0,200,0,0,0,0,0,0,763.828,0,202.6,202.9,204.8,199.9,0.1,0,0,0,0,1.67,0,7,0,0,0,0,0,0,0,0,0,0,0,0,0,0,0,0,0,0,0,0,0,0,0,0,0,0,0,0,0
116=38830,0,200,0,0,0,0,0,0,763.828,0,202.6,202.9,204.8,199.9,0.1,0,0,0,0,1.67,0,7,0,0,0,0,0,0,0,0,0,0,0,0,0,0,0,0,0,0,0,0,0,0,0,0,0,0,0,0,0
117=39221,0,200,0,0,0,0,0,0,763.828,0,202.6,202.9,204.8,199.9,0.1,0,0,0,0,1.68,0,7,0,0,0,0,0,0,0,0,0,0,0,0,0,0,0,0,0,0,0,0,0,0,0,0,0,0,0,0,0
118=39221,0,200,0,0,0,0,0,0,763.828,0,202.6,202.9,204.8,199.9,0.1,0,0,0,0,1.68,0,7,0,0,0,0,0,0,0,0,0,0,0,0,0,0,0,0,0,0,0,0,0,0,0,0,0,0,0,0,0
119=39627,0,200.1,0,0,0,0,0,0,763.828,0,202.6,202.9,204.8,199.9,0.1,0,0,0,0,1.67,0,7.1,0,0,0,0,0,0,0,0,0,0,0,0,0,0,0,0,0,0,0,0,0,0,0,0,0,0,0,0,0
120=39627,0,200.1,0,0,0,0,0,0,763.828,0,202.6,202.9,204.8,199.9,0.1,0,0,0,0,1.67,0,7.1,0,0,0,0,0,0,0,0,0,0,0,0,0,0,0,0,0,0,0,0,0,0,0,0,0,0,0,0,0
121=40033,0,200.1,0,0,0,0,0,0,763.828,0,202.6,202.9,204.9,200,0.1,0,0,0,0,1.67,0,7.1,0,0,0,0,0,0,0,0,0,0,0,0,0,0,0,0,0,0,0,0,0,0,0,0,0,0,0,0,0
122=40033,0,200.1,0,0,0,0,0,0,763.828,0,202.6,202.9,204.9,200,0.1,0,0,0,0,1.67,0,7.1,0,0,0,0,0,0,0,0,0,0,0,0,0,0,0,0,0,0,0,0,0,0,0,0,0,0,0,0,0
123=40445,0,200.1,0,0,0,0,0,0,763.828,0,202.6,202.9,204.9,200,0.1,0,0,0,0,1.67,0,7.1,0,0,0,0,0,0,0,0,0,0,0,0,0,0,0,0,0,0,0,0,0,0,0,0,0,0,0,0,0
124=40445,0,200.1,0,0,0,0,0,0,763.828,0,202.6,202.9,204.9,200,0.1,0,0,0,0,1.67,0,7.1,0,0,0,0,0,0,0,0,0,0,0,0,0,0,0,0,0,0,0,0,0,0,0,0,0,0,0,0,0
125=40835,0,200.1,0,0,0,0,0,0,763.828,0,202.6,202.9,204.9,200,0.1,0,0,0,0,1.68,0,7.1,0,0,0,0,0,0,0,0,0,0,0,0,0,0,0,0,0,0,0,0,0,0,0,0,0,0,0,0,0
126=40835,0,200.1,0,0,0,0,0,0,763.828,0,202.6,202.9,204.9,200,0.1,0,0,0,0,1.68,0,7.1,0,0,0,0,0,0,0,0,0,0,0,0,0,0,0,0,0,0,0,0,0,0,0,0,0,0,0,0,0
127=41241,0,200.1,0,0,0,0,0,0,763.828,0,202.7,202.9,204.9,200,0.1,0,0,0,0,1.67,0,7.1,0,0,0,0,0,0,0,0,0,0,0,0,0,0,0,0,0,0,0,0,0,0,0,0,0,0,0,0,0
128=41241,0,200.1,0,0,0,0,0,0,763.828,0,202.7,202.9,204.9,200,0.1,0,0,0,0,1.67,0,7.1,0,0,0,0,0,0,0,0,0,0,0,0,0,0,0,0,0,0,0,0,0,0,0,0,0,0,0,0,0
129=41648,0,200.1,0,0,0,0,0,0,763.828,0,202.7,203,204.9,200,0.1,0,0,0,0,1.66,0,7.1,0,0,0,0,0,0,0,0,0,0,0,0,0,0,0,0,0,0,0,0,0,0,0,0,0,0,0,0,0
130=41648,0,200.1,0,0,0,0,0,0,763.828,0,202.7,203,204.9,200,0.1,0,0,0,0,1.66,0,7.1,0,0,0,0,0,0,0,0,0,0,0,0,0,0,0,0,0,0,0,0,0,0,0,0,0,0,0,0,0
131=42054,0,200.1,0,0,0,0,0,0,763.828,0,202.7,203,204.9,200,0.1,0,0,0,0,1.66,0,7.1,0,0,0,0,0,0,0,0,0,0,0,0,0,0,0,0,0,0,0,0,0,0,0,0,0,0,0,0,0
132=42054,0,200.1,0,0,0,0,0,0,763.828,0,202.7,203,204.9,200,0.1,0,0,0,0,1.66,0,7.1,0,0,0,0,0,0,0,0,0,0,0,0,0,0,0,0,0,0,0,0,0,0,0,0,0,0,0,0,0
133=42460,0,200.1,0,0,0,0,0,0,763.828,0,202.7,203,205,200.1,0.1,0,0,0,0,1.66,0,7.1,0,0,0,0,0,0,0,0,0,0,0,0,0,0,0,0,0,0,0,0,0,0,0,0,0,0,0,0,0
134=42460,0,200.1,0,0,0,0,0,0,763.828,0,202.7,203,205,200.1,0.1,0,0,0,0,1.66,0,7.1,0,0,0,0,0,0,0,0,0,0,0,0,0,0,0,0,0,0,0,0,0,0,0,0,0,0,0,0,0
135=42910,0,200.1,0,0,0,0,0,0,763.828,0,202.7,203,205,200.1,0.1,0,0,0,0,1.65,0,7.1,0,0,0,0,0,0,0,0,0,0,0,0,0,0,0,0,0,0,0,0,0,0,0,0,0,0,0,0,0
136=42910,0,200.1,0,0,0,0,0,0,763.828,0,202.7,203,205,200.1,0.1,0,0,0,0,1.65,0,7.1,0,0,0,0,0,0,0,0,0,0,0,0,0,0,0,0,0,0,0,0,0,0,0,0,0,0,0,0,0
137=43276,0,200.2,0,0,0,0,0,0,763.828,0,202.7,203,205,200.1,0.1,0,0,0,0,1.66,0,7.1,0,0,0,0,0,0,0,0,0,0,0,0,0,0,0,0,0,0,0,0,0,0,0,0,0,0,0,0,0
138=43276,0,200.2,0,0,0,0,0,0,763.828,0,202.7,203,205,200.1,0.1,0,0,0,0,1.66,0,7.1,0,0,0,0,0,0,0,0,0,0,0,0,0,0,0,0,0,0,0,0,0,0,0,0,0,0,0,0,0
139=43678,0,200.2,0,0,0,0,0,0,763.828,0,202.7,203,205,200.1,0.1,0,0,0,0,1.66,0,7.1,0,0,0,0,0,0,0,0,0,0,0,0,0,0,0,0,0,0,0,0,0,0,0,0,0,0,0,0,0
140=43678,0,200.2,0,0,0,0,0,0,763.828,0,202.7,203,205,200.1,0.1,0,0,0,0,1.66,0,7.1,0,0,0,0,0,0,0,0,0,0,0,0,0,0,0,0,0,0,0,0,0,0,0,0,0,0,0,0,0
141=44085,0,200.2,0,0,0,0,0,0,763.828,0,202.7,203,205,200.1,0.1,0,0,0,0,1.66,0,7.1,0,0,0,0,0,0,0,0,0,0,0,0,0,0,0,0,0,0,0,0,0,0,0,0,0,0,0,0,0
142=44085,0,200.2,0,0,0,0,0,0,763.828,0,202.7,203,205,200.1,0.1,0,0,0,0,1.66,0,7.1,0,0,0,0,0,0,0,0,0,0,0,0,0,0,0,0,0,0,0,0,0,0,0,0,0,0,0,0,0
143=44489,0,200.2,0,0,0,0,0,0,763.828,0,202.7,203,205,200.1,0.1,0,0,0,0,1.65,0,7.1,0,0,0,0,0,0,0,0,0,0,0,0,0,0,0,0,0,0,0,0,0,0,0,0,0,0,0,0,0
144=44489,0,200.2,0,0,0,0,0,0,763.828,0,202.7,203,205,200.1,0.1,0,0,0,0,1.65,0,7.1,0,0,0,0,0,0,0,0,0,0,0,0,0,0,0,0,0,0,0,0,0,0,0,0,0,0,0,0,0
145=44901,0,200.2,0,0,0,0,0,0,763.828,0,202.7,203.1,205,200.1,0.1,0,0,0,0,1.65,0,7,0,0,0,0,0,0,0,0,0,0,0,0,0,0,0,0,0,0,0,0,0,0,0,0,0,0,0,0,0
146=44901,0,200.2,0,0,0,0,0,0,763.828,0,202.7,203.1,205,200.1,0.1,0,0,0,0,1.65,0,7,0,0,0,0,0,0,0,0,0,0,0,0,0,0,0,0,0,0,0,0,0,0,0,0,0,0,0,0,0
147=45305,0,200.2,0,0,0,0,0,0,763.828,0,202.7,203.1,205,200.1,0.1,0,0,0,0,1.65,0,7,0,0,0,0,0,0,0,0,0,0,0,0,0,0,0,0,0,0,0,0,0,0,0,0,0,0,0,0,0
148=45305,0,200.2,0,0,0,0,0,0,763.828,0,202.7,203.1,205,200.1,0.1,0,0,0,0,1.65,0,7,0,0,0,0,0,0,0,0,0,0,0,0,0,0,0,0,0,0,0,0,0,0,0,0,0,0,0,0,0
149=45726,0,200.2,0,0,0,0,0,0,763.828,0,202.7,203.1,205,200.1,0.1,0,0,0,0,1.65,0,7.1,0,0,0,0,0,0,0,0,0,0,0,0,0,0,0,0,0,0,0,0,0,0,0,0,0,0,0,0,0
150=45726,0,200.2,0,0,0,0,0,0,763.828,0,202.7,203.1,205,200.1,0.1,0,0,0,0,1.65,0,7.1,0,0,0,0,0,0,0,0,0,0,0,0,0,0,0,0,0,0,0,0,0,0,0,0,0,0,0,0,0
151=46154,0,200.2,0,0,0,0,0,0,763.828,0,202.7,203.1,205,200.1,0.1,0,0,0,0,1.65,0,7,0,0,0,0,0,0,0,0,0,0,0,0,0,0,0,0,0,0,0,0,0,0,0,0,0,0,0,0,0
